22-02-2016 02:11:22	Main		TRACE	Logger initialized.
22-02-2016 02:11:22	PropertyReader		TRACE	Opening file: settings/settings.txt
22-02-2016 02:11:22	PropertyReader		INFO	File opened: settings/settings.txt
22-02-2016 02:11:22	PropertyReader		INFO	Loading properties file...
22-02-2016 02:11:22	PropertyReader		INFO	Mapped TRACE to LOGGING_LEVEL
22-02-2016 02:11:22	PropertyReader		INFO	Mapped 100 to CAM_BUFFER_SIZE
22-02-2016 02:11:22	PropertyReader		INFO	Mapped 15 to CAM_POLL_FREQUENCY
22-02-2016 02:11:22	PropertyReader		INFO	Mapped 0 to CAM_INDEX
22-02-2016 02:11:22	PropertyReader		DEBUG	Loaded 4 properties successfully
22-02-2016 02:11:22	Controller		INFO	Constructor controller
22-02-2016 02:11:22	Transmitter		INFO	socket retrieve success
22-02-2016 02:11:22	Transmitter		INFO	binding done
22-02-2016 02:11:22	Transmitter		INFO	done listening
22-02-2016 02:11:24	Transmitter		INFO	accepting
22-02-2016 02:11:24	Main		TRACE	intializing controller
22-02-2016 02:11:24	Controller		INFO	Initializing Controller
22-02-2016 02:11:24	Main		TRACE	initializing dataprocessor
22-02-2016 02:11:24	CameraInterface		INFO	Initializing camera
22-02-2016 02:11:24	CameraInterface		INFO	Opening video capture stream at position 0
22-02-2016 02:11:24	Receiver		INFO	Starting Receiver Thread execution loop
22-02-2016 02:11:24	Transmitter		INFO	Starting Receiver Thread execution loop
22-02-2016 02:11:24	Transmitter		INFO	running
22-02-2016 02:11:24	ControllerThread		INFO	Starting Controller Thread execution loop
22-02-2016 02:11:24	Transmitter		INFO	running
22-02-2016 02:11:24	Transmitter		INFO	running
22-02-2016 02:11:24	Transmitter		INFO	running
22-02-2016 02:11:24	Transmitter		INFO	running
22-02-2016 02:11:24	Transmitter		INFO	running
22-02-2016 02:11:24	Transmitter		INFO	running
22-02-2016 02:11:24	Transmitter		INFO	running
22-02-2016 02:11:24	Transmitter		INFO	running
22-02-2016 02:11:24	Transmitter		INFO	running
22-02-2016 02:11:24	Transmitter		INFO	running
22-02-2016 02:11:24	Transmitter		INFO	running
22-02-2016 02:11:24	Transmitter		INFO	running
22-02-2016 02:11:24	Transmitter		INFO	running
22-02-2016 02:11:24	Transmitter		INFO	running
22-02-2016 02:11:24	Transmitter		INFO	running
22-02-2016 02:11:24	Transmitter		INFO	running
22-02-2016 02:11:24	Transmitter		INFO	running
22-02-2016 02:11:24	Transmitter		INFO	running
22-02-2016 02:11:24	Transmitter		INFO	running
22-02-2016 02:11:24	Transmitter		INFO	running
22-02-2016 02:11:24	Transmitter		INFO	running
22-02-2016 02:11:24	Transmitter		INFO	running
22-02-2016 02:11:24	Transmitter		INFO	running
22-02-2016 02:11:24	Transmitter		INFO	running
22-02-2016 02:11:25	Transmitter		INFO	running
22-02-2016 02:11:25	Transmitter		INFO	running
22-02-2016 02:11:25	Transmitter		INFO	running
22-02-2016 02:11:25	Transmitter		INFO	running
22-02-2016 02:11:25	Transmitter		INFO	running
22-02-2016 02:11:25	Transmitter		INFO	running
22-02-2016 02:11:25	Transmitter		INFO	running
22-02-2016 02:11:25	Transmitter		INFO	running
22-02-2016 02:11:25	Transmitter		INFO	running
22-02-2016 02:11:25	Transmitter		INFO	running
22-02-2016 02:11:25	Transmitter		INFO	running
22-02-2016 02:11:25	Transmitter		INFO	running
22-02-2016 02:11:25	Transmitter		INFO	running
22-02-2016 02:11:25	Transmitter		INFO	running
22-02-2016 02:11:25	Transmitter		INFO	running
22-02-2016 02:11:25	Transmitter		INFO	running
22-02-2016 02:11:25	Transmitter		INFO	running
22-02-2016 02:11:25	Transmitter		INFO	running
22-02-2016 02:11:25	Transmitter		INFO	running
22-02-2016 02:11:25	Transmitter		INFO	running
22-02-2016 02:11:25	Transmitter		INFO	running
22-02-2016 02:11:25	Transmitter		INFO	running
22-02-2016 02:11:25	Transmitter		INFO	running
22-02-2016 02:11:25	Transmitter		INFO	running
22-02-2016 02:11:25	Transmitter		INFO	running
22-02-2016 02:11:25	Transmitter		INFO	running
22-02-2016 02:11:25	Transmitter		INFO	running
22-02-2016 02:11:25	Transmitter		INFO	running
22-02-2016 02:11:25	Transmitter		INFO	running
22-02-2016 02:11:25	Transmitter		INFO	running
22-02-2016 02:11:25	Transmitter		INFO	running
22-02-2016 02:11:25	Transmitter		INFO	running
22-02-2016 02:11:25	Transmitter		INFO	running
22-02-2016 02:11:25	Transmitter		INFO	running
22-02-2016 02:11:25	Transmitter		INFO	running
22-02-2016 02:11:25	Transmitter		INFO	running
22-02-2016 02:11:25	Transmitter		INFO	running
22-02-2016 02:11:25	Transmitter		INFO	running
22-02-2016 02:11:25	Transmitter		INFO	running
22-02-2016 02:11:25	Main		TRACE	running controller
22-02-2016 02:11:25	DataProcessor		INFO	polling
22-02-2016 02:11:25	Transmitter		INFO	running
22-02-2016 02:11:25	Transmitter		INFO	running
22-02-2016 02:11:25	Transmitter		INFO	running
22-02-2016 02:11:25	Transmitter		INFO	running
22-02-2016 02:11:25	Transmitter		INFO	running
22-02-2016 02:11:25	Transmitter		INFO	running
22-02-2016 02:11:25	Transmitter		INFO	running
22-02-2016 02:11:25	Transmitter		INFO	running
22-02-2016 02:11:25	Transmitter		INFO	running
22-02-2016 02:11:25	Transmitter		INFO	running
22-02-2016 02:11:25	Transmitter		INFO	running
22-02-2016 02:11:25	Transmitter		INFO	running
22-02-2016 02:11:25	Transmitter		INFO	running
22-02-2016 02:11:25	Transmitter		INFO	running
22-02-2016 02:11:25	Transmitter		INFO	running
22-02-2016 02:11:25	Transmitter		INFO	running
22-02-2016 02:11:25	Transmitter		INFO	running
22-02-2016 02:11:25	Transmitter		INFO	running
22-02-2016 02:11:25	Transmitter		INFO	running
22-02-2016 02:11:25	Transmitter		INFO	running
22-02-2016 02:11:25	Transmitter		INFO	running
22-02-2016 02:11:25	Transmitter		INFO	running
22-02-2016 02:11:25	Transmitter		INFO	running
22-02-2016 02:11:25	Transmitter		INFO	running
22-02-2016 02:11:25	Transmitter		INFO	running
22-02-2016 02:11:25	Transmitter		INFO	running
22-02-2016 02:11:25	Transmitter		INFO	running
22-02-2016 02:11:25	Transmitter		INFO	running
22-02-2016 02:11:25	Transmitter		INFO	running
22-02-2016 02:11:25	Transmitter		INFO	running
22-02-2016 02:11:25	Transmitter		INFO	running
22-02-2016 02:11:25	Transmitter		INFO	running
22-02-2016 02:11:25	Transmitter		INFO	running
22-02-2016 02:11:25	Transmitter		INFO	running
22-02-2016 02:11:25	Transmitter		INFO	running
22-02-2016 02:11:25	Transmitter		INFO	running
22-02-2016 02:11:25	Transmitter		INFO	running
22-02-2016 02:11:25	Transmitter		INFO	running
22-02-2016 02:11:25	Transmitter		INFO	running
22-02-2016 02:11:25	Transmitter		INFO	running
22-02-2016 02:11:25	Transmitter		INFO	running
22-02-2016 02:11:25	Transmitter		INFO	running
22-02-2016 02:11:25	Transmitter		INFO	running
22-02-2016 02:11:25	Transmitter		INFO	running
22-02-2016 02:11:25	Transmitter		INFO	running
22-02-2016 02:11:25	Transmitter		INFO	running
22-02-2016 02:11:25	Transmitter		INFO	running
22-02-2016 02:11:25	Transmitter		INFO	running
22-02-2016 02:11:25	Transmitter		INFO	running
22-02-2016 02:11:25	Transmitter		INFO	running
22-02-2016 02:11:25	Transmitter		INFO	running
22-02-2016 02:11:25	Transmitter		INFO	running
22-02-2016 02:11:25	Transmitter		INFO	running
22-02-2016 02:11:25	Transmitter		INFO	running
22-02-2016 02:11:25	Transmitter		INFO	running
22-02-2016 02:11:25	Transmitter		INFO	running
22-02-2016 02:11:25	Transmitter		INFO	running
22-02-2016 02:11:25	Transmitter		INFO	running
22-02-2016 02:11:25	Transmitter		INFO	running
22-02-2016 02:11:25	Transmitter		INFO	running
22-02-2016 02:11:25	Transmitter		INFO	running
22-02-2016 02:11:25	Transmitter		INFO	running
22-02-2016 02:11:25	Transmitter		INFO	running
22-02-2016 02:11:25	Transmitter		INFO	running
22-02-2016 02:11:25	Transmitter		INFO	running
22-02-2016 02:11:25	Transmitter		INFO	running
22-02-2016 02:11:25	Transmitter		INFO	running
22-02-2016 02:11:25	Transmitter		INFO	running
22-02-2016 02:11:25	Transmitter		INFO	running
22-02-2016 02:11:25	Transmitter		INFO	running
22-02-2016 02:11:25	Transmitter		INFO	running
22-02-2016 02:11:25	Transmitter		INFO	running
22-02-2016 02:11:25	Transmitter		INFO	running
22-02-2016 02:11:25	Transmitter		INFO	running
22-02-2016 02:11:25	Transmitter		INFO	running
22-02-2016 02:11:25	Transmitter		INFO	running
22-02-2016 02:11:25	Transmitter		INFO	running
22-02-2016 02:11:25	Transmitter		INFO	running
22-02-2016 02:11:25	Transmitter		INFO	running
22-02-2016 02:11:25	Transmitter		INFO	running
22-02-2016 02:11:25	Transmitter		INFO	running
22-02-2016 02:11:25	Transmitter		INFO	running
22-02-2016 02:11:25	Transmitter		INFO	running
22-02-2016 02:11:25	Transmitter		INFO	running
22-02-2016 02:11:25	Transmitter		INFO	running
22-02-2016 02:11:25	Transmitter		INFO	running
22-02-2016 02:11:25	Transmitter		INFO	running
22-02-2016 02:11:25	Transmitter		INFO	running
22-02-2016 02:11:25	Transmitter		INFO	running
22-02-2016 02:11:25	Transmitter		INFO	running
22-02-2016 02:11:25	Transmitter		INFO	running
22-02-2016 02:11:25	Transmitter		INFO	running
22-02-2016 02:11:25	Transmitter		INFO	running
22-02-2016 02:11:25	Transmitter		INFO	running
22-02-2016 02:11:25	Transmitter		INFO	running
22-02-2016 02:11:25	Transmitter		INFO	running
22-02-2016 02:11:25	Transmitter		INFO	running
22-02-2016 02:11:25	Transmitter		INFO	running
22-02-2016 02:11:25	Transmitter		INFO	running
22-02-2016 02:11:25	Transmitter		INFO	running
22-02-2016 02:11:25	Transmitter		INFO	running
22-02-2016 02:11:25	Transmitter		INFO	running
22-02-2016 02:11:25	Transmitter		INFO	running
22-02-2016 02:11:25	Transmitter		INFO	running
22-02-2016 02:11:25	Transmitter		INFO	running
22-02-2016 02:11:25	Transmitter		INFO	running
22-02-2016 02:11:25	Transmitter		INFO	running
22-02-2016 02:11:25	Transmitter		INFO	running
22-02-2016 02:11:25	Transmitter		INFO	running
22-02-2016 02:11:25	Transmitter		INFO	running
22-02-2016 02:11:25	Transmitter		INFO	running
22-02-2016 02:11:25	Transmitter		INFO	running
22-02-2016 02:11:25	Transmitter		INFO	running
22-02-2016 02:11:25	Transmitter		INFO	running
22-02-2016 02:11:25	Transmitter		INFO	running
22-02-2016 02:11:25	Transmitter		INFO	running
22-02-2016 02:11:25	Transmitter		INFO	running
22-02-2016 02:11:25	Transmitter		INFO	running
22-02-2016 02:11:25	Transmitter		INFO	running
22-02-2016 02:11:25	Transmitter		INFO	running
22-02-2016 02:11:25	Transmitter		INFO	running
22-02-2016 02:11:25	Transmitter		INFO	running
22-02-2016 02:11:25	Transmitter		INFO	running
22-02-2016 02:11:25	Transmitter		INFO	running
22-02-2016 02:11:25	Transmitter		INFO	running
22-02-2016 02:11:25	Transmitter		INFO	running
22-02-2016 02:11:25	Transmitter		INFO	running
22-02-2016 02:11:25	Transmitter		INFO	running
22-02-2016 02:11:25	Transmitter		INFO	running
22-02-2016 02:11:25	Transmitter		INFO	running
22-02-2016 02:11:25	Transmitter		INFO	running
22-02-2016 02:11:25	Transmitter		INFO	running
22-02-2016 02:11:25	CameraInterface		INFO	Read successful
22-02-2016 02:11:25	CameraInterface		INFO	Read successful
22-02-2016 02:11:25	Transmitter		INFO	running
22-02-2016 02:11:25	Transmitter		INFO	running
22-02-2016 02:11:25	Controller		INFO	sending to transmitter
22-02-2016 02:11:25	Transmitter		INFO	pushing into buff
22-02-2016 02:11:25	Transmitter		INFO	running
22-02-2016 02:11:25	Transmitter		INFO	getting from buffer
22-02-2016 02:11:27	DataProcessor		INFO	polling
22-02-2016 02:11:28	CameraInterface		INFO	Read successful
22-02-2016 02:11:28	Controller		INFO	sending to transmitter
22-02-2016 02:11:28	Transmitter		INFO	pushing into buff
22-02-2016 02:11:29	Transmitter		INFO	sending string: 108576
22-02-2016 02:11:29	Transmitter		INFO	running
22-02-2016 02:11:29	Transmitter		INFO	getting from buffer
22-02-2016 02:11:30	DataProcessor		INFO	polling
22-02-2016 02:11:30	CameraInterface		INFO	Read successful
22-02-2016 02:11:30	Controller		INFO	sending to transmitter
22-02-2016 02:11:30	Transmitter		INFO	pushing into buff
22-02-2016 02:11:32	DataProcessor		INFO	polling
22-02-2016 02:11:32	CameraInterface		INFO	Read successful
22-02-2016 02:11:32	Controller		INFO	sending to transmitter
22-02-2016 02:11:32	Transmitter		INFO	pushing into buff
22-02-2016 02:11:34	DataProcessor		INFO	polling
22-02-2016 02:11:34	CameraInterface		INFO	Read successful
22-02-2016 02:11:34	Controller		INFO	sending to transmitter
22-02-2016 02:11:34	Transmitter		INFO	pushing into buff
22-02-2016 02:11:34	Transmitter		INFO	sending string: 1146067
22-02-2016 02:11:36	DataProcessor		INFO	polling
22-02-2016 02:11:36	CameraInterface		INFO	Read successful
22-02-2016 02:11:36	Controller		INFO	sending to transmitter
22-02-2016 02:11:36	Transmitter		INFO	pushing into buff
22-02-2016 02:11:37	Transmitter		INFO	running
22-02-2016 02:11:37	Transmitter		INFO	getting from buffer
22-02-2016 02:11:38	DataProcessor		INFO	polling
22-02-2016 02:11:39	CameraInterface		INFO	Read successful
22-02-2016 02:11:39	Controller		INFO	sending to transmitter
22-02-2016 02:11:39	Transmitter		INFO	pushing into buff
22-02-2016 02:11:41	DataProcessor		INFO	polling
22-02-2016 02:11:41	CameraInterface		INFO	Read successful
22-02-2016 02:11:41	Controller		INFO	sending to transmitter
22-02-2016 02:11:41	Transmitter		INFO	pushing into buff
22-02-2016 02:11:42	Transmitter		INFO	sending string: 1127465
22-02-2016 02:11:43	DataProcessor		INFO	polling
22-02-2016 02:11:43	CameraInterface		INFO	Read successful
22-02-2016 02:11:43	Controller		INFO	sending to transmitter
22-02-2016 02:11:43	Transmitter		INFO	pushing into buff
22-02-2016 02:11:45	Transmitter		INFO	running
22-02-2016 02:11:45	Transmitter		INFO	getting from buffer
22-02-2016 02:11:45	DataProcessor		INFO	polling
22-02-2016 02:11:45	CameraInterface		INFO	Read successful
22-02-2016 02:11:45	Controller		INFO	sending to transmitter
22-02-2016 02:11:45	Transmitter		INFO	pushing into buff
