21-02-2016 03:26:07	Main		TRACE	Logger initialized.
21-02-2016 03:26:07	PropertyReader		TRACE	Opening file: settings/settings.txt
21-02-2016 03:26:07	PropertyReader		INFO	File opened: settings/settings.txt
21-02-2016 03:26:07	PropertyReader		INFO	Loading properties file...
21-02-2016 03:26:07	PropertyReader		INFO	Mapped TRACE to LOGGING_LEVEL
21-02-2016 03:26:07	PropertyReader		INFO	Mapped 100 to CAM_BUFFER_SIZE
21-02-2016 03:26:07	PropertyReader		INFO	Mapped 15 to CAM_POLL_FREQUENCY
21-02-2016 03:26:07	PropertyReader		INFO	Mapped 0 to CAM_INDEX
21-02-2016 03:26:07	PropertyReader		DEBUG	Loaded 4 properties successfully
21-02-2016 03:26:07	Controller		INFO	Constructor controller
21-02-2016 03:26:07	Transmitter		INFO	socket retrieve success
21-02-2016 03:26:07	Transmitter		INFO	binding done
21-02-2016 03:26:07	Transmitter		INFO	done listening
21-02-2016 03:28:33	Transmitter		INFO	accepting
21-02-2016 03:28:33	Main		TRACE	intializing controller
21-02-2016 03:28:33	Controller		INFO	Initializing Controller
21-02-2016 03:28:33	Main		TRACE	initializing dataprocessor
21-02-2016 03:28:33	CameraInterface		INFO	Initializing camera
21-02-2016 03:28:33	CameraInterface		INFO	Opening video capture stream at position 0
21-02-2016 03:28:33	Receiver		INFO	Starting Receiver Thread execution loop
21-02-2016 03:28:33	ControllerThread		INFO	Starting Controller Thread execution loop
21-02-2016 03:28:33	Transmitter		INFO	Starting Receiver Thread execution loop
21-02-2016 03:28:33	Transmitter		INFO	running
21-02-2016 03:28:33	Transmitter		INFO	running
21-02-2016 03:28:33	Transmitter		INFO	running
21-02-2016 03:28:33	Transmitter		INFO	running
21-02-2016 03:28:33	Transmitter		INFO	running
21-02-2016 03:28:33	Transmitter		INFO	running
21-02-2016 03:28:33	Transmitter		INFO	running
21-02-2016 03:28:33	Transmitter		INFO	running
21-02-2016 03:28:33	Transmitter		INFO	running
21-02-2016 03:28:33	Transmitter		INFO	running
21-02-2016 03:28:33	Transmitter		INFO	running
21-02-2016 03:28:33	Transmitter		INFO	running
21-02-2016 03:28:33	Transmitter		INFO	running
21-02-2016 03:28:33	Transmitter		INFO	running
21-02-2016 03:28:33	Transmitter		INFO	running
21-02-2016 03:28:33	Transmitter		INFO	running
21-02-2016 03:28:33	Transmitter		INFO	running
21-02-2016 03:28:33	Transmitter		INFO	running
21-02-2016 03:28:33	Transmitter		INFO	running
21-02-2016 03:28:33	Transmitter		INFO	running
21-02-2016 03:28:33	Transmitter		INFO	running
21-02-2016 03:28:33	Transmitter		INFO	running
21-02-2016 03:28:33	Transmitter		INFO	running
21-02-2016 03:28:33	Transmitter		INFO	running
21-02-2016 03:28:33	Transmitter		INFO	running
21-02-2016 03:28:33	Transmitter		INFO	running
21-02-2016 03:28:33	Transmitter		INFO	running
21-02-2016 03:28:33	Transmitter		INFO	running
21-02-2016 03:28:33	Transmitter		INFO	running
21-02-2016 03:28:33	Transmitter		INFO	running
21-02-2016 03:28:33	Transmitter		INFO	running
21-02-2016 03:28:33	Transmitter		INFO	running
21-02-2016 03:28:33	Transmitter		INFO	running
21-02-2016 03:28:33	Transmitter		INFO	running
21-02-2016 03:28:33	Transmitter		INFO	running
21-02-2016 03:28:33	Transmitter		INFO	running
21-02-2016 03:28:33	Transmitter		INFO	running
21-02-2016 03:28:33	Transmitter		INFO	running
21-02-2016 03:28:33	Transmitter		INFO	running
21-02-2016 03:28:33	Transmitter		INFO	running
21-02-2016 03:28:33	Transmitter		INFO	running
21-02-2016 03:28:33	Transmitter		INFO	running
21-02-2016 03:28:33	Transmitter		INFO	running
21-02-2016 03:28:33	Transmitter		INFO	running
21-02-2016 03:28:33	Transmitter		INFO	running
21-02-2016 03:28:33	Transmitter		INFO	running
21-02-2016 03:28:33	Transmitter		INFO	running
21-02-2016 03:28:33	Transmitter		INFO	running
21-02-2016 03:28:33	Transmitter		INFO	running
21-02-2016 03:28:33	Transmitter		INFO	running
21-02-2016 03:28:33	Transmitter		INFO	running
21-02-2016 03:28:33	Transmitter		INFO	running
21-02-2016 03:28:33	Transmitter		INFO	running
21-02-2016 03:28:33	Transmitter		INFO	running
21-02-2016 03:28:33	Transmitter		INFO	running
21-02-2016 03:28:33	Transmitter		INFO	running
21-02-2016 03:28:33	Transmitter		INFO	running
21-02-2016 03:28:33	Transmitter		INFO	running
21-02-2016 03:28:33	Transmitter		INFO	running
21-02-2016 03:28:33	Main		TRACE	running controller
21-02-2016 03:28:33	Transmitter		INFO	running
21-02-2016 03:28:33	DataProcessor		INFO	polling
21-02-2016 03:28:33	Transmitter		INFO	running
21-02-2016 03:28:33	Transmitter		INFO	running
21-02-2016 03:28:33	Transmitter		INFO	running
21-02-2016 03:28:33	Transmitter		INFO	running
21-02-2016 03:28:33	Transmitter		INFO	running
21-02-2016 03:28:33	Transmitter		INFO	running
21-02-2016 03:28:33	Transmitter		INFO	running
21-02-2016 03:28:33	Transmitter		INFO	running
21-02-2016 03:28:33	Transmitter		INFO	running
21-02-2016 03:28:33	Transmitter		INFO	running
21-02-2016 03:28:33	Transmitter		INFO	running
21-02-2016 03:28:33	Transmitter		INFO	running
21-02-2016 03:28:33	Transmitter		INFO	running
21-02-2016 03:28:33	Transmitter		INFO	running
21-02-2016 03:28:33	Transmitter		INFO	running
21-02-2016 03:28:33	Transmitter		INFO	running
21-02-2016 03:28:33	Transmitter		INFO	running
21-02-2016 03:28:33	Transmitter		INFO	running
21-02-2016 03:28:34	Transmitter		INFO	running
21-02-2016 03:28:34	Transmitter		INFO	running
21-02-2016 03:28:34	Transmitter		INFO	running
21-02-2016 03:28:34	Transmitter		INFO	running
21-02-2016 03:28:34	Transmitter		INFO	running
21-02-2016 03:28:34	Transmitter		INFO	running
21-02-2016 03:28:34	Transmitter		INFO	running
21-02-2016 03:28:34	Transmitter		INFO	running
21-02-2016 03:28:34	Transmitter		INFO	running
21-02-2016 03:28:34	Transmitter		INFO	running
21-02-2016 03:28:34	Transmitter		INFO	running
21-02-2016 03:28:34	Transmitter		INFO	running
21-02-2016 03:28:34	Transmitter		INFO	running
21-02-2016 03:28:34	Transmitter		INFO	running
21-02-2016 03:28:34	Transmitter		INFO	running
21-02-2016 03:28:34	Transmitter		INFO	running
21-02-2016 03:28:34	Transmitter		INFO	running
21-02-2016 03:28:34	Transmitter		INFO	running
21-02-2016 03:28:34	Transmitter		INFO	running
21-02-2016 03:28:34	Transmitter		INFO	running
21-02-2016 03:28:34	Transmitter		INFO	running
21-02-2016 03:28:34	Transmitter		INFO	running
21-02-2016 03:28:34	Transmitter		INFO	running
21-02-2016 03:28:34	Transmitter		INFO	running
21-02-2016 03:28:34	Transmitter		INFO	running
21-02-2016 03:28:34	Transmitter		INFO	running
21-02-2016 03:28:34	Transmitter		INFO	running
21-02-2016 03:28:34	Transmitter		INFO	running
21-02-2016 03:28:34	Transmitter		INFO	running
21-02-2016 03:28:34	Transmitter		INFO	running
21-02-2016 03:28:34	Transmitter		INFO	running
21-02-2016 03:28:34	Transmitter		INFO	running
21-02-2016 03:28:34	Transmitter		INFO	running
21-02-2016 03:28:34	Transmitter		INFO	running
21-02-2016 03:28:34	Transmitter		INFO	running
21-02-2016 03:28:34	Transmitter		INFO	running
21-02-2016 03:28:34	Transmitter		INFO	running
21-02-2016 03:28:34	Transmitter		INFO	running
21-02-2016 03:28:34	Transmitter		INFO	running
21-02-2016 03:28:34	Transmitter		INFO	running
21-02-2016 03:28:34	Transmitter		INFO	running
21-02-2016 03:28:34	Transmitter		INFO	running
21-02-2016 03:28:34	Transmitter		INFO	running
21-02-2016 03:28:34	Transmitter		INFO	running
21-02-2016 03:28:34	Transmitter		INFO	running
21-02-2016 03:28:34	Transmitter		INFO	running
21-02-2016 03:28:34	Transmitter		INFO	running
21-02-2016 03:28:34	Transmitter		INFO	running
21-02-2016 03:28:34	Transmitter		INFO	running
21-02-2016 03:28:34	Transmitter		INFO	running
21-02-2016 03:28:34	Transmitter		INFO	running
21-02-2016 03:28:34	Transmitter		INFO	running
21-02-2016 03:28:34	Transmitter		INFO	running
21-02-2016 03:28:34	Transmitter		INFO	running
21-02-2016 03:28:34	Transmitter		INFO	running
21-02-2016 03:28:34	Transmitter		INFO	running
21-02-2016 03:28:34	Transmitter		INFO	running
21-02-2016 03:28:34	Transmitter		INFO	running
21-02-2016 03:28:34	Transmitter		INFO	running
21-02-2016 03:28:34	Transmitter		INFO	running
21-02-2016 03:28:34	Transmitter		INFO	running
21-02-2016 03:28:34	Transmitter		INFO	running
21-02-2016 03:28:34	Transmitter		INFO	running
21-02-2016 03:28:34	Transmitter		INFO	running
21-02-2016 03:28:34	Transmitter		INFO	running
21-02-2016 03:28:34	Transmitter		INFO	running
21-02-2016 03:28:34	Transmitter		INFO	running
21-02-2016 03:28:34	Transmitter		INFO	running
21-02-2016 03:28:34	Transmitter		INFO	running
21-02-2016 03:28:34	Transmitter		INFO	running
21-02-2016 03:28:34	Transmitter		INFO	running
21-02-2016 03:28:34	Transmitter		INFO	running
21-02-2016 03:28:34	Transmitter		INFO	running
21-02-2016 03:28:34	Transmitter		INFO	running
21-02-2016 03:28:34	Transmitter		INFO	running
21-02-2016 03:28:34	Transmitter		INFO	running
21-02-2016 03:28:34	Transmitter		INFO	running
21-02-2016 03:28:34	Transmitter		INFO	running
21-02-2016 03:28:34	Transmitter		INFO	running
21-02-2016 03:28:34	Transmitter		INFO	running
21-02-2016 03:28:34	CameraInterface		INFO	Read successful
21-02-2016 03:28:34	Controller		INFO	sending to transmitter
21-02-2016 03:28:34	Transmitter		INFO	running
21-02-2016 03:28:34	Transmitter		INFO	running
21-02-2016 03:28:34	Transmitter		INFO	running
21-02-2016 03:28:34	Transmitter		INFO	running
21-02-2016 03:28:34	Transmitter		INFO	pushing into buff
21-02-2016 03:28:34	DataProcessor		INFO	polling
21-02-2016 03:28:34	Transmitter		INFO	running
21-02-2016 03:28:34	Transmitter		INFO	getting from buffer
21-02-2016 03:28:34	Transmitter		INFO	sending string: 
21-02-2016 03:28:34	Transmitter		INFO	running
21-02-2016 03:28:34	Transmitter		INFO	running
21-02-2016 03:28:34	Transmitter		INFO	running
21-02-2016 03:28:34	Transmitter		INFO	running
21-02-2016 03:28:34	Transmitter		INFO	running
21-02-2016 03:28:34	Transmitter		INFO	running
21-02-2016 03:28:34	Transmitter		INFO	running
21-02-2016 03:28:34	Transmitter		INFO	running
21-02-2016 03:28:34	Transmitter		INFO	running
21-02-2016 03:28:34	Transmitter		INFO	running
21-02-2016 03:28:34	Transmitter		INFO	running
21-02-2016 03:28:34	Transmitter		INFO	running
21-02-2016 03:28:34	Transmitter		INFO	running
21-02-2016 03:28:34	Transmitter		INFO	running
21-02-2016 03:28:34	Transmitter		INFO	running
21-02-2016 03:28:34	Transmitter		INFO	running
21-02-2016 03:28:34	Transmitter		INFO	running
21-02-2016 03:28:34	Transmitter		INFO	running
21-02-2016 03:28:35	Transmitter		INFO	running
21-02-2016 03:28:35	Transmitter		INFO	running
21-02-2016 03:28:35	Transmitter		INFO	running
21-02-2016 03:28:35	Transmitter		INFO	running
21-02-2016 03:28:35	Transmitter		INFO	running
21-02-2016 03:28:35	Transmitter		INFO	running
21-02-2016 03:28:35	Transmitter		INFO	running
21-02-2016 03:28:35	Transmitter		INFO	running
21-02-2016 03:28:35	Transmitter		INFO	running
21-02-2016 03:28:35	Transmitter		INFO	running
21-02-2016 03:28:35	Transmitter		INFO	running
21-02-2016 03:28:35	Transmitter		INFO	running
21-02-2016 03:28:35	Transmitter		INFO	running
21-02-2016 03:28:35	Transmitter		INFO	running
21-02-2016 03:28:35	Transmitter		INFO	running
21-02-2016 03:28:35	Transmitter		INFO	running
21-02-2016 03:28:35	Transmitter		INFO	running
21-02-2016 03:28:35	Transmitter		INFO	running
21-02-2016 03:28:35	Transmitter		INFO	running
21-02-2016 03:28:35	Transmitter		INFO	running
21-02-2016 03:28:35	Transmitter		INFO	running
21-02-2016 03:28:35	Transmitter		INFO	running
21-02-2016 03:28:35	Transmitter		INFO	running
21-02-2016 03:28:35	Transmitter		INFO	running
21-02-2016 03:28:35	Transmitter		INFO	running
21-02-2016 03:28:35	Transmitter		INFO	running
21-02-2016 03:28:35	Transmitter		INFO	running
21-02-2016 03:28:35	CameraInterface		INFO	Read successful
21-02-2016 03:28:35	Controller		INFO	sending to transmitter
21-02-2016 03:28:35	Transmitter		INFO	pushing into buff
21-02-2016 03:28:35	Transmitter		INFO	running
21-02-2016 03:28:35	Transmitter		INFO	getting from buffer
21-02-2016 03:28:35	Transmitter		INFO	sending string: 
21-02-2016 03:28:35	DataProcessor		INFO	polling
21-02-2016 03:28:35	Transmitter		INFO	running
21-02-2016 03:28:35	Transmitter		INFO	running
21-02-2016 03:28:35	Transmitter		INFO	running
21-02-2016 03:28:35	Transmitter		INFO	running
21-02-2016 03:28:35	Transmitter		INFO	running
21-02-2016 03:28:35	Transmitter		INFO	running
21-02-2016 03:28:35	Transmitter		INFO	running
21-02-2016 03:28:35	Transmitter		INFO	running
21-02-2016 03:28:35	Transmitter		INFO	running
21-02-2016 03:28:35	Transmitter		INFO	running
21-02-2016 03:28:35	Transmitter		INFO	running
21-02-2016 03:28:35	Transmitter		INFO	running
21-02-2016 03:28:35	Transmitter		INFO	running
21-02-2016 03:28:35	Transmitter		INFO	running
21-02-2016 03:28:35	Transmitter		INFO	running
21-02-2016 03:28:35	Transmitter		INFO	running
21-02-2016 03:28:35	Transmitter		INFO	running
21-02-2016 03:28:35	Transmitter		INFO	running
21-02-2016 03:28:35	Transmitter		INFO	running
21-02-2016 03:28:35	Transmitter		INFO	running
21-02-2016 03:28:35	Transmitter		INFO	running
21-02-2016 03:28:35	Transmitter		INFO	running
21-02-2016 03:28:35	Transmitter		INFO	running
21-02-2016 03:28:35	Transmitter		INFO	running
21-02-2016 03:28:35	Transmitter		INFO	running
21-02-2016 03:28:35	Transmitter		INFO	running
21-02-2016 03:28:35	Transmitter		INFO	running
21-02-2016 03:28:35	Transmitter		INFO	running
21-02-2016 03:28:35	Transmitter		INFO	running
21-02-2016 03:28:35	Transmitter		INFO	running
21-02-2016 03:28:35	Transmitter		INFO	running
21-02-2016 03:28:35	Transmitter		INFO	running
21-02-2016 03:28:35	Transmitter		INFO	running
21-02-2016 03:28:35	Transmitter		INFO	running
21-02-2016 03:28:35	Transmitter		INFO	running
21-02-2016 03:28:35	Transmitter		INFO	running
21-02-2016 03:28:35	Transmitter		INFO	running
21-02-2016 03:28:35	Transmitter		INFO	running
21-02-2016 03:28:35	Transmitter		INFO	running
21-02-2016 03:28:35	Transmitter		INFO	running
21-02-2016 03:28:35	Transmitter		INFO	running
21-02-2016 03:28:35	Transmitter		INFO	running
21-02-2016 03:28:35	Transmitter		INFO	running
21-02-2016 03:28:35	Transmitter		INFO	running
21-02-2016 03:28:35	Transmitter		INFO	running
21-02-2016 03:28:35	CameraInterface		INFO	Read successful
21-02-2016 03:28:35	Controller		INFO	sending to transmitter
21-02-2016 03:28:35	Transmitter		INFO	pushing into buff
21-02-2016 03:28:35	Transmitter		INFO	pushing into buff
21-02-2016 03:28:35	Transmitter		INFO	running
21-02-2016 03:28:35	DataProcessor		INFO	polling
21-02-2016 03:28:35	Transmitter		INFO	getting from buffer
21-02-2016 03:28:35	Transmitter		INFO	sending string: 
21-02-2016 03:28:35	Transmitter		INFO	running
21-02-2016 03:28:35	Transmitter		INFO	running
21-02-2016 03:28:35	Transmitter		INFO	running
21-02-2016 03:28:35	Transmitter		INFO	running
21-02-2016 03:28:35	Transmitter		INFO	running
21-02-2016 03:28:35	Transmitter		INFO	running
21-02-2016 03:28:35	Transmitter		INFO	running
21-02-2016 03:28:35	Transmitter		INFO	running
21-02-2016 03:28:35	Transmitter		INFO	running
21-02-2016 03:28:35	Transmitter		INFO	running
21-02-2016 03:28:35	Transmitter		INFO	running
21-02-2016 03:28:35	Transmitter		INFO	running
21-02-2016 03:28:35	Transmitter		INFO	running
21-02-2016 03:28:35	Transmitter		INFO	running
21-02-2016 03:28:35	Transmitter		INFO	running
21-02-2016 03:28:35	Transmitter		INFO	running
21-02-2016 03:28:35	Transmitter		INFO	running
21-02-2016 03:28:35	Transmitter		INFO	running
21-02-2016 03:28:35	Transmitter		INFO	running
21-02-2016 03:28:35	Transmitter		INFO	running
21-02-2016 03:28:35	Transmitter		INFO	running
21-02-2016 03:28:35	Transmitter		INFO	running
21-02-2016 03:28:35	Transmitter		INFO	running
21-02-2016 03:28:35	Transmitter		INFO	running
21-02-2016 03:28:36	Transmitter		INFO	running
21-02-2016 03:28:36	Transmitter		INFO	running
21-02-2016 03:28:36	Transmitter		INFO	running
21-02-2016 03:28:36	Transmitter		INFO	running
21-02-2016 03:28:36	Transmitter		INFO	running
21-02-2016 03:28:36	Transmitter		INFO	running
21-02-2016 03:28:36	Transmitter		INFO	running
21-02-2016 03:28:36	Transmitter		INFO	running
21-02-2016 03:28:36	Transmitter		INFO	running
21-02-2016 03:28:36	Transmitter		INFO	running
21-02-2016 03:28:36	Transmitter		INFO	running
21-02-2016 03:28:36	Transmitter		INFO	running
21-02-2016 03:28:36	Transmitter		INFO	running
21-02-2016 03:28:36	Transmitter		INFO	running
21-02-2016 03:28:36	Transmitter		INFO	running
21-02-2016 03:28:36	Transmitter		INFO	running
21-02-2016 03:28:36	Transmitter		INFO	running
21-02-2016 03:28:36	Transmitter		INFO	running
21-02-2016 03:28:36	Transmitter		INFO	running
21-02-2016 03:28:36	Transmitter		INFO	running
21-02-2016 03:28:36	Transmitter		INFO	running
21-02-2016 03:28:36	Transmitter		INFO	running
21-02-2016 03:28:36	CameraInterface		INFO	Read successful
21-02-2016 03:28:36	Controller		INFO	sending to transmitter
21-02-2016 03:28:36	Transmitter		INFO	running
21-02-2016 03:28:36	Transmitter		INFO	running
21-02-2016 03:28:36	Transmitter		INFO	pushing into buff
21-02-2016 03:28:36	Transmitter		INFO	running
21-02-2016 03:28:36	Transmitter		INFO	getting from buffer
21-02-2016 03:28:36	Transmitter		INFO	getting from buffer
21-02-2016 03:28:36	DataProcessor		INFO	polling
21-02-2016 03:28:36	Transmitter		INFO	sending string: 
21-02-2016 03:28:36	Transmitter		INFO	running
21-02-2016 03:28:36	Transmitter		INFO	running
21-02-2016 03:28:36	Transmitter		INFO	running
21-02-2016 03:28:36	Transmitter		INFO	running
21-02-2016 03:28:36	Transmitter		INFO	running
21-02-2016 03:28:36	Transmitter		INFO	running
21-02-2016 03:28:36	Transmitter		INFO	running
21-02-2016 03:28:36	Transmitter		INFO	running
21-02-2016 03:28:36	Transmitter		INFO	running
21-02-2016 03:28:36	Transmitter		INFO	running
21-02-2016 03:28:36	Transmitter		INFO	running
21-02-2016 03:28:36	Transmitter		INFO	running
21-02-2016 03:28:36	Transmitter		INFO	running
21-02-2016 03:28:36	Transmitter		INFO	running
21-02-2016 03:28:36	Transmitter		INFO	running
21-02-2016 03:28:36	Transmitter		INFO	running
21-02-2016 03:28:36	Transmitter		INFO	running
21-02-2016 03:28:36	Transmitter		INFO	running
21-02-2016 03:28:36	Transmitter		INFO	running
21-02-2016 03:28:36	Transmitter		INFO	running
21-02-2016 03:28:36	Transmitter		INFO	running
21-02-2016 03:28:36	Transmitter		INFO	running
21-02-2016 03:28:36	Transmitter		INFO	running
21-02-2016 03:28:36	Transmitter		INFO	running
21-02-2016 03:28:36	Transmitter		INFO	running
21-02-2016 03:28:36	Transmitter		INFO	running
21-02-2016 03:28:36	Transmitter		INFO	running
21-02-2016 03:28:36	Transmitter		INFO	running
21-02-2016 03:28:36	Transmitter		INFO	running
21-02-2016 03:28:36	Transmitter		INFO	running
21-02-2016 03:28:36	Transmitter		INFO	running
21-02-2016 03:28:36	Transmitter		INFO	running
21-02-2016 03:28:36	Transmitter		INFO	running
21-02-2016 03:28:36	Transmitter		INFO	running
21-02-2016 03:28:36	Transmitter		INFO	running
21-02-2016 03:28:36	Transmitter		INFO	running
21-02-2016 03:28:36	Transmitter		INFO	running
21-02-2016 03:28:36	Transmitter		INFO	running
21-02-2016 03:28:36	Transmitter		INFO	running
21-02-2016 03:28:36	Transmitter		INFO	running
21-02-2016 03:28:36	Transmitter		INFO	running
21-02-2016 03:28:36	Transmitter		INFO	running
21-02-2016 03:28:36	Transmitter		INFO	running
21-02-2016 03:28:36	Transmitter		INFO	running
21-02-2016 03:28:36	Transmitter		INFO	running
21-02-2016 03:28:36	Transmitter		INFO	running
21-02-2016 03:28:36	Transmitter		INFO	running
21-02-2016 03:28:36	Transmitter		INFO	running
21-02-2016 03:28:36	Transmitter		INFO	running
21-02-2016 03:28:36	Transmitter		INFO	running
21-02-2016 03:28:36	Transmitter		INFO	running
21-02-2016 03:28:36	Transmitter		INFO	running
21-02-2016 03:28:36	CameraInterface		INFO	Read successful
21-02-2016 03:28:36	Transmitter		INFO	running
21-02-2016 03:28:36	Controller		INFO	sending to transmitter
21-02-2016 03:28:36	Transmitter		INFO	pushing into buff
21-02-2016 03:28:36	DataProcessor		INFO	polling
21-02-2016 03:28:36	Transmitter		INFO	running
21-02-2016 03:28:36	Transmitter		INFO	getting from buffer
21-02-2016 03:28:36	Transmitter		INFO	sending string: 
21-02-2016 03:28:36	Transmitter		INFO	running
21-02-2016 03:28:36	Transmitter		INFO	running
21-02-2016 03:28:36	Transmitter		INFO	running
21-02-2016 03:28:36	Transmitter		INFO	running
21-02-2016 03:28:36	Transmitter		INFO	running
21-02-2016 03:28:36	Transmitter		INFO	running
21-02-2016 03:28:36	Transmitter		INFO	running
21-02-2016 03:28:36	Transmitter		INFO	running
21-02-2016 03:28:36	Transmitter		INFO	running
21-02-2016 03:28:36	Transmitter		INFO	running
21-02-2016 03:28:36	Transmitter		INFO	running
21-02-2016 03:28:36	Transmitter		INFO	running
21-02-2016 03:28:36	Transmitter		INFO	running
21-02-2016 03:28:36	Transmitter		INFO	running
21-02-2016 03:28:36	Transmitter		INFO	running
21-02-2016 03:28:36	Transmitter		INFO	running
21-02-2016 03:28:36	Transmitter		INFO	running
21-02-2016 03:28:36	Transmitter		INFO	running
21-02-2016 03:28:36	Transmitter		INFO	running
21-02-2016 03:28:36	Transmitter		INFO	running
21-02-2016 03:28:36	Transmitter		INFO	running
21-02-2016 03:28:36	Transmitter		INFO	running
21-02-2016 03:28:36	Transmitter		INFO	running
21-02-2016 03:28:37	Transmitter		INFO	running
21-02-2016 03:28:37	Transmitter		INFO	running
21-02-2016 03:28:37	Transmitter		INFO	running
21-02-2016 03:28:37	Transmitter		INFO	running
21-02-2016 03:28:37	Transmitter		INFO	running
21-02-2016 03:28:37	Transmitter		INFO	running
21-02-2016 03:28:37	Transmitter		INFO	running
21-02-2016 03:28:37	Transmitter		INFO	running
21-02-2016 03:28:37	Transmitter		INFO	running
21-02-2016 03:28:37	Transmitter		INFO	running
21-02-2016 03:28:37	Transmitter		INFO	running
21-02-2016 03:28:37	Transmitter		INFO	running
21-02-2016 03:28:37	Transmitter		INFO	running
21-02-2016 03:28:37	Transmitter		INFO	running
21-02-2016 03:28:37	Transmitter		INFO	running
21-02-2016 03:28:37	Transmitter		INFO	running
21-02-2016 03:28:37	Transmitter		INFO	running
21-02-2016 03:28:37	Transmitter		INFO	running
21-02-2016 03:28:37	Transmitter		INFO	running
21-02-2016 03:28:37	CameraInterface		INFO	Read successful
21-02-2016 03:28:37	Controller		INFO	sending to transmitter
21-02-2016 03:28:37	Transmitter		INFO	running
21-02-2016 03:28:37	Transmitter		INFO	running
21-02-2016 03:28:37	Transmitter		INFO	running
21-02-2016 03:28:37	Transmitter		INFO	pushing into buff
21-02-2016 03:28:37	DataProcessor		INFO	polling
21-02-2016 03:28:37	Transmitter		INFO	running
21-02-2016 03:28:37	Transmitter		INFO	getting from buffer
21-02-2016 03:28:37	Transmitter		INFO	sending string: 
21-02-2016 03:28:37	Transmitter		INFO	running
21-02-2016 03:28:37	Transmitter		INFO	running
21-02-2016 03:28:37	Transmitter		INFO	running
21-02-2016 03:28:37	Transmitter		INFO	running
21-02-2016 03:28:37	Transmitter		INFO	running
21-02-2016 03:28:37	Transmitter		INFO	running
21-02-2016 03:28:37	Transmitter		INFO	running
21-02-2016 03:28:37	Transmitter		INFO	running
21-02-2016 03:28:37	Transmitter		INFO	running
21-02-2016 03:28:37	Transmitter		INFO	running
21-02-2016 03:28:37	Transmitter		INFO	running
21-02-2016 03:28:37	Transmitter		INFO	running
21-02-2016 03:28:37	Transmitter		INFO	running
21-02-2016 03:28:37	Transmitter		INFO	running
21-02-2016 03:28:37	Transmitter		INFO	running
21-02-2016 03:28:37	Transmitter		INFO	running
21-02-2016 03:28:37	Transmitter		INFO	running
21-02-2016 03:28:37	Transmitter		INFO	running
21-02-2016 03:28:37	Transmitter		INFO	running
21-02-2016 03:28:37	Transmitter		INFO	running
21-02-2016 03:28:37	Transmitter		INFO	running
21-02-2016 03:28:37	Transmitter		INFO	running
21-02-2016 03:28:37	Transmitter		INFO	running
21-02-2016 03:28:37	Transmitter		INFO	running
21-02-2016 03:28:37	Transmitter		INFO	running
21-02-2016 03:28:37	Transmitter		INFO	running
21-02-2016 03:28:37	Transmitter		INFO	running
21-02-2016 03:28:37	Transmitter		INFO	running
21-02-2016 03:28:37	Transmitter		INFO	running
21-02-2016 03:28:37	Transmitter		INFO	running
21-02-2016 03:28:37	Transmitter		INFO	running
21-02-2016 03:28:37	Transmitter		INFO	running
21-02-2016 03:28:37	Transmitter		INFO	running
21-02-2016 03:28:37	Transmitter		INFO	running
21-02-2016 03:28:37	Transmitter		INFO	running
21-02-2016 03:28:37	Transmitter		INFO	running
21-02-2016 03:28:37	Transmitter		INFO	running
21-02-2016 03:28:37	Transmitter		INFO	running
21-02-2016 03:28:37	Transmitter		INFO	running
21-02-2016 03:28:37	Transmitter		INFO	running
21-02-2016 03:28:37	Transmitter		INFO	running
21-02-2016 03:28:37	Transmitter		INFO	running
21-02-2016 03:28:37	Transmitter		INFO	running
21-02-2016 03:28:37	Transmitter		INFO	running
21-02-2016 03:28:37	CameraInterface		INFO	Read successful
21-02-2016 03:28:37	Controller		INFO	sending to transmitter
21-02-2016 03:28:37	Transmitter		INFO	running
21-02-2016 03:28:37	Transmitter		INFO	running
21-02-2016 03:28:37	Transmitter		INFO	pushing into buff
21-02-2016 03:28:37	Transmitter		INFO	running
21-02-2016 03:28:37	DataProcessor		INFO	polling
21-02-2016 03:28:37	Transmitter		INFO	getting from buffer
21-02-2016 03:28:37	Transmitter		INFO	sending string: 
21-02-2016 03:28:37	Transmitter		INFO	running
21-02-2016 03:28:37	Transmitter		INFO	running
21-02-2016 03:28:37	Transmitter		INFO	running
21-02-2016 03:28:37	Transmitter		INFO	running
21-02-2016 03:28:37	Transmitter		INFO	running
21-02-2016 03:28:37	Transmitter		INFO	running
21-02-2016 03:28:37	Transmitter		INFO	running
21-02-2016 03:28:37	Transmitter		INFO	running
21-02-2016 03:28:37	Transmitter		INFO	running
21-02-2016 03:28:37	Transmitter		INFO	running
21-02-2016 03:28:37	Transmitter		INFO	running
21-02-2016 03:28:37	Transmitter		INFO	running
21-02-2016 03:28:37	Transmitter		INFO	running
21-02-2016 03:28:37	Transmitter		INFO	running
21-02-2016 03:28:37	Transmitter		INFO	running
21-02-2016 03:28:37	Transmitter		INFO	running
21-02-2016 03:28:37	Transmitter		INFO	running
21-02-2016 03:28:37	Transmitter		INFO	running
21-02-2016 03:28:38	Transmitter		INFO	running
21-02-2016 03:28:38	Transmitter		INFO	running
21-02-2016 03:28:38	Transmitter		INFO	running
21-02-2016 03:28:38	Transmitter		INFO	running
21-02-2016 03:28:38	Transmitter		INFO	running
21-02-2016 03:28:38	Transmitter		INFO	running
21-02-2016 03:28:38	Transmitter		INFO	running
21-02-2016 03:28:38	Transmitter		INFO	running
21-02-2016 03:28:38	Transmitter		INFO	running
21-02-2016 03:28:38	Transmitter		INFO	running
21-02-2016 03:28:38	Transmitter		INFO	running
21-02-2016 03:28:38	Transmitter		INFO	running
21-02-2016 03:28:38	Transmitter		INFO	running
21-02-2016 03:28:38	Transmitter		INFO	running
21-02-2016 03:28:38	Transmitter		INFO	running
21-02-2016 03:28:38	Transmitter		INFO	running
21-02-2016 03:28:38	Transmitter		INFO	running
21-02-2016 03:28:38	Transmitter		INFO	running
21-02-2016 03:28:38	Transmitter		INFO	running
21-02-2016 03:28:38	Transmitter		INFO	running
21-02-2016 03:28:38	Transmitter		INFO	running
21-02-2016 03:28:38	Transmitter		INFO	running
21-02-2016 03:28:38	CameraInterface		INFO	Read successful
21-02-2016 03:28:38	Transmitter		INFO	running
21-02-2016 03:28:38	Transmitter		INFO	running
21-02-2016 03:28:38	Transmitter		INFO	running
21-02-2016 03:28:38	Transmitter		INFO	running
21-02-2016 03:28:38	Controller		INFO	sending to transmitter
21-02-2016 03:28:38	Transmitter		INFO	pushing into buff
21-02-2016 03:28:38	DataProcessor		INFO	polling
21-02-2016 03:28:38	Transmitter		INFO	running
21-02-2016 03:28:38	Transmitter		INFO	getting from buffer
21-02-2016 03:28:38	Transmitter		INFO	sending string: 
21-02-2016 03:28:38	Transmitter		INFO	running
21-02-2016 03:28:38	Transmitter		INFO	running
21-02-2016 03:28:38	Transmitter		INFO	running
21-02-2016 03:28:38	Transmitter		INFO	running
21-02-2016 03:28:38	Transmitter		INFO	running
21-02-2016 03:28:38	Transmitter		INFO	running
21-02-2016 03:28:38	Transmitter		INFO	running
21-02-2016 03:28:38	Transmitter		INFO	running
21-02-2016 03:28:38	Transmitter		INFO	running
21-02-2016 03:28:38	Transmitter		INFO	running
21-02-2016 03:28:38	Transmitter		INFO	running
21-02-2016 03:28:38	Transmitter		INFO	running
21-02-2016 03:28:38	Transmitter		INFO	running
21-02-2016 03:28:38	Transmitter		INFO	running
21-02-2016 03:28:38	Transmitter		INFO	running
21-02-2016 03:28:38	Transmitter		INFO	running
21-02-2016 03:28:38	Transmitter		INFO	running
21-02-2016 03:28:38	Transmitter		INFO	running
21-02-2016 03:28:38	Transmitter		INFO	running
21-02-2016 03:28:38	Transmitter		INFO	running
21-02-2016 03:28:38	Transmitter		INFO	running
21-02-2016 03:28:38	Transmitter		INFO	running
21-02-2016 03:28:38	Transmitter		INFO	running
21-02-2016 03:28:38	Transmitter		INFO	running
21-02-2016 03:28:38	Transmitter		INFO	running
21-02-2016 03:28:38	Transmitter		INFO	running
21-02-2016 03:28:38	Transmitter		INFO	running
21-02-2016 03:28:38	Transmitter		INFO	running
21-02-2016 03:28:38	Transmitter		INFO	running
21-02-2016 03:28:38	Transmitter		INFO	running
21-02-2016 03:28:38	Transmitter		INFO	running
21-02-2016 03:28:38	Transmitter		INFO	running
21-02-2016 03:28:38	Transmitter		INFO	running
21-02-2016 03:28:38	Transmitter		INFO	running
21-02-2016 03:28:38	Transmitter		INFO	running
21-02-2016 03:28:38	Transmitter		INFO	running
21-02-2016 03:28:38	Transmitter		INFO	running
21-02-2016 03:28:38	Transmitter		INFO	running
21-02-2016 03:28:38	Transmitter		INFO	running
21-02-2016 03:28:38	Transmitter		INFO	running
21-02-2016 03:28:38	Transmitter		INFO	running
21-02-2016 03:28:38	Transmitter		INFO	running
21-02-2016 03:28:38	CameraInterface		INFO	Read successful
21-02-2016 03:28:38	Controller		INFO	sending to transmitter
21-02-2016 03:28:38	Controller		INFO	sending to transmitter
21-02-2016 03:28:38	Transmitter		INFO	running
21-02-2016 03:28:38	Transmitter		INFO	pushing into buff
21-02-2016 03:28:38	Transmitter		INFO	running
21-02-2016 03:28:38	Transmitter		INFO	getting from buffer
21-02-2016 03:28:38	Transmitter		INFO	sending string: 
21-02-2016 03:28:38	DataProcessor		INFO	polling
21-02-2016 03:28:38	Transmitter		INFO	running
21-02-2016 03:28:38	Transmitter		INFO	running
21-02-2016 03:28:38	Transmitter		INFO	running
21-02-2016 03:28:38	Transmitter		INFO	running
21-02-2016 03:28:38	Transmitter		INFO	running
21-02-2016 03:28:38	Transmitter		INFO	running
21-02-2016 03:28:38	Transmitter		INFO	running
21-02-2016 03:28:38	Transmitter		INFO	running
21-02-2016 03:28:38	Transmitter		INFO	running
21-02-2016 03:28:38	Transmitter		INFO	running
21-02-2016 03:28:38	Transmitter		INFO	running
21-02-2016 03:28:38	Transmitter		INFO	running
21-02-2016 03:28:38	Transmitter		INFO	running
21-02-2016 03:28:38	Transmitter		INFO	running
21-02-2016 03:28:38	Transmitter		INFO	running
21-02-2016 03:28:38	Transmitter		INFO	running
21-02-2016 03:28:38	Transmitter		INFO	running
21-02-2016 03:28:39	Transmitter		INFO	running
21-02-2016 03:28:39	Transmitter		INFO	running
21-02-2016 03:28:39	Transmitter		INFO	running
21-02-2016 03:28:39	Transmitter		INFO	running
21-02-2016 03:28:39	Transmitter		INFO	running
21-02-2016 03:28:39	Transmitter		INFO	running
21-02-2016 03:28:39	Transmitter		INFO	running
21-02-2016 03:28:39	Transmitter		INFO	running
21-02-2016 03:28:39	Transmitter		INFO	running
21-02-2016 03:28:39	Transmitter		INFO	running
21-02-2016 03:28:39	Transmitter		INFO	running
21-02-2016 03:28:39	Transmitter		INFO	running
21-02-2016 03:28:39	Transmitter		INFO	running
21-02-2016 03:28:39	Transmitter		INFO	running
21-02-2016 03:28:39	Transmitter		INFO	running
21-02-2016 03:28:39	Transmitter		INFO	running
21-02-2016 03:28:39	Transmitter		INFO	running
21-02-2016 03:28:39	Transmitter		INFO	running
21-02-2016 03:28:39	Transmitter		INFO	running
21-02-2016 03:28:39	Transmitter		INFO	running
21-02-2016 03:28:39	Transmitter		INFO	running
21-02-2016 03:28:39	Transmitter		INFO	running
21-02-2016 03:28:39	Transmitter		INFO	running
21-02-2016 03:28:39	Transmitter		INFO	running
21-02-2016 03:28:39	Transmitter		INFO	running
21-02-2016 03:28:39	Transmitter		INFO	running
21-02-2016 03:28:39	Transmitter		INFO	running
21-02-2016 03:28:39	Transmitter		INFO	running
21-02-2016 03:28:39	Transmitter		INFO	running
21-02-2016 03:28:39	Transmitter		INFO	running
21-02-2016 03:28:39	Transmitter		INFO	running
21-02-2016 03:28:39	CameraInterface		INFO	Read successful
21-02-2016 03:28:39	Controller		INFO	sending to transmitter
21-02-2016 03:28:39	Transmitter		INFO	pushing into buff
21-02-2016 03:28:39	DataProcessor		INFO	polling
21-02-2016 03:28:39	Transmitter		INFO	running
21-02-2016 03:28:39	Transmitter		INFO	getting from buffer
21-02-2016 03:28:39	Transmitter		INFO	sending string: 
21-02-2016 03:28:39	Transmitter		INFO	running
21-02-2016 03:28:39	Transmitter		INFO	running
21-02-2016 03:28:39	Transmitter		INFO	running
21-02-2016 03:28:39	Transmitter		INFO	running
21-02-2016 03:28:39	Transmitter		INFO	running
21-02-2016 03:28:39	Transmitter		INFO	running
21-02-2016 03:28:39	Transmitter		INFO	running
21-02-2016 03:28:39	Transmitter		INFO	running
21-02-2016 03:28:39	Transmitter		INFO	running
21-02-2016 03:28:39	Transmitter		INFO	running
21-02-2016 03:28:39	Transmitter		INFO	running
21-02-2016 03:28:39	Transmitter		INFO	running
21-02-2016 03:28:39	Transmitter		INFO	running
21-02-2016 03:28:39	Transmitter		INFO	running
21-02-2016 03:28:39	Transmitter		INFO	running
21-02-2016 03:28:39	Transmitter		INFO	running
21-02-2016 03:28:39	Transmitter		INFO	running
21-02-2016 03:28:39	Transmitter		INFO	running
21-02-2016 03:28:39	Transmitter		INFO	running
21-02-2016 03:28:39	Transmitter		INFO	running
21-02-2016 03:28:39	Transmitter		INFO	running
21-02-2016 03:28:39	Transmitter		INFO	running
21-02-2016 03:28:39	Transmitter		INFO	running
21-02-2016 03:28:39	Transmitter		INFO	running
21-02-2016 03:28:39	Transmitter		INFO	running
21-02-2016 03:28:39	Transmitter		INFO	running
21-02-2016 03:28:39	Transmitter		INFO	running
21-02-2016 03:28:39	Transmitter		INFO	running
21-02-2016 03:28:39	Transmitter		INFO	running
21-02-2016 03:28:39	Transmitter		INFO	running
21-02-2016 03:28:39	Transmitter		INFO	running
21-02-2016 03:28:39	Transmitter		INFO	running
21-02-2016 03:28:39	Transmitter		INFO	running
21-02-2016 03:28:39	Transmitter		INFO	running
21-02-2016 03:28:39	Transmitter		INFO	running
21-02-2016 03:28:39	Transmitter		INFO	running
21-02-2016 03:28:39	Transmitter		INFO	running
21-02-2016 03:28:39	Transmitter		INFO	running
21-02-2016 03:28:39	Transmitter		INFO	running
21-02-2016 03:28:39	Transmitter		INFO	running
21-02-2016 03:28:39	Transmitter		INFO	running
21-02-2016 03:28:39	Transmitter		INFO	running
21-02-2016 03:28:39	Transmitter		INFO	running
21-02-2016 03:28:39	Transmitter		INFO	running
21-02-2016 03:28:39	CameraInterface		INFO	Read successful
21-02-2016 03:28:39	Controller		INFO	sending to transmitter
21-02-2016 03:28:39	Transmitter		INFO	pushing into buff
21-02-2016 03:28:39	Transmitter		INFO	running
21-02-2016 03:28:39	Transmitter		INFO	getting from buffer
21-02-2016 03:28:39	Transmitter		INFO	sending string: 
21-02-2016 03:28:39	DataProcessor		INFO	polling
21-02-2016 03:28:39	Transmitter		INFO	running
21-02-2016 03:28:39	Transmitter		INFO	running
21-02-2016 03:28:39	Transmitter		INFO	running
21-02-2016 03:28:39	Transmitter		INFO	running
21-02-2016 03:28:39	Transmitter		INFO	running
21-02-2016 03:28:39	Transmitter		INFO	running
21-02-2016 03:28:39	Transmitter		INFO	running
21-02-2016 03:28:39	Transmitter		INFO	running
21-02-2016 03:28:39	Transmitter		INFO	running
21-02-2016 03:28:39	Transmitter		INFO	running
21-02-2016 03:28:39	Transmitter		INFO	running
21-02-2016 03:28:39	Transmitter		INFO	running
21-02-2016 03:28:39	Transmitter		INFO	running
21-02-2016 03:28:40	Transmitter		INFO	running
21-02-2016 03:28:40	Transmitter		INFO	running
21-02-2016 03:28:40	Transmitter		INFO	running
21-02-2016 03:28:40	Transmitter		INFO	running
21-02-2016 03:28:40	Transmitter		INFO	running
21-02-2016 03:28:40	Transmitter		INFO	running
21-02-2016 03:28:40	Transmitter		INFO	running
21-02-2016 03:28:40	Transmitter		INFO	running
21-02-2016 03:28:40	Transmitter		INFO	running
21-02-2016 03:28:40	Transmitter		INFO	running
21-02-2016 03:28:40	Transmitter		INFO	running
21-02-2016 03:28:40	Transmitter		INFO	running
21-02-2016 03:28:40	Transmitter		INFO	running
21-02-2016 03:28:40	Transmitter		INFO	running
21-02-2016 03:28:40	Transmitter		INFO	running
21-02-2016 03:28:40	Transmitter		INFO	running
21-02-2016 03:28:40	Transmitter		INFO	running
21-02-2016 03:28:40	Transmitter		INFO	running
21-02-2016 03:28:40	Transmitter		INFO	running
21-02-2016 03:28:40	Transmitter		INFO	running
21-02-2016 03:28:40	Transmitter		INFO	running
21-02-2016 03:28:40	Transmitter		INFO	running
21-02-2016 03:28:40	Transmitter		INFO	running
21-02-2016 03:28:40	Transmitter		INFO	running
21-02-2016 03:28:40	Transmitter		INFO	running
21-02-2016 03:28:40	Transmitter		INFO	running
21-02-2016 03:28:40	Transmitter		INFO	running
21-02-2016 03:28:40	Transmitter		INFO	running
21-02-2016 03:28:40	Transmitter		INFO	running
21-02-2016 03:28:40	Transmitter		INFO	running
21-02-2016 03:28:40	Transmitter		INFO	running
21-02-2016 03:28:40	Transmitter		INFO	running
21-02-2016 03:28:40	CameraInterface		INFO	Read successful
21-02-2016 03:28:40	Controller		INFO	sending to transmitter
21-02-2016 03:28:40	Transmitter		INFO	running
21-02-2016 03:28:40	Transmitter		INFO	pushing into buff
21-02-2016 03:28:40	Transmitter		INFO	pushing into buff
21-02-2016 03:28:40	Transmitter		INFO	running
21-02-2016 03:28:40	DataProcessor		INFO	polling
21-02-2016 03:28:40	Transmitter		INFO	getting from buffer
21-02-2016 03:28:40	Transmitter		INFO	sending string: 
21-02-2016 03:28:40	Transmitter		INFO	running
21-02-2016 03:28:40	Transmitter		INFO	running
21-02-2016 03:28:40	Transmitter		INFO	running
21-02-2016 03:28:40	Transmitter		INFO	running
21-02-2016 03:28:40	Transmitter		INFO	running
21-02-2016 03:28:40	Transmitter		INFO	running
21-02-2016 03:28:40	Transmitter		INFO	running
21-02-2016 03:28:40	Transmitter		INFO	running
21-02-2016 03:28:40	Transmitter		INFO	running
21-02-2016 03:28:40	Transmitter		INFO	running
21-02-2016 03:28:40	Transmitter		INFO	running
21-02-2016 03:28:40	Transmitter		INFO	running
21-02-2016 03:28:40	Transmitter		INFO	running
21-02-2016 03:28:40	Transmitter		INFO	running
21-02-2016 03:28:40	Transmitter		INFO	running
21-02-2016 03:28:40	Transmitter		INFO	running
21-02-2016 03:28:40	Transmitter		INFO	running
21-02-2016 03:28:40	Transmitter		INFO	running
21-02-2016 03:28:40	Transmitter		INFO	running
21-02-2016 03:28:40	Transmitter		INFO	running
21-02-2016 03:28:40	Transmitter		INFO	running
21-02-2016 03:28:40	Transmitter		INFO	running
21-02-2016 03:28:40	Transmitter		INFO	running
21-02-2016 03:28:40	Transmitter		INFO	running
21-02-2016 03:28:40	Transmitter		INFO	running
21-02-2016 03:28:40	Transmitter		INFO	running
21-02-2016 03:28:40	Transmitter		INFO	running
21-02-2016 03:28:40	Transmitter		INFO	running
21-02-2016 03:28:40	Transmitter		INFO	running
21-02-2016 03:28:40	Transmitter		INFO	running
21-02-2016 03:28:40	Transmitter		INFO	running
21-02-2016 03:28:40	Transmitter		INFO	running
21-02-2016 03:28:40	Transmitter		INFO	running
21-02-2016 03:28:40	Transmitter		INFO	running
21-02-2016 03:28:40	Transmitter		INFO	running
21-02-2016 03:28:40	Transmitter		INFO	running
21-02-2016 03:28:40	Transmitter		INFO	running
21-02-2016 03:28:40	Transmitter		INFO	running
21-02-2016 03:28:40	Transmitter		INFO	running
21-02-2016 03:28:40	Transmitter		INFO	running
21-02-2016 03:28:40	CameraInterface		INFO	Read successful
21-02-2016 03:28:40	Transmitter		INFO	running
21-02-2016 03:28:40	Transmitter		INFO	running
21-02-2016 03:28:40	Controller		INFO	sending to transmitter
21-02-2016 03:28:40	Transmitter		INFO	running
21-02-2016 03:28:40	Transmitter		INFO	running
21-02-2016 03:28:40	Transmitter		INFO	running
21-02-2016 03:28:40	Transmitter		INFO	pushing into buff
21-02-2016 03:28:40	DataProcessor		INFO	polling
21-02-2016 03:28:40	Transmitter		INFO	running
21-02-2016 03:28:40	Transmitter		INFO	getting from buffer
21-02-2016 03:28:40	Transmitter		INFO	sending string: 
21-02-2016 03:28:40	Transmitter		INFO	running
21-02-2016 03:28:40	Transmitter		INFO	running
21-02-2016 03:28:40	Transmitter		INFO	running
21-02-2016 03:28:40	Transmitter		INFO	running
21-02-2016 03:28:41	Transmitter		INFO	running
21-02-2016 03:28:41	Transmitter		INFO	running
21-02-2016 03:28:41	Transmitter		INFO	running
21-02-2016 03:28:41	Transmitter		INFO	running
21-02-2016 03:28:41	Transmitter		INFO	running
21-02-2016 03:28:41	Transmitter		INFO	running
21-02-2016 03:28:41	Transmitter		INFO	running
21-02-2016 03:28:41	Transmitter		INFO	running
21-02-2016 03:28:41	Transmitter		INFO	running
21-02-2016 03:28:41	Transmitter		INFO	running
21-02-2016 03:28:41	Transmitter		INFO	running
21-02-2016 03:28:41	Transmitter		INFO	running
21-02-2016 03:28:41	Transmitter		INFO	running
21-02-2016 03:28:41	Transmitter		INFO	running
21-02-2016 03:28:41	Transmitter		INFO	running
21-02-2016 03:28:41	Transmitter		INFO	running
21-02-2016 03:28:41	Transmitter		INFO	running
21-02-2016 03:28:41	Transmitter		INFO	running
21-02-2016 03:28:41	Transmitter		INFO	running
21-02-2016 03:28:41	Transmitter		INFO	running
21-02-2016 03:28:41	Transmitter		INFO	running
21-02-2016 03:28:41	Transmitter		INFO	running
21-02-2016 03:28:41	Transmitter		INFO	running
21-02-2016 03:28:41	Transmitter		INFO	running
21-02-2016 03:28:41	Transmitter		INFO	running
21-02-2016 03:28:41	Transmitter		INFO	running
21-02-2016 03:28:41	Transmitter		INFO	running
21-02-2016 03:28:41	Transmitter		INFO	running
21-02-2016 03:28:41	Transmitter		INFO	running
21-02-2016 03:28:41	Transmitter		INFO	running
21-02-2016 03:28:41	Transmitter		INFO	running
21-02-2016 03:28:41	Transmitter		INFO	running
21-02-2016 03:28:41	Transmitter		INFO	running
21-02-2016 03:28:41	Transmitter		INFO	running
21-02-2016 03:28:41	Transmitter		INFO	running
21-02-2016 03:28:41	CameraInterface		INFO	Read successful
21-02-2016 03:28:41	Controller		INFO	sending to transmitter
21-02-2016 03:28:41	Transmitter		INFO	pushing into buff
21-02-2016 03:28:41	Transmitter		INFO	running
21-02-2016 03:28:41	DataProcessor		INFO	polling
21-02-2016 03:28:41	Transmitter		INFO	getting from buffer
21-02-2016 03:28:41	Transmitter		INFO	sending string: 
21-02-2016 03:28:41	Transmitter		INFO	running
21-02-2016 03:28:41	Transmitter		INFO	running
21-02-2016 03:28:41	Transmitter		INFO	running
21-02-2016 03:28:41	Transmitter		INFO	running
21-02-2016 03:28:41	Transmitter		INFO	running
21-02-2016 03:28:41	Transmitter		INFO	running
21-02-2016 03:28:41	Transmitter		INFO	running
21-02-2016 03:28:41	Transmitter		INFO	running
21-02-2016 03:28:41	Transmitter		INFO	running
21-02-2016 03:28:41	Transmitter		INFO	running
21-02-2016 03:28:41	Transmitter		INFO	running
21-02-2016 03:28:41	Transmitter		INFO	running
21-02-2016 03:28:41	Transmitter		INFO	running
21-02-2016 03:28:41	Transmitter		INFO	running
21-02-2016 03:28:41	Transmitter		INFO	running
21-02-2016 03:28:41	Transmitter		INFO	running
21-02-2016 03:28:41	Transmitter		INFO	running
21-02-2016 03:28:41	Transmitter		INFO	running
21-02-2016 03:28:41	Transmitter		INFO	running
21-02-2016 03:28:41	Transmitter		INFO	running
21-02-2016 03:28:41	Transmitter		INFO	running
21-02-2016 03:28:41	Transmitter		INFO	running
21-02-2016 03:28:41	Transmitter		INFO	running
21-02-2016 03:28:41	Transmitter		INFO	running
21-02-2016 03:28:41	Transmitter		INFO	running
21-02-2016 03:28:41	Transmitter		INFO	running
21-02-2016 03:28:41	Transmitter		INFO	running
21-02-2016 03:28:41	Transmitter		INFO	running
21-02-2016 03:28:41	Transmitter		INFO	running
21-02-2016 03:28:41	Transmitter		INFO	running
21-02-2016 03:28:41	Transmitter		INFO	running
21-02-2016 03:28:41	Transmitter		INFO	running
21-02-2016 03:28:41	Transmitter		INFO	running
21-02-2016 03:28:41	Transmitter		INFO	running
21-02-2016 03:28:41	Transmitter		INFO	running
21-02-2016 03:28:41	Transmitter		INFO	running
21-02-2016 03:28:41	Transmitter		INFO	running
21-02-2016 03:28:41	Transmitter		INFO	running
21-02-2016 03:28:41	Transmitter		INFO	running
21-02-2016 03:28:41	Transmitter		INFO	running
21-02-2016 03:28:41	Transmitter		INFO	running
21-02-2016 03:28:41	Transmitter		INFO	running
21-02-2016 03:28:41	CameraInterface		INFO	Read successful
21-02-2016 03:28:41	Controller		INFO	sending to transmitter
21-02-2016 03:28:41	Transmitter		INFO	pushing into buff
21-02-2016 03:28:41	Transmitter		INFO	running
21-02-2016 03:28:41	Transmitter		INFO	getting from buffer
21-02-2016 03:28:41	Transmitter		INFO	sending string: 
21-02-2016 03:28:41	DataProcessor		INFO	polling
21-02-2016 03:28:41	Transmitter		INFO	running
21-02-2016 03:28:41	Transmitter		INFO	running
21-02-2016 03:28:41	Transmitter		INFO	running
21-02-2016 03:28:41	Transmitter		INFO	running
21-02-2016 03:28:41	Transmitter		INFO	running
21-02-2016 03:28:41	Transmitter		INFO	running
21-02-2016 03:28:41	Transmitter		INFO	running
21-02-2016 03:28:41	Transmitter		INFO	running
21-02-2016 03:28:41	Transmitter		INFO	running
21-02-2016 03:28:41	Transmitter		INFO	running
21-02-2016 03:28:41	Transmitter		INFO	running
21-02-2016 03:28:41	Transmitter		INFO	running
21-02-2016 03:28:41	Transmitter		INFO	running
21-02-2016 03:28:41	Transmitter		INFO	running
21-02-2016 03:28:41	Transmitter		INFO	running
21-02-2016 03:28:41	Transmitter		INFO	running
21-02-2016 03:28:42	Transmitter		INFO	running
21-02-2016 03:28:42	Transmitter		INFO	running
21-02-2016 03:28:42	Transmitter		INFO	running
21-02-2016 03:28:42	Transmitter		INFO	running
21-02-2016 03:28:42	Transmitter		INFO	running
21-02-2016 03:28:42	Transmitter		INFO	running
21-02-2016 03:28:42	Transmitter		INFO	running
21-02-2016 03:28:42	Transmitter		INFO	running
21-02-2016 03:28:42	Transmitter		INFO	running
21-02-2016 03:28:42	Transmitter		INFO	running
21-02-2016 03:28:42	Transmitter		INFO	running
21-02-2016 03:28:42	Transmitter		INFO	running
21-02-2016 03:28:42	Transmitter		INFO	running
21-02-2016 03:28:42	Transmitter		INFO	running
21-02-2016 03:28:42	Transmitter		INFO	running
21-02-2016 03:28:42	Transmitter		INFO	running
21-02-2016 03:28:42	CameraInterface		INFO	Read successful
21-02-2016 03:28:42	Controller		INFO	sending to transmitter
21-02-2016 03:28:42	Transmitter		INFO	pushing into buff
21-02-2016 03:28:42	DataProcessor		INFO	polling
21-02-2016 03:28:42	Transmitter		INFO	running
21-02-2016 03:28:42	Transmitter		INFO	getting from buffer
21-02-2016 03:28:42	Transmitter		INFO	sending string: 
21-02-2016 03:28:42	Transmitter		INFO	running
21-02-2016 03:28:42	Transmitter		INFO	running
21-02-2016 03:28:42	Transmitter		INFO	running
21-02-2016 03:28:42	Transmitter		INFO	running
21-02-2016 03:28:42	Transmitter		INFO	running
21-02-2016 03:28:42	Transmitter		INFO	running
21-02-2016 03:28:42	Transmitter		INFO	running
21-02-2016 03:28:42	Transmitter		INFO	running
21-02-2016 03:28:42	Transmitter		INFO	running
21-02-2016 03:28:42	Transmitter		INFO	running
21-02-2016 03:28:42	Transmitter		INFO	running
21-02-2016 03:28:42	Transmitter		INFO	running
21-02-2016 03:28:42	Transmitter		INFO	running
21-02-2016 03:28:42	Transmitter		INFO	running
21-02-2016 03:28:42	Transmitter		INFO	running
21-02-2016 03:28:42	Transmitter		INFO	running
21-02-2016 03:28:42	Transmitter		INFO	running
21-02-2016 03:28:42	Transmitter		INFO	running
21-02-2016 03:28:42	Transmitter		INFO	running
21-02-2016 03:28:42	Transmitter		INFO	running
21-02-2016 03:28:42	Transmitter		INFO	running
21-02-2016 03:28:42	Transmitter		INFO	running
21-02-2016 03:28:42	Transmitter		INFO	running
21-02-2016 03:28:42	Transmitter		INFO	running
21-02-2016 03:28:42	Transmitter		INFO	running
21-02-2016 03:28:42	Transmitter		INFO	running
21-02-2016 03:28:42	Transmitter		INFO	running
21-02-2016 03:28:42	Transmitter		INFO	running
21-02-2016 03:28:42	Transmitter		INFO	running
21-02-2016 03:28:42	Transmitter		INFO	running
21-02-2016 03:28:42	Transmitter		INFO	running
21-02-2016 03:28:42	Transmitter		INFO	running
21-02-2016 03:28:42	Transmitter		INFO	running
21-02-2016 03:28:42	Transmitter		INFO	running
21-02-2016 03:28:42	Transmitter		INFO	running
21-02-2016 03:28:42	Transmitter		INFO	running
21-02-2016 03:28:42	Transmitter		INFO	running
21-02-2016 03:28:42	Transmitter		INFO	running
21-02-2016 03:28:42	Transmitter		INFO	running
21-02-2016 03:28:42	Transmitter		INFO	running
21-02-2016 03:28:42	Transmitter		INFO	running
21-02-2016 03:28:42	Transmitter		INFO	running
21-02-2016 03:28:42	Transmitter		INFO	running
21-02-2016 03:28:42	Transmitter		INFO	running
21-02-2016 03:28:42	Transmitter		INFO	running
21-02-2016 03:28:42	Transmitter		INFO	running
21-02-2016 03:28:42	Transmitter		INFO	running
21-02-2016 03:28:42	Transmitter		INFO	running
21-02-2016 03:28:42	Transmitter		INFO	running
21-02-2016 03:28:42	Transmitter		INFO	running
21-02-2016 03:28:42	Transmitter		INFO	running
21-02-2016 03:28:42	Transmitter		INFO	running
21-02-2016 03:28:42	CameraInterface		INFO	Read successful
21-02-2016 03:28:42	Controller		INFO	sending to transmitter
21-02-2016 03:28:42	Transmitter		INFO	pushing into buff
21-02-2016 03:28:42	Transmitter		INFO	running
21-02-2016 03:28:42	Transmitter		INFO	getting from buffer
21-02-2016 03:28:42	Transmitter		INFO	sending string: 
21-02-2016 03:28:42	DataProcessor		INFO	polling
21-02-2016 03:28:42	Transmitter		INFO	running
21-02-2016 03:28:42	Transmitter		INFO	running
21-02-2016 03:28:42	Transmitter		INFO	running
21-02-2016 03:28:42	Transmitter		INFO	running
21-02-2016 03:28:42	Transmitter		INFO	running
21-02-2016 03:28:42	Transmitter		INFO	running
21-02-2016 03:28:42	Transmitter		INFO	running
21-02-2016 03:28:42	Transmitter		INFO	running
21-02-2016 03:28:42	Transmitter		INFO	running
21-02-2016 03:28:42	Transmitter		INFO	running
21-02-2016 03:28:42	Transmitter		INFO	running
21-02-2016 03:28:42	Transmitter		INFO	running
21-02-2016 03:28:42	Transmitter		INFO	running
21-02-2016 03:28:42	Transmitter		INFO	running
21-02-2016 03:28:42	Transmitter		INFO	running
21-02-2016 03:28:42	Transmitter		INFO	running
21-02-2016 03:28:42	Transmitter		INFO	running
21-02-2016 03:28:42	Transmitter		INFO	running
21-02-2016 03:28:42	Transmitter		INFO	running
21-02-2016 03:28:42	Transmitter		INFO	running
21-02-2016 03:28:42	Transmitter		INFO	running
21-02-2016 03:28:42	Transmitter		INFO	running
21-02-2016 03:28:42	Transmitter		INFO	running
21-02-2016 03:28:42	Transmitter		INFO	running
21-02-2016 03:28:42	Transmitter		INFO	running
21-02-2016 03:28:42	Transmitter		INFO	running
21-02-2016 03:28:42	Transmitter		INFO	running
21-02-2016 03:28:42	Transmitter		INFO	running
21-02-2016 03:28:42	Transmitter		INFO	running
21-02-2016 03:28:42	Transmitter		INFO	running
21-02-2016 03:28:42	Transmitter		INFO	running
21-02-2016 03:28:42	Transmitter		INFO	running
21-02-2016 03:28:42	Transmitter		INFO	running
21-02-2016 03:28:42	Transmitter		INFO	running
21-02-2016 03:28:42	Transmitter		INFO	running
21-02-2016 03:28:42	Transmitter		INFO	running
21-02-2016 03:28:42	Transmitter		INFO	running
21-02-2016 03:28:43	Transmitter		INFO	running
21-02-2016 03:28:43	Transmitter		INFO	running
21-02-2016 03:28:43	Transmitter		INFO	running
21-02-2016 03:28:43	Transmitter		INFO	running
21-02-2016 03:28:43	Transmitter		INFO	running
21-02-2016 03:28:43	Transmitter		INFO	running
21-02-2016 03:28:43	CameraInterface		INFO	Read successful
21-02-2016 03:28:43	Controller		INFO	sending to transmitter
21-02-2016 03:28:43	Transmitter		INFO	pushing into buff
21-02-2016 03:28:43	Transmitter		INFO	running
21-02-2016 03:28:43	Transmitter		INFO	getting from buffer
21-02-2016 03:28:43	Transmitter		INFO	sending string: 
21-02-2016 03:28:43	DataProcessor		INFO	polling
21-02-2016 03:28:43	Transmitter		INFO	running
21-02-2016 03:28:43	Transmitter		INFO	running
21-02-2016 03:28:43	Transmitter		INFO	running
21-02-2016 03:28:43	Transmitter		INFO	running
21-02-2016 03:28:43	Transmitter		INFO	running
21-02-2016 03:28:43	Transmitter		INFO	running
21-02-2016 03:28:43	Transmitter		INFO	running
21-02-2016 03:28:43	Transmitter		INFO	running
21-02-2016 03:28:43	Transmitter		INFO	running
21-02-2016 03:28:43	Transmitter		INFO	running
21-02-2016 03:28:43	Transmitter		INFO	running
21-02-2016 03:28:43	Transmitter		INFO	running
21-02-2016 03:28:43	Transmitter		INFO	running
21-02-2016 03:28:43	Transmitter		INFO	running
21-02-2016 03:28:43	Transmitter		INFO	running
21-02-2016 03:28:43	Transmitter		INFO	running
21-02-2016 03:28:43	Transmitter		INFO	running
21-02-2016 03:28:43	Transmitter		INFO	running
21-02-2016 03:28:43	Transmitter		INFO	running
21-02-2016 03:28:43	Transmitter		INFO	running
21-02-2016 03:28:43	Transmitter		INFO	running
21-02-2016 03:28:43	Transmitter		INFO	running
21-02-2016 03:28:43	Transmitter		INFO	running
21-02-2016 03:28:43	Transmitter		INFO	running
21-02-2016 03:28:43	Transmitter		INFO	running
21-02-2016 03:28:43	Transmitter		INFO	running
21-02-2016 03:28:43	Transmitter		INFO	running
21-02-2016 03:28:43	Transmitter		INFO	running
21-02-2016 03:28:43	Transmitter		INFO	running
21-02-2016 03:28:43	Transmitter		INFO	running
21-02-2016 03:28:43	Transmitter		INFO	running
21-02-2016 03:28:43	Transmitter		INFO	running
21-02-2016 03:28:43	Transmitter		INFO	running
21-02-2016 03:28:43	Transmitter		INFO	running
21-02-2016 03:28:43	Transmitter		INFO	running
21-02-2016 03:28:43	Transmitter		INFO	running
21-02-2016 03:28:43	Transmitter		INFO	running
21-02-2016 03:28:43	Transmitter		INFO	running
21-02-2016 03:28:43	Transmitter		INFO	running
21-02-2016 03:28:43	Transmitter		INFO	running
21-02-2016 03:28:43	Transmitter		INFO	running
21-02-2016 03:28:43	Transmitter		INFO	running
21-02-2016 03:28:43	Transmitter		INFO	running
21-02-2016 03:28:43	Transmitter		INFO	running
21-02-2016 03:28:43	Transmitter		INFO	running
21-02-2016 03:28:43	Transmitter		INFO	running
21-02-2016 03:28:43	Transmitter		INFO	running
21-02-2016 03:28:43	Transmitter		INFO	running
21-02-2016 03:28:43	CameraInterface		INFO	Read successful
21-02-2016 03:28:43	Controller		INFO	sending to transmitter
21-02-2016 03:28:43	Controller		INFO	sending to transmitter
21-02-2016 03:28:43	Transmitter		INFO	running
21-02-2016 03:28:43	Transmitter		INFO	running
21-02-2016 03:28:43	Transmitter		INFO	pushing into buff
21-02-2016 03:28:43	DataProcessor		INFO	polling
21-02-2016 03:28:43	Transmitter		INFO	running
21-02-2016 03:28:43	Transmitter		INFO	getting from buffer
21-02-2016 03:28:43	Transmitter		INFO	sending string: 
21-02-2016 03:28:43	Transmitter		INFO	running
21-02-2016 03:28:43	Transmitter		INFO	running
21-02-2016 03:28:43	Transmitter		INFO	running
21-02-2016 03:28:43	Transmitter		INFO	running
21-02-2016 03:28:43	Transmitter		INFO	running
21-02-2016 03:28:43	Transmitter		INFO	running
21-02-2016 03:28:43	Transmitter		INFO	running
21-02-2016 03:28:43	Transmitter		INFO	running
21-02-2016 03:28:43	Transmitter		INFO	running
21-02-2016 03:28:43	Transmitter		INFO	running
21-02-2016 03:28:43	Transmitter		INFO	running
21-02-2016 03:28:43	Transmitter		INFO	running
21-02-2016 03:28:43	Transmitter		INFO	running
21-02-2016 03:28:43	Transmitter		INFO	running
21-02-2016 03:28:43	Transmitter		INFO	running
21-02-2016 03:28:43	Transmitter		INFO	running
21-02-2016 03:28:43	Transmitter		INFO	running
21-02-2016 03:28:43	Transmitter		INFO	running
21-02-2016 03:28:43	Transmitter		INFO	running
21-02-2016 03:28:43	Transmitter		INFO	running
21-02-2016 03:28:43	Transmitter		INFO	running
21-02-2016 03:28:43	Transmitter		INFO	running
21-02-2016 03:28:43	Transmitter		INFO	running
21-02-2016 03:28:43	Transmitter		INFO	running
21-02-2016 03:28:43	Transmitter		INFO	running
21-02-2016 03:28:43	Transmitter		INFO	running
21-02-2016 03:28:43	Transmitter		INFO	running
21-02-2016 03:28:43	Transmitter		INFO	running
21-02-2016 03:28:43	Transmitter		INFO	running
21-02-2016 03:28:43	Transmitter		INFO	running
21-02-2016 03:28:43	Transmitter		INFO	running
21-02-2016 03:28:43	Transmitter		INFO	running
21-02-2016 03:28:44	Transmitter		INFO	running
21-02-2016 03:28:44	Transmitter		INFO	running
21-02-2016 03:28:44	Transmitter		INFO	running
21-02-2016 03:28:44	Transmitter		INFO	running
21-02-2016 03:28:44	Transmitter		INFO	running
21-02-2016 03:28:44	Transmitter		INFO	running
21-02-2016 03:28:44	Transmitter		INFO	running
21-02-2016 03:28:44	Transmitter		INFO	running
21-02-2016 03:28:44	Transmitter		INFO	running
21-02-2016 03:28:44	CameraInterface		INFO	Read successful
21-02-2016 03:28:44	Controller		INFO	sending to transmitter
21-02-2016 03:28:44	Transmitter		INFO	running
21-02-2016 03:28:44	Transmitter		INFO	pushing into buff
21-02-2016 03:28:44	Transmitter		INFO	running
21-02-2016 03:28:44	Transmitter		INFO	getting from buffer
21-02-2016 03:28:44	Transmitter		INFO	getting from buffer
21-02-2016 03:28:44	DataProcessor		INFO	polling
21-02-2016 03:28:44	Transmitter		INFO	sending string: 
21-02-2016 03:28:44	Transmitter		INFO	running
21-02-2016 03:28:44	Transmitter		INFO	running
21-02-2016 03:28:44	Transmitter		INFO	running
21-02-2016 03:28:44	Transmitter		INFO	running
21-02-2016 03:28:44	Transmitter		INFO	running
21-02-2016 03:28:44	Transmitter		INFO	running
21-02-2016 03:28:44	Transmitter		INFO	running
21-02-2016 03:28:44	Transmitter		INFO	running
21-02-2016 03:28:44	Transmitter		INFO	running
21-02-2016 03:28:44	Transmitter		INFO	running
21-02-2016 03:28:44	Transmitter		INFO	running
21-02-2016 03:28:44	Transmitter		INFO	running
21-02-2016 03:28:44	Transmitter		INFO	running
21-02-2016 03:28:44	Transmitter		INFO	running
21-02-2016 03:28:44	Transmitter		INFO	running
21-02-2016 03:28:44	Transmitter		INFO	running
21-02-2016 03:28:44	Transmitter		INFO	running
21-02-2016 03:28:44	Transmitter		INFO	running
21-02-2016 03:28:44	Transmitter		INFO	running
21-02-2016 03:28:44	Transmitter		INFO	running
21-02-2016 03:28:44	Transmitter		INFO	running
21-02-2016 03:28:44	Transmitter		INFO	running
21-02-2016 03:28:44	Transmitter		INFO	running
21-02-2016 03:28:44	Transmitter		INFO	running
21-02-2016 03:28:44	Transmitter		INFO	running
21-02-2016 03:28:44	Transmitter		INFO	running
21-02-2016 03:28:44	Transmitter		INFO	running
21-02-2016 03:28:44	Transmitter		INFO	running
21-02-2016 03:28:44	Transmitter		INFO	running
21-02-2016 03:28:44	Transmitter		INFO	running
21-02-2016 03:28:44	Transmitter		INFO	running
21-02-2016 03:28:44	Transmitter		INFO	running
21-02-2016 03:28:44	Transmitter		INFO	running
21-02-2016 03:28:44	Transmitter		INFO	running
21-02-2016 03:28:44	Transmitter		INFO	running
21-02-2016 03:28:44	Transmitter		INFO	running
21-02-2016 03:28:44	Transmitter		INFO	running
21-02-2016 03:28:44	Transmitter		INFO	running
21-02-2016 03:28:44	CameraInterface		INFO	Read successful
21-02-2016 03:28:44	Controller		INFO	sending to transmitter
21-02-2016 03:28:44	Transmitter		INFO	pushing into buff
21-02-2016 03:28:44	DataProcessor		INFO	polling
21-02-2016 03:28:44	Transmitter		INFO	running
21-02-2016 03:28:44	Transmitter		INFO	getting from buffer
21-02-2016 03:28:44	Transmitter		INFO	sending string: 
21-02-2016 03:28:44	Transmitter		INFO	running
21-02-2016 03:28:44	Transmitter		INFO	running
21-02-2016 03:28:44	Transmitter		INFO	running
21-02-2016 03:28:44	Transmitter		INFO	running
21-02-2016 03:28:44	Transmitter		INFO	running
21-02-2016 03:28:44	Transmitter		INFO	running
21-02-2016 03:28:44	Transmitter		INFO	running
21-02-2016 03:28:44	Transmitter		INFO	running
21-02-2016 03:28:44	Transmitter		INFO	running
21-02-2016 03:28:44	Transmitter		INFO	running
21-02-2016 03:28:44	Transmitter		INFO	running
21-02-2016 03:28:44	Transmitter		INFO	running
21-02-2016 03:28:44	Transmitter		INFO	running
21-02-2016 03:28:44	Transmitter		INFO	running
21-02-2016 03:28:44	Transmitter		INFO	running
21-02-2016 03:28:44	Transmitter		INFO	running
21-02-2016 03:28:44	Transmitter		INFO	running
21-02-2016 03:28:44	Transmitter		INFO	running
21-02-2016 03:28:44	Transmitter		INFO	running
21-02-2016 03:28:44	Transmitter		INFO	running
21-02-2016 03:28:44	Transmitter		INFO	running
21-02-2016 03:28:44	Transmitter		INFO	running
21-02-2016 03:28:44	Transmitter		INFO	running
21-02-2016 03:28:44	Transmitter		INFO	running
21-02-2016 03:28:44	Transmitter		INFO	running
21-02-2016 03:28:44	Transmitter		INFO	running
21-02-2016 03:28:44	Transmitter		INFO	running
21-02-2016 03:28:44	Transmitter		INFO	running
21-02-2016 03:28:44	Transmitter		INFO	running
21-02-2016 03:28:44	Transmitter		INFO	running
21-02-2016 03:28:44	Transmitter		INFO	running
21-02-2016 03:28:44	Transmitter		INFO	running
21-02-2016 03:28:44	Transmitter		INFO	running
21-02-2016 03:28:44	Transmitter		INFO	running
21-02-2016 03:28:44	Transmitter		INFO	running
21-02-2016 03:28:44	Transmitter		INFO	running
21-02-2016 03:28:45	Transmitter		INFO	running
21-02-2016 03:28:45	Transmitter		INFO	running
21-02-2016 03:28:45	Transmitter		INFO	running
21-02-2016 03:28:45	Transmitter		INFO	running
21-02-2016 03:28:45	Transmitter		INFO	running
21-02-2016 03:28:45	Transmitter		INFO	running
21-02-2016 03:28:45	Transmitter		INFO	running
21-02-2016 03:28:45	Transmitter		INFO	running
21-02-2016 03:28:45	Transmitter		INFO	running
21-02-2016 03:28:45	Transmitter		INFO	running
21-02-2016 03:28:45	Transmitter		INFO	running
21-02-2016 03:28:45	CameraInterface		INFO	Read successful
21-02-2016 03:28:45	Transmitter		INFO	running
21-02-2016 03:28:45	Transmitter		INFO	running
21-02-2016 03:28:45	Controller		INFO	sending to transmitter
21-02-2016 03:28:45	Transmitter		INFO	pushing into buff
21-02-2016 03:28:45	Transmitter		INFO	running
21-02-2016 03:28:45	Transmitter		INFO	getting from buffer
21-02-2016 03:28:45	Transmitter		INFO	sending string: 
21-02-2016 03:28:45	Transmitter		INFO	sending string: 
21-02-2016 03:28:45	DataProcessor		INFO	polling
21-02-2016 03:28:45	Transmitter		INFO	running
21-02-2016 03:28:45	Transmitter		INFO	running
21-02-2016 03:28:45	Transmitter		INFO	running
21-02-2016 03:28:45	Transmitter		INFO	running
21-02-2016 03:28:45	Transmitter		INFO	running
21-02-2016 03:28:45	Transmitter		INFO	running
21-02-2016 03:28:45	Transmitter		INFO	running
21-02-2016 03:28:45	Transmitter		INFO	running
21-02-2016 03:28:45	Transmitter		INFO	running
21-02-2016 03:28:45	Transmitter		INFO	running
21-02-2016 03:28:45	Transmitter		INFO	running
21-02-2016 03:28:45	Transmitter		INFO	running
21-02-2016 03:28:45	Transmitter		INFO	running
21-02-2016 03:28:45	Transmitter		INFO	running
21-02-2016 03:28:45	Transmitter		INFO	running
21-02-2016 03:28:45	Transmitter		INFO	running
21-02-2016 03:28:45	Transmitter		INFO	running
21-02-2016 03:28:45	Transmitter		INFO	running
21-02-2016 03:28:45	Transmitter		INFO	running
21-02-2016 03:28:45	Transmitter		INFO	running
21-02-2016 03:28:45	Transmitter		INFO	running
21-02-2016 03:28:45	Transmitter		INFO	running
21-02-2016 03:28:45	Transmitter		INFO	running
21-02-2016 03:28:45	Transmitter		INFO	running
21-02-2016 03:28:45	Transmitter		INFO	running
21-02-2016 03:28:45	Transmitter		INFO	running
21-02-2016 03:28:45	Transmitter		INFO	running
21-02-2016 03:28:45	Transmitter		INFO	running
21-02-2016 03:28:45	Transmitter		INFO	running
21-02-2016 03:28:45	Transmitter		INFO	running
21-02-2016 03:28:45	Transmitter		INFO	running
21-02-2016 03:28:45	Transmitter		INFO	running
21-02-2016 03:28:45	Transmitter		INFO	running
21-02-2016 03:28:45	Transmitter		INFO	running
21-02-2016 03:28:45	Transmitter		INFO	running
21-02-2016 03:28:45	Transmitter		INFO	running
21-02-2016 03:28:45	Transmitter		INFO	running
21-02-2016 03:28:45	Transmitter		INFO	running
21-02-2016 03:28:45	Transmitter		INFO	running
21-02-2016 03:28:45	Transmitter		INFO	running
21-02-2016 03:28:45	Transmitter		INFO	running
21-02-2016 03:28:45	Transmitter		INFO	running
21-02-2016 03:28:45	Transmitter		INFO	running
21-02-2016 03:28:45	CameraInterface		INFO	Read successful
21-02-2016 03:28:45	Controller		INFO	sending to transmitter
21-02-2016 03:28:45	Transmitter		INFO	pushing into buff
21-02-2016 03:28:45	Transmitter		INFO	running
21-02-2016 03:28:45	Transmitter		INFO	running
21-02-2016 03:28:45	DataProcessor		INFO	polling
21-02-2016 03:28:45	Transmitter		INFO	getting from buffer
21-02-2016 03:28:45	Transmitter		INFO	sending string: 
21-02-2016 03:28:45	Transmitter		INFO	running
21-02-2016 03:28:45	Transmitter		INFO	running
21-02-2016 03:28:45	Transmitter		INFO	running
21-02-2016 03:28:45	Transmitter		INFO	running
21-02-2016 03:28:45	Transmitter		INFO	running
21-02-2016 03:28:45	Transmitter		INFO	running
21-02-2016 03:28:45	Transmitter		INFO	running
21-02-2016 03:28:45	Transmitter		INFO	running
21-02-2016 03:28:45	Transmitter		INFO	running
21-02-2016 03:28:45	Transmitter		INFO	running
21-02-2016 03:28:45	Transmitter		INFO	running
21-02-2016 03:28:45	Transmitter		INFO	running
21-02-2016 03:28:45	Transmitter		INFO	running
21-02-2016 03:28:45	Transmitter		INFO	running
21-02-2016 03:28:45	Transmitter		INFO	running
21-02-2016 03:28:45	Transmitter		INFO	running
21-02-2016 03:28:45	Transmitter		INFO	running
21-02-2016 03:28:45	Transmitter		INFO	running
21-02-2016 03:28:45	Transmitter		INFO	running
21-02-2016 03:28:45	Transmitter		INFO	running
21-02-2016 03:28:45	Transmitter		INFO	running
21-02-2016 03:28:45	Transmitter		INFO	running
21-02-2016 03:28:45	Transmitter		INFO	running
21-02-2016 03:28:45	Transmitter		INFO	running
21-02-2016 03:28:45	Transmitter		INFO	running
21-02-2016 03:28:45	Transmitter		INFO	running
21-02-2016 03:28:45	Transmitter		INFO	running
21-02-2016 03:28:45	Transmitter		INFO	running
21-02-2016 03:28:45	Transmitter		INFO	running
21-02-2016 03:28:45	Transmitter		INFO	running
21-02-2016 03:28:45	Transmitter		INFO	running
21-02-2016 03:28:45	Transmitter		INFO	running
21-02-2016 03:28:45	Transmitter		INFO	running
21-02-2016 03:28:45	Transmitter		INFO	running
21-02-2016 03:28:45	Transmitter		INFO	running
21-02-2016 03:28:45	Transmitter		INFO	running
21-02-2016 03:28:45	Transmitter		INFO	running
21-02-2016 03:28:45	Transmitter		INFO	running
21-02-2016 03:28:45	Transmitter		INFO	running
21-02-2016 03:28:45	Transmitter		INFO	running
21-02-2016 03:28:45	Transmitter		INFO	running
21-02-2016 03:28:45	Transmitter		INFO	running
21-02-2016 03:28:45	Transmitter		INFO	running
21-02-2016 03:28:45	Transmitter		INFO	running
21-02-2016 03:28:45	Transmitter		INFO	running
21-02-2016 03:28:45	Transmitter		INFO	running
21-02-2016 03:28:46	Transmitter		INFO	running
21-02-2016 03:28:46	Transmitter		INFO	running
21-02-2016 03:28:46	Transmitter		INFO	running
21-02-2016 03:28:46	Transmitter		INFO	running
21-02-2016 03:28:46	Transmitter		INFO	running
21-02-2016 03:28:46	Transmitter		INFO	running
21-02-2016 03:28:46	CameraInterface		INFO	Read successful
21-02-2016 03:28:46	Controller		INFO	sending to transmitter
21-02-2016 03:28:46	Transmitter		INFO	pushing into buff
21-02-2016 03:28:46	DataProcessor		INFO	polling
21-02-2016 03:28:46	Transmitter		INFO	running
21-02-2016 03:28:46	Transmitter		INFO	getting from buffer
21-02-2016 03:28:46	Transmitter		INFO	sending string: 
21-02-2016 03:28:46	Transmitter		INFO	running
21-02-2016 03:28:46	Transmitter		INFO	running
21-02-2016 03:28:46	Transmitter		INFO	running
21-02-2016 03:28:46	Transmitter		INFO	running
21-02-2016 03:28:46	Transmitter		INFO	running
21-02-2016 03:28:46	Transmitter		INFO	running
21-02-2016 03:28:46	Transmitter		INFO	running
21-02-2016 03:28:46	Transmitter		INFO	running
21-02-2016 03:28:46	Transmitter		INFO	running
21-02-2016 03:28:46	Transmitter		INFO	running
21-02-2016 03:28:46	Transmitter		INFO	running
21-02-2016 03:28:46	Transmitter		INFO	running
21-02-2016 03:28:46	Transmitter		INFO	running
21-02-2016 03:28:46	Transmitter		INFO	running
21-02-2016 03:28:46	Transmitter		INFO	running
21-02-2016 03:28:46	Transmitter		INFO	running
21-02-2016 03:28:46	Transmitter		INFO	running
21-02-2016 03:28:46	Transmitter		INFO	running
21-02-2016 03:28:46	Transmitter		INFO	running
21-02-2016 03:28:46	Transmitter		INFO	running
21-02-2016 03:28:46	Transmitter		INFO	running
21-02-2016 03:28:46	Transmitter		INFO	running
21-02-2016 03:28:46	Transmitter		INFO	running
21-02-2016 03:28:46	Transmitter		INFO	running
21-02-2016 03:28:46	Transmitter		INFO	running
21-02-2016 03:28:46	Transmitter		INFO	running
21-02-2016 03:28:46	Transmitter		INFO	running
21-02-2016 03:28:46	Transmitter		INFO	running
21-02-2016 03:28:46	Transmitter		INFO	running
21-02-2016 03:28:46	Transmitter		INFO	running
21-02-2016 03:28:46	Transmitter		INFO	running
21-02-2016 03:28:46	Transmitter		INFO	running
21-02-2016 03:28:46	Transmitter		INFO	running
21-02-2016 03:28:46	Transmitter		INFO	running
21-02-2016 03:28:46	Transmitter		INFO	running
21-02-2016 03:28:46	Transmitter		INFO	running
21-02-2016 03:28:46	Transmitter		INFO	running
21-02-2016 03:28:46	Transmitter		INFO	running
21-02-2016 03:28:46	CameraInterface		INFO	Read successful
21-02-2016 03:28:46	Controller		INFO	sending to transmitter
21-02-2016 03:28:46	Transmitter		INFO	pushing into buff
21-02-2016 03:28:46	DataProcessor		INFO	polling
21-02-2016 03:28:46	Transmitter		INFO	running
21-02-2016 03:28:46	Transmitter		INFO	getting from buffer
21-02-2016 03:28:46	Transmitter		INFO	sending string: 
21-02-2016 03:28:46	Transmitter		INFO	running
21-02-2016 03:28:46	Transmitter		INFO	running
21-02-2016 03:28:46	Transmitter		INFO	running
21-02-2016 03:28:46	Transmitter		INFO	running
21-02-2016 03:28:46	Transmitter		INFO	running
21-02-2016 03:28:46	Transmitter		INFO	running
21-02-2016 03:28:46	Transmitter		INFO	running
21-02-2016 03:28:46	Transmitter		INFO	running
21-02-2016 03:28:46	Transmitter		INFO	running
21-02-2016 03:28:46	Transmitter		INFO	running
21-02-2016 03:28:46	Transmitter		INFO	running
21-02-2016 03:28:46	Transmitter		INFO	running
21-02-2016 03:28:46	Transmitter		INFO	running
21-02-2016 03:28:46	Transmitter		INFO	running
21-02-2016 03:28:46	Transmitter		INFO	running
21-02-2016 03:28:46	Transmitter		INFO	running
21-02-2016 03:28:46	Transmitter		INFO	running
21-02-2016 03:28:46	Transmitter		INFO	running
21-02-2016 03:28:46	Transmitter		INFO	running
21-02-2016 03:28:46	Transmitter		INFO	running
21-02-2016 03:28:46	Transmitter		INFO	running
21-02-2016 03:28:46	Transmitter		INFO	running
21-02-2016 03:28:46	Transmitter		INFO	running
21-02-2016 03:28:46	Transmitter		INFO	running
21-02-2016 03:28:46	Transmitter		INFO	running
21-02-2016 03:28:46	Transmitter		INFO	running
21-02-2016 03:28:46	Transmitter		INFO	running
21-02-2016 03:28:46	Transmitter		INFO	running
21-02-2016 03:28:46	Transmitter		INFO	running
21-02-2016 03:28:46	Transmitter		INFO	running
21-02-2016 03:28:46	Transmitter		INFO	running
21-02-2016 03:28:46	Transmitter		INFO	running
21-02-2016 03:28:46	Transmitter		INFO	running
21-02-2016 03:28:46	Transmitter		INFO	running
21-02-2016 03:28:46	Transmitter		INFO	running
21-02-2016 03:28:46	Transmitter		INFO	running
21-02-2016 03:28:46	Transmitter		INFO	running
21-02-2016 03:28:47	Transmitter		INFO	running
21-02-2016 03:28:47	Transmitter		INFO	running
21-02-2016 03:28:47	CameraInterface		INFO	Read successful
21-02-2016 03:28:47	Transmitter		INFO	running
21-02-2016 03:28:47	Controller		INFO	sending to transmitter
21-02-2016 03:28:47	Transmitter		INFO	pushing into buff
21-02-2016 03:28:47	DataProcessor		INFO	polling
21-02-2016 03:28:47	DataProcessor		INFO	polling
21-02-2016 03:28:47	Transmitter		INFO	running
21-02-2016 03:28:47	Transmitter		INFO	getting from buffer
21-02-2016 03:28:47	Transmitter		INFO	sending string: 
21-02-2016 03:28:47	Transmitter		INFO	running
21-02-2016 03:28:47	Transmitter		INFO	running
21-02-2016 03:28:47	Transmitter		INFO	running
21-02-2016 03:28:47	Transmitter		INFO	running
21-02-2016 03:28:47	Transmitter		INFO	running
21-02-2016 03:28:47	Transmitter		INFO	running
21-02-2016 03:28:47	Transmitter		INFO	running
21-02-2016 03:28:47	Transmitter		INFO	running
21-02-2016 03:28:47	Transmitter		INFO	running
21-02-2016 03:28:47	Transmitter		INFO	running
21-02-2016 03:28:47	Transmitter		INFO	running
21-02-2016 03:28:47	Transmitter		INFO	running
21-02-2016 03:28:47	Transmitter		INFO	running
21-02-2016 03:28:47	Transmitter		INFO	running
21-02-2016 03:28:47	Transmitter		INFO	running
21-02-2016 03:28:47	Transmitter		INFO	running
21-02-2016 03:28:47	Transmitter		INFO	running
21-02-2016 03:28:47	Transmitter		INFO	running
21-02-2016 03:28:47	Transmitter		INFO	running
21-02-2016 03:28:47	Transmitter		INFO	running
21-02-2016 03:28:47	Transmitter		INFO	running
21-02-2016 03:28:47	Transmitter		INFO	running
21-02-2016 03:28:47	Transmitter		INFO	running
21-02-2016 03:28:47	Transmitter		INFO	running
21-02-2016 03:28:47	Transmitter		INFO	running
21-02-2016 03:28:47	Transmitter		INFO	running
21-02-2016 03:28:47	Transmitter		INFO	running
21-02-2016 03:28:47	Transmitter		INFO	running
21-02-2016 03:28:47	Transmitter		INFO	running
21-02-2016 03:28:47	Transmitter		INFO	running
21-02-2016 03:28:47	Transmitter		INFO	running
21-02-2016 03:28:47	Transmitter		INFO	running
21-02-2016 03:28:47	Transmitter		INFO	running
21-02-2016 03:28:47	Transmitter		INFO	running
21-02-2016 03:28:47	Transmitter		INFO	running
21-02-2016 03:28:47	Transmitter		INFO	running
21-02-2016 03:28:47	Transmitter		INFO	running
21-02-2016 03:28:47	Transmitter		INFO	running
21-02-2016 03:28:47	Transmitter		INFO	running
21-02-2016 03:28:47	Transmitter		INFO	running
21-02-2016 03:28:47	Transmitter		INFO	running
21-02-2016 03:28:47	Transmitter		INFO	running
21-02-2016 03:28:47	Transmitter		INFO	running
21-02-2016 03:28:47	Transmitter		INFO	running
21-02-2016 03:28:47	Transmitter		INFO	running
21-02-2016 03:28:47	Transmitter		INFO	running
21-02-2016 03:28:47	Transmitter		INFO	running
21-02-2016 03:28:47	Transmitter		INFO	running
21-02-2016 03:28:47	CameraInterface		INFO	Read successful
21-02-2016 03:28:47	Controller		INFO	sending to transmitter
21-02-2016 03:28:47	Transmitter		INFO	pushing into buff
21-02-2016 03:28:47	Transmitter		INFO	running
21-02-2016 03:28:47	Transmitter		INFO	getting from buffer
21-02-2016 03:28:47	DataProcessor		INFO	polling
21-02-2016 03:28:47	Transmitter		INFO	sending string: 
21-02-2016 03:28:47	Transmitter		INFO	running
21-02-2016 03:28:47	Transmitter		INFO	running
21-02-2016 03:28:47	Transmitter		INFO	running
21-02-2016 03:28:47	Transmitter		INFO	running
21-02-2016 03:28:47	Transmitter		INFO	running
21-02-2016 03:28:47	Transmitter		INFO	running
21-02-2016 03:28:47	Transmitter		INFO	running
21-02-2016 03:28:47	Transmitter		INFO	running
21-02-2016 03:28:47	Transmitter		INFO	running
21-02-2016 03:28:47	Transmitter		INFO	running
21-02-2016 03:28:47	Transmitter		INFO	running
21-02-2016 03:28:47	Transmitter		INFO	running
21-02-2016 03:28:47	Transmitter		INFO	running
21-02-2016 03:28:47	Transmitter		INFO	running
21-02-2016 03:28:47	Transmitter		INFO	running
21-02-2016 03:28:47	Transmitter		INFO	running
21-02-2016 03:28:47	Transmitter		INFO	running
21-02-2016 03:28:47	Transmitter		INFO	running
21-02-2016 03:28:47	Transmitter		INFO	running
21-02-2016 03:28:47	Transmitter		INFO	running
21-02-2016 03:28:47	Transmitter		INFO	running
21-02-2016 03:28:47	Transmitter		INFO	running
21-02-2016 03:28:47	Transmitter		INFO	running
21-02-2016 03:28:47	Transmitter		INFO	running
21-02-2016 03:28:47	Transmitter		INFO	running
21-02-2016 03:28:47	Transmitter		INFO	running
21-02-2016 03:28:47	Transmitter		INFO	running
21-02-2016 03:28:47	Transmitter		INFO	running
21-02-2016 03:28:47	Transmitter		INFO	running
21-02-2016 03:28:47	Transmitter		INFO	running
21-02-2016 03:28:47	Transmitter		INFO	running
21-02-2016 03:28:47	Transmitter		INFO	running
21-02-2016 03:28:47	Transmitter		INFO	running
21-02-2016 03:28:47	Transmitter		INFO	running
21-02-2016 03:28:47	Transmitter		INFO	running
21-02-2016 03:28:47	Transmitter		INFO	running
21-02-2016 03:28:47	Transmitter		INFO	running
21-02-2016 03:28:47	Transmitter		INFO	running
21-02-2016 03:28:47	Transmitter		INFO	running
21-02-2016 03:28:47	Transmitter		INFO	running
21-02-2016 03:28:47	Transmitter		INFO	running
21-02-2016 03:28:47	Transmitter		INFO	running
21-02-2016 03:28:47	Transmitter		INFO	running
21-02-2016 03:28:47	Transmitter		INFO	running
21-02-2016 03:28:47	Transmitter		INFO	running
21-02-2016 03:28:47	CameraInterface		INFO	Read successful
21-02-2016 03:28:48	Controller		INFO	sending to transmitter
21-02-2016 03:28:48	Transmitter		INFO	pushing into buff
21-02-2016 03:28:48	DataProcessor		INFO	polling
21-02-2016 03:28:48	Transmitter		INFO	running
21-02-2016 03:28:48	Transmitter		INFO	getting from buffer
21-02-2016 03:28:48	Transmitter		INFO	sending string: 
21-02-2016 03:28:48	Transmitter		INFO	running
21-02-2016 03:28:48	Transmitter		INFO	running
21-02-2016 03:28:48	Transmitter		INFO	running
21-02-2016 03:28:48	Transmitter		INFO	running
21-02-2016 03:28:48	Transmitter		INFO	running
21-02-2016 03:28:48	Transmitter		INFO	running
21-02-2016 03:28:48	Transmitter		INFO	running
21-02-2016 03:28:48	Transmitter		INFO	running
21-02-2016 03:28:48	Transmitter		INFO	running
21-02-2016 03:28:48	Transmitter		INFO	running
21-02-2016 03:28:48	Transmitter		INFO	running
21-02-2016 03:28:48	Transmitter		INFO	running
21-02-2016 03:28:48	Transmitter		INFO	running
21-02-2016 03:28:48	Transmitter		INFO	running
21-02-2016 03:28:48	Transmitter		INFO	running
21-02-2016 03:28:48	Transmitter		INFO	running
21-02-2016 03:28:48	Transmitter		INFO	running
21-02-2016 03:28:48	Transmitter		INFO	running
21-02-2016 03:28:48	Transmitter		INFO	running
21-02-2016 03:28:48	Transmitter		INFO	running
21-02-2016 03:28:48	Transmitter		INFO	running
21-02-2016 03:28:48	Transmitter		INFO	running
21-02-2016 03:28:48	Transmitter		INFO	running
21-02-2016 03:28:48	Transmitter		INFO	running
21-02-2016 03:28:48	Transmitter		INFO	running
21-02-2016 03:28:48	Transmitter		INFO	running
21-02-2016 03:28:48	Transmitter		INFO	running
21-02-2016 03:28:48	Transmitter		INFO	running
21-02-2016 03:28:48	Transmitter		INFO	running
21-02-2016 03:28:48	Transmitter		INFO	running
21-02-2016 03:28:48	Transmitter		INFO	running
21-02-2016 03:28:48	Transmitter		INFO	running
21-02-2016 03:28:48	Transmitter		INFO	running
21-02-2016 03:28:48	Transmitter		INFO	running
21-02-2016 03:28:48	Transmitter		INFO	running
21-02-2016 03:28:48	Transmitter		INFO	running
21-02-2016 03:28:48	Transmitter		INFO	running
21-02-2016 03:28:48	Transmitter		INFO	running
21-02-2016 03:28:48	Transmitter		INFO	running
21-02-2016 03:28:48	Transmitter		INFO	running
21-02-2016 03:28:48	Transmitter		INFO	running
21-02-2016 03:28:48	Transmitter		INFO	running
21-02-2016 03:28:48	Transmitter		INFO	running
21-02-2016 03:28:48	Transmitter		INFO	running
21-02-2016 03:28:48	Transmitter		INFO	running
21-02-2016 03:28:48	Transmitter		INFO	running
21-02-2016 03:28:48	Transmitter		INFO	running
21-02-2016 03:28:48	Transmitter		INFO	running
21-02-2016 03:28:48	Transmitter		INFO	running
21-02-2016 03:28:48	Transmitter		INFO	running
21-02-2016 03:28:48	Transmitter		INFO	running
21-02-2016 03:28:48	CameraInterface		INFO	Read successful
21-02-2016 03:28:48	Controller		INFO	sending to transmitter
21-02-2016 03:28:48	Transmitter		INFO	pushing into buff
21-02-2016 03:28:48	Transmitter		INFO	running
21-02-2016 03:28:48	Transmitter		INFO	getting from buffer
21-02-2016 03:28:48	Transmitter		INFO	sending string: 
21-02-2016 03:28:48	Transmitter		INFO	running
21-02-2016 03:28:48	Transmitter		INFO	running
21-02-2016 03:28:48	DataProcessor		INFO	polling
21-02-2016 03:28:48	Transmitter		INFO	running
21-02-2016 03:28:48	Transmitter		INFO	running
21-02-2016 03:28:48	Transmitter		INFO	running
21-02-2016 03:28:48	Transmitter		INFO	running
21-02-2016 03:28:48	Transmitter		INFO	running
21-02-2016 03:28:48	Transmitter		INFO	running
21-02-2016 03:28:48	Transmitter		INFO	running
21-02-2016 03:28:48	Transmitter		INFO	running
21-02-2016 03:28:48	Transmitter		INFO	running
21-02-2016 03:28:48	Transmitter		INFO	running
21-02-2016 03:28:48	Transmitter		INFO	running
21-02-2016 03:28:48	Transmitter		INFO	running
21-02-2016 03:28:48	Transmitter		INFO	running
21-02-2016 03:28:48	Transmitter		INFO	running
21-02-2016 03:28:48	Transmitter		INFO	running
21-02-2016 03:28:48	Transmitter		INFO	running
21-02-2016 03:28:48	Transmitter		INFO	running
21-02-2016 03:28:48	Transmitter		INFO	running
21-02-2016 03:28:48	Transmitter		INFO	running
21-02-2016 03:28:48	Transmitter		INFO	running
21-02-2016 03:28:48	Transmitter		INFO	running
21-02-2016 03:28:48	Transmitter		INFO	running
21-02-2016 03:28:48	Transmitter		INFO	running
21-02-2016 03:28:48	Transmitter		INFO	running
21-02-2016 03:28:48	Transmitter		INFO	running
21-02-2016 03:28:48	Transmitter		INFO	running
21-02-2016 03:28:48	Transmitter		INFO	running
21-02-2016 03:28:48	Transmitter		INFO	running
21-02-2016 03:28:48	Transmitter		INFO	running
21-02-2016 03:28:48	Transmitter		INFO	running
21-02-2016 03:28:48	Transmitter		INFO	running
21-02-2016 03:28:48	Transmitter		INFO	running
21-02-2016 03:28:48	Transmitter		INFO	running
21-02-2016 03:28:48	Transmitter		INFO	running
21-02-2016 03:28:48	Transmitter		INFO	running
21-02-2016 03:28:48	Transmitter		INFO	running
21-02-2016 03:28:48	Transmitter		INFO	running
21-02-2016 03:28:48	Transmitter		INFO	running
21-02-2016 03:28:48	Transmitter		INFO	running
21-02-2016 03:28:48	Transmitter		INFO	running
21-02-2016 03:28:48	Transmitter		INFO	running
21-02-2016 03:28:48	Transmitter		INFO	running
21-02-2016 03:28:48	Transmitter		INFO	running
21-02-2016 03:28:48	Transmitter		INFO	running
21-02-2016 03:28:48	Transmitter		INFO	running
21-02-2016 03:28:48	Transmitter		INFO	running
21-02-2016 03:28:48	CameraInterface		INFO	Read successful
21-02-2016 03:28:48	Controller		INFO	sending to transmitter
21-02-2016 03:28:48	Transmitter		INFO	running
21-02-2016 03:28:48	Transmitter		INFO	running
21-02-2016 03:28:48	Transmitter		INFO	running
21-02-2016 03:28:48	Transmitter		INFO	running
21-02-2016 03:28:48	Transmitter		INFO	pushing into buff
21-02-2016 03:28:48	Transmitter		INFO	running
21-02-2016 03:28:48	DataProcessor		INFO	polling
21-02-2016 03:28:48	Transmitter		INFO	getting from buffer
21-02-2016 03:28:48	Transmitter		INFO	sending string: 
21-02-2016 03:28:48	Transmitter		INFO	running
21-02-2016 03:28:48	Transmitter		INFO	running
21-02-2016 03:28:48	Transmitter		INFO	running
21-02-2016 03:28:48	Transmitter		INFO	running
21-02-2016 03:28:48	Transmitter		INFO	running
21-02-2016 03:28:48	Transmitter		INFO	running
21-02-2016 03:28:48	Transmitter		INFO	running
21-02-2016 03:28:48	Transmitter		INFO	running
21-02-2016 03:28:48	Transmitter		INFO	running
21-02-2016 03:28:48	Transmitter		INFO	running
21-02-2016 03:28:48	Transmitter		INFO	running
21-02-2016 03:28:48	Transmitter		INFO	running
21-02-2016 03:28:48	Transmitter		INFO	running
21-02-2016 03:28:48	Transmitter		INFO	running
21-02-2016 03:28:49	Transmitter		INFO	running
21-02-2016 03:28:49	Transmitter		INFO	running
21-02-2016 03:28:49	Transmitter		INFO	running
21-02-2016 03:28:49	Transmitter		INFO	running
21-02-2016 03:28:49	Transmitter		INFO	running
21-02-2016 03:28:49	Transmitter		INFO	running
21-02-2016 03:28:49	Transmitter		INFO	running
21-02-2016 03:28:49	Transmitter		INFO	running
21-02-2016 03:28:49	Transmitter		INFO	running
21-02-2016 03:28:49	Transmitter		INFO	running
21-02-2016 03:28:49	Transmitter		INFO	running
21-02-2016 03:28:49	Transmitter		INFO	running
21-02-2016 03:28:49	Transmitter		INFO	running
21-02-2016 03:28:49	Transmitter		INFO	running
21-02-2016 03:28:49	Transmitter		INFO	running
21-02-2016 03:28:49	Transmitter		INFO	running
21-02-2016 03:28:49	Transmitter		INFO	running
21-02-2016 03:28:49	Transmitter		INFO	running
21-02-2016 03:28:49	Transmitter		INFO	running
21-02-2016 03:28:49	Transmitter		INFO	running
21-02-2016 03:28:49	Transmitter		INFO	running
21-02-2016 03:28:49	Transmitter		INFO	running
21-02-2016 03:28:49	Transmitter		INFO	running
21-02-2016 03:28:49	Transmitter		INFO	running
21-02-2016 03:28:49	Transmitter		INFO	running
21-02-2016 03:28:49	Transmitter		INFO	running
21-02-2016 03:28:49	CameraInterface		INFO	Read successful
21-02-2016 03:28:49	Controller		INFO	sending to transmitter
21-02-2016 03:28:49	Transmitter		INFO	pushing into buff
21-02-2016 03:28:49	Transmitter		INFO	running
21-02-2016 03:28:49	Transmitter		INFO	getting from buffer
21-02-2016 03:28:49	Transmitter		INFO	sending string: 
21-02-2016 03:28:49	Transmitter		INFO	sending string: 
21-02-2016 03:28:49	DataProcessor		INFO	polling
21-02-2016 03:28:49	Transmitter		INFO	running
21-02-2016 03:28:49	Transmitter		INFO	running
21-02-2016 03:28:49	Transmitter		INFO	running
21-02-2016 03:28:49	Transmitter		INFO	running
21-02-2016 03:28:49	Transmitter		INFO	running
21-02-2016 03:28:49	Transmitter		INFO	running
21-02-2016 03:28:49	Transmitter		INFO	running
21-02-2016 03:28:49	Transmitter		INFO	running
21-02-2016 03:28:49	Transmitter		INFO	running
21-02-2016 03:28:49	Transmitter		INFO	running
21-02-2016 03:28:49	Transmitter		INFO	running
21-02-2016 03:28:49	Transmitter		INFO	running
21-02-2016 03:28:49	Transmitter		INFO	running
21-02-2016 03:28:49	Transmitter		INFO	running
21-02-2016 03:28:49	Transmitter		INFO	running
21-02-2016 03:28:49	Transmitter		INFO	running
21-02-2016 03:28:49	Transmitter		INFO	running
21-02-2016 03:28:49	Transmitter		INFO	running
21-02-2016 03:28:49	Transmitter		INFO	running
21-02-2016 03:28:49	Transmitter		INFO	running
21-02-2016 03:28:49	Transmitter		INFO	running
21-02-2016 03:28:49	Transmitter		INFO	running
21-02-2016 03:28:49	Transmitter		INFO	running
21-02-2016 03:28:49	Transmitter		INFO	running
21-02-2016 03:28:49	Transmitter		INFO	running
21-02-2016 03:28:49	Transmitter		INFO	running
21-02-2016 03:28:49	Transmitter		INFO	running
21-02-2016 03:28:49	Transmitter		INFO	running
21-02-2016 03:28:49	Transmitter		INFO	running
21-02-2016 03:28:49	Transmitter		INFO	running
21-02-2016 03:28:49	Transmitter		INFO	running
21-02-2016 03:28:49	Transmitter		INFO	running
21-02-2016 03:28:49	Transmitter		INFO	running
21-02-2016 03:28:49	Transmitter		INFO	running
21-02-2016 03:28:49	Transmitter		INFO	running
21-02-2016 03:28:49	Transmitter		INFO	running
21-02-2016 03:28:49	Transmitter		INFO	running
21-02-2016 03:28:49	Transmitter		INFO	running
21-02-2016 03:28:49	Transmitter		INFO	running
21-02-2016 03:28:49	Transmitter		INFO	running
21-02-2016 03:28:49	Transmitter		INFO	running
21-02-2016 03:28:49	Transmitter		INFO	running
21-02-2016 03:28:49	CameraInterface		INFO	Read successful
21-02-2016 03:28:49	Controller		INFO	sending to transmitter
21-02-2016 03:28:49	Transmitter		INFO	pushing into buff
21-02-2016 03:28:49	DataProcessor		INFO	polling
21-02-2016 03:28:49	Transmitter		INFO	running
21-02-2016 03:28:49	Transmitter		INFO	getting from buffer
21-02-2016 03:28:49	Transmitter		INFO	sending string: 
21-02-2016 03:28:49	Transmitter		INFO	running
21-02-2016 03:28:49	Transmitter		INFO	running
21-02-2016 03:28:49	Transmitter		INFO	running
21-02-2016 03:28:49	Transmitter		INFO	running
21-02-2016 03:28:49	Transmitter		INFO	running
21-02-2016 03:28:49	Transmitter		INFO	running
21-02-2016 03:28:49	Transmitter		INFO	running
21-02-2016 03:28:49	Transmitter		INFO	running
21-02-2016 03:28:49	Transmitter		INFO	running
21-02-2016 03:28:49	Transmitter		INFO	running
21-02-2016 03:28:49	Transmitter		INFO	running
21-02-2016 03:28:49	Transmitter		INFO	running
21-02-2016 03:28:49	Transmitter		INFO	running
21-02-2016 03:28:49	Transmitter		INFO	running
21-02-2016 03:28:49	Transmitter		INFO	running
21-02-2016 03:28:50	Transmitter		INFO	running
21-02-2016 03:28:50	Transmitter		INFO	running
21-02-2016 03:28:50	Transmitter		INFO	running
21-02-2016 03:28:50	Transmitter		INFO	running
21-02-2016 03:28:50	Transmitter		INFO	running
