21-02-2016 04:15:12	Main		TRACE	Logger initialized.
21-02-2016 04:15:12	PropertyReader		TRACE	Opening file: settings/settings.txt
21-02-2016 04:15:12	PropertyReader		INFO	File opened: settings/settings.txt
21-02-2016 04:15:12	PropertyReader		INFO	Loading properties file...
21-02-2016 04:15:12	PropertyReader		INFO	Mapped TRACE to LOGGING_LEVEL
21-02-2016 04:15:12	PropertyReader		INFO	Mapped 100 to CAM_BUFFER_SIZE
21-02-2016 04:15:12	PropertyReader		INFO	Mapped 15 to CAM_POLL_FREQUENCY
21-02-2016 04:15:12	PropertyReader		INFO	Mapped 0 to CAM_INDEX
21-02-2016 04:15:12	PropertyReader		DEBUG	Loaded 4 properties successfully
21-02-2016 04:15:12	Controller		INFO	Constructor controller
21-02-2016 04:15:12	Transmitter		INFO	socket retrieve success
21-02-2016 04:15:12	Transmitter		INFO	binding done
21-02-2016 04:15:12	Transmitter		INFO	done listening
21-02-2016 04:16:56	Transmitter		INFO	accepting
21-02-2016 04:16:56	Main		TRACE	intializing controller
21-02-2016 04:16:56	Controller		INFO	Initializing Controller
21-02-2016 04:16:56	Main		TRACE	initializing dataprocessor
21-02-2016 04:16:56	CameraInterface		INFO	Initializing camera
21-02-2016 04:16:56	CameraInterface		INFO	Opening video capture stream at position 0
21-02-2016 04:16:56	Transmitter		INFO	Starting Receiver Thread execution loop
21-02-2016 04:16:56	Transmitter		INFO	running
21-02-2016 04:16:56	Receiver		INFO	Starting Receiver Thread execution loop
21-02-2016 04:16:56	ControllerThread		INFO	Starting Controller Thread execution loop
21-02-2016 04:16:56	Transmitter		INFO	running
21-02-2016 04:16:56	Transmitter		INFO	running
21-02-2016 04:16:56	Transmitter		INFO	running
21-02-2016 04:16:56	Transmitter		INFO	running
21-02-2016 04:16:56	Transmitter		INFO	running
21-02-2016 04:16:56	Transmitter		INFO	running
21-02-2016 04:16:56	Transmitter		INFO	running
21-02-2016 04:16:56	Transmitter		INFO	running
21-02-2016 04:16:56	Transmitter		INFO	running
21-02-2016 04:16:56	Transmitter		INFO	running
21-02-2016 04:16:56	Transmitter		INFO	running
21-02-2016 04:16:56	Transmitter		INFO	running
21-02-2016 04:16:56	Transmitter		INFO	running
21-02-2016 04:16:56	Transmitter		INFO	running
21-02-2016 04:16:56	Transmitter		INFO	running
21-02-2016 04:16:56	Transmitter		INFO	running
21-02-2016 04:16:56	Transmitter		INFO	running
21-02-2016 04:16:57	Transmitter		INFO	running
21-02-2016 04:16:57	Transmitter		INFO	running
21-02-2016 04:16:57	Transmitter		INFO	running
21-02-2016 04:16:57	Transmitter		INFO	running
21-02-2016 04:16:57	Transmitter		INFO	running
21-02-2016 04:16:57	Transmitter		INFO	running
21-02-2016 04:16:57	Transmitter		INFO	running
21-02-2016 04:16:57	Transmitter		INFO	running
21-02-2016 04:16:57	Transmitter		INFO	running
21-02-2016 04:16:57	Transmitter		INFO	running
21-02-2016 04:16:57	Transmitter		INFO	running
21-02-2016 04:16:57	Transmitter		INFO	running
21-02-2016 04:16:57	Transmitter		INFO	running
21-02-2016 04:16:57	Transmitter		INFO	running
21-02-2016 04:16:57	Transmitter		INFO	running
21-02-2016 04:16:57	Main		TRACE	running controller
21-02-2016 04:16:57	DataProcessor		INFO	polling
21-02-2016 04:16:57	Transmitter		INFO	running
21-02-2016 04:16:57	Transmitter		INFO	running
21-02-2016 04:16:57	Transmitter		INFO	running
21-02-2016 04:16:57	Transmitter		INFO	running
21-02-2016 04:16:57	Transmitter		INFO	running
21-02-2016 04:16:57	Transmitter		INFO	running
21-02-2016 04:16:57	Transmitter		INFO	running
21-02-2016 04:16:57	Transmitter		INFO	running
21-02-2016 04:16:57	Transmitter		INFO	running
21-02-2016 04:16:57	Transmitter		INFO	running
21-02-2016 04:16:57	Transmitter		INFO	running
21-02-2016 04:16:57	Transmitter		INFO	running
21-02-2016 04:16:57	Transmitter		INFO	running
21-02-2016 04:16:57	Transmitter		INFO	running
21-02-2016 04:16:57	Transmitter		INFO	running
21-02-2016 04:16:57	Transmitter		INFO	running
21-02-2016 04:16:57	Transmitter		INFO	running
21-02-2016 04:16:57	Transmitter		INFO	running
21-02-2016 04:16:57	Transmitter		INFO	running
21-02-2016 04:16:57	Transmitter		INFO	running
21-02-2016 04:16:57	Transmitter		INFO	running
21-02-2016 04:16:57	Transmitter		INFO	running
21-02-2016 04:16:57	Transmitter		INFO	running
21-02-2016 04:16:57	Transmitter		INFO	running
21-02-2016 04:16:57	Transmitter		INFO	running
21-02-2016 04:16:57	Transmitter		INFO	running
21-02-2016 04:16:57	Transmitter		INFO	running
21-02-2016 04:16:57	Transmitter		INFO	running
21-02-2016 04:16:57	Transmitter		INFO	running
21-02-2016 04:16:57	Transmitter		INFO	running
21-02-2016 04:16:57	Transmitter		INFO	running
21-02-2016 04:16:57	Transmitter		INFO	running
21-02-2016 04:16:57	Transmitter		INFO	running
21-02-2016 04:16:57	Transmitter		INFO	running
21-02-2016 04:16:57	Transmitter		INFO	running
21-02-2016 04:16:57	Transmitter		INFO	running
21-02-2016 04:16:57	Transmitter		INFO	running
21-02-2016 04:16:57	Transmitter		INFO	running
21-02-2016 04:16:57	Transmitter		INFO	running
21-02-2016 04:16:57	Transmitter		INFO	running
21-02-2016 04:16:57	Transmitter		INFO	running
21-02-2016 04:16:57	Transmitter		INFO	running
21-02-2016 04:16:57	Transmitter		INFO	running
21-02-2016 04:16:57	Transmitter		INFO	running
21-02-2016 04:16:57	Transmitter		INFO	running
21-02-2016 04:16:57	Transmitter		INFO	running
21-02-2016 04:16:57	Transmitter		INFO	running
21-02-2016 04:16:57	Transmitter		INFO	running
21-02-2016 04:16:57	Transmitter		INFO	running
21-02-2016 04:16:57	Transmitter		INFO	running
21-02-2016 04:16:57	Transmitter		INFO	running
21-02-2016 04:16:57	Transmitter		INFO	running
21-02-2016 04:16:57	Transmitter		INFO	running
21-02-2016 04:16:57	Transmitter		INFO	running
21-02-2016 04:16:57	Transmitter		INFO	running
21-02-2016 04:16:57	Transmitter		INFO	running
21-02-2016 04:16:57	Transmitter		INFO	running
21-02-2016 04:16:57	Transmitter		INFO	running
21-02-2016 04:16:57	Transmitter		INFO	running
21-02-2016 04:16:57	Transmitter		INFO	running
21-02-2016 04:16:57	Transmitter		INFO	running
21-02-2016 04:16:57	Transmitter		INFO	running
21-02-2016 04:16:57	Transmitter		INFO	running
21-02-2016 04:16:57	Transmitter		INFO	running
21-02-2016 04:16:57	Transmitter		INFO	running
21-02-2016 04:16:57	Transmitter		INFO	running
21-02-2016 04:16:57	Transmitter		INFO	running
21-02-2016 04:16:57	Transmitter		INFO	running
21-02-2016 04:16:57	Transmitter		INFO	running
21-02-2016 04:16:57	Transmitter		INFO	running
21-02-2016 04:16:57	Transmitter		INFO	running
21-02-2016 04:16:57	Transmitter		INFO	running
21-02-2016 04:16:57	Transmitter		INFO	running
21-02-2016 04:16:57	Transmitter		INFO	running
21-02-2016 04:16:57	Transmitter		INFO	running
21-02-2016 04:16:57	Transmitter		INFO	running
21-02-2016 04:16:57	Transmitter		INFO	running
21-02-2016 04:16:57	Transmitter		INFO	running
21-02-2016 04:16:57	Transmitter		INFO	running
21-02-2016 04:16:57	Transmitter		INFO	running
21-02-2016 04:16:57	Transmitter		INFO	running
21-02-2016 04:16:57	Transmitter		INFO	running
21-02-2016 04:16:57	Transmitter		INFO	running
21-02-2016 04:16:57	Transmitter		INFO	running
21-02-2016 04:16:57	Transmitter		INFO	running
21-02-2016 04:16:57	Transmitter		INFO	running
21-02-2016 04:16:57	Transmitter		INFO	running
21-02-2016 04:16:57	Transmitter		INFO	running
21-02-2016 04:16:57	Transmitter		INFO	running
21-02-2016 04:16:57	Transmitter		INFO	running
21-02-2016 04:16:57	Transmitter		INFO	running
21-02-2016 04:16:57	Transmitter		INFO	running
21-02-2016 04:16:57	Transmitter		INFO	running
21-02-2016 04:16:57	Transmitter		INFO	running
21-02-2016 04:16:57	CameraInterface		INFO	Read successful
21-02-2016 04:16:57	Controller		INFO	sending to transmitter
21-02-2016 04:16:57	Transmitter		INFO	pushing into buff
21-02-2016 04:16:57	DataProcessor		INFO	polling
21-02-2016 04:16:57	Transmitter		INFO	running
21-02-2016 04:16:57	Transmitter		INFO	getting from buffer
21-02-2016 04:16:58	CameraInterface		INFO	Read successful
21-02-2016 04:16:58	Controller		INFO	sending to transmitter
21-02-2016 04:16:58	Transmitter		INFO	pushing into buff
21-02-2016 04:16:58	DataProcessor		INFO	polling
21-02-2016 04:16:58	CameraInterface		INFO	Read successful
21-02-2016 04:16:58	Controller		INFO	sending to transmitter
21-02-2016 04:16:58	Transmitter		INFO	pushing into buff
21-02-2016 04:16:58	DataProcessor		INFO	polling
21-02-2016 04:16:58	CameraInterface		INFO	Read successful
21-02-2016 04:16:58	Controller		INFO	sending to transmitter
21-02-2016 04:16:58	Transmitter		INFO	pushing into buff
21-02-2016 04:16:58	DataProcessor		INFO	polling
21-02-2016 04:16:58	CameraInterface		INFO	Read successful
21-02-2016 04:16:58	Controller		INFO	sending to transmitter
21-02-2016 04:16:58	Transmitter		INFO	pushing into buff
21-02-2016 04:16:58	DataProcessor		INFO	polling
21-02-2016 04:16:58	CameraInterface		INFO	Read successful
21-02-2016 04:16:58	Controller		INFO	sending to transmitter
21-02-2016 04:16:58	Transmitter		INFO	pushing into buff
21-02-2016 04:16:59	DataProcessor		INFO	polling
21-02-2016 04:16:59	CameraInterface		INFO	Read successful
21-02-2016 04:16:59	Controller		INFO	sending to transmitter
21-02-2016 04:16:59	Transmitter		INFO	pushing into buff
21-02-2016 04:16:59	DataProcessor		INFO	polling
21-02-2016 04:16:59	CameraInterface		INFO	Read successful
21-02-2016 04:16:59	Controller		INFO	sending to transmitter
21-02-2016 04:16:59	Transmitter		INFO	pushing into buff
21-02-2016 04:16:59	DataProcessor		INFO	polling
21-02-2016 04:16:59	CameraInterface		INFO	Read successful
21-02-2016 04:16:59	Controller		INFO	sending to transmitter
21-02-2016 04:16:59	Transmitter		INFO	pushing into buff
21-02-2016 04:16:59	DataProcessor		INFO	polling
21-02-2016 04:16:59	CameraInterface		INFO	Read successful
21-02-2016 04:16:59	Controller		INFO	sending to transmitter
21-02-2016 04:16:59	Transmitter		INFO	pushing into buff
21-02-2016 04:16:59	DataProcessor		INFO	polling
21-02-2016 04:17:00	CameraInterface		INFO	Read successful
21-02-2016 04:17:00	Controller		INFO	sending to transmitter
21-02-2016 04:17:00	Transmitter		INFO	pushing into buff
21-02-2016 04:17:00	DataProcessor		INFO	polling
21-02-2016 04:17:00	CameraInterface		INFO	Read successful
21-02-2016 04:17:00	Controller		INFO	sending to transmitter
21-02-2016 04:17:00	Transmitter		INFO	pushing into buff
21-02-2016 04:17:00	DataProcessor		INFO	polling
21-02-2016 04:17:00	CameraInterface		INFO	Read successful
21-02-2016 04:17:00	Controller		INFO	sending to transmitter
21-02-2016 04:17:00	Transmitter		INFO	pushing into buff
21-02-2016 04:17:00	DataProcessor		INFO	polling
21-02-2016 04:17:00	CameraInterface		INFO	Read successful
21-02-2016 04:17:00	Controller		INFO	sending to transmitter
21-02-2016 04:17:00	Transmitter		INFO	pushing into buff
21-02-2016 04:17:00	DataProcessor		INFO	polling
21-02-2016 04:17:00	CameraInterface		INFO	Read successful
21-02-2016 04:17:00	Controller		INFO	sending to transmitter
21-02-2016 04:17:00	Transmitter		INFO	pushing into buff
21-02-2016 04:17:00	DataProcessor		INFO	polling
21-02-2016 04:17:01	CameraInterface		INFO	Read successful
21-02-2016 04:17:01	Controller		INFO	sending to transmitter
21-02-2016 04:17:01	Transmitter		INFO	pushing into buff
21-02-2016 04:17:01	DataProcessor		INFO	polling
21-02-2016 04:17:01	CameraInterface		INFO	Read successful
21-02-2016 04:17:01	Controller		INFO	sending to transmitter
21-02-2016 04:17:01	Transmitter		INFO	pushing into buff
21-02-2016 04:17:01	DataProcessor		INFO	polling
21-02-2016 04:17:01	CameraInterface		INFO	Read successful
21-02-2016 04:17:01	Controller		INFO	sending to transmitter
21-02-2016 04:17:01	Transmitter		INFO	pushing into buff
21-02-2016 04:17:01	DataProcessor		INFO	polling
21-02-2016 04:17:01	CameraInterface		INFO	Read successful
21-02-2016 04:17:01	Controller		INFO	sending to transmitter
21-02-2016 04:17:01	Transmitter		INFO	pushing into buff
21-02-2016 04:17:01	DataProcessor		INFO	polling
21-02-2016 04:17:02	CameraInterface		INFO	Read successful
21-02-2016 04:17:02	Controller		INFO	sending to transmitter
21-02-2016 04:17:02	Transmitter		INFO	pushing into buff
21-02-2016 04:17:02	DataProcessor		INFO	polling
21-02-2016 04:17:02	CameraInterface		INFO	Read successful
21-02-2016 04:17:02	Controller		INFO	sending to transmitter
21-02-2016 04:17:02	Transmitter		INFO	pushing into buff
21-02-2016 04:17:02	DataProcessor		INFO	polling
21-02-2016 04:17:02	CameraInterface		INFO	Read successful
21-02-2016 04:17:02	Controller		INFO	sending to transmitter
21-02-2016 04:17:02	Transmitter		INFO	pushing into buff
21-02-2016 04:17:02	DataProcessor		INFO	polling
21-02-2016 04:17:02	CameraInterface		INFO	Read successful
21-02-2016 04:17:02	Controller		INFO	sending to transmitter
21-02-2016 04:17:02	Transmitter		INFO	pushing into buff
21-02-2016 04:17:02	DataProcessor		INFO	polling
21-02-2016 04:17:03	CameraInterface		INFO	Read successful
21-02-2016 04:17:03	Controller		INFO	sending to transmitter
21-02-2016 04:17:03	Transmitter		INFO	pushing into buff
21-02-2016 04:17:03	DataProcessor		INFO	polling
21-02-2016 04:17:03	Transmitter		INFO	sending string: 
21-02-2016 04:17:03	CameraInterface		INFO	Read successful
21-02-2016 04:17:03	Controller		INFO	sending to transmitter
21-02-2016 04:17:03	Transmitter		INFO	pushing into buff
21-02-2016 04:17:03	DataProcessor		INFO	polling
21-02-2016 04:17:03	CameraInterface		INFO	Read successful
21-02-2016 04:17:03	Controller		INFO	sending to transmitter
21-02-2016 04:17:03	Transmitter		INFO	running
21-02-2016 04:17:03	Transmitter		INFO	getting from buffer
21-02-2016 04:17:03	Transmitter		INFO	pushing into buff
21-02-2016 04:17:03	DataProcessor		INFO	polling
21-02-2016 04:17:03	CameraInterface		INFO	Read successful
21-02-2016 04:17:03	Controller		INFO	sending to transmitter
21-02-2016 04:17:03	Transmitter		INFO	pushing into buff
21-02-2016 04:17:03	DataProcessor		INFO	polling
21-02-2016 04:17:04	CameraInterface		INFO	Read successful
21-02-2016 04:17:04	Controller		INFO	sending to transmitter
21-02-2016 04:17:04	Transmitter		INFO	pushing into buff
21-02-2016 04:17:04	DataProcessor		INFO	polling
21-02-2016 04:17:04	CameraInterface		INFO	Read successful
21-02-2016 04:17:04	Controller		INFO	sending to transmitter
21-02-2016 04:17:04	Transmitter		INFO	pushing into buff
21-02-2016 04:17:04	DataProcessor		INFO	polling
21-02-2016 04:17:04	CameraInterface		INFO	Read successful
21-02-2016 04:17:04	Controller		INFO	sending to transmitter
21-02-2016 04:17:04	Transmitter		INFO	pushing into buff
21-02-2016 04:17:04	DataProcessor		INFO	polling
21-02-2016 04:17:04	CameraInterface		INFO	Read successful
21-02-2016 04:17:04	Controller		INFO	sending to transmitter
21-02-2016 04:17:04	Transmitter		INFO	pushing into buff
21-02-2016 04:17:04	DataProcessor		INFO	polling
21-02-2016 04:17:04	CameraInterface		INFO	Read successful
21-02-2016 04:17:05	Controller		INFO	sending to transmitter
21-02-2016 04:17:05	Transmitter		INFO	pushing into buff
21-02-2016 04:17:05	DataProcessor		INFO	polling
21-02-2016 04:17:05	CameraInterface		INFO	Read successful
21-02-2016 04:17:05	Controller		INFO	sending to transmitter
21-02-2016 04:17:05	Transmitter		INFO	pushing into buff
21-02-2016 04:17:05	DataProcessor		INFO	polling
21-02-2016 04:17:05	CameraInterface		INFO	Read successful
21-02-2016 04:17:05	Controller		INFO	sending to transmitter
21-02-2016 04:17:05	Transmitter		INFO	pushing into buff
21-02-2016 04:17:05	DataProcessor		INFO	polling
21-02-2016 04:17:05	CameraInterface		INFO	Read successful
21-02-2016 04:17:05	Controller		INFO	sending to transmitter
21-02-2016 04:17:05	Transmitter		INFO	pushing into buff
21-02-2016 04:17:05	DataProcessor		INFO	polling
21-02-2016 04:17:05	CameraInterface		INFO	Read successful
21-02-2016 04:17:05	Controller		INFO	sending to transmitter
21-02-2016 04:17:05	Transmitter		INFO	pushing into buff
21-02-2016 04:17:05	DataProcessor		INFO	polling
21-02-2016 04:17:06	CameraInterface		INFO	Read successful
21-02-2016 04:17:06	Controller		INFO	sending to transmitter
21-02-2016 04:17:06	Transmitter		INFO	pushing into buff
21-02-2016 04:17:06	DataProcessor		INFO	polling
21-02-2016 04:17:06	CameraInterface		INFO	Read successful
21-02-2016 04:17:06	Controller		INFO	sending to transmitter
21-02-2016 04:17:06	Transmitter		INFO	pushing into buff
21-02-2016 04:17:06	DataProcessor		INFO	polling
21-02-2016 04:17:06	CameraInterface		INFO	Read successful
21-02-2016 04:17:06	Controller		INFO	sending to transmitter
21-02-2016 04:17:06	Transmitter		INFO	pushing into buff
21-02-2016 04:17:06	DataProcessor		INFO	polling
21-02-2016 04:17:06	CameraInterface		INFO	Read successful
21-02-2016 04:17:06	Controller		INFO	sending to transmitter
21-02-2016 04:17:06	Transmitter		INFO	pushing into buff
21-02-2016 04:17:06	DataProcessor		INFO	polling
21-02-2016 04:17:06	CameraInterface		INFO	Read successful
21-02-2016 04:17:06	Controller		INFO	sending to transmitter
21-02-2016 04:17:06	Transmitter		INFO	pushing into buff
21-02-2016 04:17:06	DataProcessor		INFO	polling
21-02-2016 04:17:07	CameraInterface		INFO	Read successful
21-02-2016 04:17:07	Controller		INFO	sending to transmitter
21-02-2016 04:17:07	Transmitter		INFO	pushing into buff
21-02-2016 04:17:07	DataProcessor		INFO	polling
21-02-2016 04:17:07	CameraInterface		INFO	Read successful
21-02-2016 04:17:07	Controller		INFO	sending to transmitter
21-02-2016 04:17:07	Transmitter		INFO	pushing into buff
21-02-2016 04:17:07	DataProcessor		INFO	polling
21-02-2016 04:17:07	CameraInterface		INFO	Read successful
21-02-2016 04:17:07	Controller		INFO	sending to transmitter
21-02-2016 04:17:07	Transmitter		INFO	pushing into buff
21-02-2016 04:17:07	DataProcessor		INFO	polling
21-02-2016 04:17:07	CameraInterface		INFO	Read successful
21-02-2016 04:17:07	Controller		INFO	sending to transmitter
21-02-2016 04:17:07	Transmitter		INFO	pushing into buff
21-02-2016 04:17:07	DataProcessor		INFO	polling
21-02-2016 04:17:08	CameraInterface		INFO	Read successful
21-02-2016 04:17:08	Controller		INFO	sending to transmitter
21-02-2016 04:17:08	Transmitter		INFO	pushing into buff
21-02-2016 04:17:08	DataProcessor		INFO	polling
21-02-2016 04:17:08	CameraInterface		INFO	Read successful
21-02-2016 04:17:08	Controller		INFO	sending to transmitter
21-02-2016 04:17:08	Transmitter		INFO	pushing into buff
21-02-2016 04:17:08	DataProcessor		INFO	polling
21-02-2016 04:17:08	CameraInterface		INFO	Read successful
21-02-2016 04:17:08	Controller		INFO	sending to transmitter
21-02-2016 04:17:08	Transmitter		INFO	pushing into buff
21-02-2016 04:17:08	DataProcessor		INFO	polling
21-02-2016 04:17:08	CameraInterface		INFO	Read successful
21-02-2016 04:17:08	Controller		INFO	sending to transmitter
21-02-2016 04:17:08	Transmitter		INFO	pushing into buff
21-02-2016 04:17:08	DataProcessor		INFO	polling
21-02-2016 04:17:08	CameraInterface		INFO	Read successful
21-02-2016 04:17:08	Controller		INFO	sending to transmitter
21-02-2016 04:17:08	Transmitter		INFO	pushing into buff
21-02-2016 04:17:08	DataProcessor		INFO	polling
21-02-2016 04:17:09	CameraInterface		INFO	Read successful
21-02-2016 04:17:09	Controller		INFO	sending to transmitter
21-02-2016 04:17:09	Transmitter		INFO	pushing into buff
21-02-2016 04:17:09	DataProcessor		INFO	polling
21-02-2016 04:17:09	CameraInterface		INFO	Read successful
21-02-2016 04:17:09	Controller		INFO	sending to transmitter
21-02-2016 04:17:09	Transmitter		INFO	pushing into buff
21-02-2016 04:17:09	DataProcessor		INFO	polling
21-02-2016 04:17:09	CameraInterface		INFO	Read successful
21-02-2016 04:17:09	Controller		INFO	sending to transmitter
21-02-2016 04:17:09	Transmitter		INFO	pushing into buff
21-02-2016 04:17:09	DataProcessor		INFO	polling
21-02-2016 04:17:09	CameraInterface		INFO	Read successful
21-02-2016 04:17:09	Controller		INFO	sending to transmitter
21-02-2016 04:17:09	Transmitter		INFO	pushing into buff
21-02-2016 04:17:09	DataProcessor		INFO	polling
21-02-2016 04:17:09	CameraInterface		INFO	Read successful
21-02-2016 04:17:10	Controller		INFO	sending to transmitter
21-02-2016 04:17:10	Transmitter		INFO	pushing into buff
21-02-2016 04:17:10	DataProcessor		INFO	polling
21-02-2016 04:17:10	CameraInterface		INFO	Read successful
21-02-2016 04:17:10	Controller		INFO	sending to transmitter
21-02-2016 04:17:10	Transmitter		INFO	pushing into buff
21-02-2016 04:17:10	DataProcessor		INFO	polling
21-02-2016 04:17:10	CameraInterface		INFO	Read successful
21-02-2016 04:17:10	Controller		INFO	sending to transmitter
21-02-2016 04:17:10	Transmitter		INFO	pushing into buff
21-02-2016 04:17:10	DataProcessor		INFO	polling
21-02-2016 04:17:10	CameraInterface		INFO	Read successful
21-02-2016 04:17:10	Controller		INFO	sending to transmitter
21-02-2016 04:17:10	Transmitter		INFO	pushing into buff
21-02-2016 04:17:10	DataProcessor		INFO	polling
21-02-2016 04:17:10	CameraInterface		INFO	Read successful
21-02-2016 04:17:10	Controller		INFO	sending to transmitter
21-02-2016 04:17:10	Transmitter		INFO	pushing into buff
21-02-2016 04:17:10	DataProcessor		INFO	polling
21-02-2016 04:17:11	CameraInterface		INFO	Read successful
21-02-2016 04:17:11	Controller		INFO	sending to transmitter
21-02-2016 04:17:11	Transmitter		INFO	pushing into buff
21-02-2016 04:17:11	DataProcessor		INFO	polling
21-02-2016 04:17:11	CameraInterface		INFO	Read successful
21-02-2016 04:17:11	Controller		INFO	sending to transmitter
21-02-2016 04:17:11	Transmitter		INFO	pushing into buff
21-02-2016 04:17:11	DataProcessor		INFO	polling
21-02-2016 04:17:11	CameraInterface		INFO	Read successful
21-02-2016 04:17:11	Controller		INFO	sending to transmitter
21-02-2016 04:17:11	Transmitter		INFO	pushing into buff
21-02-2016 04:17:11	DataProcessor		INFO	polling
21-02-2016 04:17:11	CameraInterface		INFO	Read successful
21-02-2016 04:17:11	Controller		INFO	sending to transmitter
21-02-2016 04:17:11	Transmitter		INFO	pushing into buff
21-02-2016 04:17:11	DataProcessor		INFO	polling
21-02-2016 04:17:12	Transmitter		INFO	sending string: 
21-02-2016 04:17:12	CameraInterface		INFO	Read successful
21-02-2016 04:17:12	Controller		INFO	sending to transmitter
21-02-2016 04:17:12	Transmitter		INFO	pushing into buff
21-02-2016 04:17:12	DataProcessor		INFO	polling
21-02-2016 04:17:12	CameraInterface		INFO	Read successful
21-02-2016 04:17:12	Controller		INFO	sending to transmitter
21-02-2016 04:17:12	Transmitter		INFO	pushing into buff
21-02-2016 04:17:12	DataProcessor		INFO	polling
21-02-2016 04:17:12	CameraInterface		INFO	Read successful
21-02-2016 04:17:12	Controller		INFO	sending to transmitter
21-02-2016 04:17:12	Transmitter		INFO	pushing into buff
21-02-2016 04:17:12	DataProcessor		INFO	polling
21-02-2016 04:17:13	CameraInterface		INFO	Read successful
21-02-2016 04:17:13	Controller		INFO	sending to transmitter
21-02-2016 04:17:13	Transmitter		INFO	pushing into buff
21-02-2016 04:17:13	DataProcessor		INFO	polling
21-02-2016 04:17:13	CameraInterface		INFO	Read successful
21-02-2016 04:17:13	Controller		INFO	sending to transmitter
21-02-2016 04:17:13	Transmitter		INFO	pushing into buff
21-02-2016 04:17:13	DataProcessor		INFO	polling
21-02-2016 04:17:13	CameraInterface		INFO	Read successful
21-02-2016 04:17:13	Controller		INFO	sending to transmitter
21-02-2016 04:17:13	Transmitter		INFO	pushing into buff
21-02-2016 04:17:13	DataProcessor		INFO	polling
21-02-2016 04:17:13	CameraInterface		INFO	Read successful
21-02-2016 04:17:13	Controller		INFO	sending to transmitter
21-02-2016 04:17:13	Transmitter		INFO	pushing into buff
21-02-2016 04:17:13	DataProcessor		INFO	polling
21-02-2016 04:17:13	CameraInterface		INFO	Read successful
21-02-2016 04:17:13	Controller		INFO	sending to transmitter
21-02-2016 04:17:13	Transmitter		INFO	pushing into buff
21-02-2016 04:17:13	DataProcessor		INFO	polling
21-02-2016 04:17:13	CameraInterface		INFO	Read successful
21-02-2016 04:17:13	Controller		INFO	sending to transmitter
21-02-2016 04:17:13	Transmitter		INFO	pushing into buff
21-02-2016 04:17:14	DataProcessor		INFO	polling
21-02-2016 04:17:14	CameraInterface		INFO	Read successful
21-02-2016 04:17:14	Controller		INFO	sending to transmitter
21-02-2016 04:17:14	Transmitter		INFO	pushing into buff
21-02-2016 04:17:14	DataProcessor		INFO	polling
21-02-2016 04:17:14	CameraInterface		INFO	Read successful
21-02-2016 04:17:14	Controller		INFO	sending to transmitter
21-02-2016 04:17:14	Transmitter		INFO	pushing into buff
21-02-2016 04:17:14	DataProcessor		INFO	polling
21-02-2016 04:17:14	CameraInterface		INFO	Read successful
21-02-2016 04:17:14	Controller		INFO	sending to transmitter
21-02-2016 04:17:14	Transmitter		INFO	pushing into buff
