21-02-2016 04:23:17	Main		TRACE	Logger initialized.
21-02-2016 04:23:17	PropertyReader		TRACE	Opening file: settings/settings.txt
21-02-2016 04:23:17	PropertyReader		INFO	File opened: settings/settings.txt
21-02-2016 04:23:17	PropertyReader		INFO	Loading properties file...
21-02-2016 04:23:17	PropertyReader		INFO	Mapped TRACE to LOGGING_LEVEL
21-02-2016 04:23:17	PropertyReader		INFO	Mapped 100 to CAM_BUFFER_SIZE
21-02-2016 04:23:17	PropertyReader		INFO	Mapped 15 to CAM_POLL_FREQUENCY
21-02-2016 04:23:17	PropertyReader		INFO	Mapped 0 to CAM_INDEX
21-02-2016 04:23:17	PropertyReader		DEBUG	Loaded 4 properties successfully
21-02-2016 04:23:17	Controller		INFO	Constructor controller
21-02-2016 04:23:17	Transmitter		INFO	socket retrieve success
21-02-2016 04:23:17	Transmitter		INFO	binding done
21-02-2016 04:23:17	Transmitter		INFO	done listening
21-02-2016 04:23:21	Transmitter		INFO	accepting
21-02-2016 04:23:21	Main		TRACE	intializing controller
21-02-2016 04:23:21	Controller		INFO	Initializing Controller
21-02-2016 04:23:21	Main		TRACE	initializing dataprocessor
21-02-2016 04:23:21	ControllerThread		INFO	Starting Controller Thread execution loop
21-02-2016 04:23:21	Receiver		INFO	Starting Receiver Thread execution loop
21-02-2016 04:23:21	CameraInterface		INFO	Initializing camera
21-02-2016 04:23:21	CameraInterface		INFO	Opening video capture stream at position 0
21-02-2016 04:23:21	Transmitter		INFO	Starting Receiver Thread execution loop
21-02-2016 04:23:21	Transmitter		INFO	running
21-02-2016 04:23:21	Transmitter		INFO	running
21-02-2016 04:23:21	Transmitter		INFO	running
21-02-2016 04:23:21	Transmitter		INFO	running
21-02-2016 04:23:21	Transmitter		INFO	running
21-02-2016 04:23:21	Transmitter		INFO	running
21-02-2016 04:23:21	Transmitter		INFO	running
21-02-2016 04:23:21	Transmitter		INFO	running
21-02-2016 04:23:21	Transmitter		INFO	running
21-02-2016 04:23:21	Transmitter		INFO	running
21-02-2016 04:23:21	Transmitter		INFO	running
21-02-2016 04:23:21	Transmitter		INFO	running
21-02-2016 04:23:21	Transmitter		INFO	running
21-02-2016 04:23:21	Transmitter		INFO	running
21-02-2016 04:23:21	Transmitter		INFO	running
21-02-2016 04:23:21	Transmitter		INFO	running
21-02-2016 04:23:21	Transmitter		INFO	running
21-02-2016 04:23:21	Transmitter		INFO	running
21-02-2016 04:23:21	Transmitter		INFO	running
21-02-2016 04:23:21	Transmitter		INFO	running
21-02-2016 04:23:21	Transmitter		INFO	running
21-02-2016 04:23:22	Transmitter		INFO	running
21-02-2016 04:23:22	Transmitter		INFO	running
21-02-2016 04:23:22	Transmitter		INFO	running
21-02-2016 04:23:22	Transmitter		INFO	running
21-02-2016 04:23:22	Transmitter		INFO	running
21-02-2016 04:23:22	Transmitter		INFO	running
21-02-2016 04:23:22	Transmitter		INFO	running
21-02-2016 04:23:22	Transmitter		INFO	running
21-02-2016 04:23:22	Transmitter		INFO	running
21-02-2016 04:23:22	Transmitter		INFO	running
21-02-2016 04:23:22	Transmitter		INFO	running
21-02-2016 04:23:22	Transmitter		INFO	running
21-02-2016 04:23:22	Main		TRACE	running controller
21-02-2016 04:23:22	Main		TRACE	running controller
21-02-2016 04:23:22	Transmitter		INFO	running
21-02-2016 04:23:22	DataProcessor		INFO	polling
21-02-2016 04:23:22	Transmitter		INFO	running
21-02-2016 04:23:22	Transmitter		INFO	running
21-02-2016 04:23:22	Transmitter		INFO	running
21-02-2016 04:23:22	Transmitter		INFO	running
21-02-2016 04:23:22	Transmitter		INFO	running
21-02-2016 04:23:22	Transmitter		INFO	running
21-02-2016 04:23:22	Transmitter		INFO	running
21-02-2016 04:23:22	Transmitter		INFO	running
21-02-2016 04:23:22	Transmitter		INFO	running
21-02-2016 04:23:22	Transmitter		INFO	running
21-02-2016 04:23:22	Transmitter		INFO	running
21-02-2016 04:23:22	Transmitter		INFO	running
21-02-2016 04:23:22	Transmitter		INFO	running
21-02-2016 04:23:22	Transmitter		INFO	running
21-02-2016 04:23:22	Transmitter		INFO	running
21-02-2016 04:23:22	Transmitter		INFO	running
21-02-2016 04:23:22	Transmitter		INFO	running
21-02-2016 04:23:22	Transmitter		INFO	running
21-02-2016 04:23:22	Transmitter		INFO	running
21-02-2016 04:23:22	Transmitter		INFO	running
21-02-2016 04:23:22	Transmitter		INFO	running
21-02-2016 04:23:22	Transmitter		INFO	running
21-02-2016 04:23:22	Transmitter		INFO	running
21-02-2016 04:23:22	Transmitter		INFO	running
21-02-2016 04:23:22	Transmitter		INFO	running
21-02-2016 04:23:22	Transmitter		INFO	running
21-02-2016 04:23:22	Transmitter		INFO	running
21-02-2016 04:23:22	Transmitter		INFO	running
21-02-2016 04:23:22	Transmitter		INFO	running
21-02-2016 04:23:22	Transmitter		INFO	running
21-02-2016 04:23:22	Transmitter		INFO	running
21-02-2016 04:23:22	Transmitter		INFO	running
21-02-2016 04:23:22	Transmitter		INFO	running
21-02-2016 04:23:22	Transmitter		INFO	running
21-02-2016 04:23:22	Transmitter		INFO	running
21-02-2016 04:23:22	Transmitter		INFO	running
21-02-2016 04:23:22	Transmitter		INFO	running
21-02-2016 04:23:22	Transmitter		INFO	running
21-02-2016 04:23:22	Transmitter		INFO	running
21-02-2016 04:23:22	Transmitter		INFO	running
21-02-2016 04:23:22	Transmitter		INFO	running
21-02-2016 04:23:22	Transmitter		INFO	running
21-02-2016 04:23:22	Transmitter		INFO	running
21-02-2016 04:23:22	Transmitter		INFO	running
21-02-2016 04:23:22	Transmitter		INFO	running
21-02-2016 04:23:22	Transmitter		INFO	running
21-02-2016 04:23:22	Transmitter		INFO	running
21-02-2016 04:23:22	Transmitter		INFO	running
21-02-2016 04:23:22	Transmitter		INFO	running
21-02-2016 04:23:22	Transmitter		INFO	running
21-02-2016 04:23:22	Transmitter		INFO	running
21-02-2016 04:23:22	Transmitter		INFO	running
21-02-2016 04:23:22	Transmitter		INFO	running
21-02-2016 04:23:22	Transmitter		INFO	running
21-02-2016 04:23:22	Transmitter		INFO	running
21-02-2016 04:23:22	Transmitter		INFO	running
21-02-2016 04:23:22	Transmitter		INFO	running
21-02-2016 04:23:22	Transmitter		INFO	running
21-02-2016 04:23:22	Transmitter		INFO	running
21-02-2016 04:23:22	Transmitter		INFO	running
21-02-2016 04:23:22	Transmitter		INFO	running
21-02-2016 04:23:22	Transmitter		INFO	running
21-02-2016 04:23:22	Transmitter		INFO	running
21-02-2016 04:23:22	Transmitter		INFO	running
21-02-2016 04:23:22	Transmitter		INFO	running
21-02-2016 04:23:22	Transmitter		INFO	running
21-02-2016 04:23:22	Transmitter		INFO	running
21-02-2016 04:23:22	Transmitter		INFO	running
21-02-2016 04:23:22	Transmitter		INFO	running
21-02-2016 04:23:22	Transmitter		INFO	running
21-02-2016 04:23:22	Transmitter		INFO	running
21-02-2016 04:23:22	Transmitter		INFO	running
21-02-2016 04:23:22	Transmitter		INFO	running
21-02-2016 04:23:22	Transmitter		INFO	running
21-02-2016 04:23:22	Transmitter		INFO	running
21-02-2016 04:23:22	Transmitter		INFO	running
21-02-2016 04:23:22	Transmitter		INFO	running
21-02-2016 04:23:22	Transmitter		INFO	running
21-02-2016 04:23:22	Transmitter		INFO	running
21-02-2016 04:23:22	Transmitter		INFO	running
21-02-2016 04:23:22	Transmitter		INFO	running
21-02-2016 04:23:22	Transmitter		INFO	running
21-02-2016 04:23:22	Transmitter		INFO	running
21-02-2016 04:23:22	Transmitter		INFO	running
21-02-2016 04:23:22	Transmitter		INFO	running
21-02-2016 04:23:22	Transmitter		INFO	running
21-02-2016 04:23:22	Transmitter		INFO	running
21-02-2016 04:23:22	Transmitter		INFO	running
21-02-2016 04:23:22	Transmitter		INFO	running
21-02-2016 04:23:22	Transmitter		INFO	running
21-02-2016 04:23:22	Transmitter		INFO	running
21-02-2016 04:23:22	Transmitter		INFO	running
21-02-2016 04:23:22	Transmitter		INFO	running
21-02-2016 04:23:22	Transmitter		INFO	running
21-02-2016 04:23:22	Transmitter		INFO	running
21-02-2016 04:23:22	Transmitter		INFO	running
21-02-2016 04:23:22	Transmitter		INFO	running
21-02-2016 04:23:22	Transmitter		INFO	running
21-02-2016 04:23:22	Transmitter		INFO	running
21-02-2016 04:23:22	Transmitter		INFO	running
21-02-2016 04:23:22	Transmitter		INFO	running
21-02-2016 04:23:22	CameraInterface		INFO	Read successful
21-02-2016 04:23:23	Controller		INFO	sending to transmitter
21-02-2016 04:23:23	Transmitter		INFO	pushing into buff
21-02-2016 04:23:23	Transmitter		INFO	pushing into buff
21-02-2016 04:23:23	Transmitter		INFO	running
21-02-2016 04:23:23	DataProcessor		INFO	polling
21-02-2016 04:23:23	Transmitter		INFO	getting from buffer
21-02-2016 04:23:23	CameraInterface		INFO	Read successful
21-02-2016 04:23:23	Controller		INFO	sending to transmitter
21-02-2016 04:23:23	Transmitter		INFO	pushing into buff
21-02-2016 04:23:23	DataProcessor		INFO	polling
21-02-2016 04:23:23	CameraInterface		INFO	Read successful
21-02-2016 04:23:23	Controller		INFO	sending to transmitter
21-02-2016 04:23:23	Transmitter		INFO	pushing into buff
21-02-2016 04:23:23	DataProcessor		INFO	polling
21-02-2016 04:23:23	CameraInterface		INFO	Read successful
21-02-2016 04:23:23	Controller		INFO	sending to transmitter
21-02-2016 04:23:23	Transmitter		INFO	pushing into buff
21-02-2016 04:23:23	DataProcessor		INFO	polling
21-02-2016 04:23:23	CameraInterface		INFO	Read successful
21-02-2016 04:23:23	Controller		INFO	sending to transmitter
21-02-2016 04:23:23	Transmitter		INFO	pushing into buff
21-02-2016 04:23:23	DataProcessor		INFO	polling
21-02-2016 04:23:24	CameraInterface		INFO	Read successful
21-02-2016 04:23:24	Controller		INFO	sending to transmitter
21-02-2016 04:23:24	Transmitter		INFO	pushing into buff
21-02-2016 04:23:24	DataProcessor		INFO	polling
21-02-2016 04:23:24	CameraInterface		INFO	Read successful
21-02-2016 04:23:24	Controller		INFO	sending to transmitter
21-02-2016 04:23:24	Transmitter		INFO	pushing into buff
21-02-2016 04:23:24	DataProcessor		INFO	polling
21-02-2016 04:23:24	CameraInterface		INFO	Read successful
21-02-2016 04:23:24	Controller		INFO	sending to transmitter
21-02-2016 04:23:24	Transmitter		INFO	pushing into buff
21-02-2016 04:23:24	DataProcessor		INFO	polling
21-02-2016 04:23:24	CameraInterface		INFO	Read successful
21-02-2016 04:23:24	Controller		INFO	sending to transmitter
21-02-2016 04:23:24	Transmitter		INFO	pushing into buff
21-02-2016 04:23:24	DataProcessor		INFO	polling
21-02-2016 04:23:24	CameraInterface		INFO	Read successful
21-02-2016 04:23:24	Controller		INFO	sending to transmitter
21-02-2016 04:23:24	Transmitter		INFO	pushing into buff
21-02-2016 04:23:24	DataProcessor		INFO	polling
21-02-2016 04:23:25	CameraInterface		INFO	Read successful
21-02-2016 04:23:25	Controller		INFO	sending to transmitter
21-02-2016 04:23:25	Transmitter		INFO	pushing into buff
21-02-2016 04:23:25	DataProcessor		INFO	polling
21-02-2016 04:23:25	CameraInterface		INFO	Read successful
21-02-2016 04:23:25	Controller		INFO	sending to transmitter
21-02-2016 04:23:25	Transmitter		INFO	pushing into buff
21-02-2016 04:23:25	DataProcessor		INFO	polling
21-02-2016 04:23:25	CameraInterface		INFO	Read successful
21-02-2016 04:23:25	Controller		INFO	sending to transmitter
21-02-2016 04:23:25	Transmitter		INFO	pushing into buff
21-02-2016 04:23:25	DataProcessor		INFO	polling
21-02-2016 04:23:25	CameraInterface		INFO	Read successful
21-02-2016 04:23:25	Controller		INFO	sending to transmitter
21-02-2016 04:23:25	Transmitter		INFO	pushing into buff
21-02-2016 04:23:25	DataProcessor		INFO	polling
21-02-2016 04:23:26	CameraInterface		INFO	Read successful
21-02-2016 04:23:26	Controller		INFO	sending to transmitter
21-02-2016 04:23:26	Transmitter		INFO	pushing into buff
21-02-2016 04:23:26	DataProcessor		INFO	polling
21-02-2016 04:23:26	CameraInterface		INFO	Read successful
21-02-2016 04:23:26	Controller		INFO	sending to transmitter
21-02-2016 04:23:26	Transmitter		INFO	pushing into buff
21-02-2016 04:23:26	DataProcessor		INFO	polling
21-02-2016 04:23:26	CameraInterface		INFO	Read successful
21-02-2016 04:23:26	Controller		INFO	sending to transmitter
21-02-2016 04:23:26	Transmitter		INFO	pushing into buff
21-02-2016 04:23:26	DataProcessor		INFO	polling
21-02-2016 04:23:26	CameraInterface		INFO	Read successful
21-02-2016 04:23:26	Controller		INFO	sending to transmitter
21-02-2016 04:23:26	Transmitter		INFO	pushing into buff
21-02-2016 04:23:26	DataProcessor		INFO	polling
21-02-2016 04:23:26	CameraInterface		INFO	Read successful
21-02-2016 04:23:26	Controller		INFO	sending to transmitter
21-02-2016 04:23:26	Transmitter		INFO	pushing into buff
21-02-2016 04:23:26	DataProcessor		INFO	polling
21-02-2016 04:23:27	CameraInterface		INFO	Read successful
21-02-2016 04:23:27	Controller		INFO	sending to transmitter
21-02-2016 04:23:27	Transmitter		INFO	pushing into buff
21-02-2016 04:23:27	DataProcessor		INFO	polling
21-02-2016 04:23:27	CameraInterface		INFO	Read successful
21-02-2016 04:23:27	Controller		INFO	sending to transmitter
21-02-2016 04:23:27	Transmitter		INFO	pushing into buff
21-02-2016 04:23:27	DataProcessor		INFO	polling
21-02-2016 04:23:27	CameraInterface		INFO	Read successful
21-02-2016 04:23:27	Controller		INFO	sending to transmitter
21-02-2016 04:23:27	Transmitter		INFO	pushing into buff
21-02-2016 04:23:27	DataProcessor		INFO	polling
21-02-2016 04:23:27	CameraInterface		INFO	Read successful
21-02-2016 04:23:27	Controller		INFO	sending to transmitter
21-02-2016 04:23:27	Transmitter		INFO	pushing into buff
21-02-2016 04:23:27	DataProcessor		INFO	polling
21-02-2016 04:23:27	Transmitter		INFO	sending string: 
21-02-2016 04:23:28	CameraInterface		INFO	Read successful
21-02-2016 04:23:28	Controller		INFO	sending to transmitter
21-02-2016 04:23:28	Transmitter		INFO	pushing into buff
21-02-2016 04:23:28	DataProcessor		INFO	polling
21-02-2016 04:23:28	Transmitter		INFO	running
21-02-2016 04:23:28	Transmitter		INFO	getting from buffer
21-02-2016 04:23:28	CameraInterface		INFO	Read successful
21-02-2016 04:23:28	Controller		INFO	sending to transmitter
21-02-2016 04:23:28	Transmitter		INFO	pushing into buff
21-02-2016 04:23:28	DataProcessor		INFO	polling
21-02-2016 04:23:28	CameraInterface		INFO	Read successful
21-02-2016 04:23:28	Controller		INFO	sending to transmitter
21-02-2016 04:23:28	Transmitter		INFO	pushing into buff
21-02-2016 04:23:28	DataProcessor		INFO	polling
21-02-2016 04:23:28	CameraInterface		INFO	Read successful
21-02-2016 04:23:28	Controller		INFO	sending to transmitter
21-02-2016 04:23:28	Transmitter		INFO	pushing into buff
21-02-2016 04:23:28	DataProcessor		INFO	polling
21-02-2016 04:23:29	CameraInterface		INFO	Read successful
21-02-2016 04:23:29	Controller		INFO	sending to transmitter
21-02-2016 04:23:29	Transmitter		INFO	pushing into buff
21-02-2016 04:23:29	DataProcessor		INFO	polling
21-02-2016 04:23:29	CameraInterface		INFO	Read successful
21-02-2016 04:23:29	Controller		INFO	sending to transmitter
21-02-2016 04:23:29	Transmitter		INFO	pushing into buff
21-02-2016 04:23:29	DataProcessor		INFO	polling
21-02-2016 04:23:29	CameraInterface		INFO	Read successful
21-02-2016 04:23:29	Controller		INFO	sending to transmitter
21-02-2016 04:23:29	Transmitter		INFO	pushing into buff
21-02-2016 04:23:29	DataProcessor		INFO	polling
21-02-2016 04:23:29	CameraInterface		INFO	Read successful
21-02-2016 04:23:29	Controller		INFO	sending to transmitter
21-02-2016 04:23:29	Transmitter		INFO	pushing into buff
21-02-2016 04:23:29	DataProcessor		INFO	polling
21-02-2016 04:23:29	CameraInterface		INFO	Read successful
21-02-2016 04:23:29	Controller		INFO	sending to transmitter
21-02-2016 04:23:29	Transmitter		INFO	pushing into buff
21-02-2016 04:23:29	DataProcessor		INFO	polling
21-02-2016 04:23:30	CameraInterface		INFO	Read successful
21-02-2016 04:23:30	Controller		INFO	sending to transmitter
21-02-2016 04:23:30	Transmitter		INFO	pushing into buff
21-02-2016 04:23:30	DataProcessor		INFO	polling
21-02-2016 04:23:30	CameraInterface		INFO	Read successful
21-02-2016 04:23:30	Controller		INFO	sending to transmitter
21-02-2016 04:23:30	Transmitter		INFO	pushing into buff
21-02-2016 04:23:30	DataProcessor		INFO	polling
21-02-2016 04:23:30	CameraInterface		INFO	Read successful
21-02-2016 04:23:30	Controller		INFO	sending to transmitter
21-02-2016 04:23:30	Transmitter		INFO	pushing into buff
21-02-2016 04:23:30	DataProcessor		INFO	polling
21-02-2016 04:23:30	CameraInterface		INFO	Read successful
21-02-2016 04:23:30	Controller		INFO	sending to transmitter
21-02-2016 04:23:30	Transmitter		INFO	pushing into buff
21-02-2016 04:23:30	DataProcessor		INFO	polling
21-02-2016 04:23:30	CameraInterface		INFO	Read successful
21-02-2016 04:23:31	Controller		INFO	sending to transmitter
21-02-2016 04:23:31	Transmitter		INFO	pushing into buff
21-02-2016 04:23:31	DataProcessor		INFO	polling
21-02-2016 04:23:31	CameraInterface		INFO	Read successful
21-02-2016 04:23:31	Controller		INFO	sending to transmitter
21-02-2016 04:23:31	Transmitter		INFO	pushing into buff
21-02-2016 04:23:31	DataProcessor		INFO	polling
21-02-2016 04:23:31	CameraInterface		INFO	Read successful
21-02-2016 04:23:31	Controller		INFO	sending to transmitter
21-02-2016 04:23:31	Transmitter		INFO	pushing into buff
21-02-2016 04:23:31	DataProcessor		INFO	polling
21-02-2016 04:23:31	CameraInterface		INFO	Read successful
21-02-2016 04:23:31	Controller		INFO	sending to transmitter
21-02-2016 04:23:31	Transmitter		INFO	pushing into buff
21-02-2016 04:23:31	DataProcessor		INFO	polling
21-02-2016 04:23:31	CameraInterface		INFO	Read successful
21-02-2016 04:23:31	Controller		INFO	sending to transmitter
21-02-2016 04:23:31	Transmitter		INFO	pushing into buff
21-02-2016 04:23:31	DataProcessor		INFO	polling
21-02-2016 04:23:32	CameraInterface		INFO	Read successful
21-02-2016 04:23:32	Controller		INFO	sending to transmitter
21-02-2016 04:23:32	Transmitter		INFO	pushing into buff
21-02-2016 04:23:32	DataProcessor		INFO	polling
21-02-2016 04:23:32	CameraInterface		INFO	Read successful
21-02-2016 04:23:32	Controller		INFO	sending to transmitter
21-02-2016 04:23:32	Transmitter		INFO	pushing into buff
21-02-2016 04:23:32	DataProcessor		INFO	polling
21-02-2016 04:23:32	CameraInterface		INFO	Read successful
21-02-2016 04:23:32	Controller		INFO	sending to transmitter
21-02-2016 04:23:32	Transmitter		INFO	pushing into buff
21-02-2016 04:23:32	DataProcessor		INFO	polling
21-02-2016 04:23:32	CameraInterface		INFO	Read successful
21-02-2016 04:23:32	Controller		INFO	sending to transmitter
21-02-2016 04:23:32	Transmitter		INFO	pushing into buff
21-02-2016 04:23:32	DataProcessor		INFO	polling
21-02-2016 04:23:33	CameraInterface		INFO	Read successful
21-02-2016 04:23:33	Controller		INFO	sending to transmitter
21-02-2016 04:23:33	Transmitter		INFO	pushing into buff
21-02-2016 04:23:33	DataProcessor		INFO	polling
21-02-2016 04:23:33	CameraInterface		INFO	Read successful
21-02-2016 04:23:33	Controller		INFO	sending to transmitter
21-02-2016 04:23:33	Transmitter		INFO	pushing into buff
21-02-2016 04:23:33	DataProcessor		INFO	polling
21-02-2016 04:23:33	CameraInterface		INFO	Read successful
21-02-2016 04:23:33	Controller		INFO	sending to transmitter
21-02-2016 04:23:33	Transmitter		INFO	pushing into buff
21-02-2016 04:23:33	DataProcessor		INFO	polling
21-02-2016 04:23:33	CameraInterface		INFO	Read successful
21-02-2016 04:23:33	Controller		INFO	sending to transmitter
21-02-2016 04:23:33	Transmitter		INFO	pushing into buff
21-02-2016 04:23:33	DataProcessor		INFO	polling
21-02-2016 04:23:33	CameraInterface		INFO	Read successful
21-02-2016 04:23:33	Controller		INFO	sending to transmitter
21-02-2016 04:23:33	Transmitter		INFO	pushing into buff
21-02-2016 04:23:33	DataProcessor		INFO	polling
21-02-2016 04:23:34	CameraInterface		INFO	Read successful
21-02-2016 04:23:34	Controller		INFO	sending to transmitter
21-02-2016 04:23:34	Transmitter		INFO	pushing into buff
21-02-2016 04:23:34	DataProcessor		INFO	polling
21-02-2016 04:23:34	CameraInterface		INFO	Read successful
21-02-2016 04:23:34	Controller		INFO	sending to transmitter
21-02-2016 04:23:34	Transmitter		INFO	pushing into buff
21-02-2016 04:23:34	DataProcessor		INFO	polling
21-02-2016 04:23:34	CameraInterface		INFO	Read successful
21-02-2016 04:23:34	Controller		INFO	sending to transmitter
21-02-2016 04:23:34	Transmitter		INFO	pushing into buff
21-02-2016 04:23:34	DataProcessor		INFO	polling
21-02-2016 04:23:34	CameraInterface		INFO	Read successful
21-02-2016 04:23:34	Controller		INFO	sending to transmitter
21-02-2016 04:23:34	Transmitter		INFO	pushing into buff
21-02-2016 04:23:34	DataProcessor		INFO	polling
