21-02-2016 04:46:50	Main		TRACE	Logger initialized.
21-02-2016 04:46:50	PropertyReader		TRACE	Opening file: settings/settings.txt
21-02-2016 04:46:50	PropertyReader		INFO	File opened: settings/settings.txt
21-02-2016 04:46:50	PropertyReader		INFO	Loading properties file...
21-02-2016 04:46:50	PropertyReader		INFO	Mapped TRACE to LOGGING_LEVEL
21-02-2016 04:46:50	PropertyReader		INFO	Mapped 100 to CAM_BUFFER_SIZE
21-02-2016 04:46:50	PropertyReader		INFO	Mapped 15 to CAM_POLL_FREQUENCY
21-02-2016 04:46:50	PropertyReader		INFO	Mapped 0 to CAM_INDEX
21-02-2016 04:46:50	PropertyReader		DEBUG	Loaded 4 properties successfully
21-02-2016 04:46:50	Controller		INFO	Constructor controller
21-02-2016 04:46:50	Transmitter		INFO	socket retrieve success
21-02-2016 04:46:50	Transmitter		INFO	binding done
21-02-2016 04:46:50	Transmitter		INFO	done listening
21-02-2016 04:48:24	Transmitter		INFO	accepting
21-02-2016 04:48:24	Main		TRACE	intializing controller
21-02-2016 04:48:24	Controller		INFO	Initializing Controller
21-02-2016 04:48:24	Main		TRACE	initializing dataprocessor
21-02-2016 04:48:24	CameraInterface		INFO	Initializing camera
21-02-2016 04:48:24	CameraInterface		INFO	Opening video capture stream at position 0
21-02-2016 04:48:24	Transmitter		INFO	Starting Receiver Thread execution loop
21-02-2016 04:48:24	Transmitter		INFO	running
21-02-2016 04:48:24	ControllerThread		INFO	Starting Controller Thread execution loop
21-02-2016 04:48:24	Receiver		INFO	Starting Receiver Thread execution loop
21-02-2016 04:48:24	Transmitter		INFO	running
21-02-2016 04:48:24	Transmitter		INFO	running
21-02-2016 04:48:24	Transmitter		INFO	running
21-02-2016 04:48:24	Transmitter		INFO	running
21-02-2016 04:48:24	Transmitter		INFO	running
21-02-2016 04:48:24	Transmitter		INFO	running
21-02-2016 04:48:24	Transmitter		INFO	running
21-02-2016 04:48:24	Transmitter		INFO	running
21-02-2016 04:48:24	Transmitter		INFO	running
21-02-2016 04:48:24	Transmitter		INFO	running
21-02-2016 04:48:24	Transmitter		INFO	running
21-02-2016 04:48:24	Transmitter		INFO	running
21-02-2016 04:48:24	Transmitter		INFO	running
21-02-2016 04:48:24	Transmitter		INFO	running
21-02-2016 04:48:24	Transmitter		INFO	running
21-02-2016 04:48:24	Transmitter		INFO	running
21-02-2016 04:48:24	Transmitter		INFO	running
21-02-2016 04:48:24	Transmitter		INFO	running
21-02-2016 04:48:24	Transmitter		INFO	running
21-02-2016 04:48:24	Transmitter		INFO	running
21-02-2016 04:48:24	Transmitter		INFO	running
21-02-2016 04:48:24	Transmitter		INFO	running
21-02-2016 04:48:24	Transmitter		INFO	running
21-02-2016 04:48:24	Transmitter		INFO	running
21-02-2016 04:48:24	Transmitter		INFO	running
21-02-2016 04:48:24	Transmitter		INFO	running
21-02-2016 04:48:24	Transmitter		INFO	running
21-02-2016 04:48:24	Transmitter		INFO	running
21-02-2016 04:48:24	Transmitter		INFO	running
21-02-2016 04:48:24	Transmitter		INFO	running
21-02-2016 04:48:24	Transmitter		INFO	running
21-02-2016 04:48:24	Transmitter		INFO	running
21-02-2016 04:48:24	Transmitter		INFO	running
21-02-2016 04:48:24	Transmitter		INFO	running
21-02-2016 04:48:24	Transmitter		INFO	running
21-02-2016 04:48:24	Transmitter		INFO	running
21-02-2016 04:48:24	Transmitter		INFO	running
21-02-2016 04:48:24	Transmitter		INFO	running
21-02-2016 04:48:24	Transmitter		INFO	running
21-02-2016 04:48:24	Transmitter		INFO	running
21-02-2016 04:48:24	Transmitter		INFO	running
21-02-2016 04:48:24	Transmitter		INFO	running
21-02-2016 04:48:24	Transmitter		INFO	running
21-02-2016 04:48:24	Transmitter		INFO	running
21-02-2016 04:48:24	Transmitter		INFO	running
21-02-2016 04:48:24	Transmitter		INFO	running
21-02-2016 04:48:24	Transmitter		INFO	running
21-02-2016 04:48:24	Transmitter		INFO	running
21-02-2016 04:48:24	Transmitter		INFO	running
21-02-2016 04:48:24	Transmitter		INFO	running
21-02-2016 04:48:24	Transmitter		INFO	running
21-02-2016 04:48:24	Transmitter		INFO	running
21-02-2016 04:48:24	Transmitter		INFO	running
21-02-2016 04:48:24	Transmitter		INFO	running
21-02-2016 04:48:24	Main		TRACE	running controller
21-02-2016 04:48:24	DataProcessor		INFO	polling
21-02-2016 04:48:24	Transmitter		INFO	running
21-02-2016 04:48:24	Transmitter		INFO	running
21-02-2016 04:48:24	Transmitter		INFO	running
21-02-2016 04:48:24	Transmitter		INFO	running
21-02-2016 04:48:24	Transmitter		INFO	running
21-02-2016 04:48:24	Transmitter		INFO	running
21-02-2016 04:48:24	Transmitter		INFO	running
21-02-2016 04:48:24	Transmitter		INFO	running
21-02-2016 04:48:24	Transmitter		INFO	running
21-02-2016 04:48:24	Transmitter		INFO	running
21-02-2016 04:48:24	Transmitter		INFO	running
21-02-2016 04:48:24	Transmitter		INFO	running
21-02-2016 04:48:24	Transmitter		INFO	running
21-02-2016 04:48:24	Transmitter		INFO	running
21-02-2016 04:48:24	Transmitter		INFO	running
21-02-2016 04:48:24	Transmitter		INFO	running
21-02-2016 04:48:24	Transmitter		INFO	running
21-02-2016 04:48:24	Transmitter		INFO	running
21-02-2016 04:48:24	Transmitter		INFO	running
21-02-2016 04:48:24	Transmitter		INFO	running
21-02-2016 04:48:24	Transmitter		INFO	running
21-02-2016 04:48:24	Transmitter		INFO	running
21-02-2016 04:48:24	Transmitter		INFO	running
21-02-2016 04:48:24	Transmitter		INFO	running
21-02-2016 04:48:24	Transmitter		INFO	running
21-02-2016 04:48:24	Transmitter		INFO	running
21-02-2016 04:48:24	Transmitter		INFO	running
21-02-2016 04:48:24	Transmitter		INFO	running
21-02-2016 04:48:24	Transmitter		INFO	running
21-02-2016 04:48:24	Transmitter		INFO	running
21-02-2016 04:48:24	Transmitter		INFO	running
21-02-2016 04:48:24	Transmitter		INFO	running
21-02-2016 04:48:24	Transmitter		INFO	running
21-02-2016 04:48:24	Transmitter		INFO	running
21-02-2016 04:48:24	Transmitter		INFO	running
21-02-2016 04:48:24	Transmitter		INFO	running
21-02-2016 04:48:24	Transmitter		INFO	running
21-02-2016 04:48:24	Transmitter		INFO	running
21-02-2016 04:48:24	Transmitter		INFO	running
21-02-2016 04:48:24	Transmitter		INFO	running
21-02-2016 04:48:24	Transmitter		INFO	running
21-02-2016 04:48:24	Transmitter		INFO	running
21-02-2016 04:48:24	Transmitter		INFO	running
21-02-2016 04:48:24	Transmitter		INFO	running
21-02-2016 04:48:24	Transmitter		INFO	running
21-02-2016 04:48:24	Transmitter		INFO	running
21-02-2016 04:48:24	Transmitter		INFO	running
21-02-2016 04:48:24	Transmitter		INFO	running
21-02-2016 04:48:24	Transmitter		INFO	running
21-02-2016 04:48:24	Transmitter		INFO	running
21-02-2016 04:48:24	Transmitter		INFO	running
21-02-2016 04:48:24	Transmitter		INFO	running
21-02-2016 04:48:24	Transmitter		INFO	running
21-02-2016 04:48:24	Transmitter		INFO	running
21-02-2016 04:48:24	Transmitter		INFO	running
21-02-2016 04:48:24	Transmitter		INFO	running
21-02-2016 04:48:24	Transmitter		INFO	running
21-02-2016 04:48:24	Transmitter		INFO	running
21-02-2016 04:48:24	Transmitter		INFO	running
21-02-2016 04:48:24	Transmitter		INFO	running
21-02-2016 04:48:24	Transmitter		INFO	running
21-02-2016 04:48:24	Transmitter		INFO	running
21-02-2016 04:48:24	Transmitter		INFO	running
21-02-2016 04:48:24	Transmitter		INFO	running
21-02-2016 04:48:24	Transmitter		INFO	running
21-02-2016 04:48:24	Transmitter		INFO	running
21-02-2016 04:48:24	Transmitter		INFO	running
21-02-2016 04:48:24	Transmitter		INFO	running
21-02-2016 04:48:24	Transmitter		INFO	running
21-02-2016 04:48:24	Transmitter		INFO	running
21-02-2016 04:48:24	Transmitter		INFO	running
21-02-2016 04:48:24	Transmitter		INFO	running
21-02-2016 04:48:24	Transmitter		INFO	running
21-02-2016 04:48:24	Transmitter		INFO	running
21-02-2016 04:48:24	Transmitter		INFO	running
21-02-2016 04:48:24	Transmitter		INFO	running
21-02-2016 04:48:24	Transmitter		INFO	running
21-02-2016 04:48:24	Transmitter		INFO	running
21-02-2016 04:48:24	Transmitter		INFO	running
21-02-2016 04:48:24	Transmitter		INFO	running
21-02-2016 04:48:25	Transmitter		INFO	running
21-02-2016 04:48:25	Transmitter		INFO	running
21-02-2016 04:48:25	Transmitter		INFO	running
21-02-2016 04:48:25	Transmitter		INFO	running
21-02-2016 04:48:25	Transmitter		INFO	running
21-02-2016 04:48:25	Transmitter		INFO	running
21-02-2016 04:48:25	Transmitter		INFO	running
21-02-2016 04:48:25	Transmitter		INFO	running
21-02-2016 04:48:25	Transmitter		INFO	running
21-02-2016 04:48:25	Transmitter		INFO	running
21-02-2016 04:48:25	Transmitter		INFO	running
21-02-2016 04:48:25	Transmitter		INFO	running
21-02-2016 04:48:25	Transmitter		INFO	running
21-02-2016 04:48:25	Transmitter		INFO	running
21-02-2016 04:48:25	Transmitter		INFO	running
21-02-2016 04:48:25	Transmitter		INFO	running
21-02-2016 04:48:25	Transmitter		INFO	running
21-02-2016 04:48:25	Transmitter		INFO	running
21-02-2016 04:48:25	Transmitter		INFO	running
21-02-2016 04:48:25	Transmitter		INFO	running
21-02-2016 04:48:25	Transmitter		INFO	running
21-02-2016 04:48:25	CameraInterface		INFO	Read successful
21-02-2016 04:48:25	Transmitter		INFO	running
21-02-2016 04:48:25	Controller		INFO	sending to transmitter
21-02-2016 04:48:25	Transmitter		INFO	pushing into buff
21-02-2016 04:48:25	DataProcessor		INFO	polling
21-02-2016 04:48:25	DataProcessor		INFO	polling
21-02-2016 04:48:25	Transmitter		INFO	running
21-02-2016 04:48:25	Transmitter		INFO	getting from buffer
21-02-2016 04:48:25	CameraInterface		INFO	Read successful
21-02-2016 04:48:25	Controller		INFO	sending to transmitter
21-02-2016 04:48:25	Transmitter		INFO	pushing into buff
21-02-2016 04:48:25	DataProcessor		INFO	polling
21-02-2016 04:48:25	CameraInterface		INFO	Read successful
21-02-2016 04:48:25	Controller		INFO	sending to transmitter
21-02-2016 04:48:25	Transmitter		INFO	pushing into buff
21-02-2016 04:48:25	DataProcessor		INFO	polling
21-02-2016 04:48:25	CameraInterface		INFO	Read successful
21-02-2016 04:48:25	Controller		INFO	sending to transmitter
21-02-2016 04:48:25	Transmitter		INFO	pushing into buff
21-02-2016 04:48:25	DataProcessor		INFO	polling
21-02-2016 04:48:26	CameraInterface		INFO	Read successful
21-02-2016 04:48:26	Controller		INFO	sending to transmitter
21-02-2016 04:48:26	Transmitter		INFO	pushing into buff
21-02-2016 04:48:26	DataProcessor		INFO	polling
21-02-2016 04:48:26	CameraInterface		INFO	Read successful
21-02-2016 04:48:26	Controller		INFO	sending to transmitter
21-02-2016 04:48:26	Transmitter		INFO	pushing into buff
21-02-2016 04:48:26	DataProcessor		INFO	polling
21-02-2016 04:48:26	CameraInterface		INFO	Read successful
21-02-2016 04:48:26	Controller		INFO	sending to transmitter
21-02-2016 04:48:26	Transmitter		INFO	pushing into buff
21-02-2016 04:48:26	DataProcessor		INFO	polling
21-02-2016 04:48:26	CameraInterface		INFO	Read successful
21-02-2016 04:48:26	Controller		INFO	sending to transmitter
21-02-2016 04:48:26	Transmitter		INFO	pushing into buff
21-02-2016 04:48:26	DataProcessor		INFO	polling
21-02-2016 04:48:27	CameraInterface		INFO	Read successful
21-02-2016 04:48:27	Controller		INFO	sending to transmitter
21-02-2016 04:48:27	Transmitter		INFO	pushing into buff
21-02-2016 04:48:27	DataProcessor		INFO	polling
21-02-2016 04:48:27	CameraInterface		INFO	Read successful
21-02-2016 04:48:27	Controller		INFO	sending to transmitter
21-02-2016 04:48:27	Transmitter		INFO	pushing into buff
21-02-2016 04:48:27	DataProcessor		INFO	polling
21-02-2016 04:48:27	CameraInterface		INFO	Read successful
21-02-2016 04:48:27	Controller		INFO	sending to transmitter
21-02-2016 04:48:27	Transmitter		INFO	pushing into buff
21-02-2016 04:48:27	DataProcessor		INFO	polling
21-02-2016 04:48:27	CameraInterface		INFO	Read successful
21-02-2016 04:48:27	Controller		INFO	sending to transmitter
21-02-2016 04:48:27	Transmitter		INFO	pushing into buff
21-02-2016 04:48:27	DataProcessor		INFO	polling
21-02-2016 04:48:27	CameraInterface		INFO	Read successful
21-02-2016 04:48:27	Controller		INFO	sending to transmitter
21-02-2016 04:48:27	Transmitter		INFO	pushing into buff
21-02-2016 04:48:27	DataProcessor		INFO	polling
21-02-2016 04:48:28	CameraInterface		INFO	Read successful
21-02-2016 04:48:28	Controller		INFO	sending to transmitter
21-02-2016 04:48:28	Transmitter		INFO	pushing into buff
21-02-2016 04:48:28	DataProcessor		INFO	polling
21-02-2016 04:48:28	CameraInterface		INFO	Read successful
21-02-2016 04:48:28	Controller		INFO	sending to transmitter
21-02-2016 04:48:28	Transmitter		INFO	pushing into buff
21-02-2016 04:48:28	DataProcessor		INFO	polling
21-02-2016 04:48:28	CameraInterface		INFO	Read successful
21-02-2016 04:48:28	Controller		INFO	sending to transmitter
21-02-2016 04:48:28	Transmitter		INFO	pushing into buff
21-02-2016 04:48:28	DataProcessor		INFO	polling
21-02-2016 04:48:28	CameraInterface		INFO	Read successful
21-02-2016 04:48:28	Controller		INFO	sending to transmitter
21-02-2016 04:48:28	Transmitter		INFO	pushing into buff
21-02-2016 04:48:28	DataProcessor		INFO	polling
21-02-2016 04:48:28	CameraInterface		INFO	Read successful
21-02-2016 04:48:28	Controller		INFO	sending to transmitter
21-02-2016 04:48:29	Transmitter		INFO	pushing into buff
21-02-2016 04:48:29	DataProcessor		INFO	polling
21-02-2016 04:48:29	CameraInterface		INFO	Read successful
21-02-2016 04:48:29	Controller		INFO	sending to transmitter
21-02-2016 04:48:29	Transmitter		INFO	pushing into buff
21-02-2016 04:48:29	DataProcessor		INFO	polling
21-02-2016 04:48:29	CameraInterface		INFO	Read successful
21-02-2016 04:48:29	Controller		INFO	sending to transmitter
21-02-2016 04:48:29	Transmitter		INFO	pushing into buff
21-02-2016 04:48:29	DataProcessor		INFO	polling
21-02-2016 04:48:29	CameraInterface		INFO	Read successful
21-02-2016 04:48:29	Controller		INFO	sending to transmitter
21-02-2016 04:48:29	Transmitter		INFO	pushing into buff
21-02-2016 04:48:29	DataProcessor		INFO	polling
21-02-2016 04:48:29	CameraInterface		INFO	Read successful
21-02-2016 04:48:29	Controller		INFO	sending to transmitter
21-02-2016 04:48:29	Transmitter		INFO	pushing into buff
21-02-2016 04:48:29	DataProcessor		INFO	polling
21-02-2016 04:48:30	CameraInterface		INFO	Read successful
21-02-2016 04:48:30	Controller		INFO	sending to transmitter
21-02-2016 04:48:30	Transmitter		INFO	pushing into buff
21-02-2016 04:48:30	DataProcessor		INFO	polling
21-02-2016 04:48:30	CameraInterface		INFO	Read successful
21-02-2016 04:48:30	Controller		INFO	sending to transmitter
21-02-2016 04:48:30	Transmitter		INFO	pushing into buff
21-02-2016 04:48:30	Transmitter		INFO	sending string: 
21-02-2016 04:48:30	DataProcessor		INFO	polling
21-02-2016 04:48:30	CameraInterface		INFO	Read successful
21-02-2016 04:48:30	Controller		INFO	sending to transmitter
21-02-2016 04:48:30	Transmitter		INFO	pushing into buff
21-02-2016 04:48:30	DataProcessor		INFO	polling
21-02-2016 04:48:30	CameraInterface		INFO	Read successful
21-02-2016 04:48:30	Controller		INFO	sending to transmitter
21-02-2016 04:48:30	Transmitter		INFO	pushing into buff
21-02-2016 04:48:30	DataProcessor		INFO	polling
21-02-2016 04:48:30	CameraInterface		INFO	Read successful
21-02-2016 04:48:30	Controller		INFO	sending to transmitter
21-02-2016 04:48:30	Transmitter		INFO	pushing into buff
21-02-2016 04:48:30	DataProcessor		INFO	polling
21-02-2016 04:48:30	CameraInterface		INFO	Read successful
21-02-2016 04:48:30	Controller		INFO	sending to transmitter
21-02-2016 04:48:31	Transmitter		INFO	pushing into buff
21-02-2016 04:48:31	DataProcessor		INFO	polling
21-02-2016 04:48:31	CameraInterface		INFO	Read successful
21-02-2016 04:48:31	Controller		INFO	sending to transmitter
21-02-2016 04:48:31	Transmitter		INFO	pushing into buff
21-02-2016 04:48:31	Transmitter		INFO	running
21-02-2016 04:48:31	Transmitter		INFO	getting from buffer
21-02-2016 04:48:31	DataProcessor		INFO	polling
21-02-2016 04:48:31	CameraInterface		INFO	Read successful
21-02-2016 04:48:31	Controller		INFO	sending to transmitter
21-02-2016 04:48:31	Transmitter		INFO	pushing into buff
21-02-2016 04:48:31	DataProcessor		INFO	polling
21-02-2016 04:48:31	CameraInterface		INFO	Read successful
21-02-2016 04:48:31	Controller		INFO	sending to transmitter
21-02-2016 04:48:31	Transmitter		INFO	pushing into buff
21-02-2016 04:48:31	DataProcessor		INFO	polling
21-02-2016 04:48:31	CameraInterface		INFO	Read successful
21-02-2016 04:48:31	Controller		INFO	sending to transmitter
21-02-2016 04:48:31	Transmitter		INFO	pushing into buff
21-02-2016 04:48:31	DataProcessor		INFO	polling
21-02-2016 04:48:32	CameraInterface		INFO	Read successful
21-02-2016 04:48:32	Controller		INFO	sending to transmitter
21-02-2016 04:48:32	Transmitter		INFO	pushing into buff
21-02-2016 04:48:32	DataProcessor		INFO	polling
21-02-2016 04:48:32	CameraInterface		INFO	Read successful
21-02-2016 04:48:32	Controller		INFO	sending to transmitter
21-02-2016 04:48:32	Transmitter		INFO	pushing into buff
21-02-2016 04:48:32	DataProcessor		INFO	polling
21-02-2016 04:48:32	CameraInterface		INFO	Read successful
21-02-2016 04:48:32	Controller		INFO	sending to transmitter
21-02-2016 04:48:32	Transmitter		INFO	pushing into buff
21-02-2016 04:48:32	DataProcessor		INFO	polling
21-02-2016 04:48:32	CameraInterface		INFO	Read successful
21-02-2016 04:48:32	Controller		INFO	sending to transmitter
21-02-2016 04:48:32	Transmitter		INFO	pushing into buff
21-02-2016 04:48:32	DataProcessor		INFO	polling
21-02-2016 04:48:32	CameraInterface		INFO	Read successful
21-02-2016 04:48:32	Controller		INFO	sending to transmitter
21-02-2016 04:48:33	Transmitter		INFO	pushing into buff
21-02-2016 04:48:33	DataProcessor		INFO	polling
21-02-2016 04:48:33	CameraInterface		INFO	Read successful
21-02-2016 04:48:33	Controller		INFO	sending to transmitter
21-02-2016 04:48:33	Transmitter		INFO	pushing into buff
21-02-2016 04:48:33	DataProcessor		INFO	polling
21-02-2016 04:48:33	CameraInterface		INFO	Read successful
21-02-2016 04:48:33	Controller		INFO	sending to transmitter
21-02-2016 04:48:33	Transmitter		INFO	pushing into buff
21-02-2016 04:48:33	DataProcessor		INFO	polling
21-02-2016 04:48:33	CameraInterface		INFO	Read successful
21-02-2016 04:48:33	Controller		INFO	sending to transmitter
21-02-2016 04:48:33	Transmitter		INFO	pushing into buff
21-02-2016 04:48:33	DataProcessor		INFO	polling
21-02-2016 04:48:33	CameraInterface		INFO	Read successful
21-02-2016 04:48:33	Controller		INFO	sending to transmitter
21-02-2016 04:48:33	Transmitter		INFO	pushing into buff
21-02-2016 04:48:33	DataProcessor		INFO	polling
21-02-2016 04:48:34	CameraInterface		INFO	Read successful
21-02-2016 04:48:34	Controller		INFO	sending to transmitter
21-02-2016 04:48:34	Transmitter		INFO	pushing into buff
21-02-2016 04:48:34	DataProcessor		INFO	polling
21-02-2016 04:48:34	CameraInterface		INFO	Read successful
21-02-2016 04:48:34	Controller		INFO	sending to transmitter
21-02-2016 04:48:34	Transmitter		INFO	pushing into buff
21-02-2016 04:48:34	DataProcessor		INFO	polling
21-02-2016 04:48:34	CameraInterface		INFO	Read successful
21-02-2016 04:48:34	Controller		INFO	sending to transmitter
21-02-2016 04:48:34	Transmitter		INFO	pushing into buff
21-02-2016 04:48:34	DataProcessor		INFO	polling
21-02-2016 04:48:34	CameraInterface		INFO	Read successful
21-02-2016 04:48:34	Controller		INFO	sending to transmitter
21-02-2016 04:48:34	Transmitter		INFO	pushing into buff
21-02-2016 04:48:34	DataProcessor		INFO	polling
21-02-2016 04:48:34	CameraInterface		INFO	Read successful
21-02-2016 04:48:34	Controller		INFO	sending to transmitter
21-02-2016 04:48:34	Transmitter		INFO	pushing into buff
21-02-2016 04:48:34	DataProcessor		INFO	polling
21-02-2016 04:48:35	CameraInterface		INFO	Read successful
21-02-2016 04:48:35	Controller		INFO	sending to transmitter
21-02-2016 04:48:35	Transmitter		INFO	pushing into buff
21-02-2016 04:48:35	DataProcessor		INFO	polling
21-02-2016 04:48:35	CameraInterface		INFO	Read successful
21-02-2016 04:48:35	Controller		INFO	sending to transmitter
21-02-2016 04:48:35	Transmitter		INFO	pushing into buff
21-02-2016 04:48:35	DataProcessor		INFO	polling
21-02-2016 04:48:35	CameraInterface		INFO	Read successful
21-02-2016 04:48:35	Controller		INFO	sending to transmitter
21-02-2016 04:48:35	Transmitter		INFO	pushing into buff
21-02-2016 04:48:35	DataProcessor		INFO	polling
21-02-2016 04:48:35	CameraInterface		INFO	Read successful
21-02-2016 04:48:35	Controller		INFO	sending to transmitter
21-02-2016 04:48:35	Transmitter		INFO	pushing into buff
21-02-2016 04:48:35	DataProcessor		INFO	polling
