21-02-2016 05:02:18	Main		TRACE	Logger initialized.
21-02-2016 05:02:18	PropertyReader		TRACE	Opening file: settings/settings.txt
21-02-2016 05:02:18	PropertyReader		INFO	File opened: settings/settings.txt
21-02-2016 05:02:18	PropertyReader		INFO	Loading properties file...
21-02-2016 05:02:18	PropertyReader		INFO	Mapped TRACE to LOGGING_LEVEL
21-02-2016 05:02:18	PropertyReader		INFO	Mapped 100 to CAM_BUFFER_SIZE
21-02-2016 05:02:18	PropertyReader		INFO	Mapped 15 to CAM_POLL_FREQUENCY
21-02-2016 05:02:18	PropertyReader		INFO	Mapped 0 to CAM_INDEX
21-02-2016 05:02:18	PropertyReader		DEBUG	Loaded 4 properties successfully
21-02-2016 05:02:18	Controller		INFO	Constructor controller
21-02-2016 05:02:18	Transmitter		INFO	socket retrieve success
21-02-2016 05:02:18	Transmitter		INFO	binding done
21-02-2016 05:02:18	Transmitter		INFO	done listening
21-02-2016 05:02:28	Transmitter		INFO	accepting
21-02-2016 05:02:28	Main		TRACE	intializing controller
21-02-2016 05:02:28	Controller		INFO	Initializing Controller
21-02-2016 05:02:28	Main		TRACE	initializing dataprocessor
21-02-2016 05:02:28	CameraInterface		INFO	Initializing camera
21-02-2016 05:02:28	CameraInterface		INFO	Opening video capture stream at position 0
21-02-2016 05:02:28	Transmitter		INFO	Starting Receiver Thread execution loop
21-02-2016 05:02:28	ControllerThread		INFO	Starting Controller Thread execution loop
21-02-2016 05:02:28	Receiver		INFO	Starting Receiver Thread execution loop
21-02-2016 05:02:28	Transmitter		INFO	running
21-02-2016 05:02:28	Transmitter		INFO	running
21-02-2016 05:02:28	Transmitter		INFO	running
21-02-2016 05:02:28	Transmitter		INFO	running
21-02-2016 05:02:28	Transmitter		INFO	running
21-02-2016 05:02:28	Transmitter		INFO	running
21-02-2016 05:02:28	Transmitter		INFO	running
21-02-2016 05:02:28	Transmitter		INFO	running
21-02-2016 05:02:28	Transmitter		INFO	running
21-02-2016 05:02:28	Transmitter		INFO	running
21-02-2016 05:02:28	Transmitter		INFO	running
21-02-2016 05:02:28	Transmitter		INFO	running
21-02-2016 05:02:28	Transmitter		INFO	running
21-02-2016 05:02:28	Transmitter		INFO	running
21-02-2016 05:02:28	Transmitter		INFO	running
21-02-2016 05:02:28	Transmitter		INFO	running
21-02-2016 05:02:28	Transmitter		INFO	running
21-02-2016 05:02:28	Transmitter		INFO	running
21-02-2016 05:02:28	Transmitter		INFO	running
21-02-2016 05:02:28	Transmitter		INFO	running
21-02-2016 05:02:28	Transmitter		INFO	running
21-02-2016 05:02:28	Transmitter		INFO	running
21-02-2016 05:02:28	Transmitter		INFO	running
21-02-2016 05:02:28	Transmitter		INFO	running
21-02-2016 05:02:28	Transmitter		INFO	running
21-02-2016 05:02:28	Transmitter		INFO	running
21-02-2016 05:02:28	Transmitter		INFO	running
21-02-2016 05:02:28	Transmitter		INFO	running
21-02-2016 05:02:28	Transmitter		INFO	running
21-02-2016 05:02:28	Transmitter		INFO	running
21-02-2016 05:02:28	Transmitter		INFO	running
21-02-2016 05:02:28	Transmitter		INFO	running
21-02-2016 05:02:28	Transmitter		INFO	running
21-02-2016 05:02:28	Transmitter		INFO	running
21-02-2016 05:02:28	Transmitter		INFO	running
21-02-2016 05:02:28	Transmitter		INFO	running
21-02-2016 05:02:28	Transmitter		INFO	running
21-02-2016 05:02:28	Transmitter		INFO	running
21-02-2016 05:02:28	Transmitter		INFO	running
21-02-2016 05:02:28	Transmitter		INFO	running
21-02-2016 05:02:28	Transmitter		INFO	running
21-02-2016 05:02:28	Main		TRACE	running controller
21-02-2016 05:02:28	Transmitter		INFO	running
21-02-2016 05:02:28	DataProcessor		INFO	polling
21-02-2016 05:02:28	Transmitter		INFO	running
21-02-2016 05:02:28	Transmitter		INFO	running
21-02-2016 05:02:28	Transmitter		INFO	running
21-02-2016 05:02:28	Transmitter		INFO	running
21-02-2016 05:02:28	Transmitter		INFO	running
21-02-2016 05:02:28	Transmitter		INFO	running
21-02-2016 05:02:28	Transmitter		INFO	running
21-02-2016 05:02:28	Transmitter		INFO	running
21-02-2016 05:02:28	Transmitter		INFO	running
21-02-2016 05:02:28	Transmitter		INFO	running
21-02-2016 05:02:28	Transmitter		INFO	running
21-02-2016 05:02:28	Transmitter		INFO	running
21-02-2016 05:02:28	Transmitter		INFO	running
21-02-2016 05:02:28	Transmitter		INFO	running
21-02-2016 05:02:28	Transmitter		INFO	running
21-02-2016 05:02:28	Transmitter		INFO	running
21-02-2016 05:02:28	Transmitter		INFO	running
21-02-2016 05:02:28	Transmitter		INFO	running
21-02-2016 05:02:28	Transmitter		INFO	running
21-02-2016 05:02:28	Transmitter		INFO	running
21-02-2016 05:02:28	Transmitter		INFO	running
21-02-2016 05:02:28	Transmitter		INFO	running
21-02-2016 05:02:28	Transmitter		INFO	running
21-02-2016 05:02:28	Transmitter		INFO	running
21-02-2016 05:02:28	Transmitter		INFO	running
21-02-2016 05:02:28	Transmitter		INFO	running
21-02-2016 05:02:28	Transmitter		INFO	running
21-02-2016 05:02:28	Transmitter		INFO	running
21-02-2016 05:02:29	Transmitter		INFO	running
21-02-2016 05:02:29	Transmitter		INFO	running
21-02-2016 05:02:29	Transmitter		INFO	running
21-02-2016 05:02:29	Transmitter		INFO	running
21-02-2016 05:02:29	Transmitter		INFO	running
21-02-2016 05:02:29	Transmitter		INFO	running
21-02-2016 05:02:29	Transmitter		INFO	running
21-02-2016 05:02:29	Transmitter		INFO	running
21-02-2016 05:02:29	Transmitter		INFO	running
21-02-2016 05:02:29	Transmitter		INFO	running
21-02-2016 05:02:29	Transmitter		INFO	running
21-02-2016 05:02:29	Transmitter		INFO	running
21-02-2016 05:02:29	Transmitter		INFO	running
21-02-2016 05:02:29	Transmitter		INFO	running
21-02-2016 05:02:29	Transmitter		INFO	running
21-02-2016 05:02:29	Transmitter		INFO	running
21-02-2016 05:02:29	Transmitter		INFO	running
21-02-2016 05:02:29	Transmitter		INFO	running
21-02-2016 05:02:29	Transmitter		INFO	running
21-02-2016 05:02:29	Transmitter		INFO	running
21-02-2016 05:02:29	Transmitter		INFO	running
21-02-2016 05:02:29	Transmitter		INFO	running
21-02-2016 05:02:29	Transmitter		INFO	running
21-02-2016 05:02:29	Transmitter		INFO	running
21-02-2016 05:02:29	Transmitter		INFO	running
21-02-2016 05:02:29	Transmitter		INFO	running
21-02-2016 05:02:29	Transmitter		INFO	running
21-02-2016 05:02:29	Transmitter		INFO	running
21-02-2016 05:02:29	Transmitter		INFO	running
21-02-2016 05:02:29	Transmitter		INFO	running
21-02-2016 05:02:29	Transmitter		INFO	running
21-02-2016 05:02:29	Transmitter		INFO	running
21-02-2016 05:02:29	Transmitter		INFO	running
21-02-2016 05:02:29	Transmitter		INFO	running
21-02-2016 05:02:29	Transmitter		INFO	running
21-02-2016 05:02:29	Transmitter		INFO	running
21-02-2016 05:02:29	Transmitter		INFO	running
21-02-2016 05:02:29	Transmitter		INFO	running
21-02-2016 05:02:29	Transmitter		INFO	running
21-02-2016 05:02:29	Transmitter		INFO	running
21-02-2016 05:02:29	Transmitter		INFO	running
21-02-2016 05:02:29	Transmitter		INFO	running
21-02-2016 05:02:29	Transmitter		INFO	running
21-02-2016 05:02:29	Transmitter		INFO	running
21-02-2016 05:02:29	Transmitter		INFO	running
21-02-2016 05:02:29	Transmitter		INFO	running
21-02-2016 05:02:29	Transmitter		INFO	running
21-02-2016 05:02:29	Transmitter		INFO	running
21-02-2016 05:02:29	Transmitter		INFO	running
21-02-2016 05:02:29	Transmitter		INFO	running
21-02-2016 05:02:29	Transmitter		INFO	running
21-02-2016 05:02:29	Transmitter		INFO	running
21-02-2016 05:02:29	Transmitter		INFO	running
21-02-2016 05:02:29	Transmitter		INFO	running
21-02-2016 05:02:29	Transmitter		INFO	running
21-02-2016 05:02:29	Transmitter		INFO	running
21-02-2016 05:02:29	Transmitter		INFO	running
21-02-2016 05:02:29	Transmitter		INFO	running
21-02-2016 05:02:29	Transmitter		INFO	running
21-02-2016 05:02:29	Transmitter		INFO	running
21-02-2016 05:02:29	Transmitter		INFO	running
21-02-2016 05:02:29	Transmitter		INFO	running
21-02-2016 05:02:29	Transmitter		INFO	running
21-02-2016 05:02:29	Transmitter		INFO	running
21-02-2016 05:02:29	Transmitter		INFO	running
21-02-2016 05:02:29	Transmitter		INFO	running
21-02-2016 05:02:29	Transmitter		INFO	running
21-02-2016 05:02:29	Transmitter		INFO	running
21-02-2016 05:02:29	CameraInterface		INFO	Read successful
21-02-2016 05:02:29	Controller		INFO	sending to transmitter
21-02-2016 05:02:29	Controller		INFO	sending to transmitter
21-02-2016 05:02:29	Transmitter		INFO	running
21-02-2016 05:02:29	Transmitter		INFO	running
21-02-2016 05:02:29	Transmitter		INFO	running
21-02-2016 05:02:29	Transmitter		INFO	pushing into buff
21-02-2016 05:02:29	Transmitter		INFO	running
21-02-2016 05:02:29	Transmitter		INFO	running
21-02-2016 05:02:29	DataProcessor		INFO	polling
21-02-2016 05:02:29	Transmitter		INFO	getting from buffer
21-02-2016 05:02:29	CameraInterface		INFO	Read successful
21-02-2016 05:02:29	Controller		INFO	sending to transmitter
21-02-2016 05:02:29	Transmitter		INFO	pushing into buff
21-02-2016 05:02:29	DataProcessor		INFO	polling
21-02-2016 05:02:30	CameraInterface		INFO	Read successful
21-02-2016 05:02:30	Controller		INFO	sending to transmitter
21-02-2016 05:02:30	Transmitter		INFO	pushing into buff
21-02-2016 05:02:30	DataProcessor		INFO	polling
21-02-2016 05:02:30	CameraInterface		INFO	Read successful
21-02-2016 05:02:30	Controller		INFO	sending to transmitter
21-02-2016 05:02:30	Transmitter		INFO	pushing into buff
21-02-2016 05:02:30	DataProcessor		INFO	polling
21-02-2016 05:02:30	CameraInterface		INFO	Read successful
21-02-2016 05:02:30	Controller		INFO	sending to transmitter
21-02-2016 05:02:30	Transmitter		INFO	pushing into buff
21-02-2016 05:02:30	DataProcessor		INFO	polling
21-02-2016 05:02:30	CameraInterface		INFO	Read successful
21-02-2016 05:02:30	Controller		INFO	sending to transmitter
21-02-2016 05:02:30	Transmitter		INFO	pushing into buff
21-02-2016 05:02:30	DataProcessor		INFO	polling
21-02-2016 05:02:31	CameraInterface		INFO	Read successful
21-02-2016 05:02:31	Controller		INFO	sending to transmitter
21-02-2016 05:02:31	Transmitter		INFO	pushing into buff
21-02-2016 05:02:31	DataProcessor		INFO	polling
21-02-2016 05:02:31	CameraInterface		INFO	Read successful
21-02-2016 05:02:31	Controller		INFO	sending to transmitter
21-02-2016 05:02:31	Transmitter		INFO	pushing into buff
21-02-2016 05:02:31	DataProcessor		INFO	polling
21-02-2016 05:02:31	CameraInterface		INFO	Read successful
21-02-2016 05:02:31	Controller		INFO	sending to transmitter
21-02-2016 05:02:31	Transmitter		INFO	pushing into buff
21-02-2016 05:02:31	DataProcessor		INFO	polling
21-02-2016 05:02:31	CameraInterface		INFO	Read successful
21-02-2016 05:02:31	Controller		INFO	sending to transmitter
21-02-2016 05:02:31	Transmitter		INFO	pushing into buff
21-02-2016 05:02:31	DataProcessor		INFO	polling
21-02-2016 05:02:31	CameraInterface		INFO	Read successful
21-02-2016 05:02:31	Controller		INFO	sending to transmitter
21-02-2016 05:02:31	Transmitter		INFO	pushing into buff
21-02-2016 05:02:31	DataProcessor		INFO	polling
21-02-2016 05:02:32	CameraInterface		INFO	Read successful
21-02-2016 05:02:32	Controller		INFO	sending to transmitter
21-02-2016 05:02:32	Transmitter		INFO	pushing into buff
21-02-2016 05:02:32	DataProcessor		INFO	polling
21-02-2016 05:02:32	CameraInterface		INFO	Read successful
21-02-2016 05:02:32	Controller		INFO	sending to transmitter
21-02-2016 05:02:32	Transmitter		INFO	pushing into buff
21-02-2016 05:02:32	DataProcessor		INFO	polling
21-02-2016 05:02:32	CameraInterface		INFO	Read successful
21-02-2016 05:02:32	Controller		INFO	sending to transmitter
21-02-2016 05:02:32	Transmitter		INFO	pushing into buff
21-02-2016 05:02:32	DataProcessor		INFO	polling
21-02-2016 05:02:32	CameraInterface		INFO	Read successful
21-02-2016 05:02:32	Controller		INFO	sending to transmitter
21-02-2016 05:02:32	Transmitter		INFO	pushing into buff
21-02-2016 05:02:32	DataProcessor		INFO	polling
21-02-2016 05:02:32	CameraInterface		INFO	Read successful
21-02-2016 05:02:32	Controller		INFO	sending to transmitter
21-02-2016 05:02:32	Transmitter		INFO	pushing into buff
21-02-2016 05:02:32	DataProcessor		INFO	polling
21-02-2016 05:02:33	CameraInterface		INFO	Read successful
21-02-2016 05:02:33	Controller		INFO	sending to transmitter
21-02-2016 05:02:33	Transmitter		INFO	pushing into buff
21-02-2016 05:02:33	DataProcessor		INFO	polling
21-02-2016 05:02:33	CameraInterface		INFO	Read successful
21-02-2016 05:02:33	Controller		INFO	sending to transmitter
21-02-2016 05:02:33	Transmitter		INFO	pushing into buff
21-02-2016 05:02:33	DataProcessor		INFO	polling
21-02-2016 05:02:33	CameraInterface		INFO	Read successful
21-02-2016 05:02:33	Controller		INFO	sending to transmitter
21-02-2016 05:02:33	Transmitter		INFO	pushing into buff
21-02-2016 05:02:33	DataProcessor		INFO	polling
21-02-2016 05:02:33	CameraInterface		INFO	Read successful
21-02-2016 05:02:33	Controller		INFO	sending to transmitter
21-02-2016 05:02:33	Transmitter		INFO	pushing into buff
21-02-2016 05:02:33	DataProcessor		INFO	polling
21-02-2016 05:02:33	CameraInterface		INFO	Read successful
21-02-2016 05:02:34	Controller		INFO	sending to transmitter
21-02-2016 05:02:34	Transmitter		INFO	pushing into buff
21-02-2016 05:02:34	DataProcessor		INFO	polling
21-02-2016 05:02:34	CameraInterface		INFO	Read successful
21-02-2016 05:02:34	Controller		INFO	sending to transmitter
21-02-2016 05:02:34	Transmitter		INFO	pushing into buff
21-02-2016 05:02:34	DataProcessor		INFO	polling
21-02-2016 05:02:34	CameraInterface		INFO	Read successful
21-02-2016 05:02:34	Controller		INFO	sending to transmitter
21-02-2016 05:02:34	Transmitter		INFO	pushing into buff
21-02-2016 05:02:34	DataProcessor		INFO	polling
21-02-2016 05:02:34	CameraInterface		INFO	Read successful
21-02-2016 05:02:34	Controller		INFO	sending to transmitter
21-02-2016 05:02:34	Transmitter		INFO	pushing into buff
21-02-2016 05:02:34	DataProcessor		INFO	polling
21-02-2016 05:02:34	Transmitter		INFO	sending string: 99034
21-02-2016 05:02:34	CameraInterface		INFO	Read successful
21-02-2016 05:02:34	Controller		INFO	sending to transmitter
21-02-2016 05:02:34	Transmitter		INFO	pushing into buff
21-02-2016 05:02:34	DataProcessor		INFO	polling
21-02-2016 05:02:35	Transmitter		INFO	running
21-02-2016 05:02:35	Transmitter		INFO	getting from buffer
21-02-2016 05:02:35	CameraInterface		INFO	Read successful
21-02-2016 05:02:35	Controller		INFO	sending to transmitter
21-02-2016 05:02:35	Transmitter		INFO	pushing into buff
21-02-2016 05:02:35	DataProcessor		INFO	polling
21-02-2016 05:02:35	CameraInterface		INFO	Read successful
21-02-2016 05:02:35	Controller		INFO	sending to transmitter
21-02-2016 05:02:35	Transmitter		INFO	pushing into buff
21-02-2016 05:02:35	DataProcessor		INFO	polling
21-02-2016 05:02:35	CameraInterface		INFO	Read successful
21-02-2016 05:02:35	Controller		INFO	sending to transmitter
21-02-2016 05:02:35	Transmitter		INFO	pushing into buff
21-02-2016 05:02:35	DataProcessor		INFO	polling
21-02-2016 05:02:35	CameraInterface		INFO	Read successful
21-02-2016 05:02:35	Controller		INFO	sending to transmitter
21-02-2016 05:02:35	Transmitter		INFO	pushing into buff
21-02-2016 05:02:35	DataProcessor		INFO	polling
21-02-2016 05:02:36	CameraInterface		INFO	Read successful
21-02-2016 05:02:36	Controller		INFO	sending to transmitter
21-02-2016 05:02:36	Transmitter		INFO	pushing into buff
21-02-2016 05:02:36	DataProcessor		INFO	polling
21-02-2016 05:02:36	CameraInterface		INFO	Read successful
21-02-2016 05:02:36	Controller		INFO	sending to transmitter
21-02-2016 05:02:36	Transmitter		INFO	pushing into buff
21-02-2016 05:02:36	DataProcessor		INFO	polling
21-02-2016 05:02:36	CameraInterface		INFO	Read successful
21-02-2016 05:02:36	Controller		INFO	sending to transmitter
21-02-2016 05:02:36	Transmitter		INFO	pushing into buff
21-02-2016 05:02:36	DataProcessor		INFO	polling
21-02-2016 05:02:36	CameraInterface		INFO	Read successful
21-02-2016 05:02:36	Controller		INFO	sending to transmitter
21-02-2016 05:02:36	Transmitter		INFO	pushing into buff
21-02-2016 05:02:36	DataProcessor		INFO	polling
21-02-2016 05:02:36	CameraInterface		INFO	Read successful
21-02-2016 05:02:36	Controller		INFO	sending to transmitter
21-02-2016 05:02:36	Transmitter		INFO	pushing into buff
21-02-2016 05:02:36	DataProcessor		INFO	polling
21-02-2016 05:02:37	CameraInterface		INFO	Read successful
21-02-2016 05:02:37	Controller		INFO	sending to transmitter
21-02-2016 05:02:37	Transmitter		INFO	pushing into buff
21-02-2016 05:02:37	DataProcessor		INFO	polling
21-02-2016 05:02:37	CameraInterface		INFO	Read successful
21-02-2016 05:02:37	Controller		INFO	sending to transmitter
21-02-2016 05:02:37	Transmitter		INFO	pushing into buff
21-02-2016 05:02:37	DataProcessor		INFO	polling
21-02-2016 05:02:37	CameraInterface		INFO	Read successful
21-02-2016 05:02:37	Controller		INFO	sending to transmitter
21-02-2016 05:02:37	Transmitter		INFO	pushing into buff
21-02-2016 05:02:37	DataProcessor		INFO	polling
21-02-2016 05:02:37	CameraInterface		INFO	Read successful
21-02-2016 05:02:37	Controller		INFO	sending to transmitter
21-02-2016 05:02:37	Transmitter		INFO	pushing into buff
21-02-2016 05:02:37	DataProcessor		INFO	polling
21-02-2016 05:02:38	CameraInterface		INFO	Read successful
21-02-2016 05:02:38	Controller		INFO	sending to transmitter
21-02-2016 05:02:38	Transmitter		INFO	pushing into buff
21-02-2016 05:02:38	DataProcessor		INFO	polling
21-02-2016 05:02:38	CameraInterface		INFO	Read successful
21-02-2016 05:02:38	Controller		INFO	sending to transmitter
21-02-2016 05:02:38	Transmitter		INFO	pushing into buff
21-02-2016 05:02:38	DataProcessor		INFO	polling
21-02-2016 05:02:38	CameraInterface		INFO	Read successful
21-02-2016 05:02:38	Controller		INFO	sending to transmitter
21-02-2016 05:02:38	Transmitter		INFO	pushing into buff
21-02-2016 05:02:38	DataProcessor		INFO	polling
21-02-2016 05:02:38	CameraInterface		INFO	Read successful
21-02-2016 05:02:38	Controller		INFO	sending to transmitter
21-02-2016 05:02:38	Transmitter		INFO	pushing into buff
21-02-2016 05:02:38	DataProcessor		INFO	polling
21-02-2016 05:02:39	CameraInterface		INFO	Read successful
21-02-2016 05:02:39	Controller		INFO	sending to transmitter
21-02-2016 05:02:39	Transmitter		INFO	pushing into buff
21-02-2016 05:02:39	DataProcessor		INFO	polling
21-02-2016 05:02:39	CameraInterface		INFO	Read successful
21-02-2016 05:02:39	Controller		INFO	sending to transmitter
21-02-2016 05:02:39	Transmitter		INFO	pushing into buff
21-02-2016 05:02:39	DataProcessor		INFO	polling
21-02-2016 05:02:39	CameraInterface		INFO	Read successful
21-02-2016 05:02:39	Controller		INFO	sending to transmitter
21-02-2016 05:02:39	Transmitter		INFO	pushing into buff
21-02-2016 05:02:39	DataProcessor		INFO	polling
21-02-2016 05:02:39	CameraInterface		INFO	Read successful
21-02-2016 05:02:39	Controller		INFO	sending to transmitter
21-02-2016 05:02:39	Transmitter		INFO	pushing into buff
21-02-2016 05:02:39	DataProcessor		INFO	polling
21-02-2016 05:02:39	CameraInterface		INFO	Read successful
21-02-2016 05:02:39	Controller		INFO	sending to transmitter
21-02-2016 05:02:39	Transmitter		INFO	pushing into buff
21-02-2016 05:02:39	DataProcessor		INFO	polling
21-02-2016 05:02:40	CameraInterface		INFO	Read successful
21-02-2016 05:02:40	Controller		INFO	sending to transmitter
21-02-2016 05:02:40	Transmitter		INFO	pushing into buff
21-02-2016 05:02:40	DataProcessor		INFO	polling
21-02-2016 05:02:40	CameraInterface		INFO	Read successful
21-02-2016 05:02:40	Controller		INFO	sending to transmitter
21-02-2016 05:02:40	Transmitter		INFO	pushing into buff
21-02-2016 05:02:40	DataProcessor		INFO	polling
21-02-2016 05:02:40	CameraInterface		INFO	Read successful
21-02-2016 05:02:40	Controller		INFO	sending to transmitter
21-02-2016 05:02:40	Transmitter		INFO	pushing into buff
21-02-2016 05:02:40	DataProcessor		INFO	polling
21-02-2016 05:02:40	CameraInterface		INFO	Read successful
21-02-2016 05:02:40	Controller		INFO	sending to transmitter
21-02-2016 05:02:40	Transmitter		INFO	pushing into buff
21-02-2016 05:02:40	DataProcessor		INFO	polling
21-02-2016 05:02:40	CameraInterface		INFO	Read successful
21-02-2016 05:02:40	Controller		INFO	sending to transmitter
21-02-2016 05:02:40	Transmitter		INFO	pushing into buff
21-02-2016 05:02:40	DataProcessor		INFO	polling
21-02-2016 05:02:41	CameraInterface		INFO	Read successful
21-02-2016 05:02:41	Controller		INFO	sending to transmitter
21-02-2016 05:02:41	Transmitter		INFO	pushing into buff
21-02-2016 05:02:41	DataProcessor		INFO	polling
21-02-2016 05:02:41	CameraInterface		INFO	Read successful
21-02-2016 05:02:41	Controller		INFO	sending to transmitter
21-02-2016 05:02:41	Transmitter		INFO	pushing into buff
21-02-2016 05:02:41	DataProcessor		INFO	polling
21-02-2016 05:02:41	CameraInterface		INFO	Read successful
21-02-2016 05:02:41	Controller		INFO	sending to transmitter
21-02-2016 05:02:41	Transmitter		INFO	pushing into buff
21-02-2016 05:02:41	DataProcessor		INFO	polling
21-02-2016 05:02:41	CameraInterface		INFO	Read successful
21-02-2016 05:02:41	Controller		INFO	sending to transmitter
21-02-2016 05:02:41	Transmitter		INFO	pushing into buff
21-02-2016 05:02:41	DataProcessor		INFO	polling
21-02-2016 05:02:42	CameraInterface		INFO	Read successful
21-02-2016 05:02:42	Controller		INFO	sending to transmitter
21-02-2016 05:02:42	Transmitter		INFO	pushing into buff
21-02-2016 05:02:42	DataProcessor		INFO	polling
21-02-2016 05:02:42	CameraInterface		INFO	Read successful
21-02-2016 05:02:42	Controller		INFO	sending to transmitter
21-02-2016 05:02:42	Transmitter		INFO	pushing into buff
21-02-2016 05:02:42	DataProcessor		INFO	polling
21-02-2016 05:02:42	CameraInterface		INFO	Read successful
21-02-2016 05:02:42	Controller		INFO	sending to transmitter
21-02-2016 05:02:42	Transmitter		INFO	pushing into buff
21-02-2016 05:02:42	DataProcessor		INFO	polling
21-02-2016 05:02:42	CameraInterface		INFO	Read successful
21-02-2016 05:02:42	Controller		INFO	sending to transmitter
21-02-2016 05:02:42	Transmitter		INFO	pushing into buff
21-02-2016 05:02:42	DataProcessor		INFO	polling
21-02-2016 05:02:42	CameraInterface		INFO	Read successful
21-02-2016 05:02:42	Controller		INFO	sending to transmitter
21-02-2016 05:02:42	Transmitter		INFO	pushing into buff
21-02-2016 05:02:42	DataProcessor		INFO	polling
21-02-2016 05:02:43	CameraInterface		INFO	Read successful
21-02-2016 05:02:43	Controller		INFO	sending to transmitter
21-02-2016 05:02:43	Transmitter		INFO	pushing into buff
21-02-2016 05:02:43	DataProcessor		INFO	polling
21-02-2016 05:02:43	CameraInterface		INFO	Read successful
21-02-2016 05:02:43	Transmitter		INFO	sending string: 1304117
21-02-2016 05:02:43	Controller		INFO	sending to transmitter
21-02-2016 05:02:43	Transmitter		INFO	pushing into buff
21-02-2016 05:02:43	DataProcessor		INFO	polling
21-02-2016 05:02:43	CameraInterface		INFO	Read successful
21-02-2016 05:02:43	Controller		INFO	sending to transmitter
21-02-2016 05:02:43	Transmitter		INFO	pushing into buff
21-02-2016 05:02:43	DataProcessor		INFO	polling
21-02-2016 05:02:43	CameraInterface		INFO	Read successful
21-02-2016 05:02:43	Controller		INFO	sending to transmitter
21-02-2016 05:02:43	Transmitter		INFO	pushing into buff
21-02-2016 05:02:43	DataProcessor		INFO	polling
21-02-2016 05:02:43	CameraInterface		INFO	Read successful
21-02-2016 05:02:44	Controller		INFO	sending to transmitter
21-02-2016 05:02:44	Transmitter		INFO	pushing into buff
21-02-2016 05:02:44	DataProcessor		INFO	polling
21-02-2016 05:02:44	CameraInterface		INFO	Read successful
21-02-2016 05:02:44	Controller		INFO	sending to transmitter
21-02-2016 05:02:44	Transmitter		INFO	pushing into buff
21-02-2016 05:02:44	DataProcessor		INFO	polling
21-02-2016 05:02:44	CameraInterface		INFO	Read successful
21-02-2016 05:02:44	Controller		INFO	sending to transmitter
21-02-2016 05:02:44	Transmitter		INFO	pushing into buff
21-02-2016 05:02:44	DataProcessor		INFO	polling
21-02-2016 05:02:45	Transmitter		INFO	running
21-02-2016 05:02:45	Transmitter		INFO	getting from buffer
21-02-2016 05:02:45	CameraInterface		INFO	Read successful
21-02-2016 05:02:45	Controller		INFO	sending to transmitter
21-02-2016 05:02:45	Transmitter		INFO	pushing into buff
21-02-2016 05:02:45	DataProcessor		INFO	polling
21-02-2016 05:02:45	CameraInterface		INFO	Read successful
21-02-2016 05:02:45	Controller		INFO	sending to transmitter
21-02-2016 05:02:45	Transmitter		INFO	pushing into buff
21-02-2016 05:02:45	DataProcessor		INFO	polling
21-02-2016 05:02:45	CameraInterface		INFO	Read successful
21-02-2016 05:02:45	Controller		INFO	sending to transmitter
21-02-2016 05:02:45	Transmitter		INFO	pushing into buff
21-02-2016 05:02:45	DataProcessor		INFO	polling
21-02-2016 05:02:46	CameraInterface		INFO	Read successful
21-02-2016 05:02:46	Controller		INFO	sending to transmitter
21-02-2016 05:02:46	Transmitter		INFO	pushing into buff
21-02-2016 05:02:46	DataProcessor		INFO	polling
21-02-2016 05:02:46	CameraInterface		INFO	Read successful
21-02-2016 05:02:46	Controller		INFO	sending to transmitter
21-02-2016 05:02:46	Transmitter		INFO	pushing into buff
21-02-2016 05:02:46	DataProcessor		INFO	polling
21-02-2016 05:02:46	CameraInterface		INFO	Read successful
21-02-2016 05:02:46	Controller		INFO	sending to transmitter
21-02-2016 05:02:46	Transmitter		INFO	pushing into buff
21-02-2016 05:02:46	DataProcessor		INFO	polling
21-02-2016 05:02:46	CameraInterface		INFO	Read successful
21-02-2016 05:02:46	Controller		INFO	sending to transmitter
21-02-2016 05:02:46	Transmitter		INFO	pushing into buff
21-02-2016 05:02:46	DataProcessor		INFO	polling
21-02-2016 05:02:47	CameraInterface		INFO	Read successful
21-02-2016 05:02:47	Controller		INFO	sending to transmitter
21-02-2016 05:02:47	Transmitter		INFO	pushing into buff
21-02-2016 05:02:47	DataProcessor		INFO	polling
21-02-2016 05:02:47	CameraInterface		INFO	Read successful
21-02-2016 05:02:47	Controller		INFO	sending to transmitter
21-02-2016 05:02:47	Transmitter		INFO	pushing into buff
21-02-2016 05:02:47	DataProcessor		INFO	polling
21-02-2016 05:02:47	CameraInterface		INFO	Read successful
21-02-2016 05:02:47	Controller		INFO	sending to transmitter
21-02-2016 05:02:47	Transmitter		INFO	pushing into buff
21-02-2016 05:02:47	DataProcessor		INFO	polling
21-02-2016 05:02:47	CameraInterface		INFO	Read successful
21-02-2016 05:02:47	Controller		INFO	sending to transmitter
21-02-2016 05:02:47	Transmitter		INFO	pushing into buff
21-02-2016 05:02:47	DataProcessor		INFO	polling
21-02-2016 05:02:47	CameraInterface		INFO	Read successful
21-02-2016 05:02:47	Controller		INFO	sending to transmitter
21-02-2016 05:02:47	Transmitter		INFO	pushing into buff
21-02-2016 05:02:47	DataProcessor		INFO	polling
21-02-2016 05:02:48	CameraInterface		INFO	Read successful
21-02-2016 05:02:48	Controller		INFO	sending to transmitter
21-02-2016 05:02:48	Transmitter		INFO	pushing into buff
21-02-2016 05:02:48	DataProcessor		INFO	polling
21-02-2016 05:02:48	CameraInterface		INFO	Read successful
21-02-2016 05:02:48	Controller		INFO	sending to transmitter
21-02-2016 05:02:48	Transmitter		INFO	pushing into buff
21-02-2016 05:02:48	DataProcessor		INFO	polling
21-02-2016 05:02:48	CameraInterface		INFO	Read successful
21-02-2016 05:02:48	Controller		INFO	sending to transmitter
21-02-2016 05:02:48	Transmitter		INFO	pushing into buff
21-02-2016 05:02:48	DataProcessor		INFO	polling
21-02-2016 05:02:48	CameraInterface		INFO	Read successful
21-02-2016 05:02:48	Controller		INFO	sending to transmitter
21-02-2016 05:02:48	Transmitter		INFO	pushing into buff
21-02-2016 05:02:48	DataProcessor		INFO	polling
21-02-2016 05:02:49	CameraInterface		INFO	Read successful
21-02-2016 05:02:49	Controller		INFO	sending to transmitter
21-02-2016 05:02:49	Transmitter		INFO	pushing into buff
21-02-2016 05:02:49	DataProcessor		INFO	polling
21-02-2016 05:02:49	CameraInterface		INFO	Read successful
21-02-2016 05:02:49	Controller		INFO	sending to transmitter
21-02-2016 05:02:49	Transmitter		INFO	pushing into buff
21-02-2016 05:02:49	DataProcessor		INFO	polling
21-02-2016 05:02:49	CameraInterface		INFO	Read successful
21-02-2016 05:02:49	Controller		INFO	sending to transmitter
21-02-2016 05:02:49	Transmitter		INFO	pushing into buff
21-02-2016 05:02:49	DataProcessor		INFO	polling
21-02-2016 05:02:49	CameraInterface		INFO	Read successful
21-02-2016 05:02:49	Controller		INFO	sending to transmitter
21-02-2016 05:02:49	Transmitter		INFO	pushing into buff
21-02-2016 05:02:50	DataProcessor		INFO	polling
