21-02-2016 05:19:01	Main		TRACE	Logger initialized.
21-02-2016 05:19:01	PropertyReader		TRACE	Opening file: settings/settings.txt
21-02-2016 05:19:01	PropertyReader		INFO	File opened: settings/settings.txt
21-02-2016 05:19:01	PropertyReader		INFO	Loading properties file...
21-02-2016 05:19:01	PropertyReader		INFO	Mapped TRACE to LOGGING_LEVEL
21-02-2016 05:19:01	PropertyReader		INFO	Mapped 100 to CAM_BUFFER_SIZE
21-02-2016 05:19:01	PropertyReader		INFO	Mapped 15 to CAM_POLL_FREQUENCY
21-02-2016 05:19:01	PropertyReader		INFO	Mapped 0 to CAM_INDEX
21-02-2016 05:19:01	PropertyReader		DEBUG	Loaded 4 properties successfully
21-02-2016 05:19:01	Controller		INFO	Constructor controller
21-02-2016 05:19:01	Transmitter		INFO	socket retrieve success
21-02-2016 05:19:01	Transmitter		INFO	binding done
21-02-2016 05:19:01	Transmitter		INFO	done listening
21-02-2016 05:19:20	Transmitter		INFO	accepting
21-02-2016 05:19:20	Main		TRACE	intializing controller
21-02-2016 05:19:20	Controller		INFO	Initializing Controller
21-02-2016 05:19:20	Main		TRACE	initializing dataprocessor
21-02-2016 05:19:20	CameraInterface		INFO	Initializing camera
21-02-2016 05:19:20	CameraInterface		INFO	Opening video capture stream at position 0
21-02-2016 05:19:20	Receiver		INFO	Starting Receiver Thread execution loop
21-02-2016 05:19:20	Transmitter		INFO	Starting Receiver Thread execution loop
21-02-2016 05:19:20	ControllerThread		INFO	Starting Controller Thread execution loop
21-02-2016 05:19:20	Transmitter		INFO	running
21-02-2016 05:19:20	Transmitter		INFO	running
21-02-2016 05:19:20	Transmitter		INFO	running
21-02-2016 05:19:20	Transmitter		INFO	running
21-02-2016 05:19:20	Transmitter		INFO	running
21-02-2016 05:19:20	Transmitter		INFO	running
21-02-2016 05:19:20	Transmitter		INFO	running
21-02-2016 05:19:20	Transmitter		INFO	running
21-02-2016 05:19:20	Transmitter		INFO	running
21-02-2016 05:19:20	Transmitter		INFO	running
21-02-2016 05:19:20	Transmitter		INFO	running
21-02-2016 05:19:20	Transmitter		INFO	running
21-02-2016 05:19:20	Transmitter		INFO	running
21-02-2016 05:19:20	Transmitter		INFO	running
21-02-2016 05:19:20	Transmitter		INFO	running
21-02-2016 05:19:20	Transmitter		INFO	running
21-02-2016 05:19:20	Transmitter		INFO	running
21-02-2016 05:19:20	Transmitter		INFO	running
21-02-2016 05:19:20	Transmitter		INFO	running
21-02-2016 05:19:20	Transmitter		INFO	running
21-02-2016 05:19:20	Transmitter		INFO	running
21-02-2016 05:19:20	Transmitter		INFO	running
21-02-2016 05:19:20	Transmitter		INFO	running
21-02-2016 05:19:20	Transmitter		INFO	running
21-02-2016 05:19:20	Transmitter		INFO	running
21-02-2016 05:19:20	Transmitter		INFO	running
21-02-2016 05:19:20	Transmitter		INFO	running
21-02-2016 05:19:20	Transmitter		INFO	running
21-02-2016 05:19:20	Transmitter		INFO	running
21-02-2016 05:19:20	Transmitter		INFO	running
21-02-2016 05:19:20	Transmitter		INFO	running
21-02-2016 05:19:20	Transmitter		INFO	running
21-02-2016 05:19:20	Transmitter		INFO	running
21-02-2016 05:19:20	Transmitter		INFO	running
21-02-2016 05:19:20	Transmitter		INFO	running
21-02-2016 05:19:20	Transmitter		INFO	running
21-02-2016 05:19:20	Main		TRACE	running controller
21-02-2016 05:19:20	Transmitter		INFO	running
21-02-2016 05:19:20	Transmitter		INFO	running
21-02-2016 05:19:20	DataProcessor		INFO	polling
21-02-2016 05:19:20	Transmitter		INFO	running
21-02-2016 05:19:20	Transmitter		INFO	running
21-02-2016 05:19:20	Transmitter		INFO	running
21-02-2016 05:19:20	Transmitter		INFO	running
21-02-2016 05:19:20	Transmitter		INFO	running
21-02-2016 05:19:20	Transmitter		INFO	running
21-02-2016 05:19:20	Transmitter		INFO	running
21-02-2016 05:19:20	Transmitter		INFO	running
21-02-2016 05:19:20	Transmitter		INFO	running
21-02-2016 05:19:20	Transmitter		INFO	running
21-02-2016 05:19:20	Transmitter		INFO	running
21-02-2016 05:19:20	Transmitter		INFO	running
21-02-2016 05:19:20	Transmitter		INFO	running
21-02-2016 05:19:20	Transmitter		INFO	running
21-02-2016 05:19:20	Transmitter		INFO	running
21-02-2016 05:19:20	Transmitter		INFO	running
21-02-2016 05:19:20	Transmitter		INFO	running
21-02-2016 05:19:20	Transmitter		INFO	running
21-02-2016 05:19:20	Transmitter		INFO	running
21-02-2016 05:19:20	Transmitter		INFO	running
21-02-2016 05:19:20	Transmitter		INFO	running
21-02-2016 05:19:20	Transmitter		INFO	running
21-02-2016 05:19:20	Transmitter		INFO	running
21-02-2016 05:19:20	Transmitter		INFO	running
21-02-2016 05:19:20	Transmitter		INFO	running
21-02-2016 05:19:20	Transmitter		INFO	running
21-02-2016 05:19:20	Transmitter		INFO	running
21-02-2016 05:19:20	Transmitter		INFO	running
21-02-2016 05:19:20	Transmitter		INFO	running
21-02-2016 05:19:20	Transmitter		INFO	running
21-02-2016 05:19:20	Transmitter		INFO	running
21-02-2016 05:19:20	Transmitter		INFO	running
21-02-2016 05:19:20	Transmitter		INFO	running
21-02-2016 05:19:20	Transmitter		INFO	running
21-02-2016 05:19:20	Transmitter		INFO	running
21-02-2016 05:19:20	Transmitter		INFO	running
21-02-2016 05:19:20	Transmitter		INFO	running
21-02-2016 05:19:20	Transmitter		INFO	running
21-02-2016 05:19:20	Transmitter		INFO	running
21-02-2016 05:19:20	Transmitter		INFO	running
21-02-2016 05:19:20	Transmitter		INFO	running
21-02-2016 05:19:20	Transmitter		INFO	running
21-02-2016 05:19:20	Transmitter		INFO	running
21-02-2016 05:19:20	Transmitter		INFO	running
21-02-2016 05:19:20	Transmitter		INFO	running
21-02-2016 05:19:20	Transmitter		INFO	running
21-02-2016 05:19:20	Transmitter		INFO	running
21-02-2016 05:19:20	Transmitter		INFO	running
21-02-2016 05:19:20	Transmitter		INFO	running
21-02-2016 05:19:20	Transmitter		INFO	running
21-02-2016 05:19:20	Transmitter		INFO	running
21-02-2016 05:19:20	Transmitter		INFO	running
21-02-2016 05:19:20	Transmitter		INFO	running
21-02-2016 05:19:20	Transmitter		INFO	running
21-02-2016 05:19:20	Transmitter		INFO	running
21-02-2016 05:19:20	Transmitter		INFO	running
21-02-2016 05:19:20	Transmitter		INFO	running
21-02-2016 05:19:20	Transmitter		INFO	running
21-02-2016 05:19:20	Transmitter		INFO	running
21-02-2016 05:19:20	Transmitter		INFO	running
21-02-2016 05:19:20	Transmitter		INFO	running
21-02-2016 05:19:20	Transmitter		INFO	running
21-02-2016 05:19:20	Transmitter		INFO	running
21-02-2016 05:19:20	Transmitter		INFO	running
21-02-2016 05:19:20	Transmitter		INFO	running
21-02-2016 05:19:20	Transmitter		INFO	running
21-02-2016 05:19:20	Transmitter		INFO	running
21-02-2016 05:19:20	Transmitter		INFO	running
21-02-2016 05:19:20	Transmitter		INFO	running
21-02-2016 05:19:20	Transmitter		INFO	running
21-02-2016 05:19:20	Transmitter		INFO	running
21-02-2016 05:19:20	Transmitter		INFO	running
21-02-2016 05:19:20	Transmitter		INFO	running
21-02-2016 05:19:20	Transmitter		INFO	running
21-02-2016 05:19:20	Transmitter		INFO	running
21-02-2016 05:19:20	Transmitter		INFO	running
21-02-2016 05:19:20	Transmitter		INFO	running
21-02-2016 05:19:20	Transmitter		INFO	running
21-02-2016 05:19:20	Transmitter		INFO	running
21-02-2016 05:19:20	Transmitter		INFO	running
21-02-2016 05:19:20	Transmitter		INFO	running
21-02-2016 05:19:20	Transmitter		INFO	running
21-02-2016 05:19:20	Transmitter		INFO	running
21-02-2016 05:19:20	Transmitter		INFO	running
21-02-2016 05:19:20	Transmitter		INFO	running
21-02-2016 05:19:20	Transmitter		INFO	running
21-02-2016 05:19:20	Transmitter		INFO	running
21-02-2016 05:19:21	Transmitter		INFO	running
21-02-2016 05:19:21	Transmitter		INFO	running
21-02-2016 05:19:21	Transmitter		INFO	running
21-02-2016 05:19:21	Transmitter		INFO	running
21-02-2016 05:19:21	Transmitter		INFO	running
21-02-2016 05:19:21	Transmitter		INFO	running
21-02-2016 05:19:21	Transmitter		INFO	running
21-02-2016 05:19:21	Transmitter		INFO	running
21-02-2016 05:19:21	Transmitter		INFO	running
21-02-2016 05:19:21	Transmitter		INFO	running
21-02-2016 05:19:21	Transmitter		INFO	running
21-02-2016 05:19:21	Transmitter		INFO	running
21-02-2016 05:19:21	Transmitter		INFO	running
21-02-2016 05:19:21	Transmitter		INFO	running
21-02-2016 05:19:21	Transmitter		INFO	running
21-02-2016 05:19:21	Transmitter		INFO	running
21-02-2016 05:19:21	Transmitter		INFO	running
21-02-2016 05:19:21	Transmitter		INFO	running
21-02-2016 05:19:21	Transmitter		INFO	running
21-02-2016 05:19:21	Transmitter		INFO	running
21-02-2016 05:19:21	Transmitter		INFO	running
21-02-2016 05:19:21	Transmitter		INFO	running
21-02-2016 05:19:21	Transmitter		INFO	running
21-02-2016 05:19:21	Transmitter		INFO	running
21-02-2016 05:19:21	CameraInterface		INFO	Read successful
21-02-2016 05:19:21	Controller		INFO	sending to transmitter
21-02-2016 05:19:21	Transmitter		INFO	pushing into buff
21-02-2016 05:19:21	DataProcessor		INFO	polling
21-02-2016 05:19:21	Transmitter		INFO	running
21-02-2016 05:19:21	Transmitter		INFO	getting from buffer
21-02-2016 05:19:21	CameraInterface		INFO	Read successful
21-02-2016 05:19:21	Controller		INFO	sending to transmitter
21-02-2016 05:19:21	Transmitter		INFO	pushing into buff
21-02-2016 05:19:21	DataProcessor		INFO	polling
21-02-2016 05:19:21	CameraInterface		INFO	Read successful
21-02-2016 05:19:21	Controller		INFO	sending to transmitter
21-02-2016 05:19:21	Transmitter		INFO	pushing into buff
21-02-2016 05:19:21	DataProcessor		INFO	polling
21-02-2016 05:19:21	CameraInterface		INFO	Read successful
21-02-2016 05:19:21	Controller		INFO	sending to transmitter
21-02-2016 05:19:21	Transmitter		INFO	pushing into buff
21-02-2016 05:19:21	DataProcessor		INFO	polling
21-02-2016 05:19:22	CameraInterface		INFO	Read successful
21-02-2016 05:19:22	Controller		INFO	sending to transmitter
21-02-2016 05:19:22	Transmitter		INFO	pushing into buff
21-02-2016 05:19:22	DataProcessor		INFO	polling
21-02-2016 05:19:22	CameraInterface		INFO	Read successful
21-02-2016 05:19:22	Controller		INFO	sending to transmitter
21-02-2016 05:19:22	Transmitter		INFO	pushing into buff
21-02-2016 05:19:22	DataProcessor		INFO	polling
21-02-2016 05:19:22	CameraInterface		INFO	Read successful
21-02-2016 05:19:22	Controller		INFO	sending to transmitter
21-02-2016 05:19:22	Transmitter		INFO	pushing into buff
21-02-2016 05:19:22	DataProcessor		INFO	polling
21-02-2016 05:19:22	CameraInterface		INFO	Read successful
21-02-2016 05:19:22	Controller		INFO	sending to transmitter
21-02-2016 05:19:22	Transmitter		INFO	pushing into buff
21-02-2016 05:19:22	DataProcessor		INFO	polling
21-02-2016 05:19:23	CameraInterface		INFO	Read successful
21-02-2016 05:19:23	Controller		INFO	sending to transmitter
21-02-2016 05:19:23	Transmitter		INFO	pushing into buff
21-02-2016 05:19:23	DataProcessor		INFO	polling
21-02-2016 05:19:23	CameraInterface		INFO	Read successful
21-02-2016 05:19:23	Controller		INFO	sending to transmitter
21-02-2016 05:19:23	Transmitter		INFO	pushing into buff
21-02-2016 05:19:23	DataProcessor		INFO	polling
21-02-2016 05:19:23	CameraInterface		INFO	Read successful
21-02-2016 05:19:23	Controller		INFO	sending to transmitter
21-02-2016 05:19:23	Transmitter		INFO	pushing into buff
21-02-2016 05:19:23	DataProcessor		INFO	polling
21-02-2016 05:19:23	CameraInterface		INFO	Read successful
21-02-2016 05:19:23	Controller		INFO	sending to transmitter
21-02-2016 05:19:23	Transmitter		INFO	pushing into buff
21-02-2016 05:19:23	DataProcessor		INFO	polling
21-02-2016 05:19:23	CameraInterface		INFO	Read successful
21-02-2016 05:19:24	Controller		INFO	sending to transmitter
21-02-2016 05:19:24	Transmitter		INFO	pushing into buff
21-02-2016 05:19:24	DataProcessor		INFO	polling
21-02-2016 05:19:24	CameraInterface		INFO	Read successful
21-02-2016 05:19:24	Controller		INFO	sending to transmitter
21-02-2016 05:19:24	Transmitter		INFO	pushing into buff
21-02-2016 05:19:24	DataProcessor		INFO	polling
21-02-2016 05:19:24	CameraInterface		INFO	Read successful
21-02-2016 05:19:24	Controller		INFO	sending to transmitter
21-02-2016 05:19:24	Transmitter		INFO	pushing into buff
21-02-2016 05:19:24	DataProcessor		INFO	polling
21-02-2016 05:19:24	CameraInterface		INFO	Read successful
21-02-2016 05:19:24	Controller		INFO	sending to transmitter
21-02-2016 05:19:24	Transmitter		INFO	pushing into buff
21-02-2016 05:19:24	DataProcessor		INFO	polling
21-02-2016 05:19:24	CameraInterface		INFO	Read successful
21-02-2016 05:19:24	Controller		INFO	sending to transmitter
21-02-2016 05:19:24	Transmitter		INFO	pushing into buff
21-02-2016 05:19:24	DataProcessor		INFO	polling
21-02-2016 05:19:25	CameraInterface		INFO	Read successful
21-02-2016 05:19:25	Controller		INFO	sending to transmitter
21-02-2016 05:19:25	Transmitter		INFO	pushing into buff
21-02-2016 05:19:25	DataProcessor		INFO	polling
21-02-2016 05:19:25	CameraInterface		INFO	Read successful
21-02-2016 05:19:25	Controller		INFO	sending to transmitter
21-02-2016 05:19:25	Transmitter		INFO	pushing into buff
21-02-2016 05:19:25	DataProcessor		INFO	polling
21-02-2016 05:19:25	CameraInterface		INFO	Read successful
21-02-2016 05:19:25	Controller		INFO	sending to transmitter
21-02-2016 05:19:25	Transmitter		INFO	pushing into buff
21-02-2016 05:19:25	DataProcessor		INFO	polling
21-02-2016 05:19:25	CameraInterface		INFO	Read successful
21-02-2016 05:19:25	Controller		INFO	sending to transmitter
21-02-2016 05:19:25	Transmitter		INFO	pushing into buff
21-02-2016 05:19:25	DataProcessor		INFO	polling
21-02-2016 05:19:26	CameraInterface		INFO	Read successful
21-02-2016 05:19:26	Controller		INFO	sending to transmitter
21-02-2016 05:19:26	Transmitter		INFO	pushing into buff
21-02-2016 05:19:26	DataProcessor		INFO	polling
21-02-2016 05:19:26	CameraInterface		INFO	Read successful
21-02-2016 05:19:26	Controller		INFO	sending to transmitter
21-02-2016 05:19:26	Transmitter		INFO	pushing into buff
21-02-2016 05:19:26	DataProcessor		INFO	polling
21-02-2016 05:19:26	Transmitter		INFO	sending string: 3689
21-02-2016 05:19:26	Transmitter		INFO	running
21-02-2016 05:19:26	Transmitter		INFO	getting from buffer
21-02-2016 05:19:26	CameraInterface		INFO	Read successful
21-02-2016 05:19:26	Controller		INFO	sending to transmitter
21-02-2016 05:19:26	Transmitter		INFO	pushing into buff
21-02-2016 05:19:26	DataProcessor		INFO	polling
21-02-2016 05:19:26	CameraInterface		INFO	Read successful
21-02-2016 05:19:26	Controller		INFO	sending to transmitter
21-02-2016 05:19:26	Transmitter		INFO	pushing into buff
21-02-2016 05:19:26	DataProcessor		INFO	polling
21-02-2016 05:19:26	CameraInterface		INFO	Read successful
21-02-2016 05:19:26	Controller		INFO	sending to transmitter
21-02-2016 05:19:26	Transmitter		INFO	pushing into buff
21-02-2016 05:19:26	DataProcessor		INFO	polling
21-02-2016 05:19:27	CameraInterface		INFO	Read successful
21-02-2016 05:19:27	Controller		INFO	sending to transmitter
21-02-2016 05:19:27	Transmitter		INFO	pushing into buff
21-02-2016 05:19:27	DataProcessor		INFO	polling
21-02-2016 05:19:27	CameraInterface		INFO	Read successful
21-02-2016 05:19:27	Controller		INFO	sending to transmitter
21-02-2016 05:19:27	Transmitter		INFO	pushing into buff
21-02-2016 05:19:27	DataProcessor		INFO	polling
21-02-2016 05:19:27	CameraInterface		INFO	Read successful
21-02-2016 05:19:27	Controller		INFO	sending to transmitter
21-02-2016 05:19:27	Transmitter		INFO	pushing into buff
21-02-2016 05:19:27	DataProcessor		INFO	polling
21-02-2016 05:19:27	CameraInterface		INFO	Read successful
21-02-2016 05:19:27	Controller		INFO	sending to transmitter
21-02-2016 05:19:27	Transmitter		INFO	pushing into buff
21-02-2016 05:19:27	DataProcessor		INFO	polling
21-02-2016 05:19:28	CameraInterface		INFO	Read successful
21-02-2016 05:19:28	Controller		INFO	sending to transmitter
21-02-2016 05:19:28	Transmitter		INFO	pushing into buff
21-02-2016 05:19:28	DataProcessor		INFO	polling
21-02-2016 05:19:28	CameraInterface		INFO	Read successful
21-02-2016 05:19:28	Controller		INFO	sending to transmitter
21-02-2016 05:19:28	Transmitter		INFO	pushing into buff
21-02-2016 05:19:28	DataProcessor		INFO	polling
21-02-2016 05:19:28	CameraInterface		INFO	Read successful
21-02-2016 05:19:28	Controller		INFO	sending to transmitter
21-02-2016 05:19:28	Transmitter		INFO	pushing into buff
21-02-2016 05:19:29	DataProcessor		INFO	polling
21-02-2016 05:19:30	CameraInterface		INFO	Read successful
21-02-2016 05:19:30	Controller		INFO	sending to transmitter
21-02-2016 05:19:30	Transmitter		INFO	pushing into buff
21-02-2016 05:19:30	DataProcessor		INFO	polling
21-02-2016 05:19:30	CameraInterface		INFO	Read successful
21-02-2016 05:19:30	Controller		INFO	sending to transmitter
21-02-2016 05:19:30	Transmitter		INFO	pushing into buff
21-02-2016 05:19:30	DataProcessor		INFO	polling
21-02-2016 05:19:30	CameraInterface		INFO	Read successful
21-02-2016 05:19:30	Controller		INFO	sending to transmitter
21-02-2016 05:19:30	Transmitter		INFO	pushing into buff
21-02-2016 05:19:30	DataProcessor		INFO	polling
21-02-2016 05:19:30	CameraInterface		INFO	Read successful
21-02-2016 05:19:30	Controller		INFO	sending to transmitter
21-02-2016 05:19:30	Transmitter		INFO	pushing into buff
21-02-2016 05:19:30	DataProcessor		INFO	polling
21-02-2016 05:19:31	CameraInterface		INFO	Read successful
21-02-2016 05:19:31	Controller		INFO	sending to transmitter
21-02-2016 05:19:31	Transmitter		INFO	pushing into buff
21-02-2016 05:19:31	DataProcessor		INFO	polling
21-02-2016 05:19:31	CameraInterface		INFO	Read successful
21-02-2016 05:19:31	Controller		INFO	sending to transmitter
21-02-2016 05:19:31	Transmitter		INFO	pushing into buff
21-02-2016 05:19:31	DataProcessor		INFO	polling
21-02-2016 05:19:31	CameraInterface		INFO	Read successful
21-02-2016 05:19:31	Controller		INFO	sending to transmitter
21-02-2016 05:19:31	Transmitter		INFO	pushing into buff
21-02-2016 05:19:31	DataProcessor		INFO	polling
21-02-2016 05:19:31	CameraInterface		INFO	Read successful
21-02-2016 05:19:31	Controller		INFO	sending to transmitter
21-02-2016 05:19:31	Transmitter		INFO	pushing into buff
21-02-2016 05:19:31	DataProcessor		INFO	polling
21-02-2016 05:19:31	CameraInterface		INFO	Read successful
21-02-2016 05:19:32	Controller		INFO	sending to transmitter
21-02-2016 05:19:32	Transmitter		INFO	pushing into buff
21-02-2016 05:19:32	DataProcessor		INFO	polling
21-02-2016 05:19:32	CameraInterface		INFO	Read successful
21-02-2016 05:19:32	Controller		INFO	sending to transmitter
21-02-2016 05:19:32	Transmitter		INFO	pushing into buff
21-02-2016 05:19:32	DataProcessor		INFO	polling
21-02-2016 05:19:32	CameraInterface		INFO	Read successful
21-02-2016 05:19:32	Controller		INFO	sending to transmitter
21-02-2016 05:19:32	Transmitter		INFO	pushing into buff
21-02-2016 05:19:32	DataProcessor		INFO	polling
21-02-2016 05:19:32	CameraInterface		INFO	Read successful
21-02-2016 05:19:32	Controller		INFO	sending to transmitter
21-02-2016 05:19:32	Transmitter		INFO	pushing into buff
21-02-2016 05:19:32	DataProcessor		INFO	polling
21-02-2016 05:19:32	CameraInterface		INFO	Read successful
21-02-2016 05:19:32	Controller		INFO	sending to transmitter
21-02-2016 05:19:32	Transmitter		INFO	pushing into buff
21-02-2016 05:19:32	DataProcessor		INFO	polling
21-02-2016 05:19:33	Transmitter		INFO	sending string: 876172
21-02-2016 05:19:33	CameraInterface		INFO	Read successful
21-02-2016 05:19:33	Controller		INFO	sending to transmitter
21-02-2016 05:19:33	Transmitter		INFO	pushing into buff
21-02-2016 05:19:33	DataProcessor		INFO	polling
21-02-2016 05:19:33	CameraInterface		INFO	Read successful
21-02-2016 05:19:33	Controller		INFO	sending to transmitter
21-02-2016 05:19:33	Transmitter		INFO	pushing into buff
21-02-2016 05:19:33	DataProcessor		INFO	polling
21-02-2016 05:19:33	Transmitter		INFO	running
21-02-2016 05:19:33	Transmitter		INFO	getting from buffer
21-02-2016 05:19:33	CameraInterface		INFO	Read successful
21-02-2016 05:19:34	Controller		INFO	sending to transmitter
21-02-2016 05:19:34	Transmitter		INFO	pushing into buff
21-02-2016 05:19:34	DataProcessor		INFO	polling
21-02-2016 05:19:34	CameraInterface		INFO	Read successful
21-02-2016 05:19:34	Controller		INFO	sending to transmitter
21-02-2016 05:19:34	Transmitter		INFO	pushing into buff
21-02-2016 05:19:34	DataProcessor		INFO	polling
21-02-2016 05:19:34	CameraInterface		INFO	Read successful
21-02-2016 05:19:34	Controller		INFO	sending to transmitter
21-02-2016 05:19:34	Transmitter		INFO	pushing into buff
21-02-2016 05:19:34	DataProcessor		INFO	polling
21-02-2016 05:19:34	CameraInterface		INFO	Read successful
21-02-2016 05:19:34	Controller		INFO	sending to transmitter
21-02-2016 05:19:34	Transmitter		INFO	pushing into buff
21-02-2016 05:19:34	DataProcessor		INFO	polling
21-02-2016 05:19:34	CameraInterface		INFO	Read successful
21-02-2016 05:19:34	Controller		INFO	sending to transmitter
21-02-2016 05:19:34	Transmitter		INFO	pushing into buff
21-02-2016 05:19:34	DataProcessor		INFO	polling
21-02-2016 05:19:35	CameraInterface		INFO	Read successful
21-02-2016 05:19:35	Controller		INFO	sending to transmitter
21-02-2016 05:19:35	Transmitter		INFO	pushing into buff
21-02-2016 05:19:35	DataProcessor		INFO	polling
21-02-2016 05:19:35	CameraInterface		INFO	Read successful
21-02-2016 05:19:35	Controller		INFO	sending to transmitter
21-02-2016 05:19:35	Transmitter		INFO	pushing into buff
21-02-2016 05:19:35	DataProcessor		INFO	polling
21-02-2016 05:19:35	CameraInterface		INFO	Read successful
21-02-2016 05:19:35	Controller		INFO	sending to transmitter
21-02-2016 05:19:35	Transmitter		INFO	pushing into buff
21-02-2016 05:19:35	DataProcessor		INFO	polling
21-02-2016 05:19:35	CameraInterface		INFO	Read successful
21-02-2016 05:19:35	Controller		INFO	sending to transmitter
21-02-2016 05:19:35	Transmitter		INFO	pushing into buff
21-02-2016 05:19:35	DataProcessor		INFO	polling
21-02-2016 05:19:36	CameraInterface		INFO	Read successful
21-02-2016 05:19:36	Controller		INFO	sending to transmitter
21-02-2016 05:19:36	Transmitter		INFO	pushing into buff
21-02-2016 05:19:36	DataProcessor		INFO	polling
21-02-2016 05:19:36	CameraInterface		INFO	Read successful
21-02-2016 05:19:36	Controller		INFO	sending to transmitter
21-02-2016 05:19:36	Transmitter		INFO	pushing into buff
21-02-2016 05:19:36	DataProcessor		INFO	polling
21-02-2016 05:19:36	CameraInterface		INFO	Read successful
21-02-2016 05:19:36	Controller		INFO	sending to transmitter
21-02-2016 05:19:36	Transmitter		INFO	pushing into buff
21-02-2016 05:19:36	DataProcessor		INFO	polling
21-02-2016 05:19:36	CameraInterface		INFO	Read successful
21-02-2016 05:19:36	Controller		INFO	sending to transmitter
21-02-2016 05:19:36	Transmitter		INFO	pushing into buff
21-02-2016 05:19:36	DataProcessor		INFO	polling
21-02-2016 05:19:36	CameraInterface		INFO	Read successful
21-02-2016 05:19:36	Controller		INFO	sending to transmitter
21-02-2016 05:19:36	Transmitter		INFO	pushing into buff
21-02-2016 05:19:37	DataProcessor		INFO	polling
21-02-2016 05:19:37	CameraInterface		INFO	Read successful
21-02-2016 05:19:37	Controller		INFO	sending to transmitter
21-02-2016 05:19:37	Transmitter		INFO	pushing into buff
21-02-2016 05:19:37	DataProcessor		INFO	polling
21-02-2016 05:19:37	CameraInterface		INFO	Read successful
21-02-2016 05:19:37	Controller		INFO	sending to transmitter
21-02-2016 05:19:37	Transmitter		INFO	pushing into buff
21-02-2016 05:19:37	DataProcessor		INFO	polling
21-02-2016 05:19:37	CameraInterface		INFO	Read successful
21-02-2016 05:19:37	Controller		INFO	sending to transmitter
21-02-2016 05:19:37	Transmitter		INFO	pushing into buff
21-02-2016 05:19:37	DataProcessor		INFO	polling
21-02-2016 05:19:37	CameraInterface		INFO	Read successful
21-02-2016 05:19:38	Controller		INFO	sending to transmitter
21-02-2016 05:19:38	Transmitter		INFO	pushing into buff
21-02-2016 05:19:38	DataProcessor		INFO	polling
21-02-2016 05:19:38	CameraInterface		INFO	Read successful
21-02-2016 05:19:38	Controller		INFO	sending to transmitter
21-02-2016 05:19:38	Transmitter		INFO	pushing into buff
21-02-2016 05:19:38	DataProcessor		INFO	polling
21-02-2016 05:19:38	CameraInterface		INFO	Read successful
21-02-2016 05:19:38	Controller		INFO	sending to transmitter
21-02-2016 05:19:38	Transmitter		INFO	pushing into buff
21-02-2016 05:19:38	DataProcessor		INFO	polling
21-02-2016 05:19:39	CameraInterface		INFO	Read successful
21-02-2016 05:19:39	Controller		INFO	sending to transmitter
21-02-2016 05:19:39	Transmitter		INFO	pushing into buff
21-02-2016 05:19:39	DataProcessor		INFO	polling
21-02-2016 05:19:39	CameraInterface		INFO	Read successful
21-02-2016 05:19:39	Controller		INFO	sending to transmitter
21-02-2016 05:19:39	Transmitter		INFO	pushing into buff
21-02-2016 05:19:39	DataProcessor		INFO	polling
21-02-2016 05:19:39	CameraInterface		INFO	Read successful
21-02-2016 05:19:39	Controller		INFO	sending to transmitter
21-02-2016 05:19:39	Transmitter		INFO	pushing into buff
21-02-2016 05:19:39	DataProcessor		INFO	polling
21-02-2016 05:19:40	CameraInterface		INFO	Read successful
21-02-2016 05:19:40	Controller		INFO	sending to transmitter
21-02-2016 05:19:40	Transmitter		INFO	pushing into buff
21-02-2016 05:19:40	DataProcessor		INFO	polling
21-02-2016 05:19:40	CameraInterface		INFO	Read successful
21-02-2016 05:19:40	Controller		INFO	sending to transmitter
21-02-2016 05:19:40	Transmitter		INFO	pushing into buff
21-02-2016 05:19:40	DataProcessor		INFO	polling
21-02-2016 05:19:40	CameraInterface		INFO	Read successful
21-02-2016 05:19:40	Controller		INFO	sending to transmitter
21-02-2016 05:19:40	Transmitter		INFO	pushing into buff
21-02-2016 05:19:40	DataProcessor		INFO	polling
21-02-2016 05:19:40	CameraInterface		INFO	Read successful
21-02-2016 05:19:40	Controller		INFO	sending to transmitter
21-02-2016 05:19:40	Transmitter		INFO	pushing into buff
21-02-2016 05:19:40	DataProcessor		INFO	polling
21-02-2016 05:19:40	CameraInterface		INFO	Read successful
21-02-2016 05:19:40	Controller		INFO	sending to transmitter
21-02-2016 05:19:40	Transmitter		INFO	pushing into buff
21-02-2016 05:19:40	DataProcessor		INFO	polling
21-02-2016 05:19:41	CameraInterface		INFO	Read successful
21-02-2016 05:19:41	Controller		INFO	sending to transmitter
21-02-2016 05:19:41	Transmitter		INFO	pushing into buff
21-02-2016 05:19:41	DataProcessor		INFO	polling
21-02-2016 05:19:41	CameraInterface		INFO	Read successful
21-02-2016 05:19:41	Controller		INFO	sending to transmitter
21-02-2016 05:19:41	Transmitter		INFO	pushing into buff
21-02-2016 05:19:41	DataProcessor		INFO	polling
21-02-2016 05:19:41	CameraInterface		INFO	Read successful
21-02-2016 05:19:41	Controller		INFO	sending to transmitter
21-02-2016 05:19:41	Transmitter		INFO	pushing into buff
21-02-2016 05:19:41	DataProcessor		INFO	polling
21-02-2016 05:19:41	CameraInterface		INFO	Read successful
21-02-2016 05:19:41	Controller		INFO	sending to transmitter
21-02-2016 05:19:41	Transmitter		INFO	pushing into buff
21-02-2016 05:19:41	DataProcessor		INFO	polling
21-02-2016 05:19:42	CameraInterface		INFO	Read successful
21-02-2016 05:19:42	Controller		INFO	sending to transmitter
21-02-2016 05:19:42	Transmitter		INFO	pushing into buff
21-02-2016 05:19:42	DataProcessor		INFO	polling
21-02-2016 05:19:42	Transmitter		INFO	sending string: 944308
21-02-2016 05:19:42	CameraInterface		INFO	Read successful
21-02-2016 05:19:42	Controller		INFO	sending to transmitter
21-02-2016 05:19:42	Transmitter		INFO	pushing into buff
21-02-2016 05:19:42	DataProcessor		INFO	polling
21-02-2016 05:19:42	CameraInterface		INFO	Read successful
21-02-2016 05:19:42	Controller		INFO	sending to transmitter
21-02-2016 05:19:42	Transmitter		INFO	pushing into buff
21-02-2016 05:19:42	DataProcessor		INFO	polling
21-02-2016 05:19:43	CameraInterface		INFO	Read successful
21-02-2016 05:19:43	Controller		INFO	sending to transmitter
21-02-2016 05:19:43	Transmitter		INFO	pushing into buff
21-02-2016 05:19:43	DataProcessor		INFO	polling
21-02-2016 05:19:43	Transmitter		INFO	running
21-02-2016 05:19:43	Transmitter		INFO	getting from buffer
21-02-2016 05:19:43	CameraInterface		INFO	Read successful
21-02-2016 05:19:43	Controller		INFO	sending to transmitter
21-02-2016 05:19:43	Transmitter		INFO	pushing into buff
21-02-2016 05:19:43	DataProcessor		INFO	polling
21-02-2016 05:19:43	CameraInterface		INFO	Read successful
21-02-2016 05:19:43	Controller		INFO	sending to transmitter
21-02-2016 05:19:43	Transmitter		INFO	pushing into buff
21-02-2016 05:19:43	DataProcessor		INFO	polling
21-02-2016 05:19:44	CameraInterface		INFO	Read successful
21-02-2016 05:19:44	Controller		INFO	sending to transmitter
21-02-2016 05:19:44	Transmitter		INFO	pushing into buff
21-02-2016 05:19:44	DataProcessor		INFO	polling
21-02-2016 05:19:44	CameraInterface		INFO	Read successful
21-02-2016 05:19:44	Controller		INFO	sending to transmitter
21-02-2016 05:19:44	Transmitter		INFO	pushing into buff
21-02-2016 05:19:44	DataProcessor		INFO	polling
21-02-2016 05:19:46	CameraInterface		INFO	Read successful
21-02-2016 05:19:50	Controller		INFO	sending to transmitter
21-02-2016 05:19:50	Transmitter		INFO	pushing into buff
21-02-2016 05:19:50	DataProcessor		INFO	polling
21-02-2016 05:19:51	CameraInterface		INFO	Read successful
21-02-2016 05:19:51	Controller		INFO	sending to transmitter
21-02-2016 05:19:51	Transmitter		INFO	pushing into buff
21-02-2016 05:19:51	DataProcessor		INFO	polling
21-02-2016 05:19:51	CameraInterface		INFO	Read successful
21-02-2016 05:19:51	Controller		INFO	sending to transmitter
21-02-2016 05:19:51	Transmitter		INFO	pushing into buff
21-02-2016 05:19:51	DataProcessor		INFO	polling
21-02-2016 05:19:52	CameraInterface		INFO	Read successful
21-02-2016 05:19:52	Controller		INFO	sending to transmitter
21-02-2016 05:19:52	Transmitter		INFO	pushing into buff
21-02-2016 05:19:52	DataProcessor		INFO	polling
21-02-2016 05:19:52	CameraInterface		INFO	Read successful
21-02-2016 05:19:52	Controller		INFO	sending to transmitter
21-02-2016 05:19:52	Transmitter		INFO	pushing into buff
21-02-2016 05:19:52	DataProcessor		INFO	polling
21-02-2016 05:19:52	CameraInterface		INFO	Read successful
21-02-2016 05:19:52	Controller		INFO	sending to transmitter
21-02-2016 05:19:52	Transmitter		INFO	pushing into buff
21-02-2016 05:19:52	DataProcessor		INFO	polling
21-02-2016 05:19:53	CameraInterface		INFO	Read successful
21-02-2016 05:19:54	Controller		INFO	sending to transmitter
21-02-2016 05:19:54	Transmitter		INFO	pushing into buff
21-02-2016 05:19:54	DataProcessor		INFO	polling
21-02-2016 05:19:57	CameraInterface		INFO	Read successful
21-02-2016 05:20:03	Controller		INFO	sending to transmitter
21-02-2016 05:20:03	Transmitter		INFO	pushing into buff
21-02-2016 05:20:05	Transmitter		INFO	sending string: 1179198
21-02-2016 05:20:05	Transmitter		INFO	sending string: 1179198
21-02-2016 05:20:05	DataProcessor		INFO	polling
21-02-2016 05:20:09	CameraInterface		INFO	Read successful
21-02-2016 05:20:10	Controller		INFO	sending to transmitter
21-02-2016 05:20:10	Transmitter		INFO	pushing into buff
21-02-2016 05:20:10	DataProcessor		INFO	polling
21-02-2016 05:20:11	CameraInterface		INFO	Read successful
21-02-2016 05:20:11	Controller		INFO	sending to transmitter
21-02-2016 05:20:11	Transmitter		INFO	pushing into buff
21-02-2016 05:20:11	DataProcessor		INFO	polling
21-02-2016 05:20:12	CameraInterface		INFO	Read successful
21-02-2016 05:20:15	Controller		INFO	sending to transmitter
21-02-2016 05:20:15	Transmitter		INFO	pushing into buff
21-02-2016 05:20:15	DataProcessor		INFO	polling
21-02-2016 05:20:15	CameraInterface		INFO	Read successful
21-02-2016 05:20:15	Controller		INFO	sending to transmitter
21-02-2016 05:20:15	Transmitter		INFO	pushing into buff
21-02-2016 05:20:15	DataProcessor		INFO	polling
21-02-2016 05:20:15	CameraInterface		INFO	Read successful
21-02-2016 05:20:15	Controller		INFO	sending to transmitter
21-02-2016 05:20:15	Transmitter		INFO	pushing into buff
21-02-2016 05:20:15	DataProcessor		INFO	polling
21-02-2016 05:20:16	CameraInterface		INFO	Read successful
21-02-2016 05:20:16	Controller		INFO	sending to transmitter
21-02-2016 05:20:16	Transmitter		INFO	pushing into buff
21-02-2016 05:20:16	DataProcessor		INFO	polling
21-02-2016 05:20:19	CameraInterface		INFO	Read successful
21-02-2016 05:20:21	Controller		INFO	sending to transmitter
21-02-2016 05:20:22	Transmitter		INFO	pushing into buff
21-02-2016 05:20:22	DataProcessor		INFO	polling
21-02-2016 05:20:23	Transmitter		INFO	running
21-02-2016 05:20:23	Transmitter		INFO	getting from buffer
