21-02-2016 06:18:59	Main		TRACE	Logger initialized.
21-02-2016 06:18:59	PropertyReader		TRACE	Opening file: settings/settings.txt
21-02-2016 06:18:59	PropertyReader		INFO	File opened: settings/settings.txt
21-02-2016 06:18:59	PropertyReader		INFO	Loading properties file...
21-02-2016 06:18:59	PropertyReader		INFO	Mapped TRACE to LOGGING_LEVEL
21-02-2016 06:18:59	PropertyReader		INFO	Mapped 100 to CAM_BUFFER_SIZE
21-02-2016 06:18:59	PropertyReader		INFO	Mapped 15 to CAM_POLL_FREQUENCY
21-02-2016 06:18:59	PropertyReader		INFO	Mapped 0 to CAM_INDEX
21-02-2016 06:18:59	PropertyReader		DEBUG	Loaded 4 properties successfully
21-02-2016 06:18:59	Controller		INFO	Constructor controller
21-02-2016 06:18:59	Transmitter		INFO	socket retrieve success
21-02-2016 06:18:59	Transmitter		INFO	binding done
21-02-2016 06:18:59	Transmitter		INFO	done listening
21-02-2016 06:20:40	Transmitter		INFO	accepting
21-02-2016 06:20:40	Main		TRACE	intializing controller
21-02-2016 06:20:40	Controller		INFO	Initializing Controller
21-02-2016 06:20:40	Receiver		INFO	Starting Receiver Thread execution loop
21-02-2016 06:20:40	ControllerThread		INFO	Starting Controller Thread execution loop
21-02-2016 06:20:40	Transmitter		INFO	Starting Receiver Thread execution loop
21-02-2016 06:20:40	Main		TRACE	initializing dataprocessor
21-02-2016 06:20:40	CameraInterface		INFO	Initializing camera
21-02-2016 06:20:40	CameraInterface		INFO	Opening video capture stream at position 0
21-02-2016 06:20:40	Transmitter		INFO	running
21-02-2016 06:20:40	Transmitter		INFO	running
21-02-2016 06:20:40	Transmitter		INFO	running
21-02-2016 06:20:40	Transmitter		INFO	running
21-02-2016 06:20:40	Transmitter		INFO	running
21-02-2016 06:20:40	Transmitter		INFO	running
21-02-2016 06:20:40	Transmitter		INFO	running
21-02-2016 06:20:40	Transmitter		INFO	running
21-02-2016 06:20:40	Transmitter		INFO	running
21-02-2016 06:20:40	Transmitter		INFO	running
21-02-2016 06:20:40	Transmitter		INFO	running
21-02-2016 06:20:40	Transmitter		INFO	running
21-02-2016 06:20:40	Transmitter		INFO	running
21-02-2016 06:20:40	Transmitter		INFO	running
21-02-2016 06:20:40	Transmitter		INFO	running
21-02-2016 06:20:40	Transmitter		INFO	running
21-02-2016 06:20:40	Transmitter		INFO	running
21-02-2016 06:20:40	Transmitter		INFO	running
21-02-2016 06:20:40	Transmitter		INFO	running
21-02-2016 06:20:40	Transmitter		INFO	running
21-02-2016 06:20:40	Transmitter		INFO	running
21-02-2016 06:20:40	Transmitter		INFO	running
21-02-2016 06:20:40	Transmitter		INFO	running
21-02-2016 06:20:40	Transmitter		INFO	running
21-02-2016 06:20:40	Transmitter		INFO	running
21-02-2016 06:20:40	Transmitter		INFO	running
21-02-2016 06:20:40	Transmitter		INFO	running
21-02-2016 06:20:40	Transmitter		INFO	running
21-02-2016 06:20:40	Transmitter		INFO	running
21-02-2016 06:20:40	Transmitter		INFO	running
21-02-2016 06:20:40	Transmitter		INFO	running
21-02-2016 06:20:40	Transmitter		INFO	running
21-02-2016 06:20:40	Transmitter		INFO	running
21-02-2016 06:20:40	Transmitter		INFO	running
21-02-2016 06:20:40	Transmitter		INFO	running
21-02-2016 06:20:40	Transmitter		INFO	running
21-02-2016 06:20:40	Transmitter		INFO	running
21-02-2016 06:20:40	Transmitter		INFO	running
21-02-2016 06:20:40	Transmitter		INFO	running
21-02-2016 06:20:40	Transmitter		INFO	running
21-02-2016 06:20:40	Transmitter		INFO	running
21-02-2016 06:20:40	Transmitter		INFO	running
21-02-2016 06:20:40	Transmitter		INFO	running
21-02-2016 06:20:40	Transmitter		INFO	running
21-02-2016 06:20:40	Transmitter		INFO	running
21-02-2016 06:20:40	Transmitter		INFO	running
21-02-2016 06:20:40	Transmitter		INFO	running
21-02-2016 06:20:40	Transmitter		INFO	running
21-02-2016 06:20:40	Transmitter		INFO	running
21-02-2016 06:20:40	Transmitter		INFO	running
21-02-2016 06:20:40	Transmitter		INFO	running
21-02-2016 06:20:40	Transmitter		INFO	running
21-02-2016 06:20:40	Transmitter		INFO	running
21-02-2016 06:20:40	Transmitter		INFO	running
21-02-2016 06:20:40	Transmitter		INFO	running
21-02-2016 06:20:40	Main		TRACE	running controller
21-02-2016 06:20:40	Transmitter		INFO	running
21-02-2016 06:20:40	Main		TRACE	running controller
21-02-2016 06:20:40	DataProcessor		INFO	polling
21-02-2016 06:20:40	Transmitter		INFO	running
21-02-2016 06:20:40	Transmitter		INFO	running
21-02-2016 06:20:40	Transmitter		INFO	running
21-02-2016 06:20:40	Transmitter		INFO	running
21-02-2016 06:20:40	Transmitter		INFO	running
21-02-2016 06:20:40	Transmitter		INFO	running
21-02-2016 06:20:40	Transmitter		INFO	running
21-02-2016 06:20:40	Transmitter		INFO	running
21-02-2016 06:20:40	Transmitter		INFO	running
21-02-2016 06:20:40	Transmitter		INFO	running
21-02-2016 06:20:40	Transmitter		INFO	running
21-02-2016 06:20:40	Transmitter		INFO	running
21-02-2016 06:20:40	Transmitter		INFO	running
21-02-2016 06:20:40	Transmitter		INFO	running
21-02-2016 06:20:40	Transmitter		INFO	running
21-02-2016 06:20:40	Transmitter		INFO	running
21-02-2016 06:20:40	Transmitter		INFO	running
21-02-2016 06:20:40	Transmitter		INFO	running
21-02-2016 06:20:40	Transmitter		INFO	running
21-02-2016 06:20:40	Transmitter		INFO	running
21-02-2016 06:20:40	Transmitter		INFO	running
21-02-2016 06:20:41	Transmitter		INFO	running
21-02-2016 06:20:41	Transmitter		INFO	running
21-02-2016 06:20:41	Transmitter		INFO	running
21-02-2016 06:20:41	Transmitter		INFO	running
21-02-2016 06:20:41	Transmitter		INFO	running
21-02-2016 06:20:41	Transmitter		INFO	running
21-02-2016 06:20:41	Transmitter		INFO	running
21-02-2016 06:20:41	Transmitter		INFO	running
21-02-2016 06:20:41	Transmitter		INFO	running
21-02-2016 06:20:41	Transmitter		INFO	running
21-02-2016 06:20:41	Transmitter		INFO	running
21-02-2016 06:20:41	Transmitter		INFO	running
21-02-2016 06:20:41	Transmitter		INFO	running
21-02-2016 06:20:41	Transmitter		INFO	running
21-02-2016 06:20:41	Transmitter		INFO	running
21-02-2016 06:20:41	Transmitter		INFO	running
21-02-2016 06:20:41	Transmitter		INFO	running
21-02-2016 06:20:41	Transmitter		INFO	running
21-02-2016 06:20:41	Transmitter		INFO	running
21-02-2016 06:20:41	Transmitter		INFO	running
21-02-2016 06:20:41	Transmitter		INFO	running
21-02-2016 06:20:41	Transmitter		INFO	running
21-02-2016 06:20:41	Transmitter		INFO	running
21-02-2016 06:20:41	Transmitter		INFO	running
21-02-2016 06:20:41	Transmitter		INFO	running
21-02-2016 06:20:41	Transmitter		INFO	running
21-02-2016 06:20:41	Transmitter		INFO	running
21-02-2016 06:20:41	Transmitter		INFO	running
21-02-2016 06:20:41	Transmitter		INFO	running
21-02-2016 06:20:41	Transmitter		INFO	running
21-02-2016 06:20:41	Transmitter		INFO	running
21-02-2016 06:20:41	Transmitter		INFO	running
21-02-2016 06:20:41	Transmitter		INFO	running
21-02-2016 06:20:41	Transmitter		INFO	running
21-02-2016 06:20:41	Transmitter		INFO	running
21-02-2016 06:20:41	Transmitter		INFO	running
21-02-2016 06:20:41	Transmitter		INFO	running
21-02-2016 06:20:41	Transmitter		INFO	running
21-02-2016 06:20:41	Transmitter		INFO	running
21-02-2016 06:20:41	Transmitter		INFO	running
21-02-2016 06:20:41	Transmitter		INFO	running
21-02-2016 06:20:41	Transmitter		INFO	running
21-02-2016 06:20:41	Transmitter		INFO	running
21-02-2016 06:20:41	Transmitter		INFO	running
21-02-2016 06:20:41	Transmitter		INFO	running
21-02-2016 06:20:41	Transmitter		INFO	running
21-02-2016 06:20:41	Transmitter		INFO	running
21-02-2016 06:20:41	Transmitter		INFO	running
21-02-2016 06:20:41	Transmitter		INFO	running
21-02-2016 06:20:41	Transmitter		INFO	running
21-02-2016 06:20:41	Transmitter		INFO	running
21-02-2016 06:20:41	Transmitter		INFO	running
21-02-2016 06:20:41	Transmitter		INFO	running
21-02-2016 06:20:41	Transmitter		INFO	running
21-02-2016 06:20:41	Transmitter		INFO	running
21-02-2016 06:20:41	Transmitter		INFO	running
21-02-2016 06:20:41	Transmitter		INFO	running
21-02-2016 06:20:41	Transmitter		INFO	running
21-02-2016 06:20:41	Transmitter		INFO	running
21-02-2016 06:20:41	Transmitter		INFO	running
21-02-2016 06:20:41	Transmitter		INFO	running
21-02-2016 06:20:41	Transmitter		INFO	running
21-02-2016 06:20:41	Transmitter		INFO	running
21-02-2016 06:20:41	Transmitter		INFO	running
21-02-2016 06:20:41	Transmitter		INFO	running
21-02-2016 06:20:41	Transmitter		INFO	running
21-02-2016 06:20:41	Transmitter		INFO	running
21-02-2016 06:20:41	Transmitter		INFO	running
21-02-2016 06:20:41	Transmitter		INFO	running
21-02-2016 06:20:41	Transmitter		INFO	running
21-02-2016 06:20:41	Transmitter		INFO	running
21-02-2016 06:20:41	Transmitter		INFO	running
21-02-2016 06:20:41	Transmitter		INFO	running
21-02-2016 06:20:41	Transmitter		INFO	running
21-02-2016 06:20:41	Transmitter		INFO	running
21-02-2016 06:20:41	Transmitter		INFO	running
21-02-2016 06:20:41	Transmitter		INFO	running
21-02-2016 06:20:41	CameraInterface		INFO	Read successful
21-02-2016 06:20:41	Controller		INFO	sending to transmitter
21-02-2016 06:20:41	Transmitter		INFO	pushing into buff
21-02-2016 06:20:41	Transmitter		INFO	running
21-02-2016 06:20:41	Transmitter		INFO	getting from buffer
21-02-2016 06:20:41	DataProcessor		INFO	polling
21-02-2016 06:20:41	CameraInterface		INFO	Read successful
21-02-2016 06:20:41	Controller		INFO	sending to transmitter
21-02-2016 06:20:41	Transmitter		INFO	pushing into buff
21-02-2016 06:20:41	DataProcessor		INFO	polling
21-02-2016 06:20:42	CameraInterface		INFO	Read successful
21-02-2016 06:20:42	Controller		INFO	sending to transmitter
21-02-2016 06:20:42	Transmitter		INFO	pushing into buff
21-02-2016 06:20:42	DataProcessor		INFO	polling
21-02-2016 06:20:42	CameraInterface		INFO	Read successful
21-02-2016 06:20:42	Controller		INFO	sending to transmitter
21-02-2016 06:20:42	Transmitter		INFO	pushing into buff
21-02-2016 06:20:42	DataProcessor		INFO	polling
21-02-2016 06:20:42	CameraInterface		INFO	Read successful
21-02-2016 06:20:42	Controller		INFO	sending to transmitter
21-02-2016 06:20:42	Transmitter		INFO	pushing into buff
21-02-2016 06:20:42	DataProcessor		INFO	polling
21-02-2016 06:20:42	CameraInterface		INFO	Read successful
21-02-2016 06:20:42	Controller		INFO	sending to transmitter
21-02-2016 06:20:42	Transmitter		INFO	pushing into buff
21-02-2016 06:20:42	DataProcessor		INFO	polling
21-02-2016 06:20:42	CameraInterface		INFO	Read successful
21-02-2016 06:20:42	Controller		INFO	sending to transmitter
21-02-2016 06:20:42	Transmitter		INFO	pushing into buff
21-02-2016 06:20:42	DataProcessor		INFO	polling
21-02-2016 06:20:43	CameraInterface		INFO	Read successful
21-02-2016 06:20:43	Controller		INFO	sending to transmitter
21-02-2016 06:20:43	Transmitter		INFO	pushing into buff
21-02-2016 06:20:43	DataProcessor		INFO	polling
21-02-2016 06:20:43	CameraInterface		INFO	Read successful
21-02-2016 06:20:43	Controller		INFO	sending to transmitter
21-02-2016 06:20:43	Transmitter		INFO	pushing into buff
21-02-2016 06:20:43	DataProcessor		INFO	polling
21-02-2016 06:20:43	CameraInterface		INFO	Read successful
21-02-2016 06:20:43	Controller		INFO	sending to transmitter
21-02-2016 06:20:43	Transmitter		INFO	pushing into buff
21-02-2016 06:20:43	DataProcessor		INFO	polling
21-02-2016 06:20:43	CameraInterface		INFO	Read successful
21-02-2016 06:20:43	Controller		INFO	sending to transmitter
21-02-2016 06:20:43	Transmitter		INFO	pushing into buff
21-02-2016 06:20:43	DataProcessor		INFO	polling
21-02-2016 06:20:43	CameraInterface		INFO	Read successful
21-02-2016 06:20:43	Controller		INFO	sending to transmitter
21-02-2016 06:20:43	Transmitter		INFO	pushing into buff
21-02-2016 06:20:43	DataProcessor		INFO	polling
21-02-2016 06:20:44	CameraInterface		INFO	Read successful
21-02-2016 06:20:44	Controller		INFO	sending to transmitter
21-02-2016 06:20:44	Transmitter		INFO	pushing into buff
21-02-2016 06:20:44	DataProcessor		INFO	polling
21-02-2016 06:20:44	CameraInterface		INFO	Read successful
21-02-2016 06:20:44	Controller		INFO	sending to transmitter
21-02-2016 06:20:44	Transmitter		INFO	pushing into buff
21-02-2016 06:20:44	DataProcessor		INFO	polling
21-02-2016 06:20:44	CameraInterface		INFO	Read successful
21-02-2016 06:20:44	Controller		INFO	sending to transmitter
21-02-2016 06:20:44	Transmitter		INFO	pushing into buff
21-02-2016 06:20:44	DataProcessor		INFO	polling
21-02-2016 06:20:44	CameraInterface		INFO	Read successful
21-02-2016 06:20:44	Controller		INFO	sending to transmitter
21-02-2016 06:20:44	Transmitter		INFO	pushing into buff
21-02-2016 06:20:44	DataProcessor		INFO	polling
21-02-2016 06:20:45	CameraInterface		INFO	Read successful
21-02-2016 06:20:45	Controller		INFO	sending to transmitter
21-02-2016 06:20:45	Transmitter		INFO	pushing into buff
21-02-2016 06:20:45	DataProcessor		INFO	polling
21-02-2016 06:20:45	CameraInterface		INFO	Read successful
21-02-2016 06:20:45	Controller		INFO	sending to transmitter
21-02-2016 06:20:45	Transmitter		INFO	pushing into buff
21-02-2016 06:20:45	DataProcessor		INFO	polling
21-02-2016 06:20:45	CameraInterface		INFO	Read successful
21-02-2016 06:20:45	Controller		INFO	sending to transmitter
21-02-2016 06:20:45	Transmitter		INFO	pushing into buff
21-02-2016 06:20:45	DataProcessor		INFO	polling
21-02-2016 06:20:45	CameraInterface		INFO	Read successful
21-02-2016 06:20:45	Controller		INFO	sending to transmitter
21-02-2016 06:20:45	Transmitter		INFO	pushing into buff
21-02-2016 06:20:45	DataProcessor		INFO	polling
21-02-2016 06:20:45	CameraInterface		INFO	Read successful
21-02-2016 06:20:46	Controller		INFO	sending to transmitter
21-02-2016 06:20:46	Transmitter		INFO	pushing into buff
21-02-2016 06:20:46	DataProcessor		INFO	polling
21-02-2016 06:20:46	CameraInterface		INFO	Read successful
21-02-2016 06:20:46	Controller		INFO	sending to transmitter
21-02-2016 06:20:46	Transmitter		INFO	pushing into buff
21-02-2016 06:20:46	DataProcessor		INFO	polling
21-02-2016 06:20:46	CameraInterface		INFO	Read successful
21-02-2016 06:20:46	Controller		INFO	sending to transmitter
21-02-2016 06:20:46	Transmitter		INFO	pushing into buff
21-02-2016 06:20:46	DataProcessor		INFO	polling
21-02-2016 06:20:46	Transmitter		INFO	sending string: 97169
21-02-2016 06:20:46	Transmitter		INFO	running
21-02-2016 06:20:46	Transmitter		INFO	getting from buffer
21-02-2016 06:20:46	CameraInterface		INFO	Read successful
21-02-2016 06:20:46	Controller		INFO	sending to transmitter
21-02-2016 06:20:46	Transmitter		INFO	pushing into buff
21-02-2016 06:20:46	DataProcessor		INFO	polling
21-02-2016 06:20:46	CameraInterface		INFO	Read successful
21-02-2016 06:20:46	Controller		INFO	sending to transmitter
21-02-2016 06:20:46	Transmitter		INFO	pushing into buff
21-02-2016 06:20:46	DataProcessor		INFO	polling
21-02-2016 06:20:47	CameraInterface		INFO	Read successful
21-02-2016 06:20:47	Controller		INFO	sending to transmitter
21-02-2016 06:20:47	Transmitter		INFO	pushing into buff
21-02-2016 06:20:47	DataProcessor		INFO	polling
21-02-2016 06:20:47	CameraInterface		INFO	Read successful
21-02-2016 06:20:47	Controller		INFO	sending to transmitter
21-02-2016 06:20:47	Transmitter		INFO	pushing into buff
21-02-2016 06:20:47	DataProcessor		INFO	polling
21-02-2016 06:20:47	CameraInterface		INFO	Read successful
21-02-2016 06:20:47	Controller		INFO	sending to transmitter
21-02-2016 06:20:47	Transmitter		INFO	pushing into buff
21-02-2016 06:20:47	DataProcessor		INFO	polling
21-02-2016 06:20:47	CameraInterface		INFO	Read successful
21-02-2016 06:20:47	Controller		INFO	sending to transmitter
21-02-2016 06:20:47	Transmitter		INFO	pushing into buff
21-02-2016 06:20:47	DataProcessor		INFO	polling
21-02-2016 06:20:48	CameraInterface		INFO	Read successful
21-02-2016 06:20:48	Controller		INFO	sending to transmitter
21-02-2016 06:20:48	Transmitter		INFO	pushing into buff
21-02-2016 06:20:48	DataProcessor		INFO	polling
21-02-2016 06:20:48	CameraInterface		INFO	Read successful
21-02-2016 06:20:48	Controller		INFO	sending to transmitter
21-02-2016 06:20:48	Transmitter		INFO	pushing into buff
21-02-2016 06:20:48	DataProcessor		INFO	polling
21-02-2016 06:20:48	CameraInterface		INFO	Read successful
21-02-2016 06:20:48	Controller		INFO	sending to transmitter
21-02-2016 06:20:48	Transmitter		INFO	pushing into buff
21-02-2016 06:20:48	DataProcessor		INFO	polling
21-02-2016 06:20:48	CameraInterface		INFO	Read successful
21-02-2016 06:20:48	Controller		INFO	sending to transmitter
21-02-2016 06:20:48	Transmitter		INFO	pushing into buff
21-02-2016 06:20:48	DataProcessor		INFO	polling
21-02-2016 06:20:48	CameraInterface		INFO	Read successful
21-02-2016 06:20:48	Controller		INFO	sending to transmitter
21-02-2016 06:20:48	Transmitter		INFO	pushing into buff
21-02-2016 06:20:48	DataProcessor		INFO	polling
21-02-2016 06:20:49	CameraInterface		INFO	Read successful
21-02-2016 06:20:49	Controller		INFO	sending to transmitter
21-02-2016 06:20:49	Transmitter		INFO	pushing into buff
21-02-2016 06:20:49	DataProcessor		INFO	polling
21-02-2016 06:20:49	CameraInterface		INFO	Read successful
21-02-2016 06:20:49	Controller		INFO	sending to transmitter
21-02-2016 06:20:49	Transmitter		INFO	pushing into buff
21-02-2016 06:20:49	DataProcessor		INFO	polling
21-02-2016 06:20:49	CameraInterface		INFO	Read successful
21-02-2016 06:20:49	Controller		INFO	sending to transmitter
21-02-2016 06:20:49	Transmitter		INFO	pushing into buff
21-02-2016 06:20:49	DataProcessor		INFO	polling
21-02-2016 06:20:49	CameraInterface		INFO	Read successful
21-02-2016 06:20:49	Controller		INFO	sending to transmitter
21-02-2016 06:20:49	Transmitter		INFO	pushing into buff
21-02-2016 06:20:49	DataProcessor		INFO	polling
21-02-2016 06:20:49	CameraInterface		INFO	Read successful
21-02-2016 06:20:49	Controller		INFO	sending to transmitter
21-02-2016 06:20:49	Transmitter		INFO	pushing into buff
21-02-2016 06:20:49	DataProcessor		INFO	polling
21-02-2016 06:20:50	CameraInterface		INFO	Read successful
21-02-2016 06:20:50	Controller		INFO	sending to transmitter
21-02-2016 06:20:50	Transmitter		INFO	pushing into buff
21-02-2016 06:20:50	DataProcessor		INFO	polling
21-02-2016 06:20:50	CameraInterface		INFO	Read successful
21-02-2016 06:20:50	Controller		INFO	sending to transmitter
21-02-2016 06:20:50	Transmitter		INFO	pushing into buff
21-02-2016 06:20:50	DataProcessor		INFO	polling
21-02-2016 06:20:50	CameraInterface		INFO	Read successful
21-02-2016 06:20:50	Controller		INFO	sending to transmitter
21-02-2016 06:20:50	Transmitter		INFO	pushing into buff
21-02-2016 06:20:50	DataProcessor		INFO	polling
21-02-2016 06:20:50	CameraInterface		INFO	Read successful
21-02-2016 06:20:50	Controller		INFO	sending to transmitter
21-02-2016 06:20:50	Transmitter		INFO	pushing into buff
21-02-2016 06:20:50	DataProcessor		INFO	polling
21-02-2016 06:20:51	CameraInterface		INFO	Read successful
21-02-2016 06:20:51	Controller		INFO	sending to transmitter
21-02-2016 06:20:51	Transmitter		INFO	pushing into buff
21-02-2016 06:20:51	DataProcessor		INFO	polling
21-02-2016 06:20:51	CameraInterface		INFO	Read successful
21-02-2016 06:20:51	Controller		INFO	sending to transmitter
21-02-2016 06:20:51	Transmitter		INFO	pushing into buff
21-02-2016 06:20:51	DataProcessor		INFO	polling
21-02-2016 06:20:51	CameraInterface		INFO	Read successful
21-02-2016 06:20:51	Controller		INFO	sending to transmitter
21-02-2016 06:20:51	Transmitter		INFO	pushing into buff
21-02-2016 06:20:51	DataProcessor		INFO	polling
21-02-2016 06:20:51	CameraInterface		INFO	Read successful
21-02-2016 06:20:51	Controller		INFO	sending to transmitter
21-02-2016 06:20:51	Transmitter		INFO	pushing into buff
21-02-2016 06:20:51	DataProcessor		INFO	polling
21-02-2016 06:20:51	CameraInterface		INFO	Read successful
21-02-2016 06:20:51	Controller		INFO	sending to transmitter
21-02-2016 06:20:51	Transmitter		INFO	pushing into buff
21-02-2016 06:20:51	DataProcessor		INFO	polling
21-02-2016 06:20:52	CameraInterface		INFO	Read successful
21-02-2016 06:20:52	Controller		INFO	sending to transmitter
21-02-2016 06:20:52	Transmitter		INFO	pushing into buff
21-02-2016 06:20:52	DataProcessor		INFO	polling
21-02-2016 06:20:52	CameraInterface		INFO	Read successful
21-02-2016 06:20:52	Controller		INFO	sending to transmitter
21-02-2016 06:20:52	Transmitter		INFO	pushing into buff
21-02-2016 06:20:52	DataProcessor		INFO	polling
21-02-2016 06:20:52	CameraInterface		INFO	Read successful
21-02-2016 06:20:52	Controller		INFO	sending to transmitter
21-02-2016 06:20:52	Transmitter		INFO	pushing into buff
21-02-2016 06:20:52	DataProcessor		INFO	polling
21-02-2016 06:20:52	CameraInterface		INFO	Read successful
21-02-2016 06:20:52	Controller		INFO	sending to transmitter
21-02-2016 06:20:52	Transmitter		INFO	pushing into buff
21-02-2016 06:20:52	DataProcessor		INFO	polling
21-02-2016 06:20:52	CameraInterface		INFO	Read successful
21-02-2016 06:20:53	Controller		INFO	sending to transmitter
21-02-2016 06:20:53	Transmitter		INFO	pushing into buff
21-02-2016 06:20:53	DataProcessor		INFO	polling
21-02-2016 06:20:53	CameraInterface		INFO	Read successful
21-02-2016 06:20:53	Controller		INFO	sending to transmitter
21-02-2016 06:20:53	Transmitter		INFO	pushing into buff
21-02-2016 06:20:53	DataProcessor		INFO	polling
21-02-2016 06:20:53	CameraInterface		INFO	Read successful
21-02-2016 06:20:53	Controller		INFO	sending to transmitter
21-02-2016 06:20:53	Transmitter		INFO	pushing into buff
21-02-2016 06:20:53	DataProcessor		INFO	polling
21-02-2016 06:20:53	CameraInterface		INFO	Read successful
21-02-2016 06:20:53	Controller		INFO	sending to transmitter
21-02-2016 06:20:53	Transmitter		INFO	pushing into buff
21-02-2016 06:20:53	DataProcessor		INFO	polling
21-02-2016 06:20:53	CameraInterface		INFO	Read successful
21-02-2016 06:20:53	Controller		INFO	sending to transmitter
21-02-2016 06:20:53	Transmitter		INFO	pushing into buff
21-02-2016 06:20:53	DataProcessor		INFO	polling
21-02-2016 06:20:54	CameraInterface		INFO	Read successful
21-02-2016 06:20:54	Controller		INFO	sending to transmitter
21-02-2016 06:20:54	Transmitter		INFO	pushing into buff
21-02-2016 06:20:54	DataProcessor		INFO	polling
21-02-2016 06:20:54	CameraInterface		INFO	Read successful
21-02-2016 06:20:54	Controller		INFO	sending to transmitter
21-02-2016 06:20:54	Transmitter		INFO	pushing into buff
21-02-2016 06:20:54	DataProcessor		INFO	polling
21-02-2016 06:20:54	CameraInterface		INFO	Read successful
21-02-2016 06:20:54	Controller		INFO	sending to transmitter
21-02-2016 06:20:54	Transmitter		INFO	pushing into buff
21-02-2016 06:20:54	DataProcessor		INFO	polling
21-02-2016 06:20:54	CameraInterface		INFO	Read successful
21-02-2016 06:20:54	Controller		INFO	sending to transmitter
21-02-2016 06:20:54	Transmitter		INFO	pushing into buff
21-02-2016 06:20:54	DataProcessor		INFO	polling
21-02-2016 06:20:54	Transmitter		INFO	sending string: 1235167
