21-02-2016 06:28:52	Main		TRACE	Logger initialized.
21-02-2016 06:28:52	PropertyReader		TRACE	Opening file: settings/settings.txt
21-02-2016 06:28:52	PropertyReader		INFO	File opened: settings/settings.txt
21-02-2016 06:28:52	PropertyReader		INFO	Loading properties file...
21-02-2016 06:28:52	PropertyReader		INFO	Mapped TRACE to LOGGING_LEVEL
21-02-2016 06:28:52	PropertyReader		INFO	Mapped 100 to CAM_BUFFER_SIZE
21-02-2016 06:28:52	PropertyReader		INFO	Mapped 15 to CAM_POLL_FREQUENCY
21-02-2016 06:28:52	PropertyReader		INFO	Mapped 0 to CAM_INDEX
21-02-2016 06:28:52	PropertyReader		DEBUG	Loaded 4 properties successfully
21-02-2016 06:28:52	Controller		INFO	Constructor controller
21-02-2016 06:28:52	Transmitter		INFO	socket retrieve success
21-02-2016 06:28:52	Transmitter		INFO	binding done
21-02-2016 06:28:52	Transmitter		INFO	done listening
21-02-2016 06:29:01	Transmitter		INFO	accepting
21-02-2016 06:29:01	Main		TRACE	intializing controller
21-02-2016 06:29:01	Controller		INFO	Initializing Controller
21-02-2016 06:29:01	Main		TRACE	initializing dataprocessor
21-02-2016 06:29:01	CameraInterface		INFO	Initializing camera
21-02-2016 06:29:01	CameraInterface		INFO	Opening video capture stream at position 0
21-02-2016 06:29:01	ControllerThread		INFO	Starting Controller Thread execution loop
21-02-2016 06:29:01	Receiver		INFO	Starting Receiver Thread execution loop
21-02-2016 06:29:01	Transmitter		INFO	Starting Receiver Thread execution loop
21-02-2016 06:29:01	Transmitter		INFO	running
21-02-2016 06:29:01	Transmitter		INFO	running
21-02-2016 06:29:01	Transmitter		INFO	running
21-02-2016 06:29:01	Transmitter		INFO	running
21-02-2016 06:29:01	Transmitter		INFO	running
21-02-2016 06:29:01	Transmitter		INFO	running
21-02-2016 06:29:01	Transmitter		INFO	running
21-02-2016 06:29:01	Transmitter		INFO	running
21-02-2016 06:29:01	Transmitter		INFO	running
21-02-2016 06:29:01	Transmitter		INFO	running
21-02-2016 06:29:01	Transmitter		INFO	running
21-02-2016 06:29:01	Transmitter		INFO	running
21-02-2016 06:29:01	Transmitter		INFO	running
21-02-2016 06:29:01	Transmitter		INFO	running
21-02-2016 06:29:01	Transmitter		INFO	running
21-02-2016 06:29:01	Transmitter		INFO	running
21-02-2016 06:29:01	Transmitter		INFO	running
21-02-2016 06:29:01	Transmitter		INFO	running
21-02-2016 06:29:01	Transmitter		INFO	running
21-02-2016 06:29:01	Transmitter		INFO	running
21-02-2016 06:29:01	Transmitter		INFO	running
21-02-2016 06:29:01	Transmitter		INFO	running
21-02-2016 06:29:01	Transmitter		INFO	running
21-02-2016 06:29:01	Transmitter		INFO	running
21-02-2016 06:29:01	Transmitter		INFO	running
21-02-2016 06:29:01	Transmitter		INFO	running
21-02-2016 06:29:01	Transmitter		INFO	running
21-02-2016 06:29:01	Transmitter		INFO	running
21-02-2016 06:29:01	Transmitter		INFO	running
21-02-2016 06:29:01	Transmitter		INFO	running
21-02-2016 06:29:01	Transmitter		INFO	running
21-02-2016 06:29:01	Transmitter		INFO	running
21-02-2016 06:29:01	Transmitter		INFO	running
21-02-2016 06:29:01	Transmitter		INFO	running
21-02-2016 06:29:01	Transmitter		INFO	running
21-02-2016 06:29:01	Transmitter		INFO	running
21-02-2016 06:29:01	Transmitter		INFO	running
21-02-2016 06:29:01	Transmitter		INFO	running
21-02-2016 06:29:01	Transmitter		INFO	running
21-02-2016 06:29:01	Transmitter		INFO	running
21-02-2016 06:29:01	Transmitter		INFO	running
21-02-2016 06:29:01	Transmitter		INFO	running
21-02-2016 06:29:01	Transmitter		INFO	running
21-02-2016 06:29:01	Transmitter		INFO	running
21-02-2016 06:29:01	Transmitter		INFO	running
21-02-2016 06:29:01	Transmitter		INFO	running
21-02-2016 06:29:01	Transmitter		INFO	running
21-02-2016 06:29:01	Transmitter		INFO	running
21-02-2016 06:29:01	Transmitter		INFO	running
21-02-2016 06:29:01	Transmitter		INFO	running
21-02-2016 06:29:01	Transmitter		INFO	running
21-02-2016 06:29:01	Transmitter		INFO	running
21-02-2016 06:29:01	Transmitter		INFO	running
21-02-2016 06:29:01	Transmitter		INFO	running
21-02-2016 06:29:01	Transmitter		INFO	running
21-02-2016 06:29:01	Transmitter		INFO	running
21-02-2016 06:29:01	Transmitter		INFO	running
21-02-2016 06:29:01	Transmitter		INFO	running
21-02-2016 06:29:01	Transmitter		INFO	running
21-02-2016 06:29:01	Transmitter		INFO	running
21-02-2016 06:29:01	Transmitter		INFO	running
21-02-2016 06:29:01	Transmitter		INFO	running
21-02-2016 06:29:01	Transmitter		INFO	running
21-02-2016 06:29:01	Main		TRACE	running controller
21-02-2016 06:29:01	Transmitter		INFO	running
21-02-2016 06:29:01	DataProcessor		INFO	polling
21-02-2016 06:29:01	Transmitter		INFO	running
21-02-2016 06:29:01	Transmitter		INFO	running
21-02-2016 06:29:01	Transmitter		INFO	running
21-02-2016 06:29:01	Transmitter		INFO	running
21-02-2016 06:29:01	Transmitter		INFO	running
21-02-2016 06:29:01	Transmitter		INFO	running
21-02-2016 06:29:01	Transmitter		INFO	running
21-02-2016 06:29:01	Transmitter		INFO	running
21-02-2016 06:29:01	Transmitter		INFO	running
21-02-2016 06:29:01	Transmitter		INFO	running
21-02-2016 06:29:01	Transmitter		INFO	running
21-02-2016 06:29:01	Transmitter		INFO	running
21-02-2016 06:29:01	Transmitter		INFO	running
21-02-2016 06:29:01	Transmitter		INFO	running
21-02-2016 06:29:01	Transmitter		INFO	running
21-02-2016 06:29:01	Transmitter		INFO	running
21-02-2016 06:29:01	Transmitter		INFO	running
21-02-2016 06:29:01	Transmitter		INFO	running
21-02-2016 06:29:01	Transmitter		INFO	running
21-02-2016 06:29:01	Transmitter		INFO	running
21-02-2016 06:29:01	Transmitter		INFO	running
21-02-2016 06:29:01	Transmitter		INFO	running
21-02-2016 06:29:01	Transmitter		INFO	running
21-02-2016 06:29:01	Transmitter		INFO	running
21-02-2016 06:29:01	Transmitter		INFO	running
21-02-2016 06:29:01	Transmitter		INFO	running
21-02-2016 06:29:01	Transmitter		INFO	running
21-02-2016 06:29:01	Transmitter		INFO	running
21-02-2016 06:29:01	Transmitter		INFO	running
21-02-2016 06:29:01	Transmitter		INFO	running
21-02-2016 06:29:01	Transmitter		INFO	running
21-02-2016 06:29:01	Transmitter		INFO	running
21-02-2016 06:29:01	Transmitter		INFO	running
21-02-2016 06:29:01	Transmitter		INFO	running
21-02-2016 06:29:01	Transmitter		INFO	running
21-02-2016 06:29:01	Transmitter		INFO	running
21-02-2016 06:29:01	Transmitter		INFO	running
21-02-2016 06:29:01	Transmitter		INFO	running
21-02-2016 06:29:01	Transmitter		INFO	running
21-02-2016 06:29:01	Transmitter		INFO	running
21-02-2016 06:29:01	Transmitter		INFO	running
21-02-2016 06:29:01	Transmitter		INFO	running
21-02-2016 06:29:01	Transmitter		INFO	running
21-02-2016 06:29:01	Transmitter		INFO	running
21-02-2016 06:29:01	Transmitter		INFO	running
21-02-2016 06:29:01	Transmitter		INFO	running
21-02-2016 06:29:01	Transmitter		INFO	running
21-02-2016 06:29:01	Transmitter		INFO	running
21-02-2016 06:29:01	Transmitter		INFO	running
21-02-2016 06:29:01	Transmitter		INFO	running
21-02-2016 06:29:01	Transmitter		INFO	running
21-02-2016 06:29:01	Transmitter		INFO	running
21-02-2016 06:29:01	Transmitter		INFO	running
21-02-2016 06:29:01	Transmitter		INFO	running
21-02-2016 06:29:01	Transmitter		INFO	running
21-02-2016 06:29:02	Transmitter		INFO	running
21-02-2016 06:29:02	Transmitter		INFO	running
21-02-2016 06:29:02	Transmitter		INFO	running
21-02-2016 06:29:02	Transmitter		INFO	running
21-02-2016 06:29:02	Transmitter		INFO	running
21-02-2016 06:29:02	Transmitter		INFO	running
21-02-2016 06:29:02	Transmitter		INFO	running
21-02-2016 06:29:02	Transmitter		INFO	running
21-02-2016 06:29:02	Transmitter		INFO	running
21-02-2016 06:29:02	Transmitter		INFO	running
21-02-2016 06:29:02	Transmitter		INFO	running
21-02-2016 06:29:02	Transmitter		INFO	running
21-02-2016 06:29:02	Transmitter		INFO	running
21-02-2016 06:29:02	Transmitter		INFO	running
21-02-2016 06:29:02	Transmitter		INFO	running
21-02-2016 06:29:02	Transmitter		INFO	running
21-02-2016 06:29:02	Transmitter		INFO	running
21-02-2016 06:29:02	Transmitter		INFO	running
21-02-2016 06:29:02	Transmitter		INFO	running
21-02-2016 06:29:02	Transmitter		INFO	running
21-02-2016 06:29:02	Transmitter		INFO	running
21-02-2016 06:29:02	Transmitter		INFO	running
21-02-2016 06:29:02	Transmitter		INFO	running
21-02-2016 06:29:02	Transmitter		INFO	running
21-02-2016 06:29:02	Transmitter		INFO	running
21-02-2016 06:29:02	Transmitter		INFO	running
21-02-2016 06:29:02	Transmitter		INFO	running
21-02-2016 06:29:02	Transmitter		INFO	running
21-02-2016 06:29:02	CameraInterface		INFO	Read successful
21-02-2016 06:29:02	Transmitter		INFO	running
21-02-2016 06:29:02	Controller		INFO	sending to transmitter
21-02-2016 06:29:02	Transmitter		INFO	pushing into buff
21-02-2016 06:29:02	Transmitter		INFO	running
21-02-2016 06:29:02	Transmitter		INFO	getting from buffer
21-02-2016 06:29:02	DataProcessor		INFO	polling
21-02-2016 06:29:02	CameraInterface		INFO	Read successful
21-02-2016 06:29:02	Controller		INFO	sending to transmitter
21-02-2016 06:29:02	Transmitter		INFO	pushing into buff
21-02-2016 06:29:02	DataProcessor		INFO	polling
21-02-2016 06:29:02	CameraInterface		INFO	Read successful
21-02-2016 06:29:02	Controller		INFO	sending to transmitter
21-02-2016 06:29:02	Transmitter		INFO	pushing into buff
21-02-2016 06:29:02	DataProcessor		INFO	polling
21-02-2016 06:29:02	CameraInterface		INFO	Read successful
21-02-2016 06:29:02	Controller		INFO	sending to transmitter
21-02-2016 06:29:03	Transmitter		INFO	pushing into buff
21-02-2016 06:29:03	DataProcessor		INFO	polling
21-02-2016 06:29:03	CameraInterface		INFO	Read successful
21-02-2016 06:29:03	Controller		INFO	sending to transmitter
21-02-2016 06:29:03	Transmitter		INFO	pushing into buff
21-02-2016 06:29:03	DataProcessor		INFO	polling
21-02-2016 06:29:03	CameraInterface		INFO	Read successful
21-02-2016 06:29:03	Controller		INFO	sending to transmitter
21-02-2016 06:29:03	Transmitter		INFO	pushing into buff
21-02-2016 06:29:03	DataProcessor		INFO	polling
21-02-2016 06:29:03	CameraInterface		INFO	Read successful
21-02-2016 06:29:03	Controller		INFO	sending to transmitter
21-02-2016 06:29:03	Transmitter		INFO	pushing into buff
21-02-2016 06:29:03	DataProcessor		INFO	polling
21-02-2016 06:29:03	CameraInterface		INFO	Read successful
21-02-2016 06:29:03	Controller		INFO	sending to transmitter
21-02-2016 06:29:03	Transmitter		INFO	pushing into buff
21-02-2016 06:29:03	DataProcessor		INFO	polling
21-02-2016 06:29:04	CameraInterface		INFO	Read successful
21-02-2016 06:29:04	Controller		INFO	sending to transmitter
21-02-2016 06:29:04	Transmitter		INFO	pushing into buff
21-02-2016 06:29:04	DataProcessor		INFO	polling
21-02-2016 06:29:04	CameraInterface		INFO	Read successful
21-02-2016 06:29:04	Controller		INFO	sending to transmitter
21-02-2016 06:29:04	Transmitter		INFO	pushing into buff
21-02-2016 06:29:04	DataProcessor		INFO	polling
21-02-2016 06:29:04	CameraInterface		INFO	Read successful
21-02-2016 06:29:04	Controller		INFO	sending to transmitter
21-02-2016 06:29:04	Transmitter		INFO	pushing into buff
21-02-2016 06:29:04	DataProcessor		INFO	polling
21-02-2016 06:29:04	CameraInterface		INFO	Read successful
21-02-2016 06:29:04	Controller		INFO	sending to transmitter
21-02-2016 06:29:04	Transmitter		INFO	pushing into buff
21-02-2016 06:29:04	DataProcessor		INFO	polling
21-02-2016 06:29:04	CameraInterface		INFO	Read successful
21-02-2016 06:29:04	Controller		INFO	sending to transmitter
21-02-2016 06:29:04	Transmitter		INFO	pushing into buff
21-02-2016 06:29:04	DataProcessor		INFO	polling
21-02-2016 06:29:05	CameraInterface		INFO	Read successful
21-02-2016 06:29:05	Controller		INFO	sending to transmitter
21-02-2016 06:29:05	Transmitter		INFO	pushing into buff
21-02-2016 06:29:05	DataProcessor		INFO	polling
21-02-2016 06:29:05	CameraInterface		INFO	Read successful
21-02-2016 06:29:05	Controller		INFO	sending to transmitter
21-02-2016 06:29:05	Transmitter		INFO	pushing into buff
21-02-2016 06:29:05	DataProcessor		INFO	polling
21-02-2016 06:29:05	CameraInterface		INFO	Read successful
21-02-2016 06:29:05	Controller		INFO	sending to transmitter
21-02-2016 06:29:05	Transmitter		INFO	pushing into buff
21-02-2016 06:29:05	DataProcessor		INFO	polling
21-02-2016 06:29:05	CameraInterface		INFO	Read successful
21-02-2016 06:29:05	Controller		INFO	sending to transmitter
21-02-2016 06:29:05	Transmitter		INFO	pushing into buff
21-02-2016 06:29:05	DataProcessor		INFO	polling
21-02-2016 06:29:06	CameraInterface		INFO	Read successful
21-02-2016 06:29:06	Controller		INFO	sending to transmitter
21-02-2016 06:29:06	Transmitter		INFO	pushing into buff
21-02-2016 06:29:06	DataProcessor		INFO	polling
21-02-2016 06:29:06	CameraInterface		INFO	Read successful
21-02-2016 06:29:06	Controller		INFO	sending to transmitter
21-02-2016 06:29:06	Transmitter		INFO	pushing into buff
21-02-2016 06:29:06	DataProcessor		INFO	polling
21-02-2016 06:29:06	CameraInterface		INFO	Read successful
21-02-2016 06:29:06	Controller		INFO	sending to transmitter
21-02-2016 06:29:06	Transmitter		INFO	pushing into buff
21-02-2016 06:29:06	DataProcessor		INFO	polling
21-02-2016 06:29:06	CameraInterface		INFO	Read successful
21-02-2016 06:29:06	Controller		INFO	sending to transmitter
21-02-2016 06:29:06	Transmitter		INFO	pushing into buff
21-02-2016 06:29:06	DataProcessor		INFO	polling
21-02-2016 06:29:06	CameraInterface		INFO	Read successful
21-02-2016 06:29:06	Controller		INFO	sending to transmitter
21-02-2016 06:29:07	Transmitter		INFO	pushing into buff
21-02-2016 06:29:07	DataProcessor		INFO	polling
21-02-2016 06:29:07	CameraInterface		INFO	Read successful
21-02-2016 06:29:07	Controller		INFO	sending to transmitter
21-02-2016 06:29:07	Transmitter		INFO	pushing into buff
21-02-2016 06:29:07	DataProcessor		INFO	polling
21-02-2016 06:29:07	Transmitter		INFO	sending string: 103597
21-02-2016 06:29:07	CameraInterface		INFO	Read successful
21-02-2016 06:29:07	Controller		INFO	sending to transmitter
21-02-2016 06:29:07	Transmitter		INFO	pushing into buff
21-02-2016 06:29:07	DataProcessor		INFO	polling
21-02-2016 06:29:07	Transmitter		INFO	running
21-02-2016 06:29:07	Transmitter		INFO	getting from buffer
21-02-2016 06:29:07	CameraInterface		INFO	Read successful
21-02-2016 06:29:07	Controller		INFO	sending to transmitter
21-02-2016 06:29:07	Transmitter		INFO	pushing into buff
21-02-2016 06:29:07	DataProcessor		INFO	polling
21-02-2016 06:29:07	CameraInterface		INFO	Read successful
21-02-2016 06:29:08	Controller		INFO	sending to transmitter
21-02-2016 06:29:08	Transmitter		INFO	pushing into buff
21-02-2016 06:29:08	DataProcessor		INFO	polling
21-02-2016 06:29:08	CameraInterface		INFO	Read successful
21-02-2016 06:29:08	Controller		INFO	sending to transmitter
21-02-2016 06:29:08	Transmitter		INFO	pushing into buff
21-02-2016 06:29:08	DataProcessor		INFO	polling
21-02-2016 06:29:08	CameraInterface		INFO	Read successful
21-02-2016 06:29:08	Controller		INFO	sending to transmitter
21-02-2016 06:29:08	Transmitter		INFO	pushing into buff
21-02-2016 06:29:08	DataProcessor		INFO	polling
21-02-2016 06:29:08	CameraInterface		INFO	Read successful
21-02-2016 06:29:08	Controller		INFO	sending to transmitter
21-02-2016 06:29:08	Transmitter		INFO	pushing into buff
21-02-2016 06:29:08	DataProcessor		INFO	polling
21-02-2016 06:29:08	CameraInterface		INFO	Read successful
21-02-2016 06:29:08	Controller		INFO	sending to transmitter
21-02-2016 06:29:08	Transmitter		INFO	pushing into buff
21-02-2016 06:29:08	DataProcessor		INFO	polling
21-02-2016 06:29:09	CameraInterface		INFO	Read successful
21-02-2016 06:29:09	Controller		INFO	sending to transmitter
21-02-2016 06:29:09	Transmitter		INFO	pushing into buff
21-02-2016 06:29:09	DataProcessor		INFO	polling
21-02-2016 06:29:09	CameraInterface		INFO	Read successful
21-02-2016 06:29:09	Controller		INFO	sending to transmitter
21-02-2016 06:29:09	Transmitter		INFO	pushing into buff
21-02-2016 06:29:09	DataProcessor		INFO	polling
21-02-2016 06:29:09	CameraInterface		INFO	Read successful
21-02-2016 06:29:09	Controller		INFO	sending to transmitter
21-02-2016 06:29:09	Transmitter		INFO	pushing into buff
21-02-2016 06:29:09	DataProcessor		INFO	polling
21-02-2016 06:29:10	CameraInterface		INFO	Read successful
21-02-2016 06:29:10	Controller		INFO	sending to transmitter
21-02-2016 06:29:10	Transmitter		INFO	pushing into buff
21-02-2016 06:29:10	DataProcessor		INFO	polling
21-02-2016 06:29:10	CameraInterface		INFO	Read successful
21-02-2016 06:29:10	Controller		INFO	sending to transmitter
21-02-2016 06:29:10	Transmitter		INFO	pushing into buff
21-02-2016 06:29:10	DataProcessor		INFO	polling
21-02-2016 06:29:10	CameraInterface		INFO	Read successful
21-02-2016 06:29:10	Controller		INFO	sending to transmitter
21-02-2016 06:29:10	Transmitter		INFO	pushing into buff
21-02-2016 06:29:10	DataProcessor		INFO	polling
21-02-2016 06:29:10	CameraInterface		INFO	Read successful
21-02-2016 06:29:10	Controller		INFO	sending to transmitter
21-02-2016 06:29:10	Transmitter		INFO	pushing into buff
21-02-2016 06:29:10	DataProcessor		INFO	polling
21-02-2016 06:29:10	CameraInterface		INFO	Read successful
21-02-2016 06:29:10	Controller		INFO	sending to transmitter
21-02-2016 06:29:10	Transmitter		INFO	pushing into buff
21-02-2016 06:29:10	DataProcessor		INFO	polling
21-02-2016 06:29:11	CameraInterface		INFO	Read successful
21-02-2016 06:29:11	Controller		INFO	sending to transmitter
21-02-2016 06:29:11	Transmitter		INFO	pushing into buff
21-02-2016 06:29:11	DataProcessor		INFO	polling
21-02-2016 06:29:11	CameraInterface		INFO	Read successful
21-02-2016 06:29:11	Controller		INFO	sending to transmitter
21-02-2016 06:29:11	Transmitter		INFO	pushing into buff
21-02-2016 06:29:11	DataProcessor		INFO	polling
21-02-2016 06:29:11	CameraInterface		INFO	Read successful
21-02-2016 06:29:11	Controller		INFO	sending to transmitter
21-02-2016 06:29:11	Transmitter		INFO	pushing into buff
21-02-2016 06:29:11	DataProcessor		INFO	polling
21-02-2016 06:29:11	CameraInterface		INFO	Read successful
21-02-2016 06:29:11	Controller		INFO	sending to transmitter
21-02-2016 06:29:11	Transmitter		INFO	pushing into buff
21-02-2016 06:29:11	DataProcessor		INFO	polling
21-02-2016 06:29:12	CameraInterface		INFO	Read successful
21-02-2016 06:29:12	Controller		INFO	sending to transmitter
21-02-2016 06:29:12	Transmitter		INFO	pushing into buff
21-02-2016 06:29:12	DataProcessor		INFO	polling
21-02-2016 06:29:12	CameraInterface		INFO	Read successful
21-02-2016 06:29:12	Controller		INFO	sending to transmitter
21-02-2016 06:29:12	Transmitter		INFO	pushing into buff
21-02-2016 06:29:12	DataProcessor		INFO	polling
21-02-2016 06:29:12	CameraInterface		INFO	Read successful
21-02-2016 06:29:12	Controller		INFO	sending to transmitter
21-02-2016 06:29:12	Transmitter		INFO	pushing into buff
21-02-2016 06:29:12	DataProcessor		INFO	polling
21-02-2016 06:29:12	CameraInterface		INFO	Read successful
21-02-2016 06:29:12	Controller		INFO	sending to transmitter
21-02-2016 06:29:12	Transmitter		INFO	pushing into buff
21-02-2016 06:29:12	DataProcessor		INFO	polling
21-02-2016 06:29:12	CameraInterface		INFO	Read successful
21-02-2016 06:29:12	Controller		INFO	sending to transmitter
21-02-2016 06:29:12	Transmitter		INFO	pushing into buff
21-02-2016 06:29:12	DataProcessor		INFO	polling
21-02-2016 06:29:13	CameraInterface		INFO	Read successful
21-02-2016 06:29:13	Controller		INFO	sending to transmitter
21-02-2016 06:29:13	Transmitter		INFO	pushing into buff
21-02-2016 06:29:13	DataProcessor		INFO	polling
21-02-2016 06:29:13	CameraInterface		INFO	Read successful
21-02-2016 06:29:13	Controller		INFO	sending to transmitter
21-02-2016 06:29:13	Transmitter		INFO	pushing into buff
21-02-2016 06:29:13	DataProcessor		INFO	polling
21-02-2016 06:29:13	CameraInterface		INFO	Read successful
21-02-2016 06:29:13	Controller		INFO	sending to transmitter
21-02-2016 06:29:13	Transmitter		INFO	pushing into buff
21-02-2016 06:29:13	DataProcessor		INFO	polling
21-02-2016 06:29:13	CameraInterface		INFO	Read successful
21-02-2016 06:29:13	Controller		INFO	sending to transmitter
21-02-2016 06:29:13	Transmitter		INFO	pushing into buff
21-02-2016 06:29:13	DataProcessor		INFO	polling
21-02-2016 06:29:13	CameraInterface		INFO	Read successful
21-02-2016 06:29:13	Controller		INFO	sending to transmitter
21-02-2016 06:29:13	Transmitter		INFO	pushing into buff
21-02-2016 06:29:13	DataProcessor		INFO	polling
21-02-2016 06:29:14	CameraInterface		INFO	Read successful
21-02-2016 06:29:14	Controller		INFO	sending to transmitter
21-02-2016 06:29:14	Transmitter		INFO	pushing into buff
21-02-2016 06:29:14	DataProcessor		INFO	polling
21-02-2016 06:29:14	CameraInterface		INFO	Read successful
21-02-2016 06:29:14	Controller		INFO	sending to transmitter
21-02-2016 06:29:14	Transmitter		INFO	pushing into buff
21-02-2016 06:29:14	DataProcessor		INFO	polling
21-02-2016 06:29:14	CameraInterface		INFO	Read successful
21-02-2016 06:29:14	Controller		INFO	sending to transmitter
21-02-2016 06:29:14	Transmitter		INFO	pushing into buff
21-02-2016 06:29:14	DataProcessor		INFO	polling
21-02-2016 06:29:14	CameraInterface		INFO	Read successful
21-02-2016 06:29:14	Controller		INFO	sending to transmitter
21-02-2016 06:29:14	Transmitter		INFO	pushing into buff
21-02-2016 06:29:14	DataProcessor		INFO	polling
21-02-2016 06:29:15	CameraInterface		INFO	Read successful
21-02-2016 06:29:15	Controller		INFO	sending to transmitter
21-02-2016 06:29:15	Transmitter		INFO	pushing into buff
21-02-2016 06:29:15	DataProcessor		INFO	polling
