20-02-2016 07:14:22	Main		TRACE	Logger initialized.
20-02-2016 07:14:22	PropertyReader		TRACE	Opening file: settings/settings.txt
20-02-2016 07:14:22	PropertyReader		INFO	File opened: settings/settings.txt
20-02-2016 07:14:22	PropertyReader		INFO	Loading properties file...
20-02-2016 07:14:22	PropertyReader		INFO	Mapped TRACE to LOGGING_LEVEL
20-02-2016 07:14:22	PropertyReader		INFO	Mapped 100 to CAM_BUFFER_SIZE
20-02-2016 07:14:22	PropertyReader		INFO	Mapped 15 to CAM_POLL_FREQUENCY
20-02-2016 07:14:22	PropertyReader		INFO	Mapped 0 to CAM_INDEX
20-02-2016 07:14:22	PropertyReader		DEBUG	Loaded 4 properties successfully
20-02-2016 07:14:22	Controller		INFO	Constructor controller
20-02-2016 07:14:22	Transmitter		INFO	socket retrieve success
20-02-2016 07:14:22	Transmitter		INFO	binding done
20-02-2016 07:14:22	Transmitter		INFO	done listening
20-02-2016 07:16:02	Transmitter		INFO	accepting
20-02-2016 07:16:02	Main		TRACE	intializing controller
20-02-2016 07:16:02	Controller		INFO	Initializing Controller
20-02-2016 07:16:02	Main		TRACE	initializing dataprocessor
20-02-2016 07:16:02	CameraInterface		INFO	Initializing camera
20-02-2016 07:16:02	CameraInterface		INFO	Opening video capture stream at position 0
20-02-2016 07:16:02	Transmitter		INFO	Starting Receiver Thread execution loop
20-02-2016 07:16:02	Transmitter		INFO	running
20-02-2016 07:16:02	Receiver		INFO	Starting Receiver Thread execution loop
20-02-2016 07:16:02	ControllerThread		INFO	Starting Controller Thread execution loop
20-02-2016 07:16:02	Transmitter		INFO	running
20-02-2016 07:16:02	Transmitter		INFO	running
20-02-2016 07:16:02	Transmitter		INFO	running
20-02-2016 07:16:02	Transmitter		INFO	running
20-02-2016 07:16:02	Transmitter		INFO	running
20-02-2016 07:16:02	Transmitter		INFO	running
20-02-2016 07:16:02	Transmitter		INFO	running
20-02-2016 07:16:02	Transmitter		INFO	running
20-02-2016 07:16:02	Transmitter		INFO	running
20-02-2016 07:16:02	Transmitter		INFO	running
20-02-2016 07:16:02	Transmitter		INFO	running
20-02-2016 07:16:02	Transmitter		INFO	running
20-02-2016 07:16:02	Transmitter		INFO	running
20-02-2016 07:16:02	Transmitter		INFO	running
20-02-2016 07:16:02	Transmitter		INFO	running
20-02-2016 07:16:02	Transmitter		INFO	running
20-02-2016 07:16:02	Transmitter		INFO	running
20-02-2016 07:16:02	Transmitter		INFO	running
20-02-2016 07:16:02	Transmitter		INFO	running
20-02-2016 07:16:02	Transmitter		INFO	running
20-02-2016 07:16:02	Transmitter		INFO	running
20-02-2016 07:16:02	Transmitter		INFO	running
20-02-2016 07:16:02	Transmitter		INFO	running
20-02-2016 07:16:02	Transmitter		INFO	running
20-02-2016 07:16:02	Transmitter		INFO	running
20-02-2016 07:16:02	Transmitter		INFO	running
20-02-2016 07:16:02	Transmitter		INFO	running
20-02-2016 07:16:02	Transmitter		INFO	running
20-02-2016 07:16:02	Transmitter		INFO	running
20-02-2016 07:16:02	Transmitter		INFO	running
20-02-2016 07:16:02	Transmitter		INFO	running
20-02-2016 07:16:02	Transmitter		INFO	running
20-02-2016 07:16:02	Transmitter		INFO	running
20-02-2016 07:16:02	Transmitter		INFO	running
20-02-2016 07:16:02	Transmitter		INFO	running
20-02-2016 07:16:02	Main		TRACE	running controller
20-02-2016 07:16:02	Transmitter		INFO	running
20-02-2016 07:16:02	DataProcessor		INFO	polling
20-02-2016 07:16:02	Transmitter		INFO	running
20-02-2016 07:16:02	Transmitter		INFO	running
20-02-2016 07:16:02	Transmitter		INFO	running
20-02-2016 07:16:02	Transmitter		INFO	running
20-02-2016 07:16:02	Transmitter		INFO	running
20-02-2016 07:16:02	Transmitter		INFO	running
20-02-2016 07:16:02	Transmitter		INFO	running
20-02-2016 07:16:02	Transmitter		INFO	running
20-02-2016 07:16:02	Transmitter		INFO	running
20-02-2016 07:16:02	Transmitter		INFO	running
20-02-2016 07:16:02	Transmitter		INFO	running
20-02-2016 07:16:02	Transmitter		INFO	running
20-02-2016 07:16:02	Transmitter		INFO	running
20-02-2016 07:16:02	Transmitter		INFO	running
20-02-2016 07:16:02	Transmitter		INFO	running
20-02-2016 07:16:02	Transmitter		INFO	running
20-02-2016 07:16:02	Transmitter		INFO	running
20-02-2016 07:16:02	Transmitter		INFO	running
20-02-2016 07:16:02	Transmitter		INFO	running
20-02-2016 07:16:02	Transmitter		INFO	running
20-02-2016 07:16:02	Transmitter		INFO	running
20-02-2016 07:16:02	Transmitter		INFO	running
20-02-2016 07:16:02	Transmitter		INFO	running
20-02-2016 07:16:02	Transmitter		INFO	running
20-02-2016 07:16:02	Transmitter		INFO	running
20-02-2016 07:16:02	Transmitter		INFO	running
20-02-2016 07:16:02	Transmitter		INFO	running
20-02-2016 07:16:02	Transmitter		INFO	running
20-02-2016 07:16:02	Transmitter		INFO	running
20-02-2016 07:16:02	Transmitter		INFO	running
20-02-2016 07:16:02	Transmitter		INFO	running
20-02-2016 07:16:02	Transmitter		INFO	running
20-02-2016 07:16:02	Transmitter		INFO	running
20-02-2016 07:16:02	Transmitter		INFO	running
20-02-2016 07:16:02	Transmitter		INFO	running
20-02-2016 07:16:02	Transmitter		INFO	running
20-02-2016 07:16:02	Transmitter		INFO	running
20-02-2016 07:16:02	Transmitter		INFO	running
20-02-2016 07:16:02	Transmitter		INFO	running
20-02-2016 07:16:02	Transmitter		INFO	running
20-02-2016 07:16:02	Transmitter		INFO	running
20-02-2016 07:16:03	Transmitter		INFO	running
20-02-2016 07:16:03	Transmitter		INFO	running
20-02-2016 07:16:03	Transmitter		INFO	running
20-02-2016 07:16:03	Transmitter		INFO	running
20-02-2016 07:16:03	Transmitter		INFO	running
20-02-2016 07:16:03	Transmitter		INFO	running
20-02-2016 07:16:03	Transmitter		INFO	running
20-02-2016 07:16:03	Transmitter		INFO	running
20-02-2016 07:16:03	Transmitter		INFO	running
20-02-2016 07:16:03	Transmitter		INFO	running
20-02-2016 07:16:03	Transmitter		INFO	running
20-02-2016 07:16:03	Transmitter		INFO	running
20-02-2016 07:16:03	Transmitter		INFO	running
20-02-2016 07:16:03	Transmitter		INFO	running
20-02-2016 07:16:03	Transmitter		INFO	running
20-02-2016 07:16:03	Transmitter		INFO	running
20-02-2016 07:16:03	Transmitter		INFO	running
20-02-2016 07:16:03	Transmitter		INFO	running
20-02-2016 07:16:03	Transmitter		INFO	running
20-02-2016 07:16:03	Transmitter		INFO	running
20-02-2016 07:16:03	Transmitter		INFO	running
20-02-2016 07:16:03	Transmitter		INFO	running
20-02-2016 07:16:03	Transmitter		INFO	running
20-02-2016 07:16:03	Transmitter		INFO	running
20-02-2016 07:16:03	Transmitter		INFO	running
20-02-2016 07:16:03	Transmitter		INFO	running
20-02-2016 07:16:03	Transmitter		INFO	running
20-02-2016 07:16:03	Transmitter		INFO	running
20-02-2016 07:16:03	Transmitter		INFO	running
20-02-2016 07:16:03	Transmitter		INFO	running
20-02-2016 07:16:03	Transmitter		INFO	running
20-02-2016 07:16:03	Transmitter		INFO	running
20-02-2016 07:16:03	Transmitter		INFO	running
20-02-2016 07:16:03	Transmitter		INFO	running
20-02-2016 07:16:03	Transmitter		INFO	running
20-02-2016 07:16:03	Transmitter		INFO	running
20-02-2016 07:16:03	Transmitter		INFO	running
20-02-2016 07:16:03	Transmitter		INFO	running
20-02-2016 07:16:03	Transmitter		INFO	running
20-02-2016 07:16:03	Transmitter		INFO	running
20-02-2016 07:16:03	Transmitter		INFO	running
20-02-2016 07:16:03	Transmitter		INFO	running
20-02-2016 07:16:03	Transmitter		INFO	running
20-02-2016 07:16:03	Transmitter		INFO	running
20-02-2016 07:16:03	Transmitter		INFO	running
20-02-2016 07:16:03	Transmitter		INFO	running
20-02-2016 07:16:03	Transmitter		INFO	running
20-02-2016 07:16:03	Transmitter		INFO	running
20-02-2016 07:16:03	Transmitter		INFO	running
20-02-2016 07:16:03	Transmitter		INFO	running
20-02-2016 07:16:03	Transmitter		INFO	running
20-02-2016 07:16:03	Transmitter		INFO	running
20-02-2016 07:16:03	Transmitter		INFO	running
20-02-2016 07:16:03	Transmitter		INFO	running
20-02-2016 07:16:03	Transmitter		INFO	running
20-02-2016 07:16:03	Transmitter		INFO	running
20-02-2016 07:16:03	Transmitter		INFO	running
20-02-2016 07:16:03	Transmitter		INFO	running
20-02-2016 07:16:03	Transmitter		INFO	running
20-02-2016 07:16:03	Transmitter		INFO	running
20-02-2016 07:16:03	Transmitter		INFO	running
20-02-2016 07:16:03	Transmitter		INFO	running
20-02-2016 07:16:03	Transmitter		INFO	running
20-02-2016 07:16:03	Transmitter		INFO	running
20-02-2016 07:16:03	Transmitter		INFO	running
20-02-2016 07:16:03	Transmitter		INFO	running
20-02-2016 07:16:03	Transmitter		INFO	running
20-02-2016 07:16:03	CameraInterface		INFO	Read successful
20-02-2016 07:16:03	Controller		INFO	sending to transmitter
20-02-2016 07:16:03	Transmitter		INFO	pushing into buff
20-02-2016 07:16:03	DataProcessor		INFO	polling
20-02-2016 07:16:03	Transmitter		INFO	running
20-02-2016 07:16:03	Transmitter		INFO	getting from buffer
20-02-2016 07:16:03	CameraInterface		INFO	Read successful
20-02-2016 07:16:03	Controller		INFO	sending to transmitter
20-02-2016 07:16:03	Transmitter		INFO	pushing into buff
20-02-2016 07:16:03	DataProcessor		INFO	polling
20-02-2016 07:16:03	CameraInterface		INFO	Read successful
20-02-2016 07:16:03	Controller		INFO	sending to transmitter
20-02-2016 07:16:03	Transmitter		INFO	pushing into buff
20-02-2016 07:16:03	DataProcessor		INFO	polling
20-02-2016 07:16:04	CameraInterface		INFO	Read successful
20-02-2016 07:16:04	Controller		INFO	sending to transmitter
20-02-2016 07:16:04	Transmitter		INFO	pushing into buff
20-02-2016 07:16:04	DataProcessor		INFO	polling
20-02-2016 07:16:04	CameraInterface		INFO	Read successful
20-02-2016 07:16:04	Controller		INFO	sending to transmitter
20-02-2016 07:16:04	Transmitter		INFO	pushing into buff
20-02-2016 07:16:04	DataProcessor		INFO	polling
20-02-2016 07:16:04	CameraInterface		INFO	Read successful
20-02-2016 07:16:04	Controller		INFO	sending to transmitter
20-02-2016 07:16:04	Transmitter		INFO	pushing into buff
20-02-2016 07:16:04	DataProcessor		INFO	polling
20-02-2016 07:16:04	CameraInterface		INFO	Read successful
20-02-2016 07:16:04	Controller		INFO	sending to transmitter
20-02-2016 07:16:04	Transmitter		INFO	pushing into buff
20-02-2016 07:16:04	DataProcessor		INFO	polling
20-02-2016 07:16:04	CameraInterface		INFO	Read successful
20-02-2016 07:16:04	Controller		INFO	sending to transmitter
20-02-2016 07:16:04	Transmitter		INFO	pushing into buff
20-02-2016 07:16:04	DataProcessor		INFO	polling
20-02-2016 07:16:05	CameraInterface		INFO	Read successful
20-02-2016 07:16:05	Controller		INFO	sending to transmitter
20-02-2016 07:16:05	Transmitter		INFO	pushing into buff
20-02-2016 07:16:05	DataProcessor		INFO	polling
20-02-2016 07:16:05	CameraInterface		INFO	Read successful
20-02-2016 07:16:05	Controller		INFO	sending to transmitter
20-02-2016 07:16:05	Transmitter		INFO	pushing into buff
20-02-2016 07:16:05	DataProcessor		INFO	polling
20-02-2016 07:16:05	CameraInterface		INFO	Read successful
20-02-2016 07:16:05	Controller		INFO	sending to transmitter
20-02-2016 07:16:05	Transmitter		INFO	pushing into buff
20-02-2016 07:16:05	DataProcessor		INFO	polling
20-02-2016 07:16:05	CameraInterface		INFO	Read successful
20-02-2016 07:16:05	Controller		INFO	sending to transmitter
20-02-2016 07:16:05	Transmitter		INFO	pushing into buff
20-02-2016 07:16:05	DataProcessor		INFO	polling
20-02-2016 07:16:05	CameraInterface		INFO	Read successful
20-02-2016 07:16:05	Controller		INFO	sending to transmitter
20-02-2016 07:16:05	Transmitter		INFO	pushing into buff
20-02-2016 07:16:05	DataProcessor		INFO	polling
20-02-2016 07:16:05	Transmitter		INFO	sending string
20-02-2016 07:16:05	Transmitter		INFO	running
20-02-2016 07:16:05	Transmitter		INFO	getting from buffer
20-02-2016 07:16:06	CameraInterface		INFO	Read successful
20-02-2016 07:16:06	Controller		INFO	sending to transmitter
20-02-2016 07:16:06	Transmitter		INFO	pushing into buff
20-02-2016 07:16:06	DataProcessor		INFO	polling
20-02-2016 07:16:06	CameraInterface		INFO	Read successful
20-02-2016 07:16:06	Controller		INFO	sending to transmitter
20-02-2016 07:16:06	Transmitter		INFO	pushing into buff
20-02-2016 07:16:06	DataProcessor		INFO	polling
20-02-2016 07:16:06	CameraInterface		INFO	Read successful
20-02-2016 07:16:06	Controller		INFO	sending to transmitter
20-02-2016 07:16:06	Transmitter		INFO	pushing into buff
20-02-2016 07:16:06	DataProcessor		INFO	polling
20-02-2016 07:16:06	CameraInterface		INFO	Read successful
20-02-2016 07:16:06	Controller		INFO	sending to transmitter
20-02-2016 07:16:06	Transmitter		INFO	pushing into buff
20-02-2016 07:16:06	DataProcessor		INFO	polling
20-02-2016 07:16:07	CameraInterface		INFO	Read successful
20-02-2016 07:16:07	Controller		INFO	sending to transmitter
20-02-2016 07:16:07	Transmitter		INFO	pushing into buff
20-02-2016 07:16:07	DataProcessor		INFO	polling
20-02-2016 07:16:07	CameraInterface		INFO	Read successful
20-02-2016 07:16:07	Controller		INFO	sending to transmitter
20-02-2016 07:16:07	Transmitter		INFO	pushing into buff
20-02-2016 07:16:07	DataProcessor		INFO	polling
20-02-2016 07:16:07	CameraInterface		INFO	Read successful
20-02-2016 07:16:07	Controller		INFO	sending to transmitter
20-02-2016 07:16:07	Transmitter		INFO	pushing into buff
20-02-2016 07:16:07	DataProcessor		INFO	polling
20-02-2016 07:16:07	CameraInterface		INFO	Read successful
20-02-2016 07:16:07	Controller		INFO	sending to transmitter
20-02-2016 07:16:07	Transmitter		INFO	pushing into buff
20-02-2016 07:16:07	DataProcessor		INFO	polling
20-02-2016 07:16:08	CameraInterface		INFO	Read successful
20-02-2016 07:16:08	Controller		INFO	sending to transmitter
20-02-2016 07:16:08	Transmitter		INFO	pushing into buff
20-02-2016 07:16:08	DataProcessor		INFO	polling
20-02-2016 07:16:08	CameraInterface		INFO	Read successful
20-02-2016 07:16:08	Controller		INFO	sending to transmitter
20-02-2016 07:16:08	Transmitter		INFO	pushing into buff
20-02-2016 07:16:08	DataProcessor		INFO	polling
20-02-2016 07:16:08	CameraInterface		INFO	Read successful
20-02-2016 07:16:08	Controller		INFO	sending to transmitter
20-02-2016 07:16:08	Transmitter		INFO	pushing into buff
20-02-2016 07:16:08	DataProcessor		INFO	polling
20-02-2016 07:16:08	CameraInterface		INFO	Read successful
20-02-2016 07:16:08	Controller		INFO	sending to transmitter
20-02-2016 07:16:08	Transmitter		INFO	pushing into buff
20-02-2016 07:16:08	DataProcessor		INFO	polling
20-02-2016 07:16:08	Transmitter		INFO	sending string
20-02-2016 07:16:08	Transmitter		INFO	running
20-02-2016 07:16:08	Transmitter		INFO	getting from buffer
20-02-2016 07:16:08	CameraInterface		INFO	Read successful
20-02-2016 07:16:08	Controller		INFO	sending to transmitter
20-02-2016 07:16:08	Transmitter		INFO	pushing into buff
20-02-2016 07:16:08	DataProcessor		INFO	polling
20-02-2016 07:16:09	CameraInterface		INFO	Read successful
20-02-2016 07:16:09	Controller		INFO	sending to transmitter
20-02-2016 07:16:09	Transmitter		INFO	pushing into buff
20-02-2016 07:16:09	DataProcessor		INFO	polling
20-02-2016 07:16:09	CameraInterface		INFO	Read successful
20-02-2016 07:16:09	Controller		INFO	sending to transmitter
20-02-2016 07:16:09	Transmitter		INFO	pushing into buff
20-02-2016 07:16:09	DataProcessor		INFO	polling
20-02-2016 07:16:09	CameraInterface		INFO	Read successful
20-02-2016 07:16:09	Controller		INFO	sending to transmitter
20-02-2016 07:16:09	Transmitter		INFO	pushing into buff
20-02-2016 07:16:09	DataProcessor		INFO	polling
20-02-2016 07:16:09	CameraInterface		INFO	Read successful
20-02-2016 07:16:09	Controller		INFO	sending to transmitter
20-02-2016 07:16:09	Transmitter		INFO	pushing into buff
20-02-2016 07:16:09	DataProcessor		INFO	polling
20-02-2016 07:16:10	CameraInterface		INFO	Read successful
20-02-2016 07:16:10	Controller		INFO	sending to transmitter
20-02-2016 07:16:10	Transmitter		INFO	pushing into buff
20-02-2016 07:16:10	DataProcessor		INFO	polling
20-02-2016 07:16:10	CameraInterface		INFO	Read successful
20-02-2016 07:16:10	Controller		INFO	sending to transmitter
20-02-2016 07:16:10	Transmitter		INFO	pushing into buff
20-02-2016 07:16:10	DataProcessor		INFO	polling
20-02-2016 07:16:10	CameraInterface		INFO	Read successful
20-02-2016 07:16:10	Controller		INFO	sending to transmitter
20-02-2016 07:16:10	Transmitter		INFO	pushing into buff
20-02-2016 07:16:10	DataProcessor		INFO	polling
20-02-2016 07:16:10	CameraInterface		INFO	Read successful
20-02-2016 07:16:10	Controller		INFO	sending to transmitter
20-02-2016 07:16:10	Transmitter		INFO	pushing into buff
20-02-2016 07:16:10	DataProcessor		INFO	polling
20-02-2016 07:16:10	CameraInterface		INFO	Read successful
20-02-2016 07:16:10	Controller		INFO	sending to transmitter
20-02-2016 07:16:10	Transmitter		INFO	pushing into buff
20-02-2016 07:16:10	DataProcessor		INFO	polling
20-02-2016 07:16:11	CameraInterface		INFO	Read successful
20-02-2016 07:16:11	Controller		INFO	sending to transmitter
20-02-2016 07:16:11	Transmitter		INFO	pushing into buff
20-02-2016 07:16:11	DataProcessor		INFO	polling
20-02-2016 07:16:11	CameraInterface		INFO	Read successful
20-02-2016 07:16:11	Controller		INFO	sending to transmitter
20-02-2016 07:16:11	Transmitter		INFO	pushing into buff
20-02-2016 07:16:11	DataProcessor		INFO	polling
20-02-2016 07:16:11	CameraInterface		INFO	Read successful
20-02-2016 07:16:11	Controller		INFO	sending to transmitter
20-02-2016 07:16:11	Transmitter		INFO	pushing into buff
20-02-2016 07:16:11	DataProcessor		INFO	polling
20-02-2016 07:16:11	Transmitter		INFO	sending string
20-02-2016 07:16:11	CameraInterface		INFO	Read successful
20-02-2016 07:16:11	Controller		INFO	sending to transmitter
20-02-2016 07:16:11	Transmitter		INFO	pushing into buff
20-02-2016 07:16:11	DataProcessor		INFO	polling
20-02-2016 07:16:11	Transmitter		INFO	running
20-02-2016 07:16:11	Transmitter		INFO	getting from buffer
20-02-2016 07:16:12	CameraInterface		INFO	Read successful
20-02-2016 07:16:12	Controller		INFO	sending to transmitter
20-02-2016 07:16:12	Transmitter		INFO	pushing into buff
20-02-2016 07:16:12	DataProcessor		INFO	polling
20-02-2016 07:16:12	CameraInterface		INFO	Read successful
20-02-2016 07:16:12	Controller		INFO	sending to transmitter
20-02-2016 07:16:12	Transmitter		INFO	pushing into buff
20-02-2016 07:16:12	DataProcessor		INFO	polling
20-02-2016 07:16:12	CameraInterface		INFO	Read successful
20-02-2016 07:16:12	Controller		INFO	sending to transmitter
20-02-2016 07:16:12	Transmitter		INFO	pushing into buff
20-02-2016 07:16:12	DataProcessor		INFO	polling
20-02-2016 07:16:12	CameraInterface		INFO	Read successful
20-02-2016 07:16:12	Controller		INFO	sending to transmitter
20-02-2016 07:16:12	Transmitter		INFO	pushing into buff
20-02-2016 07:16:12	DataProcessor		INFO	polling
20-02-2016 07:16:12	CameraInterface		INFO	Read successful
20-02-2016 07:16:12	Controller		INFO	sending to transmitter
20-02-2016 07:16:12	Transmitter		INFO	pushing into buff
20-02-2016 07:16:12	DataProcessor		INFO	polling
20-02-2016 07:16:13	CameraInterface		INFO	Read successful
20-02-2016 07:16:13	Controller		INFO	sending to transmitter
20-02-2016 07:16:13	Transmitter		INFO	pushing into buff
20-02-2016 07:16:13	DataProcessor		INFO	polling
20-02-2016 07:16:13	CameraInterface		INFO	Read successful
20-02-2016 07:16:13	Controller		INFO	sending to transmitter
20-02-2016 07:16:13	Transmitter		INFO	pushing into buff
20-02-2016 07:16:13	DataProcessor		INFO	polling
20-02-2016 07:16:13	CameraInterface		INFO	Read successful
20-02-2016 07:16:13	Controller		INFO	sending to transmitter
20-02-2016 07:16:13	Transmitter		INFO	pushing into buff
20-02-2016 07:16:13	DataProcessor		INFO	polling
20-02-2016 07:16:13	CameraInterface		INFO	Read successful
20-02-2016 07:16:13	Controller		INFO	sending to transmitter
20-02-2016 07:16:13	Transmitter		INFO	pushing into buff
20-02-2016 07:16:13	DataProcessor		INFO	polling
20-02-2016 07:16:13	CameraInterface		INFO	Read successful
20-02-2016 07:16:13	Controller		INFO	sending to transmitter
20-02-2016 07:16:13	Transmitter		INFO	pushing into buff
20-02-2016 07:16:13	DataProcessor		INFO	polling
20-02-2016 07:16:14	CameraInterface		INFO	Read successful
20-02-2016 07:16:14	Controller		INFO	sending to transmitter
20-02-2016 07:16:14	Transmitter		INFO	pushing into buff
20-02-2016 07:16:14	DataProcessor		INFO	polling
20-02-2016 07:16:14	CameraInterface		INFO	Read successful
20-02-2016 07:16:14	Controller		INFO	sending to transmitter
20-02-2016 07:16:14	Transmitter		INFO	pushing into buff
20-02-2016 07:16:14	DataProcessor		INFO	polling
20-02-2016 07:16:14	CameraInterface		INFO	Read successful
20-02-2016 07:16:14	Controller		INFO	sending to transmitter
20-02-2016 07:16:14	Transmitter		INFO	pushing into buff
20-02-2016 07:16:14	DataProcessor		INFO	polling
20-02-2016 07:16:14	CameraInterface		INFO	Read successful
20-02-2016 07:16:14	Controller		INFO	sending to transmitter
20-02-2016 07:16:14	Transmitter		INFO	pushing into buff
20-02-2016 07:16:14	DataProcessor		INFO	polling
20-02-2016 07:16:14	Transmitter		INFO	sending string
20-02-2016 07:16:14	Transmitter		INFO	running
20-02-2016 07:16:14	Transmitter		INFO	getting from buffer
20-02-2016 07:16:15	CameraInterface		INFO	Read successful
20-02-2016 07:16:15	Controller		INFO	sending to transmitter
20-02-2016 07:16:15	Transmitter		INFO	pushing into buff
20-02-2016 07:16:15	DataProcessor		INFO	polling
20-02-2016 07:16:15	CameraInterface		INFO	Read successful
20-02-2016 07:16:15	Controller		INFO	sending to transmitter
20-02-2016 07:16:15	Transmitter		INFO	pushing into buff
20-02-2016 07:16:15	DataProcessor		INFO	polling
20-02-2016 07:16:15	CameraInterface		INFO	Read successful
20-02-2016 07:16:15	Controller		INFO	sending to transmitter
20-02-2016 07:16:15	Transmitter		INFO	pushing into buff
20-02-2016 07:16:15	DataProcessor		INFO	polling
20-02-2016 07:16:15	CameraInterface		INFO	Read successful
20-02-2016 07:16:15	Controller		INFO	sending to transmitter
20-02-2016 07:16:15	Transmitter		INFO	pushing into buff
20-02-2016 07:16:15	DataProcessor		INFO	polling
20-02-2016 07:16:16	CameraInterface		INFO	Read successful
20-02-2016 07:16:16	Controller		INFO	sending to transmitter
20-02-2016 07:16:16	Transmitter		INFO	pushing into buff
20-02-2016 07:16:16	DataProcessor		INFO	polling
20-02-2016 07:16:16	CameraInterface		INFO	Read successful
20-02-2016 07:16:16	Controller		INFO	sending to transmitter
20-02-2016 07:16:16	Transmitter		INFO	pushing into buff
20-02-2016 07:16:16	DataProcessor		INFO	polling
20-02-2016 07:16:16	CameraInterface		INFO	Read successful
20-02-2016 07:16:16	Controller		INFO	sending to transmitter
20-02-2016 07:16:16	Transmitter		INFO	pushing into buff
20-02-2016 07:16:16	DataProcessor		INFO	polling
20-02-2016 07:16:17	CameraInterface		INFO	Read successful
20-02-2016 07:16:17	Controller		INFO	sending to transmitter
20-02-2016 07:16:17	Transmitter		INFO	pushing into buff
20-02-2016 07:16:17	DataProcessor		INFO	polling
20-02-2016 07:16:17	CameraInterface		INFO	Read successful
20-02-2016 07:16:17	Controller		INFO	sending to transmitter
20-02-2016 07:16:17	Transmitter		INFO	pushing into buff
20-02-2016 07:16:17	DataProcessor		INFO	polling
20-02-2016 07:16:17	CameraInterface		INFO	Read successful
20-02-2016 07:16:17	Controller		INFO	sending to transmitter
20-02-2016 07:16:17	Transmitter		INFO	pushing into buff
20-02-2016 07:16:17	DataProcessor		INFO	polling
20-02-2016 07:16:17	CameraInterface		INFO	Read successful
20-02-2016 07:16:17	Controller		INFO	sending to transmitter
20-02-2016 07:16:17	Transmitter		INFO	pushing into buff
20-02-2016 07:16:17	DataProcessor		INFO	polling
20-02-2016 07:16:18	CameraInterface		INFO	Read successful
20-02-2016 07:16:18	Controller		INFO	sending to transmitter
20-02-2016 07:16:18	Transmitter		INFO	pushing into buff
20-02-2016 07:16:18	DataProcessor		INFO	polling
20-02-2016 07:16:18	Transmitter		INFO	sending string
20-02-2016 07:16:18	CameraInterface		INFO	Read successful
20-02-2016 07:16:18	Controller		INFO	sending to transmitter
20-02-2016 07:16:18	Transmitter		INFO	pushing into buff
20-02-2016 07:16:18	DataProcessor		INFO	polling
20-02-2016 07:16:18	Transmitter		INFO	running
20-02-2016 07:16:18	Transmitter		INFO	getting from buffer
20-02-2016 07:16:18	CameraInterface		INFO	Read successful
20-02-2016 07:16:18	Controller		INFO	sending to transmitter
20-02-2016 07:16:18	Transmitter		INFO	pushing into buff
20-02-2016 07:16:18	DataProcessor		INFO	polling
20-02-2016 07:16:18	CameraInterface		INFO	Read successful
20-02-2016 07:16:18	Controller		INFO	sending to transmitter
20-02-2016 07:16:18	Transmitter		INFO	pushing into buff
20-02-2016 07:16:18	DataProcessor		INFO	polling
20-02-2016 07:16:19	CameraInterface		INFO	Read successful
20-02-2016 07:16:19	Controller		INFO	sending to transmitter
20-02-2016 07:16:19	Transmitter		INFO	pushing into buff
20-02-2016 07:16:19	DataProcessor		INFO	polling
20-02-2016 07:16:19	CameraInterface		INFO	Read successful
20-02-2016 07:16:19	Controller		INFO	sending to transmitter
20-02-2016 07:16:19	Transmitter		INFO	pushing into buff
20-02-2016 07:16:19	DataProcessor		INFO	polling
20-02-2016 07:16:19	CameraInterface		INFO	Read successful
20-02-2016 07:16:19	Controller		INFO	sending to transmitter
20-02-2016 07:16:19	Transmitter		INFO	pushing into buff
20-02-2016 07:16:19	DataProcessor		INFO	polling
20-02-2016 07:16:20	CameraInterface		INFO	Read successful
20-02-2016 07:16:20	Controller		INFO	sending to transmitter
20-02-2016 07:16:20	Transmitter		INFO	pushing into buff
20-02-2016 07:16:20	DataProcessor		INFO	polling
20-02-2016 07:16:20	CameraInterface		INFO	Read successful
20-02-2016 07:16:20	Controller		INFO	sending to transmitter
20-02-2016 07:16:20	Transmitter		INFO	pushing into buff
20-02-2016 07:16:20	DataProcessor		INFO	polling
20-02-2016 07:16:20	CameraInterface		INFO	Read successful
20-02-2016 07:16:20	Controller		INFO	sending to transmitter
20-02-2016 07:16:20	Transmitter		INFO	pushing into buff
20-02-2016 07:16:20	DataProcessor		INFO	polling
20-02-2016 07:16:20	CameraInterface		INFO	Read successful
20-02-2016 07:16:20	Controller		INFO	sending to transmitter
20-02-2016 07:16:20	Transmitter		INFO	pushing into buff
20-02-2016 07:16:20	DataProcessor		INFO	polling
20-02-2016 07:16:21	CameraInterface		INFO	Read successful
20-02-2016 07:16:21	Controller		INFO	sending to transmitter
20-02-2016 07:16:21	Transmitter		INFO	pushing into buff
20-02-2016 07:16:21	DataProcessor		INFO	polling
20-02-2016 07:16:21	CameraInterface		INFO	Read successful
20-02-2016 07:16:21	Controller		INFO	sending to transmitter
20-02-2016 07:16:21	Transmitter		INFO	pushing into buff
20-02-2016 07:16:21	DataProcessor		INFO	polling
20-02-2016 07:16:21	CameraInterface		INFO	Read successful
20-02-2016 07:16:21	Controller		INFO	sending to transmitter
20-02-2016 07:16:21	Transmitter		INFO	pushing into buff
20-02-2016 07:16:21	DataProcessor		INFO	polling
20-02-2016 07:16:21	CameraInterface		INFO	Read successful
20-02-2016 07:16:21	Controller		INFO	sending to transmitter
20-02-2016 07:16:21	Transmitter		INFO	pushing into buff
20-02-2016 07:16:21	DataProcessor		INFO	polling
20-02-2016 07:16:22	Transmitter		INFO	sending string
20-02-2016 07:16:22	CameraInterface		INFO	Read successful
20-02-2016 07:16:22	Controller		INFO	sending to transmitter
20-02-2016 07:16:22	Transmitter		INFO	pushing into buff
20-02-2016 07:16:22	DataProcessor		INFO	polling
20-02-2016 07:16:22	Transmitter		INFO	running
20-02-2016 07:16:22	Transmitter		INFO	getting from buffer
20-02-2016 07:16:22	CameraInterface		INFO	Read successful
20-02-2016 07:16:22	Controller		INFO	sending to transmitter
20-02-2016 07:16:22	Transmitter		INFO	pushing into buff
20-02-2016 07:16:22	DataProcessor		INFO	polling
