21-02-2016 07:16:16	Main		TRACE	Logger initialized.
21-02-2016 07:16:16	PropertyReader		TRACE	Opening file: settings/settings.txt
21-02-2016 07:16:16	PropertyReader		INFO	File opened: settings/settings.txt
21-02-2016 07:16:16	PropertyReader		INFO	Loading properties file...
21-02-2016 07:16:16	PropertyReader		INFO	Mapped TRACE to LOGGING_LEVEL
21-02-2016 07:16:16	PropertyReader		INFO	Mapped 100 to CAM_BUFFER_SIZE
21-02-2016 07:16:16	PropertyReader		INFO	Mapped 15 to CAM_POLL_FREQUENCY
21-02-2016 07:16:16	PropertyReader		INFO	Mapped 0 to CAM_INDEX
21-02-2016 07:16:16	PropertyReader		DEBUG	Loaded 4 properties successfully
21-02-2016 07:16:16	Controller		INFO	Constructor controller
21-02-2016 07:16:16	Transmitter		INFO	socket retrieve success
21-02-2016 07:16:16	Transmitter		INFO	binding done
21-02-2016 07:16:16	Transmitter		INFO	done listening
21-02-2016 07:16:35	Transmitter		INFO	accepting
21-02-2016 07:16:35	Main		TRACE	intializing controller
21-02-2016 07:16:35	Controller		INFO	Initializing Controller
21-02-2016 07:16:35	Main		TRACE	initializing dataprocessor
21-02-2016 07:16:35	CameraInterface		INFO	Initializing camera
21-02-2016 07:16:35	CameraInterface		INFO	Opening video capture stream at position 0
21-02-2016 07:16:35	Transmitter		INFO	Starting Receiver Thread execution loop
21-02-2016 07:16:35	Transmitter		INFO	running
21-02-2016 07:16:35	ControllerThread		INFO	Starting Controller Thread execution loop
21-02-2016 07:16:35	Receiver		INFO	Starting Receiver Thread execution loop
21-02-2016 07:16:35	Transmitter		INFO	running
21-02-2016 07:16:35	Transmitter		INFO	running
21-02-2016 07:16:35	Transmitter		INFO	running
21-02-2016 07:16:35	Transmitter		INFO	running
21-02-2016 07:16:35	Transmitter		INFO	running
21-02-2016 07:16:35	Transmitter		INFO	running
21-02-2016 07:16:35	Transmitter		INFO	running
21-02-2016 07:16:35	Transmitter		INFO	running
21-02-2016 07:16:35	Transmitter		INFO	running
21-02-2016 07:16:35	Transmitter		INFO	running
21-02-2016 07:16:35	Transmitter		INFO	running
21-02-2016 07:16:35	Transmitter		INFO	running
21-02-2016 07:16:35	Transmitter		INFO	running
21-02-2016 07:16:35	Transmitter		INFO	running
21-02-2016 07:16:35	Transmitter		INFO	running
21-02-2016 07:16:35	Transmitter		INFO	running
21-02-2016 07:16:35	Transmitter		INFO	running
21-02-2016 07:16:35	Transmitter		INFO	running
21-02-2016 07:16:35	Transmitter		INFO	running
21-02-2016 07:16:35	Transmitter		INFO	running
21-02-2016 07:16:35	Transmitter		INFO	running
21-02-2016 07:16:35	Transmitter		INFO	running
21-02-2016 07:16:35	Transmitter		INFO	running
21-02-2016 07:16:35	Transmitter		INFO	running
21-02-2016 07:16:35	Transmitter		INFO	running
21-02-2016 07:16:35	Transmitter		INFO	running
21-02-2016 07:16:35	Transmitter		INFO	running
21-02-2016 07:16:35	Transmitter		INFO	running
21-02-2016 07:16:35	Transmitter		INFO	running
21-02-2016 07:16:35	Transmitter		INFO	running
21-02-2016 07:16:35	Transmitter		INFO	running
21-02-2016 07:16:35	Transmitter		INFO	running
21-02-2016 07:16:35	Transmitter		INFO	running
21-02-2016 07:16:35	Main		TRACE	running controller
21-02-2016 07:16:35	Transmitter		INFO	running
21-02-2016 07:16:35	DataProcessor		INFO	polling
21-02-2016 07:16:35	Transmitter		INFO	running
21-02-2016 07:16:35	Transmitter		INFO	running
21-02-2016 07:16:35	Transmitter		INFO	running
21-02-2016 07:16:35	Transmitter		INFO	running
21-02-2016 07:16:35	Transmitter		INFO	running
21-02-2016 07:16:35	Transmitter		INFO	running
21-02-2016 07:16:35	Transmitter		INFO	running
21-02-2016 07:16:35	Transmitter		INFO	running
21-02-2016 07:16:35	Transmitter		INFO	running
21-02-2016 07:16:35	Transmitter		INFO	running
21-02-2016 07:16:35	Transmitter		INFO	running
21-02-2016 07:16:35	Transmitter		INFO	running
21-02-2016 07:16:35	Transmitter		INFO	running
21-02-2016 07:16:35	Transmitter		INFO	running
21-02-2016 07:16:35	Transmitter		INFO	running
21-02-2016 07:16:35	Transmitter		INFO	running
21-02-2016 07:16:35	Transmitter		INFO	running
21-02-2016 07:16:35	Transmitter		INFO	running
21-02-2016 07:16:35	Transmitter		INFO	running
21-02-2016 07:16:35	Transmitter		INFO	running
21-02-2016 07:16:35	Transmitter		INFO	running
21-02-2016 07:16:35	Transmitter		INFO	running
21-02-2016 07:16:35	Transmitter		INFO	running
21-02-2016 07:16:36	Transmitter		INFO	running
21-02-2016 07:16:36	Transmitter		INFO	running
21-02-2016 07:16:36	Transmitter		INFO	running
21-02-2016 07:16:36	Transmitter		INFO	running
21-02-2016 07:16:36	Transmitter		INFO	running
21-02-2016 07:16:36	Transmitter		INFO	running
21-02-2016 07:16:36	Transmitter		INFO	running
21-02-2016 07:16:36	Transmitter		INFO	running
21-02-2016 07:16:36	Transmitter		INFO	running
21-02-2016 07:16:36	Transmitter		INFO	running
21-02-2016 07:16:36	Transmitter		INFO	running
21-02-2016 07:16:36	Transmitter		INFO	running
21-02-2016 07:16:36	Transmitter		INFO	running
21-02-2016 07:16:36	Transmitter		INFO	running
21-02-2016 07:16:36	Transmitter		INFO	running
21-02-2016 07:16:36	Transmitter		INFO	running
21-02-2016 07:16:36	Transmitter		INFO	running
21-02-2016 07:16:36	Transmitter		INFO	running
21-02-2016 07:16:36	Transmitter		INFO	running
21-02-2016 07:16:36	Transmitter		INFO	running
21-02-2016 07:16:36	Transmitter		INFO	running
21-02-2016 07:16:36	Transmitter		INFO	running
21-02-2016 07:16:36	Transmitter		INFO	running
21-02-2016 07:16:36	Transmitter		INFO	running
21-02-2016 07:16:36	Transmitter		INFO	running
21-02-2016 07:16:36	Transmitter		INFO	running
21-02-2016 07:16:36	Transmitter		INFO	running
21-02-2016 07:16:36	Transmitter		INFO	running
21-02-2016 07:16:36	Transmitter		INFO	running
21-02-2016 07:16:36	Transmitter		INFO	running
21-02-2016 07:16:36	Transmitter		INFO	running
21-02-2016 07:16:36	Transmitter		INFO	running
21-02-2016 07:16:36	Transmitter		INFO	running
21-02-2016 07:16:36	Transmitter		INFO	running
21-02-2016 07:16:36	Transmitter		INFO	running
21-02-2016 07:16:36	Transmitter		INFO	running
21-02-2016 07:16:36	Transmitter		INFO	running
21-02-2016 07:16:36	Transmitter		INFO	running
21-02-2016 07:16:36	Transmitter		INFO	running
21-02-2016 07:16:36	Transmitter		INFO	running
21-02-2016 07:16:36	Transmitter		INFO	running
21-02-2016 07:16:36	Transmitter		INFO	running
21-02-2016 07:16:36	Transmitter		INFO	running
21-02-2016 07:16:36	Transmitter		INFO	running
21-02-2016 07:16:36	Transmitter		INFO	running
21-02-2016 07:16:36	Transmitter		INFO	running
21-02-2016 07:16:36	Transmitter		INFO	running
21-02-2016 07:16:36	Transmitter		INFO	running
21-02-2016 07:16:36	Transmitter		INFO	running
21-02-2016 07:16:36	Transmitter		INFO	running
21-02-2016 07:16:36	Transmitter		INFO	running
21-02-2016 07:16:36	Transmitter		INFO	running
21-02-2016 07:16:36	Transmitter		INFO	running
21-02-2016 07:16:36	Transmitter		INFO	running
21-02-2016 07:16:36	Transmitter		INFO	running
21-02-2016 07:16:36	Transmitter		INFO	running
21-02-2016 07:16:36	Transmitter		INFO	running
21-02-2016 07:16:36	Transmitter		INFO	running
21-02-2016 07:16:36	Transmitter		INFO	running
21-02-2016 07:16:36	Transmitter		INFO	running
21-02-2016 07:16:36	Transmitter		INFO	running
21-02-2016 07:16:36	Transmitter		INFO	running
21-02-2016 07:16:36	Transmitter		INFO	running
21-02-2016 07:16:36	Transmitter		INFO	running
21-02-2016 07:16:36	Transmitter		INFO	running
21-02-2016 07:16:36	Transmitter		INFO	running
21-02-2016 07:16:36	Transmitter		INFO	running
21-02-2016 07:16:36	Transmitter		INFO	running
21-02-2016 07:16:36	CameraInterface		INFO	Read successful
21-02-2016 07:16:36	Controller		INFO	sending to transmitter
21-02-2016 07:16:36	Transmitter		INFO	pushing into buff
21-02-2016 07:16:36	DataProcessor		INFO	polling
21-02-2016 07:16:36	Transmitter		INFO	running
21-02-2016 07:16:36	Transmitter		INFO	getting from buffer
21-02-2016 07:16:36	CameraInterface		INFO	Read successful
21-02-2016 07:16:36	Controller		INFO	sending to transmitter
21-02-2016 07:16:36	Transmitter		INFO	pushing into buff
21-02-2016 07:16:36	DataProcessor		INFO	polling
21-02-2016 07:16:37	CameraInterface		INFO	Read successful
21-02-2016 07:16:37	Controller		INFO	sending to transmitter
21-02-2016 07:16:37	Transmitter		INFO	pushing into buff
21-02-2016 07:16:37	DataProcessor		INFO	polling
21-02-2016 07:16:37	CameraInterface		INFO	Read successful
21-02-2016 07:16:37	Controller		INFO	sending to transmitter
21-02-2016 07:16:37	Transmitter		INFO	pushing into buff
21-02-2016 07:16:37	DataProcessor		INFO	polling
21-02-2016 07:16:37	CameraInterface		INFO	Read successful
21-02-2016 07:16:37	Controller		INFO	sending to transmitter
21-02-2016 07:16:37	Transmitter		INFO	pushing into buff
21-02-2016 07:16:37	DataProcessor		INFO	polling
21-02-2016 07:16:37	CameraInterface		INFO	Read successful
21-02-2016 07:16:37	Controller		INFO	sending to transmitter
21-02-2016 07:16:37	Transmitter		INFO	pushing into buff
21-02-2016 07:16:37	DataProcessor		INFO	polling
21-02-2016 07:16:37	CameraInterface		INFO	Read successful
21-02-2016 07:16:37	Controller		INFO	sending to transmitter
21-02-2016 07:16:37	Transmitter		INFO	pushing into buff
21-02-2016 07:16:37	DataProcessor		INFO	polling
21-02-2016 07:16:38	CameraInterface		INFO	Read successful
21-02-2016 07:16:38	Controller		INFO	sending to transmitter
21-02-2016 07:16:38	Transmitter		INFO	pushing into buff
21-02-2016 07:16:38	DataProcessor		INFO	polling
21-02-2016 07:16:38	CameraInterface		INFO	Read successful
21-02-2016 07:16:38	Controller		INFO	sending to transmitter
21-02-2016 07:16:38	Transmitter		INFO	pushing into buff
21-02-2016 07:16:38	DataProcessor		INFO	polling
21-02-2016 07:16:38	CameraInterface		INFO	Read successful
21-02-2016 07:16:38	Controller		INFO	sending to transmitter
21-02-2016 07:16:38	Transmitter		INFO	pushing into buff
21-02-2016 07:16:38	DataProcessor		INFO	polling
21-02-2016 07:16:38	CameraInterface		INFO	Read successful
21-02-2016 07:16:38	Controller		INFO	sending to transmitter
21-02-2016 07:16:38	Transmitter		INFO	pushing into buff
21-02-2016 07:16:38	DataProcessor		INFO	polling
21-02-2016 07:16:39	CameraInterface		INFO	Read successful
21-02-2016 07:16:39	Controller		INFO	sending to transmitter
21-02-2016 07:16:39	Transmitter		INFO	pushing into buff
21-02-2016 07:16:39	DataProcessor		INFO	polling
21-02-2016 07:16:39	CameraInterface		INFO	Read successful
21-02-2016 07:16:39	Controller		INFO	sending to transmitter
21-02-2016 07:16:39	Transmitter		INFO	pushing into buff
21-02-2016 07:16:39	DataProcessor		INFO	polling
21-02-2016 07:16:39	CameraInterface		INFO	Read successful
21-02-2016 07:16:39	Controller		INFO	sending to transmitter
21-02-2016 07:16:39	Transmitter		INFO	pushing into buff
21-02-2016 07:16:39	DataProcessor		INFO	polling
21-02-2016 07:16:39	CameraInterface		INFO	Read successful
21-02-2016 07:16:39	Controller		INFO	sending to transmitter
21-02-2016 07:16:39	Transmitter		INFO	pushing into buff
21-02-2016 07:16:39	DataProcessor		INFO	polling
21-02-2016 07:16:39	CameraInterface		INFO	Read successful
21-02-2016 07:16:39	Controller		INFO	sending to transmitter
21-02-2016 07:16:39	Transmitter		INFO	pushing into buff
21-02-2016 07:16:39	DataProcessor		INFO	polling
21-02-2016 07:16:40	CameraInterface		INFO	Read successful
21-02-2016 07:16:40	Controller		INFO	sending to transmitter
21-02-2016 07:16:40	Transmitter		INFO	pushing into buff
21-02-2016 07:16:40	DataProcessor		INFO	polling
21-02-2016 07:16:40	CameraInterface		INFO	Read successful
21-02-2016 07:16:40	Controller		INFO	sending to transmitter
21-02-2016 07:16:40	Transmitter		INFO	pushing into buff
21-02-2016 07:16:40	DataProcessor		INFO	polling
21-02-2016 07:16:40	CameraInterface		INFO	Read successful
21-02-2016 07:16:40	Controller		INFO	sending to transmitter
21-02-2016 07:16:40	Transmitter		INFO	pushing into buff
21-02-2016 07:16:40	DataProcessor		INFO	polling
21-02-2016 07:16:40	CameraInterface		INFO	Read successful
21-02-2016 07:16:40	Controller		INFO	sending to transmitter
21-02-2016 07:16:40	Transmitter		INFO	pushing into buff
21-02-2016 07:16:40	DataProcessor		INFO	polling
21-02-2016 07:16:40	CameraInterface		INFO	Read successful
21-02-2016 07:16:40	Controller		INFO	sending to transmitter
21-02-2016 07:16:41	Transmitter		INFO	pushing into buff
21-02-2016 07:16:41	DataProcessor		INFO	polling
21-02-2016 07:16:41	CameraInterface		INFO	Read successful
21-02-2016 07:16:41	Controller		INFO	sending to transmitter
21-02-2016 07:16:41	Transmitter		INFO	pushing into buff
21-02-2016 07:16:41	DataProcessor		INFO	polling
21-02-2016 07:16:41	CameraInterface		INFO	Read successful
21-02-2016 07:16:41	Controller		INFO	sending to transmitter
21-02-2016 07:16:41	Transmitter		INFO	pushing into buff
21-02-2016 07:16:41	DataProcessor		INFO	polling
21-02-2016 07:16:41	Transmitter		INFO	sending string: 107223
21-02-2016 07:16:41	CameraInterface		INFO	Read successful
21-02-2016 07:16:41	Controller		INFO	sending to transmitter
21-02-2016 07:16:41	Transmitter		INFO	pushing into buff
21-02-2016 07:16:41	DataProcessor		INFO	polling
21-02-2016 07:16:41	Transmitter		INFO	running
21-02-2016 07:16:41	Transmitter		INFO	getting from buffer
21-02-2016 07:16:41	CameraInterface		INFO	Read successful
21-02-2016 07:16:41	Controller		INFO	sending to transmitter
21-02-2016 07:16:41	Transmitter		INFO	pushing into buff
21-02-2016 07:16:41	DataProcessor		INFO	polling
21-02-2016 07:16:42	CameraInterface		INFO	Read successful
21-02-2016 07:16:42	Controller		INFO	sending to transmitter
21-02-2016 07:16:42	Transmitter		INFO	pushing into buff
21-02-2016 07:16:42	DataProcessor		INFO	polling
21-02-2016 07:16:42	CameraInterface		INFO	Read successful
21-02-2016 07:16:42	Controller		INFO	sending to transmitter
21-02-2016 07:16:42	Transmitter		INFO	pushing into buff
21-02-2016 07:16:42	DataProcessor		INFO	polling
21-02-2016 07:16:42	CameraInterface		INFO	Read successful
21-02-2016 07:16:42	Controller		INFO	sending to transmitter
21-02-2016 07:16:42	Transmitter		INFO	pushing into buff
21-02-2016 07:16:42	DataProcessor		INFO	polling
21-02-2016 07:16:42	CameraInterface		INFO	Read successful
21-02-2016 07:16:42	Controller		INFO	sending to transmitter
21-02-2016 07:16:42	Transmitter		INFO	pushing into buff
21-02-2016 07:16:42	DataProcessor		INFO	polling
21-02-2016 07:16:43	CameraInterface		INFO	Read successful
21-02-2016 07:16:43	Controller		INFO	sending to transmitter
21-02-2016 07:16:43	Transmitter		INFO	pushing into buff
21-02-2016 07:16:43	DataProcessor		INFO	polling
21-02-2016 07:16:43	CameraInterface		INFO	Read successful
21-02-2016 07:16:43	Controller		INFO	sending to transmitter
21-02-2016 07:16:43	Transmitter		INFO	pushing into buff
21-02-2016 07:16:43	DataProcessor		INFO	polling
21-02-2016 07:16:43	CameraInterface		INFO	Read successful
21-02-2016 07:16:43	Controller		INFO	sending to transmitter
21-02-2016 07:16:43	Transmitter		INFO	pushing into buff
21-02-2016 07:16:43	DataProcessor		INFO	polling
21-02-2016 07:16:43	CameraInterface		INFO	Read successful
21-02-2016 07:16:43	Controller		INFO	sending to transmitter
21-02-2016 07:16:43	Transmitter		INFO	pushing into buff
21-02-2016 07:16:43	DataProcessor		INFO	polling
21-02-2016 07:16:43	CameraInterface		INFO	Read successful
21-02-2016 07:16:43	Controller		INFO	sending to transmitter
21-02-2016 07:16:43	Transmitter		INFO	pushing into buff
21-02-2016 07:16:43	DataProcessor		INFO	polling
21-02-2016 07:16:44	CameraInterface		INFO	Read successful
21-02-2016 07:16:44	Controller		INFO	sending to transmitter
21-02-2016 07:16:44	Transmitter		INFO	pushing into buff
21-02-2016 07:16:44	DataProcessor		INFO	polling
21-02-2016 07:16:44	CameraInterface		INFO	Read successful
21-02-2016 07:16:44	Controller		INFO	sending to transmitter
21-02-2016 07:16:44	Transmitter		INFO	pushing into buff
21-02-2016 07:16:44	DataProcessor		INFO	polling
21-02-2016 07:16:44	CameraInterface		INFO	Read successful
21-02-2016 07:16:44	Controller		INFO	sending to transmitter
21-02-2016 07:16:44	Transmitter		INFO	pushing into buff
21-02-2016 07:16:44	DataProcessor		INFO	polling
21-02-2016 07:16:44	CameraInterface		INFO	Read successful
21-02-2016 07:16:44	Controller		INFO	sending to transmitter
21-02-2016 07:16:44	Transmitter		INFO	pushing into buff
21-02-2016 07:16:44	DataProcessor		INFO	polling
21-02-2016 07:16:44	CameraInterface		INFO	Read successful
21-02-2016 07:16:44	Controller		INFO	sending to transmitter
21-02-2016 07:16:44	Transmitter		INFO	pushing into buff
21-02-2016 07:16:44	DataProcessor		INFO	polling
21-02-2016 07:16:45	CameraInterface		INFO	Read successful
21-02-2016 07:16:45	Controller		INFO	sending to transmitter
21-02-2016 07:16:45	Transmitter		INFO	pushing into buff
21-02-2016 07:16:45	DataProcessor		INFO	polling
21-02-2016 07:16:45	CameraInterface		INFO	Read successful
21-02-2016 07:16:45	Controller		INFO	sending to transmitter
21-02-2016 07:16:45	Transmitter		INFO	pushing into buff
21-02-2016 07:16:45	DataProcessor		INFO	polling
21-02-2016 07:16:45	CameraInterface		INFO	Read successful
21-02-2016 07:16:45	Controller		INFO	sending to transmitter
21-02-2016 07:16:45	Transmitter		INFO	pushing into buff
21-02-2016 07:16:45	DataProcessor		INFO	polling
21-02-2016 07:16:45	CameraInterface		INFO	Read successful
21-02-2016 07:16:45	Controller		INFO	sending to transmitter
21-02-2016 07:16:45	Transmitter		INFO	pushing into buff
21-02-2016 07:16:45	DataProcessor		INFO	polling
21-02-2016 07:16:46	CameraInterface		INFO	Read successful
21-02-2016 07:16:46	Controller		INFO	sending to transmitter
21-02-2016 07:16:46	Transmitter		INFO	pushing into buff
21-02-2016 07:16:46	DataProcessor		INFO	polling
21-02-2016 07:16:46	CameraInterface		INFO	Read successful
21-02-2016 07:16:46	Controller		INFO	sending to transmitter
21-02-2016 07:16:46	Transmitter		INFO	pushing into buff
21-02-2016 07:16:46	DataProcessor		INFO	polling
21-02-2016 07:16:46	CameraInterface		INFO	Read successful
21-02-2016 07:16:46	Controller		INFO	sending to transmitter
21-02-2016 07:16:46	Transmitter		INFO	pushing into buff
21-02-2016 07:16:46	DataProcessor		INFO	polling
21-02-2016 07:16:46	CameraInterface		INFO	Read successful
21-02-2016 07:16:46	Controller		INFO	sending to transmitter
21-02-2016 07:16:46	Transmitter		INFO	pushing into buff
21-02-2016 07:16:46	DataProcessor		INFO	polling
21-02-2016 07:16:47	CameraInterface		INFO	Read successful
21-02-2016 07:16:47	Controller		INFO	sending to transmitter
21-02-2016 07:16:47	Transmitter		INFO	pushing into buff
21-02-2016 07:16:47	DataProcessor		INFO	polling
21-02-2016 07:16:47	CameraInterface		INFO	Read successful
21-02-2016 07:16:47	Controller		INFO	sending to transmitter
21-02-2016 07:16:47	Transmitter		INFO	pushing into buff
21-02-2016 07:16:47	DataProcessor		INFO	polling
21-02-2016 07:16:47	CameraInterface		INFO	Read successful
21-02-2016 07:16:47	Controller		INFO	sending to transmitter
21-02-2016 07:16:47	Transmitter		INFO	pushing into buff
21-02-2016 07:16:47	DataProcessor		INFO	polling
21-02-2016 07:16:47	CameraInterface		INFO	Read successful
21-02-2016 07:16:47	Controller		INFO	sending to transmitter
21-02-2016 07:16:47	Transmitter		INFO	pushing into buff
21-02-2016 07:16:47	DataProcessor		INFO	polling
21-02-2016 07:16:47	CameraInterface		INFO	Read successful
21-02-2016 07:16:47	Controller		INFO	sending to transmitter
21-02-2016 07:16:47	Transmitter		INFO	pushing into buff
21-02-2016 07:16:47	DataProcessor		INFO	polling
21-02-2016 07:16:48	CameraInterface		INFO	Read successful
21-02-2016 07:16:48	Controller		INFO	sending to transmitter
21-02-2016 07:16:48	Transmitter		INFO	pushing into buff
21-02-2016 07:16:48	DataProcessor		INFO	polling
21-02-2016 07:16:48	CameraInterface		INFO	Read successful
21-02-2016 07:16:48	Controller		INFO	sending to transmitter
21-02-2016 07:16:48	Transmitter		INFO	pushing into buff
21-02-2016 07:16:48	DataProcessor		INFO	polling
21-02-2016 07:16:48	CameraInterface		INFO	Read successful
21-02-2016 07:16:48	Controller		INFO	sending to transmitter
21-02-2016 07:16:48	Transmitter		INFO	pushing into buff
21-02-2016 07:16:48	DataProcessor		INFO	polling
21-02-2016 07:16:48	CameraInterface		INFO	Read successful
21-02-2016 07:16:48	Controller		INFO	sending to transmitter
21-02-2016 07:16:48	Transmitter		INFO	pushing into buff
21-02-2016 07:16:48	DataProcessor		INFO	polling
21-02-2016 07:16:48	CameraInterface		INFO	Read successful
21-02-2016 07:16:48	Controller		INFO	sending to transmitter
21-02-2016 07:16:48	Transmitter		INFO	pushing into buff
21-02-2016 07:16:49	DataProcessor		INFO	polling
21-02-2016 07:16:49	CameraInterface		INFO	Read successful
21-02-2016 07:16:49	Controller		INFO	sending to transmitter
21-02-2016 07:16:49	Transmitter		INFO	pushing into buff
21-02-2016 07:16:49	DataProcessor		INFO	polling
21-02-2016 07:16:49	CameraInterface		INFO	Read successful
21-02-2016 07:16:49	Controller		INFO	sending to transmitter
21-02-2016 07:16:49	Transmitter		INFO	pushing into buff
21-02-2016 07:16:49	DataProcessor		INFO	polling
21-02-2016 07:16:49	Transmitter		INFO	sending string: 1274524
