21-02-2016 07:41:33	Main		TRACE	Logger initialized.
21-02-2016 07:41:33	PropertyReader		TRACE	Opening file: settings/settings.txt
21-02-2016 07:41:33	PropertyReader		INFO	File opened: settings/settings.txt
21-02-2016 07:41:33	PropertyReader		INFO	Loading properties file...
21-02-2016 07:41:33	PropertyReader		INFO	Mapped TRACE to LOGGING_LEVEL
21-02-2016 07:41:33	PropertyReader		INFO	Mapped 100 to CAM_BUFFER_SIZE
21-02-2016 07:41:33	PropertyReader		INFO	Mapped 15 to CAM_POLL_FREQUENCY
21-02-2016 07:41:33	PropertyReader		INFO	Mapped 0 to CAM_INDEX
21-02-2016 07:41:33	PropertyReader		DEBUG	Loaded 4 properties successfully
21-02-2016 07:41:33	Controller		INFO	Constructor controller
21-02-2016 07:41:33	Transmitter		INFO	socket retrieve success
21-02-2016 07:41:33	Transmitter		INFO	binding done
21-02-2016 07:41:33	Transmitter		INFO	done listening
21-02-2016 07:41:34	Transmitter		INFO	accepting
21-02-2016 07:41:34	Main		TRACE	intializing controller
21-02-2016 07:41:34	Controller		INFO	Initializing Controller
21-02-2016 07:41:34	Main		TRACE	initializing dataprocessor
21-02-2016 07:41:34	CameraInterface		INFO	Initializing camera
21-02-2016 07:41:34	CameraInterface		INFO	Opening video capture stream at position 0
21-02-2016 07:41:34	Receiver		INFO	Starting Receiver Thread execution loop
21-02-2016 07:41:34	ControllerThread		INFO	Starting Controller Thread execution loop
21-02-2016 07:41:34	Transmitter		INFO	Starting Receiver Thread execution loop
21-02-2016 07:41:34	Transmitter		INFO	running
21-02-2016 07:41:34	Transmitter		INFO	running
21-02-2016 07:41:34	Transmitter		INFO	running
21-02-2016 07:41:34	Transmitter		INFO	running
21-02-2016 07:41:34	Transmitter		INFO	running
21-02-2016 07:41:34	Transmitter		INFO	running
21-02-2016 07:41:34	Transmitter		INFO	running
21-02-2016 07:41:34	Transmitter		INFO	running
21-02-2016 07:41:34	Transmitter		INFO	running
21-02-2016 07:41:34	Transmitter		INFO	running
21-02-2016 07:41:34	Transmitter		INFO	running
21-02-2016 07:41:34	Transmitter		INFO	running
21-02-2016 07:41:34	Transmitter		INFO	running
21-02-2016 07:41:34	Transmitter		INFO	running
21-02-2016 07:41:34	Transmitter		INFO	running
21-02-2016 07:41:34	Transmitter		INFO	running
21-02-2016 07:41:34	Transmitter		INFO	running
21-02-2016 07:41:34	Transmitter		INFO	running
21-02-2016 07:41:34	Transmitter		INFO	running
21-02-2016 07:41:34	Transmitter		INFO	running
21-02-2016 07:41:34	Transmitter		INFO	running
21-02-2016 07:41:34	Transmitter		INFO	running
21-02-2016 07:41:34	Transmitter		INFO	running
21-02-2016 07:41:34	Transmitter		INFO	running
21-02-2016 07:41:34	Transmitter		INFO	running
21-02-2016 07:41:34	Transmitter		INFO	running
21-02-2016 07:41:34	Transmitter		INFO	running
21-02-2016 07:41:34	Transmitter		INFO	running
21-02-2016 07:41:34	Transmitter		INFO	running
21-02-2016 07:41:34	Transmitter		INFO	running
21-02-2016 07:41:34	Transmitter		INFO	running
21-02-2016 07:41:34	Transmitter		INFO	running
21-02-2016 07:41:34	Transmitter		INFO	running
21-02-2016 07:41:34	Transmitter		INFO	running
21-02-2016 07:41:34	Transmitter		INFO	running
21-02-2016 07:41:34	Transmitter		INFO	running
21-02-2016 07:41:34	Transmitter		INFO	running
21-02-2016 07:41:34	Transmitter		INFO	running
21-02-2016 07:41:34	Transmitter		INFO	running
21-02-2016 07:41:34	Main		TRACE	running controller
21-02-2016 07:41:34	Main		TRACE	running controller
21-02-2016 07:41:34	Transmitter		INFO	running
21-02-2016 07:41:34	DataProcessor		INFO	polling
21-02-2016 07:41:34	DataProcessor		INFO	polling
21-02-2016 07:41:34	Transmitter		INFO	running
21-02-2016 07:41:34	Transmitter		INFO	running
21-02-2016 07:41:34	Transmitter		INFO	running
21-02-2016 07:41:34	Transmitter		INFO	running
21-02-2016 07:41:34	Transmitter		INFO	running
21-02-2016 07:41:34	Transmitter		INFO	running
21-02-2016 07:41:34	Transmitter		INFO	running
21-02-2016 07:41:34	Transmitter		INFO	running
21-02-2016 07:41:34	Transmitter		INFO	running
21-02-2016 07:41:34	Transmitter		INFO	running
21-02-2016 07:41:34	Transmitter		INFO	running
21-02-2016 07:41:34	Transmitter		INFO	running
21-02-2016 07:41:34	Transmitter		INFO	running
21-02-2016 07:41:34	Transmitter		INFO	running
21-02-2016 07:41:34	Transmitter		INFO	running
21-02-2016 07:41:34	Transmitter		INFO	running
21-02-2016 07:41:34	Transmitter		INFO	running
21-02-2016 07:41:34	Transmitter		INFO	running
21-02-2016 07:41:34	Transmitter		INFO	running
21-02-2016 07:41:34	Transmitter		INFO	running
21-02-2016 07:41:34	Transmitter		INFO	running
21-02-2016 07:41:34	Transmitter		INFO	running
21-02-2016 07:41:34	Transmitter		INFO	running
21-02-2016 07:41:34	Transmitter		INFO	running
21-02-2016 07:41:34	Transmitter		INFO	running
21-02-2016 07:41:34	Transmitter		INFO	running
21-02-2016 07:41:34	Transmitter		INFO	running
21-02-2016 07:41:34	Transmitter		INFO	running
21-02-2016 07:41:34	Transmitter		INFO	running
21-02-2016 07:41:34	Transmitter		INFO	running
21-02-2016 07:41:34	Transmitter		INFO	running
21-02-2016 07:41:34	Transmitter		INFO	running
21-02-2016 07:41:34	Transmitter		INFO	running
21-02-2016 07:41:34	Transmitter		INFO	running
21-02-2016 07:41:34	Transmitter		INFO	running
21-02-2016 07:41:34	Transmitter		INFO	running
21-02-2016 07:41:34	Transmitter		INFO	running
21-02-2016 07:41:34	Transmitter		INFO	running
21-02-2016 07:41:34	Transmitter		INFO	running
21-02-2016 07:41:34	Transmitter		INFO	running
21-02-2016 07:41:35	Transmitter		INFO	running
21-02-2016 07:41:35	Transmitter		INFO	running
21-02-2016 07:41:35	Transmitter		INFO	running
21-02-2016 07:41:35	Transmitter		INFO	running
21-02-2016 07:41:35	Transmitter		INFO	running
21-02-2016 07:41:35	Transmitter		INFO	running
21-02-2016 07:41:35	Transmitter		INFO	running
21-02-2016 07:41:35	Transmitter		INFO	running
21-02-2016 07:41:35	Transmitter		INFO	running
21-02-2016 07:41:35	Transmitter		INFO	running
21-02-2016 07:41:35	Transmitter		INFO	running
21-02-2016 07:41:35	Transmitter		INFO	running
21-02-2016 07:41:35	Transmitter		INFO	running
21-02-2016 07:41:35	Transmitter		INFO	running
21-02-2016 07:41:35	Transmitter		INFO	running
21-02-2016 07:41:35	Transmitter		INFO	running
21-02-2016 07:41:35	Transmitter		INFO	running
21-02-2016 07:41:35	Transmitter		INFO	running
21-02-2016 07:41:35	Transmitter		INFO	running
21-02-2016 07:41:35	Transmitter		INFO	running
21-02-2016 07:41:35	Transmitter		INFO	running
21-02-2016 07:41:35	Transmitter		INFO	running
21-02-2016 07:41:35	Transmitter		INFO	running
21-02-2016 07:41:35	Transmitter		INFO	running
21-02-2016 07:41:35	Transmitter		INFO	running
21-02-2016 07:41:35	Transmitter		INFO	running
21-02-2016 07:41:35	Transmitter		INFO	running
21-02-2016 07:41:35	Transmitter		INFO	running
21-02-2016 07:41:35	Transmitter		INFO	running
21-02-2016 07:41:35	Transmitter		INFO	running
21-02-2016 07:41:35	Transmitter		INFO	running
21-02-2016 07:41:35	Transmitter		INFO	running
21-02-2016 07:41:35	Transmitter		INFO	running
21-02-2016 07:41:35	Transmitter		INFO	running
21-02-2016 07:41:35	Transmitter		INFO	running
21-02-2016 07:41:35	Transmitter		INFO	running
21-02-2016 07:41:35	Transmitter		INFO	running
21-02-2016 07:41:35	Transmitter		INFO	running
21-02-2016 07:41:35	Transmitter		INFO	running
21-02-2016 07:41:35	Transmitter		INFO	running
21-02-2016 07:41:35	Transmitter		INFO	running
21-02-2016 07:41:35	Transmitter		INFO	running
21-02-2016 07:41:35	Transmitter		INFO	running
21-02-2016 07:41:35	Transmitter		INFO	running
21-02-2016 07:41:35	Transmitter		INFO	running
21-02-2016 07:41:35	Transmitter		INFO	running
21-02-2016 07:41:35	Transmitter		INFO	running
21-02-2016 07:41:35	Transmitter		INFO	running
21-02-2016 07:41:35	Transmitter		INFO	running
21-02-2016 07:41:35	Transmitter		INFO	running
21-02-2016 07:41:35	Transmitter		INFO	running
21-02-2016 07:41:35	CameraInterface		INFO	Read successful
21-02-2016 07:41:35	Transmitter		INFO	running
21-02-2016 07:41:35	Controller		INFO	sending to transmitter
21-02-2016 07:41:35	Transmitter		INFO	running
21-02-2016 07:41:35	Transmitter		INFO	running
21-02-2016 07:41:35	Transmitter		INFO	pushing into buff
21-02-2016 07:41:35	DataProcessor		INFO	polling
21-02-2016 07:41:35	DataProcessor		INFO	polling
21-02-2016 07:41:35	Transmitter		INFO	running
21-02-2016 07:41:35	Transmitter		INFO	getting from buffer
21-02-2016 07:41:35	CameraInterface		INFO	Read successful
21-02-2016 07:41:35	Controller		INFO	sending to transmitter
21-02-2016 07:41:35	Transmitter		INFO	pushing into buff
21-02-2016 07:41:35	DataProcessor		INFO	polling
21-02-2016 07:41:35	CameraInterface		INFO	Read successful
21-02-2016 07:41:35	Controller		INFO	sending to transmitter
21-02-2016 07:41:35	Transmitter		INFO	pushing into buff
21-02-2016 07:41:35	DataProcessor		INFO	polling
21-02-2016 07:41:36	CameraInterface		INFO	Read successful
21-02-2016 07:41:36	Controller		INFO	sending to transmitter
21-02-2016 07:41:36	Transmitter		INFO	pushing into buff
21-02-2016 07:41:36	DataProcessor		INFO	polling
21-02-2016 07:41:36	CameraInterface		INFO	Read successful
21-02-2016 07:41:36	Controller		INFO	sending to transmitter
21-02-2016 07:41:36	Transmitter		INFO	pushing into buff
21-02-2016 07:41:36	DataProcessor		INFO	polling
21-02-2016 07:41:36	CameraInterface		INFO	Read successful
21-02-2016 07:41:36	Controller		INFO	sending to transmitter
21-02-2016 07:41:36	Transmitter		INFO	pushing into buff
21-02-2016 07:41:36	DataProcessor		INFO	polling
21-02-2016 07:41:36	CameraInterface		INFO	Read successful
21-02-2016 07:41:36	Controller		INFO	sending to transmitter
21-02-2016 07:41:36	Transmitter		INFO	pushing into buff
21-02-2016 07:41:36	DataProcessor		INFO	polling
21-02-2016 07:41:36	CameraInterface		INFO	Read successful
21-02-2016 07:41:36	Controller		INFO	sending to transmitter
21-02-2016 07:41:36	Transmitter		INFO	pushing into buff
21-02-2016 07:41:36	DataProcessor		INFO	polling
21-02-2016 07:41:37	CameraInterface		INFO	Read successful
21-02-2016 07:41:37	Controller		INFO	sending to transmitter
21-02-2016 07:41:37	Transmitter		INFO	pushing into buff
21-02-2016 07:41:37	DataProcessor		INFO	polling
21-02-2016 07:41:37	CameraInterface		INFO	Read successful
21-02-2016 07:41:37	Controller		INFO	sending to transmitter
21-02-2016 07:41:37	Transmitter		INFO	pushing into buff
21-02-2016 07:41:37	DataProcessor		INFO	polling
21-02-2016 07:41:37	CameraInterface		INFO	Read successful
21-02-2016 07:41:37	Controller		INFO	sending to transmitter
21-02-2016 07:41:37	Transmitter		INFO	pushing into buff
21-02-2016 07:41:37	DataProcessor		INFO	polling
21-02-2016 07:41:37	CameraInterface		INFO	Read successful
21-02-2016 07:41:37	Controller		INFO	sending to transmitter
21-02-2016 07:41:37	Transmitter		INFO	pushing into buff
21-02-2016 07:41:37	DataProcessor		INFO	polling
21-02-2016 07:41:38	CameraInterface		INFO	Read successful
21-02-2016 07:41:38	Controller		INFO	sending to transmitter
21-02-2016 07:41:38	Transmitter		INFO	pushing into buff
21-02-2016 07:41:38	DataProcessor		INFO	polling
21-02-2016 07:41:38	CameraInterface		INFO	Read successful
21-02-2016 07:41:38	Controller		INFO	sending to transmitter
21-02-2016 07:41:38	Transmitter		INFO	pushing into buff
21-02-2016 07:41:38	DataProcessor		INFO	polling
21-02-2016 07:41:38	CameraInterface		INFO	Read successful
21-02-2016 07:41:38	Controller		INFO	sending to transmitter
21-02-2016 07:41:38	Transmitter		INFO	pushing into buff
21-02-2016 07:41:38	DataProcessor		INFO	polling
21-02-2016 07:41:38	CameraInterface		INFO	Read successful
21-02-2016 07:41:38	Controller		INFO	sending to transmitter
21-02-2016 07:41:38	Transmitter		INFO	pushing into buff
21-02-2016 07:41:38	DataProcessor		INFO	polling
21-02-2016 07:41:38	CameraInterface		INFO	Read successful
21-02-2016 07:41:38	Controller		INFO	sending to transmitter
21-02-2016 07:41:38	Transmitter		INFO	pushing into buff
21-02-2016 07:41:38	DataProcessor		INFO	polling
21-02-2016 07:41:39	CameraInterface		INFO	Read successful
21-02-2016 07:41:39	Controller		INFO	sending to transmitter
21-02-2016 07:41:39	Transmitter		INFO	pushing into buff
21-02-2016 07:41:39	DataProcessor		INFO	polling
21-02-2016 07:41:39	CameraInterface		INFO	Read successful
21-02-2016 07:41:39	Controller		INFO	sending to transmitter
21-02-2016 07:41:39	Transmitter		INFO	pushing into buff
21-02-2016 07:41:39	DataProcessor		INFO	polling
21-02-2016 07:41:39	CameraInterface		INFO	Read successful
21-02-2016 07:41:39	Controller		INFO	sending to transmitter
21-02-2016 07:41:39	Transmitter		INFO	pushing into buff
21-02-2016 07:41:39	DataProcessor		INFO	polling
21-02-2016 07:41:39	CameraInterface		INFO	Read successful
21-02-2016 07:41:39	Controller		INFO	sending to transmitter
21-02-2016 07:41:39	Transmitter		INFO	pushing into buff
21-02-2016 07:41:39	DataProcessor		INFO	polling
21-02-2016 07:41:39	CameraInterface		INFO	Read successful
21-02-2016 07:41:40	Controller		INFO	sending to transmitter
21-02-2016 07:41:40	Transmitter		INFO	pushing into buff
21-02-2016 07:41:40	DataProcessor		INFO	polling
21-02-2016 07:41:40	CameraInterface		INFO	Read successful
21-02-2016 07:41:40	Controller		INFO	sending to transmitter
21-02-2016 07:41:40	Transmitter		INFO	pushing into buff
21-02-2016 07:41:40	DataProcessor		INFO	polling
21-02-2016 07:41:40	CameraInterface		INFO	Read successful
21-02-2016 07:41:40	Controller		INFO	sending to transmitter
21-02-2016 07:41:40	Transmitter		INFO	pushing into buff
21-02-2016 07:41:40	DataProcessor		INFO	polling
21-02-2016 07:41:40	Transmitter		INFO	sending string: 115081
21-02-2016 07:41:40	CameraInterface		INFO	Read successful
21-02-2016 07:41:40	Controller		INFO	sending to transmitter
21-02-2016 07:41:40	Transmitter		INFO	pushing into buff
21-02-2016 07:41:40	DataProcessor		INFO	polling
21-02-2016 07:41:40	Transmitter		INFO	running
21-02-2016 07:41:40	Transmitter		INFO	getting from buffer
21-02-2016 07:41:40	CameraInterface		INFO	Read successful
21-02-2016 07:41:40	Controller		INFO	sending to transmitter
21-02-2016 07:41:40	Transmitter		INFO	pushing into buff
21-02-2016 07:41:40	DataProcessor		INFO	polling
21-02-2016 07:41:41	CameraInterface		INFO	Read successful
21-02-2016 07:41:41	Controller		INFO	sending to transmitter
21-02-2016 07:41:41	Transmitter		INFO	pushing into buff
21-02-2016 07:41:41	DataProcessor		INFO	polling
21-02-2016 07:41:41	CameraInterface		INFO	Read successful
21-02-2016 07:41:41	Controller		INFO	sending to transmitter
21-02-2016 07:41:41	Transmitter		INFO	pushing into buff
21-02-2016 07:41:41	DataProcessor		INFO	polling
21-02-2016 07:41:41	CameraInterface		INFO	Read successful
21-02-2016 07:41:41	Controller		INFO	sending to transmitter
21-02-2016 07:41:41	Transmitter		INFO	pushing into buff
21-02-2016 07:41:41	DataProcessor		INFO	polling
21-02-2016 07:41:41	CameraInterface		INFO	Read successful
21-02-2016 07:41:41	Controller		INFO	sending to transmitter
21-02-2016 07:41:41	Transmitter		INFO	pushing into buff
21-02-2016 07:41:41	DataProcessor		INFO	polling
21-02-2016 07:41:42	CameraInterface		INFO	Read successful
21-02-2016 07:41:42	Controller		INFO	sending to transmitter
21-02-2016 07:41:42	Transmitter		INFO	pushing into buff
21-02-2016 07:41:42	DataProcessor		INFO	polling
21-02-2016 07:41:42	CameraInterface		INFO	Read successful
21-02-2016 07:41:42	Controller		INFO	sending to transmitter
21-02-2016 07:41:42	Transmitter		INFO	pushing into buff
21-02-2016 07:41:42	DataProcessor		INFO	polling
21-02-2016 07:41:42	CameraInterface		INFO	Read successful
21-02-2016 07:41:42	Controller		INFO	sending to transmitter
21-02-2016 07:41:42	Transmitter		INFO	pushing into buff
21-02-2016 07:41:42	DataProcessor		INFO	polling
21-02-2016 07:41:42	CameraInterface		INFO	Read successful
21-02-2016 07:41:42	Controller		INFO	sending to transmitter
21-02-2016 07:41:42	Transmitter		INFO	pushing into buff
21-02-2016 07:41:42	DataProcessor		INFO	polling
21-02-2016 07:41:42	CameraInterface		INFO	Read successful
21-02-2016 07:41:42	Controller		INFO	sending to transmitter
21-02-2016 07:41:42	Transmitter		INFO	pushing into buff
21-02-2016 07:41:42	DataProcessor		INFO	polling
21-02-2016 07:41:43	CameraInterface		INFO	Read successful
21-02-2016 07:41:43	Controller		INFO	sending to transmitter
21-02-2016 07:41:43	Transmitter		INFO	pushing into buff
21-02-2016 07:41:43	DataProcessor		INFO	polling
21-02-2016 07:41:43	CameraInterface		INFO	Read successful
21-02-2016 07:41:43	Controller		INFO	sending to transmitter
21-02-2016 07:41:43	Transmitter		INFO	pushing into buff
21-02-2016 07:41:43	DataProcessor		INFO	polling
21-02-2016 07:41:43	CameraInterface		INFO	Read successful
21-02-2016 07:41:43	Controller		INFO	sending to transmitter
21-02-2016 07:41:43	Transmitter		INFO	pushing into buff
21-02-2016 07:41:43	DataProcessor		INFO	polling
21-02-2016 07:41:43	CameraInterface		INFO	Read successful
21-02-2016 07:41:43	Controller		INFO	sending to transmitter
21-02-2016 07:41:43	Transmitter		INFO	pushing into buff
21-02-2016 07:41:43	DataProcessor		INFO	polling
21-02-2016 07:41:44	CameraInterface		INFO	Read successful
21-02-2016 07:41:44	Controller		INFO	sending to transmitter
21-02-2016 07:41:44	Transmitter		INFO	pushing into buff
21-02-2016 07:41:44	DataProcessor		INFO	polling
21-02-2016 07:41:44	CameraInterface		INFO	Read successful
21-02-2016 07:41:44	Controller		INFO	sending to transmitter
21-02-2016 07:41:44	Transmitter		INFO	pushing into buff
21-02-2016 07:41:44	DataProcessor		INFO	polling
21-02-2016 07:41:44	CameraInterface		INFO	Read successful
21-02-2016 07:41:44	Controller		INFO	sending to transmitter
21-02-2016 07:41:44	Transmitter		INFO	pushing into buff
21-02-2016 07:41:44	DataProcessor		INFO	polling
21-02-2016 07:41:44	CameraInterface		INFO	Read successful
21-02-2016 07:41:44	Controller		INFO	sending to transmitter
21-02-2016 07:41:44	Transmitter		INFO	pushing into buff
21-02-2016 07:41:44	DataProcessor		INFO	polling
21-02-2016 07:41:44	CameraInterface		INFO	Read successful
21-02-2016 07:41:44	Controller		INFO	sending to transmitter
21-02-2016 07:41:45	Transmitter		INFO	pushing into buff
21-02-2016 07:41:45	DataProcessor		INFO	polling
21-02-2016 07:41:45	CameraInterface		INFO	Read successful
21-02-2016 07:41:45	Controller		INFO	sending to transmitter
21-02-2016 07:41:45	Transmitter		INFO	pushing into buff
21-02-2016 07:41:45	DataProcessor		INFO	polling
21-02-2016 07:41:45	CameraInterface		INFO	Read successful
21-02-2016 07:41:45	Controller		INFO	sending to transmitter
21-02-2016 07:41:45	Transmitter		INFO	pushing into buff
21-02-2016 07:41:45	DataProcessor		INFO	polling
21-02-2016 07:41:45	CameraInterface		INFO	Read successful
21-02-2016 07:41:45	Controller		INFO	sending to transmitter
21-02-2016 07:41:45	Transmitter		INFO	pushing into buff
21-02-2016 07:41:45	DataProcessor		INFO	polling
21-02-2016 07:41:45	CameraInterface		INFO	Read successful
21-02-2016 07:41:45	Controller		INFO	sending to transmitter
21-02-2016 07:41:45	Transmitter		INFO	pushing into buff
21-02-2016 07:41:45	DataProcessor		INFO	polling
21-02-2016 07:41:46	CameraInterface		INFO	Read successful
21-02-2016 07:41:46	Controller		INFO	sending to transmitter
21-02-2016 07:41:46	Transmitter		INFO	pushing into buff
21-02-2016 07:41:46	DataProcessor		INFO	polling
21-02-2016 07:41:46	CameraInterface		INFO	Read successful
21-02-2016 07:41:46	Controller		INFO	sending to transmitter
21-02-2016 07:41:46	Transmitter		INFO	pushing into buff
21-02-2016 07:41:46	DataProcessor		INFO	polling
21-02-2016 07:41:46	CameraInterface		INFO	Read successful
21-02-2016 07:41:46	Controller		INFO	sending to transmitter
21-02-2016 07:41:46	Transmitter		INFO	pushing into buff
21-02-2016 07:41:46	DataProcessor		INFO	polling
21-02-2016 07:41:46	CameraInterface		INFO	Read successful
21-02-2016 07:41:46	Controller		INFO	sending to transmitter
21-02-2016 07:41:46	Transmitter		INFO	pushing into buff
21-02-2016 07:41:46	DataProcessor		INFO	polling
21-02-2016 07:41:46	CameraInterface		INFO	Read successful
21-02-2016 07:41:46	Controller		INFO	sending to transmitter
21-02-2016 07:41:47	Transmitter		INFO	pushing into buff
21-02-2016 07:41:47	DataProcessor		INFO	polling
21-02-2016 07:41:47	CameraInterface		INFO	Read successful
21-02-2016 07:41:47	Controller		INFO	sending to transmitter
21-02-2016 07:41:47	Transmitter		INFO	pushing into buff
21-02-2016 07:41:47	DataProcessor		INFO	polling
21-02-2016 07:41:47	CameraInterface		INFO	Read successful
21-02-2016 07:41:47	Controller		INFO	sending to transmitter
21-02-2016 07:41:47	Transmitter		INFO	pushing into buff
21-02-2016 07:41:47	DataProcessor		INFO	polling
21-02-2016 07:41:47	CameraInterface		INFO	Read successful
21-02-2016 07:41:47	Controller		INFO	sending to transmitter
21-02-2016 07:41:47	Transmitter		INFO	pushing into buff
21-02-2016 07:41:47	DataProcessor		INFO	polling
21-02-2016 07:41:47	CameraInterface		INFO	Read successful
21-02-2016 07:41:47	Controller		INFO	sending to transmitter
21-02-2016 07:41:47	Transmitter		INFO	pushing into buff
21-02-2016 07:41:47	DataProcessor		INFO	polling
21-02-2016 07:41:48	CameraInterface		INFO	Read successful
21-02-2016 07:41:48	Controller		INFO	sending to transmitter
21-02-2016 07:41:48	Transmitter		INFO	pushing into buff
21-02-2016 07:41:48	DataProcessor		INFO	polling
21-02-2016 07:41:48	CameraInterface		INFO	Read successful
21-02-2016 07:41:48	Controller		INFO	sending to transmitter
21-02-2016 07:41:48	Transmitter		INFO	pushing into buff
21-02-2016 07:41:48	DataProcessor		INFO	polling
21-02-2016 07:41:48	CameraInterface		INFO	Read successful
21-02-2016 07:41:48	Controller		INFO	sending to transmitter
21-02-2016 07:41:48	Transmitter		INFO	pushing into buff
21-02-2016 07:41:48	DataProcessor		INFO	polling
21-02-2016 07:41:48	CameraInterface		INFO	Read successful
21-02-2016 07:41:48	Controller		INFO	sending to transmitter
21-02-2016 07:41:48	Transmitter		INFO	pushing into buff
21-02-2016 07:41:48	DataProcessor		INFO	polling
21-02-2016 07:41:48	CameraInterface		INFO	Read successful
21-02-2016 07:41:48	Controller		INFO	sending to transmitter
21-02-2016 07:41:48	Transmitter		INFO	pushing into buff
21-02-2016 07:41:48	DataProcessor		INFO	polling
21-02-2016 07:41:48	Transmitter		INFO	sending string: 1234779
21-02-2016 07:41:49	CameraInterface		INFO	Read successful
21-02-2016 07:41:49	Controller		INFO	sending to transmitter
21-02-2016 07:41:49	Transmitter		INFO	pushing into buff
21-02-2016 07:41:49	DataProcessor		INFO	polling
21-02-2016 07:41:49	Transmitter		INFO	running
21-02-2016 07:41:49	Transmitter		INFO	getting from buffer
21-02-2016 07:41:49	CameraInterface		INFO	Read successful
21-02-2016 07:41:49	Controller		INFO	sending to transmitter
21-02-2016 07:41:49	Transmitter		INFO	pushing into buff
21-02-2016 07:41:49	DataProcessor		INFO	polling
21-02-2016 07:41:49	CameraInterface		INFO	Read successful
21-02-2016 07:41:49	Controller		INFO	sending to transmitter
21-02-2016 07:41:49	Transmitter		INFO	pushing into buff
21-02-2016 07:41:49	DataProcessor		INFO	polling
21-02-2016 07:41:49	CameraInterface		INFO	Read successful
21-02-2016 07:41:49	Controller		INFO	sending to transmitter
21-02-2016 07:41:49	Transmitter		INFO	pushing into buff
21-02-2016 07:41:49	DataProcessor		INFO	polling
21-02-2016 07:41:50	CameraInterface		INFO	Read successful
21-02-2016 07:41:50	Controller		INFO	sending to transmitter
21-02-2016 07:41:50	Transmitter		INFO	pushing into buff
21-02-2016 07:41:50	DataProcessor		INFO	polling
21-02-2016 07:41:50	CameraInterface		INFO	Read successful
21-02-2016 07:41:50	Controller		INFO	sending to transmitter
21-02-2016 07:41:50	Transmitter		INFO	pushing into buff
21-02-2016 07:41:50	DataProcessor		INFO	polling
21-02-2016 07:41:50	CameraInterface		INFO	Read successful
21-02-2016 07:41:50	Controller		INFO	sending to transmitter
21-02-2016 07:41:50	Transmitter		INFO	pushing into buff
21-02-2016 07:41:50	DataProcessor		INFO	polling
