21-02-2016 07:41:07	Main		TRACE	Logger initialized.
21-02-2016 07:41:07	PropertyReader		TRACE	Opening file: settings/settings.txt
21-02-2016 07:41:07	PropertyReader		INFO	File opened: settings/settings.txt
21-02-2016 07:41:07	PropertyReader		INFO	Loading properties file...
21-02-2016 07:41:07	PropertyReader		INFO	Mapped TRACE to LOGGING_LEVEL
21-02-2016 07:41:07	PropertyReader		INFO	Mapped 100 to CAM_BUFFER_SIZE
21-02-2016 07:41:07	PropertyReader		INFO	Mapped 15 to CAM_POLL_FREQUENCY
21-02-2016 07:41:07	PropertyReader		INFO	Mapped 0 to CAM_INDEX
21-02-2016 07:41:07	PropertyReader		DEBUG	Loaded 4 properties successfully
21-02-2016 07:41:07	Controller		INFO	Constructor controller
21-02-2016 07:41:07	Transmitter		INFO	socket retrieve success
21-02-2016 07:41:07	Transmitter		INFO	binding done
21-02-2016 07:41:07	Transmitter		INFO	done listening
21-02-2016 07:41:09	Transmitter		INFO	accepting
21-02-2016 07:41:09	Main		TRACE	intializing controller
21-02-2016 07:41:09	Controller		INFO	Initializing Controller
21-02-2016 07:41:09	Main		TRACE	initializing dataprocessor
21-02-2016 07:41:09	Transmitter		INFO	Starting Receiver Thread execution loop
21-02-2016 07:41:09	ControllerThread		INFO	Starting Controller Thread execution loop
21-02-2016 07:41:09	Receiver		INFO	Starting Receiver Thread execution loop
21-02-2016 07:41:09	CameraInterface		INFO	Initializing camera
21-02-2016 07:41:09	Transmitter		INFO	running
21-02-2016 07:41:09	Transmitter		INFO	running
21-02-2016 07:41:09	Transmitter		INFO	running
21-02-2016 07:41:09	CameraInterface		INFO	Opening video capture stream at position 0
21-02-2016 07:41:09	Transmitter		INFO	running
21-02-2016 07:41:09	Transmitter		INFO	running
21-02-2016 07:41:09	Transmitter		INFO	running
21-02-2016 07:41:09	Transmitter		INFO	running
21-02-2016 07:41:09	Transmitter		INFO	running
21-02-2016 07:41:09	Transmitter		INFO	running
21-02-2016 07:41:09	Transmitter		INFO	running
21-02-2016 07:41:09	Transmitter		INFO	running
21-02-2016 07:41:09	Transmitter		INFO	running
21-02-2016 07:41:09	Transmitter		INFO	running
21-02-2016 07:41:09	Transmitter		INFO	running
21-02-2016 07:41:09	Transmitter		INFO	running
21-02-2016 07:41:09	Transmitter		INFO	running
21-02-2016 07:41:09	Transmitter		INFO	running
21-02-2016 07:41:09	Transmitter		INFO	running
21-02-2016 07:41:09	Transmitter		INFO	running
21-02-2016 07:41:09	Transmitter		INFO	running
21-02-2016 07:41:09	Transmitter		INFO	running
21-02-2016 07:41:09	Transmitter		INFO	running
21-02-2016 07:41:09	Transmitter		INFO	running
21-02-2016 07:41:09	Transmitter		INFO	running
21-02-2016 07:41:09	Transmitter		INFO	running
21-02-2016 07:41:09	Transmitter		INFO	running
21-02-2016 07:41:09	Transmitter		INFO	running
21-02-2016 07:41:09	Transmitter		INFO	running
21-02-2016 07:41:09	Transmitter		INFO	running
21-02-2016 07:41:09	Transmitter		INFO	running
21-02-2016 07:41:09	Transmitter		INFO	running
21-02-2016 07:41:09	Transmitter		INFO	running
21-02-2016 07:41:09	Transmitter		INFO	running
21-02-2016 07:41:09	Transmitter		INFO	running
21-02-2016 07:41:09	Transmitter		INFO	running
21-02-2016 07:41:09	Transmitter		INFO	running
21-02-2016 07:41:09	Transmitter		INFO	running
21-02-2016 07:41:09	Main		TRACE	running controller
21-02-2016 07:41:09	Transmitter		INFO	running
21-02-2016 07:41:09	DataProcessor		INFO	polling
21-02-2016 07:41:09	Transmitter		INFO	running
21-02-2016 07:41:09	Transmitter		INFO	running
21-02-2016 07:41:09	Transmitter		INFO	running
21-02-2016 07:41:09	Transmitter		INFO	running
21-02-2016 07:41:09	Transmitter		INFO	running
21-02-2016 07:41:09	Transmitter		INFO	running
21-02-2016 07:41:09	Transmitter		INFO	running
21-02-2016 07:41:09	Transmitter		INFO	running
21-02-2016 07:41:09	Transmitter		INFO	running
21-02-2016 07:41:09	Transmitter		INFO	running
21-02-2016 07:41:09	Transmitter		INFO	running
21-02-2016 07:41:09	Transmitter		INFO	running
21-02-2016 07:41:09	Transmitter		INFO	running
21-02-2016 07:41:09	Transmitter		INFO	running
21-02-2016 07:41:09	Transmitter		INFO	running
21-02-2016 07:41:09	Transmitter		INFO	running
21-02-2016 07:41:09	Transmitter		INFO	running
21-02-2016 07:41:09	Transmitter		INFO	running
21-02-2016 07:41:09	Transmitter		INFO	running
21-02-2016 07:41:09	Transmitter		INFO	running
21-02-2016 07:41:09	Transmitter		INFO	running
21-02-2016 07:41:09	Transmitter		INFO	running
21-02-2016 07:41:09	Transmitter		INFO	running
21-02-2016 07:41:09	Transmitter		INFO	running
21-02-2016 07:41:09	Transmitter		INFO	running
21-02-2016 07:41:09	Transmitter		INFO	running
21-02-2016 07:41:09	Transmitter		INFO	running
21-02-2016 07:41:09	Transmitter		INFO	running
21-02-2016 07:41:09	Transmitter		INFO	running
21-02-2016 07:41:09	Transmitter		INFO	running
21-02-2016 07:41:09	Transmitter		INFO	running
21-02-2016 07:41:09	Transmitter		INFO	running
21-02-2016 07:41:09	Transmitter		INFO	running
21-02-2016 07:41:09	Transmitter		INFO	running
21-02-2016 07:41:09	Transmitter		INFO	running
21-02-2016 07:41:09	Transmitter		INFO	running
21-02-2016 07:41:09	Transmitter		INFO	running
21-02-2016 07:41:09	Transmitter		INFO	running
21-02-2016 07:41:10	Transmitter		INFO	running
21-02-2016 07:41:10	Transmitter		INFO	running
21-02-2016 07:41:10	Transmitter		INFO	running
21-02-2016 07:41:10	Transmitter		INFO	running
21-02-2016 07:41:10	Transmitter		INFO	running
21-02-2016 07:41:10	Transmitter		INFO	running
21-02-2016 07:41:10	Transmitter		INFO	running
21-02-2016 07:41:10	Transmitter		INFO	running
21-02-2016 07:41:10	Transmitter		INFO	running
21-02-2016 07:41:10	Transmitter		INFO	running
21-02-2016 07:41:10	Transmitter		INFO	running
21-02-2016 07:41:10	Transmitter		INFO	running
21-02-2016 07:41:10	Transmitter		INFO	running
21-02-2016 07:41:10	Transmitter		INFO	running
21-02-2016 07:41:10	Transmitter		INFO	running
21-02-2016 07:41:10	Transmitter		INFO	running
21-02-2016 07:41:10	Transmitter		INFO	running
21-02-2016 07:41:10	Transmitter		INFO	running
21-02-2016 07:41:10	Transmitter		INFO	running
21-02-2016 07:41:10	Transmitter		INFO	running
21-02-2016 07:41:10	Transmitter		INFO	running
21-02-2016 07:41:10	Transmitter		INFO	running
21-02-2016 07:41:10	Transmitter		INFO	running
21-02-2016 07:41:10	Transmitter		INFO	running
21-02-2016 07:41:10	Transmitter		INFO	running
21-02-2016 07:41:10	Transmitter		INFO	running
21-02-2016 07:41:10	Transmitter		INFO	running
21-02-2016 07:41:10	Transmitter		INFO	running
21-02-2016 07:41:10	Transmitter		INFO	running
21-02-2016 07:41:10	Transmitter		INFO	running
21-02-2016 07:41:10	Transmitter		INFO	running
21-02-2016 07:41:10	Transmitter		INFO	running
21-02-2016 07:41:10	Transmitter		INFO	running
21-02-2016 07:41:10	Transmitter		INFO	running
21-02-2016 07:41:10	Transmitter		INFO	running
21-02-2016 07:41:10	Transmitter		INFO	running
21-02-2016 07:41:10	Transmitter		INFO	running
21-02-2016 07:41:10	Transmitter		INFO	running
21-02-2016 07:41:10	Transmitter		INFO	running
21-02-2016 07:41:10	Transmitter		INFO	running
21-02-2016 07:41:10	Transmitter		INFO	running
21-02-2016 07:41:10	Transmitter		INFO	running
21-02-2016 07:41:10	Transmitter		INFO	running
21-02-2016 07:41:10	Transmitter		INFO	running
21-02-2016 07:41:10	Transmitter		INFO	running
21-02-2016 07:41:10	Transmitter		INFO	running
21-02-2016 07:41:10	Transmitter		INFO	running
21-02-2016 07:41:10	Transmitter		INFO	running
21-02-2016 07:41:10	Transmitter		INFO	running
21-02-2016 07:41:10	Transmitter		INFO	running
21-02-2016 07:41:10	Transmitter		INFO	running
21-02-2016 07:41:10	Transmitter		INFO	running
21-02-2016 07:41:10	Transmitter		INFO	running
21-02-2016 07:41:10	Transmitter		INFO	running
21-02-2016 07:41:10	Transmitter		INFO	running
21-02-2016 07:41:10	Transmitter		INFO	running
21-02-2016 07:41:10	Transmitter		INFO	running
21-02-2016 07:41:10	Transmitter		INFO	running
21-02-2016 07:41:10	Transmitter		INFO	running
21-02-2016 07:41:10	Transmitter		INFO	running
21-02-2016 07:41:10	Transmitter		INFO	running
21-02-2016 07:41:10	Transmitter		INFO	running
21-02-2016 07:41:10	Transmitter		INFO	running
21-02-2016 07:41:10	CameraInterface		INFO	Read successful
21-02-2016 07:41:10	Controller		INFO	sending to transmitter
21-02-2016 07:41:10	Transmitter		INFO	pushing into buff
21-02-2016 07:41:10	DataProcessor		INFO	polling
21-02-2016 07:41:10	Transmitter		INFO	running
21-02-2016 07:41:10	Transmitter		INFO	getting from buffer
21-02-2016 07:41:10	CameraInterface		INFO	Read successful
21-02-2016 07:41:10	Controller		INFO	sending to transmitter
21-02-2016 07:41:10	Transmitter		INFO	pushing into buff
21-02-2016 07:41:10	DataProcessor		INFO	polling
21-02-2016 07:41:10	CameraInterface		INFO	Read successful
21-02-2016 07:41:11	Controller		INFO	sending to transmitter
21-02-2016 07:41:11	Transmitter		INFO	pushing into buff
21-02-2016 07:41:11	DataProcessor		INFO	polling
21-02-2016 07:41:11	CameraInterface		INFO	Read successful
21-02-2016 07:41:11	Controller		INFO	sending to transmitter
21-02-2016 07:41:11	Transmitter		INFO	pushing into buff
21-02-2016 07:41:11	DataProcessor		INFO	polling
21-02-2016 07:41:11	CameraInterface		INFO	Read successful
21-02-2016 07:41:11	Controller		INFO	sending to transmitter
21-02-2016 07:41:11	Transmitter		INFO	pushing into buff
21-02-2016 07:41:11	DataProcessor		INFO	polling
21-02-2016 07:41:11	CameraInterface		INFO	Read successful
21-02-2016 07:41:11	Controller		INFO	sending to transmitter
21-02-2016 07:41:11	Transmitter		INFO	pushing into buff
21-02-2016 07:41:11	DataProcessor		INFO	polling
21-02-2016 07:41:11	CameraInterface		INFO	Read successful
21-02-2016 07:41:11	Controller		INFO	sending to transmitter
21-02-2016 07:41:11	Transmitter		INFO	pushing into buff
21-02-2016 07:41:12	DataProcessor		INFO	polling
21-02-2016 07:41:12	CameraInterface		INFO	Read successful
21-02-2016 07:41:12	Controller		INFO	sending to transmitter
21-02-2016 07:41:12	Transmitter		INFO	pushing into buff
21-02-2016 07:41:12	DataProcessor		INFO	polling
21-02-2016 07:41:12	CameraInterface		INFO	Read successful
21-02-2016 07:41:12	Controller		INFO	sending to transmitter
21-02-2016 07:41:12	Transmitter		INFO	pushing into buff
21-02-2016 07:41:12	DataProcessor		INFO	polling
21-02-2016 07:41:12	CameraInterface		INFO	Read successful
21-02-2016 07:41:12	Controller		INFO	sending to transmitter
21-02-2016 07:41:12	Transmitter		INFO	pushing into buff
21-02-2016 07:41:12	DataProcessor		INFO	polling
21-02-2016 07:41:12	CameraInterface		INFO	Read successful
21-02-2016 07:41:12	Controller		INFO	sending to transmitter
21-02-2016 07:41:12	Transmitter		INFO	pushing into buff
21-02-2016 07:41:12	DataProcessor		INFO	polling
21-02-2016 07:41:13	CameraInterface		INFO	Read successful
21-02-2016 07:41:13	Controller		INFO	sending to transmitter
21-02-2016 07:41:13	Transmitter		INFO	pushing into buff
21-02-2016 07:41:13	DataProcessor		INFO	polling
21-02-2016 07:41:13	CameraInterface		INFO	Read successful
21-02-2016 07:41:13	Controller		INFO	sending to transmitter
21-02-2016 07:41:13	Transmitter		INFO	pushing into buff
21-02-2016 07:41:13	DataProcessor		INFO	polling
21-02-2016 07:41:13	CameraInterface		INFO	Read successful
21-02-2016 07:41:13	Controller		INFO	sending to transmitter
21-02-2016 07:41:13	Transmitter		INFO	pushing into buff
21-02-2016 07:41:13	DataProcessor		INFO	polling
21-02-2016 07:41:13	CameraInterface		INFO	Read successful
21-02-2016 07:41:13	Controller		INFO	sending to transmitter
21-02-2016 07:41:13	Transmitter		INFO	pushing into buff
21-02-2016 07:41:13	DataProcessor		INFO	polling
21-02-2016 07:41:13	CameraInterface		INFO	Read successful
21-02-2016 07:41:13	Controller		INFO	sending to transmitter
21-02-2016 07:41:13	Transmitter		INFO	pushing into buff
21-02-2016 07:41:13	DataProcessor		INFO	polling
21-02-2016 07:41:14	CameraInterface		INFO	Read successful
21-02-2016 07:41:14	Controller		INFO	sending to transmitter
21-02-2016 07:41:14	Transmitter		INFO	pushing into buff
21-02-2016 07:41:14	DataProcessor		INFO	polling
21-02-2016 07:41:14	CameraInterface		INFO	Read successful
21-02-2016 07:41:14	Controller		INFO	sending to transmitter
21-02-2016 07:41:14	Transmitter		INFO	pushing into buff
21-02-2016 07:41:14	DataProcessor		INFO	polling
21-02-2016 07:41:14	CameraInterface		INFO	Read successful
21-02-2016 07:41:14	Controller		INFO	sending to transmitter
21-02-2016 07:41:14	Transmitter		INFO	pushing into buff
21-02-2016 07:41:14	DataProcessor		INFO	polling
21-02-2016 07:41:14	CameraInterface		INFO	Read successful
21-02-2016 07:41:14	Controller		INFO	sending to transmitter
21-02-2016 07:41:14	Transmitter		INFO	pushing into buff
21-02-2016 07:41:14	DataProcessor		INFO	polling
21-02-2016 07:41:15	CameraInterface		INFO	Read successful
21-02-2016 07:41:15	Controller		INFO	sending to transmitter
21-02-2016 07:41:15	Transmitter		INFO	pushing into buff
21-02-2016 07:41:15	DataProcessor		INFO	polling
21-02-2016 07:41:15	CameraInterface		INFO	Read successful
21-02-2016 07:41:15	Controller		INFO	sending to transmitter
21-02-2016 07:41:15	Transmitter		INFO	pushing into buff
21-02-2016 07:41:15	DataProcessor		INFO	polling
21-02-2016 07:41:15	CameraInterface		INFO	Read successful
21-02-2016 07:41:15	Controller		INFO	sending to transmitter
21-02-2016 07:41:15	Transmitter		INFO	pushing into buff
21-02-2016 07:41:15	DataProcessor		INFO	polling
21-02-2016 07:41:15	Transmitter		INFO	sending string: 112179
21-02-2016 07:41:15	CameraInterface		INFO	Read successful
21-02-2016 07:41:15	Controller		INFO	sending to transmitter
21-02-2016 07:41:15	Transmitter		INFO	pushing into buff
21-02-2016 07:41:15	DataProcessor		INFO	polling
21-02-2016 07:41:15	Transmitter		INFO	running
21-02-2016 07:41:15	Transmitter		INFO	getting from buffer
21-02-2016 07:41:15	CameraInterface		INFO	Read successful
21-02-2016 07:41:15	Controller		INFO	sending to transmitter
21-02-2016 07:41:16	Transmitter		INFO	pushing into buff
21-02-2016 07:41:16	DataProcessor		INFO	polling
21-02-2016 07:41:16	CameraInterface		INFO	Read successful
21-02-2016 07:41:16	Controller		INFO	sending to transmitter
21-02-2016 07:41:16	Transmitter		INFO	pushing into buff
21-02-2016 07:41:16	DataProcessor		INFO	polling
21-02-2016 07:41:16	CameraInterface		INFO	Read successful
21-02-2016 07:41:16	Controller		INFO	sending to transmitter
21-02-2016 07:41:16	Transmitter		INFO	pushing into buff
21-02-2016 07:41:16	DataProcessor		INFO	polling
21-02-2016 07:41:16	CameraInterface		INFO	Read successful
21-02-2016 07:41:16	Controller		INFO	sending to transmitter
21-02-2016 07:41:16	Transmitter		INFO	pushing into buff
21-02-2016 07:41:16	DataProcessor		INFO	polling
21-02-2016 07:41:16	CameraInterface		INFO	Read successful
21-02-2016 07:41:17	Controller		INFO	sending to transmitter
21-02-2016 07:41:17	Transmitter		INFO	pushing into buff
21-02-2016 07:41:17	DataProcessor		INFO	polling
21-02-2016 07:41:17	CameraInterface		INFO	Read successful
21-02-2016 07:41:17	Controller		INFO	sending to transmitter
21-02-2016 07:41:17	Transmitter		INFO	pushing into buff
21-02-2016 07:41:17	DataProcessor		INFO	polling
21-02-2016 07:41:17	CameraInterface		INFO	Read successful
21-02-2016 07:41:17	Controller		INFO	sending to transmitter
21-02-2016 07:41:17	Transmitter		INFO	pushing into buff
21-02-2016 07:41:17	DataProcessor		INFO	polling
21-02-2016 07:41:17	CameraInterface		INFO	Read successful
21-02-2016 07:41:17	Controller		INFO	sending to transmitter
21-02-2016 07:41:17	Transmitter		INFO	pushing into buff
21-02-2016 07:41:17	DataProcessor		INFO	polling
21-02-2016 07:41:18	CameraInterface		INFO	Read successful
21-02-2016 07:41:18	Controller		INFO	sending to transmitter
21-02-2016 07:41:18	Transmitter		INFO	pushing into buff
21-02-2016 07:41:18	DataProcessor		INFO	polling
21-02-2016 07:41:18	CameraInterface		INFO	Read successful
21-02-2016 07:41:18	Controller		INFO	sending to transmitter
21-02-2016 07:41:18	Transmitter		INFO	pushing into buff
21-02-2016 07:41:18	DataProcessor		INFO	polling
21-02-2016 07:41:18	CameraInterface		INFO	Read successful
21-02-2016 07:41:18	Controller		INFO	sending to transmitter
21-02-2016 07:41:18	Transmitter		INFO	pushing into buff
21-02-2016 07:41:18	DataProcessor		INFO	polling
21-02-2016 07:41:18	CameraInterface		INFO	Read successful
21-02-2016 07:41:18	Controller		INFO	sending to transmitter
21-02-2016 07:41:18	Transmitter		INFO	pushing into buff
21-02-2016 07:41:18	DataProcessor		INFO	polling
21-02-2016 07:41:19	CameraInterface		INFO	Read successful
21-02-2016 07:41:19	Controller		INFO	sending to transmitter
21-02-2016 07:41:19	Transmitter		INFO	pushing into buff
21-02-2016 07:41:19	DataProcessor		INFO	polling
21-02-2016 07:41:19	CameraInterface		INFO	Read successful
21-02-2016 07:41:19	Controller		INFO	sending to transmitter
21-02-2016 07:41:19	Transmitter		INFO	pushing into buff
21-02-2016 07:41:19	DataProcessor		INFO	polling
21-02-2016 07:41:19	CameraInterface		INFO	Read successful
21-02-2016 07:41:19	Controller		INFO	sending to transmitter
21-02-2016 07:41:19	Transmitter		INFO	pushing into buff
