17-01-2016 07:13:40	Main		TRACE	Logger initialized.
17-01-2016 07:13:40	PropertyReader		TRACE	Opening file: settings/settings.txt
17-01-2016 07:13:40	PropertyReader		INFO	File opened: settings/settings.txt
17-01-2016 07:13:40	PropertyReader		INFO	Loading properties file...
17-01-2016 07:13:40	PropertyReader		INFO	Mapped INFO to LOGGING_LEVEL
17-01-2016 07:13:40	PropertyReader		INFO	Mapped 100 to CAM_BUFFER_SIZE
17-01-2016 07:13:40	PropertyReader		INFO	Mapped 15 to CAM_POLL_FREQUENCY
17-01-2016 07:13:40	PropertyReader		INFO	Mapped 0 to CAM_INDEX
17-01-2016 07:13:40	PropertyReader		DEBUG	Loaded 4 properties successfully
17-01-2016 07:13:40	Controller		INFO	Initializing Controller
17-01-2016 07:13:40	CameraInterface		INFO	Initializing camera
17-01-2016 07:13:40	CameraInterface		INFO	Opening video capture stream at position 0
17-01-2016 07:13:40	Transmitter		INFO	Starting Receiver Thread execution loop
17-01-2016 07:13:40	ControllerThread		INFO	Starting Controller Thread execution loop
17-01-2016 07:13:40	Receiver		INFO	Starting Receiver Thread execution loop
17-01-2016 07:13:40	CameraInterface		ERROR	Camera stream failed to read image
17-01-2016 07:13:41	CameraInterface		ERROR	Camera stream failed to read image
17-01-2016 07:13:41	CameraInterface		ERROR	Camera stream failed to read image
17-01-2016 07:13:42	CameraInterface		ERROR	Camera stream failed to read image
17-01-2016 07:13:42	CameraInterface		ERROR	Camera stream failed to read image
17-01-2016 07:13:42	CameraInterface		ERROR	Camera stream failed to read image
17-01-2016 07:13:43	CameraInterface		ERROR	Camera stream failed to read image
17-01-2016 07:13:43	CameraInterface		ERROR	Camera stream failed to read image
17-01-2016 07:13:43	CameraInterface		ERROR	Camera stream failed to read image
17-01-2016 07:13:44	CameraInterface		ERROR	Camera stream failed to read image
17-01-2016 07:13:44	CameraInterface		ERROR	Camera stream failed to read image
17-01-2016 07:13:44	CameraInterface		ERROR	Camera stream failed to read image
17-01-2016 07:13:45	CameraInterface		ERROR	Camera stream failed to read image
17-01-2016 07:13:45	CameraInterface		ERROR	Camera stream failed to read image
17-01-2016 07:13:45	CameraInterface		ERROR	Camera stream failed to read image
17-01-2016 07:13:46	CameraInterface		ERROR	Camera stream failed to read image
17-01-2016 07:13:46	CameraInterface		ERROR	Camera stream failed to read image
17-01-2016 07:13:46	CameraInterface		ERROR	Camera stream failed to read image
17-01-2016 07:13:47	CameraInterface		ERROR	Camera stream failed to read image
17-01-2016 07:13:47	CameraInterface		ERROR	Camera stream failed to read image
17-01-2016 07:13:47	CameraInterface		ERROR	Camera stream failed to read image
17-01-2016 07:13:47	CameraInterface		ERROR	Camera stream failed to read image
17-01-2016 07:13:48	CameraInterface		ERROR	Camera stream failed to read image
17-01-2016 07:13:48	CameraInterface		ERROR	Camera stream failed to read image
17-01-2016 07:13:48	CameraInterface		ERROR	Camera stream failed to read image
17-01-2016 07:13:49	CameraInterface		ERROR	Camera stream failed to read image
17-01-2016 07:13:49	CameraInterface		ERROR	Camera stream failed to read image
17-01-2016 07:13:50	CameraInterface		ERROR	Camera stream failed to read image
17-01-2016 07:13:50	CameraInterface		ERROR	Camera stream failed to read image
17-01-2016 07:13:50	CameraInterface		ERROR	Camera stream failed to read image
17-01-2016 07:13:51	CameraInterface		ERROR	Camera stream failed to read image
17-01-2016 07:13:51	CameraInterface		ERROR	Camera stream failed to read image
17-01-2016 07:13:51	CameraInterface		ERROR	Camera stream failed to read image
