21-02-2016 07:17:26	Main		TRACE	Logger initialized.
21-02-2016 07:17:26	PropertyReader		TRACE	Opening file: settings/settings.txt
21-02-2016 07:17:26	PropertyReader		INFO	File opened: settings/settings.txt
21-02-2016 07:17:26	PropertyReader		INFO	Loading properties file...
21-02-2016 07:17:26	PropertyReader		INFO	Mapped TRACE to LOGGING_LEVEL
21-02-2016 07:17:26	PropertyReader		INFO	Mapped 100 to CAM_BUFFER_SIZE
21-02-2016 07:17:26	PropertyReader		INFO	Mapped 15 to CAM_POLL_FREQUENCY
21-02-2016 07:17:26	PropertyReader		INFO	Mapped 0 to CAM_INDEX
21-02-2016 07:17:26	PropertyReader		DEBUG	Loaded 4 properties successfully
21-02-2016 07:17:26	Controller		INFO	Constructor controller
21-02-2016 07:17:26	Transmitter		INFO	socket retrieve success
21-02-2016 07:17:26	Transmitter		INFO	binding done
21-02-2016 07:17:26	Transmitter		INFO	done listening
21-02-2016 07:17:37	Transmitter		INFO	accepting
21-02-2016 07:17:37	Main		TRACE	intializing controller
21-02-2016 07:17:37	Controller		INFO	Initializing Controller
21-02-2016 07:17:37	Main		TRACE	initializing dataprocessor
21-02-2016 07:17:37	CameraInterface		INFO	Initializing camera
21-02-2016 07:17:37	CameraInterface		INFO	Opening video capture stream at position 0
21-02-2016 07:17:37	Receiver		INFO	Starting Receiver Thread execution loop
21-02-2016 07:17:37	Transmitter		INFO	Starting Receiver Thread execution loop
21-02-2016 07:17:37	Transmitter		INFO	running
21-02-2016 07:17:37	Transmitter		INFO	running
21-02-2016 07:17:37	ControllerThread		INFO	Starting Controller Thread execution loop
21-02-2016 07:17:37	Transmitter		INFO	running
21-02-2016 07:17:37	Transmitter		INFO	running
21-02-2016 07:17:37	Transmitter		INFO	running
21-02-2016 07:17:37	Transmitter		INFO	running
21-02-2016 07:17:37	Transmitter		INFO	running
21-02-2016 07:17:37	Transmitter		INFO	running
21-02-2016 07:17:37	Transmitter		INFO	running
21-02-2016 07:17:37	Transmitter		INFO	running
21-02-2016 07:17:37	Transmitter		INFO	running
21-02-2016 07:17:37	Transmitter		INFO	running
21-02-2016 07:17:37	Transmitter		INFO	running
21-02-2016 07:17:37	Transmitter		INFO	running
21-02-2016 07:17:37	Transmitter		INFO	running
21-02-2016 07:17:37	Transmitter		INFO	running
21-02-2016 07:17:37	Transmitter		INFO	running
21-02-2016 07:17:37	Transmitter		INFO	running
21-02-2016 07:17:37	Transmitter		INFO	running
21-02-2016 07:17:37	Transmitter		INFO	running
21-02-2016 07:17:37	Transmitter		INFO	running
21-02-2016 07:17:37	Transmitter		INFO	running
21-02-2016 07:17:37	Transmitter		INFO	running
21-02-2016 07:17:37	Transmitter		INFO	running
21-02-2016 07:17:37	Transmitter		INFO	running
21-02-2016 07:17:37	Transmitter		INFO	running
21-02-2016 07:17:37	Transmitter		INFO	running
21-02-2016 07:17:37	Transmitter		INFO	running
21-02-2016 07:17:37	Transmitter		INFO	running
21-02-2016 07:17:37	Transmitter		INFO	running
21-02-2016 07:17:37	Transmitter		INFO	running
21-02-2016 07:17:37	Transmitter		INFO	running
21-02-2016 07:17:37	Transmitter		INFO	running
21-02-2016 07:17:37	Transmitter		INFO	running
21-02-2016 07:17:37	Transmitter		INFO	running
21-02-2016 07:17:37	Transmitter		INFO	running
21-02-2016 07:17:37	Transmitter		INFO	running
21-02-2016 07:17:37	Transmitter		INFO	running
21-02-2016 07:17:37	Transmitter		INFO	running
21-02-2016 07:17:37	Transmitter		INFO	running
21-02-2016 07:17:37	Main		TRACE	running controller
21-02-2016 07:17:37	DataProcessor		INFO	polling
21-02-2016 07:17:37	Transmitter		INFO	running
21-02-2016 07:17:37	Transmitter		INFO	running
21-02-2016 07:17:37	Transmitter		INFO	running
21-02-2016 07:17:37	Transmitter		INFO	running
21-02-2016 07:17:37	Transmitter		INFO	running
21-02-2016 07:17:37	Transmitter		INFO	running
21-02-2016 07:17:37	Transmitter		INFO	running
21-02-2016 07:17:37	Transmitter		INFO	running
21-02-2016 07:17:37	Transmitter		INFO	running
21-02-2016 07:17:37	Transmitter		INFO	running
21-02-2016 07:17:37	Transmitter		INFO	running
21-02-2016 07:17:37	Transmitter		INFO	running
21-02-2016 07:17:37	Transmitter		INFO	running
21-02-2016 07:17:37	Transmitter		INFO	running
21-02-2016 07:17:37	Transmitter		INFO	running
21-02-2016 07:17:37	Transmitter		INFO	running
21-02-2016 07:17:37	Transmitter		INFO	running
21-02-2016 07:17:37	Transmitter		INFO	running
21-02-2016 07:17:37	Transmitter		INFO	running
21-02-2016 07:17:37	Transmitter		INFO	running
21-02-2016 07:17:37	Transmitter		INFO	running
21-02-2016 07:17:37	Transmitter		INFO	running
21-02-2016 07:17:37	Transmitter		INFO	running
21-02-2016 07:17:37	Transmitter		INFO	running
21-02-2016 07:17:37	Transmitter		INFO	running
21-02-2016 07:17:37	Transmitter		INFO	running
21-02-2016 07:17:37	Transmitter		INFO	running
21-02-2016 07:17:37	Transmitter		INFO	running
21-02-2016 07:17:37	Transmitter		INFO	running
21-02-2016 07:17:37	Transmitter		INFO	running
21-02-2016 07:17:37	Transmitter		INFO	running
21-02-2016 07:17:37	Transmitter		INFO	running
21-02-2016 07:17:37	Transmitter		INFO	running
21-02-2016 07:17:37	Transmitter		INFO	running
21-02-2016 07:17:37	Transmitter		INFO	running
21-02-2016 07:17:37	Transmitter		INFO	running
21-02-2016 07:17:37	Transmitter		INFO	running
21-02-2016 07:17:37	Transmitter		INFO	running
21-02-2016 07:17:37	Transmitter		INFO	running
21-02-2016 07:17:37	Transmitter		INFO	running
21-02-2016 07:17:37	Transmitter		INFO	running
21-02-2016 07:17:37	Transmitter		INFO	running
21-02-2016 07:17:37	Transmitter		INFO	running
21-02-2016 07:17:37	Transmitter		INFO	running
21-02-2016 07:17:37	Transmitter		INFO	running
21-02-2016 07:17:37	Transmitter		INFO	running
21-02-2016 07:17:37	Transmitter		INFO	running
21-02-2016 07:17:37	Transmitter		INFO	running
21-02-2016 07:17:37	Transmitter		INFO	running
21-02-2016 07:17:37	Transmitter		INFO	running
21-02-2016 07:17:37	Transmitter		INFO	running
21-02-2016 07:17:37	Transmitter		INFO	running
21-02-2016 07:17:37	Transmitter		INFO	running
21-02-2016 07:17:37	Transmitter		INFO	running
21-02-2016 07:17:37	Transmitter		INFO	running
21-02-2016 07:17:37	Transmitter		INFO	running
21-02-2016 07:17:37	Transmitter		INFO	running
21-02-2016 07:17:37	Transmitter		INFO	running
21-02-2016 07:17:37	Transmitter		INFO	running
21-02-2016 07:17:37	Transmitter		INFO	running
21-02-2016 07:17:37	Transmitter		INFO	running
21-02-2016 07:17:37	Transmitter		INFO	running
21-02-2016 07:17:37	Transmitter		INFO	running
21-02-2016 07:17:37	Transmitter		INFO	running
21-02-2016 07:17:37	Transmitter		INFO	running
21-02-2016 07:17:37	Transmitter		INFO	running
21-02-2016 07:17:37	Transmitter		INFO	running
21-02-2016 07:17:37	Transmitter		INFO	running
21-02-2016 07:17:37	Transmitter		INFO	running
21-02-2016 07:17:37	Transmitter		INFO	running
21-02-2016 07:17:37	Transmitter		INFO	running
21-02-2016 07:17:37	Transmitter		INFO	running
21-02-2016 07:17:37	Transmitter		INFO	running
21-02-2016 07:17:37	Transmitter		INFO	running
21-02-2016 07:17:37	Transmitter		INFO	running
21-02-2016 07:17:37	Transmitter		INFO	running
21-02-2016 07:17:37	Transmitter		INFO	running
21-02-2016 07:17:37	Transmitter		INFO	running
21-02-2016 07:17:37	Transmitter		INFO	running
21-02-2016 07:17:37	Transmitter		INFO	running
21-02-2016 07:17:37	Transmitter		INFO	running
21-02-2016 07:17:37	Transmitter		INFO	running
21-02-2016 07:17:37	Transmitter		INFO	running
21-02-2016 07:17:37	Transmitter		INFO	running
21-02-2016 07:17:37	Transmitter		INFO	running
21-02-2016 07:17:37	Transmitter		INFO	running
21-02-2016 07:17:37	Transmitter		INFO	running
21-02-2016 07:17:37	Transmitter		INFO	running
21-02-2016 07:17:37	Transmitter		INFO	running
21-02-2016 07:17:37	Transmitter		INFO	running
21-02-2016 07:17:37	Transmitter		INFO	running
21-02-2016 07:17:37	Transmitter		INFO	running
21-02-2016 07:17:37	Transmitter		INFO	running
21-02-2016 07:17:37	Transmitter		INFO	running
21-02-2016 07:17:37	Transmitter		INFO	running
21-02-2016 07:17:37	Transmitter		INFO	running
21-02-2016 07:17:37	Transmitter		INFO	running
21-02-2016 07:17:37	Transmitter		INFO	running
21-02-2016 07:17:37	Transmitter		INFO	running
21-02-2016 07:17:37	Transmitter		INFO	running
21-02-2016 07:17:37	Transmitter		INFO	running
21-02-2016 07:17:37	Transmitter		INFO	running
21-02-2016 07:17:37	Transmitter		INFO	running
21-02-2016 07:17:37	Transmitter		INFO	running
21-02-2016 07:17:37	Transmitter		INFO	running
21-02-2016 07:17:37	Transmitter		INFO	running
21-02-2016 07:17:37	Transmitter		INFO	running
21-02-2016 07:17:37	Transmitter		INFO	running
21-02-2016 07:17:37	Transmitter		INFO	running
21-02-2016 07:17:37	Transmitter		INFO	running
21-02-2016 07:17:37	Transmitter		INFO	running
21-02-2016 07:17:37	Transmitter		INFO	running
21-02-2016 07:17:37	Transmitter		INFO	running
21-02-2016 07:17:37	Transmitter		INFO	running
21-02-2016 07:17:37	Transmitter		INFO	running
21-02-2016 07:17:37	Transmitter		INFO	running
21-02-2016 07:17:37	Transmitter		INFO	running
21-02-2016 07:17:37	Transmitter		INFO	running
21-02-2016 07:17:37	Transmitter		INFO	running
21-02-2016 07:17:38	Transmitter		INFO	running
21-02-2016 07:17:38	Transmitter		INFO	running
21-02-2016 07:17:38	Transmitter		INFO	running
21-02-2016 07:17:38	Transmitter		INFO	running
21-02-2016 07:17:38	Transmitter		INFO	running
21-02-2016 07:17:38	Transmitter		INFO	running
21-02-2016 07:17:38	Transmitter		INFO	running
21-02-2016 07:17:38	Transmitter		INFO	running
21-02-2016 07:17:38	Transmitter		INFO	running
21-02-2016 07:17:38	Transmitter		INFO	running
21-02-2016 07:17:38	CameraInterface		INFO	Read successful
21-02-2016 07:17:38	Controller		INFO	sending to transmitter
21-02-2016 07:17:38	Transmitter		INFO	pushing into buff
21-02-2016 07:17:38	Transmitter		INFO	pushing into buff
21-02-2016 07:17:38	Transmitter		INFO	running
21-02-2016 07:17:38	DataProcessor		INFO	polling
21-02-2016 07:17:38	Transmitter		INFO	getting from buffer
21-02-2016 07:17:38	CameraInterface		INFO	Read successful
21-02-2016 07:17:38	Controller		INFO	sending to transmitter
21-02-2016 07:17:38	Transmitter		INFO	pushing into buff
21-02-2016 07:17:38	DataProcessor		INFO	polling
21-02-2016 07:17:38	CameraInterface		INFO	Read successful
21-02-2016 07:17:38	Controller		INFO	sending to transmitter
21-02-2016 07:17:38	Transmitter		INFO	pushing into buff
21-02-2016 07:17:38	DataProcessor		INFO	polling
21-02-2016 07:17:38	CameraInterface		INFO	Read successful
21-02-2016 07:17:38	Controller		INFO	sending to transmitter
21-02-2016 07:17:38	Transmitter		INFO	pushing into buff
21-02-2016 07:17:38	DataProcessor		INFO	polling
21-02-2016 07:17:39	CameraInterface		INFO	Read successful
21-02-2016 07:17:39	Controller		INFO	sending to transmitter
21-02-2016 07:17:39	Transmitter		INFO	pushing into buff
21-02-2016 07:17:39	DataProcessor		INFO	polling
21-02-2016 07:17:39	CameraInterface		INFO	Read successful
21-02-2016 07:17:39	Controller		INFO	sending to transmitter
21-02-2016 07:17:39	Transmitter		INFO	pushing into buff
21-02-2016 07:17:39	DataProcessor		INFO	polling
21-02-2016 07:17:39	CameraInterface		INFO	Read successful
21-02-2016 07:17:39	Controller		INFO	sending to transmitter
21-02-2016 07:17:39	Transmitter		INFO	pushing into buff
21-02-2016 07:17:39	DataProcessor		INFO	polling
21-02-2016 07:17:39	CameraInterface		INFO	Read successful
21-02-2016 07:17:39	Controller		INFO	sending to transmitter
21-02-2016 07:17:39	Transmitter		INFO	pushing into buff
21-02-2016 07:17:39	DataProcessor		INFO	polling
21-02-2016 07:17:39	CameraInterface		INFO	Read successful
21-02-2016 07:17:39	Controller		INFO	sending to transmitter
21-02-2016 07:17:39	Transmitter		INFO	pushing into buff
21-02-2016 07:17:39	DataProcessor		INFO	polling
21-02-2016 07:17:40	CameraInterface		INFO	Read successful
21-02-2016 07:17:40	Controller		INFO	sending to transmitter
21-02-2016 07:17:40	Transmitter		INFO	pushing into buff
21-02-2016 07:17:40	DataProcessor		INFO	polling
21-02-2016 07:17:40	CameraInterface		INFO	Read successful
21-02-2016 07:17:40	Controller		INFO	sending to transmitter
21-02-2016 07:17:40	Transmitter		INFO	pushing into buff
21-02-2016 07:17:40	DataProcessor		INFO	polling
21-02-2016 07:17:40	CameraInterface		INFO	Read successful
21-02-2016 07:17:40	Controller		INFO	sending to transmitter
21-02-2016 07:17:40	Transmitter		INFO	pushing into buff
21-02-2016 07:17:40	DataProcessor		INFO	polling
21-02-2016 07:17:40	CameraInterface		INFO	Read successful
21-02-2016 07:17:40	Controller		INFO	sending to transmitter
21-02-2016 07:17:40	Transmitter		INFO	pushing into buff
21-02-2016 07:17:40	DataProcessor		INFO	polling
21-02-2016 07:17:40	CameraInterface		INFO	Read successful
21-02-2016 07:17:40	Controller		INFO	sending to transmitter
21-02-2016 07:17:40	Transmitter		INFO	pushing into buff
21-02-2016 07:17:41	DataProcessor		INFO	polling
21-02-2016 07:17:41	CameraInterface		INFO	Read successful
21-02-2016 07:17:41	Controller		INFO	sending to transmitter
21-02-2016 07:17:41	Transmitter		INFO	pushing into buff
21-02-2016 07:17:41	DataProcessor		INFO	polling
21-02-2016 07:17:41	CameraInterface		INFO	Read successful
21-02-2016 07:17:41	Controller		INFO	sending to transmitter
21-02-2016 07:17:41	Transmitter		INFO	pushing into buff
21-02-2016 07:17:41	DataProcessor		INFO	polling
21-02-2016 07:17:41	CameraInterface		INFO	Read successful
21-02-2016 07:17:41	Controller		INFO	sending to transmitter
21-02-2016 07:17:41	Transmitter		INFO	pushing into buff
21-02-2016 07:17:41	DataProcessor		INFO	polling
21-02-2016 07:17:41	CameraInterface		INFO	Read successful
21-02-2016 07:17:41	Controller		INFO	sending to transmitter
21-02-2016 07:17:41	Transmitter		INFO	pushing into buff
21-02-2016 07:17:41	DataProcessor		INFO	polling
21-02-2016 07:17:42	CameraInterface		INFO	Read successful
21-02-2016 07:17:42	Controller		INFO	sending to transmitter
21-02-2016 07:17:42	Transmitter		INFO	pushing into buff
21-02-2016 07:17:42	DataProcessor		INFO	polling
21-02-2016 07:17:42	CameraInterface		INFO	Read successful
21-02-2016 07:17:42	Controller		INFO	sending to transmitter
21-02-2016 07:17:42	Transmitter		INFO	pushing into buff
21-02-2016 07:17:42	DataProcessor		INFO	polling
21-02-2016 07:17:42	CameraInterface		INFO	Read successful
21-02-2016 07:17:42	Controller		INFO	sending to transmitter
21-02-2016 07:17:42	Transmitter		INFO	pushing into buff
21-02-2016 07:17:42	DataProcessor		INFO	polling
21-02-2016 07:17:42	CameraInterface		INFO	Read successful
21-02-2016 07:17:42	Controller		INFO	sending to transmitter
21-02-2016 07:17:42	Transmitter		INFO	pushing into buff
21-02-2016 07:17:42	DataProcessor		INFO	polling
21-02-2016 07:17:42	Transmitter		INFO	sending string: 109631
21-02-2016 07:17:42	CameraInterface		INFO	Read successful
21-02-2016 07:17:42	Controller		INFO	sending to transmitter
21-02-2016 07:17:42	Transmitter		INFO	pushing into buff
21-02-2016 07:17:42	DataProcessor		INFO	polling
21-02-2016 07:17:43	Transmitter		INFO	running
21-02-2016 07:17:43	Transmitter		INFO	getting from buffer
21-02-2016 07:17:43	CameraInterface		INFO	Read successful
21-02-2016 07:17:43	Controller		INFO	sending to transmitter
21-02-2016 07:17:43	Transmitter		INFO	pushing into buff
21-02-2016 07:17:43	DataProcessor		INFO	polling
21-02-2016 07:17:43	CameraInterface		INFO	Read successful
21-02-2016 07:17:43	Controller		INFO	sending to transmitter
21-02-2016 07:17:43	Transmitter		INFO	pushing into buff
21-02-2016 07:17:43	DataProcessor		INFO	polling
21-02-2016 07:17:43	CameraInterface		INFO	Read successful
21-02-2016 07:17:43	Controller		INFO	sending to transmitter
21-02-2016 07:17:43	Transmitter		INFO	pushing into buff
21-02-2016 07:17:43	DataProcessor		INFO	polling
21-02-2016 07:17:43	CameraInterface		INFO	Read successful
21-02-2016 07:17:43	Controller		INFO	sending to transmitter
21-02-2016 07:17:43	Transmitter		INFO	pushing into buff
21-02-2016 07:17:43	DataProcessor		INFO	polling
21-02-2016 07:17:44	CameraInterface		INFO	Read successful
21-02-2016 07:17:44	Controller		INFO	sending to transmitter
21-02-2016 07:17:44	Transmitter		INFO	pushing into buff
21-02-2016 07:17:44	DataProcessor		INFO	polling
21-02-2016 07:17:44	CameraInterface		INFO	Read successful
21-02-2016 07:17:44	Controller		INFO	sending to transmitter
21-02-2016 07:17:44	Transmitter		INFO	pushing into buff
21-02-2016 07:17:44	DataProcessor		INFO	polling
21-02-2016 07:17:44	CameraInterface		INFO	Read successful
21-02-2016 07:17:44	Controller		INFO	sending to transmitter
21-02-2016 07:17:44	Transmitter		INFO	pushing into buff
21-02-2016 07:17:44	DataProcessor		INFO	polling
21-02-2016 07:17:44	CameraInterface		INFO	Read successful
21-02-2016 07:17:44	Controller		INFO	sending to transmitter
21-02-2016 07:17:44	Transmitter		INFO	pushing into buff
21-02-2016 07:17:44	DataProcessor		INFO	polling
21-02-2016 07:17:44	CameraInterface		INFO	Read successful
21-02-2016 07:17:45	Controller		INFO	sending to transmitter
21-02-2016 07:17:45	Transmitter		INFO	pushing into buff
21-02-2016 07:17:45	DataProcessor		INFO	polling
21-02-2016 07:17:45	CameraInterface		INFO	Read successful
21-02-2016 07:17:45	Controller		INFO	sending to transmitter
21-02-2016 07:17:45	Transmitter		INFO	pushing into buff
21-02-2016 07:17:45	DataProcessor		INFO	polling
21-02-2016 07:17:45	CameraInterface		INFO	Read successful
21-02-2016 07:17:45	Controller		INFO	sending to transmitter
21-02-2016 07:17:45	Transmitter		INFO	pushing into buff
21-02-2016 07:17:45	DataProcessor		INFO	polling
21-02-2016 07:17:45	CameraInterface		INFO	Read successful
21-02-2016 07:17:45	Controller		INFO	sending to transmitter
21-02-2016 07:17:45	Transmitter		INFO	pushing into buff
21-02-2016 07:17:45	DataProcessor		INFO	polling
21-02-2016 07:17:45	CameraInterface		INFO	Read successful
21-02-2016 07:17:45	Controller		INFO	sending to transmitter
21-02-2016 07:17:45	Transmitter		INFO	pushing into buff
21-02-2016 07:17:45	DataProcessor		INFO	polling
21-02-2016 07:17:46	CameraInterface		INFO	Read successful
21-02-2016 07:17:46	Controller		INFO	sending to transmitter
21-02-2016 07:17:46	Transmitter		INFO	pushing into buff
21-02-2016 07:17:46	DataProcessor		INFO	polling
21-02-2016 07:17:46	CameraInterface		INFO	Read successful
21-02-2016 07:17:46	Controller		INFO	sending to transmitter
21-02-2016 07:17:46	Transmitter		INFO	pushing into buff
21-02-2016 07:17:46	DataProcessor		INFO	polling
21-02-2016 07:17:46	CameraInterface		INFO	Read successful
21-02-2016 07:17:46	Controller		INFO	sending to transmitter
21-02-2016 07:17:46	Transmitter		INFO	pushing into buff
21-02-2016 07:17:46	DataProcessor		INFO	polling
21-02-2016 07:17:46	CameraInterface		INFO	Read successful
21-02-2016 07:17:46	Controller		INFO	sending to transmitter
21-02-2016 07:17:46	Transmitter		INFO	pushing into buff
21-02-2016 07:17:46	DataProcessor		INFO	polling
21-02-2016 07:17:46	CameraInterface		INFO	Read successful
21-02-2016 07:17:46	Controller		INFO	sending to transmitter
21-02-2016 07:17:46	Transmitter		INFO	pushing into buff
21-02-2016 07:17:46	DataProcessor		INFO	polling
21-02-2016 07:17:47	CameraInterface		INFO	Read successful
21-02-2016 07:17:47	Controller		INFO	sending to transmitter
21-02-2016 07:17:47	Transmitter		INFO	pushing into buff
21-02-2016 07:17:47	DataProcessor		INFO	polling
21-02-2016 07:17:47	CameraInterface		INFO	Read successful
21-02-2016 07:17:47	Controller		INFO	sending to transmitter
21-02-2016 07:17:47	Transmitter		INFO	pushing into buff
21-02-2016 07:17:47	DataProcessor		INFO	polling
21-02-2016 07:17:47	CameraInterface		INFO	Read successful
21-02-2016 07:17:47	Controller		INFO	sending to transmitter
21-02-2016 07:17:47	Transmitter		INFO	pushing into buff
21-02-2016 07:17:47	DataProcessor		INFO	polling
21-02-2016 07:17:47	CameraInterface		INFO	Read successful
21-02-2016 07:17:47	Controller		INFO	sending to transmitter
21-02-2016 07:17:47	Transmitter		INFO	pushing into buff
21-02-2016 07:17:47	DataProcessor		INFO	polling
21-02-2016 07:17:47	CameraInterface		INFO	Read successful
21-02-2016 07:17:47	Controller		INFO	sending to transmitter
21-02-2016 07:17:47	Transmitter		INFO	pushing into buff
21-02-2016 07:17:47	DataProcessor		INFO	polling
21-02-2016 07:17:48	CameraInterface		INFO	Read successful
21-02-2016 07:17:48	Controller		INFO	sending to transmitter
21-02-2016 07:17:48	Transmitter		INFO	pushing into buff
21-02-2016 07:17:48	DataProcessor		INFO	polling
21-02-2016 07:17:48	CameraInterface		INFO	Read successful
21-02-2016 07:17:48	Controller		INFO	sending to transmitter
21-02-2016 07:17:48	Transmitter		INFO	pushing into buff
21-02-2016 07:17:48	DataProcessor		INFO	polling
21-02-2016 07:17:48	CameraInterface		INFO	Read successful
21-02-2016 07:17:48	Controller		INFO	sending to transmitter
21-02-2016 07:17:48	Transmitter		INFO	pushing into buff
21-02-2016 07:17:48	DataProcessor		INFO	polling
21-02-2016 07:17:48	CameraInterface		INFO	Read successful
21-02-2016 07:17:48	Controller		INFO	sending to transmitter
21-02-2016 07:17:48	Transmitter		INFO	pushing into buff
21-02-2016 07:17:48	DataProcessor		INFO	polling
21-02-2016 07:17:49	CameraInterface		INFO	Read successful
21-02-2016 07:17:49	Controller		INFO	sending to transmitter
21-02-2016 07:17:49	Transmitter		INFO	pushing into buff
21-02-2016 07:17:49	DataProcessor		INFO	polling
21-02-2016 07:17:49	CameraInterface		INFO	Read successful
21-02-2016 07:17:49	Controller		INFO	sending to transmitter
21-02-2016 07:17:49	Transmitter		INFO	pushing into buff
21-02-2016 07:17:49	DataProcessor		INFO	polling
21-02-2016 07:17:49	CameraInterface		INFO	Read successful
21-02-2016 07:17:49	Controller		INFO	sending to transmitter
21-02-2016 07:17:49	Transmitter		INFO	pushing into buff
21-02-2016 07:17:49	DataProcessor		INFO	polling
21-02-2016 07:17:49	CameraInterface		INFO	Read successful
21-02-2016 07:17:49	Controller		INFO	sending to transmitter
21-02-2016 07:17:49	Transmitter		INFO	pushing into buff
21-02-2016 07:17:49	DataProcessor		INFO	polling
21-02-2016 07:17:49	CameraInterface		INFO	Read successful
21-02-2016 07:17:49	Controller		INFO	sending to transmitter
21-02-2016 07:17:49	Transmitter		INFO	pushing into buff
21-02-2016 07:17:49	DataProcessor		INFO	polling
21-02-2016 07:17:50	CameraInterface		INFO	Read successful
21-02-2016 07:17:50	Controller		INFO	sending to transmitter
21-02-2016 07:17:50	Transmitter		INFO	pushing into buff
21-02-2016 07:17:50	DataProcessor		INFO	polling
21-02-2016 07:17:50	CameraInterface		INFO	Read successful
21-02-2016 07:17:50	Controller		INFO	sending to transmitter
21-02-2016 07:17:50	Transmitter		INFO	pushing into buff
21-02-2016 07:17:50	DataProcessor		INFO	polling
21-02-2016 07:17:50	CameraInterface		INFO	Read successful
21-02-2016 07:17:50	Controller		INFO	sending to transmitter
21-02-2016 07:17:50	Transmitter		INFO	pushing into buff
21-02-2016 07:17:50	DataProcessor		INFO	polling
21-02-2016 07:17:50	CameraInterface		INFO	Read successful
21-02-2016 07:17:50	Controller		INFO	sending to transmitter
21-02-2016 07:17:50	Transmitter		INFO	pushing into buff
21-02-2016 07:17:50	DataProcessor		INFO	polling
21-02-2016 07:17:51	CameraInterface		INFO	Read successful
21-02-2016 07:17:51	Controller		INFO	sending to transmitter
21-02-2016 07:17:51	Transmitter		INFO	pushing into buff
21-02-2016 07:17:51	DataProcessor		INFO	polling
21-02-2016 07:17:51	CameraInterface		INFO	Read successful
21-02-2016 07:17:51	Controller		INFO	sending to transmitter
21-02-2016 07:17:51	Transmitter		INFO	pushing into buff
21-02-2016 07:17:51	DataProcessor		INFO	polling
21-02-2016 07:17:51	Transmitter		INFO	sending string: 1303192
21-02-2016 07:17:51	Transmitter		INFO	running
21-02-2016 07:17:51	Transmitter		INFO	getting from buffer
21-02-2016 07:17:51	CameraInterface		INFO	Read successful
21-02-2016 07:17:51	Controller		INFO	sending to transmitter
21-02-2016 07:17:51	Transmitter		INFO	pushing into buff
21-02-2016 07:17:51	DataProcessor		INFO	polling
21-02-2016 07:17:51	CameraInterface		INFO	Read successful
21-02-2016 07:17:51	Controller		INFO	sending to transmitter
21-02-2016 07:17:51	Transmitter		INFO	pushing into buff
21-02-2016 07:17:51	DataProcessor		INFO	polling
21-02-2016 07:17:51	CameraInterface		INFO	Read successful
21-02-2016 07:17:52	Controller		INFO	sending to transmitter
21-02-2016 07:17:52	Transmitter		INFO	pushing into buff
21-02-2016 07:17:52	DataProcessor		INFO	polling
21-02-2016 07:17:52	CameraInterface		INFO	Read successful
21-02-2016 07:17:52	Controller		INFO	sending to transmitter
21-02-2016 07:17:52	Transmitter		INFO	pushing into buff
21-02-2016 07:17:52	DataProcessor		INFO	polling
21-02-2016 07:17:52	CameraInterface		INFO	Read successful
21-02-2016 07:17:52	Controller		INFO	sending to transmitter
21-02-2016 07:17:52	Transmitter		INFO	pushing into buff
21-02-2016 07:17:52	DataProcessor		INFO	polling
21-02-2016 07:17:52	CameraInterface		INFO	Read successful
21-02-2016 07:17:52	Controller		INFO	sending to transmitter
21-02-2016 07:17:52	Transmitter		INFO	pushing into buff
21-02-2016 07:17:52	DataProcessor		INFO	polling
21-02-2016 07:17:52	CameraInterface		INFO	Read successful
21-02-2016 07:17:52	Controller		INFO	sending to transmitter
21-02-2016 07:17:52	Transmitter		INFO	pushing into buff
21-02-2016 07:17:52	DataProcessor		INFO	polling
21-02-2016 07:17:53	CameraInterface		INFO	Read successful
21-02-2016 07:17:53	Controller		INFO	sending to transmitter
21-02-2016 07:17:53	Transmitter		INFO	pushing into buff
21-02-2016 07:17:53	DataProcessor		INFO	polling
21-02-2016 07:17:53	CameraInterface		INFO	Read successful
21-02-2016 07:17:53	Controller		INFO	sending to transmitter
21-02-2016 07:17:53	Transmitter		INFO	pushing into buff
21-02-2016 07:17:53	DataProcessor		INFO	polling
21-02-2016 07:17:53	CameraInterface		INFO	Read successful
21-02-2016 07:17:53	Controller		INFO	sending to transmitter
21-02-2016 07:17:53	Transmitter		INFO	pushing into buff
21-02-2016 07:17:53	DataProcessor		INFO	polling
21-02-2016 07:17:53	CameraInterface		INFO	Read successful
21-02-2016 07:17:53	Controller		INFO	sending to transmitter
21-02-2016 07:17:53	Transmitter		INFO	pushing into buff
21-02-2016 07:17:53	DataProcessor		INFO	polling
21-02-2016 07:17:53	CameraInterface		INFO	Read successful
21-02-2016 07:17:54	Controller		INFO	sending to transmitter
21-02-2016 07:17:54	Transmitter		INFO	pushing into buff
21-02-2016 07:17:54	DataProcessor		INFO	polling
21-02-2016 07:17:54	CameraInterface		INFO	Read successful
21-02-2016 07:17:54	Controller		INFO	sending to transmitter
21-02-2016 07:17:54	Transmitter		INFO	pushing into buff
21-02-2016 07:17:54	DataProcessor		INFO	polling
21-02-2016 07:17:54	CameraInterface		INFO	Read successful
21-02-2016 07:17:54	Controller		INFO	sending to transmitter
21-02-2016 07:17:54	Transmitter		INFO	pushing into buff
21-02-2016 07:17:54	DataProcessor		INFO	polling
21-02-2016 07:17:54	CameraInterface		INFO	Read successful
21-02-2016 07:17:54	Controller		INFO	sending to transmitter
21-02-2016 07:17:54	Transmitter		INFO	pushing into buff
21-02-2016 07:17:54	DataProcessor		INFO	polling
21-02-2016 07:17:54	CameraInterface		INFO	Read successful
21-02-2016 07:17:54	Controller		INFO	sending to transmitter
21-02-2016 07:17:54	Transmitter		INFO	pushing into buff
21-02-2016 07:17:54	DataProcessor		INFO	polling
21-02-2016 07:17:55	CameraInterface		INFO	Read successful
21-02-2016 07:17:55	Controller		INFO	sending to transmitter
21-02-2016 07:17:55	Transmitter		INFO	pushing into buff
21-02-2016 07:17:55	DataProcessor		INFO	polling
21-02-2016 07:17:55	CameraInterface		INFO	Read successful
21-02-2016 07:17:55	Controller		INFO	sending to transmitter
21-02-2016 07:17:55	Transmitter		INFO	pushing into buff
21-02-2016 07:17:55	DataProcessor		INFO	polling
21-02-2016 07:17:55	CameraInterface		INFO	Read successful
21-02-2016 07:17:55	Controller		INFO	sending to transmitter
21-02-2016 07:17:55	Transmitter		INFO	pushing into buff
21-02-2016 07:17:55	DataProcessor		INFO	polling
21-02-2016 07:17:55	CameraInterface		INFO	Read successful
21-02-2016 07:17:55	Controller		INFO	sending to transmitter
21-02-2016 07:17:55	Transmitter		INFO	pushing into buff
21-02-2016 07:17:55	DataProcessor		INFO	polling
21-02-2016 07:17:56	CameraInterface		INFO	Read successful
21-02-2016 07:17:56	Controller		INFO	sending to transmitter
21-02-2016 07:17:56	Transmitter		INFO	pushing into buff
21-02-2016 07:17:56	DataProcessor		INFO	polling
21-02-2016 07:17:56	CameraInterface		INFO	Read successful
21-02-2016 07:17:56	Controller		INFO	sending to transmitter
21-02-2016 07:17:56	Transmitter		INFO	pushing into buff
21-02-2016 07:17:56	DataProcessor		INFO	polling
21-02-2016 07:17:56	CameraInterface		INFO	Read successful
21-02-2016 07:17:56	Controller		INFO	sending to transmitter
21-02-2016 07:17:56	Transmitter		INFO	pushing into buff
21-02-2016 07:17:56	DataProcessor		INFO	polling
21-02-2016 07:17:56	CameraInterface		INFO	Read successful
21-02-2016 07:17:56	Controller		INFO	sending to transmitter
21-02-2016 07:17:57	Transmitter		INFO	pushing into buff
21-02-2016 07:17:57	DataProcessor		INFO	polling
