21-02-2016 07:10:40	Main		TRACE	Logger initialized.
21-02-2016 07:10:40	PropertyReader		TRACE	Opening file: settings/settings.txt
21-02-2016 07:10:40	PropertyReader		INFO	File opened: settings/settings.txt
21-02-2016 07:10:40	PropertyReader		INFO	Loading properties file...
21-02-2016 07:10:40	PropertyReader		INFO	Mapped TRACE to LOGGING_LEVEL
21-02-2016 07:10:40	PropertyReader		INFO	Mapped 100 to CAM_BUFFER_SIZE
21-02-2016 07:10:40	PropertyReader		INFO	Mapped 15 to CAM_POLL_FREQUENCY
21-02-2016 07:10:40	PropertyReader		INFO	Mapped 0 to CAM_INDEX
21-02-2016 07:10:40	PropertyReader		DEBUG	Loaded 4 properties successfully
21-02-2016 07:10:40	Controller		INFO	Constructor controller
21-02-2016 07:10:40	Transmitter		INFO	socket retrieve success
21-02-2016 07:10:40	Transmitter		INFO	binding done
21-02-2016 07:10:40	Transmitter		INFO	done listening
21-02-2016 07:12:36	Transmitter		INFO	accepting
21-02-2016 07:12:36	Main		TRACE	intializing controller
21-02-2016 07:12:36	Controller		INFO	Initializing Controller
21-02-2016 07:12:36	Main		TRACE	initializing dataprocessor
21-02-2016 07:12:36	CameraInterface		INFO	Initializing camera
21-02-2016 07:12:36	CameraInterface		INFO	Opening video capture stream at position 0
21-02-2016 07:12:36	ControllerThread		INFO	Starting Controller Thread execution loop
21-02-2016 07:12:36	Receiver		INFO	Starting Receiver Thread execution loop
21-02-2016 07:12:36	Transmitter		INFO	Starting Receiver Thread execution loop
21-02-2016 07:12:36	Transmitter		INFO	running
21-02-2016 07:12:36	Transmitter		INFO	running
21-02-2016 07:12:36	Transmitter		INFO	running
21-02-2016 07:12:36	Transmitter		INFO	running
21-02-2016 07:12:36	Transmitter		INFO	running
21-02-2016 07:12:36	Transmitter		INFO	running
21-02-2016 07:12:36	Transmitter		INFO	running
21-02-2016 07:12:36	Transmitter		INFO	running
21-02-2016 07:12:36	Transmitter		INFO	running
21-02-2016 07:12:36	Transmitter		INFO	running
21-02-2016 07:12:36	Transmitter		INFO	running
21-02-2016 07:12:36	Transmitter		INFO	running
21-02-2016 07:12:36	Transmitter		INFO	running
21-02-2016 07:12:36	Transmitter		INFO	running
21-02-2016 07:12:36	Transmitter		INFO	running
21-02-2016 07:12:36	Transmitter		INFO	running
21-02-2016 07:12:36	Transmitter		INFO	running
21-02-2016 07:12:36	Transmitter		INFO	running
21-02-2016 07:12:36	Transmitter		INFO	running
21-02-2016 07:12:36	Transmitter		INFO	running
21-02-2016 07:12:36	Transmitter		INFO	running
21-02-2016 07:12:36	Transmitter		INFO	running
21-02-2016 07:12:36	Transmitter		INFO	running
21-02-2016 07:12:36	Transmitter		INFO	running
21-02-2016 07:12:36	Transmitter		INFO	running
21-02-2016 07:12:36	Transmitter		INFO	running
21-02-2016 07:12:36	Transmitter		INFO	running
21-02-2016 07:12:36	Transmitter		INFO	running
21-02-2016 07:12:36	Transmitter		INFO	running
21-02-2016 07:12:36	Transmitter		INFO	running
21-02-2016 07:12:36	Transmitter		INFO	running
21-02-2016 07:12:36	Transmitter		INFO	running
21-02-2016 07:12:36	Transmitter		INFO	running
21-02-2016 07:12:36	Transmitter		INFO	running
21-02-2016 07:12:36	Transmitter		INFO	running
21-02-2016 07:12:36	Transmitter		INFO	running
21-02-2016 07:12:36	Transmitter		INFO	running
21-02-2016 07:12:36	Transmitter		INFO	running
21-02-2016 07:12:36	Transmitter		INFO	running
21-02-2016 07:12:36	Transmitter		INFO	running
21-02-2016 07:12:36	Transmitter		INFO	running
21-02-2016 07:12:36	Transmitter		INFO	running
21-02-2016 07:12:36	Transmitter		INFO	running
21-02-2016 07:12:36	Transmitter		INFO	running
21-02-2016 07:12:36	Transmitter		INFO	running
21-02-2016 07:12:36	Transmitter		INFO	running
21-02-2016 07:12:36	Transmitter		INFO	running
21-02-2016 07:12:36	Transmitter		INFO	running
21-02-2016 07:12:36	Transmitter		INFO	running
21-02-2016 07:12:36	Transmitter		INFO	running
21-02-2016 07:12:36	Transmitter		INFO	running
21-02-2016 07:12:36	Transmitter		INFO	running
21-02-2016 07:12:36	Transmitter		INFO	running
21-02-2016 07:12:36	Transmitter		INFO	running
21-02-2016 07:12:36	Transmitter		INFO	running
21-02-2016 07:12:36	Transmitter		INFO	running
21-02-2016 07:12:36	Main		TRACE	running controller
21-02-2016 07:12:36	Transmitter		INFO	running
21-02-2016 07:12:36	DataProcessor		INFO	polling
21-02-2016 07:12:36	Transmitter		INFO	running
21-02-2016 07:12:36	Transmitter		INFO	running
21-02-2016 07:12:36	Transmitter		INFO	running
21-02-2016 07:12:36	Transmitter		INFO	running
21-02-2016 07:12:36	Transmitter		INFO	running
21-02-2016 07:12:36	Transmitter		INFO	running
21-02-2016 07:12:36	Transmitter		INFO	running
21-02-2016 07:12:36	Transmitter		INFO	running
21-02-2016 07:12:36	Transmitter		INFO	running
21-02-2016 07:12:36	Transmitter		INFO	running
21-02-2016 07:12:36	Transmitter		INFO	running
21-02-2016 07:12:36	Transmitter		INFO	running
21-02-2016 07:12:36	Transmitter		INFO	running
21-02-2016 07:12:36	Transmitter		INFO	running
21-02-2016 07:12:36	Transmitter		INFO	running
21-02-2016 07:12:36	Transmitter		INFO	running
21-02-2016 07:12:36	Transmitter		INFO	running
21-02-2016 07:12:36	Transmitter		INFO	running
21-02-2016 07:12:36	Transmitter		INFO	running
21-02-2016 07:12:36	Transmitter		INFO	running
21-02-2016 07:12:36	Transmitter		INFO	running
21-02-2016 07:12:36	Transmitter		INFO	running
21-02-2016 07:12:36	Transmitter		INFO	running
21-02-2016 07:12:36	Transmitter		INFO	running
21-02-2016 07:12:36	Transmitter		INFO	running
21-02-2016 07:12:36	Transmitter		INFO	running
21-02-2016 07:12:36	Transmitter		INFO	running
21-02-2016 07:12:36	Transmitter		INFO	running
21-02-2016 07:12:36	Transmitter		INFO	running
21-02-2016 07:12:36	Transmitter		INFO	running
21-02-2016 07:12:36	Transmitter		INFO	running
21-02-2016 07:12:36	Transmitter		INFO	running
21-02-2016 07:12:36	Transmitter		INFO	running
21-02-2016 07:12:36	Transmitter		INFO	running
21-02-2016 07:12:36	Transmitter		INFO	running
21-02-2016 07:12:36	Transmitter		INFO	running
21-02-2016 07:12:36	Transmitter		INFO	running
21-02-2016 07:12:36	Transmitter		INFO	running
21-02-2016 07:12:36	Transmitter		INFO	running
21-02-2016 07:12:36	Transmitter		INFO	running
21-02-2016 07:12:36	Transmitter		INFO	running
21-02-2016 07:12:36	Transmitter		INFO	running
21-02-2016 07:12:36	Transmitter		INFO	running
21-02-2016 07:12:36	Transmitter		INFO	running
21-02-2016 07:12:36	Transmitter		INFO	running
21-02-2016 07:12:37	Transmitter		INFO	running
21-02-2016 07:12:37	Transmitter		INFO	running
21-02-2016 07:12:37	Transmitter		INFO	running
21-02-2016 07:12:37	Transmitter		INFO	running
21-02-2016 07:12:37	Transmitter		INFO	running
21-02-2016 07:12:37	Transmitter		INFO	running
21-02-2016 07:12:37	Transmitter		INFO	running
21-02-2016 07:12:37	Transmitter		INFO	running
21-02-2016 07:12:37	Transmitter		INFO	running
21-02-2016 07:12:37	Transmitter		INFO	running
21-02-2016 07:12:37	Transmitter		INFO	running
21-02-2016 07:12:37	Transmitter		INFO	running
21-02-2016 07:12:37	Transmitter		INFO	running
21-02-2016 07:12:37	Transmitter		INFO	running
21-02-2016 07:12:37	Transmitter		INFO	running
21-02-2016 07:12:37	Transmitter		INFO	running
21-02-2016 07:12:37	Transmitter		INFO	running
21-02-2016 07:12:37	Transmitter		INFO	running
21-02-2016 07:12:37	Transmitter		INFO	running
21-02-2016 07:12:37	Transmitter		INFO	running
21-02-2016 07:12:37	Transmitter		INFO	running
21-02-2016 07:12:37	Transmitter		INFO	running
21-02-2016 07:12:37	Transmitter		INFO	running
21-02-2016 07:12:37	Transmitter		INFO	running
21-02-2016 07:12:37	Transmitter		INFO	running
21-02-2016 07:12:37	Transmitter		INFO	running
21-02-2016 07:12:37	Transmitter		INFO	running
21-02-2016 07:12:37	Transmitter		INFO	running
21-02-2016 07:12:37	Transmitter		INFO	running
21-02-2016 07:12:37	Transmitter		INFO	running
21-02-2016 07:12:37	Transmitter		INFO	running
21-02-2016 07:12:37	Transmitter		INFO	running
21-02-2016 07:12:37	Transmitter		INFO	running
21-02-2016 07:12:37	Transmitter		INFO	running
21-02-2016 07:12:37	Transmitter		INFO	running
21-02-2016 07:12:37	Transmitter		INFO	running
21-02-2016 07:12:37	Transmitter		INFO	running
21-02-2016 07:12:37	Transmitter		INFO	running
21-02-2016 07:12:37	Transmitter		INFO	running
21-02-2016 07:12:37	Transmitter		INFO	running
21-02-2016 07:12:37	Transmitter		INFO	running
21-02-2016 07:12:37	Transmitter		INFO	running
21-02-2016 07:12:37	Transmitter		INFO	running
21-02-2016 07:12:37	Transmitter		INFO	running
21-02-2016 07:12:37	Transmitter		INFO	running
21-02-2016 07:12:37	Transmitter		INFO	running
21-02-2016 07:12:37	Transmitter		INFO	running
21-02-2016 07:12:37	Transmitter		INFO	running
21-02-2016 07:12:37	Transmitter		INFO	running
21-02-2016 07:12:37	Transmitter		INFO	running
21-02-2016 07:12:37	Transmitter		INFO	running
21-02-2016 07:12:37	Transmitter		INFO	running
21-02-2016 07:12:37	Transmitter		INFO	running
21-02-2016 07:12:37	Transmitter		INFO	running
21-02-2016 07:12:37	Transmitter		INFO	running
21-02-2016 07:12:37	CameraInterface		INFO	Read successful
21-02-2016 07:12:37	Controller		INFO	sending to transmitter
21-02-2016 07:12:37	Transmitter		INFO	running
21-02-2016 07:12:37	Transmitter		INFO	running
21-02-2016 07:12:37	Transmitter		INFO	running
21-02-2016 07:12:37	Transmitter		INFO	pushing into buff
21-02-2016 07:12:37	DataProcessor		INFO	polling
21-02-2016 07:12:37	Transmitter		INFO	running
21-02-2016 07:12:37	Transmitter		INFO	getting from buffer
21-02-2016 07:12:37	CameraInterface		INFO	Read successful
21-02-2016 07:12:37	Controller		INFO	sending to transmitter
21-02-2016 07:12:37	Transmitter		INFO	pushing into buff
21-02-2016 07:12:37	DataProcessor		INFO	polling
21-02-2016 07:12:37	CameraInterface		INFO	Read successful
21-02-2016 07:12:37	Controller		INFO	sending to transmitter
21-02-2016 07:12:37	Transmitter		INFO	pushing into buff
21-02-2016 07:12:37	DataProcessor		INFO	polling
21-02-2016 07:12:38	CameraInterface		INFO	Read successful
21-02-2016 07:12:38	Controller		INFO	sending to transmitter
21-02-2016 07:12:38	Transmitter		INFO	pushing into buff
21-02-2016 07:12:38	DataProcessor		INFO	polling
21-02-2016 07:12:38	CameraInterface		INFO	Read successful
21-02-2016 07:12:38	Controller		INFO	sending to transmitter
21-02-2016 07:12:38	Transmitter		INFO	pushing into buff
21-02-2016 07:12:38	DataProcessor		INFO	polling
21-02-2016 07:12:38	CameraInterface		INFO	Read successful
21-02-2016 07:12:38	Controller		INFO	sending to transmitter
21-02-2016 07:12:38	Transmitter		INFO	pushing into buff
21-02-2016 07:12:38	DataProcessor		INFO	polling
21-02-2016 07:12:38	CameraInterface		INFO	Read successful
21-02-2016 07:12:38	Controller		INFO	sending to transmitter
21-02-2016 07:12:38	Transmitter		INFO	pushing into buff
21-02-2016 07:12:38	DataProcessor		INFO	polling
21-02-2016 07:12:39	CameraInterface		INFO	Read successful
21-02-2016 07:12:39	Controller		INFO	sending to transmitter
21-02-2016 07:12:39	Transmitter		INFO	pushing into buff
21-02-2016 07:12:39	DataProcessor		INFO	polling
21-02-2016 07:12:39	CameraInterface		INFO	Read successful
21-02-2016 07:12:39	Controller		INFO	sending to transmitter
21-02-2016 07:12:39	Transmitter		INFO	pushing into buff
21-02-2016 07:12:39	DataProcessor		INFO	polling
21-02-2016 07:12:39	CameraInterface		INFO	Read successful
21-02-2016 07:12:39	Controller		INFO	sending to transmitter
21-02-2016 07:12:39	Transmitter		INFO	pushing into buff
21-02-2016 07:12:39	DataProcessor		INFO	polling
21-02-2016 07:12:39	CameraInterface		INFO	Read successful
21-02-2016 07:12:39	Controller		INFO	sending to transmitter
21-02-2016 07:12:39	Transmitter		INFO	pushing into buff
21-02-2016 07:12:39	DataProcessor		INFO	polling
21-02-2016 07:12:39	CameraInterface		INFO	Read successful
21-02-2016 07:12:39	Controller		INFO	sending to transmitter
21-02-2016 07:12:40	Transmitter		INFO	pushing into buff
21-02-2016 07:12:40	DataProcessor		INFO	polling
21-02-2016 07:12:40	CameraInterface		INFO	Read successful
21-02-2016 07:12:40	Controller		INFO	sending to transmitter
21-02-2016 07:12:40	Transmitter		INFO	pushing into buff
21-02-2016 07:12:40	DataProcessor		INFO	polling
21-02-2016 07:12:40	CameraInterface		INFO	Read successful
21-02-2016 07:12:40	Controller		INFO	sending to transmitter
21-02-2016 07:12:40	Transmitter		INFO	pushing into buff
21-02-2016 07:12:40	DataProcessor		INFO	polling
21-02-2016 07:12:40	CameraInterface		INFO	Read successful
21-02-2016 07:12:40	Controller		INFO	sending to transmitter
21-02-2016 07:12:40	Transmitter		INFO	pushing into buff
21-02-2016 07:12:40	DataProcessor		INFO	polling
21-02-2016 07:12:40	CameraInterface		INFO	Read successful
21-02-2016 07:12:40	Controller		INFO	sending to transmitter
21-02-2016 07:12:40	Transmitter		INFO	pushing into buff
21-02-2016 07:12:40	DataProcessor		INFO	polling
21-02-2016 07:12:41	CameraInterface		INFO	Read successful
21-02-2016 07:12:41	Controller		INFO	sending to transmitter
21-02-2016 07:12:41	Transmitter		INFO	pushing into buff
21-02-2016 07:12:41	DataProcessor		INFO	polling
21-02-2016 07:12:41	CameraInterface		INFO	Read successful
21-02-2016 07:12:41	Controller		INFO	sending to transmitter
21-02-2016 07:12:41	Transmitter		INFO	pushing into buff
21-02-2016 07:12:41	DataProcessor		INFO	polling
21-02-2016 07:12:41	CameraInterface		INFO	Read successful
21-02-2016 07:12:41	Controller		INFO	sending to transmitter
21-02-2016 07:12:41	Transmitter		INFO	pushing into buff
21-02-2016 07:12:41	DataProcessor		INFO	polling
21-02-2016 07:12:41	CameraInterface		INFO	Read successful
21-02-2016 07:12:41	Controller		INFO	sending to transmitter
21-02-2016 07:12:41	Transmitter		INFO	pushing into buff
21-02-2016 07:12:41	DataProcessor		INFO	polling
21-02-2016 07:12:41	CameraInterface		INFO	Read successful
21-02-2016 07:12:41	Controller		INFO	sending to transmitter
21-02-2016 07:12:41	Transmitter		INFO	pushing into buff
21-02-2016 07:12:41	DataProcessor		INFO	polling
21-02-2016 07:12:42	CameraInterface		INFO	Read successful
21-02-2016 07:12:42	Controller		INFO	sending to transmitter
21-02-2016 07:12:42	Transmitter		INFO	pushing into buff
21-02-2016 07:12:42	DataProcessor		INFO	polling
21-02-2016 07:12:42	CameraInterface		INFO	Read successful
21-02-2016 07:12:42	Controller		INFO	sending to transmitter
21-02-2016 07:12:42	Transmitter		INFO	pushing into buff
21-02-2016 07:12:42	DataProcessor		INFO	polling
21-02-2016 07:12:42	Transmitter		INFO	sending string: 100773
21-02-2016 07:12:42	CameraInterface		INFO	Read successful
21-02-2016 07:12:42	Controller		INFO	sending to transmitter
21-02-2016 07:12:42	Transmitter		INFO	pushing into buff
21-02-2016 07:12:42	DataProcessor		INFO	polling
21-02-2016 07:12:42	CameraInterface		INFO	Read successful
21-02-2016 07:12:42	Controller		INFO	sending to transmitter
21-02-2016 07:12:42	Transmitter		INFO	pushing into buff
21-02-2016 07:12:42	DataProcessor		INFO	polling
21-02-2016 07:12:42	CameraInterface		INFO	Read successful
21-02-2016 07:12:42	Controller		INFO	sending to transmitter
21-02-2016 07:12:42	Transmitter		INFO	pushing into buff
21-02-2016 07:12:42	DataProcessor		INFO	polling
21-02-2016 07:12:42	Transmitter		INFO	running
21-02-2016 07:12:43	Transmitter		INFO	getting from buffer
21-02-2016 07:12:43	CameraInterface		INFO	Read successful
21-02-2016 07:12:43	Controller		INFO	sending to transmitter
21-02-2016 07:12:43	Transmitter		INFO	pushing into buff
21-02-2016 07:12:43	DataProcessor		INFO	polling
21-02-2016 07:12:43	CameraInterface		INFO	Read successful
21-02-2016 07:12:43	Controller		INFO	sending to transmitter
21-02-2016 07:12:43	Transmitter		INFO	pushing into buff
21-02-2016 07:12:43	DataProcessor		INFO	polling
21-02-2016 07:12:43	CameraInterface		INFO	Read successful
21-02-2016 07:12:43	Controller		INFO	sending to transmitter
21-02-2016 07:12:43	Transmitter		INFO	pushing into buff
21-02-2016 07:12:43	DataProcessor		INFO	polling
21-02-2016 07:12:43	CameraInterface		INFO	Read successful
21-02-2016 07:12:43	Controller		INFO	sending to transmitter
21-02-2016 07:12:43	Transmitter		INFO	pushing into buff
21-02-2016 07:12:43	DataProcessor		INFO	polling
21-02-2016 07:12:44	CameraInterface		INFO	Read successful
21-02-2016 07:12:44	Controller		INFO	sending to transmitter
21-02-2016 07:12:44	Transmitter		INFO	pushing into buff
21-02-2016 07:12:44	DataProcessor		INFO	polling
21-02-2016 07:12:44	CameraInterface		INFO	Read successful
21-02-2016 07:12:44	Controller		INFO	sending to transmitter
21-02-2016 07:12:44	Transmitter		INFO	pushing into buff
21-02-2016 07:12:44	DataProcessor		INFO	polling
21-02-2016 07:12:44	CameraInterface		INFO	Read successful
21-02-2016 07:12:44	Controller		INFO	sending to transmitter
21-02-2016 07:12:44	Transmitter		INFO	pushing into buff
21-02-2016 07:12:44	DataProcessor		INFO	polling
21-02-2016 07:12:44	CameraInterface		INFO	Read successful
21-02-2016 07:12:44	Controller		INFO	sending to transmitter
21-02-2016 07:12:44	Transmitter		INFO	pushing into buff
21-02-2016 07:12:44	DataProcessor		INFO	polling
21-02-2016 07:12:44	CameraInterface		INFO	Read successful
21-02-2016 07:12:44	Controller		INFO	sending to transmitter
21-02-2016 07:12:44	Transmitter		INFO	pushing into buff
21-02-2016 07:12:44	DataProcessor		INFO	polling
21-02-2016 07:12:45	CameraInterface		INFO	Read successful
21-02-2016 07:12:45	Controller		INFO	sending to transmitter
21-02-2016 07:12:45	Transmitter		INFO	pushing into buff
21-02-2016 07:12:45	DataProcessor		INFO	polling
21-02-2016 07:12:45	CameraInterface		INFO	Read successful
21-02-2016 07:12:45	Controller		INFO	sending to transmitter
21-02-2016 07:12:45	Transmitter		INFO	pushing into buff
21-02-2016 07:12:45	DataProcessor		INFO	polling
21-02-2016 07:12:45	CameraInterface		INFO	Read successful
21-02-2016 07:12:45	Controller		INFO	sending to transmitter
21-02-2016 07:12:45	Transmitter		INFO	pushing into buff
21-02-2016 07:12:45	DataProcessor		INFO	polling
21-02-2016 07:12:45	CameraInterface		INFO	Read successful
21-02-2016 07:12:45	Controller		INFO	sending to transmitter
21-02-2016 07:12:45	Transmitter		INFO	pushing into buff
21-02-2016 07:12:45	DataProcessor		INFO	polling
21-02-2016 07:12:45	CameraInterface		INFO	Read successful
21-02-2016 07:12:45	Controller		INFO	sending to transmitter
21-02-2016 07:12:45	Transmitter		INFO	pushing into buff
21-02-2016 07:12:45	DataProcessor		INFO	polling
21-02-2016 07:12:46	CameraInterface		INFO	Read successful
21-02-2016 07:12:46	Controller		INFO	sending to transmitter
21-02-2016 07:12:46	Transmitter		INFO	pushing into buff
21-02-2016 07:12:46	DataProcessor		INFO	polling
21-02-2016 07:12:46	CameraInterface		INFO	Read successful
21-02-2016 07:12:46	Controller		INFO	sending to transmitter
21-02-2016 07:12:46	Transmitter		INFO	pushing into buff
21-02-2016 07:12:46	DataProcessor		INFO	polling
21-02-2016 07:12:46	CameraInterface		INFO	Read successful
21-02-2016 07:12:46	Controller		INFO	sending to transmitter
21-02-2016 07:12:46	Transmitter		INFO	pushing into buff
21-02-2016 07:12:46	DataProcessor		INFO	polling
21-02-2016 07:12:46	CameraInterface		INFO	Read successful
21-02-2016 07:12:46	Controller		INFO	sending to transmitter
21-02-2016 07:12:46	Transmitter		INFO	pushing into buff
21-02-2016 07:12:46	DataProcessor		INFO	polling
21-02-2016 07:12:47	CameraInterface		INFO	Read successful
21-02-2016 07:12:47	Controller		INFO	sending to transmitter
21-02-2016 07:12:47	Transmitter		INFO	pushing into buff
21-02-2016 07:12:47	DataProcessor		INFO	polling
21-02-2016 07:12:47	CameraInterface		INFO	Read successful
21-02-2016 07:12:47	Controller		INFO	sending to transmitter
21-02-2016 07:12:47	Transmitter		INFO	pushing into buff
21-02-2016 07:12:47	DataProcessor		INFO	polling
21-02-2016 07:12:47	CameraInterface		INFO	Read successful
21-02-2016 07:12:47	Controller		INFO	sending to transmitter
21-02-2016 07:12:47	Transmitter		INFO	pushing into buff
21-02-2016 07:12:47	DataProcessor		INFO	polling
21-02-2016 07:12:47	CameraInterface		INFO	Read successful
21-02-2016 07:12:47	Controller		INFO	sending to transmitter
21-02-2016 07:12:47	Transmitter		INFO	pushing into buff
21-02-2016 07:12:47	DataProcessor		INFO	polling
21-02-2016 07:12:47	CameraInterface		INFO	Read successful
21-02-2016 07:12:47	Controller		INFO	sending to transmitter
21-02-2016 07:12:47	Transmitter		INFO	pushing into buff
21-02-2016 07:12:48	DataProcessor		INFO	polling
21-02-2016 07:12:48	CameraInterface		INFO	Read successful
21-02-2016 07:12:48	Controller		INFO	sending to transmitter
21-02-2016 07:12:48	Transmitter		INFO	pushing into buff
21-02-2016 07:12:48	DataProcessor		INFO	polling
21-02-2016 07:12:48	CameraInterface		INFO	Read successful
21-02-2016 07:12:48	Controller		INFO	sending to transmitter
21-02-2016 07:12:48	Transmitter		INFO	pushing into buff
21-02-2016 07:12:48	DataProcessor		INFO	polling
21-02-2016 07:12:48	CameraInterface		INFO	Read successful
21-02-2016 07:12:48	Controller		INFO	sending to transmitter
21-02-2016 07:12:48	Transmitter		INFO	pushing into buff
21-02-2016 07:12:48	DataProcessor		INFO	polling
21-02-2016 07:12:48	CameraInterface		INFO	Read successful
21-02-2016 07:12:48	Controller		INFO	sending to transmitter
21-02-2016 07:12:48	Transmitter		INFO	pushing into buff
21-02-2016 07:12:48	DataProcessor		INFO	polling
21-02-2016 07:12:49	CameraInterface		INFO	Read successful
21-02-2016 07:12:49	Controller		INFO	sending to transmitter
21-02-2016 07:12:49	Transmitter		INFO	pushing into buff
21-02-2016 07:12:49	DataProcessor		INFO	polling
