20-02-2016 08:39:03	Main		TRACE	Logger initialized.
20-02-2016 08:39:03	PropertyReader		TRACE	Opening file: settings/settings.txt
20-02-2016 08:39:03	PropertyReader		INFO	File opened: settings/settings.txt
20-02-2016 08:39:03	PropertyReader		INFO	Loading properties file...
20-02-2016 08:39:03	PropertyReader		INFO	Mapped TRACE to LOGGING_LEVEL
20-02-2016 08:39:03	PropertyReader		INFO	Mapped 100 to CAM_BUFFER_SIZE
20-02-2016 08:39:03	PropertyReader		INFO	Mapped 15 to CAM_POLL_FREQUENCY
20-02-2016 08:39:03	PropertyReader		INFO	Mapped 0 to CAM_INDEX
20-02-2016 08:39:03	PropertyReader		DEBUG	Loaded 4 properties successfully
20-02-2016 08:39:03	Controller		INFO	Constructor controller
20-02-2016 08:39:03	Transmitter		INFO	socket retrieve success
20-02-2016 08:39:03	Transmitter		INFO	binding done
20-02-2016 08:39:03	Transmitter		INFO	done listening
20-02-2016 08:39:15	Transmitter		INFO	accepting
20-02-2016 08:39:15	Main		TRACE	intializing controller
20-02-2016 08:39:15	Controller		INFO	Initializing Controller
20-02-2016 08:39:15	Main		TRACE	initializing dataprocessor
20-02-2016 08:39:15	Receiver		INFO	Starting Receiver Thread execution loop
20-02-2016 08:39:15	Transmitter		INFO	Starting Receiver Thread execution loop
20-02-2016 08:39:15	ControllerThread		INFO	Starting Controller Thread execution loop
20-02-2016 08:39:15	CameraInterface		INFO	Initializing camera
20-02-2016 08:39:15	CameraInterface		INFO	Opening video capture stream at position 0
20-02-2016 08:39:15	CameraInterface		INFO	Opening video capture stream at position 0
20-02-2016 08:39:15	Transmitter		INFO	running
20-02-2016 08:39:15	Transmitter		INFO	running
20-02-2016 08:39:15	Transmitter		INFO	running
20-02-2016 08:39:15	Transmitter		INFO	running
20-02-2016 08:39:15	Transmitter		INFO	running
20-02-2016 08:39:15	Transmitter		INFO	running
20-02-2016 08:39:15	Transmitter		INFO	running
20-02-2016 08:39:15	Transmitter		INFO	running
20-02-2016 08:39:15	Transmitter		INFO	running
20-02-2016 08:39:15	Transmitter		INFO	running
20-02-2016 08:39:15	Transmitter		INFO	running
20-02-2016 08:39:15	Transmitter		INFO	running
20-02-2016 08:39:15	Transmitter		INFO	running
20-02-2016 08:39:15	Transmitter		INFO	running
20-02-2016 08:39:15	Transmitter		INFO	running
20-02-2016 08:39:15	Transmitter		INFO	running
20-02-2016 08:39:15	Transmitter		INFO	running
20-02-2016 08:39:15	Transmitter		INFO	running
20-02-2016 08:39:15	Transmitter		INFO	running
20-02-2016 08:39:15	Transmitter		INFO	running
20-02-2016 08:39:15	Transmitter		INFO	running
20-02-2016 08:39:15	Transmitter		INFO	running
20-02-2016 08:39:15	Transmitter		INFO	running
20-02-2016 08:39:15	Transmitter		INFO	running
20-02-2016 08:39:15	Transmitter		INFO	running
20-02-2016 08:39:15	Transmitter		INFO	running
20-02-2016 08:39:15	Transmitter		INFO	running
20-02-2016 08:39:15	Transmitter		INFO	running
20-02-2016 08:39:15	Transmitter		INFO	running
20-02-2016 08:39:15	Transmitter		INFO	running
20-02-2016 08:39:15	Transmitter		INFO	running
20-02-2016 08:39:15	Transmitter		INFO	running
20-02-2016 08:39:15	Transmitter		INFO	running
20-02-2016 08:39:15	Transmitter		INFO	running
20-02-2016 08:39:15	Transmitter		INFO	running
20-02-2016 08:39:15	Transmitter		INFO	running
20-02-2016 08:39:15	Transmitter		INFO	running
20-02-2016 08:39:15	Transmitter		INFO	running
20-02-2016 08:39:15	Main		TRACE	running controller
20-02-2016 08:39:15	DataProcessor		INFO	polling
20-02-2016 08:39:15	Transmitter		INFO	running
20-02-2016 08:39:15	Transmitter		INFO	running
20-02-2016 08:39:15	Transmitter		INFO	running
20-02-2016 08:39:15	Transmitter		INFO	running
20-02-2016 08:39:15	Transmitter		INFO	running
20-02-2016 08:39:15	Transmitter		INFO	running
20-02-2016 08:39:15	Transmitter		INFO	running
20-02-2016 08:39:15	Transmitter		INFO	running
20-02-2016 08:39:15	Transmitter		INFO	running
20-02-2016 08:39:15	Transmitter		INFO	running
20-02-2016 08:39:15	Transmitter		INFO	running
20-02-2016 08:39:15	Transmitter		INFO	running
20-02-2016 08:39:15	Transmitter		INFO	running
20-02-2016 08:39:15	Transmitter		INFO	running
20-02-2016 08:39:15	Transmitter		INFO	running
20-02-2016 08:39:15	Transmitter		INFO	running
20-02-2016 08:39:15	Transmitter		INFO	running
20-02-2016 08:39:15	Transmitter		INFO	running
20-02-2016 08:39:15	Transmitter		INFO	running
20-02-2016 08:39:15	Transmitter		INFO	running
20-02-2016 08:39:15	Transmitter		INFO	running
20-02-2016 08:39:15	Transmitter		INFO	running
20-02-2016 08:39:15	Transmitter		INFO	running
20-02-2016 08:39:15	Transmitter		INFO	running
20-02-2016 08:39:15	Transmitter		INFO	running
20-02-2016 08:39:15	Transmitter		INFO	running
20-02-2016 08:39:15	Transmitter		INFO	running
20-02-2016 08:39:15	Transmitter		INFO	running
20-02-2016 08:39:15	Transmitter		INFO	running
20-02-2016 08:39:15	Transmitter		INFO	running
20-02-2016 08:39:15	Transmitter		INFO	running
20-02-2016 08:39:15	Transmitter		INFO	running
20-02-2016 08:39:15	Transmitter		INFO	running
20-02-2016 08:39:15	Transmitter		INFO	running
20-02-2016 08:39:15	Transmitter		INFO	running
20-02-2016 08:39:15	Transmitter		INFO	running
20-02-2016 08:39:15	Transmitter		INFO	running
20-02-2016 08:39:15	Transmitter		INFO	running
20-02-2016 08:39:15	Transmitter		INFO	running
20-02-2016 08:39:15	Transmitter		INFO	running
20-02-2016 08:39:15	Transmitter		INFO	running
20-02-2016 08:39:15	Transmitter		INFO	running
20-02-2016 08:39:15	Transmitter		INFO	running
20-02-2016 08:39:15	Transmitter		INFO	running
20-02-2016 08:39:15	Transmitter		INFO	running
20-02-2016 08:39:15	Transmitter		INFO	running
20-02-2016 08:39:15	Transmitter		INFO	running
20-02-2016 08:39:15	Transmitter		INFO	running
20-02-2016 08:39:15	Transmitter		INFO	running
20-02-2016 08:39:15	Transmitter		INFO	running
20-02-2016 08:39:15	Transmitter		INFO	running
20-02-2016 08:39:15	Transmitter		INFO	running
20-02-2016 08:39:15	Transmitter		INFO	running
20-02-2016 08:39:15	Transmitter		INFO	running
20-02-2016 08:39:15	Transmitter		INFO	running
20-02-2016 08:39:15	Transmitter		INFO	running
20-02-2016 08:39:15	Transmitter		INFO	running
20-02-2016 08:39:15	Transmitter		INFO	running
20-02-2016 08:39:15	Transmitter		INFO	running
20-02-2016 08:39:15	Transmitter		INFO	running
20-02-2016 08:39:15	Transmitter		INFO	running
20-02-2016 08:39:15	Transmitter		INFO	running
20-02-2016 08:39:15	Transmitter		INFO	running
20-02-2016 08:39:15	Transmitter		INFO	running
20-02-2016 08:39:15	Transmitter		INFO	running
20-02-2016 08:39:15	Transmitter		INFO	running
20-02-2016 08:39:15	Transmitter		INFO	running
20-02-2016 08:39:15	Transmitter		INFO	running
20-02-2016 08:39:15	Transmitter		INFO	running
20-02-2016 08:39:15	Transmitter		INFO	running
20-02-2016 08:39:16	Transmitter		INFO	running
20-02-2016 08:39:16	Transmitter		INFO	running
20-02-2016 08:39:16	Transmitter		INFO	running
20-02-2016 08:39:16	Transmitter		INFO	running
20-02-2016 08:39:16	Transmitter		INFO	running
20-02-2016 08:39:16	Transmitter		INFO	running
20-02-2016 08:39:16	Transmitter		INFO	running
20-02-2016 08:39:16	Transmitter		INFO	running
20-02-2016 08:39:16	Transmitter		INFO	running
20-02-2016 08:39:16	Transmitter		INFO	running
20-02-2016 08:39:16	Transmitter		INFO	running
20-02-2016 08:39:16	Transmitter		INFO	running
20-02-2016 08:39:16	Transmitter		INFO	running
20-02-2016 08:39:16	Transmitter		INFO	running
20-02-2016 08:39:16	Transmitter		INFO	running
20-02-2016 08:39:16	Transmitter		INFO	running
20-02-2016 08:39:16	Transmitter		INFO	running
20-02-2016 08:39:16	Transmitter		INFO	running
20-02-2016 08:39:16	Transmitter		INFO	running
20-02-2016 08:39:16	Transmitter		INFO	running
20-02-2016 08:39:16	Transmitter		INFO	running
20-02-2016 08:39:16	Transmitter		INFO	running
20-02-2016 08:39:16	Transmitter		INFO	running
20-02-2016 08:39:16	Transmitter		INFO	running
20-02-2016 08:39:16	Transmitter		INFO	running
20-02-2016 08:39:16	Transmitter		INFO	running
20-02-2016 08:39:16	Transmitter		INFO	running
20-02-2016 08:39:16	Transmitter		INFO	running
20-02-2016 08:39:16	Transmitter		INFO	running
20-02-2016 08:39:16	Transmitter		INFO	running
20-02-2016 08:39:16	Transmitter		INFO	running
20-02-2016 08:39:16	Transmitter		INFO	running
20-02-2016 08:39:16	CameraInterface		INFO	Read successful
20-02-2016 08:39:16	Transmitter		INFO	running
20-02-2016 08:39:16	Transmitter		INFO	running
20-02-2016 08:39:16	Controller		INFO	sending to transmitter
20-02-2016 08:39:16	Transmitter		INFO	running
20-02-2016 08:39:16	Transmitter		INFO	pushing into buff
20-02-2016 08:39:16	Transmitter		INFO	running
20-02-2016 08:39:16	Transmitter		INFO	getting from buffer
20-02-2016 08:39:16	DataProcessor		INFO	polling
20-02-2016 08:39:16	CameraInterface		INFO	Read successful
20-02-2016 08:39:16	Controller		INFO	sending to transmitter
20-02-2016 08:39:16	Transmitter		INFO	pushing into buff
20-02-2016 08:39:16	DataProcessor		INFO	polling
20-02-2016 08:39:16	CameraInterface		INFO	Read successful
20-02-2016 08:39:16	Controller		INFO	sending to transmitter
20-02-2016 08:39:16	Transmitter		INFO	pushing into buff
20-02-2016 08:39:16	DataProcessor		INFO	polling
20-02-2016 08:39:16	CameraInterface		INFO	Read successful
20-02-2016 08:39:17	Controller		INFO	sending to transmitter
20-02-2016 08:39:17	Transmitter		INFO	pushing into buff
20-02-2016 08:39:17	DataProcessor		INFO	polling
20-02-2016 08:39:17	CameraInterface		INFO	Read successful
20-02-2016 08:39:17	Controller		INFO	sending to transmitter
20-02-2016 08:39:17	Transmitter		INFO	pushing into buff
20-02-2016 08:39:17	DataProcessor		INFO	polling
20-02-2016 08:39:17	CameraInterface		INFO	Read successful
20-02-2016 08:39:17	Controller		INFO	sending to transmitter
20-02-2016 08:39:17	Transmitter		INFO	pushing into buff
20-02-2016 08:39:17	DataProcessor		INFO	polling
20-02-2016 08:39:17	CameraInterface		INFO	Read successful
20-02-2016 08:39:17	Controller		INFO	sending to transmitter
20-02-2016 08:39:17	Transmitter		INFO	pushing into buff
20-02-2016 08:39:17	DataProcessor		INFO	polling
20-02-2016 08:39:17	CameraInterface		INFO	Read successful
20-02-2016 08:39:17	Controller		INFO	sending to transmitter
20-02-2016 08:39:17	Transmitter		INFO	pushing into buff
20-02-2016 08:39:17	DataProcessor		INFO	polling
20-02-2016 08:39:18	CameraInterface		INFO	Read successful
20-02-2016 08:39:18	Controller		INFO	sending to transmitter
20-02-2016 08:39:18	Transmitter		INFO	pushing into buff
20-02-2016 08:39:18	DataProcessor		INFO	polling
20-02-2016 08:39:18	CameraInterface		INFO	Read successful
20-02-2016 08:39:18	Controller		INFO	sending to transmitter
20-02-2016 08:39:18	Transmitter		INFO	pushing into buff
20-02-2016 08:39:18	DataProcessor		INFO	polling
20-02-2016 08:39:18	CameraInterface		INFO	Read successful
20-02-2016 08:39:18	Controller		INFO	sending to transmitter
20-02-2016 08:39:18	Transmitter		INFO	pushing into buff
20-02-2016 08:39:18	DataProcessor		INFO	polling
20-02-2016 08:39:18	CameraInterface		INFO	Read successful
20-02-2016 08:39:18	Controller		INFO	sending to transmitter
20-02-2016 08:39:18	Transmitter		INFO	pushing into buff
20-02-2016 08:39:18	DataProcessor		INFO	polling
20-02-2016 08:39:18	CameraInterface		INFO	Read successful
20-02-2016 08:39:18	Controller		INFO	sending to transmitter
20-02-2016 08:39:18	Transmitter		INFO	pushing into buff
20-02-2016 08:39:19	DataProcessor		INFO	polling
20-02-2016 08:39:19	CameraInterface		INFO	Read successful
20-02-2016 08:39:19	Controller		INFO	sending to transmitter
20-02-2016 08:39:19	Transmitter		INFO	pushing into buff
20-02-2016 08:39:19	DataProcessor		INFO	polling
20-02-2016 08:39:19	CameraInterface		INFO	Read successful
20-02-2016 08:39:19	Controller		INFO	sending to transmitter
20-02-2016 08:39:19	Transmitter		INFO	pushing into buff
20-02-2016 08:39:19	DataProcessor		INFO	polling
20-02-2016 08:39:19	CameraInterface		INFO	Read successful
20-02-2016 08:39:19	Controller		INFO	sending to transmitter
20-02-2016 08:39:19	Transmitter		INFO	pushing into buff
20-02-2016 08:39:19	DataProcessor		INFO	polling
20-02-2016 08:39:19	CameraInterface		INFO	Read successful
20-02-2016 08:39:19	Controller		INFO	sending to transmitter
20-02-2016 08:39:19	Transmitter		INFO	pushing into buff
20-02-2016 08:39:19	DataProcessor		INFO	polling
20-02-2016 08:39:20	CameraInterface		INFO	Read successful
20-02-2016 08:39:20	Controller		INFO	sending to transmitter
20-02-2016 08:39:20	Transmitter		INFO	pushing into buff
20-02-2016 08:39:20	DataProcessor		INFO	polling
20-02-2016 08:39:20	CameraInterface		INFO	Read successful
20-02-2016 08:39:20	Controller		INFO	sending to transmitter
20-02-2016 08:39:20	Transmitter		INFO	pushing into buff
20-02-2016 08:39:20	DataProcessor		INFO	polling
20-02-2016 08:39:20	CameraInterface		INFO	Read successful
20-02-2016 08:39:20	Controller		INFO	sending to transmitter
20-02-2016 08:39:20	Transmitter		INFO	pushing into buff
20-02-2016 08:39:20	DataProcessor		INFO	polling
20-02-2016 08:39:20	CameraInterface		INFO	Read successful
20-02-2016 08:39:20	Controller		INFO	sending to transmitter
20-02-2016 08:39:20	Transmitter		INFO	pushing into buff
20-02-2016 08:39:20	DataProcessor		INFO	polling
20-02-2016 08:39:20	CameraInterface		INFO	Read successful
20-02-2016 08:39:20	Controller		INFO	sending to transmitter
20-02-2016 08:39:20	Transmitter		INFO	pushing into buff
20-02-2016 08:39:21	DataProcessor		INFO	polling
20-02-2016 08:39:21	CameraInterface		INFO	Read successful
20-02-2016 08:39:21	Controller		INFO	sending to transmitter
20-02-2016 08:39:21	Transmitter		INFO	pushing into buff
20-02-2016 08:39:21	DataProcessor		INFO	polling
20-02-2016 08:39:21	CameraInterface		INFO	Read successful
20-02-2016 08:39:21	Controller		INFO	sending to transmitter
20-02-2016 08:39:21	Transmitter		INFO	pushing into buff
20-02-2016 08:39:21	DataProcessor		INFO	polling
20-02-2016 08:39:21	CameraInterface		INFO	Read successful
20-02-2016 08:39:21	Controller		INFO	sending to transmitter
20-02-2016 08:39:21	Transmitter		INFO	pushing into buff
20-02-2016 08:39:21	DataProcessor		INFO	polling
20-02-2016 08:39:21	CameraInterface		INFO	Read successful
20-02-2016 08:39:21	Controller		INFO	sending to transmitter
20-02-2016 08:39:21	Transmitter		INFO	pushing into buff
20-02-2016 08:39:21	DataProcessor		INFO	polling
20-02-2016 08:39:22	CameraInterface		INFO	Read successful
20-02-2016 08:39:22	Controller		INFO	sending to transmitter
20-02-2016 08:39:22	Transmitter		INFO	pushing into buff
20-02-2016 08:39:22	DataProcessor		INFO	polling
20-02-2016 08:39:22	CameraInterface		INFO	Read successful
20-02-2016 08:39:22	Controller		INFO	sending to transmitter
20-02-2016 08:39:22	Transmitter		INFO	pushing into buff
20-02-2016 08:39:22	DataProcessor		INFO	polling
20-02-2016 08:39:22	CameraInterface		INFO	Read successful
20-02-2016 08:39:22	Controller		INFO	sending to transmitter
20-02-2016 08:39:22	Transmitter		INFO	pushing into buff
20-02-2016 08:39:22	DataProcessor		INFO	polling
20-02-2016 08:39:22	CameraInterface		INFO	Read successful
20-02-2016 08:39:22	Controller		INFO	sending to transmitter
20-02-2016 08:39:22	Transmitter		INFO	pushing into buff
20-02-2016 08:39:22	DataProcessor		INFO	polling
20-02-2016 08:39:23	CameraInterface		INFO	Read successful
20-02-2016 08:39:23	Controller		INFO	sending to transmitter
20-02-2016 08:39:23	Transmitter		INFO	pushing into buff
20-02-2016 08:39:23	DataProcessor		INFO	polling
20-02-2016 08:39:23	CameraInterface		INFO	Read successful
20-02-2016 08:39:23	Controller		INFO	sending to transmitter
20-02-2016 08:39:23	Transmitter		INFO	pushing into buff
20-02-2016 08:39:23	DataProcessor		INFO	polling
20-02-2016 08:39:23	CameraInterface		INFO	Read successful
20-02-2016 08:39:23	Controller		INFO	sending to transmitter
20-02-2016 08:39:23	Transmitter		INFO	pushing into buff
20-02-2016 08:39:23	DataProcessor		INFO	polling
20-02-2016 08:39:23	CameraInterface		INFO	Read successful
20-02-2016 08:39:23	Controller		INFO	sending to transmitter
20-02-2016 08:39:23	Transmitter		INFO	pushing into buff
20-02-2016 08:39:23	DataProcessor		INFO	polling
20-02-2016 08:39:23	CameraInterface		INFO	Read successful
20-02-2016 08:39:23	Controller		INFO	sending to transmitter
20-02-2016 08:39:23	Transmitter		INFO	pushing into buff
20-02-2016 08:39:24	DataProcessor		INFO	polling
20-02-2016 08:39:24	CameraInterface		INFO	Read successful
20-02-2016 08:39:24	Controller		INFO	sending to transmitter
20-02-2016 08:39:24	Transmitter		INFO	pushing into buff
20-02-2016 08:39:24	DataProcessor		INFO	polling
20-02-2016 08:39:24	CameraInterface		INFO	Read successful
20-02-2016 08:39:24	Controller		INFO	sending to transmitter
20-02-2016 08:39:24	Transmitter		INFO	pushing into buff
20-02-2016 08:39:24	DataProcessor		INFO	polling
20-02-2016 08:39:24	CameraInterface		INFO	Read successful
20-02-2016 08:39:24	Controller		INFO	sending to transmitter
20-02-2016 08:39:24	Transmitter		INFO	pushing into buff
20-02-2016 08:39:24	DataProcessor		INFO	polling
20-02-2016 08:39:24	CameraInterface		INFO	Read successful
20-02-2016 08:39:24	Controller		INFO	sending to transmitter
20-02-2016 08:39:24	Transmitter		INFO	pushing into buff
20-02-2016 08:39:24	DataProcessor		INFO	polling
20-02-2016 08:39:25	CameraInterface		INFO	Read successful
20-02-2016 08:39:25	Controller		INFO	sending to transmitter
20-02-2016 08:39:25	Transmitter		INFO	pushing into buff
20-02-2016 08:39:25	DataProcessor		INFO	polling
20-02-2016 08:39:25	CameraInterface		INFO	Read successful
20-02-2016 08:39:25	Controller		INFO	sending to transmitter
20-02-2016 08:39:25	Transmitter		INFO	pushing into buff
20-02-2016 08:39:25	DataProcessor		INFO	polling
20-02-2016 08:39:25	CameraInterface		INFO	Read successful
20-02-2016 08:39:25	Controller		INFO	sending to transmitter
20-02-2016 08:39:25	Transmitter		INFO	pushing into buff
20-02-2016 08:39:25	DataProcessor		INFO	polling
20-02-2016 08:39:25	CameraInterface		INFO	Read successful
20-02-2016 08:39:25	Controller		INFO	sending to transmitter
20-02-2016 08:39:25	Transmitter		INFO	pushing into buff
20-02-2016 08:39:25	DataProcessor		INFO	polling
20-02-2016 08:39:26	CameraInterface		INFO	Read successful
20-02-2016 08:39:26	Controller		INFO	sending to transmitter
20-02-2016 08:39:26	Transmitter		INFO	pushing into buff
20-02-2016 08:39:26	DataProcessor		INFO	polling
20-02-2016 08:39:26	CameraInterface		INFO	Read successful
20-02-2016 08:39:26	Controller		INFO	sending to transmitter
20-02-2016 08:39:26	Transmitter		INFO	pushing into buff
20-02-2016 08:39:26	DataProcessor		INFO	polling
20-02-2016 08:39:26	Transmitter		INFO	sending string
20-02-2016 08:39:26	Transmitter		INFO	running
20-02-2016 08:39:26	Transmitter		INFO	getting from buffer
20-02-2016 08:39:26	CameraInterface		INFO	Read successful
20-02-2016 08:39:26	Controller		INFO	sending to transmitter
20-02-2016 08:39:26	Transmitter		INFO	pushing into buff
20-02-2016 08:39:26	DataProcessor		INFO	polling
20-02-2016 08:39:26	CameraInterface		INFO	Read successful
20-02-2016 08:39:26	Controller		INFO	sending to transmitter
20-02-2016 08:39:26	Transmitter		INFO	pushing into buff
20-02-2016 08:39:26	DataProcessor		INFO	polling
20-02-2016 08:39:26	CameraInterface		INFO	Read successful
20-02-2016 08:39:26	Controller		INFO	sending to transmitter
20-02-2016 08:39:27	Transmitter		INFO	pushing into buff
20-02-2016 08:39:27	DataProcessor		INFO	polling
20-02-2016 08:39:27	CameraInterface		INFO	Read successful
20-02-2016 08:39:27	Controller		INFO	sending to transmitter
20-02-2016 08:39:27	Transmitter		INFO	pushing into buff
20-02-2016 08:39:27	DataProcessor		INFO	polling
20-02-2016 08:39:27	CameraInterface		INFO	Read successful
20-02-2016 08:39:27	Controller		INFO	sending to transmitter
20-02-2016 08:39:27	Transmitter		INFO	pushing into buff
20-02-2016 08:39:27	DataProcessor		INFO	polling
20-02-2016 08:39:27	CameraInterface		INFO	Read successful
20-02-2016 08:39:27	Controller		INFO	sending to transmitter
20-02-2016 08:39:27	Transmitter		INFO	pushing into buff
20-02-2016 08:39:27	DataProcessor		INFO	polling
20-02-2016 08:39:27	CameraInterface		INFO	Read successful
20-02-2016 08:39:27	Controller		INFO	sending to transmitter
20-02-2016 08:39:27	Transmitter		INFO	pushing into buff
20-02-2016 08:39:27	DataProcessor		INFO	polling
20-02-2016 08:39:28	CameraInterface		INFO	Read successful
20-02-2016 08:39:28	Controller		INFO	sending to transmitter
20-02-2016 08:39:28	Transmitter		INFO	pushing into buff
20-02-2016 08:39:28	DataProcessor		INFO	polling
20-02-2016 08:39:28	CameraInterface		INFO	Read successful
20-02-2016 08:39:28	Controller		INFO	sending to transmitter
20-02-2016 08:39:28	Transmitter		INFO	pushing into buff
20-02-2016 08:39:28	DataProcessor		INFO	polling
20-02-2016 08:39:28	CameraInterface		INFO	Read successful
20-02-2016 08:39:28	Controller		INFO	sending to transmitter
20-02-2016 08:39:28	Transmitter		INFO	pushing into buff
20-02-2016 08:39:28	DataProcessor		INFO	polling
20-02-2016 08:39:28	CameraInterface		INFO	Read successful
20-02-2016 08:39:28	Controller		INFO	sending to transmitter
20-02-2016 08:39:28	Transmitter		INFO	pushing into buff
20-02-2016 08:39:28	DataProcessor		INFO	polling
20-02-2016 08:39:28	CameraInterface		INFO	Read successful
20-02-2016 08:39:28	Controller		INFO	sending to transmitter
20-02-2016 08:39:28	Transmitter		INFO	pushing into buff
20-02-2016 08:39:28	DataProcessor		INFO	polling
20-02-2016 08:39:29	CameraInterface		INFO	Read successful
20-02-2016 08:39:29	Controller		INFO	sending to transmitter
20-02-2016 08:39:29	Transmitter		INFO	pushing into buff
20-02-2016 08:39:29	DataProcessor		INFO	polling
20-02-2016 08:39:29	CameraInterface		INFO	Read successful
20-02-2016 08:39:29	Controller		INFO	sending to transmitter
20-02-2016 08:39:29	Transmitter		INFO	pushing into buff
20-02-2016 08:39:29	DataProcessor		INFO	polling
20-02-2016 08:39:29	CameraInterface		INFO	Read successful
20-02-2016 08:39:29	Controller		INFO	sending to transmitter
20-02-2016 08:39:29	Transmitter		INFO	pushing into buff
20-02-2016 08:39:29	DataProcessor		INFO	polling
20-02-2016 08:39:29	CameraInterface		INFO	Read successful
20-02-2016 08:39:29	Controller		INFO	sending to transmitter
20-02-2016 08:39:29	Transmitter		INFO	pushing into buff
20-02-2016 08:39:29	DataProcessor		INFO	polling
20-02-2016 08:39:29	CameraInterface		INFO	Read successful
20-02-2016 08:39:29	Controller		INFO	sending to transmitter
20-02-2016 08:39:29	Transmitter		INFO	pushing into buff
20-02-2016 08:39:29	DataProcessor		INFO	polling
20-02-2016 08:39:30	CameraInterface		INFO	Read successful
20-02-2016 08:39:30	Controller		INFO	sending to transmitter
20-02-2016 08:39:30	Transmitter		INFO	pushing into buff
20-02-2016 08:39:30	DataProcessor		INFO	polling
20-02-2016 08:39:30	CameraInterface		INFO	Read successful
20-02-2016 08:39:30	Controller		INFO	sending to transmitter
20-02-2016 08:39:30	Transmitter		INFO	pushing into buff
20-02-2016 08:39:30	DataProcessor		INFO	polling
20-02-2016 08:39:30	CameraInterface		INFO	Read successful
20-02-2016 08:39:30	Controller		INFO	sending to transmitter
20-02-2016 08:39:30	Transmitter		INFO	pushing into buff
20-02-2016 08:39:30	DataProcessor		INFO	polling
20-02-2016 08:39:30	CameraInterface		INFO	Read successful
20-02-2016 08:39:30	Controller		INFO	sending to transmitter
20-02-2016 08:39:30	Transmitter		INFO	pushing into buff
20-02-2016 08:39:30	DataProcessor		INFO	polling
20-02-2016 08:39:31	CameraInterface		INFO	Read successful
20-02-2016 08:39:31	Controller		INFO	sending to transmitter
20-02-2016 08:39:31	Transmitter		INFO	pushing into buff
20-02-2016 08:39:31	DataProcessor		INFO	polling
20-02-2016 08:39:31	CameraInterface		INFO	Read successful
20-02-2016 08:39:31	Controller		INFO	sending to transmitter
20-02-2016 08:39:31	Transmitter		INFO	pushing into buff
20-02-2016 08:39:31	DataProcessor		INFO	polling
20-02-2016 08:39:31	CameraInterface		INFO	Read successful
20-02-2016 08:39:31	Controller		INFO	sending to transmitter
20-02-2016 08:39:31	Transmitter		INFO	pushing into buff
20-02-2016 08:39:31	DataProcessor		INFO	polling
20-02-2016 08:39:31	CameraInterface		INFO	Read successful
20-02-2016 08:39:31	Controller		INFO	sending to transmitter
20-02-2016 08:39:31	Transmitter		INFO	pushing into buff
20-02-2016 08:39:31	DataProcessor		INFO	polling
20-02-2016 08:39:31	CameraInterface		INFO	Read successful
20-02-2016 08:39:31	Controller		INFO	sending to transmitter
20-02-2016 08:39:31	Transmitter		INFO	pushing into buff
20-02-2016 08:39:31	DataProcessor		INFO	polling
20-02-2016 08:39:32	CameraInterface		INFO	Read successful
20-02-2016 08:39:32	Controller		INFO	sending to transmitter
20-02-2016 08:39:32	Transmitter		INFO	pushing into buff
20-02-2016 08:39:32	DataProcessor		INFO	polling
20-02-2016 08:39:32	CameraInterface		INFO	Read successful
20-02-2016 08:39:32	Controller		INFO	sending to transmitter
20-02-2016 08:39:32	Transmitter		INFO	pushing into buff
20-02-2016 08:39:32	DataProcessor		INFO	polling
20-02-2016 08:39:32	CameraInterface		INFO	Read successful
20-02-2016 08:39:32	Controller		INFO	sending to transmitter
20-02-2016 08:39:32	Transmitter		INFO	pushing into buff
20-02-2016 08:39:32	DataProcessor		INFO	polling
20-02-2016 08:39:32	CameraInterface		INFO	Read successful
20-02-2016 08:39:32	Controller		INFO	sending to transmitter
20-02-2016 08:39:32	Transmitter		INFO	pushing into buff
20-02-2016 08:39:32	DataProcessor		INFO	polling
20-02-2016 08:39:33	CameraInterface		INFO	Read successful
20-02-2016 08:39:33	Controller		INFO	sending to transmitter
20-02-2016 08:39:33	Transmitter		INFO	pushing into buff
20-02-2016 08:39:33	DataProcessor		INFO	polling
20-02-2016 08:39:33	CameraInterface		INFO	Read successful
20-02-2016 08:39:33	Controller		INFO	sending to transmitter
20-02-2016 08:39:33	Transmitter		INFO	pushing into buff
20-02-2016 08:39:33	DataProcessor		INFO	polling
20-02-2016 08:39:33	CameraInterface		INFO	Read successful
20-02-2016 08:39:33	Controller		INFO	sending to transmitter
20-02-2016 08:39:33	Transmitter		INFO	pushing into buff
20-02-2016 08:39:33	DataProcessor		INFO	polling
20-02-2016 08:39:33	CameraInterface		INFO	Read successful
20-02-2016 08:39:33	Controller		INFO	sending to transmitter
20-02-2016 08:39:33	Transmitter		INFO	pushing into buff
20-02-2016 08:39:33	DataProcessor		INFO	polling
20-02-2016 08:39:34	CameraInterface		INFO	Read successful
20-02-2016 08:39:34	Controller		INFO	sending to transmitter
20-02-2016 08:39:34	Transmitter		INFO	pushing into buff
20-02-2016 08:39:34	DataProcessor		INFO	polling
20-02-2016 08:39:34	CameraInterface		INFO	Read successful
20-02-2016 08:39:34	Controller		INFO	sending to transmitter
20-02-2016 08:39:34	Transmitter		INFO	pushing into buff
20-02-2016 08:39:34	DataProcessor		INFO	polling
20-02-2016 08:39:34	CameraInterface		INFO	Read successful
20-02-2016 08:39:34	Controller		INFO	sending to transmitter
20-02-2016 08:39:34	Transmitter		INFO	pushing into buff
20-02-2016 08:39:34	DataProcessor		INFO	polling
20-02-2016 08:39:34	CameraInterface		INFO	Read successful
20-02-2016 08:39:34	Controller		INFO	sending to transmitter
20-02-2016 08:39:34	Transmitter		INFO	pushing into buff
20-02-2016 08:39:34	DataProcessor		INFO	polling
20-02-2016 08:39:34	CameraInterface		INFO	Read successful
20-02-2016 08:39:34	Controller		INFO	sending to transmitter
20-02-2016 08:39:34	Transmitter		INFO	pushing into buff
20-02-2016 08:39:35	DataProcessor		INFO	polling
20-02-2016 08:39:35	CameraInterface		INFO	Read successful
20-02-2016 08:39:35	Controller		INFO	sending to transmitter
20-02-2016 08:39:35	Transmitter		INFO	pushing into buff
20-02-2016 08:39:35	DataProcessor		INFO	polling
20-02-2016 08:39:35	CameraInterface		INFO	Read successful
20-02-2016 08:39:35	Controller		INFO	sending to transmitter
20-02-2016 08:39:35	Transmitter		INFO	pushing into buff
20-02-2016 08:39:35	DataProcessor		INFO	polling
20-02-2016 08:39:35	CameraInterface		INFO	Read successful
20-02-2016 08:39:35	Controller		INFO	sending to transmitter
20-02-2016 08:39:35	Transmitter		INFO	pushing into buff
20-02-2016 08:39:35	DataProcessor		INFO	polling
20-02-2016 08:39:36	CameraInterface		INFO	Read successful
20-02-2016 08:39:38	Controller		INFO	sending to transmitter
20-02-2016 08:39:42	Transmitter		INFO	pushing into buff
20-02-2016 08:39:43	DataProcessor		INFO	polling
20-02-2016 08:39:51	CameraInterface		INFO	Read successful
20-02-2016 08:39:52	Controller		INFO	sending to transmitter
20-02-2016 08:39:52	Transmitter		INFO	pushing into buff
20-02-2016 08:39:52	DataProcessor		INFO	polling
20-02-2016 08:39:52	CameraInterface		INFO	Read successful
20-02-2016 08:39:53	Controller		INFO	sending to transmitter
20-02-2016 08:39:53	Transmitter		INFO	pushing into buff
20-02-2016 08:39:53	DataProcessor		INFO	polling
20-02-2016 08:39:53	CameraInterface		INFO	Read successful
20-02-2016 08:39:53	Controller		INFO	sending to transmitter
20-02-2016 08:39:53	Transmitter		INFO	pushing into buff
20-02-2016 08:39:53	DataProcessor		INFO	polling
20-02-2016 08:39:53	CameraInterface		INFO	Read successful
20-02-2016 08:39:53	Controller		INFO	sending to transmitter
20-02-2016 08:39:53	Transmitter		INFO	pushing into buff
20-02-2016 08:39:53	DataProcessor		INFO	polling
20-02-2016 08:39:56	CameraInterface		INFO	Read successful
20-02-2016 08:39:57	Controller		INFO	sending to transmitter
20-02-2016 08:39:57	Transmitter		INFO	pushing into buff
20-02-2016 08:39:57	DataProcessor		INFO	polling
20-02-2016 08:40:03	CameraInterface		INFO	Read successful
