23-01-2016 08:15:10	Main		TRACE	Logger initialized.
23-01-2016 08:15:10	PropertyReader		TRACE	Opening file: settings/settings.txt
23-01-2016 08:15:10	PropertyReader		INFO	File opened: settings/settings.txt
23-01-2016 08:15:10	PropertyReader		INFO	Loading properties file...
23-01-2016 08:15:10	PropertyReader		INFO	Mapped INFO to LOGGING_LEVEL
23-01-2016 08:15:10	PropertyReader		INFO	Mapped 100 to CAM_BUFFER_SIZE
23-01-2016 08:15:10	PropertyReader		INFO	Mapped 15 to CAM_POLL_FREQUENCY
23-01-2016 08:15:10	PropertyReader		INFO	Mapped 0 to CAM_INDEX
23-01-2016 08:15:10	PropertyReader		DEBUG	Loaded 4 properties successfully
23-01-2016 08:15:10	CameraInterface		INFO	Initializing camera
23-01-2016 08:15:10	CameraInterface		INFO	Opening video capture stream at position 0
23-01-2016 08:15:11	CameraInterface		INFO	Here1
23-01-2016 08:15:11	CameraInterface		INFO	Camera stream is not opened
23-01-2016 08:15:11	CameraInterface		INFO	Here3
23-01-2016 08:15:11	CameraInterface		INFO	Read successful
23-01-2016 08:15:11	CameraInterface		INFO	Here5
23-01-2016 08:15:11	CameraInterface		INFO	Here1
23-01-2016 08:15:11	CameraInterface		INFO	Camera stream is not opened
23-01-2016 08:15:11	CameraInterface		INFO	Here3
23-01-2016 08:15:11	CameraInterface		INFO	Read successful
23-01-2016 08:15:11	CameraInterface		INFO	Here5
23-01-2016 08:15:11	CameraInterface		INFO	Here1
23-01-2016 08:15:11	CameraInterface		INFO	Camera stream is not opened
23-01-2016 08:15:11	CameraInterface		INFO	Here3
23-01-2016 08:15:11	CameraInterface		INFO	Read successful
23-01-2016 08:15:11	CameraInterface		INFO	Here5
23-01-2016 08:15:11	CameraInterface		INFO	Here1
23-01-2016 08:15:11	CameraInterface		INFO	Camera stream is not opened
23-01-2016 08:15:11	CameraInterface		INFO	Here3
23-01-2016 08:15:11	CameraInterface		INFO	Read successful
23-01-2016 08:15:11	CameraInterface		INFO	Here5
23-01-2016 08:15:12	CameraInterface		INFO	Here1
23-01-2016 08:15:12	CameraInterface		INFO	Camera stream is not opened
23-01-2016 08:15:12	CameraInterface		INFO	Here3
23-01-2016 08:15:12	CameraInterface		INFO	Read successful
23-01-2016 08:15:12	CameraInterface		INFO	Here5
23-01-2016 08:15:12	CameraInterface		INFO	Here1
23-01-2016 08:15:12	CameraInterface		INFO	Camera stream is not opened
23-01-2016 08:15:12	CameraInterface		INFO	Here3
23-01-2016 08:15:12	CameraInterface		INFO	Read successful
23-01-2016 08:15:12	CameraInterface		INFO	Here5
23-01-2016 08:15:12	CameraInterface		INFO	Here1
23-01-2016 08:15:12	CameraInterface		INFO	Camera stream is not opened
23-01-2016 08:15:12	CameraInterface		INFO	Here3
23-01-2016 08:15:12	CameraInterface		INFO	Read successful
23-01-2016 08:15:12	CameraInterface		INFO	Here5
23-01-2016 08:15:12	CameraInterface		INFO	Here1
23-01-2016 08:15:12	CameraInterface		INFO	Camera stream is not opened
23-01-2016 08:15:12	CameraInterface		INFO	Here3
23-01-2016 08:15:12	CameraInterface		INFO	Read successful
23-01-2016 08:15:12	CameraInterface		INFO	Here5
23-01-2016 08:15:12	CameraInterface		INFO	Here1
23-01-2016 08:15:12	CameraInterface		INFO	Camera stream is not opened
23-01-2016 08:15:12	CameraInterface		INFO	Here3
23-01-2016 08:15:12	CameraInterface		INFO	Read successful
23-01-2016 08:15:12	CameraInterface		INFO	Here5
23-01-2016 08:15:12	CameraInterface		INFO	Here1
23-01-2016 08:15:12	CameraInterface		INFO	Camera stream is not opened
23-01-2016 08:15:12	CameraInterface		INFO	Here3
23-01-2016 08:15:12	CameraInterface		INFO	Read successful
23-01-2016 08:15:12	CameraInterface		INFO	Here5
23-01-2016 08:15:12	CameraInterface		INFO	Here1
23-01-2016 08:15:12	CameraInterface		INFO	Camera stream is not opened
23-01-2016 08:15:12	CameraInterface		INFO	Here3
23-01-2016 08:15:12	CameraInterface		INFO	Read successful
23-01-2016 08:15:12	CameraInterface		INFO	Here5
23-01-2016 08:15:13	CameraInterface		INFO	Here1
23-01-2016 08:15:13	CameraInterface		INFO	Camera stream is not opened
23-01-2016 08:15:13	CameraInterface		INFO	Here3
23-01-2016 08:15:13	CameraInterface		INFO	Read successful
23-01-2016 08:15:13	CameraInterface		INFO	Here5
23-01-2016 08:15:13	CameraInterface		INFO	Here1
23-01-2016 08:15:13	CameraInterface		INFO	Camera stream is not opened
23-01-2016 08:15:13	CameraInterface		INFO	Here3
23-01-2016 08:15:13	CameraInterface		INFO	Read successful
23-01-2016 08:15:13	CameraInterface		INFO	Here5
23-01-2016 08:15:13	CameraInterface		INFO	Here1
23-01-2016 08:15:13	CameraInterface		INFO	Camera stream is not opened
23-01-2016 08:15:13	CameraInterface		INFO	Here3
23-01-2016 08:15:13	CameraInterface		INFO	Read successful
23-01-2016 08:15:13	CameraInterface		INFO	Here5
23-01-2016 08:15:13	CameraInterface		INFO	Here1
23-01-2016 08:15:13	CameraInterface		INFO	Camera stream is not opened
23-01-2016 08:15:13	CameraInterface		INFO	Here3
23-01-2016 08:15:13	CameraInterface		INFO	Read successful
23-01-2016 08:15:13	CameraInterface		INFO	Here5
23-01-2016 08:15:14	CameraInterface		INFO	Here1
23-01-2016 08:15:14	CameraInterface		INFO	Camera stream is not opened
23-01-2016 08:15:14	CameraInterface		INFO	Here3
23-01-2016 08:15:14	CameraInterface		INFO	Read successful
23-01-2016 08:15:14	CameraInterface		INFO	Here5
23-01-2016 08:15:14	CameraInterface		INFO	Here1
23-01-2016 08:15:14	CameraInterface		INFO	Camera stream is not opened
23-01-2016 08:15:14	CameraInterface		INFO	Here3
23-01-2016 08:15:14	CameraInterface		INFO	Read successful
23-01-2016 08:15:14	CameraInterface		INFO	Here5
23-01-2016 08:15:14	CameraInterface		INFO	Here1
23-01-2016 08:15:14	CameraInterface		INFO	Camera stream is not opened
23-01-2016 08:15:14	CameraInterface		INFO	Here3
23-01-2016 08:15:14	CameraInterface		INFO	Read successful
23-01-2016 08:15:14	CameraInterface		INFO	Here5
23-01-2016 08:15:14	CameraInterface		INFO	Here1
23-01-2016 08:15:14	CameraInterface		INFO	Camera stream is not opened
23-01-2016 08:15:14	CameraInterface		INFO	Here3
23-01-2016 08:15:14	CameraInterface		INFO	Read successful
23-01-2016 08:15:14	CameraInterface		INFO	Here5
23-01-2016 08:15:15	CameraInterface		INFO	Here1
23-01-2016 08:15:15	CameraInterface		INFO	Camera stream is not opened
23-01-2016 08:15:15	CameraInterface		INFO	Here3
23-01-2016 08:15:15	CameraInterface		INFO	Read successful
23-01-2016 08:15:15	CameraInterface		INFO	Here5
23-01-2016 08:15:15	CameraInterface		INFO	Here1
23-01-2016 08:15:15	CameraInterface		INFO	Camera stream is not opened
23-01-2016 08:15:15	CameraInterface		INFO	Here3
23-01-2016 08:15:15	CameraInterface		INFO	Read successful
23-01-2016 08:15:15	CameraInterface		INFO	Here5
23-01-2016 08:15:15	CameraInterface		INFO	Here1
23-01-2016 08:15:15	CameraInterface		INFO	Camera stream is not opened
23-01-2016 08:15:15	CameraInterface		INFO	Here3
23-01-2016 08:15:15	CameraInterface		INFO	Read successful
23-01-2016 08:15:15	CameraInterface		INFO	Here5
23-01-2016 08:15:15	CameraInterface		INFO	Here1
23-01-2016 08:15:15	CameraInterface		INFO	Camera stream is not opened
23-01-2016 08:15:15	CameraInterface		INFO	Here3
23-01-2016 08:15:15	CameraInterface		INFO	Read successful
23-01-2016 08:15:15	CameraInterface		INFO	Here5
23-01-2016 08:15:16	CameraInterface		INFO	Here1
23-01-2016 08:15:16	CameraInterface		INFO	Camera stream is not opened
23-01-2016 08:15:16	CameraInterface		INFO	Here3
23-01-2016 08:15:16	CameraInterface		INFO	Read successful
23-01-2016 08:15:16	CameraInterface		INFO	Here5
23-01-2016 08:15:16	CameraInterface		INFO	Here1
23-01-2016 08:15:16	CameraInterface		INFO	Camera stream is not opened
23-01-2016 08:15:16	CameraInterface		INFO	Here3
23-01-2016 08:15:16	CameraInterface		INFO	Read successful
23-01-2016 08:15:16	CameraInterface		INFO	Here5
23-01-2016 08:15:16	CameraInterface		INFO	Here1
23-01-2016 08:15:16	CameraInterface		INFO	Camera stream is not opened
23-01-2016 08:15:16	CameraInterface		INFO	Here3
23-01-2016 08:15:16	CameraInterface		INFO	Read successful
23-01-2016 08:15:16	CameraInterface		INFO	Here5
23-01-2016 08:15:16	CameraInterface		INFO	Here1
23-01-2016 08:15:16	CameraInterface		INFO	Camera stream is not opened
23-01-2016 08:15:16	CameraInterface		INFO	Here3
23-01-2016 08:15:16	CameraInterface		INFO	Read successful
23-01-2016 08:15:16	CameraInterface		INFO	Here5
23-01-2016 08:15:16	CameraInterface		INFO	Here1
23-01-2016 08:15:16	CameraInterface		INFO	Camera stream is not opened
23-01-2016 08:15:16	CameraInterface		INFO	Here3
23-01-2016 08:15:16	CameraInterface		INFO	Read successful
23-01-2016 08:15:16	CameraInterface		INFO	Here5
23-01-2016 08:15:17	CameraInterface		INFO	Here1
23-01-2016 08:15:17	CameraInterface		INFO	Camera stream is not opened
23-01-2016 08:15:17	CameraInterface		INFO	Here3
23-01-2016 08:15:17	CameraInterface		INFO	Read successful
23-01-2016 08:15:17	CameraInterface		INFO	Here5
23-01-2016 08:15:17	CameraInterface		INFO	Here1
23-01-2016 08:15:17	CameraInterface		INFO	Camera stream is not opened
23-01-2016 08:15:17	CameraInterface		INFO	Here3
23-01-2016 08:15:17	CameraInterface		INFO	Read successful
23-01-2016 08:15:17	CameraInterface		INFO	Here5
23-01-2016 08:15:17	CameraInterface		INFO	Here1
23-01-2016 08:15:17	CameraInterface		INFO	Camera stream is not opened
23-01-2016 08:15:17	CameraInterface		INFO	Here3
23-01-2016 08:15:17	CameraInterface		INFO	Read successful
23-01-2016 08:15:17	CameraInterface		INFO	Here5
23-01-2016 08:15:17	CameraInterface		INFO	Here1
23-01-2016 08:15:17	CameraInterface		INFO	Camera stream is not opened
23-01-2016 08:15:17	CameraInterface		INFO	Here3
23-01-2016 08:15:17	CameraInterface		INFO	Read successful
23-01-2016 08:15:17	CameraInterface		INFO	Here5
23-01-2016 08:15:18	CameraInterface		INFO	Here1
23-01-2016 08:15:18	CameraInterface		INFO	Camera stream is not opened
23-01-2016 08:15:18	CameraInterface		INFO	Here3
23-01-2016 08:15:18	CameraInterface		INFO	Read successful
23-01-2016 08:15:18	CameraInterface		INFO	Here5
23-01-2016 08:15:18	CameraInterface		INFO	Here1
23-01-2016 08:15:18	CameraInterface		INFO	Camera stream is not opened
23-01-2016 08:15:18	CameraInterface		INFO	Here3
23-01-2016 08:15:18	CameraInterface		INFO	Read successful
23-01-2016 08:15:18	CameraInterface		INFO	Here5
23-01-2016 08:15:18	CameraInterface		INFO	Here1
23-01-2016 08:15:18	CameraInterface		INFO	Camera stream is not opened
23-01-2016 08:15:18	CameraInterface		INFO	Here3
23-01-2016 08:15:18	CameraInterface		INFO	Read successful
23-01-2016 08:15:18	CameraInterface		INFO	Here5
23-01-2016 08:15:18	CameraInterface		INFO	Here1
23-01-2016 08:15:18	CameraInterface		INFO	Camera stream is not opened
23-01-2016 08:15:18	CameraInterface		INFO	Here3
23-01-2016 08:15:18	CameraInterface		INFO	Read successful
23-01-2016 08:15:18	CameraInterface		INFO	Here5
23-01-2016 08:15:19	CameraInterface		INFO	Here1
23-01-2016 08:15:19	CameraInterface		INFO	Camera stream is not opened
23-01-2016 08:15:19	CameraInterface		INFO	Here3
23-01-2016 08:15:19	CameraInterface		INFO	Read successful
23-01-2016 08:15:19	CameraInterface		INFO	Here5
23-01-2016 08:15:19	CameraInterface		INFO	Here1
23-01-2016 08:15:19	CameraInterface		INFO	Camera stream is not opened
23-01-2016 08:15:19	CameraInterface		INFO	Here3
23-01-2016 08:15:19	CameraInterface		INFO	Read successful
23-01-2016 08:15:19	CameraInterface		INFO	Here5
23-01-2016 08:15:19	CameraInterface		INFO	Here1
23-01-2016 08:15:19	CameraInterface		INFO	Camera stream is not opened
23-01-2016 08:15:19	CameraInterface		INFO	Here3
23-01-2016 08:15:19	CameraInterface		INFO	Read successful
23-01-2016 08:15:19	CameraInterface		INFO	Here5
23-01-2016 08:15:19	CameraInterface		INFO	Here1
23-01-2016 08:15:19	CameraInterface		INFO	Camera stream is not opened
23-01-2016 08:15:19	CameraInterface		INFO	Here3
23-01-2016 08:15:19	CameraInterface		INFO	Read successful
23-01-2016 08:15:19	CameraInterface		INFO	Here5
23-01-2016 08:15:20	CameraInterface		INFO	Here1
23-01-2016 08:15:20	CameraInterface		INFO	Camera stream is not opened
23-01-2016 08:15:20	CameraInterface		INFO	Here3
23-01-2016 08:15:20	CameraInterface		INFO	Read successful
23-01-2016 08:15:20	CameraInterface		INFO	Here5
23-01-2016 08:15:20	CameraInterface		INFO	Here1
23-01-2016 08:15:20	CameraInterface		INFO	Camera stream is not opened
23-01-2016 08:15:20	CameraInterface		INFO	Here3
23-01-2016 08:15:20	CameraInterface		INFO	Read successful
23-01-2016 08:15:20	CameraInterface		INFO	Here5
23-01-2016 08:15:20	CameraInterface		INFO	Here1
23-01-2016 08:15:20	CameraInterface		INFO	Camera stream is not opened
23-01-2016 08:15:20	CameraInterface		INFO	Here3
23-01-2016 08:15:20	CameraInterface		INFO	Read successful
23-01-2016 08:15:20	CameraInterface		INFO	Here5
23-01-2016 08:15:21	CameraInterface		INFO	Here1
23-01-2016 08:15:21	CameraInterface		INFO	Camera stream is not opened
23-01-2016 08:15:21	CameraInterface		INFO	Here3
23-01-2016 08:15:21	CameraInterface		INFO	Read successful
23-01-2016 08:15:21	CameraInterface		INFO	Here5
23-01-2016 08:15:21	CameraInterface		INFO	Here1
23-01-2016 08:15:21	CameraInterface		INFO	Camera stream is not opened
23-01-2016 08:15:21	CameraInterface		INFO	Here3
23-01-2016 08:15:21	CameraInterface		INFO	Read successful
23-01-2016 08:15:21	CameraInterface		INFO	Here5
23-01-2016 08:15:21	CameraInterface		INFO	Here1
23-01-2016 08:15:21	CameraInterface		INFO	Camera stream is not opened
23-01-2016 08:15:21	CameraInterface		INFO	Here3
23-01-2016 08:15:21	CameraInterface		INFO	Read successful
23-01-2016 08:15:21	CameraInterface		INFO	Here5
23-01-2016 08:15:21	CameraInterface		INFO	Here1
23-01-2016 08:15:21	CameraInterface		INFO	Camera stream is not opened
23-01-2016 08:15:21	CameraInterface		INFO	Here3
23-01-2016 08:15:21	CameraInterface		INFO	Read successful
23-01-2016 08:15:21	CameraInterface		INFO	Here5
23-01-2016 08:15:21	CameraInterface		INFO	Here1
23-01-2016 08:15:21	CameraInterface		INFO	Camera stream is not opened
23-01-2016 08:15:21	CameraInterface		INFO	Here3
23-01-2016 08:15:21	CameraInterface		INFO	Read successful
23-01-2016 08:15:21	CameraInterface		INFO	Here5
23-01-2016 08:15:22	CameraInterface		INFO	Here1
23-01-2016 08:15:22	CameraInterface		INFO	Camera stream is not opened
23-01-2016 08:15:22	CameraInterface		INFO	Here3
23-01-2016 08:15:22	CameraInterface		INFO	Read successful
23-01-2016 08:15:22	CameraInterface		INFO	Here5
