21-02-2016 08:31:46	Main		TRACE	Logger initialized.
21-02-2016 08:31:46	PropertyReader		TRACE	Opening file: settings/settings.txt
21-02-2016 08:31:46	PropertyReader		INFO	File opened: settings/settings.txt
21-02-2016 08:31:46	PropertyReader		INFO	Loading properties file...
21-02-2016 08:31:46	PropertyReader		INFO	Mapped TRACE to LOGGING_LEVEL
21-02-2016 08:31:46	PropertyReader		INFO	Mapped 100 to CAM_BUFFER_SIZE
21-02-2016 08:31:46	PropertyReader		INFO	Mapped 15 to CAM_POLL_FREQUENCY
21-02-2016 08:31:46	PropertyReader		INFO	Mapped 0 to CAM_INDEX
21-02-2016 08:31:46	PropertyReader		DEBUG	Loaded 4 properties successfully
21-02-2016 08:31:46	Controller		INFO	Constructor controller
21-02-2016 08:31:46	Transmitter		INFO	socket retrieve success
21-02-2016 08:31:46	Transmitter		INFO	binding done
21-02-2016 08:31:46	Transmitter		INFO	done listening
21-02-2016 08:33:28	Transmitter		INFO	accepting
21-02-2016 08:33:28	Main		TRACE	intializing controller
21-02-2016 08:33:28	Controller		INFO	Initializing Controller
21-02-2016 08:33:28	Main		TRACE	initializing dataprocessor
21-02-2016 08:33:28	CameraInterface		INFO	Initializing camera
21-02-2016 08:33:28	CameraInterface		INFO	Opening video capture stream at position 0
21-02-2016 08:33:28	Transmitter		INFO	Starting Receiver Thread execution loop
21-02-2016 08:33:28	Transmitter		INFO	Starting Receiver Thread execution loop
21-02-2016 08:33:28	Receiver		INFO	Starting Receiver Thread execution loop
21-02-2016 08:33:28	ControllerThread		INFO	Starting Controller Thread execution loop
21-02-2016 08:33:28	Transmitter		INFO	running
21-02-2016 08:33:28	Transmitter		INFO	running
21-02-2016 08:33:28	Transmitter		INFO	running
21-02-2016 08:33:28	Transmitter		INFO	running
21-02-2016 08:33:28	Transmitter		INFO	running
21-02-2016 08:33:28	Transmitter		INFO	running
21-02-2016 08:33:28	Transmitter		INFO	running
21-02-2016 08:33:28	Transmitter		INFO	running
21-02-2016 08:33:29	Transmitter		INFO	running
21-02-2016 08:33:29	Transmitter		INFO	running
21-02-2016 08:33:29	Transmitter		INFO	running
21-02-2016 08:33:29	Transmitter		INFO	running
21-02-2016 08:33:29	Transmitter		INFO	running
21-02-2016 08:33:29	Transmitter		INFO	running
21-02-2016 08:33:29	Transmitter		INFO	running
21-02-2016 08:33:29	Transmitter		INFO	running
21-02-2016 08:33:29	Transmitter		INFO	running
21-02-2016 08:33:29	Transmitter		INFO	running
21-02-2016 08:33:29	Transmitter		INFO	running
21-02-2016 08:33:29	Transmitter		INFO	running
21-02-2016 08:33:29	Transmitter		INFO	running
21-02-2016 08:33:29	Transmitter		INFO	running
21-02-2016 08:33:29	Transmitter		INFO	running
21-02-2016 08:33:29	Transmitter		INFO	running
21-02-2016 08:33:29	Transmitter		INFO	running
21-02-2016 08:33:29	Transmitter		INFO	running
21-02-2016 08:33:29	Transmitter		INFO	running
21-02-2016 08:33:29	Transmitter		INFO	running
21-02-2016 08:33:29	Transmitter		INFO	running
21-02-2016 08:33:29	Transmitter		INFO	running
21-02-2016 08:33:29	Main		TRACE	running controller
21-02-2016 08:33:29	DataProcessor		INFO	polling
21-02-2016 08:33:29	Transmitter		INFO	running
21-02-2016 08:33:29	Transmitter		INFO	running
21-02-2016 08:33:29	Transmitter		INFO	running
21-02-2016 08:33:29	Transmitter		INFO	running
21-02-2016 08:33:29	Transmitter		INFO	running
21-02-2016 08:33:29	Transmitter		INFO	running
21-02-2016 08:33:29	Transmitter		INFO	running
21-02-2016 08:33:29	Transmitter		INFO	running
21-02-2016 08:33:29	Transmitter		INFO	running
21-02-2016 08:33:29	Transmitter		INFO	running
21-02-2016 08:33:29	Transmitter		INFO	running
21-02-2016 08:33:29	Transmitter		INFO	running
21-02-2016 08:33:29	Transmitter		INFO	running
21-02-2016 08:33:29	Transmitter		INFO	running
21-02-2016 08:33:29	Transmitter		INFO	running
21-02-2016 08:33:29	Transmitter		INFO	running
21-02-2016 08:33:29	Transmitter		INFO	running
21-02-2016 08:33:29	Transmitter		INFO	running
21-02-2016 08:33:29	Transmitter		INFO	running
21-02-2016 08:33:29	Transmitter		INFO	running
21-02-2016 08:33:29	Transmitter		INFO	running
21-02-2016 08:33:29	Transmitter		INFO	running
21-02-2016 08:33:29	Transmitter		INFO	running
21-02-2016 08:33:29	Transmitter		INFO	running
21-02-2016 08:33:29	Transmitter		INFO	running
21-02-2016 08:33:29	Transmitter		INFO	running
21-02-2016 08:33:29	Transmitter		INFO	running
21-02-2016 08:33:29	Transmitter		INFO	running
21-02-2016 08:33:29	Transmitter		INFO	running
21-02-2016 08:33:29	Transmitter		INFO	running
21-02-2016 08:33:29	Transmitter		INFO	running
21-02-2016 08:33:29	Transmitter		INFO	running
21-02-2016 08:33:29	Transmitter		INFO	running
21-02-2016 08:33:29	Transmitter		INFO	running
21-02-2016 08:33:29	Transmitter		INFO	running
21-02-2016 08:33:29	Transmitter		INFO	running
21-02-2016 08:33:29	Transmitter		INFO	running
21-02-2016 08:33:29	Transmitter		INFO	running
21-02-2016 08:33:29	Transmitter		INFO	running
21-02-2016 08:33:29	Transmitter		INFO	running
21-02-2016 08:33:29	Transmitter		INFO	running
21-02-2016 08:33:29	Transmitter		INFO	running
21-02-2016 08:33:29	Transmitter		INFO	running
21-02-2016 08:33:29	Transmitter		INFO	running
21-02-2016 08:33:29	Transmitter		INFO	running
21-02-2016 08:33:29	Transmitter		INFO	running
21-02-2016 08:33:29	Transmitter		INFO	running
21-02-2016 08:33:29	Transmitter		INFO	running
21-02-2016 08:33:29	Transmitter		INFO	running
21-02-2016 08:33:29	Transmitter		INFO	running
21-02-2016 08:33:29	Transmitter		INFO	running
21-02-2016 08:33:29	Transmitter		INFO	running
21-02-2016 08:33:29	Transmitter		INFO	running
21-02-2016 08:33:29	Transmitter		INFO	running
21-02-2016 08:33:29	Transmitter		INFO	running
21-02-2016 08:33:29	Transmitter		INFO	running
21-02-2016 08:33:29	Transmitter		INFO	running
21-02-2016 08:33:29	Transmitter		INFO	running
21-02-2016 08:33:29	Transmitter		INFO	running
21-02-2016 08:33:29	Transmitter		INFO	running
21-02-2016 08:33:29	Transmitter		INFO	running
21-02-2016 08:33:29	Transmitter		INFO	running
21-02-2016 08:33:29	Transmitter		INFO	running
21-02-2016 08:33:29	Transmitter		INFO	running
21-02-2016 08:33:29	Transmitter		INFO	running
21-02-2016 08:33:29	Transmitter		INFO	running
21-02-2016 08:33:29	Transmitter		INFO	running
21-02-2016 08:33:29	Transmitter		INFO	running
21-02-2016 08:33:29	Transmitter		INFO	running
21-02-2016 08:33:29	Transmitter		INFO	running
21-02-2016 08:33:29	Transmitter		INFO	running
21-02-2016 08:33:29	Transmitter		INFO	running
21-02-2016 08:33:29	Transmitter		INFO	running
21-02-2016 08:33:29	Transmitter		INFO	running
21-02-2016 08:33:29	Transmitter		INFO	running
21-02-2016 08:33:29	Transmitter		INFO	running
21-02-2016 08:33:29	Transmitter		INFO	running
21-02-2016 08:33:29	Transmitter		INFO	running
21-02-2016 08:33:29	Transmitter		INFO	running
21-02-2016 08:33:29	Transmitter		INFO	running
21-02-2016 08:33:29	Transmitter		INFO	running
21-02-2016 08:33:29	Transmitter		INFO	running
21-02-2016 08:33:29	Transmitter		INFO	running
21-02-2016 08:33:29	Transmitter		INFO	running
21-02-2016 08:33:29	Transmitter		INFO	running
21-02-2016 08:33:29	Transmitter		INFO	running
21-02-2016 08:33:29	Transmitter		INFO	running
21-02-2016 08:33:29	Transmitter		INFO	running
21-02-2016 08:33:29	Transmitter		INFO	running
21-02-2016 08:33:29	Transmitter		INFO	running
21-02-2016 08:33:29	Transmitter		INFO	running
21-02-2016 08:33:29	Transmitter		INFO	running
21-02-2016 08:33:29	Transmitter		INFO	running
21-02-2016 08:33:29	CameraInterface		INFO	Read successful
21-02-2016 08:33:29	Controller		INFO	sending to transmitter
21-02-2016 08:33:29	Controller		INFO	sending t21-02-2016 08:33:29	Transmitter		INFO	pushing into buff
21-02-2016 08:33:29	DataProcessor		INFO	polling
21-02-2016 08:33:29	Transmitter		INFO	running
21-02-2016 08:33:29	Transmitter		INFO	getting from buffer
21-02-2016 08:33:30	CameraInterface		INFO	Read successful
21-02-2016 08:33:30	Controller		INFO	sending to transmitter
21-02-2016 08:33:30	Transmitter		INFO	pushing into buff
21-02-2016 08:33:30	DataProcessor		INFO	polling
21-02-2016 08:33:30	CameraInterface		INFO	Read successful
21-02-2016 08:33:30	Controller		INFO	sending to transmitter
21-02-2016 08:33:30	Transmitter		INFO	pushing into buff
21-02-2016 08:33:30	DataProcessor		INFO	polling
21-02-2016 08:33:30	CameraInterface		INFO	Read successful
21-02-2016 08:33:30	Controller		INFO	sending to transmitter
21-02-2016 08:33:30	Transmitter		INFO	pushing into buff
21-02-2016 08:33:30	DataProcessor		INFO	polling
21-02-2016 08:33:30	CameraInterface		INFO	Read successful
21-02-2016 08:33:30	Controller		INFO	sending to transmitter
21-02-2016 08:33:30	Transmitter		INFO	pushing into buff
21-02-2016 08:33:30	DataProcessor		INFO	polling
21-02-2016 08:33:30	CameraInterface		INFO	Read successful
21-02-2016 08:33:30	Controller		INFO	sending to transmitter
21-02-2016 08:33:30	Transmitter		INFO	pushing into buff
21-02-2016 08:33:30	DataProcessor		INFO	polling
21-02-2016 08:33:31	CameraInterface		INFO	Read successful
21-02-2016 08:33:31	Controller		INFO	sending to transmitter
21-02-2016 08:33:31	Transmitter		INFO	pushing into buff
21-02-2016 08:33:31	DataProcessor		INFO	polling
21-02-2016 08:33:31	CameraInterface		INFO	Read successful
21-02-2016 08:33:31	Controller		INFO	sending to transmitter
21-02-2016 08:33:31	Transmitter		INFO	pushing into buff
21-02-2016 08:33:31	DataProcessor		INFO	polling
21-02-2016 08:33:31	CameraInterface		INFO	Read successful
21-02-2016 08:33:31	Controller		INFO	sending to transmitter
21-02-2016 08:33:31	Transmitter		INFO	pushing into buff
21-02-2016 08:33:31	DataProcessor		INFO	polling
21-02-2016 08:33:31	CameraInterface		INFO	Read successful
21-02-2016 08:33:31	Controller		INFO	sending to transmitter
21-02-2016 08:33:31	Transmitter		INFO	pushing into buff
21-02-2016 08:33:31	DataProcessor		INFO	polling
21-02-2016 08:33:32	CameraInterface		INFO	Read successful
21-02-2016 08:33:32	Controller		INFO	sending to transmitter
21-02-2016 08:33:32	Transmitter		INFO	pushing into buff
21-02-2016 08:33:32	DataProcessor		INFO	polling
21-02-2016 08:33:32	CameraInterface		INFO	Read successful
21-02-2016 08:33:32	Controller		INFO	sending to transmitter
21-02-2016 08:33:32	Transmitter		INFO	pushing into buff
21-02-2016 08:33:32	DataProcessor		INFO	polling
21-02-2016 08:33:32	CameraInterface		INFO	Read successful
21-02-2016 08:33:32	Controller		INFO	sending to transmitter
21-02-2016 08:33:32	Transmitter		INFO	pushing into buff
21-02-2016 08:33:32	DataProcessor		INFO	polling
21-02-2016 08:33:32	CameraInterface		INFO	Read successful
21-02-2016 08:33:32	Controller		INFO	sending to transmitter
21-02-2016 08:33:32	Transmitter		INFO	pushing into buff
21-02-2016 08:33:32	DataProcessor		INFO	polling
21-02-2016 08:33:32	CameraInterface		INFO	Read successful
21-02-2016 08:33:32	Controller		INFO	sending to transmitter
21-02-2016 08:33:32	Transmitter		INFO	pushing into buff
21-02-2016 08:33:32	DataProcessor		INFO	polling
21-02-2016 08:33:33	CameraInterface		INFO	Read successful
21-02-2016 08:33:33	Controller		INFO	sending to transmitter
21-02-2016 08:33:33	Transmitter		INFO	pushing into buff
21-02-2016 08:33:33	DataProcessor		INFO	polling
21-02-2016 08:33:33	CameraInterface		INFO	Read successful
21-02-2016 08:33:33	Controller		INFO	sending to transmitter
21-02-2016 08:33:33	Transmitter		INFO	pushing into buff
21-02-2016 08:33:33	DataProcessor		INFO	polling
21-02-2016 08:33:33	CameraInterface		INFO	Read successful
21-02-2016 08:33:33	Controller		INFO	sending to transmitter
21-02-2016 08:33:33	Transmitter		INFO	pushing into buff
21-02-2016 08:33:33	DataProcessor		INFO	polling
21-02-2016 08:33:33	CameraInterface		INFO	Read successful
21-02-2016 08:33:33	Controller		INFO	sending to transmitter
21-02-2016 08:33:33	Transmitter		INFO	pushing into buff
21-02-2016 08:33:33	DataProcessor		INFO	polling
21-02-2016 08:33:33	CameraInterface		INFO	Read successful
21-02-2016 08:33:33	Controller		INFO	sending to transmitter
21-02-2016 08:33:34	Transmitter		INFO	pushing into buff
21-02-2016 08:33:34	DataProcessor		INFO	polling
21-02-2016 08:33:34	CameraInterface		INFO	Read successful
21-02-2016 08:33:34	Controller		INFO	sending to transmitter
21-02-2016 08:33:34	Transmitter		INFO	pushing into buff
21-02-2016 08:33:34	DataProcessor		INFO	polling
21-02-2016 08:33:34	CameraInterface		INFO	Read successful
21-02-2016 08:33:34	Controller		INFO	sending to transmitter
21-02-2016 08:33:34	Transmitter		INFO	pushing into buff
21-02-2016 08:33:34	DataProcessor		INFO	polling
21-02-2016 08:33:34	CameraInterface		INFO	Read successful
21-02-2016 08:33:34	Controller		INFO	sending to transmitter
21-02-2016 08:33:34	Transmitter		INFO	pushing into buff
21-02-2016 08:33:34	DataProcessor		INFO	polling
21-02-2016 08:33:34	CameraInterface		INFO	Read successful
21-02-2016 08:33:34	Controller		INFO	sending to transmitter
21-02-2016 08:33:34	Transmitter		INFO	pushing into buff
21-02-2016 08:33:35	DataProcessor		INFO	polling
21-02-2016 08:33:34	Transmitter		INFO	sending string: 84087
21-02-2016 08:33:35	Transmitter		INFO	running
21-02-2016 08:33:35	Transmitter		INFO	getting from buffer
21-02-2016 08:33:35	CameraInterface		INFO	Read successful
21-02-2016 08:33:35	Controller		INFO	sending to transmitter
21-02-2016 08:33:35	Transmitter		INFO	pushing into buff
21-02-2016 08:33:35	DataProcessor		INFO	polling
21-02-2016 08:33:35	CameraInterface		INFO	Read successful
21-02-2016 08:33:35	Controller		INFO	sending to transmitter
21-02-2016 08:33:35	Transmitter		INFO	pushing into buff
21-02-2016 08:33:35	DataProcessor		INFO	polling
21-02-2016 08:33:35	CameraInterface		INFO	Read successful
21-02-2016 08:33:35	Controller		INFO	sending to transmitter
21-02-2016 08:33:35	Transmitter		INFO	pushing into buff
21-02-2016 08:33:35	DataProcessor		INFO	polling
21-02-2016 08:33:35	CameraInterface		INFO	Read successful
21-02-2016 08:33:35	Controller		INFO	sending to transmitter
21-02-2016 08:33:35	Transmitter		INFO	pushing into buff
21-02-2016 08:33:35	DataProcessor		INFO	polling
21-02-2016 08:33:36	CameraInterface		INFO	Read successful
21-02-2016 08:33:36	Controller		INFO	sending to transmitter
21-02-2016 08:33:36	Transmitter		INFO	pushing into buff
21-02-2016 08:33:36	DataProcessor		INFO	polling
21-02-2016 08:33:36	CameraInterface		INFO	Read successful
21-02-2016 08:33:36	Controller		INFO	sending to transmitter
21-02-2016 08:33:36	Transmitter		INFO	pushing into buff
21-02-2016 08:33:36	DataProcessor		INFO	polling
21-02-2016 08:33:36	CameraInterface		INFO	Read successful
21-02-2016 08:33:36	Controller		INFO	sending to transmitter
21-02-2016 08:33:36	Transmitter		INFO	pushing into buff
21-02-2016 08:33:36	DataProcessor		INFO	polling
21-02-2016 08:33:36	CameraInterface		INFO	Read successful
21-02-2016 08:33:36	Controller		INFO	sending to transmitter
21-02-2016 08:33:36	Transmitter		INFO	pushing into buff
21-02-2016 08:33:36	DataProcessor		INFO	polling
21-02-2016 08:33:36	CameraInterface		INFO	Read successful
21-02-2016 08:33:36	Controller		INFO	sending to transmitter
21-02-2016 08:33:36	Transmitter		INFO	pushing into buff
21-02-2016 08:33:37	DataProcessor		INFO	polling
21-02-2016 08:33:37	CameraInterface		INFO	Read successful
21-02-2016 08:33:37	Controller		INFO	sending to transmitter
21-02-2016 08:33:37	Transmitter		INFO	pushing into buff
21-02-2016 08:33:37	DataProcessor		INFO	polling
21-02-2016 08:33:37	CameraInterface		INFO	Read successful
21-02-2016 08:33:37	Controller		INFO	sending to transmitter
21-02-2016 08:33:37	Transmitter		INFO	pushing into buff
21-02-2016 08:33:37	DataProcessor		INFO	polling
21-02-2016 08:33:37	CameraInterface		INFO	Read successful
21-02-2016 08:33:37	Controller		INFO	sending to transmitter
21-02-2016 08:33:37	Transmitter		INFO	pushing into buff
21-02-2016 08:33:37	DataProcessor		INFO	polling
21-02-2016 08:33:37	CameraInterface		INFO	Read successful
21-02-2016 08:33:37	Controller		INFO	sending to transmitter
21-02-2016 08:33:37	Transmitter		INFO	pushing into buff
21-02-2016 08:33:37	DataProcessor		INFO	polling
21-02-2016 08:33:38	CameraInterface		INFO	Read successful
21-02-2016 08:33:38	Controller		INFO	sending to transmitter
21-02-2016 08:33:38	Transmitter		INFO	pushing into buff
21-02-2016 08:33:38	DataProcessor		INFO	polling
21-02-2016 08:33:38	CameraInterface		INFO	Read successful
21-02-2016 08:33:38	Controller		INFO	sending to transmitter
21-02-2016 08:33:38	Transmitter		INFO	pushing into buff
21-02-2016 08:33:38	DataProcessor		INFO	polling
21-02-2016 08:33:38	CameraInterface		INFO	Read successful
21-02-2016 08:33:38	Controller		INFO	sending to transmitter
21-02-2016 08:33:38	Transmitter		INFO	pushing into buff
21-02-2016 08:33:38	DataProcessor		INFO	polling
21-02-2016 08:33:38	CameraInterface		INFO	Read successful
21-02-2016 08:33:38	Controller		INFO	sending to transmitter
21-02-2016 08:33:38	Transmitter		INFO	pushing into buff
21-02-2016 08:33:38	DataProcessor		INFO	polling
21-02-2016 08:33:38	CameraInterface		INFO	Read successful
21-02-2016 08:33:38	Controller		INFO	sending to transmitter
21-02-2016 08:33:38	Transmitter		INFO	pushing into buff
21-02-2016 08:33:38	DataProcessor		INFO	polling
21-02-2016 08:33:39	CameraInterface		INFO	Read successful
21-02-2016 08:33:39	Controller		INFO	sending to transmitter
21-02-2016 08:33:39	Transmitter		INFO	pushing into buff
21-02-2016 08:33:39	DataProcessor		INFO	polling
21-02-2016 08:33:39	CameraInterface		INFO	Read successful
21-02-2016 08:33:39	Controller		INFO	sending to transmitter
21-02-2016 08:33:39	Transmitter		INFO	pushing into buff
21-02-2016 08:33:39	DataProcessor		INFO	polling
21-02-2016 08:33:39	CameraInterface		INFO	Read successful
21-02-2016 08:33:39	Controller		INFO	sending to transmitter
21-02-2016 08:33:39	Transmitter		INFO	pushing into buff
21-02-2016 08:33:39	DataProcessor		INFO	polling
21-02-2016 08:33:39	CameraInterface		INFO	Read successful
21-02-2016 08:33:39	Controller		INFO	sending to transmitter
21-02-2016 08:33:39	Transmitter		INFO	pushing into buff
21-02-2016 08:33:39	DataProcessor		INFO	polling
21-02-2016 08:33:40	CameraInterface		INFO	Read successful
21-02-2016 08:33:40	Controller		INFO	sending to transmitter
21-02-2016 08:33:40	Transmitter		INFO	pushing into buff
21-02-2016 08:33:40	DataProcessor		INFO	polling
