20-02-2016 09:39:47	Main		TRACE	Logger initialized.
20-02-2016 09:39:47	PropertyReader		TRACE	Opening file: settings/settings.txt
20-02-2016 09:39:47	PropertyReader		INFO	File opened: settings/settings.txt
20-02-2016 09:39:47	PropertyReader		INFO	Loading properties file...
20-02-2016 09:39:47	PropertyReader		INFO	Mapped TRACE to LOGGING_LEVEL
20-02-2016 09:39:47	PropertyReader		INFO	Mapped 100 to CAM_BUFFER_SIZE
20-02-2016 09:39:47	PropertyReader		INFO	Mapped 15 to CAM_POLL_FREQUENCY
20-02-2016 09:39:47	PropertyReader		INFO	Mapped 0 to CAM_INDEX
20-02-2016 09:39:47	PropertyReader		DEBUG	Loaded 4 properties successfully
20-02-2016 09:39:47	Controller		INFO	Constructor controller
20-02-2016 09:39:47	Transmitter		INFO	socket retrieve success
20-02-2016 09:39:47	Transmitter		INFO	binding done
20-02-2016 09:39:47	Transmitter		INFO	done listening
20-02-2016 09:39:49	Transmitter		INFO	accepting
20-02-2016 09:39:49	Main		TRACE	intializing controller
20-02-2016 09:39:49	Controller		INFO	Initializing Controller
20-02-2016 09:39:49	Main		TRACE	initializing dataprocessor
20-02-2016 09:39:49	CameraInterface		INFO	Initializing camera
20-02-2016 09:39:49	CameraInterface		INFO	Opening video capture stream at position 0
20-02-2016 09:39:49	Receiver		INFO	Starting Receiver Thread execution loop
20-02-2016 09:39:49	Transmitter		INFO	Starting Receiver Thread execution loop
20-02-2016 09:39:49	Transmitter		INFO	running
20-02-2016 09:39:49	ControllerThread		INFO	Starting Controller Thread execution loop
20-02-2016 09:39:49	Transmitter		INFO	running
20-02-2016 09:39:49	Transmitter		INFO	running
20-02-2016 09:39:49	Transmitter		INFO	running
20-02-2016 09:39:49	Transmitter		INFO	running
20-02-2016 09:39:49	Transmitter		INFO	running
20-02-2016 09:39:49	Transmitter		INFO	running
20-02-2016 09:39:49	Transmitter		INFO	running
20-02-2016 09:39:49	Transmitter		INFO	running
20-02-2016 09:39:49	Transmitter		INFO	running
20-02-2016 09:39:49	Transmitter		INFO	running
20-02-2016 09:39:49	Transmitter		INFO	running
20-02-2016 09:39:49	Transmitter		INFO	running
20-02-2016 09:39:49	Transmitter		INFO	running
20-02-2016 09:39:49	Transmitter		INFO	running
20-02-2016 09:39:49	Transmitter		INFO	running
20-02-2016 09:39:49	Transmitter		INFO	running
20-02-2016 09:39:49	Transmitter		INFO	running
20-02-2016 09:39:49	Transmitter		INFO	running
20-02-2016 09:39:49	Transmitter		INFO	running
20-02-2016 09:39:49	Transmitter		INFO	running
20-02-2016 09:39:49	Transmitter		INFO	running
20-02-2016 09:39:49	Transmitter		INFO	running
20-02-2016 09:39:49	Transmitter		INFO	running
20-02-2016 09:39:49	Transmitter		INFO	running
20-02-2016 09:39:49	Transmitter		INFO	running
20-02-2016 09:39:49	Transmitter		INFO	running
20-02-2016 09:39:49	Transmitter		INFO	running
20-02-2016 09:39:49	Transmitter		INFO	running
20-02-2016 09:39:49	Transmitter		INFO	running
20-02-2016 09:39:49	Transmitter		INFO	running
20-02-2016 09:39:49	Transmitter		INFO	running
20-02-2016 09:39:49	Transmitter		INFO	running
20-02-2016 09:39:49	Transmitter		INFO	running
20-02-2016 09:39:49	Transmitter		INFO	running
20-02-2016 09:39:49	Transmitter		INFO	running
20-02-2016 09:39:49	Transmitter		INFO	running
20-02-2016 09:39:49	Transmitter		INFO	running
20-02-2016 09:39:49	Main		TRACE	running controller
20-02-2016 09:39:49	DataProcessor		INFO	polling
20-02-2016 09:39:49	Transmitter		INFO	running
20-02-2016 09:39:49	Transmitter		INFO	running
20-02-2016 09:39:49	Transmitter		INFO	running
20-02-2016 09:39:49	Transmitter		INFO	running
20-02-2016 09:39:49	Transmitter		INFO	running
20-02-2016 09:39:49	Transmitter		INFO	running
20-02-2016 09:39:49	Transmitter		INFO	running
20-02-2016 09:39:49	Transmitter		INFO	running
20-02-2016 09:39:49	Transmitter		INFO	running
20-02-2016 09:39:49	Transmitter		INFO	running
20-02-2016 09:39:49	Transmitter		INFO	running
20-02-2016 09:39:49	Transmitter		INFO	running
20-02-2016 09:39:49	Transmitter		INFO	running
20-02-2016 09:39:49	Transmitter		INFO	running
20-02-2016 09:39:49	Transmitter		INFO	running
20-02-2016 09:39:49	Transmitter		INFO	running
20-02-2016 09:39:49	Transmitter		INFO	running
20-02-2016 09:39:49	Transmitter		INFO	running
20-02-2016 09:39:49	Transmitter		INFO	running
20-02-2016 09:39:49	Transmitter		INFO	running
20-02-2016 09:39:49	Transmitter		INFO	running
20-02-2016 09:39:49	Transmitter		INFO	running
20-02-2016 09:39:49	Transmitter		INFO	running
20-02-2016 09:39:49	Transmitter		INFO	running
20-02-2016 09:39:49	Transmitter		INFO	running
20-02-2016 09:39:49	Transmitter		INFO	running
20-02-2016 09:39:49	Transmitter		INFO	running
20-02-2016 09:39:49	Transmitter		INFO	running
20-02-2016 09:39:49	Transmitter		INFO	running
20-02-2016 09:39:49	Transmitter		INFO	running
20-02-2016 09:39:49	Transmitter		INFO	running
20-02-2016 09:39:49	Transmitter		INFO	running
20-02-2016 09:39:49	Transmitter		INFO	running
20-02-2016 09:39:49	Transmitter		INFO	running
20-02-2016 09:39:49	Transmitter		INFO	running
20-02-2016 09:39:49	Transmitter		INFO	running
20-02-2016 09:39:49	Transmitter		INFO	running
20-02-2016 09:39:49	Transmitter		INFO	running
20-02-2016 09:39:49	Transmitter		INFO	running
20-02-2016 09:39:49	Transmitter		INFO	running
20-02-2016 09:39:49	Transmitter		INFO	running
20-02-2016 09:39:49	Transmitter		INFO	running
20-02-2016 09:39:49	Transmitter		INFO	running
20-02-2016 09:39:49	Transmitter		INFO	running
20-02-2016 09:39:49	Transmitter		INFO	running
20-02-2016 09:39:49	Transmitter		INFO	running
20-02-2016 09:39:49	Transmitter		INFO	running
20-02-2016 09:39:49	Transmitter		INFO	running
20-02-2016 09:39:49	Transmitter		INFO	running
20-02-2016 09:39:49	Transmitter		INFO	running
20-02-2016 09:39:49	Transmitter		INFO	running
20-02-2016 09:39:49	Transmitter		INFO	running
20-02-2016 09:39:49	Transmitter		INFO	running
20-02-2016 09:39:49	Transmitter		INFO	running
20-02-2016 09:39:49	Transmitter		INFO	running
20-02-2016 09:39:49	Transmitter		INFO	running
20-02-2016 09:39:49	Transmitter		INFO	running
20-02-2016 09:39:49	Transmitter		INFO	running
20-02-2016 09:39:49	Transmitter		INFO	running
20-02-2016 09:39:49	Transmitter		INFO	running
20-02-2016 09:39:49	Transmitter		INFO	running
20-02-2016 09:39:49	Transmitter		INFO	running
20-02-2016 09:39:49	Transmitter		INFO	running
20-02-2016 09:39:49	Transmitter		INFO	running
20-02-2016 09:39:49	Transmitter		INFO	running
20-02-2016 09:39:49	Transmitter		INFO	running
20-02-2016 09:39:49	Transmitter		INFO	running
20-02-2016 09:39:49	Transmitter		INFO	running
20-02-2016 09:39:49	Transmitter		INFO	running
20-02-2016 09:39:49	Transmitter		INFO	running
20-02-2016 09:39:49	Transmitter		INFO	running
20-02-2016 09:39:49	Transmitter		INFO	running
20-02-2016 09:39:49	Transmitter		INFO	running
20-02-2016 09:39:49	Transmitter		INFO	running
20-02-2016 09:39:49	Transmitter		INFO	running
20-02-2016 09:39:49	Transmitter		INFO	running
20-02-2016 09:39:49	Transmitter		INFO	running
20-02-2016 09:39:49	Transmitter		INFO	running
20-02-2016 09:39:49	Transmitter		INFO	running
20-02-2016 09:39:49	Transmitter		INFO	running
20-02-2016 09:39:50	Transmitter		INFO	running
20-02-2016 09:39:50	Transmitter		INFO	running
20-02-2016 09:39:50	Transmitter		INFO	running
20-02-2016 09:39:50	Transmitter		INFO	running
20-02-2016 09:39:50	Transmitter		INFO	running
20-02-2016 09:39:50	Transmitter		INFO	running
20-02-2016 09:39:50	Transmitter		INFO	running
20-02-2016 09:39:50	Transmitter		INFO	running
20-02-2016 09:39:50	Transmitter		INFO	running
20-02-2016 09:39:50	Transmitter		INFO	running
20-02-2016 09:39:50	Transmitter		INFO	running
20-02-2016 09:39:50	Transmitter		INFO	running
20-02-2016 09:39:50	Transmitter		INFO	running
20-02-2016 09:39:50	CameraInterface		INFO	Read successful
20-02-2016 09:39:50	Transmitter		INFO	running
20-02-2016 09:39:50	Transmitter		INFO	running
20-02-2016 09:39:50	Transmitter		INFO	running
20-02-2016 09:39:50	Controller		INFO	sending to transmitter
20-02-2016 09:39:50	Transmitter		INFO	pushing into buff
20-02-2016 09:39:50	DataProcessor		INFO	polling
20-02-2016 09:39:50	Transmitter		INFO	running
20-02-2016 09:39:50	Transmitter		INFO	getting from buffer
20-02-2016 09:39:50	CameraInterface		INFO	Read successful
20-02-2016 09:39:50	Controller		INFO	sending to transmitter
20-02-2016 09:39:50	Transmitter		INFO	pushing into buff
20-02-2016 09:39:50	DataProcessor		INFO	polling
20-02-2016 09:39:50	CameraInterface		INFO	Read successful
20-02-2016 09:39:50	Controller		INFO	sending to transmitter
20-02-2016 09:39:50	Transmitter		INFO	pushing into buff
20-02-2016 09:39:50	DataProcessor		INFO	polling
20-02-2016 09:39:50	CameraInterface		INFO	Read successful
20-02-2016 09:39:50	Controller		INFO	sending to transmitter
20-02-2016 09:39:50	Transmitter		INFO	pushing into buff
20-02-2016 09:39:50	DataProcessor		INFO	polling
20-02-2016 09:39:51	CameraInterface		INFO	Read successful
20-02-2016 09:39:51	Controller		INFO	sending to transmitter
20-02-2016 09:39:51	Transmitter		INFO	pushing into buff
20-02-2016 09:39:51	DataProcessor		INFO	polling
20-02-2016 09:39:51	CameraInterface		INFO	Read successful
20-02-2016 09:39:51	Controller		INFO	sending to transmitter
20-02-2016 09:39:51	Transmitter		INFO	pushing into buff
20-02-2016 09:39:51	DataProcessor		INFO	polling
20-02-2016 09:39:51	CameraInterface		INFO	Read successful
20-02-2016 09:39:51	Controller		INFO	sending to transmitter
20-02-2016 09:39:51	Transmitter		INFO	pushing into buff
20-02-2016 09:39:51	DataProcessor		INFO	polling
20-02-2016 09:39:51	CameraInterface		INFO	Read successful
20-02-2016 09:39:51	Controller		INFO	sending to transmitter
20-02-2016 09:39:51	Transmitter		INFO	pushing into buff
20-02-2016 09:39:51	DataProcessor		INFO	polling
20-02-2016 09:39:51	CameraInterface		INFO	Read successful
20-02-2016 09:39:51	Controller		INFO	sending to transmitter
20-02-2016 09:39:51	Transmitter		INFO	pushing into buff
20-02-2016 09:39:52	DataProcessor		INFO	polling
20-02-2016 09:39:52	CameraInterface		INFO	Read successful
20-02-2016 09:39:52	Controller		INFO	sending to transmitter
20-02-2016 09:39:52	Transmitter		INFO	pushing into buff
20-02-2016 09:39:52	DataProcessor		INFO	polling
20-02-2016 09:39:52	CameraInterface		INFO	Read successful
20-02-2016 09:39:52	Controller		INFO	sending to transmitter
20-02-2016 09:39:52	Transmitter		INFO	pushing into buff
20-02-2016 09:39:52	DataProcessor		INFO	polling
20-02-2016 09:39:52	CameraInterface		INFO	Read successful
20-02-2016 09:39:52	Controller		INFO	sending to transmitter
20-02-2016 09:39:52	Transmitter		INFO	pushing into buff
20-02-2016 09:39:52	DataProcessor		INFO	polling
20-02-2016 09:39:52	CameraInterface		INFO	Read successful
20-02-2016 09:39:52	Controller		INFO	sending to transmitter
20-02-2016 09:39:52	Transmitter		INFO	pushing into buff
20-02-2016 09:39:52	DataProcessor		INFO	polling
20-02-2016 09:39:53	CameraInterface		INFO	Read successful
20-02-2016 09:39:53	Controller		INFO	sending to transmitter
20-02-2016 09:39:53	Transmitter		INFO	pushing into buff
20-02-2016 09:39:53	DataProcessor		INFO	polling
20-02-2016 09:39:53	CameraInterface		INFO	Read successful
20-02-2016 09:39:53	Controller		INFO	sending to transmitter
20-02-2016 09:39:53	Transmitter		INFO	pushing into buff
20-02-2016 09:39:53	DataProcessor		INFO	polling
20-02-2016 09:39:53	CameraInterface		INFO	Read successful
20-02-2016 09:39:53	Controller		INFO	sending to transmitter
20-02-2016 09:39:53	Transmitter		INFO	pushing into buff
20-02-2016 09:39:53	DataProcessor		INFO	polling
20-02-2016 09:39:53	CameraInterface		INFO	Read successful
20-02-2016 09:39:53	Controller		INFO	sending to transmitter
20-02-2016 09:39:53	Transmitter		INFO	pushing into buff
20-02-2016 09:39:53	DataProcessor		INFO	polling
20-02-2016 09:39:53	CameraInterface		INFO	Read successful
20-02-2016 09:39:53	Controller		INFO	sending to transmitter
20-02-2016 09:39:53	Transmitter		INFO	pushing into buff
20-02-2016 09:39:53	DataProcessor		INFO	polling
20-02-2016 09:39:54	CameraInterface		INFO	Read successful
20-02-2016 09:39:54	Controller		INFO	sending to transmitter
20-02-2016 09:39:54	Transmitter		INFO	pushing into buff
20-02-2016 09:39:54	DataProcessor		INFO	polling
20-02-2016 09:39:54	CameraInterface		INFO	Read successful
20-02-2016 09:39:54	Controller		INFO	sending to transmitter
20-02-2016 09:39:54	Transmitter		INFO	pushing into buff
20-02-2016 09:39:54	DataProcessor		INFO	polling
20-02-2016 09:39:54	CameraInterface		INFO	Read successful
20-02-2016 09:39:54	Controller		INFO	sending to transmitter
20-02-2016 09:39:54	Transmitter		INFO	pushing into buff
20-02-2016 09:39:54	DataProcessor		INFO	polling
20-02-2016 09:39:54	CameraInterface		INFO	Read successful
20-02-2016 09:39:54	Controller		INFO	sending to transmitter
20-02-2016 09:39:54	Transmitter		INFO	pushing into buff
20-02-2016 09:39:54	DataProcessor		INFO	polling
20-02-2016 09:39:55	CameraInterface		INFO	Read successful
20-02-2016 09:39:55	Controller		INFO	sending to transmitter
20-02-2016 09:39:55	Transmitter		INFO	pushing into buff
20-02-2016 09:39:55	DataProcessor		INFO	polling
20-02-2016 09:39:55	CameraInterface		INFO	Read successful
20-02-2016 09:39:55	Controller		INFO	sending to transmitter
20-02-2016 09:39:55	Transmitter		INFO	pushing into buff
20-02-2016 09:39:55	DataProcessor		INFO	polling
20-02-2016 09:39:55	CameraInterface		INFO	Read successful
20-02-2016 09:39:55	Controller		INFO	sending to transmitter
20-02-2016 09:39:55	Transmitter		INFO	pushing into buff
20-02-2016 09:39:55	DataProcessor		INFO	polling
20-02-2016 09:39:55	CameraInterface		INFO	Read successful
20-02-2016 09:39:55	Controller		INFO	sending to transmitter
20-02-2016 09:39:55	Transmitter		INFO	pushing into buff
20-02-2016 09:39:55	DataProcessor		INFO	polling
20-02-2016 09:39:55	CameraInterface		INFO	Read successful
20-02-2016 09:39:55	Controller		INFO	sending to transmitter
20-02-2016 09:39:55	Transmitter		INFO	pushing into buff
20-02-2016 09:39:55	DataProcessor		INFO	polling
20-02-2016 09:39:56	CameraInterface		INFO	Read successful
20-02-2016 09:39:56	Controller		INFO	sending to transmitter
20-02-2016 09:39:56	Transmitter		INFO	pushing into buff
20-02-2016 09:39:56	DataProcessor		INFO	polling
20-02-2016 09:39:56	CameraInterface		INFO	Read successful
20-02-2016 09:39:56	Controller		INFO	sending to transmitter
20-02-2016 09:39:56	Transmitter		INFO	pushing into buff
20-02-2016 09:39:56	DataProcessor		INFO	polling
20-02-2016 09:39:56	CameraInterface		INFO	Read successful
20-02-2016 09:39:56	Controller		INFO	sending to transmitter
20-02-2016 09:39:56	Transmitter		INFO	pushing into buff
20-02-2016 09:39:56	DataProcessor		INFO	polling
20-02-2016 09:39:56	CameraInterface		INFO	Read successful
20-02-2016 09:39:56	Controller		INFO	sending to transmitter
20-02-2016 09:39:56	Transmitter		INFO	pushing into buff
20-02-2016 09:39:56	DataProcessor		INFO	polling
20-02-2016 09:39:57	CameraInterface		INFO	Read successful
20-02-2016 09:39:57	Controller		INFO	sending to transmitter
20-02-2016 09:39:57	Transmitter		INFO	pushing into buff
20-02-2016 09:39:57	DataProcessor		INFO	polling
20-02-2016 09:39:57	CameraInterface		INFO	Read successful
20-02-2016 09:39:57	Controller		INFO	sending to transmitter
20-02-2016 09:39:57	Transmitter		INFO	pushing into buff
20-02-2016 09:39:57	DataProcessor		INFO	polling
20-02-2016 09:39:57	CameraInterface		INFO	Read successful
20-02-2016 09:39:57	Controller		INFO	sending to transmitter
20-02-2016 09:39:57	Transmitter		INFO	pushing into buff
20-02-2016 09:39:57	DataProcessor		INFO	polling
20-02-2016 09:39:57	CameraInterface		INFO	Read successful
20-02-2016 09:39:57	Controller		INFO	sending to transmitter
20-02-2016 09:39:57	Transmitter		INFO	pushing into buff
20-02-2016 09:39:57	DataProcessor		INFO	polling
20-02-2016 09:39:57	CameraInterface		INFO	Read successful
20-02-2016 09:39:57	Controller		INFO	sending to transmitter
20-02-2016 09:39:57	Transmitter		INFO	pushing into buff
20-02-2016 09:39:57	DataProcessor		INFO	polling
20-02-2016 09:39:58	CameraInterface		INFO	Read successful
20-02-2016 09:39:58	Controller		INFO	sending to transmitter
20-02-2016 09:39:58	Transmitter		INFO	pushing into buff
20-02-2016 09:39:58	DataProcessor		INFO	polling
20-02-2016 09:39:58	CameraInterface		INFO	Read successful
20-02-2016 09:39:58	Controller		INFO	sending to transmitter
20-02-2016 09:39:58	Transmitter		INFO	pushing into buff
20-02-2016 09:39:58	DataProcessor		INFO	polling
20-02-2016 09:39:58	CameraInterface		INFO	Read successful
20-02-2016 09:39:58	Controller		INFO	sending to transmitter
20-02-2016 09:39:58	Transmitter		INFO	pushing into buff
20-02-2016 09:39:58	DataProcessor		INFO	polling
20-02-2016 09:39:58	CameraInterface		INFO	Read successful
20-02-2016 09:39:58	Controller		INFO	sending to transmitter
20-02-2016 09:39:58	Transmitter		INFO	pushing into buff
20-02-2016 09:39:58	DataProcessor		INFO	polling
20-02-2016 09:39:58	CameraInterface		INFO	Read successful
20-02-2016 09:39:58	Controller		INFO	sending to transmitter
20-02-2016 09:39:58	Transmitter		INFO	pushing into buff
20-02-2016 09:39:58	DataProcessor		INFO	polling
20-02-2016 09:39:59	CameraInterface		INFO	Read successful
20-02-2016 09:39:59	Controller		INFO	sending to transmitter
20-02-2016 09:39:59	Transmitter		INFO	pushing into buff
20-02-2016 09:39:59	DataProcessor		INFO	polling
20-02-2016 09:39:59	CameraInterface		INFO	Read successful
20-02-2016 09:39:59	Controller		INFO	sending to transmitter
20-02-2016 09:39:59	Transmitter		INFO	pushing into buff
20-02-2016 09:39:59	DataProcessor		INFO	polling
20-02-2016 09:39:59	CameraInterface		INFO	Read successful
20-02-2016 09:39:59	Controller		INFO	sending to transmitter
20-02-2016 09:39:59	Transmitter		INFO	pushing into buff
20-02-2016 09:39:59	DataProcessor		INFO	polling
20-02-2016 09:39:59	CameraInterface		INFO	Read successful
20-02-2016 09:39:59	Controller		INFO	sending to transmitter
20-02-2016 09:39:59	Transmitter		INFO	pushing into buff
20-02-2016 09:39:59	DataProcessor		INFO	polling
20-02-2016 09:39:59	Transmitter		INFO	sending string: ‰PNG


20-02-2016 09:39:59	Transmitter		INFO	running
20-02-2016 09:40:00	Transmitter		INFO	getting from buffer
20-02-2016 09:40:00	CameraInterface		INFO	Read successful
20-02-2016 09:40:00	Controller		INFO	sending to transmitter
20-02-2016 09:40:00	Transmitter		INFO	pushing into buff
20-02-2016 09:40:00	DataProcessor		INFO	polling
20-02-2016 09:40:00	CameraInterface		INFO	Read successful
20-02-2016 09:40:00	Controller		INFO	sending to transmitter
20-02-2016 09:40:00	Transmitter		INFO	pushing into buff
20-02-2016 09:40:00	DataProcessor		INFO	polling
20-02-2016 09:40:00	CameraInterface		INFO	Read successful
20-02-2016 09:40:00	Controller		INFO	sending to transmitter
20-02-2016 09:40:00	Transmitter		INFO	pushing into buff
20-02-2016 09:40:00	DataProcessor		INFO	polling
20-02-2016 09:40:00	CameraInterface		INFO	Read successful
20-02-2016 09:40:00	Controller		INFO	sending to transmitter
20-02-2016 09:40:00	Transmitter		INFO	pushing into buff
20-02-2016 09:40:00	DataProcessor		INFO	polling
20-02-2016 09:40:01	CameraInterface		INFO	Read successful
20-02-2016 09:40:01	Controller		INFO	sending to transmitter
20-02-2016 09:40:01	Transmitter		INFO	pushing into buff
20-02-2016 09:40:01	DataProcessor		INFO	polling
20-02-2016 09:40:01	CameraInterface		INFO	Read successful
20-02-2016 09:40:01	Controller		INFO	sending to transmitter
20-02-2016 09:40:01	Transmitter		INFO	pushing into buff
20-02-2016 09:40:01	DataProcessor		INFO	polling
20-02-2016 09:40:01	CameraInterface		INFO	Read successful
20-02-2016 09:40:01	Controller		INFO	sending to transmitter
20-02-2016 09:40:01	Transmitter		INFO	pushing into buff
20-02-2016 09:40:01	DataProcessor		INFO	polling
20-02-2016 09:40:01	CameraInterface		INFO	Read successful
20-02-2016 09:40:01	Controller		INFO	sending to transmitter
20-02-2016 09:40:01	Transmitter		INFO	pushing into buff
20-02-2016 09:40:01	DataProcessor		INFO	polling
20-02-2016 09:40:01	CameraInterface		INFO	Read successful
20-02-2016 09:40:02	Controller		INFO	sending to transmitter
20-02-2016 09:40:02	Transmitter		INFO	pushing into buff
20-02-2016 09:40:02	DataProcessor		INFO	polling
20-02-2016 09:40:02	CameraInterface		INFO	Read successful
20-02-2016 09:40:02	Controller		INFO	sending to transmitter
20-02-2016 09:40:02	Transmitter		INFO	pushing into buff
20-02-2016 09:40:02	DataProcessor		INFO	polling
20-02-2016 09:40:02	CameraInterface		INFO	Read successful
20-02-2016 09:40:02	Controller		INFO	sending to transmitter
20-02-2016 09:40:02	Transmitter		INFO	pushing into buff
20-02-2016 09:40:02	DataProcessor		INFO	polling
20-02-2016 09:40:02	CameraInterface		INFO	Read successful
20-02-2016 09:40:02	Controller		INFO	sending to transmitter
20-02-2016 09:40:02	Transmitter		INFO	pushing into buff
20-02-2016 09:40:02	DataProcessor		INFO	polling
20-02-2016 09:40:02	CameraInterface		INFO	Read successful
20-02-2016 09:40:02	Controller		INFO	sending to transmitter
20-02-2016 09:40:03	Transmitter		INFO	pushing into buff
20-02-2016 09:40:03	DataProcessor		INFO	polling
20-02-2016 09:40:03	CameraInterface		INFO	Read successful
20-02-2016 09:40:03	Controller		INFO	sending to transmitter
20-02-2016 09:40:03	Transmitter		INFO	pushing into buff
20-02-2016 09:40:03	DataProcessor		INFO	polling
20-02-2016 09:40:03	CameraInterface		INFO	Read successful
20-02-2016 09:40:03	Controller		INFO	sending to transmitter
20-02-2016 09:40:03	Transmitter		INFO	pushing into buff
20-02-2016 09:40:03	DataProcessor		INFO	polling
20-02-2016 09:40:03	CameraInterface		INFO	Read successful
20-02-2016 09:40:03	Controller		INFO	sending to transmitter
20-02-2016 09:40:03	Transmitter		INFO	pushing into buff
20-02-2016 09:40:03	DataProcessor		INFO	polling
20-02-2016 09:40:03	CameraInterface		INFO	Read successful
20-02-2016 09:40:03	Controller		INFO	sending to transmitter
20-02-2016 09:40:03	Transmitter		INFO	pushing into buff
20-02-2016 09:40:03	DataProcessor		INFO	polling
20-02-2016 09:40:04	CameraInterface		INFO	Read successful
20-02-2016 09:40:04	Controller		INFO	sending to transmitter
20-02-2016 09:40:04	Transmitter		INFO	pushing into buff
20-02-2016 09:40:04	DataProcessor		INFO	polling
20-02-2016 09:40:04	CameraInterface		INFO	Read successful
20-02-2016 09:40:04	Controller		INFO	sending to transmitter
20-02-2016 09:40:04	Transmitter		INFO	pushing into buff
20-02-2016 09:40:04	DataProcessor		INFO	polling
20-02-2016 09:40:04	CameraInterface		INFO	Read successful
20-02-2016 09:40:04	Controller		INFO	sending to transmitter
20-02-2016 09:40:04	Transmitter		INFO	pushing into buff
20-02-2016 09:40:04	DataProcessor		INFO	polling
20-02-2016 09:40:04	CameraInterface		INFO	Read successful
20-02-2016 09:40:04	Controller		INFO	sending to transmitter
20-02-2016 09:40:04	Transmitter		INFO	pushing into buff
20-02-2016 09:40:04	DataProcessor		INFO	polling
20-02-2016 09:40:05	CameraInterface		INFO	Read successful
20-02-2016 09:40:05	Controller		INFO	sending to transmitter
20-02-2016 09:40:05	Transmitter		INFO	pushing into buff
20-02-2016 09:40:05	DataProcessor		INFO	polling
20-02-2016 09:40:05	CameraInterface		INFO	Read successful
20-02-2016 09:40:05	Controller		INFO	sending to transmitter
20-02-2016 09:40:05	Transmitter		INFO	pushing into buff
20-02-2016 09:40:05	DataProcessor		INFO	polling
20-02-2016 09:40:05	CameraInterface		INFO	Read successful
20-02-2016 09:40:05	Controller		INFO	sending to transmitter
20-02-2016 09:40:05	Transmitter		INFO	pushing into buff
20-02-2016 09:40:05	DataProcessor		INFO	polling
20-02-2016 09:40:05	CameraInterface		INFO	Read successful
20-02-2016 09:40:05	Controller		INFO	sending to transmitter
20-02-2016 09:40:05	Transmitter		INFO	pushing into buff
20-02-2016 09:40:05	DataProcessor		INFO	polling
20-02-2016 09:40:06	CameraInterface		INFO	Read successful
20-02-2016 09:40:06	Controller		INFO	sending to transmitter
20-02-2016 09:40:06	Transmitter		INFO	pushing into buff
20-02-2016 09:40:06	DataProcessor		INFO	polling
20-02-2016 09:40:06	CameraInterface		INFO	Read successful
20-02-2016 09:40:06	Controller		INFO	sending to transmitter
20-02-2016 09:40:06	Transmitter		INFO	pushing into buff
20-02-2016 09:40:06	DataProcessor		INFO	polling
20-02-2016 09:40:06	CameraInterface		INFO	Read successful
20-02-2016 09:40:06	Controller		INFO	sending to transmitter
20-02-2016 09:40:06	Transmitter		INFO	pushing into buff
20-02-2016 09:40:06	DataProcessor		INFO	polling
20-02-2016 09:40:06	CameraInterface		INFO	Read successful
20-02-2016 09:40:06	Controller		INFO	sending to transmitter
20-02-2016 09:40:06	Transmitter		INFO	pushing into buff
20-02-2016 09:40:06	DataProcessor		INFO	polling
20-02-2016 09:40:06	CameraInterface		INFO	Read successful
20-02-2016 09:40:06	Controller		INFO	sending to transmitter
20-02-2016 09:40:06	Transmitter		INFO	pushing into buff
20-02-2016 09:40:06	DataProcessor		INFO	polling
20-02-2016 09:40:07	CameraInterface		INFO	Read successful
20-02-2016 09:40:07	Controller		INFO	sending to transmitter
20-02-2016 09:40:07	Transmitter		INFO	pushing into buff
20-02-2016 09:40:07	DataProcessor		INFO	polling
20-02-2016 09:40:07	CameraInterface		INFO	Read successful
20-02-2016 09:40:07	Controller		INFO	sending to transmitter
20-02-2016 09:40:07	Transmitter		INFO	pushing into buff
20-02-2016 09:40:07	DataProcessor		INFO	polling
20-02-2016 09:40:07	CameraInterface		INFO	Read successful
20-02-2016 09:40:07	Controller		INFO	sending to transmitter
20-02-2016 09:40:07	Transmitter		INFO	pushing into buff
20-02-2016 09:40:07	DataProcessor		INFO	polling
20-02-2016 09:40:07	CameraInterface		INFO	Read successful
20-02-2016 09:40:07	Controller		INFO	sending to transmitter
20-02-2016 09:40:07	Transmitter		INFO	pushing into buff
20-02-2016 09:40:07	DataProcessor		INFO	polling
20-02-2016 09:40:08	CameraInterface		INFO	Read successful
20-02-2016 09:40:08	Controller		INFO	sending to transmitter
20-02-2016 09:40:08	Transmitter		INFO	pushing into buff
20-02-2016 09:40:08	DataProcessor		INFO	polling
20-02-2016 09:40:08	CameraInterface		INFO	Read successful
20-02-2016 09:40:08	Controller		INFO	sending to transmitter
20-02-2016 09:40:08	Transmitter		INFO	pushing into buff
20-02-2016 09:40:08	DataProcessor		INFO	polling
20-02-2016 09:40:08	CameraInterface		INFO	Read successful
20-02-2016 09:40:08	Controller		INFO	sending to transmitter
20-02-2016 09:40:08	Transmitter		INFO	pushing into buff
20-02-2016 09:40:08	DataProcessor		INFO	polling
20-02-2016 09:40:08	CameraInterface		INFO	Read successful
20-02-2016 09:40:08	Controller		INFO	sending to transmitter
20-02-2016 09:40:08	Transmitter		INFO	pushing into buff
20-02-2016 09:40:08	DataProcessor		INFO	polling
20-02-2016 09:40:09	CameraInterface		INFO	Read successful
20-02-2016 09:40:09	Controller		INFO	sending to transmitter
20-02-2016 09:40:09	Transmitter		INFO	pushing into buff
20-02-2016 09:40:09	DataProcessor		INFO	polling
20-02-2016 09:40:09	CameraInterface		INFO	Read successful
20-02-2016 09:40:09	Controller		INFO	sending to transmitter
20-02-2016 09:40:09	Transmitter		INFO	pushing into buff
20-02-2016 09:40:09	DataProcessor		INFO	polling
20-02-2016 09:40:09	CameraInterface		INFO	Read successful
20-02-2016 09:40:09	Controller		INFO	sending to transmitter
20-02-2016 09:40:09	Transmitter		INFO	pushing into buff
20-02-2016 09:40:09	DataProcessor		INFO	polling
20-02-2016 09:40:09	CameraInterface		INFO	Read successful
20-02-2016 09:40:09	Controller		INFO	sending to transmitter
20-02-2016 09:40:09	Transmitter		INFO	pushing into buff
20-02-2016 09:40:09	DataProcessor		INFO	polling
20-02-2016 09:40:09	CameraInterface		INFO	Read successful
20-02-2016 09:40:09	Controller		INFO	sending to transmitter
20-02-2016 09:40:10	Transmitter		INFO	pushing into buff
20-02-2016 09:40:10	DataProcessor		INFO	polling
20-02-2016 09:40:15	CameraInterface		INFO	Read successful
20-02-2016 09:40:19	Controller		INFO	sending to transmitter
20-02-2016 09:40:19	Transmitter		INFO	pushing into buff
20-02-2016 09:40:19	DataProcessor		INFO	polling
20-02-2016 09:40:22	Transmitter		INFO	sending string: ‰PNG


20-02-2016 09:40:22	Transmitter		INFO	running
20-02-2016 09:40:22	Transmitter		INFO	getting from buffer
20-02-2016 09:40:22	CameraInterface		INFO	Read successful
20-02-2016 09:40:22	Controller		INFO	sending to transmitter
20-02-2016 09:40:22	Transmitter		INFO	pushing into buff
20-02-2016 09:40:24	DataProcessor		INFO	polling
20-02-2016 09:40:26	CameraInterface		INFO	Read successful
20-02-2016 09:40:26	Controller		INFO	sending to transmitter
20-02-2016 09:40:26	Transmitter		INFO	pushing into buff
20-02-2016 09:40:26	DataProcessor		INFO	polling
20-02-2016 09:40:27	CameraInterface		INFO	Read successful
20-02-2016 09:40:27	Controller		INFO	sending to transmitter
20-02-2016 09:40:27	Transmitter		INFO	pushing into buff
20-02-2016 09:40:27	DataProcessor		INFO	polling
20-02-2016 09:40:32	CameraInterface		INFO	Read successful
20-02-2016 09:40:42	Controller		INFO	sending to transmitter
20-02-2016 09:40:43	Transmitter		INFO	pushing into buff
20-02-2016 09:40:43	DataProcessor		INFO	polling
20-02-2016 09:40:45	CameraInterface		INFO	Read successful
20-02-2016 09:40:45	Controller		INFO	sending to transmitter
20-02-2016 09:40:46	Transmitter		INFO	pushing into buff
20-02-2016 09:40:46	DataProcessor		INFO	polling
20-02-2016 09:40:46	CameraInterface		INFO	Read successful
20-02-2016 09:40:46	Controller		INFO	sending to transmitter
20-02-2016 09:40:46	Transmitter		INFO	pushing into buff
20-02-2016 09:40:46	DataProcessor		INFO	polling
20-02-2016 09:40:47	CameraInterface		INFO	Read successful
20-02-2016 09:40:47	Controller		INFO	sending to transmitter
20-02-2016 09:40:47	Transmitter		INFO	pushing into buff
20-02-2016 09:40:47	DataProcessor		INFO	polling
20-02-2016 09:40:47	CameraInterface		INFO	Read successful
20-02-2016 09:40:47	Controller		INFO	sending to transmitter
20-02-2016 09:40:47	Transmitter		INFO	pushing into buff
20-02-2016 09:40:47	DataProcessor		INFO	polling
20-02-2016 09:40:47	CameraInterface		INFO	Read successful
20-02-2016 09:40:47	Controller		INFO	sending to transmitter
20-02-2016 09:40:47	Transmitter		INFO	pushing into buff
20-02-2016 09:40:47	DataProcessor		INFO	polling
20-02-2016 09:40:50	CameraInterface		INFO	Read successful
20-02-2016 09:40:52	Controller		INFO	sending to transmitter
20-02-2016 09:40:52	Transmitter		INFO	pushing into buff
20-02-2016 09:40:52	DataProcessor		INFO	polling
20-02-2016 09:40:59	CameraInterface		INFO	Read successful
20-02-2016 09:41:00	Controller		INFO	sending to transmitter
20-02-2016 09:41:00	Transmitter		INFO	pushing into buff
20-02-2016 09:41:00	DataProcessor		INFO	polling
