20-02-2016 09:55:44	Main		TRACE	Logger initialized.
20-02-2016 09:55:44	PropertyReader		TRACE	Opening file: settings/settings.txt
20-02-2016 09:55:44	PropertyReader		INFO	File opened: settings/settings.txt
20-02-2016 09:55:44	PropertyReader		INFO	Loading properties file...
20-02-2016 09:55:44	PropertyReader		INFO	Mapped TRACE to LOGGING_LEVEL
20-02-2016 09:55:44	PropertyReader		INFO	Mapped 100 to CAM_BUFFER_SIZE
20-02-2016 09:55:44	PropertyReader		INFO	Mapped 15 to CAM_POLL_FREQUENCY
20-02-2016 09:55:44	PropertyReader		INFO	Mapped 0 to CAM_INDEX
20-02-2016 09:55:44	PropertyReader		DEBUG	Loaded 4 properties successfully
20-02-2016 09:55:44	Controller		INFO	Constructor controller
20-02-2016 09:55:44	Transmitter		INFO	socket retrieve success
20-02-2016 09:55:44	Transmitter		INFO	binding done
20-02-2016 09:55:44	Transmitter		INFO	done listening
20-02-2016 09:55:53	Transmitter		INFO	accepting
20-02-2016 09:55:53	Main		TRACE	intializing controller
20-02-2016 09:55:53	Controller		INFO	Initializing Controller
20-02-2016 09:55:53	Main		TRACE	initializing dataprocessor
20-02-2016 09:55:53	CameraInterface		INFO	Initializing camera
20-02-2016 09:55:53	CameraInterface		INFO	Opening video capture stream at position 0
20-02-2016 09:55:53	ControllerThread		INFO	Starting Controller Thread execution loop
20-02-2016 09:55:53	Receiver		INFO	Starting Receiver Thread execution loop
20-02-2016 09:55:53	Transmitter		INFO	Starting Receiver Thread execution loop
20-02-2016 09:55:53	Transmitter		INFO	running
20-02-2016 09:55:53	Transmitter		INFO	running
20-02-2016 09:55:53	Transmitter		INFO	running
20-02-2016 09:55:53	Transmitter		INFO	running
20-02-2016 09:55:53	Transmitter		INFO	running
20-02-2016 09:55:53	Transmitter		INFO	running
20-02-2016 09:55:53	Transmitter		INFO	running
20-02-2016 09:55:53	Transmitter		INFO	running
20-02-2016 09:55:53	Transmitter		INFO	running
20-02-2016 09:55:53	Transmitter		INFO	running
20-02-2016 09:55:53	Transmitter		INFO	running
20-02-2016 09:55:53	Transmitter		INFO	running
20-02-2016 09:55:53	Transmitter		INFO	running
20-02-2016 09:55:53	Transmitter		INFO	running
20-02-2016 09:55:53	Transmitter		INFO	running
20-02-2016 09:55:53	Transmitter		INFO	running
20-02-2016 09:55:53	Transmitter		INFO	running
20-02-2016 09:55:53	Transmitter		INFO	running
20-02-2016 09:55:53	Transmitter		INFO	running
20-02-2016 09:55:53	Transmitter		INFO	running
20-02-2016 09:55:53	Transmitter		INFO	running
20-02-2016 09:55:53	Transmitter		INFO	running
20-02-2016 09:55:53	Transmitter		INFO	running
20-02-2016 09:55:53	Transmitter		INFO	running
20-02-2016 09:55:53	Transmitter		INFO	running
20-02-2016 09:55:53	Transmitter		INFO	running
20-02-2016 09:55:53	Transmitter		INFO	running
20-02-2016 09:55:53	Transmitter		INFO	running
20-02-2016 09:55:53	Transmitter		INFO	running
20-02-2016 09:55:53	Transmitter		INFO	running
20-02-2016 09:55:53	Transmitter		INFO	running
20-02-2016 09:55:53	Transmitter		INFO	running
20-02-2016 09:55:53	Transmitter		INFO	running
20-02-2016 09:55:53	Main		TRACE	running controller
20-02-2016 09:55:53	DataProcessor		INFO	polling
20-02-2016 09:55:53	Transmitter		INFO	running
20-02-2016 09:55:53	Transmitter		INFO	running
20-02-2016 09:55:53	Transmitter		INFO	running
20-02-2016 09:55:53	Transmitter		INFO	running
20-02-2016 09:55:53	Transmitter		INFO	running
20-02-2016 09:55:53	Transmitter		INFO	running
20-02-2016 09:55:53	Transmitter		INFO	running
20-02-2016 09:55:53	Transmitter		INFO	running
20-02-2016 09:55:53	Transmitter		INFO	running
20-02-2016 09:55:53	Transmitter		INFO	running
20-02-2016 09:55:53	Transmitter		INFO	running
20-02-2016 09:55:53	Transmitter		INFO	running
20-02-2016 09:55:53	Transmitter		INFO	running
20-02-2016 09:55:53	Transmitter		INFO	running
20-02-2016 09:55:53	Transmitter		INFO	running
20-02-2016 09:55:53	Transmitter		INFO	running
20-02-2016 09:55:53	Transmitter		INFO	running
20-02-2016 09:55:53	Transmitter		INFO	running
20-02-2016 09:55:53	Transmitter		INFO	running
20-02-2016 09:55:53	Transmitter		INFO	running
20-02-2016 09:55:53	Transmitter		INFO	running
20-02-2016 09:55:53	Transmitter		INFO	running
20-02-2016 09:55:53	Transmitter		INFO	running
20-02-2016 09:55:53	Transmitter		INFO	running
20-02-2016 09:55:53	Transmitter		INFO	running
20-02-2016 09:55:53	Transmitter		INFO	running
20-02-2016 09:55:53	Transmitter		INFO	running
20-02-2016 09:55:53	Transmitter		INFO	running
20-02-2016 09:55:53	Transmitter		INFO	running
20-02-2016 09:55:53	Transmitter		INFO	running
20-02-2016 09:55:53	Transmitter		INFO	running
20-02-2016 09:55:53	Transmitter		INFO	running
20-02-2016 09:55:53	Transmitter		INFO	running
20-02-2016 09:55:53	Transmitter		INFO	running
20-02-2016 09:55:53	Transmitter		INFO	running
20-02-2016 09:55:53	Transmitter		INFO	running
20-02-2016 09:55:53	Transmitter		INFO	running
20-02-2016 09:55:53	Transmitter		INFO	running
20-02-2016 09:55:53	Transmitter		INFO	running
20-02-2016 09:55:53	Transmitter		INFO	running
20-02-2016 09:55:53	Transmitter		INFO	running
20-02-2016 09:55:53	Transmitter		INFO	running
20-02-2016 09:55:53	Transmitter		INFO	running
20-02-2016 09:55:53	Transmitter		INFO	running
20-02-2016 09:55:53	Transmitter		INFO	running
20-02-2016 09:55:53	Transmitter		INFO	running
20-02-2016 09:55:53	Transmitter		INFO	running
20-02-2016 09:55:53	Transmitter		INFO	running
20-02-2016 09:55:53	Transmitter		INFO	running
20-02-2016 09:55:53	Transmitter		INFO	running
20-02-2016 09:55:53	Transmitter		INFO	running
20-02-2016 09:55:53	Transmitter		INFO	running
20-02-2016 09:55:53	Transmitter		INFO	running
20-02-2016 09:55:53	Transmitter		INFO	running
20-02-2016 09:55:53	Transmitter		INFO	running
20-02-2016 09:55:53	Transmitter		INFO	running
20-02-2016 09:55:53	Transmitter		INFO	running
20-02-2016 09:55:54	Transmitter		INFO	running
20-02-2016 09:55:54	Transmitter		INFO	running
20-02-2016 09:55:54	Transmitter		INFO	running
20-02-2016 09:55:54	Transmitter		INFO	running
20-02-2016 09:55:54	Transmitter		INFO	running
20-02-2016 09:55:54	Transmitter		INFO	running
20-02-2016 09:55:54	Transmitter		INFO	running
20-02-2016 09:55:54	Transmitter		INFO	running
20-02-2016 09:55:54	Transmitter		INFO	running
20-02-2016 09:55:54	Transmitter		INFO	running
20-02-2016 09:55:54	Transmitter		INFO	running
20-02-2016 09:55:54	Transmitter		INFO	running
20-02-2016 09:55:54	Transmitter		INFO	running
20-02-2016 09:55:54	Transmitter		INFO	running
20-02-2016 09:55:54	Transmitter		INFO	running
20-02-2016 09:55:54	Transmitter		INFO	running
20-02-2016 09:55:54	Transmitter		INFO	running
20-02-2016 09:55:54	Transmitter		INFO	running
20-02-2016 09:55:54	Transmitter		INFO	running
20-02-2016 09:55:54	Transmitter		INFO	running
20-02-2016 09:55:54	Transmitter		INFO	running
20-02-2016 09:55:54	Transmitter		INFO	running
20-02-2016 09:55:54	Transmitter		INFO	running
20-02-2016 09:55:54	Transmitter		INFO	running
20-02-2016 09:55:54	Transmitter		INFO	running
20-02-2016 09:55:54	Transmitter		INFO	running
20-02-2016 09:55:54	Transmitter		INFO	running
20-02-2016 09:55:54	Transmitter		INFO	running
20-02-2016 09:55:54	Transmitter		INFO	running
20-02-2016 09:55:54	Transmitter		INFO	running
20-02-2016 09:55:54	Transmitter		INFO	running
20-02-2016 09:55:54	Transmitter		INFO	running
20-02-2016 09:55:54	Transmitter		INFO	running
20-02-2016 09:55:54	Transmitter		INFO	running
20-02-2016 09:55:54	Transmitter		INFO	running
20-02-2016 09:55:54	Transmitter		INFO	running
20-02-2016 09:55:54	Transmitter		INFO	running
20-02-2016 09:55:54	Transmitter		INFO	running
20-02-2016 09:55:54	CameraInterface		INFO	Read successful
20-02-2016 09:55:54	Controller		INFO	sending to transmitter
20-02-2016 09:55:54	Transmitter		INFO	pushing into buff
20-02-2016 09:55:54	DataProcessor		INFO	polling
20-02-2016 09:55:54	Transmitter		INFO	running
20-02-2016 09:55:54	Transmitter		INFO	getting from buffer
20-02-2016 09:55:54	CameraInterface		INFO	Read successful
20-02-2016 09:55:54	Controller		INFO	sending to transmitter
20-02-2016 09:55:54	Transmitter		INFO	pushing into buff
20-02-2016 09:55:54	DataProcessor		INFO	polling
20-02-2016 09:55:54	CameraInterface		INFO	Read successful
20-02-2016 09:55:54	Controller		INFO	sending to transmitter
20-02-2016 09:55:54	Transmitter		INFO	pushing into buff
20-02-2016 09:55:54	DataProcessor		INFO	polling
20-02-2016 09:55:55	CameraInterface		INFO	Read successful
20-02-2016 09:55:55	Controller		INFO	sending to transmitter
20-02-2016 09:55:55	Transmitter		INFO	pushing into buff
20-02-2016 09:55:55	DataProcessor		INFO	polling
20-02-2016 09:55:55	CameraInterface		INFO	Read successful
20-02-2016 09:55:55	Controller		INFO	sending to transmitter
20-02-2016 09:55:55	Transmitter		INFO	pushing into buff
20-02-2016 09:55:55	DataProcessor		INFO	polling
20-02-2016 09:55:55	CameraInterface		INFO	Read successful
20-02-2016 09:55:55	Controller		INFO	sending to transmitter
20-02-2016 09:55:55	Transmitter		INFO	pushing into buff
20-02-2016 09:55:55	DataProcessor		INFO	polling
20-02-2016 09:55:55	CameraInterface		INFO	Read successful
20-02-2016 09:55:55	Controller		INFO	sending to transmitter
20-02-2016 09:55:55	Transmitter		INFO	pushing into buff
20-02-2016 09:55:55	DataProcessor		INFO	polling
20-02-2016 09:55:55	CameraInterface		INFO	Read successful
20-02-2016 09:55:55	Controller		INFO	sending to transmitter
20-02-2016 09:55:55	Transmitter		INFO	pushing into buff
20-02-2016 09:55:55	DataProcessor		INFO	polling
20-02-2016 09:55:56	CameraInterface		INFO	Read successful
20-02-2016 09:55:56	Controller		INFO	sending to transmitter
20-02-2016 09:55:56	Transmitter		INFO	pushing into buff
20-02-2016 09:55:56	DataProcessor		INFO	polling
20-02-2016 09:55:56	CameraInterface		INFO	Read successful
20-02-2016 09:55:56	Controller		INFO	sending to transmitter
20-02-2016 09:55:56	Transmitter		INFO	pushing into buff
20-02-2016 09:55:56	DataProcessor		INFO	polling
20-02-2016 09:55:56	CameraInterface		INFO	Read successful
20-02-2016 09:55:56	Controller		INFO	sending to transmitter
20-02-2016 09:55:56	Transmitter		INFO	pushing into buff
20-02-2016 09:55:56	DataProcessor		INFO	polling
20-02-2016 09:55:56	CameraInterface		INFO	Read successful
20-02-2016 09:55:56	Controller		INFO	sending to transmitter
20-02-2016 09:55:56	Transmitter		INFO	pushing into buff
20-02-2016 09:55:56	DataProcessor		INFO	polling
20-02-2016 09:55:57	CameraInterface		INFO	Read successful
20-02-2016 09:55:57	Controller		INFO	sending to transmitter
20-02-2016 09:55:57	Transmitter		INFO	pushing into buff
20-02-2016 09:55:57	DataProcessor		INFO	polling
20-02-2016 09:55:57	CameraInterface		INFO	Read successful
20-02-2016 09:55:57	Controller		INFO	sending to transmitter
20-02-2016 09:55:57	Transmitter		INFO	pushing into buff
20-02-2016 09:55:57	DataProcessor		INFO	polling
20-02-2016 09:55:57	CameraInterface		INFO	Read successful
20-02-2016 09:55:57	Controller		INFO	sending to transmitter
20-02-2016 09:55:57	Transmitter		INFO	pushing into buff
20-02-2016 09:55:57	DataProcessor		INFO	polling
20-02-2016 09:55:57	CameraInterface		INFO	Read successful
20-02-2016 09:55:57	Controller		INFO	sending to transmitter
20-02-2016 09:55:57	Transmitter		INFO	pushing into buff
20-02-2016 09:55:57	DataProcessor		INFO	polling
20-02-2016 09:55:57	CameraInterface		INFO	Read successful
20-02-2016 09:55:57	Controller		INFO	sending to transmitter
20-02-2016 09:55:57	Transmitter		INFO	pushing into buff
20-02-2016 09:55:57	DataProcessor		INFO	polling
20-02-2016 09:55:58	CameraInterface		INFO	Read successful
20-02-2016 09:55:58	Controller		INFO	sending to transmitter
20-02-2016 09:55:58	Transmitter		INFO	pushing into buff
20-02-2016 09:55:58	DataProcessor		INFO	polling
20-02-2016 09:55:58	CameraInterface		INFO	Read successful
20-02-2016 09:55:58	Controller		INFO	sending to transmitter
20-02-2016 09:55:58	Transmitter		INFO	pushing into buff
20-02-2016 09:55:58	DataProcessor		INFO	polling
20-02-2016 09:55:58	CameraInterface		INFO	Read successful
20-02-2016 09:55:58	Controller		INFO	sending to transmitter
20-02-2016 09:55:58	Transmitter		INFO	pushing into buff
20-02-2016 09:55:58	DataProcessor		INFO	polling
20-02-2016 09:55:58	CameraInterface		INFO	Read successful
20-02-2016 09:55:58	Controller		INFO	sending to transmitter
20-02-2016 09:55:58	Transmitter		INFO	pushing into buff
20-02-2016 09:55:58	DataProcessor		INFO	polling
20-02-2016 09:55:59	CameraInterface		INFO	Read successful
20-02-2016 09:55:59	Controller		INFO	sending to transmitter
20-02-2016 09:55:59	Transmitter		INFO	pushing into buff
20-02-2016 09:55:59	DataProcessor		INFO	polling
20-02-2016 09:55:59	CameraInterface		INFO	Read successful
20-02-2016 09:55:59	Controller		INFO	sending to transmitter
20-02-2016 09:55:59	Transmitter		INFO	pushing into buff
20-02-2016 09:55:59	DataProcessor		INFO	polling
20-02-2016 09:55:59	CameraInterface		INFO	Read successful
20-02-2016 09:55:59	Controller		INFO	sending to transmitter
20-02-2016 09:55:59	Transmitter		INFO	pushing into buff
20-02-2016 09:55:59	DataProcessor		INFO	polling
20-02-2016 09:55:59	CameraInterface		INFO	Read successful
20-02-2016 09:55:59	Controller		INFO	sending to transmitter
20-02-2016 09:55:59	Transmitter		INFO	pushing into buff
20-02-2016 09:55:59	DataProcessor		INFO	polling
20-02-2016 09:55:59	CameraInterface		INFO	Read successful
20-02-2016 09:55:59	Controller		INFO	sending to transmitter
20-02-2016 09:55:59	Transmitter		INFO	pushing into buff
20-02-2016 09:55:59	DataProcessor		INFO	polling
20-02-2016 09:56:00	CameraInterface		INFO	Read successful
20-02-2016 09:56:00	Controller		INFO	sending to transmitter
20-02-2016 09:56:00	Transmitter		INFO	pushing into buff
20-02-2016 09:56:00	DataProcessor		INFO	polling
20-02-2016 09:56:00	CameraInterface		INFO	Read successful
20-02-2016 09:56:00	Controller		INFO	sending to transmitter
20-02-2016 09:56:00	Transmitter		INFO	pushing into buff
20-02-2016 09:56:00	DataProcessor		INFO	polling
20-02-2016 09:56:00	CameraInterface		INFO	Read successful
20-02-2016 09:56:00	Controller		INFO	sending to transmitter
20-02-2016 09:56:00	Transmitter		INFO	pushing into buff
20-02-2016 09:56:00	DataProcessor		INFO	polling
20-02-2016 09:56:00	CameraInterface		INFO	Read successful
20-02-2016 09:56:00	Controller		INFO	sending to transmitter
20-02-2016 09:56:00	Transmitter		INFO	pushing into buff
20-02-2016 09:56:00	DataProcessor		INFO	polling
20-02-2016 09:56:00	CameraInterface		INFO	Read successful
20-02-2016 09:56:01	Controller		INFO	sending to transmitter
20-02-2016 09:56:01	Transmitter		INFO	pushing into buff
20-02-2016 09:56:01	DataProcessor		INFO	polling
20-02-2016 09:56:01	CameraInterface		INFO	Read successful
20-02-2016 09:56:01	Controller		INFO	sending to transmitter
20-02-2016 09:56:01	Transmitter		INFO	pushing into buff
20-02-2016 09:56:01	DataProcessor		INFO	polling
20-02-2016 09:56:01	CameraInterface		INFO	Read successful
20-02-2016 09:56:01	Controller		INFO	sending to transmitter
20-02-2016 09:56:01	Transmitter		INFO	pushing into buff
20-02-2016 09:56:01	DataProcessor		INFO	polling
20-02-2016 09:56:01	CameraInterface		INFO	Read successful
20-02-2016 09:56:01	Controller		INFO	sending to transmitter
20-02-2016 09:56:01	Transmitter		INFO	pushing into buff
20-02-2016 09:56:01	DataProcessor		INFO	polling
20-02-2016 09:56:01	CameraInterface		INFO	Read successful
20-02-2016 09:56:01	Controller		INFO	sending to transmitter
20-02-2016 09:56:01	Transmitter		INFO	pushing into buff
20-02-2016 09:56:01	DataProcessor		INFO	polling
20-02-2016 09:56:02	CameraInterface		INFO	Read successful
20-02-2016 09:56:02	Controller		INFO	sending to transmitter
20-02-2016 09:56:02	Transmitter		INFO	pushing into buff
20-02-2016 09:56:02	DataProcessor		INFO	polling
20-02-2016 09:56:02	CameraInterface		INFO	Read successful
20-02-2016 09:56:02	Controller		INFO	sending to transmitter
20-02-2016 09:56:02	Transmitter		INFO	pushing into buff
20-02-2016 09:56:02	DataProcessor		INFO	polling
20-02-2016 09:56:02	CameraInterface		INFO	Read successful
20-02-2016 09:56:02	Controller		INFO	sending to transmitter
20-02-2016 09:56:02	Transmitter		INFO	pushing into buff
20-02-2016 09:56:02	DataProcessor		INFO	polling
20-02-2016 09:56:02	CameraInterface		INFO	Read successful
20-02-2016 09:56:02	Controller		INFO	sending to transmitter
20-02-2016 09:56:02	Transmitter		INFO	pushing into buff
20-02-2016 09:56:02	DataProcessor		INFO	polling
20-02-2016 09:56:03	CameraInterface		INFO	Read successful
20-02-2016 09:56:03	Controller		INFO	sending to transmitter
20-02-2016 09:56:03	Transmitter		INFO	pushing into buff
20-02-2016 09:56:03	DataProcessor		INFO	polling
20-02-2016 09:56:03	CameraInterface		INFO	Read successful
20-02-2016 09:56:03	Controller		INFO	sending to transmitter
20-02-2016 09:56:03	Transmitter		INFO	pushing into buff
20-02-2016 09:56:03	DataProcessor		INFO	polling
20-02-2016 09:56:03	CameraInterface		INFO	Read successful
20-02-2016 09:56:03	Controller		INFO	sending to transmitter
20-02-2016 09:56:03	Transmitter		INFO	pushing into buff
20-02-2016 09:56:03	DataProcessor		INFO	polling
20-02-2016 09:56:03	CameraInterface		INFO	Read successful
20-02-2016 09:56:03	Controller		INFO	sending to transmitter
20-02-2016 09:56:03	Transmitter		INFO	pushing into buff
20-02-2016 09:56:03	DataProcessor		INFO	polling
20-02-2016 09:56:03	CameraInterface		INFO	Read successful
20-02-2016 09:56:03	Controller		INFO	sending to transmitter
20-02-2016 09:56:03	Transmitter		INFO	pushing into buff
20-02-2016 09:56:03	DataProcessor		INFO	polling
20-02-2016 09:56:04	CameraInterface		INFO	Read successful
20-02-2016 09:56:04	Controller		INFO	sending to transmitter
20-02-2016 09:56:04	Transmitter		INFO	pushing into buff
20-02-2016 09:56:04	DataProcessor		INFO	polling
20-02-2016 09:56:04	Transmitter		INFO	sending string: ‰PNG


20-02-2016 09:56:04	Transmitter		INFO	running
20-02-2016 09:56:04	Transmitter		INFO	getting from buffer
20-02-2016 09:56:04	CameraInterface		INFO	Read successful
20-02-2016 09:56:04	Controller		INFO	sending to transmitter
20-02-2016 09:56:04	Transmitter		INFO	pushing into buff
20-02-2016 09:56:04	DataProcessor		INFO	polling
20-02-2016 09:56:04	CameraInterface		INFO	Read successful
20-02-2016 09:56:04	Controller		INFO	sending to transmitter
20-02-2016 09:56:04	Transmitter		INFO	pushing into buff
20-02-2016 09:56:04	DataProcessor		INFO	polling
20-02-2016 09:56:04	CameraInterface		INFO	Read successful
20-02-2016 09:56:04	Controller		INFO	sending to transmitter
20-02-2016 09:56:05	Transmitter		INFO	pushing into buff
20-02-2016 09:56:05	DataProcessor		INFO	polling
20-02-2016 09:56:05	CameraInterface		INFO	Read successful
20-02-2016 09:56:05	Controller		INFO	sending to transmitter
20-02-2016 09:56:05	Transmitter		INFO	pushing into buff
20-02-2016 09:56:05	DataProcessor		INFO	polling
20-02-2016 09:56:05	CameraInterface		INFO	Read successful
20-02-2016 09:56:05	Controller		INFO	sending to transmitter
20-02-2016 09:56:05	Transmitter		INFO	pushing into buff
20-02-2016 09:56:05	DataProcessor		INFO	polling
20-02-2016 09:56:05	CameraInterface		INFO	Read successful
20-02-2016 09:56:05	Controller		INFO	sending to transmitter
20-02-2016 09:56:05	Transmitter		INFO	pushing into buff
20-02-2016 09:56:05	DataProcessor		INFO	polling
20-02-2016 09:56:05	CameraInterface		INFO	Read successful
20-02-2016 09:56:05	Controller		INFO	sending to transmitter
20-02-2016 09:56:05	Transmitter		INFO	pushing into buff
20-02-2016 09:56:05	DataProcessor		INFO	polling
20-02-2016 09:56:06	CameraInterface		INFO	Read successful
20-02-2016 09:56:06	Controller		INFO	sending to transmitter
20-02-2016 09:56:06	Transmitter		INFO	pushing into buff
20-02-2016 09:56:06	DataProcessor		INFO	polling
20-02-2016 09:56:06	CameraInterface		INFO	Read successful
20-02-2016 09:56:06	Controller		INFO	sending to transmitter
20-02-2016 09:56:06	Transmitter		INFO	pushing into buff
20-02-2016 09:56:06	DataProcessor		INFO	polling
20-02-2016 09:56:06	CameraInterface		INFO	Read successful
20-02-2016 09:56:06	Controller		INFO	sending to transmitter
20-02-2016 09:56:06	Transmitter		INFO	pushing into buff
20-02-2016 09:56:06	DataProcessor		INFO	polling
20-02-2016 09:56:06	CameraInterface		INFO	Read successful
20-02-2016 09:56:06	Controller		INFO	sending to transmitter
20-02-2016 09:56:06	Transmitter		INFO	pushing into buff
20-02-2016 09:56:06	DataProcessor		INFO	polling
20-02-2016 09:56:07	CameraInterface		INFO	Read successful
20-02-2016 09:56:07	Controller		INFO	sending to transmitter
20-02-2016 09:56:07	Transmitter		INFO	pushing into buff
20-02-2016 09:56:07	DataProcessor		INFO	polling
20-02-2016 09:56:07	CameraInterface		INFO	Read successful
20-02-2016 09:56:07	Controller		INFO	sending to transmitter
20-02-2016 09:56:07	Transmitter		INFO	pushing into buff
20-02-2016 09:56:07	DataProcessor		INFO	polling
20-02-2016 09:56:07	CameraInterface		INFO	Read successful
20-02-2016 09:56:07	Controller		INFO	sending to transmitter
20-02-2016 09:56:07	Transmitter		INFO	pushing into buff
20-02-2016 09:56:07	DataProcessor		INFO	polling
20-02-2016 09:56:07	CameraInterface		INFO	Read successful
20-02-2016 09:56:07	Controller		INFO	sending to transmitter
20-02-2016 09:56:07	Transmitter		INFO	pushing into buff
20-02-2016 09:56:07	DataProcessor		INFO	polling
20-02-2016 09:56:08	CameraInterface		INFO	Read successful
20-02-2016 09:56:08	Controller		INFO	sending to transmitter
20-02-2016 09:56:08	Transmitter		INFO	pushing into buff
20-02-2016 09:56:08	DataProcessor		INFO	polling
20-02-2016 09:56:08	CameraInterface		INFO	Read successful
20-02-2016 09:56:08	Controller		INFO	sending to transmitter
20-02-2016 09:56:08	Transmitter		INFO	pushing into buff
20-02-2016 09:56:08	DataProcessor		INFO	polling
20-02-2016 09:56:08	CameraInterface		INFO	Read successful
20-02-2016 09:56:08	Controller		INFO	sending to transmitter
20-02-2016 09:56:08	Transmitter		INFO	pushing into buff
20-02-2016 09:56:08	DataProcessor		INFO	polling
20-02-2016 09:56:08	CameraInterface		INFO	Read successful
20-02-2016 09:56:08	Controller		INFO	sending to transmitter
20-02-2016 09:56:08	Transmitter		INFO	pushing into buff
20-02-2016 09:56:08	DataProcessor		INFO	polling
20-02-2016 09:56:09	CameraInterface		INFO	Read successful
20-02-2016 09:56:09	Controller		INFO	sending to transmitter
20-02-2016 09:56:09	Transmitter		INFO	pushing into buff
20-02-2016 09:56:09	DataProcessor		INFO	polling
20-02-2016 09:56:09	CameraInterface		INFO	Read successful
20-02-2016 09:56:09	Controller		INFO	sending to transmitter
20-02-2016 09:56:09	Transmitter		INFO	pushing into buff
20-02-2016 09:56:09	DataProcessor		INFO	polling
20-02-2016 09:56:09	CameraInterface		INFO	Read successful
20-02-2016 09:56:09	Controller		INFO	sending to transmitter
20-02-2016 09:56:09	Transmitter		INFO	pushing into buff
20-02-2016 09:56:09	DataProcessor		INFO	polling
20-02-2016 09:56:09	CameraInterface		INFO	Read successful
20-02-2016 09:56:09	Controller		INFO	sending to transmitter
20-02-2016 09:56:09	Transmitter		INFO	pushing into buff
20-02-2016 09:56:09	DataProcessor		INFO	polling
20-02-2016 09:56:09	CameraInterface		INFO	Read successful
20-02-2016 09:56:09	Controller		INFO	sending to transmitter
20-02-2016 09:56:09	Transmitter		INFO	pushing into buff
20-02-2016 09:56:09	DataProcessor		INFO	polling
20-02-2016 09:56:10	CameraInterface		INFO	Read successful
20-02-2016 09:56:10	Controller		INFO	sending to transmitter
20-02-2016 09:56:10	Transmitter		INFO	pushing into buff
20-02-2016 09:56:10	DataProcessor		INFO	polling
20-02-2016 09:56:10	CameraInterface		INFO	Read successful
20-02-2016 09:56:10	Controller		INFO	sending to transmitter
20-02-2016 09:56:10	Transmitter		INFO	pushing into buff
20-02-2016 09:56:10	DataProcessor		INFO	polling
20-02-2016 09:56:10	CameraInterface		INFO	Read successful
20-02-2016 09:56:10	Controller		INFO	sending to transmitter
20-02-2016 09:56:10	Transmitter		INFO	pushing into buff
20-02-2016 09:56:10	DataProcessor		INFO	polling
20-02-2016 09:56:10	CameraInterface		INFO	Read successful
20-02-2016 09:56:10	Controller		INFO	sending to transmitter
20-02-2016 09:56:10	Transmitter		INFO	pushing into buff
20-02-2016 09:56:10	DataProcessor		INFO	polling
20-02-2016 09:56:10	CameraInterface		INFO	Read successful
20-02-2016 09:56:10	Controller		INFO	sending to transmitter
20-02-2016 09:56:10	Transmitter		INFO	pushing into buff
20-02-2016 09:56:10	DataProcessor		INFO	polling
20-02-2016 09:56:11	CameraInterface		INFO	Read successful
20-02-2016 09:56:11	Controller		INFO	sending to transmitter
20-02-2016 09:56:11	Transmitter		INFO	pushing into buff
20-02-2016 09:56:11	DataProcessor		INFO	polling
20-02-2016 09:56:11	CameraInterface		INFO	Read successful
20-02-2016 09:56:11	Controller		INFO	sending to transmitter
20-02-2016 09:56:11	Transmitter		INFO	pushing into buff
20-02-2016 09:56:11	DataProcessor		INFO	polling
20-02-2016 09:56:11	CameraInterface		INFO	Read successful
20-02-2016 09:56:11	Controller		INFO	sending to transmitter
20-02-2016 09:56:11	Transmitter		INFO	pushing into buff
20-02-2016 09:56:11	DataProcessor		INFO	polling
20-02-2016 09:56:11	CameraInterface		INFO	Read successful
20-02-2016 09:56:11	Controller		INFO	sending to transmitter
20-02-2016 09:56:11	Transmitter		INFO	pushing into buff
20-02-2016 09:56:11	DataProcessor		INFO	polling
20-02-2016 09:56:12	CameraInterface		INFO	Read successful
20-02-2016 09:56:12	Controller		INFO	sending to transmitter
20-02-2016 09:56:12	Transmitter		INFO	pushing into buff
20-02-2016 09:56:12	DataProcessor		INFO	polling
20-02-2016 09:56:12	CameraInterface		INFO	Read successful
20-02-2016 09:56:12	Controller		INFO	sending to transmitter
20-02-2016 09:56:12	Transmitter		INFO	pushing into buff
20-02-2016 09:56:12	DataProcessor		INFO	polling
20-02-2016 09:56:12	CameraInterface		INFO	Read successful
20-02-2016 09:56:12	Controller		INFO	sending to transmitter
20-02-2016 09:56:12	Transmitter		INFO	pushing into buff
20-02-2016 09:56:12	DataProcessor		INFO	polling
20-02-2016 09:56:12	CameraInterface		INFO	Read successful
20-02-2016 09:56:12	Controller		INFO	sending to transmitter
20-02-2016 09:56:12	Transmitter		INFO	pushing into buff
20-02-2016 09:56:12	DataProcessor		INFO	polling
20-02-2016 09:56:13	CameraInterface		INFO	Read successful
20-02-2016 09:56:13	Controller		INFO	sending to transmitter
20-02-2016 09:56:13	Transmitter		INFO	pushing into buff
20-02-2016 09:56:13	DataProcessor		INFO	polling
20-02-2016 09:56:13	CameraInterface		INFO	Read successful
20-02-2016 09:56:13	Controller		INFO	sending to transmitter
20-02-2016 09:56:13	Transmitter		INFO	pushing into buff
20-02-2016 09:56:13	DataProcessor		INFO	polling
20-02-2016 09:56:13	CameraInterface		INFO	Read successful
20-02-2016 09:56:13	Controller		INFO	sending to transmitter
20-02-2016 09:56:13	Transmitter		INFO	pushing into buff
20-02-2016 09:56:13	DataProcessor		INFO	polling
20-02-2016 09:56:13	CameraInterface		INFO	Read successful
20-02-2016 09:56:13	Controller		INFO	sending to transmitter
20-02-2016 09:56:13	Transmitter		INFO	pushing into buff
20-02-2016 09:56:13	DataProcessor		INFO	polling
20-02-2016 09:56:14	CameraInterface		INFO	Read successful
20-02-2016 09:56:14	Controller		INFO	sending to transmitter
20-02-2016 09:56:14	Transmitter		INFO	pushing into buff
20-02-2016 09:56:14	DataProcessor		INFO	polling
20-02-2016 09:56:14	CameraInterface		INFO	Read successful
20-02-2016 09:56:14	Controller		INFO	sending to transmitter
20-02-2016 09:56:14	Transmitter		INFO	pushing into buff
20-02-2016 09:56:14	DataProcessor		INFO	polling
20-02-2016 09:56:14	CameraInterface		INFO	Read successful
20-02-2016 09:56:14	Controller		INFO	sending to transmitter
20-02-2016 09:56:14	Transmitter		INFO	pushing into buff
20-02-2016 09:56:14	DataProcessor		INFO	polling
20-02-2016 09:56:16	CameraInterface		INFO	Read successful
20-02-2016 09:56:16	Controller		INFO	sending to transmitter
20-02-2016 09:56:16	Transmitter		INFO	pushing into buff
20-02-2016 09:56:16	DataProcessor		INFO	polling
20-02-2016 09:56:16	CameraInterface		INFO	Read successful
20-02-2016 09:56:16	Controller		INFO	sending to transmitter
20-02-2016 09:56:16	Transmitter		INFO	pushing into buff
20-02-2016 09:56:16	DataProcessor		INFO	polling
20-02-2016 09:56:17	CameraInterface		INFO	Read successful
20-02-2016 09:56:17	Controller		INFO	sending to transmitter
20-02-2016 09:56:17	Transmitter		INFO	pushing into buff
20-02-2016 09:56:17	DataProcessor		INFO	polling
20-02-2016 09:56:17	CameraInterface		INFO	Read successful
20-02-2016 09:56:17	Controller		INFO	sending to transmitter
20-02-2016 09:56:17	Transmitter		INFO	pushing into buff
20-02-2016 09:56:17	DataProcessor		INFO	polling
20-02-2016 09:56:20	CameraInterface		INFO	Read successful
20-02-2016 09:56:25	Controller		INFO	sending to transmitter
20-02-2016 09:56:25	Transmitter		INFO	pushing into buff
20-02-2016 09:56:25	DataProcessor		INFO	polling
20-02-2016 09:56:25	Transmitter		INFO	sending string: ‰PNG


20-02-2016 09:56:25	Transmitter		INFO	running
20-02-2016 09:56:25	Transmitter		INFO	getting from buffer
20-02-2016 09:56:25	CameraInterface		INFO	Read successful
20-02-2016 09:56:26	Controller		INFO	sending to transmitter
20-02-2016 09:56:26	Transmitter		INFO	pushing into buff
20-02-2016 09:56:26	DataProcessor		INFO	polling
20-02-2016 09:56:29	CameraInterface		INFO	Read successful
20-02-2016 09:56:34	Controller		INFO	sending to transmitter
20-02-2016 09:56:34	Transmitter		INFO	pushing into buff
20-02-2016 09:56:34	DataProcessor		INFO	polling
20-02-2016 09:56:35	CameraInterface		INFO	Read successful
20-02-2016 09:56:36	Controller		INFO	sending to transmitter
20-02-2016 09:56:36	Transmitter		INFO	pushing into buff
20-02-2016 09:56:36	DataProcessor		INFO	polling
20-02-2016 09:56:37	CameraInterface		INFO	Read successful
20-02-2016 09:56:37	Controller		INFO	sending to transmitter
20-02-2016 09:56:37	Transmitter		INFO	pushing into buff
20-02-2016 09:56:37	DataProcessor		INFO	polling
20-02-2016 09:56:39	CameraInterface		INFO	Read successful
20-02-2016 09:56:41	Controller		INFO	sending to transmitter
20-02-2016 09:56:41	Transmitter		INFO	pushing into buff
20-02-2016 09:56:41	DataProcessor		INFO	polling
20-02-2016 09:56:42	CameraInterface		INFO	Read successful
20-02-2016 09:56:42	Controller		INFO	sending to transmitter
20-02-2016 09:56:43	Transmitter		INFO	pushing into buff
20-02-2016 09:56:43	DataProcessor		INFO	polling
