21-02-2016 09:10:13	Main		TRACE	Logger initialized.
21-02-2016 09:10:13	PropertyReader		TRACE	Opening file: settings/settings.txt
21-02-2016 09:10:13	PropertyReader		INFO	File opened: settings/settings.txt
21-02-2016 09:10:13	PropertyReader		INFO	Loading properties file...
21-02-2016 09:10:13	PropertyReader		INFO	Mapped TRACE to LOGGING_LEVEL
21-02-2016 09:10:13	PropertyReader		INFO	Mapped 100 to CAM_BUFFER_SIZE
21-02-2016 09:10:13	PropertyReader		INFO	Mapped 15 to CAM_POLL_FREQUENCY
21-02-2016 09:10:13	PropertyReader		INFO	Mapped 0 to CAM_INDEX
21-02-2016 09:10:13	PropertyReader		DEBUG	Loaded 4 properties successfully
21-02-2016 09:10:13	Controller		INFO	Constructor controller
21-02-2016 09:10:13	Transmitter		INFO	socket retrieve success
21-02-2016 09:10:13	Transmitter		INFO	binding done
21-02-2016 09:10:13	Transmitter		INFO	done listening
21-02-2016 09:12:05	Transmitter		INFO	accepting
21-02-2016 09:12:05	Main		TRACE	intializing controller
21-02-2016 09:12:05	Controller		INFO	Initializing Controller
21-02-2016 09:12:05	Main		TRACE	initializing dataprocessor
21-02-2016 09:12:05	CameraInterface		INFO	Initializing camera
21-02-2016 09:12:05	CameraInterface		INFO	Opening video capture stream at position 0
21-02-2016 09:12:05	Receiver		INFO	Starting Receiver Thread execution loop
21-02-2016 09:12:05	Transmitter		INFO	Starting Receiver Thread execution loop
21-02-2016 09:12:05	ControllerThread		INFO	Starting Controller Thread execution loop
21-02-2016 09:12:05	Transmitter		INFO	running
21-02-2016 09:12:05	Transmitter		INFO	running
21-02-2016 09:12:05	Transmitter		INFO	running
21-02-2016 09:12:05	Transmitter		INFO	running
21-02-2016 09:12:05	Transmitter		INFO	running
21-02-2016 09:12:05	Transmitter		INFO	running
21-02-2016 09:12:05	Transmitter		INFO	running
21-02-2016 09:12:05	Transmitter		INFO	running
21-02-2016 09:12:05	Transmitter		INFO	running
21-02-2016 09:12:05	Transmitter		INFO	running
21-02-2016 09:12:05	Transmitter		INFO	running
21-02-2016 09:12:05	Transmitter		INFO	running
21-02-2016 09:12:05	Transmitter		INFO	running
21-02-2016 09:12:05	Transmitter		INFO	running
21-02-2016 09:12:05	Transmitter		INFO	running
21-02-2016 09:12:05	Transmitter		INFO	running
21-02-2016 09:12:05	Transmitter		INFO	running
21-02-2016 09:12:05	Transmitter		INFO	running
21-02-2016 09:12:05	Transmitter		INFO	running
21-02-2016 09:12:05	Transmitter		INFO	running
21-02-2016 09:12:05	Transmitter		INFO	running
21-02-2016 09:12:05	Transmitter		INFO	running
21-02-2016 09:12:05	Transmitter		INFO	running
21-02-2016 09:12:05	Transmitter		INFO	running
21-02-2016 09:12:05	Transmitter		INFO	running
21-02-2016 09:12:05	Transmitter		INFO	running
21-02-2016 09:12:05	Transmitter		INFO	running
21-02-2016 09:12:05	Transmitter		INFO	running
21-02-2016 09:12:05	Transmitter		INFO	running
21-02-2016 09:12:05	Transmitter		INFO	running
21-02-2016 09:12:05	Transmitter		INFO	running
21-02-2016 09:12:05	Transmitter		INFO	running
21-02-2016 09:12:05	Transmitter		INFO	running
21-02-2016 09:12:05	Main		TRACE	running controller
21-02-2016 09:12:05	DataProcessor		INFO	polling
21-02-2016 09:12:05	Transmitter		INFO	running
21-02-2016 09:12:05	Transmitter		INFO	running
21-02-2016 09:12:05	Transmitter		INFO	running
21-02-2016 09:12:05	Transmitter		INFO	running
21-02-2016 09:12:05	Transmitter		INFO	running
21-02-2016 09:12:05	Transmitter		INFO	running
21-02-2016 09:12:05	Transmitter		INFO	running
21-02-2016 09:12:05	Transmitter		INFO	running
21-02-2016 09:12:05	Transmitter		INFO	running
21-02-2016 09:12:05	Transmitter		INFO	running
21-02-2016 09:12:06	Transmitter		INFO	running
21-02-2016 09:12:06	Transmitter		INFO	running
21-02-2016 09:12:06	Transmitter		INFO	running
21-02-2016 09:12:06	Transmitter		INFO	running
21-02-2016 09:12:06	Transmitter		INFO	running
21-02-2016 09:12:06	Transmitter		INFO	running
21-02-2016 09:12:06	Transmitter		INFO	running
21-02-2016 09:12:06	Transmitter		INFO	running
21-02-2016 09:12:06	Transmitter		INFO	running
21-02-2016 09:12:06	Transmitter		INFO	running
21-02-2016 09:12:06	Transmitter		INFO	running
21-02-2016 09:12:06	Transmitter		INFO	running
21-02-2016 09:12:06	Transmitter		INFO	running
21-02-2016 09:12:06	Transmitter		INFO	running
21-02-2016 09:12:06	Transmitter		INFO	running
21-02-2016 09:12:06	Transmitter		INFO	running
21-02-2016 09:12:06	Transmitter		INFO	running
21-02-2016 09:12:06	Transmitter		INFO	running
21-02-2016 09:12:06	Transmitter		INFO	running
21-02-2016 09:12:06	Transmitter		INFO	running
21-02-2016 09:12:06	Transmitter		INFO	running
21-02-2016 09:12:06	Transmitter		INFO	running
21-02-2016 09:12:06	Transmitter		INFO	running
21-02-2016 09:12:06	Transmitter		INFO	running
21-02-2016 09:12:06	Transmitter		INFO	running
21-02-2016 09:12:06	Transmitter		INFO	running
21-02-2016 09:12:06	Transmitter		INFO	running
21-02-2016 09:12:06	Transmitter		INFO	running
21-02-2016 09:12:06	Transmitter		INFO	running
21-02-2016 09:12:06	Transmitter		INFO	running
21-02-2016 09:12:06	Transmitter		INFO	running
21-02-2016 09:12:06	Transmitter		INFO	running
21-02-2016 09:12:06	Transmitter		INFO	running
21-02-2016 09:12:06	Transmitter		INFO	running
21-02-2016 09:12:06	Transmitter		INFO	running
21-02-2016 09:12:06	Transmitter		INFO	running
21-02-2016 09:12:06	Transmitter		INFO	running
21-02-2016 09:12:06	Transmitter		INFO	running
21-02-2016 09:12:06	Transmitter		INFO	running
21-02-2016 09:12:06	Transmitter		INFO	running
21-02-2016 09:12:06	Transmitter		INFO	running
21-02-2016 09:12:06	Transmitter		INFO	running
21-02-2016 09:12:06	Transmitter		INFO	running
21-02-2016 09:12:06	Transmitter		INFO	running
21-02-2016 09:12:06	Transmitter		INFO	running
21-02-2016 09:12:06	Transmitter		INFO	running
21-02-2016 09:12:06	Transmitter		INFO	running
21-02-2016 09:12:06	Transmitter		INFO	running
21-02-2016 09:12:06	Transmitter		INFO	running
21-02-2016 09:12:06	Transmitter		INFO	running
21-02-2016 09:12:06	Transmitter		INFO	running
21-02-2016 09:12:06	Transmitter		INFO	running
21-02-2016 09:12:06	Transmitter		INFO	running
21-02-2016 09:12:06	Transmitter		INFO	running
21-02-2016 09:12:06	Transmitter		INFO	running
21-02-2016 09:12:06	Transmitter		INFO	running
21-02-2016 09:12:06	Transmitter		INFO	running
21-02-2016 09:12:06	Transmitter		INFO	running
21-02-2016 09:12:06	Transmitter		INFO	running
21-02-2016 09:12:06	Transmitter		INFO	running
21-02-2016 09:12:06	Transmitter		INFO	running
21-02-2016 09:12:06	Transmitter		INFO	running
21-02-2016 09:12:06	Transmitter		INFO	running
21-02-2016 09:12:06	Transmitter		INFO	running
21-02-2016 09:12:06	Transmitter		INFO	running
21-02-2016 09:12:06	Transmitter		INFO	running
21-02-2016 09:12:06	Transmitter		INFO	running
21-02-2016 09:12:06	Transmitter		INFO	running
21-02-2016 09:12:06	Transmitter		INFO	running
21-02-2016 09:12:06	Transmitter		INFO	running
21-02-2016 09:12:06	Transmitter		INFO	running
21-02-2016 09:12:06	Transmitter		INFO	running
21-02-2016 09:12:06	Transmitter		INFO	running
21-02-2016 09:12:06	Transmitter		INFO	running
21-02-2016 09:12:06	Transmitter		INFO	running
21-02-2016 09:12:06	Transmitter		INFO	running
21-02-2016 09:12:06	Transmitter		INFO	running
21-02-2016 09:12:06	Transmitter		INFO	running
21-02-2016 09:12:06	Transmitter		INFO	running
21-02-2016 09:12:06	Transmitter		INFO	running
21-02-2016 09:12:06	Transmitter		INFO	running
21-02-2016 09:12:06	Transmitter		INFO	running
21-02-2016 09:12:06	Transmitter		INFO	running
21-02-2016 09:12:06	CameraInterface		INFO	Read successful
21-02-2016 09:12:06	Controller		INFO	sending to transmitter
21-02-2016 09:12:06	Transmitter		INFO	running
21-02-2016 09:12:06	Transmitter		INFO	running
21-02-2016 09:12:06	Transmitter		INFO	running
21-02-2016 09:12:06	Transmitter		INFO	pushing into buff
21-02-2016 09:12:06	DataProcessor		INFO	polling
21-02-2016 09:12:06	DataProcessor		INFO	pollin21-02-2016 09:12:06	Transmitter		INFO	getting from buffer
21-02-2016 09:12:07	CameraInterface		INFO	Read successful
21-02-2016 09:12:07	Controller		INFO	sending to transmitter
21-02-2016 09:12:07	Transmitter		INFO	pushing into buff
21-02-2016 09:12:07	DataProcessor		INFO	polling
21-02-2016 09:12:07	CameraInterface		INFO	Read successful
21-02-2016 09:12:07	Controller		INFO	sending to transmitter
21-02-2016 09:12:07	Transmitter		INFO	pushing into buff
21-02-2016 09:12:07	DataProcessor		INFO	polling
21-02-2016 09:12:07	CameraInterface		INFO	Read successful
21-02-2016 09:12:07	Controller		INFO	sending to transmitter
21-02-2016 09:12:07	Transmitter		INFO	pushing into buff
21-02-2016 09:12:07	DataProcessor		INFO	polling
21-02-2016 09:12:07	CameraInterface		INFO	Read successful
21-02-2016 09:12:07	Controller		INFO	sending to transmitter
21-02-2016 09:12:07	Transmitter		INFO	pushing into buff
21-02-2016 09:12:07	DataProcessor		INFO	polling
21-02-2016 09:12:07	CameraInterface		INFO	Read successful
21-02-2016 09:12:07	Controller		INFO	sending to transmitter
21-02-2016 09:12:07	Transmitter		INFO	pushing into buff
21-02-2016 09:12:07	DataProcessor		INFO	polling
21-02-2016 09:12:08	CameraInterface		INFO	Read successful
21-02-2016 09:12:08	Controller		INFO	sending to transmitter
21-02-2016 09:12:08	Transmitter		INFO	pushing into buff
21-02-2016 09:12:08	DataProcessor		INFO	polling
21-02-2016 09:12:08	CameraInterface		INFO	Read successful
21-02-2016 09:12:08	Controller		INFO	sending to transmitter
21-02-2016 09:12:08	Transmitter		INFO	pushing into buff
21-02-2016 09:12:08	DataProcessor		INFO	polling
21-02-2016 09:12:08	CameraInterface		INFO	Read successful
21-02-2016 09:12:08	Controller		INFO	sending to transmitter
21-02-2016 09:12:08	Transmitter		INFO	pushing into buff
21-02-2016 09:12:08	DataProcessor		INFO	polling
21-02-2016 09:12:08	CameraInterface		INFO	Read successful
21-02-2016 09:12:08	Controller		INFO	sending to transmitter
21-02-2016 09:12:08	Transmitter		INFO	pushing into buff
21-02-2016 09:12:08	DataProcessor		INFO	polling
21-02-2016 09:12:09	CameraInterface		INFO	Read successful
21-02-2016 09:12:09	Controller		INFO	sending to transmitter
21-02-2016 09:12:09	Transmitter		INFO	pushing into buff
21-02-2016 09:12:09	DataProcessor		INFO	polling
21-02-2016 09:12:09	CameraInterface		INFO	Read successful
21-02-2016 09:12:09	Controller		INFO	sending to transmitter
21-02-2016 09:12:09	Transmitter		INFO	pushing into buff
21-02-2016 09:12:09	DataProcessor		INFO	polling
21-02-2016 09:12:09	CameraInterface		INFO	Read successful
21-02-2016 09:12:09	Controller		INFO	sending to transmitter
21-02-2016 09:12:09	Transmitter		INFO	pushing into buff
21-02-2016 09:12:09	DataProcessor		INFO	polling
21-02-2016 09:12:09	CameraInterface		INFO	Read successful
21-02-2016 09:12:09	Controller		INFO	sending to transmitter
21-02-2016 09:12:09	Transmitter		INFO	pushing into buff
21-02-2016 09:12:09	DataProcessor		INFO	polling
21-02-2016 09:12:10	CameraInterface		INFO	Read successful
21-02-2016 09:12:10	Controller		INFO	sending to transmitter
21-02-2016 09:12:10	Transmitter		INFO	pushing into buff
21-02-2016 09:12:10	DataProcessor		INFO	polling
21-02-2016 09:12:10	CameraInterface		INFO	Read successful
21-02-2016 09:12:10	Controller		INFO	sending to transmitter
21-02-2016 09:12:10	Transmitter		INFO	pushing into buff
21-02-2016 09:12:10	DataProcessor		INFO	polling
21-02-2016 09:12:10	CameraInterface		INFO	Read successful
21-02-2016 09:12:10	Controller		INFO	sending to transmitter
21-02-2016 09:12:10	Transmitter		INFO	pushing into buff
21-02-2016 09:12:10	DataProcessor		INFO	polling
21-02-2016 09:12:10	CameraInterface		INFO	Read successful
21-02-2016 09:12:10	Controller		INFO	sending to transmitter
21-02-2016 09:12:10	Transmitter		INFO	pushing into buff
21-02-2016 09:12:11	DataProcessor		INFO	polling
21-02-2016 09:12:11	CameraInterface		INFO	Read successful
21-02-2016 09:12:11	Controller		INFO	sending to transmitter
21-02-2016 09:12:11	Transmitter		INFO	pushing into buff
21-02-2016 09:12:11	DataProcessor		INFO	polling
21-02-2016 09:12:11	CameraInterface		INFO	Read successful
21-02-2016 09:12:11	Controller		INFO	sending to transmitter
21-02-2016 09:12:11	Transmitter		INFO	pushing into buff
21-02-2016 09:12:11	DataProcessor		INFO	polling
21-02-2016 09:12:11	CameraInterface		INFO	Read successful
21-02-2016 09:12:11	Controller		INFO	sending to transmitter
21-02-2016 09:12:11	Transmitter		INFO	pushing into buff
21-02-2016 09:12:11	DataProcessor		INFO	polling
21-02-2016 09:12:11	CameraInterface		INFO	Read successful
21-02-2016 09:12:11	Controller		INFO	sending to transmitter
21-02-2016 09:12:11	Transmitter		INFO	pushing into buff
21-02-2016 09:12:11	DataProcessor		INFO	polling
21-02-2016 09:12:12	CameraInterface		INFO	Read successful
21-02-2016 09:12:12	Controller		INFO	sending to transmitter
21-02-2016 09:12:12	Transmitter		INFO	pushing into buff
21-02-2016 09:12:12	DataProcessor		INFO	polling
21-02-2016 09:12:12	CameraInterface		INFO	Read successful
21-02-2016 09:12:12	Controller		INFO	sending to transmitter
21-02-2016 09:12:12	Transmitter		INFO	pushing into buff
21-02-2016 09:12:12	DataProcessor		INFO	polling
21-02-2016 09:12:12	CameraInterface		INFO	Read successful
21-02-2016 09:12:12	Controller		INFO	sending to transmitter
21-02-2016 09:12:12	Transmitter		INFO	pushing into buff
21-02-2016 09:12:12	DataProcessor		INFO	polling
21-02-2016 09:12:12	CameraInterface		INFO	Read successful
21-02-2016 09:12:12	Controller		INFO	sending to transmitter
21-02-2016 09:12:12	Transmitter		INFO	pushing into buff
21-02-2016 09:12:12	DataProcessor		INFO	polling
21-02-2016 09:12:13	CameraInterface		INFO	Read successful
21-02-2016 09:12:13	Controller		INFO	sending to transmitter
21-02-2016 09:12:13	Transmitter		INFO	pushing into buff
21-02-2016 09:12:13	DataProcessor		INFO	polling
21-02-2016 09:12:13	CameraInterface		INFO	Read successful
21-02-2016 09:12:13	Controller		INFO	sending to transmitter
21-02-2016 09:12:13	Transmitter		INFO	pushing into buff
21-02-2016 09:12:13	DataProcessor		INFO	polling
21-02-2016 09:12:13	CameraInterface		INFO	Read successful
21-02-2016 09:12:13	Controller		INFO	sending to transmitter
21-02-2016 09:12:13	Transmitter		INFO	pushing into buff
21-02-2016 09:12:13	DataProcessor		INFO	polling
21-02-2016 09:12:13	Transmitter		INFO	sending string: 784661
21-02-2016 09:12:14	CameraInterface		INFO	Read successful
21-02-2016 09:12:14	Controller		INFO	sending to transmitter
21-02-2016 09:12:14	Transmitter		INFO	pushing into buff
21-02-2016 09:12:14	DataProcessor		INFO	polling
21-02-2016 09:12:14	CameraInterface		INFO	Read successful
21-02-2016 09:12:14	Transmitter		INFO	running
21-02-2016 09:12:14	Transmitter		INFO	getting from buffer
21-02-2016 09:12:14	Controller		INFO	sending to transmitter
21-02-2016 09:12:14	Transmitter		INFO	pushing into buff
21-02-2016 09:12:14	DataProcessor		INFO	polling
21-02-2016 09:12:14	CameraInterface		INFO	Read successful
21-02-2016 09:12:14	Controller		INFO	sending to transmitter
21-02-2016 09:12:14	Transmitter		INFO	pushing into buff
21-02-2016 09:12:14	DataProcessor		INFO	polling
21-02-2016 09:12:15	CameraInterface		INFO	Read successful
21-02-2016 09:12:15	Controller		INFO	sending to transmitter
21-02-2016 09:12:15	Transmitter		INFO	pushing into buff
21-02-2016 09:12:15	DataProcessor		INFO	polling
21-02-2016 09:12:15	CameraInterface		INFO	Read successful
21-02-2016 09:12:15	Controller		INFO	sending to transmitter
21-02-2016 09:12:15	Transmitter		INFO	pushing into buff
21-02-2016 09:12:15	DataProcessor		INFO	polling
21-02-2016 09:12:15	CameraInterface		INFO	Read successful
21-02-2016 09:12:15	Controller		INFO	sending to transmitter
21-02-2016 09:12:15	Transmitter		INFO	pushing into buff
21-02-2016 09:12:15	DataProcessor		INFO	polling
21-02-2016 09:12:15	CameraInterface		INFO	Read successful
21-02-2016 09:12:15	Controller		INFO	sending to transmitter
21-02-2016 09:12:15	Transmitter		INFO	pushing into buff
21-02-2016 09:12:15	DataProcessor		INFO	polling
21-02-2016 09:12:16	CameraInterface		INFO	Read successful
21-02-2016 09:12:16	Controller		INFO	sending to transmitter
21-02-2016 09:12:16	Transmitter		INFO	pushing into buff
21-02-2016 09:12:16	DataProcessor		INFO	polling
21-02-2016 09:12:16	CameraInterface		INFO	Read successful
21-02-2016 09:12:16	Controller		INFO	sending to transmitter
21-02-2016 09:12:16	Transmitter		INFO	pushing into buff
21-02-2016 09:12:16	DataProcessor		INFO	polling
21-02-2016 09:12:16	CameraInterface		INFO	Read successful
21-02-2016 09:12:16	Controller		INFO	sending to transmitter
21-02-2016 09:12:16	Transmitter		INFO	pushing into buff
21-02-2016 09:12:16	DataProcessor		INFO	polling
21-02-2016 09:12:16	CameraInterface		INFO	Read successful
21-02-2016 09:12:16	Controller		INFO	sending to transmitter
21-02-2016 09:12:16	Transmitter		INFO	pushing into buff
21-02-2016 09:12:16	DataProcessor		INFO	polling
21-02-2016 09:12:17	CameraInterface		INFO	Read successful
21-02-2016 09:12:17	Controller		INFO	sending to transmitter
21-02-2016 09:12:17	Transmitter		INFO	pushing into buff
21-02-2016 09:12:17	DataProcessor		INFO	polling
21-02-2016 09:12:17	CameraInterface		INFO	Read successful
21-02-2016 09:12:17	Controller		INFO	sending to transmitter
21-02-2016 09:12:17	Transmitter		INFO	pushing into buff
21-02-2016 09:12:17	DataProcessor		INFO	polling
21-02-2016 09:12:17	CameraInterface		INFO	Read successful
21-02-2016 09:12:17	Controller		INFO	sending to transmitter
21-02-2016 09:12:17	Transmitter		INFO	pushing into buff
21-02-2016 09:12:17	DataProcessor		INFO	polling
21-02-2016 09:12:17	CameraInterface		INFO	Read successful
21-02-2016 09:12:17	Controller		INFO	sending to transmitter
21-02-2016 09:12:17	Transmitter		INFO	pushing into buff
21-02-2016 09:12:17	DataProcessor		INFO	polling
21-02-2016 09:12:18	CameraInterface		INFO	Read successful
21-02-2016 09:12:18	Controller		INFO	sending to transmitter
21-02-2016 09:12:18	Transmitter		INFO	pushing into buff
21-02-2016 09:12:18	DataProcessor		INFO	polling
21-02-2016 09:12:18	CameraInterface		INFO	Read successful
21-02-2016 09:12:18	Controller		INFO	sending to transmitter
21-02-2016 09:12:18	Transmitter		INFO	pushing into buff
21-02-2016 09:12:18	DataProcessor		INFO	polling
21-02-2016 09:12:18	CameraInterface		INFO	Read successful
21-02-2016 09:12:18	Controller		INFO	sending to transmitter
21-02-2016 09:12:18	Transmitter		INFO	pushing into buff
21-02-2016 09:12:18	DataProcessor		INFO	polling
21-02-2016 09:12:18	CameraInterface		INFO	Read successful
21-02-2016 09:12:18	Controller		INFO	sending to transmitter
21-02-2016 09:12:18	Transmitter		INFO	pushing into buff
21-02-2016 09:12:18	DataProcessor		INFO	polling
21-02-2016 09:12:18	CameraInterface		INFO	Read successful
21-02-2016 09:12:18	Controller		INFO	sending to transmitter
21-02-2016 09:12:18	Transmitter		INFO	pushing into buff
21-02-2016 09:12:18	DataProcessor		INFO	polling
21-02-2016 09:12:19	CameraInterface		INFO	Read successful
21-02-2016 09:12:19	Controller		INFO	sending to transmitter
21-02-2016 09:12:19	Transmitter		INFO	pushing into buff
21-02-2016 09:12:19	DataProcessor		INFO	polling
21-02-2016 09:12:19	CameraInterface		INFO	Read successful
21-02-2016 09:12:19	Controller		INFO	sending to transmitter
21-02-2016 09:12:19	Transmitter		INFO	pushing into buff
21-02-2016 09:12:19	DataProcessor		INFO	polling
21-02-2016 09:12:19	CameraInterface		INFO	Read successful
21-02-2016 09:12:19	Controller		INFO	sending to transmitter
21-02-2016 09:12:19	Transmitter		INFO	pushing into buff
21-02-2016 09:12:19	DataProcessor		INFO	polling
21-02-2016 09:12:19	CameraInterface		INFO	Read successful
21-02-2016 09:12:19	Controller		INFO	sending to transmitter
21-02-2016 09:12:19	Transmitter		INFO	pushing into buff
21-02-2016 09:12:19	DataProcessor		INFO	polling
21-02-2016 09:12:20	CameraInterface		INFO	Read successful
21-02-2016 09:12:20	Controller		INFO	sending to transmitter
21-02-2016 09:12:20	Transmitter		INFO	pushing into buff
21-02-2016 09:12:20	DataProcessor		INFO	polling
21-02-2016 09:12:20	CameraInterface		INFO	Read successful
21-02-2016 09:12:20	Controller		INFO	sending to transmitter
21-02-2016 09:12:20	Transmitter		INFO	pushing into buff
21-02-2016 09:12:20	DataProcessor		INFO	polling
21-02-2016 09:12:20	CameraInterface		INFO	Read successful
21-02-2016 09:12:20	Controller		INFO	sending to transmitter
21-02-2016 09:12:20	Transmitter		INFO	pushing into buff
21-02-2016 09:12:20	DataProcessor		INFO	polling
21-02-2016 09:12:20	CameraInterface		INFO	Read successful
21-02-2016 09:12:20	Controller		INFO	sending to transmitter
21-02-2016 09:12:20	Transmitter		INFO	pushing into buff
21-02-2016 09:12:20	DataProcessor		INFO	polling
21-02-2016 09:12:21	CameraInterface		INFO	Read successful
21-02-2016 09:12:21	Controller		INFO	sending to transmitter
21-02-2016 09:12:21	Transmitter		INFO	pushing into buff
21-02-2016 09:12:21	DataProcessor		INFO	polling
21-02-2016 09:12:21	CameraInterface		INFO	Read successful
21-02-2016 09:12:21	Controller		INFO	sending to transmitter
21-02-2016 09:12:21	Transmitter		INFO	pushing into buff
21-02-2016 09:12:21	DataProcessor		INFO	polling
21-02-2016 09:12:21	CameraInterface		INFO	Read successful
21-02-2016 09:12:21	Controller		INFO	sending to transmitter
21-02-2016 09:12:21	Transmitter		INFO	pushing into buff
21-02-2016 09:12:21	DataProcessor		INFO	polling
21-02-2016 09:12:21	CameraInterface		INFO	Read successful
21-02-2016 09:12:21	Controller		INFO	sending to transmitter
21-02-2016 09:12:22	Transmitter		INFO	pushing into buff
21-02-2016 09:12:22	DataProcessor		INFO	polling
21-02-2016 09:12:22	CameraInterface		INFO	Read successful
21-02-2016 09:12:22	Controller		INFO	sending to transmitter
21-02-2016 09:12:22	Transmitter		INFO	pushing into buff
21-02-2016 09:12:22	DataProcessor		INFO	polling
21-02-2016 09:12:22	CameraInterface		INFO	Read successful
21-02-2016 09:12:22	Controller		INFO	sending to transmitter
21-02-2016 09:12:22	Transmitter		INFO	pushing into buff
21-02-2016 09:12:22	DataProcessor		INFO	polling
21-02-2016 09:12:22	CameraInterface		INFO	Read successful
21-02-2016 09:12:22	Controller		INFO	sending to transmitter
21-02-2016 09:12:22	Transmitter		INFO	pushing into buff
21-02-2016 09:12:22	DataProcessor		INFO	polling
21-02-2016 09:12:22	CameraInterface		INFO	Read successful
21-02-2016 09:12:22	Controller		INFO	sending to transmitter
21-02-2016 09:12:22	Transmitter		INFO	pushing into buff
21-02-2016 09:12:22	DataProcessor		INFO	polling
21-02-2016 09:12:23	Transmitter		INFO	sending string: 1312214
21-02-2016 09:12:23	CameraInterface		INFO	Read successful
21-02-2016 09:12:23	Controller		INFO	sending to transmitter
21-02-2016 09:12:23	Transmitter		INFO	pushing into buff
21-02-2016 09:12:23	DataProcessor		INFO	polling
21-02-2016 09:12:23	CameraInterface		INFO	Read successful
21-02-2016 09:12:23	Controller		INFO	sending to transmitter
21-02-2016 09:12:23	Transmitter		INFO	pushing into buff
21-02-2016 09:12:23	DataProcessor		INFO	polling
21-02-2016 09:12:24	CameraInterface		INFO	Read successful
21-02-2016 09:12:24	Controller		INFO	sending to transmitter
21-02-2016 09:12:24	Transmitter		INFO	pushing into buff
21-02-2016 09:12:24	DataProcessor		INFO	polling
21-02-2016 09:12:24	CameraInterface		INFO	Read successful
21-02-2016 09:12:24	Controller		INFO	sending to transmitter
21-02-2016 09:12:24	Transmitter		INFO	pushing into buff
21-02-2016 09:12:24	DataProcessor		INFO	polling
21-02-2016 09:12:24	CameraInterface		INFO	Read successful
21-02-2016 09:12:24	Controller		INFO	sending to transmitter
21-02-2016 09:12:24	Transmitter		INFO	pushing into buff
21-02-2016 09:12:24	DataProcessor		INFO	polling
21-02-2016 09:12:24	CameraInterface		INFO	Read successful
21-02-2016 09:12:24	Controller		INFO	sending to transmitter
21-02-2016 09:12:24	Transmitter		INFO	pushing into buff
21-02-2016 09:12:24	DataProcessor		INFO	polling
21-02-2016 09:12:24	CameraInterface		INFO	Read successful
21-02-2016 09:12:24	Controller		INFO	sending to transmitter
21-02-2016 09:12:24	Transmitter		INFO	pushing into buff
21-02-2016 09:12:24	DataProcessor		INFO	polling
