20-02-2016 09:18:25	Main		TRACE	Logger initialized.
20-02-2016 09:18:25	PropertyReader		TRACE	Opening file: settings/settings.txt
20-02-2016 09:18:25	PropertyReader		INFO	File opened: settings/settings.txt
20-02-2016 09:18:25	PropertyReader		INFO	Loading properties file...
20-02-2016 09:18:25	PropertyReader		INFO	Mapped TRACE to LOGGING_LEVEL
20-02-2016 09:18:25	PropertyReader		INFO	Mapped 100 to CAM_BUFFER_SIZE
20-02-2016 09:18:25	PropertyReader		INFO	Mapped 15 to CAM_POLL_FREQUENCY
20-02-2016 09:18:25	PropertyReader		INFO	Mapped 0 to CAM_INDEX
20-02-2016 09:18:25	PropertyReader		DEBUG	Loaded 4 properties successfully
20-02-2016 09:18:25	Controller		INFO	Constructor controller
20-02-2016 09:18:25	Transmitter		INFO	socket retrieve success
20-02-2016 09:18:25	Transmitter		INFO	binding done
20-02-2016 09:18:25	Transmitter		INFO	done listening
20-02-2016 09:18:32	Transmitter		INFO	accepting
20-02-2016 09:18:32	Main		TRACE	intializing controller
20-02-2016 09:18:32	Controller		INFO	Initializing Controller
20-02-2016 09:18:32	Main		TRACE	initializing dataprocessor
20-02-2016 09:18:32	CameraInterface		INFO	Initializing camera
20-02-2016 09:18:32	CameraInterface		INFO	Opening video capture stream at position 0
20-02-2016 09:18:32	Receiver		INFO	Starting Receiver Thread execution loop
20-02-2016 09:18:32	Transmitter		INFO	Starting Receiver Thread execution loop
20-02-2016 09:18:32	Transmitter		INFO	Starting Receiver Thread execution loop
20-02-2016 09:18:32	ControllerThread		INFO	Starting Controller Thread execution loop
20-02-2016 09:18:32	Transmitter		INFO	running
20-02-2016 09:18:32	Transmitter		INFO	running
20-02-2016 09:18:32	Transmitter		INFO	running
20-02-2016 09:18:32	Transmitter		INFO	running
20-02-2016 09:18:32	Transmitter		INFO	running
20-02-2016 09:18:32	Transmitter		INFO	running
20-02-2016 09:18:32	Transmitter		INFO	running
20-02-2016 09:18:32	Transmitter		INFO	running
20-02-2016 09:18:32	Transmitter		INFO	running
20-02-2016 09:18:32	Transmitter		INFO	running
20-02-2016 09:18:32	Transmitter		INFO	running
20-02-2016 09:18:32	Transmitter		INFO	running
20-02-2016 09:18:32	Transmitter		INFO	running
20-02-2016 09:18:32	Transmitter		INFO	running
20-02-2016 09:18:32	Transmitter		INFO	running
20-02-2016 09:18:32	Transmitter		INFO	running
20-02-2016 09:18:32	Transmitter		INFO	running
20-02-2016 09:18:32	Transmitter		INFO	running
20-02-2016 09:18:32	Transmitter		INFO	running
20-02-2016 09:18:32	Transmitter		INFO	running
20-02-2016 09:18:32	Transmitter		INFO	running
20-02-2016 09:18:32	Transmitter		INFO	running
20-02-2016 09:18:32	Transmitter		INFO	running
20-02-2016 09:18:32	Transmitter		INFO	running
20-02-2016 09:18:32	Transmitter		INFO	running
20-02-2016 09:18:32	Transmitter		INFO	running
20-02-2016 09:18:32	Transmitter		INFO	running
20-02-2016 09:18:32	Transmitter		INFO	running
20-02-2016 09:18:32	Transmitter		INFO	running
20-02-2016 09:18:32	Transmitter		INFO	running
20-02-2016 09:18:32	Transmitter		INFO	running
20-02-2016 09:18:32	Transmitter		INFO	running
20-02-2016 09:18:32	Transmitter		INFO	running
20-02-2016 09:18:32	Main		TRACE	running controller
20-02-2016 09:18:32	DataProcessor		INFO	polling
20-02-2016 09:18:32	Transmitter		INFO	running
20-02-2016 09:18:32	Transmitter		INFO	running
20-02-2016 09:18:32	Transmitter		INFO	running
20-02-2016 09:18:32	Transmitter		INFO	running
20-02-2016 09:18:32	Transmitter		INFO	running
20-02-2016 09:18:32	Transmitter		INFO	running
20-02-2016 09:18:32	Transmitter		INFO	running
20-02-2016 09:18:32	Transmitter		INFO	running
20-02-2016 09:18:32	Transmitter		INFO	running
20-02-2016 09:18:32	Transmitter		INFO	running
20-02-2016 09:18:32	Transmitter		INFO	running
20-02-2016 09:18:32	Transmitter		INFO	running
20-02-2016 09:18:32	Transmitter		INFO	running
20-02-2016 09:18:32	Transmitter		INFO	running
20-02-2016 09:18:32	Transmitter		INFO	running
20-02-2016 09:18:32	Transmitter		INFO	running
20-02-2016 09:18:32	Transmitter		INFO	running
20-02-2016 09:18:32	Transmitter		INFO	running
20-02-2016 09:18:32	Transmitter		INFO	running
20-02-2016 09:18:32	Transmitter		INFO	running
20-02-2016 09:18:32	Transmitter		INFO	running
20-02-2016 09:18:32	Transmitter		INFO	running
20-02-2016 09:18:32	Transmitter		INFO	running
20-02-2016 09:18:32	Transmitter		INFO	running
20-02-2016 09:18:32	Transmitter		INFO	running
20-02-2016 09:18:32	Transmitter		INFO	running
20-02-2016 09:18:32	Transmitter		INFO	running
20-02-2016 09:18:32	Transmitter		INFO	running
20-02-2016 09:18:32	Transmitter		INFO	running
20-02-2016 09:18:32	Transmitter		INFO	running
20-02-2016 09:18:32	Transmitter		INFO	running
20-02-2016 09:18:32	Transmitter		INFO	running
20-02-2016 09:18:32	Transmitter		INFO	running
20-02-2016 09:18:32	Transmitter		INFO	running
20-02-2016 09:18:32	Transmitter		INFO	running
20-02-2016 09:18:32	Transmitter		INFO	running
20-02-2016 09:18:32	Transmitter		INFO	running
20-02-2016 09:18:32	Transmitter		INFO	running
20-02-2016 09:18:32	Transmitter		INFO	running
20-02-2016 09:18:32	Transmitter		INFO	running
20-02-2016 09:18:32	Transmitter		INFO	running
20-02-2016 09:18:32	Transmitter		INFO	running
20-02-2016 09:18:32	Transmitter		INFO	running
20-02-2016 09:18:32	Transmitter		INFO	running
20-02-2016 09:18:32	Transmitter		INFO	running
20-02-2016 09:18:32	Transmitter		INFO	running
20-02-2016 09:18:32	Transmitter		INFO	running
20-02-2016 09:18:32	Transmitter		INFO	running
20-02-2016 09:18:32	Transmitter		INFO	running
20-02-2016 09:18:32	Transmitter		INFO	running
20-02-2016 09:18:32	Transmitter		INFO	running
20-02-2016 09:18:32	Transmitter		INFO	running
20-02-2016 09:18:32	Transmitter		INFO	running
20-02-2016 09:18:32	Transmitter		INFO	running
20-02-2016 09:18:32	Transmitter		INFO	running
20-02-2016 09:18:32	Transmitter		INFO	running
20-02-2016 09:18:32	Transmitter		INFO	running
20-02-2016 09:18:32	Transmitter		INFO	running
20-02-2016 09:18:32	Transmitter		INFO	running
20-02-2016 09:18:33	Transmitter		INFO	running
20-02-2016 09:18:33	Transmitter		INFO	running
20-02-2016 09:18:33	Transmitter		INFO	running
20-02-2016 09:18:33	Transmitter		INFO	running
20-02-2016 09:18:33	Transmitter		INFO	running
20-02-2016 09:18:33	Transmitter		INFO	running
20-02-2016 09:18:33	Transmitter		INFO	running
20-02-2016 09:18:33	Transmitter		INFO	running
20-02-2016 09:18:33	Transmitter		INFO	running
20-02-2016 09:18:33	Transmitter		INFO	running
20-02-2016 09:18:33	Transmitter		INFO	running
20-02-2016 09:18:33	Transmitter		INFO	running
20-02-2016 09:18:33	Transmitter		INFO	running
20-02-2016 09:18:33	Transmitter		INFO	running
20-02-2016 09:18:33	Transmitter		INFO	running
20-02-2016 09:18:33	Transmitter		INFO	running
20-02-2016 09:18:33	Transmitter		INFO	running
20-02-2016 09:18:33	Transmitter		INFO	running
20-02-2016 09:18:33	Transmitter		INFO	running
20-02-2016 09:18:33	Transmitter		INFO	running
20-02-2016 09:18:33	Transmitter		INFO	running
20-02-2016 09:18:33	Transmitter		INFO	running
20-02-2016 09:18:33	Transmitter		INFO	running
20-02-2016 09:18:33	Transmitter		INFO	running
20-02-2016 09:18:33	Transmitter		INFO	running
20-02-2016 09:18:33	Transmitter		INFO	running
20-02-2016 09:18:33	Transmitter		INFO	running
20-02-2016 09:18:33	Transmitter		INFO	running
20-02-2016 09:18:33	Transmitter		INFO	running
20-02-2016 09:18:33	Transmitter		INFO	running
20-02-2016 09:18:33	Transmitter		INFO	running
20-02-2016 09:18:33	Transmitter		INFO	running
20-02-2016 09:18:33	Transmitter		INFO	running
20-02-2016 09:18:33	Transmitter		INFO	running
20-02-2016 09:18:33	Transmitter		INFO	running
20-02-2016 09:18:33	Transmitter		INFO	running
20-02-2016 09:18:33	Transmitter		INFO	running
20-02-2016 09:18:33	Transmitter		INFO	running
20-02-2016 09:18:33	Transmitter		INFO	running
20-02-2016 09:18:33	CameraInterface		INFO	Read successful
20-02-2016 09:18:33	Transmitter		INFO	running
20-02-2016 09:18:33	Controller		INFO	sending to transmitter
20-02-2016 09:18:33	Transmitter		INFO	pushing into buff
20-02-2016 09:18:33	Transmitter		INFO	running
20-02-2016 09:18:33	Transmitter		INFO	getting from buffer
20-02-2016 09:18:33	DataProcessor		INFO	polling
20-02-2016 09:18:33	CameraInterface		INFO	Read successful
20-02-2016 09:18:33	Controller		INFO	sending to transmitter
20-02-2016 09:18:33	Transmitter		INFO	pushing into buff
20-02-2016 09:18:33	DataProcessor		INFO	polling
20-02-2016 09:18:33	CameraInterface		INFO	Read successful
20-02-2016 09:18:33	Controller		INFO	sending to transmitter
20-02-2016 09:18:33	Transmitter		INFO	pushing into buff
20-02-2016 09:18:33	DataProcessor		INFO	polling
20-02-2016 09:18:34	CameraInterface		INFO	Read successful
20-02-2016 09:18:34	Controller		INFO	sending to transmitter
20-02-2016 09:18:34	Transmitter		INFO	pushing into buff
20-02-2016 09:18:34	DataProcessor		INFO	polling
20-02-2016 09:18:34	CameraInterface		INFO	Read successful
20-02-2016 09:18:34	Controller		INFO	sending to transmitter
20-02-2016 09:18:34	Transmitter		INFO	pushing into buff
20-02-2016 09:18:34	DataProcessor		INFO	polling
20-02-2016 09:18:34	CameraInterface		INFO	Read successful
20-02-2016 09:18:34	Controller		INFO	sending to transmitter
20-02-2016 09:18:34	Transmitter		INFO	pushing into buff
20-02-2016 09:18:34	DataProcessor		INFO	polling
20-02-2016 09:18:34	CameraInterface		INFO	Read successful
20-02-2016 09:18:34	Controller		INFO	sending to transmitter
20-02-2016 09:18:34	Transmitter		INFO	pushing into buff
20-02-2016 09:18:34	DataProcessor		INFO	polling
20-02-2016 09:18:34	CameraInterface		INFO	Read successful
20-02-2016 09:18:35	Controller		INFO	sending to transmitter
20-02-2016 09:18:35	Transmitter		INFO	pushing into buff
20-02-2016 09:18:35	DataProcessor		INFO	polling
20-02-2016 09:18:35	CameraInterface		INFO	Read successful
20-02-2016 09:18:35	Controller		INFO	sending to transmitter
20-02-2016 09:18:35	Transmitter		INFO	pushing into buff
20-02-2016 09:18:35	DataProcessor		INFO	polling
20-02-2016 09:18:35	CameraInterface		INFO	Read successful
20-02-2016 09:18:35	Controller		INFO	sending to transmitter
20-02-2016 09:18:35	Transmitter		INFO	pushing into buff
20-02-2016 09:18:35	DataProcessor		INFO	polling
20-02-2016 09:18:35	CameraInterface		INFO	Read successful
20-02-2016 09:18:35	Controller		INFO	sending to transmitter
20-02-2016 09:18:35	Transmitter		INFO	pushing into buff
20-02-2016 09:18:35	DataProcessor		INFO	polling
20-02-2016 09:18:36	CameraInterface		INFO	Read successful
20-02-2016 09:18:36	Controller		INFO	sending to transmitter
20-02-2016 09:18:36	Transmitter		INFO	pushing into buff
20-02-2016 09:18:36	DataProcessor		INFO	polling
20-02-2016 09:18:36	CameraInterface		INFO	Read successful
20-02-2016 09:18:36	Controller		INFO	sending to transmitter
20-02-2016 09:18:36	Transmitter		INFO	pushing into buff
20-02-2016 09:18:36	DataProcessor		INFO	polling
20-02-2016 09:18:36	CameraInterface		INFO	Read successful
20-02-2016 09:18:36	Controller		INFO	sending to transmitter
20-02-2016 09:18:36	Transmitter		INFO	pushing into buff
20-02-2016 09:18:36	DataProcessor		INFO	polling
20-02-2016 09:18:36	CameraInterface		INFO	Read successful
20-02-2016 09:18:36	Controller		INFO	sending to transmitter
20-02-2016 09:18:36	Transmitter		INFO	pushing into buff
20-02-2016 09:18:36	DataProcessor		INFO	polling
20-02-2016 09:18:37	CameraInterface		INFO	Read successful
20-02-2016 09:18:37	Controller		INFO	sending to transmitter
20-02-2016 09:18:37	Transmitter		INFO	pushing into buff
20-02-2016 09:18:37	DataProcessor		INFO	polling
20-02-2016 09:18:37	CameraInterface		INFO	Read successful
20-02-2016 09:18:37	Controller		INFO	sending to transmitter
20-02-2016 09:18:37	Transmitter		INFO	pushing into buff
20-02-2016 09:18:37	DataProcessor		INFO	polling
20-02-2016 09:18:37	CameraInterface		INFO	Read successful
20-02-2016 09:18:37	Controller		INFO	sending to transmitter
20-02-2016 09:18:37	Transmitter		INFO	pushing into buff
20-02-2016 09:18:37	DataProcessor		INFO	polling
20-02-2016 09:18:37	CameraInterface		INFO	Read successful
20-02-2016 09:18:37	Controller		INFO	sending to transmitter
20-02-2016 09:18:37	Transmitter		INFO	pushing into buff
20-02-2016 09:18:37	DataProcessor		INFO	polling
20-02-2016 09:18:37	CameraInterface		INFO	Read successful
20-02-2016 09:18:37	Controller		INFO	sending to transmitter
20-02-2016 09:18:37	Transmitter		INFO	pushing into buff
20-02-2016 09:18:37	DataProcessor		INFO	polling
20-02-2016 09:18:38	CameraInterface		INFO	Read successful
20-02-2016 09:18:38	Controller		INFO	sending to transmitter
20-02-2016 09:18:38	Transmitter		INFO	pushing into buff
20-02-2016 09:18:38	DataProcessor		INFO	polling
20-02-2016 09:18:38	CameraInterface		INFO	Read successful
20-02-2016 09:18:38	Controller		INFO	sending to transmitter
20-02-2016 09:18:38	Transmitter		INFO	pushing into buff
20-02-2016 09:18:38	DataProcessor		INFO	polling
20-02-2016 09:18:38	CameraInterface		INFO	Read successful
20-02-2016 09:18:38	Controller		INFO	sending to transmitter
20-02-2016 09:18:38	Transmitter		INFO	pushing into buff
20-02-2016 09:18:38	DataProcessor		INFO	polling
20-02-2016 09:18:38	CameraInterface		INFO	Read successful
20-02-2016 09:18:38	Controller		INFO	sending to transmitter
20-02-2016 09:18:38	Transmitter		INFO	pushing into buff
20-02-2016 09:18:38	DataProcessor		INFO	polling
20-02-2016 09:18:38	CameraInterface		INFO	Read successful
20-02-2016 09:18:39	Controller		INFO	sending to transmitter
20-02-2016 09:18:39	Transmitter		INFO	pushing into buff
20-02-2016 09:18:39	DataProcessor		INFO	polling
20-02-2016 09:18:39	CameraInterface		INFO	Read successful
20-02-2016 09:18:39	Controller		INFO	sending to transmitter
20-02-2016 09:18:39	Transmitter		INFO	pushing into buff
20-02-2016 09:18:39	DataProcessor		INFO	polling
20-02-2016 09:18:39	CameraInterface		INFO	Read successful
20-02-2016 09:18:39	Controller		INFO	sending to transmitter
20-02-2016 09:18:39	Transmitter		INFO	pushing into buff
20-02-2016 09:18:39	DataProcessor		INFO	polling
20-02-2016 09:18:39	CameraInterface		INFO	Read successful
20-02-2016 09:18:39	Controller		INFO	sending to transmitter
20-02-2016 09:18:39	Transmitter		INFO	pushing into buff
20-02-2016 09:18:39	DataProcessor		INFO	polling
20-02-2016 09:18:39	CameraInterface		INFO	Read successful
20-02-2016 09:18:39	Controller		INFO	sending to transmitter
20-02-2016 09:18:39	Transmitter		INFO	pushing into buff
20-02-2016 09:18:39	DataProcessor		INFO	polling
20-02-2016 09:18:40	CameraInterface		INFO	Read successful
20-02-2016 09:18:40	Controller		INFO	sending to transmitter
20-02-2016 09:18:40	Transmitter		INFO	pushing into buff
20-02-2016 09:18:40	DataProcessor		INFO	polling
20-02-2016 09:18:40	CameraInterface		INFO	Read successful
20-02-2016 09:18:40	Controller		INFO	sending to transmitter
20-02-2016 09:18:40	Transmitter		INFO	pushing into buff
20-02-2016 09:18:40	DataProcessor		INFO	polling
20-02-2016 09:18:40	CameraInterface		INFO	Read successful
20-02-2016 09:18:40	Controller		INFO	sending to transmitter
20-02-2016 09:18:40	Transmitter		INFO	pushing into buff
20-02-2016 09:18:40	DataProcessor		INFO	polling
20-02-2016 09:18:40	CameraInterface		INFO	Read successful
20-02-2016 09:18:40	Controller		INFO	sending to transmitter
20-02-2016 09:18:40	Transmitter		INFO	pushing into buff
20-02-2016 09:18:40	DataProcessor		INFO	polling
20-02-2016 09:18:41	CameraInterface		INFO	Read successful
20-02-2016 09:18:41	Controller		INFO	sending to transmitter
20-02-2016 09:18:41	Transmitter		INFO	pushing into buff
20-02-2016 09:18:41	DataProcessor		INFO	polling
20-02-2016 09:18:41	CameraInterface		INFO	Read successful
20-02-2016 09:18:41	Controller		INFO	sending to transmitter
20-02-2016 09:18:41	Transmitter		INFO	pushing into buff
20-02-2016 09:18:41	DataProcessor		INFO	polling
20-02-2016 09:18:41	CameraInterface		INFO	Read successful
20-02-2016 09:18:41	Controller		INFO	sending to transmitter
20-02-2016 09:18:41	Transmitter		INFO	pushing into buff
20-02-2016 09:18:41	DataProcessor		INFO	polling
20-02-2016 09:18:41	CameraInterface		INFO	Read successful
20-02-2016 09:18:41	Controller		INFO	sending to transmitter
20-02-2016 09:18:41	Transmitter		INFO	pushing into buff
20-02-2016 09:18:41	DataProcessor		INFO	polling
20-02-2016 09:18:41	CameraInterface		INFO	Read successful
20-02-2016 09:18:41	Controller		INFO	sending to transmitter
20-02-2016 09:18:41	Transmitter		INFO	pushing into buff
20-02-2016 09:18:42	DataProcessor		INFO	polling
20-02-2016 09:18:42	CameraInterface		INFO	Read successful
20-02-2016 09:18:42	Controller		INFO	sending to transmitter
20-02-2016 09:18:42	Transmitter		INFO	pushing into buff
20-02-2016 09:18:42	DataProcessor		INFO	polling
20-02-2016 09:18:42	CameraInterface		INFO	Read successful
20-02-2016 09:18:42	Controller		INFO	sending to transmitter
20-02-2016 09:18:42	Transmitter		INFO	pushing into buff
20-02-2016 09:18:42	DataProcessor		INFO	polling
20-02-2016 09:18:42	CameraInterface		INFO	Read successful
20-02-2016 09:18:42	Controller		INFO	sending to transmitter
20-02-2016 09:18:42	Transmitter		INFO	pushing into buff
20-02-2016 09:18:42	DataProcessor		INFO	polling
20-02-2016 09:18:42	CameraInterface		INFO	Read successful
20-02-2016 09:18:42	Controller		INFO	sending to transmitter
20-02-2016 09:18:42	Transmitter		INFO	pushing into buff
20-02-2016 09:18:42	DataProcessor		INFO	polling
20-02-2016 09:18:43	CameraInterface		INFO	Read successful
20-02-2016 09:18:43	Controller		INFO	sending to transmitter
20-02-2016 09:18:43	Transmitter		INFO	pushing into buff
20-02-2016 09:18:43	DataProcessor		INFO	polling
20-02-2016 09:18:43	CameraInterface		INFO	Read successful
20-02-2016 09:18:43	Controller		INFO	sending to transmitter
20-02-2016 09:18:43	Transmitter		INFO	pushing into buff
20-02-2016 09:18:43	DataProcessor		INFO	polling
20-02-2016 09:18:43	CameraInterface		INFO	Read successful
20-02-2016 09:18:43	Controller		INFO	sending to transmitter
20-02-2016 09:18:43	Transmitter		INFO	pushing into buff
20-02-2016 09:18:43	DataProcessor		INFO	polling
20-02-2016 09:18:43	CameraInterface		INFO	Read successful
20-02-2016 09:18:43	Controller		INFO	sending to transmitter
20-02-2016 09:18:43	Transmitter		INFO	pushing into buff
20-02-2016 09:18:43	DataProcessor		INFO	polling
20-02-2016 09:18:43	CameraInterface		INFO	Read successful
20-02-2016 09:18:43	Controller		INFO	sending to transmitter
20-02-2016 09:18:43	Transmitter		INFO	pushing into buff
20-02-2016 09:18:43	DataProcessor		INFO	polling
20-02-2016 09:18:44	CameraInterface		INFO	Read successful
20-02-2016 09:18:44	Controller		INFO	sending to transmitter
20-02-2016 09:18:44	Transmitter		INFO	pushing into buff
20-02-2016 09:18:44	DataProcessor		INFO	polling
20-02-2016 09:18:44	CameraInterface		INFO	Read successful
20-02-2016 09:18:44	Controller		INFO	sending to transmitter
20-02-2016 09:18:44	Transmitter		INFO	pushing into buff
20-02-2016 09:18:44	DataProcessor		INFO	polling
20-02-2016 09:18:44	CameraInterface		INFO	Read successful
20-02-2016 09:18:44	Controller		INFO	sending to transmitter
20-02-2016 09:18:44	Transmitter		INFO	pushing into buff
20-02-2016 09:18:44	DataProcessor		INFO	polling
20-02-2016 09:18:44	CameraInterface		INFO	Read successful
20-02-2016 09:18:44	Controller		INFO	sending to transmitter
20-02-2016 09:18:44	Transmitter		INFO	pushing into buff
20-02-2016 09:18:44	DataProcessor		INFO	polling
20-02-2016 09:18:45	CameraInterface		INFO	Read successful
20-02-2016 09:18:45	Controller		INFO	sending to transmitter
20-02-2016 09:18:45	Transmitter		INFO	pushing into buff
20-02-2016 09:18:45	DataProcessor		INFO	polling
20-02-2016 09:18:45	CameraInterface		INFO	Read successful
20-02-2016 09:18:45	Controller		INFO	sending to transmitter
20-02-2016 09:18:45	Transmitter		INFO	pushing into buff
20-02-2016 09:18:45	DataProcessor		INFO	polling
20-02-2016 09:18:45	CameraInterface		INFO	Read successful
20-02-2016 09:18:45	Controller		INFO	sending to transmitter
20-02-2016 09:18:45	Transmitter		INFO	pushing into buff
20-02-2016 09:18:45	DataProcessor		INFO	polling
20-02-2016 09:18:45	CameraInterface		INFO	Read successful
20-02-2016 09:18:45	Controller		INFO	sending to transmitter
20-02-2016 09:18:45	Transmitter		INFO	pushing into buff
20-02-2016 09:18:45	DataProcessor		INFO	polling
20-02-2016 09:18:45	CameraInterface		INFO	Read successful
20-02-2016 09:18:45	Controller		INFO	sending to transmitter
20-02-2016 09:18:45	Transmitter		INFO	pushing into buff
20-02-2016 09:18:45	DataProcessor		INFO	polling
20-02-2016 09:18:46	CameraInterface		INFO	Read successful
20-02-2016 09:18:46	Controller		INFO	sending to transmitter
20-02-2016 09:18:46	Transmitter		INFO	pushing into buff
20-02-2016 09:18:46	DataProcessor		INFO	polling
20-02-2016 09:18:46	CameraInterface		INFO	Read successful
20-02-2016 09:18:46	Controller		INFO	sending to transmitter
20-02-2016 09:18:46	Transmitter		INFO	pushing into buff
20-02-2016 09:18:46	DataProcessor		INFO	polling
20-02-2016 09:18:46	CameraInterface		INFO	Read successful
20-02-2016 09:18:46	Controller		INFO	sending to transmitter
20-02-2016 09:18:46	Transmitter		INFO	pushing into buff
20-02-2016 09:18:46	DataProcessor		INFO	polling
20-02-2016 09:18:46	CameraInterface		INFO	Read successful
20-02-2016 09:18:46	Controller		INFO	sending to transmitter
20-02-2016 09:18:46	Transmitter		INFO	pushing into buff
20-02-2016 09:18:46	DataProcessor		INFO	polling
20-02-2016 09:18:47	CameraInterface		INFO	Read successful
20-02-2016 09:18:47	Controller		INFO	sending to transmitter
20-02-2016 09:18:47	Transmitter		INFO	pushing into buff
20-02-2016 09:18:47	DataProcessor		INFO	polling
20-02-2016 09:18:47	CameraInterface		INFO	Read successful
20-02-2016 09:18:47	Controller		INFO	sending to transmitter
20-02-2016 09:18:47	Transmitter		INFO	pushing into buff
20-02-2016 09:18:47	DataProcessor		INFO	polling
20-02-2016 09:18:47	CameraInterface		INFO	Read successful
20-02-2016 09:18:47	Controller		INFO	sending to transmitter
20-02-2016 09:18:47	Transmitter		INFO	pushing into buff
20-02-2016 09:18:47	DataProcessor		INFO	polling
20-02-2016 09:18:47	CameraInterface		INFO	Read successful
20-02-2016 09:18:47	Controller		INFO	sending to transmitter
20-02-2016 09:18:47	Transmitter		INFO	pushing into buff
20-02-2016 09:18:47	DataProcessor		INFO	polling
20-02-2016 09:18:47	Transmitter		INFO	sending string: ‰PNG


20-02-2016 09:18:47	CameraInterface		INFO	Read successful
20-02-2016 09:18:48	Controller		INFO	sending to transmitter
20-02-2016 09:18:48	Transmitter		INFO	pushing into buff
20-02-2016 09:18:48	DataProcessor		INFO	polling
20-02-2016 09:18:48	CameraInterface		INFO	Read successful
20-02-2016 09:18:48	Controller		INFO	sending to transmitter
20-02-2016 09:18:48	Transmitter		INFO	pushing into buff
20-02-2016 09:18:48	DataProcessor		INFO	polling
20-02-2016 09:18:48	CameraInterface		INFO	Read successful
20-02-2016 09:18:48	Controller		INFO	sending to transmitter
20-02-2016 09:18:48	Transmitter		INFO	pushing into buff
20-02-2016 09:18:48	DataProcessor		INFO	polling
20-02-2016 09:18:48	Transmitter		INFO	running
20-02-2016 09:18:48	Transmitter		INFO	getting from buffer
20-02-2016 09:18:48	CameraInterface		INFO	Read successful
20-02-2016 09:18:49	Controller		INFO	sending to transmitter
20-02-2016 09:18:49	Transmitter		INFO	pushing into buff
20-02-2016 09:18:49	DataProcessor		INFO	polling
20-02-2016 09:18:49	CameraInterface		INFO	Read successful
20-02-2016 09:18:49	Controller		INFO	sending to transmitter
20-02-2016 09:18:49	Transmitter		INFO	pushing into buff
20-02-2016 09:18:49	DataProcessor		INFO	polling
20-02-2016 09:18:49	CameraInterface		INFO	Read successful
20-02-2016 09:18:49	Controller		INFO	sending to transmitter
20-02-2016 09:18:49	Transmitter		INFO	pushing into buff
20-02-2016 09:18:49	DataProcessor		INFO	polling
20-02-2016 09:18:49	CameraInterface		INFO	Read successful
20-02-2016 09:18:49	Controller		INFO	sending to transmitter
20-02-2016 09:18:49	Transmitter		INFO	pushing into buff
20-02-2016 09:18:49	DataProcessor		INFO	polling
20-02-2016 09:18:49	CameraInterface		INFO	Read successful
20-02-2016 09:18:49	Controller		INFO	sending to transmitter
20-02-2016 09:18:49	Transmitter		INFO	pushing into buff
20-02-2016 09:18:49	DataProcessor		INFO	polling
20-02-2016 09:18:50	CameraInterface		INFO	Read successful
20-02-2016 09:18:50	Controller		INFO	sending to transmitter
20-02-2016 09:18:50	Transmitter		INFO	pushing into buff
20-02-2016 09:18:50	DataProcessor		INFO	polling
20-02-2016 09:18:50	CameraInterface		INFO	Read successful
20-02-2016 09:18:50	Controller		INFO	sending to transmitter
20-02-2016 09:18:50	Transmitter		INFO	pushing into buff
20-02-2016 09:18:50	DataProcessor		INFO	polling
20-02-2016 09:18:50	CameraInterface		INFO	Read successful
20-02-2016 09:18:50	Controller		INFO	sending to transmitter
20-02-2016 09:18:50	Transmitter		INFO	pushing into buff
20-02-2016 09:18:50	DataProcessor		INFO	polling
20-02-2016 09:18:50	CameraInterface		INFO	Read successful
20-02-2016 09:18:50	Controller		INFO	sending to transmitter
20-02-2016 09:18:50	Transmitter		INFO	pushing into buff
20-02-2016 09:18:50	DataProcessor		INFO	polling
20-02-2016 09:18:51	CameraInterface		INFO	Read successful
20-02-2016 09:18:51	Controller		INFO	sending to transmitter
20-02-2016 09:18:51	Transmitter		INFO	pushing into buff
20-02-2016 09:18:51	DataProcessor		INFO	polling
20-02-2016 09:18:51	CameraInterface		INFO	Read successful
20-02-2016 09:18:51	Controller		INFO	sending to transmitter
20-02-2016 09:18:51	Transmitter		INFO	pushing into buff
20-02-2016 09:18:51	DataProcessor		INFO	polling
20-02-2016 09:18:51	CameraInterface		INFO	Read successful
20-02-2016 09:18:51	Controller		INFO	sending to transmitter
20-02-2016 09:18:51	Transmitter		INFO	pushing into buff
20-02-2016 09:18:51	DataProcessor		INFO	polling
20-02-2016 09:18:51	CameraInterface		INFO	Read successful
20-02-2016 09:18:51	Controller		INFO	sending to transmitter
20-02-2016 09:18:51	Transmitter		INFO	pushing into buff
20-02-2016 09:18:51	DataProcessor		INFO	polling
20-02-2016 09:18:52	CameraInterface		INFO	Read successful
20-02-2016 09:18:52	Controller		INFO	sending to transmitter
20-02-2016 09:18:52	Transmitter		INFO	pushing into buff
20-02-2016 09:18:52	DataProcessor		INFO	polling
20-02-2016 09:18:52	CameraInterface		INFO	Read successful
20-02-2016 09:18:52	Controller		INFO	sending to transmitter
20-02-2016 09:18:52	Transmitter		INFO	pushing into buff
20-02-2016 09:18:52	DataProcessor		INFO	polling
20-02-2016 09:18:52	CameraInterface		INFO	Read successful
20-02-2016 09:18:52	Controller		INFO	sending to transmitter
20-02-2016 09:18:52	Transmitter		INFO	pushing into buff
20-02-2016 09:18:52	DataProcessor		INFO	polling
20-02-2016 09:18:52	CameraInterface		INFO	Read successful
20-02-2016 09:18:52	Controller		INFO	sending to transmitter
20-02-2016 09:18:52	Transmitter		INFO	pushing into buff
20-02-2016 09:18:52	DataProcessor		INFO	polling
20-02-2016 09:18:53	CameraInterface		INFO	Read successful
20-02-2016 09:18:53	Controller		INFO	sending to transmitter
20-02-2016 09:18:53	Transmitter		INFO	pushing into buff
20-02-2016 09:18:53	DataProcessor		INFO	polling
20-02-2016 09:18:53	CameraInterface		INFO	Read successful
20-02-2016 09:18:53	Controller		INFO	sending to transmitter
20-02-2016 09:18:53	Transmitter		INFO	pushing into buff
20-02-2016 09:18:53	DataProcessor		INFO	polling
20-02-2016 09:18:53	CameraInterface		INFO	Read successful
20-02-2016 09:18:53	Controller		INFO	sending to transmitter
20-02-2016 09:18:53	Transmitter		INFO	pushing into buff
20-02-2016 09:18:53	DataProcessor		INFO	polling
20-02-2016 09:18:54	CameraInterface		INFO	Read successful
20-02-2016 09:18:59	Controller		INFO	sending to transmitter
20-02-2016 09:18:59	Transmitter		INFO	pushing into buff
20-02-2016 09:18:59	DataProcessor		INFO	polling
20-02-2016 09:19:00	CameraInterface		INFO	Read successful
20-02-2016 09:19:00	Controller		INFO	sending to transmitter
20-02-2016 09:19:01	Transmitter		INFO	pushing into buff
20-02-2016 09:19:01	DataProcessor		INFO	polling
20-02-2016 09:19:05	CameraInterface		INFO	Read successful
20-02-2016 09:19:15	Controller		INFO	sending to transmitter
20-02-2016 09:19:16	Transmitter		INFO	pushing into buff
20-02-2016 09:19:16	DataProcessor		INFO	polling
20-02-2016 09:19:17	CameraInterface		INFO	Read successful
20-02-2016 09:19:17	Controller		INFO	sending to transmitter
20-02-2016 09:19:18	Transmitter		INFO	pushing into buff
20-02-2016 09:19:18	DataProcessor		INFO	polling
20-02-2016 09:19:21	CameraInterface		INFO	Read successful
20-02-2016 09:19:23	Controller		INFO	sending to transmitter
20-02-2016 09:19:23	Transmitter		INFO	pushing into buff
20-02-2016 09:19:23	DataProcessor		INFO	polling
20-02-2016 09:19:25	CameraInterface		INFO	Read successful
20-02-2016 09:19:30	Controller		INFO	sending to transmitter
20-02-2016 09:19:30	Transmitter		INFO	pushing into buff
20-02-2016 09:19:30	DataProcessor		INFO	polling
20-02-2016 09:19:30	CameraInterface		INFO	Read successful
20-02-2016 09:19:30	Controller		INFO	sending to transmitter
20-02-2016 09:19:30	Transmitter		INFO	pushing into buff
20-02-2016 09:19:30	DataProcessor		INFO	polling
20-02-2016 09:19:31	CameraInterface		INFO	Read successful
20-02-2016 09:19:31	Controller		INFO	sending to transmitter
20-02-2016 09:19:31	Transmitter		INFO	pushing into buff
20-02-2016 09:19:31	DataProcessor		INFO	polling
20-02-2016 09:19:31	CameraInterface		INFO	Read successful
20-02-2016 09:19:31	Controller		INFO	sending to transmitter
20-02-2016 09:19:31	Transmitter		INFO	pushing into buff
20-02-2016 09:19:31	DataProcessor		INFO	polling
20-02-2016 09:19:31	CameraInterface		INFO	Read successful
20-02-2016 09:19:32	Controller		INFO	sending to transmitter
20-02-2016 09:19:32	Transmitter		INFO	pushing into buff
20-02-2016 09:19:32	DataProcessor		INFO	polling
20-02-2016 09:19:32	CameraInterface		INFO	Read successful
20-02-2016 09:19:32	Controller		INFO	sending to transmitter
20-02-2016 09:19:32	Transmitter		INFO	pushing into buff
20-02-2016 09:19:32	DataProcessor		INFO	polling
20-02-2016 09:19:32	CameraInterface		INFO	Read successful
20-02-2016 09:19:32	Controller		INFO	sending to transmitter
20-02-2016 09:19:32	Transmitter		INFO	pushing into buff
20-02-2016 09:19:32	DataProcessor		INFO	polling
20-02-2016 09:19:33	CameraInterface		INFO	Read successful
20-02-2016 09:19:34	Controller		INFO	sending to transmitter
20-02-2016 09:19:34	Transmitter		INFO	pushing into buff
20-02-2016 09:19:34	DataProcessor		INFO	polling
20-02-2016 09:19:34	Transmitter		INFO	sending string: ‰PNG


20-02-2016 09:19:34	CameraInterface		INFO	Read successful
20-02-2016 09:19:37	Controller		INFO	sending to transmitter
20-02-2016 09:19:37	Transmitter		INFO	pushing into buff
20-02-2016 09:19:38	DataProcessor		INFO	polling
20-02-2016 09:19:40	CameraInterface		INFO	Read successful
20-02-2016 09:19:41	Controller		INFO	sending to transmitter
20-02-2016 09:19:41	Transmitter		INFO	pushing into buff
20-02-2016 09:19:41	DataProcessor		INFO	polling
