20-03-2016 09:50:08	Main		TRACE	Logger initialized.
20-03-2016 09:50:08	PropertyReader		TRACE	Opening file: settings/settings.txt
20-03-2016 09:50:08	PropertyReader		INFO	File opened: settings/settings.txt
20-03-2016 09:50:08	PropertyReader		INFO	Loading properties file...
20-03-2016 09:50:09	PropertyReader		INFO	Mapped TRACE to LOGGING_LEVEL
20-03-2016 09:50:09	PropertyReader		INFO	Mapped 100 to CAM_BUFFER_SIZE
20-03-2016 09:50:09	PropertyReader		INFO	Mapped 15 to CAM_POLL_FREQUENCY
20-03-2016 09:50:09	PropertyReader		INFO	Mapped 0 to CAM_INDEX
20-03-2016 09:50:09	PropertyReader		DEBUG	Loaded 4 properties successfully
20-03-2016 09:50:09	Controller		INFO	Constructor controller
20-03-2016 09:50:09	Controller		INFO	socket retrieve success
20-03-2016 09:50:09	Controller		INFO	binding done
20-03-2016 09:50:09	Controller		INFO	done listening
20-03-2016 09:51:45	Controller		INFO	accepting
20-03-2016 09:51:45	Main		TRACE	intializing controller
20-03-2016 09:51:45	Controller		INFO	Initializing Controller
20-03-2016 09:51:45	Main		TRACE	initializing dataprocessor
20-03-2016 09:51:45	CameraInterface		INFO	Initializing camera
20-03-2016 09:51:45	CameraInterface		INFO	Opening video capture stream at position 0
20-03-2016 09:51:45	ControllerThread		INFO	Starting Controller Thread execution loop
20-03-2016 09:51:45	Transmitter		INFO	Starting Receiver Thread execution loop
20-03-2016 09:51:45	Receiver		INFO	Starting Receiver Thread execution loop
20-03-2016 09:51:45	Receiver		INFO	Received point: 393.45, 450.68
20-03-2016 09:51:45	Receiver		INFO	Received point: 100.0, 50.9
20-03-2016 09:51:45	Receiver		INFO	Received point: 170.784, 410.45
20-03-2016 09:51:45	Main		TRACE	running controller
20-03-2016 09:51:45	DataProcessor		INFO	polling
20-03-2016 09:51:45	CameraInterface		INFO	Read successful
20-03-2016 09:51:48	Controller		INFO	sending to transmitter
20-03-2016 09:51:48	Transmitter		INFO	pushing into buff
20-03-2016 09:51:48	Transmitter		INFO	getting from buffer
20-03-2016 09:51:51	Transmitter		INFO	sending string: 3653
20-03-2016 09:51:53	DataProcessor		INFO	polling
20-03-2016 09:51:53	CameraInterface		INFO	Read successful
20-03-2016 09:51:56	Controller		INFO	sending to transmitter
20-03-2016 09:51:56	Transmitter		INFO	pushing into buff
20-03-2016 09:51:56	Transmitter		INFO	getting from buffer
