21-02-2016 09:26:35	Main		TRACE	Logger initialized.
21-02-2016 09:26:35	PropertyReader		TRACE	Opening file: settings/settings.txt
21-02-2016 09:26:35	PropertyReader		INFO	File opened: settings/settings.txt
21-02-2016 09:26:35	PropertyReader		INFO	Loading properties file...
21-02-2016 09:26:35	PropertyReader		INFO	Mapped TRACE to LOGGING_LEVEL
21-02-2016 09:26:35	PropertyReader		INFO	Mapped 100 to CAM_BUFFER_SIZE
21-02-2016 09:26:35	PropertyReader		INFO	Mapped 15 to CAM_POLL_FREQUENCY
21-02-2016 09:26:35	PropertyReader		INFO	Mapped 0 to CAM_INDEX
21-02-2016 09:26:35	PropertyReader		DEBUG	Loaded 4 properties successfully
21-02-2016 09:26:35	Controller		INFO	Constructor controller
21-02-2016 09:26:35	Transmitter		INFO	socket retrieve success
21-02-2016 09:26:35	Transmitter		INFO	binding done
21-02-2016 09:26:35	Transmitter		INFO	done listening
21-02-2016 09:28:18	Transmitter		INFO	accepting
21-02-2016 09:28:18	Main		TRACE	intializing controller
21-02-2016 09:28:18	Controller		INFO	Initializing Controller
21-02-2016 09:28:18	Main		TRACE	initializing dataprocessor
21-02-2016 09:28:18	CameraInterface		INFO	Initializing camera
21-02-2016 09:28:18	CameraInterface		INFO	Opening video capture stream at position 0
21-02-2016 09:28:18	Receiver		INFO	Starting Receiver Thread execution loop
21-02-2016 09:28:18	Receiver		INFO	Starting Receiver Thread execution loop
21-02-2016 09:28:18	Transmitter		INFO	Starting Receiver Thread execution loop
21-02-2016 09:28:18	Receiver		INFO	Starting Receiver Thread execution loop
21-02-2016 09:28:18	Transmitter		INFO	Starting Receiver Thread execution loop
21-02-2016 09:28:18	ControllerThread		INFO	Starting Controller Thread execution loop
21-02-2016 09:28:18	Transmitter		INFO	running
21-02-2016 09:28:18	Transmitter		INFO	running
21-02-2016 09:28:18	Transmitter		INFO	running
21-02-2016 09:28:18	Transmitter		INFO	running
21-02-2016 09:28:18	Transmitter		INFO	running
21-02-2016 09:28:18	Transmitter		INFO	running
21-02-2016 09:28:18	Transmitter		INFO	running
21-02-2016 09:28:18	Transmitter		INFO	running
21-02-2016 09:28:18	Transmitter		INFO	running
21-02-2016 09:28:18	Transmitter		INFO	running
21-02-2016 09:28:18	Transmitter		INFO	running
21-02-2016 09:28:18	Transmitter		INFO	running
21-02-2016 09:28:18	Transmitter		INFO	running
21-02-2016 09:28:18	Transmitter		INFO	running
21-02-2016 09:28:18	Transmitter		INFO	running
21-02-2016 09:28:18	Transmitter		INFO	running
21-02-2016 09:28:18	Transmitter		INFO	running
21-02-2016 09:28:18	Transmitter		INFO	running
21-02-2016 09:28:18	Transmitter		INFO	running
21-02-2016 09:28:18	Transmitter		INFO	running
21-02-2016 09:28:18	Transmitter		INFO	running
21-02-2016 09:28:18	Transmitter		INFO	running
21-02-2016 09:28:18	Transmitter		INFO	running
21-02-2016 09:28:18	Transmitter		INFO	running
21-02-2016 09:28:18	Transmitter		INFO	running
21-02-2016 09:28:18	Transmitter		INFO	running
21-02-2016 09:28:18	Transmitter		INFO	running
21-02-2016 09:28:18	Transmitter		INFO	running
21-02-2016 09:28:18	Transmitter		INFO	running
21-02-2016 09:28:18	Transmitter		INFO	running
21-02-2016 09:28:18	Transmitter		INFO	running
21-02-2016 09:28:18	Transmitter		INFO	running
21-02-2016 09:28:18	Transmitter		INFO	running
21-02-2016 09:28:18	Main		TRACE	running controller
21-02-2016 09:28:18	DataProcessor		INFO	polling
21-02-2016 09:28:18	Transmitter		INFO	running
21-02-2016 09:28:18	Transmitter		INFO	running
21-02-2016 09:28:18	Transmitter		INFO	running
21-02-2016 09:28:18	Transmitter		INFO	running
21-02-2016 09:28:18	Transmitter		INFO	running
21-02-2016 09:28:18	Transmitter		INFO	running
21-02-2016 09:28:18	Transmitter		INFO	running
21-02-2016 09:28:18	Transmitter		INFO	running
21-02-2016 09:28:18	Transmitter		INFO	running
21-02-2016 09:28:18	Transmitter		INFO	running
21-02-2016 09:28:18	Transmitter		INFO	running
21-02-2016 09:28:18	Transmitter		INFO	running
21-02-2016 09:28:18	Transmitter		INFO	running
21-02-2016 09:28:18	Transmitter		INFO	running
21-02-2016 09:28:18	Transmitter		INFO	running
21-02-2016 09:28:18	Transmitter		INFO	running
21-02-2016 09:28:18	Transmitter		INFO	running
21-02-2016 09:28:18	Transmitter		INFO	running
21-02-2016 09:28:18	Transmitter		INFO	running
21-02-2016 09:28:18	Transmitter		INFO	running
21-02-2016 09:28:18	Transmitter		INFO	running
21-02-2016 09:28:18	Transmitter		INFO	running
21-02-2016 09:28:18	Transmitter		INFO	running
21-02-2016 09:28:18	Transmitter		INFO	running
21-02-2016 09:28:18	Transmitter		INFO	running
21-02-2016 09:28:18	Transmitter		INFO	running
21-02-2016 09:28:18	Transmitter		INFO	running
21-02-2016 09:28:18	Transmitter		INFO	running
21-02-2016 09:28:18	Transmitter		INFO	running
21-02-2016 09:28:18	Transmitter		INFO	running
21-02-2016 09:28:18	Transmitter		INFO	running
21-02-2016 09:28:18	Transmitter		INFO	running
21-02-2016 09:28:18	Transmitter		INFO	running
21-02-2016 09:28:18	Transmitter		INFO	running
21-02-2016 09:28:18	Transmitter		INFO	running
21-02-2016 09:28:18	Transmitter		INFO	running
21-02-2016 09:28:18	Transmitter		INFO	running
21-02-2016 09:28:18	Transmitter		INFO	running
21-02-2016 09:28:18	Transmitter		INFO	running
21-02-2016 09:28:18	Transmitter		INFO	running
21-02-2016 09:28:18	Transmitter		INFO	running
21-02-2016 09:28:18	Transmitter		INFO	running
21-02-2016 09:28:18	Transmitter		INFO	running
21-02-2016 09:28:18	Transmitter		INFO	running
21-02-2016 09:28:18	Transmitter		INFO	running
21-02-2016 09:28:18	Transmitter		INFO	running
21-02-2016 09:28:18	Transmitter		INFO	running
21-02-2016 09:28:18	Transmitter		INFO	running
21-02-2016 09:28:18	Transmitter		INFO	running
21-02-2016 09:28:18	Transmitter		INFO	running
21-02-2016 09:28:18	Transmitter		INFO	running
21-02-2016 09:28:18	Transmitter		INFO	running
21-02-2016 09:28:18	Transmitter		INFO	running
21-02-2016 09:28:18	Transmitter		INFO	running
21-02-2016 09:28:18	Transmitter		INFO	running
21-02-2016 09:28:18	Transmitter		INFO	running
21-02-2016 09:28:18	Transmitter		INFO	running
21-02-2016 09:28:18	Transmitter		INFO	running
21-02-2016 09:28:18	Transmitter		INFO	running
21-02-2016 09:28:18	Transmitter		INFO	running
21-02-2016 09:28:18	Transmitter		INFO	running
21-02-2016 09:28:18	Transmitter		INFO	running
21-02-2016 09:28:18	Transmitter		INFO	running
21-02-2016 09:28:18	Transmitter		INFO	running
21-02-2016 09:28:18	Transmitter		INFO	running
21-02-2016 09:28:19	Transmitter		INFO	running
21-02-2016 09:28:19	Transmitter		INFO	running
21-02-2016 09:28:19	Transmitter		INFO	running
21-02-2016 09:28:19	Transmitter		INFO	running
21-02-2016 09:28:19	Transmitter		INFO	running
21-02-2016 09:28:19	Transmitter		INFO	running
21-02-2016 09:28:19	Transmitter		INFO	running
21-02-2016 09:28:19	Transmitter		INFO	running
21-02-2016 09:28:19	Transmitter		INFO	running
21-02-2016 09:28:19	Transmitter		INFO	running
21-02-2016 09:28:19	Transmitter		INFO	running
21-02-2016 09:28:19	Transmitter		INFO	running
21-02-2016 09:28:19	Transmitter		INFO	running
21-02-2016 09:28:19	Transmitter		INFO	running
21-02-2016 09:28:19	Transmitter		INFO	running
21-02-2016 09:28:19	Transmitter		INFO	running
21-02-2016 09:28:19	Transmitter		INFO	running
21-02-2016 09:28:19	Transmitter		INFO	running
21-02-2016 09:28:19	Transmitter		INFO	running
21-02-2016 09:28:19	Transmitter		INFO	running
21-02-2016 09:28:19	Transmitter		INFO	running
21-02-2016 09:28:19	Transmitter		INFO	running
21-02-2016 09:28:19	CameraInterface		INFO	Read successful
21-02-2016 09:28:19	Controller		INFO	sending to transmitter
21-02-2016 09:28:19	Transmitter		INFO	pushing into buff
21-02-2016 09:28:19	Transmitter		INFO	running
21-02-2016 09:28:19	Transmitter		INFO	getting from buffer
21-02-2016 09:28:19	DataProcessor		INFO	polling
21-02-2016 09:28:19	CameraInterface		INFO	Read successful
21-02-2016 09:28:19	Controller		INFO	sending to transmitter
21-02-2016 09:28:19	Transmitter		INFO	pushing into buff
21-02-2016 09:28:19	DataProcessor		INFO	polling
21-02-2016 09:28:19	CameraInterface		INFO	Read successful
21-02-2016 09:28:19	Controller		INFO	sending to transmitter
21-02-2016 09:28:19	Transmitter		INFO	pushing into buff
21-02-2016 09:28:19	DataProcessor		INFO	polling
21-02-2016 09:28:19	CameraInterface		INFO	Read successful
21-02-2016 09:28:19	Controller		INFO	sending to transmitter
21-02-2016 09:28:19	Transmitter		INFO	pushing into buff
21-02-2016 09:28:19	DataProcessor		INFO	polling
21-02-2016 09:28:20	CameraInterface		INFO	Read successful
21-02-2016 09:28:20	Controller		INFO	sending to transmitter
21-02-2016 09:28:20	Transmitter		INFO	pushing into buff
21-02-2016 09:28:20	DataProcessor		INFO	polling
21-02-2016 09:28:20	CameraInterface		INFO	Read successful
21-02-2016 09:28:20	Controller		INFO	sending to transmitter
21-02-2016 09:28:20	Transmitter		INFO	pushing into buff
21-02-2016 09:28:20	DataProcessor		INFO	polling
21-02-2016 09:28:20	CameraInterface		INFO	Read successful
21-02-2016 09:28:20	Controller		INFO	sending to transmitter
21-02-2016 09:28:20	Transmitter		INFO	pushing into buff
21-02-2016 09:28:20	DataProcessor		INFO	polling
21-02-2016 09:28:20	CameraInterface		INFO	Read successful
21-02-2016 09:28:20	Controller		INFO	sending to transmitter
21-02-2016 09:28:20	Transmitter		INFO	pushing into buff
21-02-2016 09:28:20	DataProcessor		INFO	polling
21-02-2016 09:28:21	CameraInterface		INFO	Read successful
21-02-2016 09:28:21	Controller		INFO	sending to transmitter
21-02-2016 09:28:21	Transmitter		INFO	pushing into buff
21-02-2016 09:28:21	DataProcessor		INFO	polling
21-02-2016 09:28:21	CameraInterface		INFO	Read successful
21-02-2016 09:28:21	Controller		INFO	sending to transmitter
21-02-2016 09:28:21	Transmitter		INFO	pushing into buff
21-02-2016 09:28:21	DataProcessor		INFO	polling
21-02-2016 09:28:21	CameraInterface		INFO	Read successful
21-02-2016 09:28:21	Controller		INFO	sending to transmitter
21-02-2016 09:28:21	Transmitter		INFO	pushing into buff
21-02-2016 09:28:21	DataProcessor		INFO	polling
21-02-2016 09:28:21	CameraInterface		INFO	Read successful
21-02-2016 09:28:21	Controller		INFO	sending to transmitter
21-02-2016 09:28:21	Transmitter		INFO	pushing into buff
21-02-2016 09:28:21	DataProcessor		INFO	polling
21-02-2016 09:28:21	CameraInterface		INFO	Read successful
21-02-2016 09:28:21	Controller		INFO	sending to transmitter
21-02-2016 09:28:21	Transmitter		INFO	pushing into buff
21-02-2016 09:28:21	DataProcessor		INFO	polling
21-02-2016 09:28:22	CameraInterface		INFO	Read successful
21-02-2016 09:28:22	Controller		INFO	sending to transmitter
21-02-2016 09:28:22	Transmitter		INFO	pushing into buff
21-02-2016 09:28:22	DataProcessor		INFO	polling
21-02-2016 09:28:22	CameraInterface		INFO	Read successful
21-02-2016 09:28:22	Controller		INFO	sending to transmitter
21-02-2016 09:28:22	Transmitter		INFO	pushing into buff
21-02-2016 09:28:22	DataProcessor		INFO	polling
21-02-2016 09:28:22	CameraInterface		INFO	Read successful
21-02-2016 09:28:22	Controller		INFO	sending to transmitter
21-02-2016 09:28:22	Transmitter		INFO	pushing into buff
21-02-2016 09:28:22	DataProcessor		INFO	polling
21-02-2016 09:28:22	CameraInterface		INFO	Read successful
21-02-2016 09:28:22	Controller		INFO	sending to transmitter
21-02-2016 09:28:22	Transmitter		INFO	pushing into buff
21-02-2016 09:28:22	DataProcessor		INFO	polling
21-02-2016 09:28:23	CameraInterface		INFO	Read successful
21-02-2016 09:28:23	Controller		INFO	sending to transmitter
21-02-2016 09:28:23	Transmitter		INFO	pushing into buff
21-02-2016 09:28:23	DataProcessor		INFO	polling
21-02-2016 09:28:23	CameraInterface		INFO	Read successful
21-02-2016 09:28:23	Controller		INFO	sending to transmitter
21-02-2016 09:28:23	Transmitter		INFO	pushing into buff
21-02-2016 09:28:23	DataProcessor		INFO	polling
21-02-2016 09:28:23	CameraInterface		INFO	Read successful
21-02-2016 09:28:23	Controller		INFO	sending to transmitter
21-02-2016 09:28:23	Transmitter		INFO	pushing into buff
21-02-2016 09:28:23	DataProcessor		INFO	polling
21-02-2016 09:28:23	CameraInterface		INFO	Read successful
21-02-2016 09:28:23	Controller		INFO	sending to transmitter
21-02-2016 09:28:23	Transmitter		INFO	pushing into buff
21-02-2016 09:28:23	DataProcessor		INFO	polling
21-02-2016 09:28:24	CameraInterface		INFO	Read successful
21-02-2016 09:28:24	Controller		INFO	sending to transmitter
21-02-2016 09:28:24	Transmitter		INFO	pushing into buff
21-02-2016 09:28:24	DataProcessor		INFO	polling
21-02-2016 09:28:24	CameraInterface		INFO	Read successful
21-02-2016 09:28:24	Controller		INFO	sending to transmitter
21-02-2016 09:28:24	Transmitter		INFO	pushing into buff
21-02-2016 09:28:24	DataProcessor		INFO	polling
21-02-2016 09:28:24	CameraInterface		INFO	Read successful
21-02-2016 09:28:24	Controller		INFO	sending to transmitter
21-02-2016 09:28:24	Transmitter		INFO	pushing into buff
21-02-2016 09:28:24	DataProcessor		INFO	polling
21-02-2016 09:28:24	CameraInterface		INFO	Read successful
21-02-2016 09:28:24	Controller		INFO	sending to transmitter
21-02-2016 09:28:24	Transmitter		INFO	pushing into buff
21-02-2016 09:28:24	DataProcessor		INFO	polling
21-02-2016 09:28:24	CameraInterface		INFO	Read successful
21-02-2016 09:28:24	Controller		INFO	sending to transmitter
21-02-2016 09:28:25	Transmitter		INFO	pushing into buff
21-02-2016 09:28:25	DataProcessor		INFO	polling
21-02-2016 09:28:25	CameraInterface		INFO	Read successful
21-02-2016 09:28:25	Controller		INFO	sending to transmitter
21-02-2016 09:28:25	Transmitter		INFO	pushing into buff
21-02-2016 09:28:25	DataProcessor		INFO	polling
21-02-2016 09:28:25	CameraInterface		INFO	Read successful
21-02-2016 09:28:25	Controller		INFO	sending to transmitter
21-02-2016 09:28:25	Transmitter		INFO	pushing into buff
21-02-2016 09:28:25	DataProcessor		INFO	polling
21-02-2016 09:28:25	CameraInterface		INFO	Read successful
21-02-2016 09:28:25	Controller		INFO	sending to transmitter
21-02-2016 09:28:25	Transmitter		INFO	pushing into buff
21-02-2016 09:28:25	DataProcessor		INFO	polling
21-02-2016 09:28:25	CameraInterface		INFO	Read successful
21-02-2016 09:28:25	Controller		INFO	sending to transmitter
21-02-2016 09:28:25	Transmitter		INFO	pushing into buff
21-02-2016 09:28:25	DataProcessor		INFO	polling
21-02-2016 09:28:25	Transmitter		INFO	sending string: 824745
21-02-2016 09:28:26	CameraInterface		INFO	Read successful
21-02-2016 09:28:26	Controller		INFO	sending to transmitter
21-02-2016 09:28:26	Transmitter		INFO	pushing into buff
21-02-2016 09:28:26	DataProcessor		INFO	polling
21-02-2016 09:28:26	CameraInterface		INFO	Read successful
21-02-2016 09:28:26	Controller		INFO	sending to transmitter
21-02-2016 09:28:26	Transmitter		INFO	pushing into buff
21-02-2016 09:28:26	DataProcessor		INFO	polling
21-02-2016 09:28:26	CameraInterface		INFO	Read successful
21-02-2016 09:28:26	Controller		INFO	sending to transmitter
21-02-2016 09:28:26	Transmitter		INFO	pushing into buff
21-02-2016 09:28:26	DataProcessor		INFO	polling
21-02-2016 09:28:26	CameraInterface		INFO	Read successful
21-02-2016 09:28:26	Controller		INFO	sending to transmitter
21-02-2016 09:28:26	Transmitter		INFO	pushing into buff
21-02-2016 09:28:26	DataProcessor		INFO	polling
21-02-2016 09:28:27	CameraInterface		INFO	Read successful
21-02-2016 09:28:27	Controller		INFO	sending to transmitter
21-02-2016 09:28:27	Transmitter		INFO	pushing into buff
21-02-2016 09:28:27	DataProcessor		INFO	polling
21-02-2016 09:28:27	CameraInterface		INFO	Read successful
21-02-2016 09:28:27	Controller		INFO	sending to transmitter
21-02-2016 09:28:27	Transmitter		INFO	pushing into buff
21-02-2016 09:28:27	DataProcessor		INFO	polling
21-02-2016 09:28:27	CameraInterface		INFO	Read successful
21-02-2016 09:28:27	Controller		INFO	sending to transmitter
21-02-2016 09:28:27	Transmitter		INFO	pushing into buff
21-02-2016 09:28:27	DataProcessor		INFO	polling
21-02-2016 09:28:27	CameraInterface		INFO	Read successful
21-02-2016 09:28:27	Controller		INFO	sending to transmitter
21-02-2016 09:28:27	Transmitter		INFO	pushing into buff
21-02-2016 09:28:27	DataProcessor		INFO	polling
21-02-2016 09:28:28	CameraInterface		INFO	Read successful
21-02-2016 09:28:28	Controller		INFO	sending to transmitter
21-02-2016 09:28:28	Transmitter		INFO	pushing into buff
21-02-2016 09:28:28	DataProcessor		INFO	polling
21-02-2016 09:28:28	Transmitter		INFO	running
21-02-2016 09:28:28	Transmitter		INFO	getting from buffer
21-02-2016 09:28:28	CameraInterface		INFO	Read successful
21-02-2016 09:28:28	Controller		INFO	sending to transmitter
21-02-2016 09:28:28	Transmitter		INFO	pushing into buff
21-02-2016 09:28:28	DataProcessor		INFO	polling
21-02-2016 09:28:28	CameraInterface		INFO	Read successful
21-02-2016 09:28:28	Controller		INFO	sending to transmitter
21-02-2016 09:28:28	Transmitter		INFO	pushing into buff
21-02-2016 09:28:28	DataProcessor		INFO	polling
21-02-2016 09:28:28	CameraInterface		INFO	Read successful
21-02-2016 09:28:28	Controller		INFO	sending to transmitter
21-02-2016 09:28:28	Transmitter		INFO	pushing into buff
21-02-2016 09:28:28	DataProcessor		INFO	polling
21-02-2016 09:28:29	CameraInterface		INFO	Read successful
21-02-2016 09:28:29	Controller		INFO	sending to transmitter
21-02-2016 09:28:29	Transmitter		INFO	pushing into buff
21-02-2016 09:28:29	DataProcessor		INFO	polling
21-02-2016 09:28:29	CameraInterface		INFO	Read successful
21-02-2016 09:28:29	Controller		INFO	sending to transmitter
21-02-2016 09:28:29	Transmitter		INFO	pushing into buff
21-02-2016 09:28:29	DataProcessor		INFO	polling
21-02-2016 09:28:29	CameraInterface		INFO	Read successful
21-02-2016 09:28:29	Controller		INFO	sending to transmitter
21-02-2016 09:28:29	Transmitter		INFO	pushing into buff
21-02-2016 09:28:29	DataProcessor		INFO	polling
21-02-2016 09:28:29	CameraInterface		INFO	Read successful
21-02-2016 09:28:29	Controller		INFO	sending to transmitter
21-02-2016 09:28:29	Transmitter		INFO	pushing into buff
21-02-2016 09:28:29	DataProcessor		INFO	polling
21-02-2016 09:28:29	CameraInterface		INFO	Read successful
21-02-2016 09:28:29	Controller		INFO	sending to transmitter
21-02-2016 09:28:29	Transmitter		INFO	pushing into buff
21-02-2016 09:28:29	DataProcessor		INFO	polling
21-02-2016 09:28:30	CameraInterface		INFO	Read successful
21-02-2016 09:28:30	Controller		INFO	sending to transmitter
21-02-2016 09:28:30	Transmitter		INFO	pushing into buff
21-02-2016 09:28:30	DataProcessor		INFO	polling
21-02-2016 09:28:30	CameraInterface		INFO	Read successful
21-02-2016 09:28:30	Controller		INFO	sending to transmitter
21-02-2016 09:28:30	Transmitter		INFO	pushing into buff
21-02-2016 09:28:30	DataProcessor		INFO	polling
21-02-2016 09:28:30	CameraInterface		INFO	Read successful
21-02-2016 09:28:30	Controller		INFO	sending to transmitter
21-02-2016 09:28:30	Transmitter		INFO	pushing into buff
21-02-2016 09:28:30	DataProcessor		INFO	polling
21-02-2016 09:28:30	CameraInterface		INFO	Read successful
21-02-2016 09:28:30	Controller		INFO	sending to transmitter
21-02-2016 09:28:30	Transmitter		INFO	pushing into buff
21-02-2016 09:28:30	DataProcessor		INFO	polling
21-02-2016 09:28:31	CameraInterface		INFO	Read successful
21-02-2016 09:28:31	Controller		INFO	sending to transmitter
21-02-2016 09:28:31	Transmitter		INFO	pushing into buff
21-02-2016 09:28:31	DataProcessor		INFO	polling
21-02-2016 09:28:31	CameraInterface		INFO	Read successful
21-02-2016 09:28:31	Controller		INFO	sending to transmitter
21-02-2016 09:28:31	Transmitter		INFO	pushing into buff
21-02-2016 09:28:31	DataProcessor		INFO	polling
21-02-2016 09:28:31	CameraInterface		INFO	Read successful
21-02-2016 09:28:31	Controller		INFO	sending to transmitter
21-02-2016 09:28:31	Transmitter		INFO	pushing into buff
21-02-2016 09:28:31	DataProcessor		INFO	polling
21-02-2016 09:28:31	CameraInterface		INFO	Read successful
21-02-2016 09:28:31	Controller		INFO	sending to transmitter
21-02-2016 09:28:31	Transmitter		INFO	pushing into buff
21-02-2016 09:28:31	DataProcessor		INFO	polling
21-02-2016 09:28:31	CameraInterface		INFO	Read successful
21-02-2016 09:28:32	Controller		INFO	sending to transmitter
21-02-2016 09:28:32	Transmitter		INFO	pushing into buff
21-02-2016 09:28:32	DataProcessor		INFO	polling
21-02-2016 09:28:32	CameraInterface		INFO	Read successful
21-02-2016 09:28:32	Controller		INFO	sending to transmitter
21-02-2016 09:28:32	Transmitter		INFO	pushing into buff
21-02-2016 09:28:32	DataProcessor		INFO	polling
21-02-2016 09:28:32	CameraInterface		INFO	Read successful
21-02-2016 09:28:32	Controller		INFO	sending to transmitter
21-02-2016 09:28:32	Transmitter		INFO	pushing into buff
21-02-2016 09:28:32	DataProcessor		INFO	polling
21-02-2016 09:28:32	CameraInterface		INFO	Read successful
21-02-2016 09:28:32	Controller		INFO	sending to transmitter
21-02-2016 09:28:32	Transmitter		INFO	pushing into buff
21-02-2016 09:28:32	DataProcessor		INFO	polling
21-02-2016 09:28:32	CameraInterface		INFO	Read successful
21-02-2016 09:28:32	Controller		INFO	sending to transmitter
21-02-2016 09:28:32	Transmitter		INFO	pushing into buff
21-02-2016 09:28:32	DataProcessor		INFO	polling
21-02-2016 09:28:33	CameraInterface		INFO	Read successful
21-02-2016 09:28:33	Controller		INFO	sending to transmitter
21-02-2016 09:28:33	Transmitter		INFO	pushing into buff
21-02-2016 09:28:33	DataProcessor		INFO	polling
21-02-2016 09:28:33	CameraInterface		INFO	Read successful
21-02-2016 09:28:33	Controller		INFO	sending to transmitter
21-02-2016 09:28:33	Transmitter		INFO	pushing into buff
21-02-2016 09:28:33	DataProcessor		INFO	polling
21-02-2016 09:28:33	CameraInterface		INFO	Read successful
21-02-2016 09:28:33	Controller		INFO	sending to transmitter
21-02-2016 09:28:33	Transmitter		INFO	pushing into buff
21-02-2016 09:28:33	DataProcessor		INFO	polling
21-02-2016 09:28:33	CameraInterface		INFO	Read successful
21-02-2016 09:28:33	Controller		INFO	sending to transmitter
21-02-2016 09:28:33	Transmitter		INFO	pushing into buff
21-02-2016 09:28:33	DataProcessor		INFO	polling
21-02-2016 09:28:34	CameraInterface		INFO	Read successful
21-02-2016 09:28:34	Controller		INFO	sending to transmitter
21-02-2016 09:28:34	Transmitter		INFO	pushing into buff
21-02-2016 09:28:34	DataProcessor		INFO	polling
21-02-2016 09:28:34	CameraInterface		INFO	Read successful
21-02-2016 09:28:34	Controller		INFO	sending to transmitter
21-02-2016 09:28:34	Transmitter		INFO	pushing into buff
21-02-2016 09:28:34	DataProcessor		INFO	polling
21-02-2016 09:28:34	CameraInterface		INFO	Read successful
21-02-2016 09:28:34	Controller		INFO	sending to transmitter
21-02-2016 09:28:34	Transmitter		INFO	pushing into buff
21-02-2016 09:28:34	DataProcessor		INFO	polling
21-02-2016 09:28:34	CameraInterface		INFO	Read successful
21-02-2016 09:28:34	Controller		INFO	sending to transmitter
21-02-2016 09:28:34	Transmitter		INFO	pushing into buff
21-02-2016 09:28:34	DataProcessor		INFO	polling
21-02-2016 09:28:34	CameraInterface		INFO	Read successful
21-02-2016 09:28:34	Controller		INFO	sending to transmitter
21-02-2016 09:28:34	Transmitter		INFO	pushing into buff
21-02-2016 09:28:34	DataProcessor		INFO	polling
21-02-2016 09:28:35	CameraInterface		INFO	Read successful
21-02-2016 09:28:35	Controller		INFO	sending to transmitter
21-02-2016 09:28:35	Transmitter		INFO	pushing into buff
21-02-2016 09:28:35	DataProcessor		INFO	polling
21-02-2016 09:28:35	CameraInterface		INFO	Read successful
21-02-2016 09:28:35	Controller		INFO	sending to transmitter
21-02-2016 09:28:35	Transmitter		INFO	pushing into buff
21-02-2016 09:28:35	DataProcessor		INFO	polling
21-02-2016 09:28:35	CameraInterface		INFO	Read successful
21-02-2016 09:28:35	Controller		INFO	sending to transmitter
21-02-2016 09:28:35	Transmitter		INFO	pushing into buff
21-02-2016 09:28:35	DataProcessor		INFO	polling
21-02-2016 09:28:35	CameraInterface		INFO	Read successful
21-02-2016 09:28:35	Controller		INFO	sending to transmitter
21-02-2016 09:28:35	Transmitter		INFO	pushing into buff
21-02-2016 09:28:35	DataProcessor		INFO	polling
21-02-2016 09:28:36	CameraInterface		INFO	Read successful
21-02-2016 09:28:36	Controller		INFO	sending to transmitter
21-02-2016 09:28:36	Transmitter		INFO	pushing into buff
21-02-2016 09:28:36	DataProcessor		INFO	polling
21-02-2016 09:28:36	CameraInterface		INFO	Read successful
21-02-2016 09:28:36	Controller		INFO	sending to transmitter
21-02-2016 09:28:36	Transmitter		INFO	pushing into buff
21-02-2016 09:28:36	DataProcessor		INFO	polling
21-02-2016 09:28:36	CameraInterface		INFO	Read successful
21-02-2016 09:28:36	Controller		INFO	sending to transmitter
21-02-2016 09:28:36	Transmitter		INFO	pushing into buff
21-02-2016 09:28:36	DataProcessor		INFO	polling
21-02-2016 09:28:36	Transmitter		INFO	sending string: 1530749
21-02-2016 09:28:36	CameraInterface		INFO	Read successful
21-02-2016 09:28:36	Controller		INFO	sending to transmitter
21-02-2016 09:28:36	Transmitter		INFO	pushing into buff
21-02-2016 09:28:36	DataProcessor		INFO	polling
21-02-2016 09:28:37	CameraInterface		INFO	Read successful
21-02-2016 09:28:37	Controller		INFO	sending to transmitter
21-02-2016 09:28:37	Transmitter		INFO	pushing into buff
21-02-2016 09:28:37	DataProcessor		INFO	polling
21-02-2016 09:28:37	CameraInterface		INFO	Read successful
21-02-2016 09:28:37	Controller		INFO	sending to transmitter
21-02-2016 09:28:37	Transmitter		INFO	pushing into buff
21-02-2016 09:28:37	DataProcessor		INFO	polling
21-02-2016 09:28:37	CameraInterface		INFO	Read successful
21-02-2016 09:28:38	Controller		INFO	sending to transmitter
21-02-2016 09:28:38	Transmitter		INFO	pushing into buff
21-02-2016 09:28:38	DataProcessor		INFO	polling
21-02-2016 09:28:38	CameraInterface		INFO	Read successful
21-02-2016 09:28:38	Controller		INFO	sending to transmitter
21-02-2016 09:28:38	Transmitter		INFO	pushing into buff
21-02-2016 09:28:38	DataProcessor		INFO	polling
21-02-2016 09:28:38	CameraInterface		INFO	Read successful
21-02-2016 09:28:38	Controller		INFO	sending to transmitter
21-02-2016 09:28:38	Transmitter		INFO	pushing into buff
21-02-2016 09:28:38	DataProcessor		INFO	polling
21-02-2016 09:28:38	Transmitter		INFO	running
21-02-2016 09:28:38	Transmitter		INFO	getting from buffer
21-02-2016 09:28:39	CameraInterface		INFO	Read successful
21-02-2016 09:28:39	Controller		INFO	sending to transmitter
21-02-2016 09:28:39	Transmitter		INFO	pushing into buff
21-02-2016 09:28:39	DataProcessor		INFO	polling
21-02-2016 09:28:39	CameraInterface		INFO	Read successful
21-02-2016 09:28:39	Controller		INFO	sending to transmitter
21-02-2016 09:28:39	Transmitter		INFO	pushing into buff
21-02-2016 09:28:39	DataProcessor		INFO	polling
21-02-2016 09:28:39	CameraInterface		INFO	Read successful
21-02-2016 09:28:39	Controller		INFO	sending to transmitter
21-02-2016 09:28:39	Transmitter		INFO	pushing into buff
21-02-2016 09:28:39	DataProcessor		INFO	polling
21-02-2016 09:28:39	CameraInterface		INFO	Read successful
21-02-2016 09:28:39	Controller		INFO	sending to transmitter
21-02-2016 09:28:39	Transmitter		INFO	pushing into buff
21-02-2016 09:28:39	DataProcessor		INFO	polling
21-02-2016 09:28:40	CameraInterface		INFO	Read successful
21-02-2016 09:28:40	Controller		INFO	sending to transmitter
21-02-2016 09:28:40	Transmitter		INFO	pushing into buff
21-02-2016 09:28:40	DataProcessor		INFO	polling
21-02-2016 09:28:40	CameraInterface		INFO	Read successful
21-02-2016 09:28:40	Controller		INFO	sending to transmitter
21-02-2016 09:28:40	Transmitter		INFO	pushing into buff
21-02-2016 09:28:40	DataProcessor		INFO	polling
21-02-2016 09:28:40	CameraInterface		INFO	Read successful
21-02-2016 09:28:40	Controller		INFO	sending to transmitter
21-02-2016 09:28:43	Transmitter		INFO	pushing into buff
21-02-2016 09:28:44	DataProcessor		INFO	polling
21-02-2016 09:28:48	CameraInterface		INFO	Read successful
21-02-2016 09:28:59	Controller		INFO	sending to transmitter
