21-02-2016 10:06:36	Main		TRACE	Logger initialized.
21-02-2016 10:06:36	PropertyReader		TRACE	Opening file: settings/settings.txt
21-02-2016 10:06:36	PropertyReader		INFO	File opened: settings/settings.txt
21-02-2016 10:06:36	PropertyReader		INFO	Loading properties file...
21-02-2016 10:06:36	PropertyReader		INFO	Mapped TRACE to LOGGING_LEVEL
21-02-2016 10:06:36	PropertyReader		INFO	Mapped 100 to CAM_BUFFER_SIZE
21-02-2016 10:06:36	PropertyReader		INFO	Mapped 15 to CAM_POLL_FREQUENCY
21-02-2016 10:06:36	PropertyReader		INFO	Mapped 0 to CAM_INDEX
21-02-2016 10:06:36	PropertyReader		DEBUG	Loaded 4 properties successfully
21-02-2016 10:06:36	Controller		INFO	Constructor controller
21-02-2016 10:06:36	Transmitter		INFO	socket retrieve success
21-02-2016 10:06:36	Transmitter		INFO	binding done
21-02-2016 10:06:36	Transmitter		INFO	done listening
21-02-2016 10:08:56	Transmitter		INFO	accepting
21-02-2016 10:08:56	Main		TRACE	intializing controller
21-02-2016 10:08:56	Controller		INFO	Initializing Controller
21-02-2016 10:08:56	Main		TRACE	initializing dataprocessor
21-02-2016 10:08:56	CameraInterface		INFO	Initializing camera
21-02-2016 10:08:56	CameraInterface		INFO	Opening video capture stream at position 0
21-02-2016 10:08:56	Receiver		INFO	Starting Receiver Thread execution loop
21-02-2016 10:08:56	Transmitter		INFO	Starting Receiver Thread execution loop
21-02-2016 10:08:56	Transmitter		INFO	running
21-02-2016 10:08:56	ControllerThread		INFO	Starting Controller Thread execution loop
21-02-2016 10:08:56	Transmitter		INFO	running
21-02-2016 10:08:56	Transmitter		INFO	running
21-02-2016 10:08:56	Transmitter		INFO	running
21-02-2016 10:08:56	Transmitter		INFO	running
21-02-2016 10:08:56	Transmitter		INFO	running
21-02-2016 10:08:56	Transmitter		INFO	running
21-02-2016 10:08:56	Transmitter		INFO	running
21-02-2016 10:08:56	Transmitter		INFO	running
21-02-2016 10:08:56	Transmitter		INFO	running
21-02-2016 10:08:56	Transmitter		INFO	running
21-02-2016 10:08:56	Transmitter		INFO	running
21-02-2016 10:08:56	Transmitter		INFO	running
21-02-2016 10:08:56	Transmitter		INFO	running
21-02-2016 10:08:56	Transmitter		INFO	running
21-02-2016 10:08:56	Transmitter		INFO	running
21-02-2016 10:08:56	Transmitter		INFO	running
21-02-2016 10:08:56	Transmitter		INFO	running
21-02-2016 10:08:56	Transmitter		INFO	running
21-02-2016 10:08:56	Transmitter		INFO	running
21-02-2016 10:08:56	Transmitter		INFO	running
21-02-2016 10:08:56	Transmitter		INFO	running
21-02-2016 10:08:56	Transmitter		INFO	running
21-02-2016 10:08:56	Transmitter		INFO	running
21-02-2016 10:08:56	Transmitter		INFO	running
21-02-2016 10:08:56	Transmitter		INFO	running
21-02-2016 10:08:56	Transmitter		INFO	running
21-02-2016 10:08:56	Transmitter		INFO	running
21-02-2016 10:08:56	Transmitter		INFO	running
21-02-2016 10:08:56	Transmitter		INFO	running
21-02-2016 10:08:56	Transmitter		INFO	running
21-02-2016 10:08:56	Transmitter		INFO	running
21-02-2016 10:08:56	Transmitter		INFO	running
21-02-2016 10:08:56	Transmitter		INFO	running
21-02-2016 10:08:56	Transmitter		INFO	running
21-02-2016 10:08:56	Transmitter		INFO	running
21-02-2016 10:08:56	Transmitter		INFO	running
21-02-2016 10:08:56	Transmitter		INFO	running
21-02-2016 10:08:56	Transmitter		INFO	running
21-02-2016 10:08:56	Main		TRACE	running controller
21-02-2016 10:08:56	Transmitter		INFO	running
21-02-2016 10:08:56	Transmitter		INFO	running
21-02-2016 10:08:56	Transmitter		INFO	running
21-02-2016 10:08:56	DataProcessor		INFO	polling
21-02-2016 10:08:56	Transmitter		INFO	running
21-02-2016 10:08:56	Transmitter		INFO	running
21-02-2016 10:08:56	Transmitter		INFO	running
21-02-2016 10:08:56	Transmitter		INFO	running
21-02-2016 10:08:56	Transmitter		INFO	running
21-02-2016 10:08:56	Transmitter		INFO	running
21-02-2016 10:08:56	Transmitter		INFO	running
21-02-2016 10:08:56	Transmitter		INFO	running
21-02-2016 10:08:56	Transmitter		INFO	running
21-02-2016 10:08:56	Transmitter		INFO	running
21-02-2016 10:08:56	Transmitter		INFO	running
21-02-2016 10:08:56	Transmitter		INFO	running
21-02-2016 10:08:56	Transmitter		INFO	running
21-02-2016 10:08:56	Transmitter		INFO	running
21-02-2016 10:08:56	Transmitter		INFO	running
21-02-2016 10:08:56	Transmitter		INFO	running
21-02-2016 10:08:56	Transmitter		INFO	running
21-02-2016 10:08:56	Transmitter		INFO	running
21-02-2016 10:08:56	Transmitter		INFO	running
21-02-2016 10:08:57	Transmitter		INFO	running
21-02-2016 10:08:57	Transmitter		INFO	running
21-02-2016 10:08:57	Transmitter		INFO	running
21-02-2016 10:08:57	Transmitter		INFO	running
21-02-2016 10:08:57	Transmitter		INFO	running
21-02-2016 10:08:57	Transmitter		INFO	running
21-02-2016 10:08:57	Transmitter		INFO	running
21-02-2016 10:08:57	Transmitter		INFO	running
21-02-2016 10:08:57	Transmitter		INFO	running
21-02-2016 10:08:57	Transmitter		INFO	running
21-02-2016 10:08:57	Transmitter		INFO	running
21-02-2016 10:08:57	Transmitter		INFO	running
21-02-2016 10:08:57	Transmitter		INFO	running
21-02-2016 10:08:57	Transmitter		INFO	running
21-02-2016 10:08:57	Transmitter		INFO	running
21-02-2016 10:08:57	Transmitter		INFO	running
21-02-2016 10:08:57	Transmitter		INFO	running
21-02-2016 10:08:57	Transmitter		INFO	running
21-02-2016 10:08:57	Transmitter		INFO	running
21-02-2016 10:08:57	Transmitter		INFO	running
21-02-2016 10:08:57	Transmitter		INFO	running
21-02-2016 10:08:57	Transmitter		INFO	running
21-02-2016 10:08:57	Transmitter		INFO	running
21-02-2016 10:08:57	Transmitter		INFO	running
21-02-2016 10:08:57	Transmitter		INFO	running
21-02-2016 10:08:57	Transmitter		INFO	running
21-02-2016 10:08:57	Transmitter		INFO	running
21-02-2016 10:08:57	Transmitter		INFO	running
21-02-2016 10:08:57	Transmitter		INFO	running
21-02-2016 10:08:57	Transmitter		INFO	running
21-02-2016 10:08:57	Transmitter		INFO	running
21-02-2016 10:08:57	Transmitter		INFO	running
21-02-2016 10:08:57	Transmitter		INFO	running
21-02-2016 10:08:57	Transmitter		INFO	running
21-02-2016 10:08:57	Transmitter		INFO	running
21-02-2016 10:08:57	Transmitter		INFO	running
21-02-2016 10:08:57	Transmitter		INFO	running
21-02-2016 10:08:57	Transmitter		INFO	running
21-02-2016 10:08:57	Transmitter		INFO	running
21-02-2016 10:08:57	Transmitter		INFO	running
21-02-2016 10:08:57	Transmitter		INFO	running
21-02-2016 10:08:57	Transmitter		INFO	running
21-02-2016 10:08:57	Transmitter		INFO	running
21-02-2016 10:08:57	Transmitter		INFO	running
21-02-2016 10:08:57	Transmitter		INFO	running
21-02-2016 10:08:57	Transmitter		INFO	running
21-02-2016 10:08:57	Transmitter		INFO	running
21-02-2016 10:08:57	Transmitter		INFO	running
21-02-2016 10:08:57	Transmitter		INFO	running
21-02-2016 10:08:57	Transmitter		INFO	running
21-02-2016 10:08:57	Transmitter		INFO	running
21-02-2016 10:08:57	Transmitter		INFO	running
21-02-2016 10:08:57	Transmitter		INFO	running
21-02-2016 10:08:57	Transmitter		INFO	running
21-02-2016 10:08:57	Transmitter		INFO	running
21-02-2016 10:08:57	Transmitter		INFO	running
21-02-2016 10:08:57	Transmitter		INFO	running
21-02-2016 10:08:57	Transmitter		INFO	running
21-02-2016 10:08:57	Transmitter		INFO	running
21-02-2016 10:08:57	Transmitter		INFO	running
21-02-2016 10:08:57	Transmitter		INFO	running
21-02-2016 10:08:57	Transmitter		INFO	running
21-02-2016 10:08:57	Transmitter		INFO	running
21-02-2016 10:08:57	Transmitter		INFO	running
21-02-2016 10:08:57	Transmitter		INFO	running
21-02-2016 10:08:57	Transmitter		INFO	running
21-02-2016 10:08:57	Transmitter		INFO	running
21-02-2016 10:08:57	Transmitter		INFO	running
21-02-2016 10:08:57	Transmitter		INFO	running
21-02-2016 10:08:57	Transmitter		INFO	running
21-02-2016 10:08:57	Transmitter		INFO	running
21-02-2016 10:08:57	Transmitter		INFO	running
21-02-2016 10:08:57	Transmitter		INFO	running
21-02-2016 10:08:57	Transmitter		INFO	running
21-02-2016 10:08:57	Transmitter		INFO	running
21-02-2016 10:08:57	Transmitter		INFO	running
21-02-2016 10:08:57	Transmitter		INFO	running
21-02-2016 10:08:57	Transmitter		INFO	running
21-02-2016 10:08:57	Transmitter		INFO	running
21-02-2016 10:08:57	Transmitter		INFO	running
21-02-2016 10:08:57	Transmitter		INFO	running
21-02-2016 10:08:57	Transmitter		INFO	running
21-02-2016 10:08:57	Transmitter		INFO	running
21-02-2016 10:08:57	Transmitter		INFO	running
21-02-2016 10:08:57	Transmitter		INFO	running
21-02-2016 10:08:57	Transmitter		INFO	running
21-02-2016 10:08:57	Transmitter		INFO	running
21-02-2016 10:08:57	Transmitter		INFO	running
21-02-2016 10:08:57	Transmitter		INFO	running
21-02-2016 10:08:57	Transmitter		INFO	running
21-02-2016 10:08:57	Transmitter		INFO	running
21-02-2016 10:08:57	Transmitter		INFO	running
21-02-2016 10:08:57	Transmitter		INFO	running
21-02-2016 10:08:57	Transmitter		INFO	running
21-02-2016 10:08:57	Transmitter		INFO	running
21-02-2016 10:08:57	Transmitter		INFO	running
21-02-2016 10:08:57	Transmitter		INFO	running
21-02-2016 10:08:57	Transmitter		INFO	running
21-02-2016 10:08:57	Transmitter		INFO	running
21-02-2016 10:08:57	CameraInterface		INFO	Read successful
21-02-2016 10:08:57	Controller		INFO	sending to transmitter
21-02-2016 10:08:57	Transmitter		INFO	pushing into buff
21-02-2016 10:08:57	DataProcessor		INFO	polling
21-02-2016 10:08:57	Transmitter		INFO	running
21-02-2016 10:08:57	Transmitter		INFO	getting from buffer
21-02-2016 10:08:57	CameraInterface		INFO	Read successful
21-02-2016 10:08:57	Controller		INFO	sending to transmitter
21-02-2016 10:08:57	Transmitter		INFO	pushing into buff
21-02-2016 10:08:57	DataProcessor		INFO	polling
21-02-2016 10:08:58	CameraInterface		INFO	Read successful
21-02-2016 10:08:58	Controller		INFO	sending to transmitter
21-02-2016 10:08:58	Transmitter		INFO	pushing into buff
21-02-2016 10:08:58	DataProcessor		INFO	polling
21-02-2016 10:08:58	CameraInterface		INFO	Read successful
21-02-2016 10:08:58	Controller		INFO	sending to transmitter
21-02-2016 10:08:58	Transmitter		INFO	pushing into buff
21-02-2016 10:08:58	DataProcessor		INFO	polling
21-02-2016 10:08:58	CameraInterface		INFO	Read successful
21-02-2016 10:08:58	Controller		INFO	sending to transmitter
21-02-2016 10:08:58	Transmitter		INFO	pushing into buff
21-02-2016 10:08:58	DataProcessor		INFO	polling
21-02-2016 10:08:58	CameraInterface		INFO	Read successful
21-02-2016 10:08:58	Controller		INFO	sending to transmitter
21-02-2016 10:08:58	Transmitter		INFO	pushing into buff
21-02-2016 10:08:58	DataProcessor		INFO	polling
21-02-2016 10:08:59	CameraInterface		INFO	Read successful
21-02-2016 10:08:59	Controller		INFO	sending to transmitter
21-02-2016 10:08:59	Transmitter		INFO	pushing into buff
21-02-2016 10:08:59	DataProcessor		INFO	polling
21-02-2016 10:08:59	CameraInterface		INFO	Read successful
21-02-2016 10:08:59	Controller		INFO	sending to transmitter
21-02-2016 10:08:59	Transmitter		INFO	pushing into buff
21-02-2016 10:08:59	DataProcessor		INFO	polling
21-02-2016 10:08:59	CameraInterface		INFO	Read successful
21-02-2016 10:08:59	Controller		INFO	sending to transmitter
21-02-2016 10:08:59	Transmitter		INFO	pushing into buff
21-02-2016 10:08:59	DataProcessor		INFO	polling
21-02-2016 10:08:59	CameraInterface		INFO	Read successful
21-02-2016 10:08:59	Controller		INFO	sending to transmitter
21-02-2016 10:08:59	Transmitter		INFO	pushing into buff
21-02-2016 10:08:59	DataProcessor		INFO	polling
21-02-2016 10:09:00	CameraInterface		INFO	Read successful
21-02-2016 10:09:00	Controller		INFO	sending to transmitter
21-02-2016 10:09:00	Transmitter		INFO	pushing into buff
21-02-2016 10:09:00	DataProcessor		INFO	polling
21-02-2016 10:09:00	CameraInterface		INFO	Read successful
21-02-2016 10:09:00	Controller		INFO	sending to transmitter
21-02-2016 10:09:00	Transmitter		INFO	pushing into buff
21-02-2016 10:09:00	DataProcessor		INFO	polling
21-02-2016 10:09:00	CameraInterface		INFO	Read successful
21-02-2016 10:09:00	Controller		INFO	sending to transmitter
21-02-2016 10:09:00	Transmitter		INFO	pushing into buff
21-02-2016 10:09:00	DataProcessor		INFO	polling
21-02-2016 10:09:00	CameraInterface		INFO	Read successful
21-02-2016 10:09:00	Controller		INFO	sending to transmitter
21-02-2016 10:09:00	Transmitter		INFO	pushing into buff
21-02-2016 10:09:00	DataProcessor		INFO	polling
21-02-2016 10:09:01	CameraInterface		INFO	Read successful
21-02-2016 10:09:01	Controller		INFO	sending to transmitter
21-02-2016 10:09:01	Transmitter		INFO	pushing into buff
21-02-2016 10:09:01	DataProcessor		INFO	polling
21-02-2016 10:09:01	CameraInterface		INFO	Read successful
21-02-2016 10:09:01	Controller		INFO	sending to transmitter
21-02-2016 10:09:01	Transmitter		INFO	pushing into buff
21-02-2016 10:09:01	DataProcessor		INFO	polling
21-02-2016 10:09:01	CameraInterface		INFO	Read successful
21-02-2016 10:09:01	Controller		INFO	sending to transmitter
21-02-2016 10:09:01	Transmitter		INFO	pushing into buff
21-02-2016 10:09:01	DataProcessor		INFO	polling
21-02-2016 10:09:01	CameraInterface		INFO	Read successful
21-02-2016 10:09:01	Controller		INFO	sending to transmitter
21-02-2016 10:09:01	Transmitter		INFO	pushing into buff
21-02-2016 10:09:01	DataProcessor		INFO	polling
21-02-2016 10:09:02	CameraInterface		INFO	Read successful
21-02-2016 10:09:02	Controller		INFO	sending to transmitter
21-02-2016 10:09:02	Transmitter		INFO	pushing into buff
21-02-2016 10:09:02	DataProcessor		INFO	polling
21-02-2016 10:09:02	CameraInterface		INFO	Read successful
21-02-2016 10:09:02	Controller		INFO	sending to transmitter
21-02-2016 10:09:02	Transmitter		INFO	pushing into buff
21-02-2016 10:09:02	DataProcessor		INFO	polling
21-02-2016 10:09:02	CameraInterface		INFO	Read successful
21-02-2016 10:09:02	Controller		INFO	sending to transmitter
21-02-2016 10:09:02	Transmitter		INFO	pushing into buff
21-02-2016 10:09:02	DataProcessor		INFO	polling
21-02-2016 10:09:02	CameraInterface		INFO	Read successful
21-02-2016 10:09:02	Controller		INFO	sending to transmitter
21-02-2016 10:09:02	Transmitter		INFO	pushing into buff
21-02-2016 10:09:02	DataProcessor		INFO	polling
21-02-2016 10:09:02	CameraInterface		INFO	Read successful
21-02-2016 10:09:02	Controller		INFO	sending to transmitter
21-02-2016 10:09:02	Transmitter		INFO	pushing into buff
21-02-2016 10:09:02	DataProcessor		INFO	polling
21-02-2016 10:09:03	CameraInterface		INFO	Read successful
21-02-2016 10:09:03	Controller		INFO	sending to transmitter
21-02-2016 10:09:03	Transmitter		INFO	pushing into buff
21-02-2016 10:09:03	DataProcessor		INFO	polling
21-02-2016 10:09:03	CameraInterface		INFO	Read successful
21-02-2016 10:09:03	Controller		INFO	sending to transmitter
21-02-2016 10:09:03	Transmitter		INFO	pushing into buff
21-02-2016 10:09:03	DataProcessor		INFO	polling
21-02-2016 10:09:03	CameraInterface		INFO	Read successful
21-02-2016 10:09:03	Controller		INFO	sending to transmitter
21-02-2016 10:09:03	Transmitter		INFO	pushing into buff
21-02-2016 10:09:03	DataProcessor		INFO	polling
21-02-2016 10:09:03	CameraInterface		INFO	Read successful
21-02-2016 10:09:03	Controller		INFO	sending to transmitter
21-02-2016 10:09:03	Transmitter		INFO	pushing into buff
21-02-2016 10:09:03	DataProcessor		INFO	polling
21-02-2016 10:09:04	CameraInterface		INFO	Read successful
21-02-2016 10:09:04	Controller		INFO	sending to transmitter
21-02-2016 10:09:04	Transmitter		INFO	pushing into buff
21-02-2016 10:09:04	DataProcessor		INFO	polling
21-02-2016 10:09:04	CameraInterface		INFO	Read successful
21-02-2016 10:09:04	Controller		INFO	sending to transmitter
21-02-2016 10:09:04	Transmitter		INFO	pushing into buff
21-02-2016 10:09:04	DataProcessor		INFO	polling
21-02-2016 10:09:04	CameraInterface		INFO	Read successful
21-02-2016 10:09:04	Controller		INFO	sending to transmitter
21-02-2016 10:09:04	Transmitter		INFO	pushing into buff
21-02-2016 10:09:04	DataProcessor		INFO	polling
21-02-2016 10:09:04	CameraInterface		INFO	Read successful
21-02-2016 10:09:04	Controller		INFO	sending to transmitter
21-02-2016 10:09:04	Transmitter		INFO	pushing into buff
21-02-2016 10:09:04	DataProcessor		INFO	polling
21-02-2016 10:09:04	Transmitter		INFO	sending string: 940590
21-02-2016 10:09:04	CameraInterface		INFO	Read successful
21-02-2016 10:09:04	Controller		INFO	sending to transmitter
21-02-2016 10:09:04	Transmitter		INFO	pushing into buff
21-02-2016 10:09:04	DataProcessor		INFO	polling
21-02-2016 10:09:05	CameraInterface		INFO	Read successful
21-02-2016 10:09:05	Controller		INFO	sending to transmitter
21-02-2016 10:09:05	Transmitter		INFO	pushing into buff
21-02-2016 10:09:05	DataProcessor		INFO	polling
21-02-2016 10:09:05	CameraInterface		INFO	Read successful
21-02-2016 10:09:05	Controller		INFO	sending to transmitter
21-02-2016 10:09:05	Transmitter		INFO	pushing into buff
21-02-2016 10:09:05	DataProcessor		INFO	polling
21-02-2016 10:09:05	CameraInterface		INFO	Read successful
21-02-2016 10:09:05	Controller		INFO	sending to transmitter
21-02-2016 10:09:05	Transmitter		INFO	pushing into buff
21-02-2016 10:09:05	DataProcessor		INFO	polling
21-02-2016 10:09:06	CameraInterface		INFO	Read successful
21-02-2016 10:09:06	Controller		INFO	sending to transmitter
21-02-2016 10:09:06	Transmitter		INFO	pushing into buff
21-02-2016 10:09:06	DataProcessor		INFO	polling
21-02-2016 10:09:06	Transmitter		INFO	running
21-02-2016 10:09:06	Transmitter		INFO	getting from buffer
21-02-2016 10:09:06	CameraInterface		INFO	Read successful
21-02-2016 10:09:06	Controller		INFO	sending to transmitter
21-02-2016 10:09:06	Transmitter		INFO	pushing into buff
21-02-2016 10:09:06	DataProcessor		INFO	polling
21-02-2016 10:09:06	CameraInterface		INFO	Read successful
21-02-2016 10:09:06	Controller		INFO	sending to transmitter
21-02-2016 10:09:06	Transmitter		INFO	pushing into buff
21-02-2016 10:09:06	DataProcessor		INFO	polling
21-02-2016 10:09:07	CameraInterface		INFO	Read successful
21-02-2016 10:09:07	Controller		INFO	sending to transmitter
21-02-2016 10:09:07	Transmitter		INFO	pushing into buff
21-02-2016 10:09:07	DataProcessor		INFO	polling
21-02-2016 10:09:07	CameraInterface		INFO	Read successful
21-02-2016 10:09:07	Controller		INFO	sending to transmitter
21-02-2016 10:09:07	Transmitter		INFO	pushing into buff
21-02-2016 10:09:07	DataProcessor		INFO	polling
21-02-2016 10:09:07	CameraInterface		INFO	Read successful
21-02-2016 10:09:07	Controller		INFO	sending to transmitter
21-02-2016 10:09:07	Transmitter		INFO	pushing into buff
21-02-2016 10:09:07	DataProcessor		INFO	polling
21-02-2016 10:09:07	CameraInterface		INFO	Read successful
21-02-2016 10:09:07	Controller		INFO	sending to transmitter
21-02-2016 10:09:07	Transmitter		INFO	pushing into buff
21-02-2016 10:09:07	DataProcessor		INFO	polling
21-02-2016 10:09:07	CameraInterface		INFO	Read successful
21-02-2016 10:09:07	Controller		INFO	sending to transmitter
21-02-2016 10:09:07	Transmitter		INFO	pushing into buff
21-02-2016 10:09:07	DataProcessor		INFO	polling
21-02-2016 10:09:08	CameraInterface		INFO	Read successful
21-02-2016 10:09:08	Controller		INFO	sending to transmitter
21-02-2016 10:09:08	Transmitter		INFO	pushing into buff
21-02-2016 10:09:08	DataProcessor		INFO	polling
21-02-2016 10:09:08	CameraInterface		INFO	Read successful
21-02-2016 10:09:08	Controller		INFO	sending to transmitter
21-02-2016 10:09:08	Transmitter		INFO	pushing into buff
21-02-2016 10:09:08	DataProcessor		INFO	polling
21-02-2016 10:09:08	CameraInterface		INFO	Read successful
21-02-2016 10:09:08	Controller		INFO	sending to transmitter
21-02-2016 10:09:08	Transmitter		INFO	pushing into buff
21-02-2016 10:09:08	DataProcessor		INFO	polling
21-02-2016 10:09:08	CameraInterface		INFO	Read successful
21-02-2016 10:09:08	Controller		INFO	sending to transmitter
21-02-2016 10:09:08	Transmitter		INFO	pushing into buff
21-02-2016 10:09:08	DataProcessor		INFO	polling
21-02-2016 10:09:09	CameraInterface		INFO	Read successful
21-02-2016 10:09:09	Controller		INFO	sending to transmitter
21-02-2016 10:09:09	Transmitter		INFO	pushing into buff
21-02-2016 10:09:09	DataProcessor		INFO	polling
21-02-2016 10:09:09	CameraInterface		INFO	Read successful
21-02-2016 10:09:09	Controller		INFO	sending to transmitter
21-02-2016 10:09:09	Transmitter		INFO	pushing into buff
21-02-2016 10:09:09	DataProcessor		INFO	polling
21-02-2016 10:09:09	CameraInterface		INFO	Read successful
21-02-2016 10:09:09	Controller		INFO	sending to transmitter
21-02-2016 10:09:09	Transmitter		INFO	pushing into buff
21-02-2016 10:09:09	DataProcessor		INFO	polling
21-02-2016 10:09:09	CameraInterface		INFO	Read successful
21-02-2016 10:09:09	Controller		INFO	sending to transmitter
21-02-2016 10:09:09	Transmitter		INFO	pushing into buff
21-02-2016 10:09:09	DataProcessor		INFO	polling
21-02-2016 10:09:09	CameraInterface		INFO	Read successful
21-02-2016 10:09:09	Controller		INFO	sending to transmitter
21-02-2016 10:09:09	Transmitter		INFO	pushing into buff
21-02-2016 10:09:09	DataProcessor		INFO	polling
21-02-2016 10:09:10	CameraInterface		INFO	Read successful
21-02-2016 10:09:10	Controller		INFO	sending to transmitter
21-02-2016 10:09:10	Transmitter		INFO	pushing into buff
21-02-2016 10:09:10	DataProcessor		INFO	polling
21-02-2016 10:09:10	CameraInterface		INFO	Read successful
21-02-2016 10:09:10	Controller		INFO	sending to transmitter
21-02-2016 10:09:10	Transmitter		INFO	pushing into buff
21-02-2016 10:09:10	DataProcessor		INFO	polling
21-02-2016 10:09:10	CameraInterface		INFO	Read successful
21-02-2016 10:09:10	Controller		INFO	sending to transmitter
21-02-2016 10:09:10	Transmitter		INFO	pushing into buff
21-02-2016 10:09:10	DataProcessor		INFO	polling
21-02-2016 10:09:10	CameraInterface		INFO	Read successful
21-02-2016 10:09:10	Controller		INFO	sending to transmitter
21-02-2016 10:09:10	Transmitter		INFO	pushing into buff
21-02-2016 10:09:10	DataProcessor		INFO	polling
21-02-2016 10:09:11	CameraInterface		INFO	Read successful
21-02-2016 10:09:11	Controller		INFO	sending to transmitter
21-02-2016 10:09:11	Transmitter		INFO	pushing into buff
21-02-2016 10:09:11	DataProcessor		INFO	polling
21-02-2016 10:09:11	CameraInterface		INFO	Read successful
21-02-2016 10:09:11	Controller		INFO	sending to transmitter
21-02-2016 10:09:11	Transmitter		INFO	pushing into buff
21-02-2016 10:09:11	DataProcessor		INFO	polling
21-02-2016 10:09:11	CameraInterface		INFO	Read successful
21-02-2016 10:09:11	Controller		INFO	sending to transmitter
21-02-2016 10:09:11	Transmitter		INFO	pushing into buff
21-02-2016 10:09:11	DataProcessor		INFO	polling
21-02-2016 10:09:11	CameraInterface		INFO	Read successful
21-02-2016 10:09:11	Controller		INFO	sending to transmitter
21-02-2016 10:09:11	Transmitter		INFO	pushing into buff
21-02-2016 10:09:11	DataProcessor		INFO	polling
21-02-2016 10:09:11	CameraInterface		INFO	Read successful
21-02-2016 10:09:12	Controller		INFO	sending to transmitter
21-02-2016 10:09:12	Transmitter		INFO	pushing into buff
21-02-2016 10:09:12	DataProcessor		INFO	polling
21-02-2016 10:09:12	CameraInterface		INFO	Read successful
21-02-2016 10:09:12	Controller		INFO	sending to transmitter
21-02-2016 10:09:12	Transmitter		INFO	pushing into buff
21-02-2016 10:09:12	DataProcessor		INFO	polling
21-02-2016 10:09:12	CameraInterface		INFO	Read successful
21-02-2016 10:09:12	Controller		INFO	sending to transmitter
21-02-2016 10:09:12	Transmitter		INFO	pushing into buff
21-02-2016 10:09:12	DataProcessor		INFO	polling
21-02-2016 10:09:12	CameraInterface		INFO	Read successful
21-02-2016 10:09:12	Controller		INFO	sending to transmitter
21-02-2016 10:09:12	Transmitter		INFO	pushing into buff
21-02-2016 10:09:12	DataProcessor		INFO	polling
21-02-2016 10:09:12	CameraInterface		INFO	Read successful
21-02-2016 10:09:12	Controller		INFO	sending to transmitter
21-02-2016 10:09:12	Transmitter		INFO	pushing into buff
21-02-2016 10:09:12	DataProcessor		INFO	polling
21-02-2016 10:09:13	CameraInterface		INFO	Read successful
21-02-2016 10:09:13	Controller		INFO	sending to transmitter
21-02-2016 10:09:13	Transmitter		INFO	pushing into buff
21-02-2016 10:09:13	DataProcessor		INFO	polling
21-02-2016 10:09:13	CameraInterface		INFO	Read successful
21-02-2016 10:09:13	Controller		INFO	sending to transmitter
21-02-2016 10:09:13	Transmitter		INFO	pushing into buff
21-02-2016 10:09:13	DataProcessor		INFO	polling
21-02-2016 10:09:13	CameraInterface		INFO	Read successful
21-02-2016 10:09:13	Controller		INFO	sending to transmitter
21-02-2016 10:09:13	Transmitter		INFO	pushing into buff
21-02-2016 10:09:13	DataProcessor		INFO	polling
21-02-2016 10:09:13	CameraInterface		INFO	Read successful
21-02-2016 10:09:13	Controller		INFO	sending to transmitter
21-02-2016 10:09:13	Transmitter		INFO	pushing into buff
21-02-2016 10:09:13	DataProcessor		INFO	polling
21-02-2016 10:09:14	CameraInterface		INFO	Read successful
21-02-2016 10:09:14	Controller		INFO	sending to transmitter
21-02-2016 10:09:14	Transmitter		INFO	pushing into buff
21-02-2016 10:09:14	DataProcessor		INFO	polling
21-02-2016 10:09:14	CameraInterface		INFO	Read successful
21-02-2016 10:09:14	Controller		INFO	sending to transmitter
21-02-2016 10:09:14	Transmitter		INFO	pushing into buff
21-02-2016 10:09:14	DataProcessor		INFO	polling
21-02-2016 10:09:14	CameraInterface		INFO	Read successful
21-02-2016 10:09:14	Controller		INFO	sending to transmitter
21-02-2016 10:09:14	Transmitter		INFO	pushing into buff
21-02-2016 10:09:14	DataProcessor		INFO	polling
21-02-2016 10:09:14	CameraInterface		INFO	Read successful
21-02-2016 10:09:14	Controller		INFO	sending to transmitter
21-02-2016 10:09:14	Transmitter		INFO	pushing into buff
21-02-2016 10:09:14	DataProcessor		INFO	polling
21-02-2016 10:09:14	Transmitter		INFO	sending string: 1496041
21-02-2016 10:09:14	CameraInterface		INFO	Read successful
21-02-2016 10:09:15	Controller		INFO	sending to transmitter
21-02-2016 10:09:15	Transmitter		INFO	pushing into buff
21-02-2016 10:09:15	DataProcessor		INFO	polling
21-02-2016 10:09:15	CameraInterface		INFO	Read successful
21-02-2016 10:09:15	Controller		INFO	sending to transmitter
21-02-2016 10:09:15	Transmitter		INFO	pushing into buff
21-02-2016 10:09:15	DataProcessor		INFO	polling
21-02-2016 10:09:15	CameraInterface		INFO	Read successful
21-02-2016 10:09:15	Controller		INFO	sending to transmitter
21-02-2016 10:09:15	Transmitter		INFO	pushing into buff
21-02-2016 10:09:15	DataProcessor		INFO	polling
21-02-2016 10:09:15	CameraInterface		INFO	Read successful
21-02-2016 10:09:15	Controller		INFO	sending to transmitter
21-02-2016 10:09:15	Transmitter		INFO	pushing into buff
21-02-2016 10:09:15	DataProcessor		INFO	polling
21-02-2016 10:09:15	CameraInterface		INFO	Read successful
21-02-2016 10:09:15	Controller		INFO	sending to transmitter
21-02-2016 10:09:15	Transmitter		INFO	pushing into buff
21-02-2016 10:09:16	DataProcessor		INFO	polling
21-02-2016 10:09:16	CameraInterface		INFO	Read successful
21-02-2016 10:09:16	Controller		INFO	sending to transmitter
21-02-2016 10:09:16	Transmitter		INFO	pushing into buff
21-02-2016 10:09:16	DataProcessor		INFO	polling
21-02-2016 10:09:16	CameraInterface		INFO	Read successful
21-02-2016 10:09:16	Controller		INFO	sending to transmitter
21-02-2016 10:09:16	Transmitter		INFO	pushing into buff
21-02-2016 10:09:16	DataProcessor		INFO	polling
21-02-2016 10:09:16	CameraInterface		INFO	Read successful
21-02-2016 10:09:16	Controller		INFO	sending to transmitter
21-02-2016 10:09:16	Transmitter		INFO	pushing into buff
21-02-2016 10:09:16	DataProcessor		INFO	polling
21-02-2016 10:09:17	CameraInterface		INFO	Read successful
21-02-2016 10:09:17	Controller		INFO	sending to transmitter
21-02-2016 10:09:17	Transmitter		INFO	pushing into buff
21-02-2016 10:09:17	DataProcessor		INFO	polling
21-02-2016 10:09:17	CameraInterface		INFO	Read successful
21-02-2016 10:09:17	Controller		INFO	sending to transmitter
21-02-2016 10:09:17	Transmitter		INFO	pushing into buff
21-02-2016 10:09:17	DataProcessor		INFO	polling
21-02-2016 10:09:17	CameraInterface		INFO	Read successful
21-02-2016 10:09:17	Controller		INFO	sending to transmitter
21-02-2016 10:09:17	Transmitter		INFO	pushing into buff
21-02-2016 10:09:17	DataProcessor		INFO	polling
21-02-2016 10:09:18	CameraInterface		INFO	Read successful
21-02-2016 10:09:18	Controller		INFO	sending to transmitter
21-02-2016 10:09:18	Transmitter		INFO	pushing into buff
21-02-2016 10:09:18	DataProcessor		INFO	polling
21-02-2016 10:09:18	CameraInterface		INFO	Read successful
21-02-2016 10:09:18	Controller		INFO	sending to transmitter
21-02-2016 10:09:18	Transmitter		INFO	pushing into buff
21-02-2016 10:09:18	DataProcessor		INFO	polling
21-02-2016 10:09:18	CameraInterface		INFO	Read successful
21-02-2016 10:09:18	Controller		INFO	sending to transmitter
21-02-2016 10:09:18	Transmitter		INFO	pushing into buff
21-02-2016 10:09:18	DataProcessor		INFO	polling
21-02-2016 10:09:18	CameraInterface		INFO	Read successful
21-02-2016 10:09:18	Controller		INFO	sending to transmitter
21-02-2016 10:09:18	Transmitter		INFO	pushing into buff
21-02-2016 10:09:18	DataProcessor		INFO	polling
21-02-2016 10:09:24	CameraInterface		INFO	Read successful
21-02-2016 10:09:26	Controller		INFO	sending to transmitter
21-02-2016 10:09:26	Transmitter		INFO	pushing into buff
21-02-2016 10:09:26	DataProcessor		INFO	polling
21-02-2016 10:09:27	CameraInterface		INFO	Read successful
21-02-2016 10:09:27	Controller		INFO	sending to transmitter
21-02-2016 10:09:27	Transmitter		INFO	pushing into buff
21-02-2016 10:09:27	DataProcessor		INFO	polling
21-02-2016 10:09:27	CameraInterface		INFO	Read successful
21-02-2016 10:09:27	Controller		INFO	sending to transmitter
21-02-2016 10:09:27	Transmitter		INFO	pushing into buff
21-02-2016 10:09:27	DataProcessor		INFO	polling
21-02-2016 10:09:28	CameraInterface		INFO	Read successful
21-02-2016 10:09:28	Controller		INFO	sending to transmitter
21-02-2016 10:09:28	Transmitter		INFO	pushing into buff
21-02-2016 10:09:28	DataProcessor		INFO	polling
21-02-2016 10:09:28	CameraInterface		INFO	Read successful
21-02-2016 10:09:28	Controller		INFO	sending to transmitter
21-02-2016 10:09:28	Transmitter		INFO	pushing into buff
21-02-2016 10:09:28	DataProcessor		INFO	polling
21-02-2016 10:09:28	CameraInterface		INFO	Read successful
21-02-2016 10:09:28	Controller		INFO	sending to transmitter
21-02-2016 10:09:28	Transmitter		INFO	pushing into buff
21-02-2016 10:09:28	DataProcessor		INFO	polling
21-02-2016 10:09:29	CameraInterface		INFO	Read successful
21-02-2016 10:09:29	Controller		INFO	sending to transmitter
21-02-2016 10:09:29	Transmitter		INFO	pushing into buff
21-02-2016 10:09:29	DataProcessor		INFO	polling
21-02-2016 10:09:29	CameraInterface		INFO	Read successful
21-02-2016 10:09:29	Controller		INFO	sending to transmitter
21-02-2016 10:09:29	Transmitter		INFO	pushing into buff
21-02-2016 10:09:29	DataProcessor		INFO	polling
21-02-2016 10:09:29	CameraInterface		INFO	Read successful
21-02-2016 10:09:29	Controller		INFO	sending to transmitter
21-02-2016 10:09:29	Transmitter		INFO	pushing into buff
21-02-2016 10:09:29	DataProcessor		INFO	polling
21-02-2016 10:09:30	CameraInterface		INFO	Read successful
21-02-2016 10:09:30	Controller		INFO	sending to transmitter
21-02-2016 10:09:30	Transmitter		INFO	pushing into buff
21-02-2016 10:09:30	DataProcessor		INFO	polling
21-02-2016 10:09:30	CameraInterface		INFO	Read successful
21-02-2016 10:09:30	Controller		INFO	sending to transmitter
21-02-2016 10:09:30	Transmitter		INFO	pushing into buff
21-02-2016 10:09:30	DataProcessor		INFO	polling
21-02-2016 10:09:30	CameraInterface		INFO	Read successful
21-02-2016 10:09:30	Controller		INFO	sending to transmitter
21-02-2016 10:09:30	Transmitter		INFO	pushing into buff
21-02-2016 10:09:30	DataProcessor		INFO	polling
21-02-2016 10:09:30	CameraInterface		INFO	Read successful
21-02-2016 10:09:30	Controller		INFO	sending to transmitter
21-02-2016 10:09:30	Transmitter		INFO	pushing into buff
21-02-2016 10:09:30	DataProcessor		INFO	polling
21-02-2016 10:09:31	CameraInterface		INFO	Read successful
21-02-2016 10:09:31	Controller		INFO	sending to transmitter
21-02-2016 10:09:31	Transmitter		INFO	pushing into buff
21-02-2016 10:09:31	DataProcessor		INFO	polling
21-02-2016 10:09:32	CameraInterface		INFO	Read successful
21-02-2016 10:09:36	Controller		INFO	sending to transmitter
21-02-2016 10:09:37	Transmitter		INFO	pushing into buff
21-02-2016 10:09:37	DataProcessor		INFO	polling
21-02-2016 10:09:40	CameraInterface		INFO	Read successful
21-02-2016 10:09:40	Controller		INFO	sending to transmitter
21-02-2016 10:09:40	Transmitter		INFO	pushing into buff
21-02-2016 10:09:40	DataProcessor		INFO	polling
