16-03-2016 10:54:40	Main		TRACE	Logger initialized.
16-03-2016 10:54:40	PropertyReader		TRACE	Opening file: settings/settings.txt
16-03-2016 10:54:40	PropertyReader		INFO	File opened: settings/settings.txt
16-03-2016 10:54:40	PropertyReader		INFO	Loading properties file...
16-03-2016 10:54:40	PropertyReader		INFO	Mapped TRACE to LOGGING_LEVEL
16-03-2016 10:54:40	PropertyReader		INFO	Mapped 100 to CAM_BUFFER_SIZE
16-03-2016 10:54:40	PropertyReader		INFO	Mapped 15 to CAM_POLL_FREQUENCY
16-03-2016 10:54:40	PropertyReader		INFO	Mapped 0 to CAM_INDEX
16-03-2016 10:54:40	PropertyReader		DEBUG	Loaded 4 properties successfully
16-03-2016 10:54:40	Controller		INFO	Constructor controller
16-03-2016 10:54:40	Transmitter		INFO	socket retrieve success
16-03-2016 10:54:40	Transmitter		INFO	binding done
16-03-2016 10:54:40	Transmitter		INFO	done listening
16-03-2016 10:56:10	Transmitter		INFO	accepting
16-03-2016 10:56:10	Main		TRACE	intializing controller
16-03-2016 10:56:10	Controller		INFO	Initializing Controller
16-03-2016 10:56:10	Main		TRACE	initializing dataprocessor
16-03-2016 10:56:10	CameraInterface		INFO	Initializing camera
16-03-2016 10:56:10	CameraInterface		INFO	Opening video capture stream at position 0
16-03-2016 10:56:10	Receiver		INFO	Starting Receiver Thread execution loop
16-03-2016 10:56:10	ControllerThread		INFO	Starting Controller Thread execution loop
16-03-2016 10:56:10	Transmitter		INFO	Starting Receiver Thread execution loop
16-03-2016 10:56:10	Transmitter		INFO	running
16-03-2016 10:56:10	Transmitter		INFO	running
16-03-2016 10:56:10	Transmitter		INFO	running
16-03-2016 10:56:10	Transmitter		INFO	running
16-03-2016 10:56:10	Transmitter		INFO	running
16-03-2016 10:56:10	Transmitter		INFO	running
16-03-2016 10:56:10	Transmitter		INFO	running
16-03-2016 10:56:10	Transmitter		INFO	running
16-03-2016 10:56:10	Transmitter		INFO	running
16-03-2016 10:56:10	Transmitter		INFO	running
16-03-2016 10:56:10	Transmitter		INFO	running
16-03-2016 10:56:10	Transmitter		INFO	running
16-03-2016 10:56:10	Transmitter		INFO	running
16-03-2016 10:56:10	Transmitter		INFO	running
16-03-2016 10:56:10	Transmitter		INFO	running
16-03-2016 10:56:10	Transmitter		INFO	running
16-03-2016 10:56:10	Transmitter		INFO	running
16-03-2016 10:56:10	Transmitter		INFO	running
16-03-2016 10:56:10	Transmitter		INFO	running
16-03-2016 10:56:10	Transmitter		INFO	running
16-03-2016 10:56:10	Transmitter		INFO	running
16-03-2016 10:56:10	Transmitter		INFO	running
16-03-2016 10:56:11	Transmitter		INFO	running
16-03-2016 10:56:11	Transmitter		INFO	running
16-03-2016 10:56:11	Transmitter		INFO	running
16-03-2016 10:56:11	Transmitter		INFO	running
16-03-2016 10:56:11	Transmitter		INFO	running
16-03-2016 10:56:11	Transmitter		INFO	running
16-03-2016 10:56:11	Transmitter		INFO	running
16-03-2016 10:56:11	Transmitter		INFO	running
16-03-2016 10:56:11	Transmitter		INFO	running
16-03-2016 10:56:11	Transmitter		INFO	running
16-03-2016 10:56:11	Transmitter		INFO	running
16-03-2016 10:56:11	Transmitter		INFO	running
16-03-2016 10:56:11	Transmitter		INFO	running
16-03-2016 10:56:11	Transmitter		INFO	running
16-03-2016 10:56:11	Transmitter		INFO	running
16-03-2016 10:56:11	Transmitter		INFO	running
16-03-2016 10:56:11	Transmitter		INFO	running
16-03-2016 10:56:11	Transmitter		INFO	running
16-03-2016 10:56:11	Transmitter		INFO	running
16-03-2016 10:56:11	Transmitter		INFO	running
16-03-2016 10:56:11	Transmitter		INFO	running
16-03-2016 10:56:11	Transmitter		INFO	running
16-03-2016 10:56:11	Transmitter		INFO	running
16-03-2016 10:56:11	Transmitter		INFO	running
16-03-2016 10:56:11	Transmitter		INFO	running
16-03-2016 10:56:11	Transmitter		INFO	running
16-03-2016 10:56:11	Transmitter		INFO	running
16-03-2016 10:56:11	Transmitter		INFO	running
16-03-2016 10:56:11	Main		TRACE	running controller
16-03-2016 10:56:11	DataProcessor		INFO	polling
16-03-2016 10:56:11	DataProcessor		INFO	polling
16-03-2016 10:56:11	Transmitter		INFO	running
16-03-2016 10:56:11	Transmitter		INFO	running
16-03-2016 10:56:11	Transmitter		INFO	running
16-03-2016 10:56:11	Transmitter		INFO	running
16-03-2016 10:56:11	Transmitter		INFO	running
16-03-2016 10:56:11	Transmitter		INFO	running
16-03-2016 10:56:11	Transmitter		INFO	running
16-03-2016 10:56:11	Transmitter		INFO	running
16-03-2016 10:56:11	Transmitter		INFO	running
16-03-2016 10:56:11	Transmitter		INFO	running
16-03-2016 10:56:11	Transmitter		INFO	running
16-03-2016 10:56:11	Transmitter		INFO	running
16-03-2016 10:56:11	Transmitter		INFO	running
16-03-2016 10:56:11	Transmitter		INFO	running
16-03-2016 10:56:11	Transmitter		INFO	running
16-03-2016 10:56:11	Transmitter		INFO	running
16-03-2016 10:56:11	Transmitter		INFO	running
16-03-2016 10:56:11	Transmitter		INFO	running
16-03-2016 10:56:11	Transmitter		INFO	running
16-03-2016 10:56:11	Transmitter		INFO	running
16-03-2016 10:56:11	Transmitter		INFO	running
16-03-2016 10:56:11	Transmitter		INFO	running
16-03-2016 10:56:11	Transmitter		INFO	running
16-03-2016 10:56:11	Transmitter		INFO	running
16-03-2016 10:56:11	Transmitter		INFO	running
16-03-2016 10:56:11	Transmitter		INFO	running
16-03-2016 10:56:11	Transmitter		INFO	running
16-03-2016 10:56:11	Transmitter		INFO	running
16-03-2016 10:56:11	Transmitter		INFO	running
16-03-2016 10:56:11	Transmitter		INFO	running
16-03-2016 10:56:11	Transmitter		INFO	running
16-03-2016 10:56:11	Transmitter		INFO	running
16-03-2016 10:56:11	Transmitter		INFO	running
16-03-2016 10:56:11	Transmitter		INFO	running
16-03-2016 10:56:11	Transmitter		INFO	running
16-03-2016 10:56:11	Transmitter		INFO	running
16-03-2016 10:56:11	Transmitter		INFO	running
16-03-2016 10:56:11	Transmitter		INFO	running
16-03-2016 10:56:11	Transmitter		INFO	running
16-03-2016 10:56:11	Transmitter		INFO	running
16-03-2016 10:56:11	Transmitter		INFO	running
16-03-2016 10:56:11	Transmitter		INFO	running
16-03-2016 10:56:11	Transmitter		INFO	running
16-03-2016 10:56:11	Transmitter		INFO	running
16-03-2016 10:56:11	Transmitter		INFO	running
16-03-2016 10:56:11	Transmitter		INFO	running
16-03-2016 10:56:11	Transmitter		INFO	running
16-03-2016 10:56:11	Transmitter		INFO	running
16-03-2016 10:56:11	Transmitter		INFO	running
16-03-2016 10:56:11	Transmitter		INFO	running
16-03-2016 10:56:11	Transmitter		INFO	running
16-03-2016 10:56:11	Transmitter		INFO	running
16-03-2016 10:56:11	Transmitter		INFO	running
16-03-2016 10:56:11	Transmitter		INFO	running
16-03-2016 10:56:11	Transmitter		INFO	running
16-03-2016 10:56:11	Transmitter		INFO	running
16-03-2016 10:56:11	Transmitter		INFO	running
16-03-2016 10:56:11	Transmitter		INFO	running
16-03-2016 10:56:11	Transmitter		INFO	running
16-03-2016 10:56:11	Transmitter		INFO	running
16-03-2016 10:56:11	Transmitter		INFO	running
16-03-2016 10:56:11	Transmitter		INFO	running
16-03-2016 10:56:11	Transmitter		INFO	running
16-03-2016 10:56:11	Transmitter		INFO	running
16-03-2016 10:56:11	Transmitter		INFO	running
16-03-2016 10:56:11	Transmitter		INFO	running
16-03-2016 10:56:11	Transmitter		INFO	running
16-03-2016 10:56:11	Transmitter		INFO	running
16-03-2016 10:56:11	Transmitter		INFO	running
16-03-2016 10:56:11	Transmitter		INFO	running
16-03-2016 10:56:11	Transmitter		INFO	running
16-03-2016 10:56:11	Transmitter		INFO	running
16-03-2016 10:56:11	Transmitter		INFO	running
16-03-2016 10:56:11	Transmitter		INFO	running
16-03-2016 10:56:11	Transmitter		INFO	running
16-03-2016 10:56:11	Transmitter		INFO	running
16-03-2016 10:56:11	Transmitter		INFO	running
16-03-2016 10:56:11	Transmitter		INFO	running
16-03-2016 10:56:11	Transmitter		INFO	running
16-03-2016 10:56:11	Transmitter		INFO	running
16-03-2016 10:56:11	Transmitter		INFO	running
16-03-2016 10:56:11	Transmitter		INFO	running
16-03-2016 10:56:11	Transmitter		INFO	running
16-03-2016 10:56:11	Transmitter		INFO	running
16-03-2016 10:56:11	Transmitter		INFO	running
16-03-2016 10:56:11	Transmitter		INFO	running
16-03-2016 10:56:12	Transmitter		INFO	running
16-03-2016 10:56:12	Transmitter		INFO	running
16-03-2016 10:56:12	Transmitter		INFO	running
16-03-2016 10:56:12	Transmitter		INFO	running
16-03-2016 10:56:12	Transmitter		INFO	running
16-03-2016 10:56:12	Transmitter		INFO	running
16-03-2016 10:56:12	Transmitter		INFO	running
16-03-2016 10:56:12	CameraInterface		INFO	Read successful
16-03-2016 10:56:12	Transmitter		INFO	running
16-03-2016 10:56:12	Transmitter		INFO	running
16-03-2016 10:56:12	Transmitter		INFO	running
16-03-2016 10:56:12	Transmitter		INFO	running
16-03-2016 10:56:12	Transmitter		INFO	running
16-03-2016 10:56:12	Transmitter		INFO	running
16-03-2016 10:56:12	Transmitter		INFO	running
16-03-2016 10:56:12	Transmitter		INFO	running
16-03-2016 10:56:12	Transmitter		INFO	running
16-03-2016 10:56:12	Transmitter		INFO	running
16-03-2016 10:56:12	Transmitter		INFO	running
16-03-2016 10:56:12	Transmitter		INFO	running
16-03-2016 10:56:12	Transmitter		INFO	running
16-03-2016 10:56:12	Transmitter		INFO	running
16-03-2016 10:56:12	Transmitter		INFO	running
16-03-2016 10:56:12	Transmitter		INFO	running
16-03-2016 10:56:12	Transmitter		INFO	running
16-03-2016 10:56:12	Transmitter		INFO	running
16-03-2016 10:56:12	Transmitter		INFO	running
16-03-2016 10:56:12	Transmitter		INFO	running
16-03-2016 10:56:12	Transmitter		INFO	running
16-03-2016 10:56:12	Transmitter		INFO	running
16-03-2016 10:56:12	Transmitter		INFO	running
16-03-2016 10:56:12	Transmitter		INFO	running
16-03-2016 10:56:12	Transmitter		INFO	running
16-03-2016 10:56:12	Transmitter		INFO	running
16-03-2016 10:56:12	Transmitter		INFO	running
16-03-2016 10:56:12	Transmitter		INFO	running
16-03-2016 10:56:12	Transmitter		INFO	running
16-03-2016 10:56:12	Transmitter		INFO	running
16-03-2016 10:56:12	Transmitter		INFO	running
16-03-2016 10:56:12	Transmitter		INFO	running
16-03-2016 10:56:12	Transmitter		INFO	running
16-03-2016 10:56:12	Transmitter		INFO	running
16-03-2016 10:56:12	Transmitter		INFO	running
16-03-2016 10:56:12	Transmitter		INFO	running
16-03-2016 10:56:12	Transmitter		INFO	running
16-03-2016 10:56:12	Transmitter		INFO	running
16-03-2016 10:56:12	Transmitter		INFO	running
16-03-2016 10:56:12	Transmitter		INFO	running
16-03-2016 10:56:12	Transmitter		INFO	running
16-03-2016 10:56:12	Transmitter		INFO	running
16-03-2016 10:56:12	Transmitter		INFO	running
16-03-2016 10:56:12	Transmitter		INFO	running
16-03-2016 10:56:12	Transmitter		INFO	running
16-03-2016 10:56:12	Transmitter		INFO	running
16-03-2016 10:56:12	Transmitter		INFO	running
16-03-2016 10:56:12	Transmitter		INFO	running
16-03-2016 10:56:12	Transmitter		INFO	running
16-03-2016 10:56:12	Transmitter		INFO	running
16-03-2016 10:56:12	Transmitter		INFO	running
16-03-2016 10:56:12	Transmitter		INFO	running
16-03-2016 10:56:12	Transmitter		INFO	running
16-03-2016 10:56:12	Transmitter		INFO	running
16-03-2016 10:56:12	Transmitter		INFO	running
16-03-2016 10:56:12	Transmitter		INFO	running
16-03-2016 10:56:12	Transmitter		INFO	running
16-03-2016 10:56:12	Transmitter		INFO	running
16-03-2016 10:56:12	Transmitter		INFO	running
16-03-2016 10:56:12	Transmitter		INFO	running
16-03-2016 10:56:12	Transmitter		INFO	running
16-03-2016 10:56:12	Transmitter		INFO	running
16-03-2016 10:56:12	Transmitter		INFO	running
16-03-2016 10:56:12	Transmitter		INFO	running
16-03-2016 10:56:12	Transmitter		INFO	running
16-03-2016 10:56:13	Transmitter		INFO	running
16-03-2016 10:56:13	Transmitter		INFO	running
16-03-2016 10:56:13	Transmitter		INFO	running
16-03-2016 10:56:13	Transmitter		INFO	running
16-03-2016 10:56:13	Transmitter		INFO	running
16-03-2016 10:56:13	Transmitter		INFO	running
16-03-2016 10:56:13	Transmitter		INFO	running
16-03-2016 10:56:13	Transmitter		INFO	running
16-03-2016 10:56:13	Transmitter		INFO	running
16-03-2016 10:56:13	Transmitter		INFO	running
16-03-2016 10:56:13	Transmitter		INFO	running
16-03-2016 10:56:13	Transmitter		INFO	running
16-03-2016 10:56:13	Transmitter		INFO	running
16-03-2016 10:56:13	Transmitter		INFO	running
16-03-2016 10:56:13	Transmitter		INFO	running
16-03-2016 10:56:13	Transmitter		INFO	running
16-03-2016 10:56:13	Transmitter		INFO	running
16-03-2016 10:56:13	Transmitter		INFO	running
16-03-2016 10:56:13	Transmitter		INFO	running
16-03-2016 10:56:13	Transmitter		INFO	running
16-03-2016 10:56:13	Transmitter		INFO	running
16-03-2016 10:56:13	Transmitter		INFO	running
16-03-2016 10:56:13	Transmitter		INFO	running
16-03-2016 10:56:13	Transmitter		INFO	running
16-03-2016 10:56:13	Transmitter		INFO	running
16-03-2016 10:56:13	Transmitter		INFO	running
16-03-2016 10:56:13	Transmitter		INFO	running
16-03-2016 10:56:13	Transmitter		INFO	running
16-03-2016 10:56:13	Transmitter		INFO	running
16-03-2016 10:56:13	Transmitter		INFO	running
16-03-2016 10:56:13	Transmitter		INFO	running
16-03-2016 10:56:13	Transmitter		INFO	running
16-03-2016 10:56:13	Transmitter		INFO	running
16-03-2016 10:56:13	Transmitter		INFO	running
16-03-2016 10:56:13	Transmitter		INFO	running
16-03-2016 10:56:13	Transmitter		INFO	running
16-03-2016 10:56:13	Transmitter		INFO	running
16-03-2016 10:56:13	Transmitter		INFO	running
16-03-2016 10:56:13	Transmitter		INFO	running
16-03-2016 10:56:13	Transmitter		INFO	running
16-03-2016 10:56:13	Transmitter		INFO	running
16-03-2016 10:56:13	Transmitter		INFO	running
16-03-2016 10:56:13	Transmitter		INFO	running
16-03-2016 10:56:13	Transmitter		INFO	running
16-03-2016 10:56:13	Transmitter		INFO	running
16-03-2016 10:56:13	Transmitter		INFO	running
16-03-2016 10:56:13	Transmitter		INFO	running
16-03-2016 10:56:13	Transmitter		INFO	running
16-03-2016 10:56:13	Transmitter		INFO	running
16-03-2016 10:56:13	Transmitter		INFO	running
16-03-2016 10:56:13	Transmitter		INFO	running
16-03-2016 10:56:13	Transmitter		INFO	running
16-03-2016 10:56:13	Transmitter		INFO	running
16-03-2016 10:56:13	Transmitter		INFO	running
16-03-2016 10:56:13	Transmitter		INFO	running
16-03-2016 10:56:13	Transmitter		INFO	running
16-03-2016 10:56:13	Transmitter		INFO	running
16-03-2016 10:56:13	Transmitter		INFO	running
16-03-2016 10:56:13	Transmitter		INFO	running
16-03-2016 10:56:13	Transmitter		INFO	running
16-03-2016 10:56:13	Transmitter		INFO	running
16-03-2016 10:56:13	Transmitter		INFO	running
16-03-2016 10:56:13	Transmitter		INFO	running
16-03-2016 10:56:13	Transmitter		INFO	running
16-03-2016 10:56:13	Transmitter		INFO	running
16-03-2016 10:56:13	Transmitter		INFO	running
16-03-2016 10:56:13	Transmitter		INFO	running
16-03-2016 10:56:13	Transmitter		INFO	running
16-03-2016 10:56:13	Transmitter		INFO	running
16-03-2016 10:56:13	Transmitter		INFO	running
16-03-2016 10:56:13	Transmitter		INFO	running
16-03-2016 10:56:13	Transmitter		INFO	running
16-03-2016 10:56:13	Transmitter		INFO	running
16-03-2016 10:56:13	Transmitter		INFO	running
16-03-2016 10:56:13	Transmitter		INFO	running
16-03-2016 10:56:13	Transmitter		INFO	running
16-03-2016 10:56:13	Transmitter		INFO	running
16-03-2016 10:56:13	Transmitter		INFO	running
16-03-2016 10:56:13	Transmitter		INFO	running
16-03-2016 10:56:13	Transmitter		INFO	running
16-03-2016 10:56:13	Transmitter		INFO	running
16-03-2016 10:56:13	Transmitter		INFO	running
16-03-2016 10:56:13	Transmitter		INFO	running
16-03-2016 10:56:13	Transmitter		INFO	running
16-03-2016 10:56:13	Transmitter		INFO	running
16-03-2016 10:56:13	Transmitter		INFO	running
16-03-2016 10:56:13	Transmitter		INFO	running
16-03-2016 10:56:13	Transmitter		INFO	running
16-03-2016 10:56:13	Transmitter		INFO	running
16-03-2016 10:56:13	Transmitter		INFO	running
16-03-2016 10:56:13	Transmitter		INFO	running
16-03-2016 10:56:13	Transmitter		INFO	running
16-03-2016 10:56:13	Transmitter		INFO	running
16-03-2016 10:56:13	Transmitter		INFO	running
16-03-2016 10:56:13	Transmitter		INFO	running
16-03-2016 10:56:13	Transmitter		INFO	running
16-03-2016 10:56:13	Transmitter		INFO	running
16-03-2016 10:56:13	Transmitter		INFO	running
16-03-2016 10:56:14	Transmitter		INFO	running
16-03-2016 10:56:14	Transmitter		INFO	running
16-03-2016 10:56:14	Transmitter		INFO	running
16-03-2016 10:56:14	Transmitter		INFO	running
16-03-2016 10:56:14	Transmitter		INFO	running
16-03-2016 10:56:14	Transmitter		INFO	running
16-03-2016 10:56:14	Transmitter		INFO	running
16-03-2016 10:56:14	Transmitter		INFO	running
16-03-2016 10:56:14	Transmitter		INFO	running
16-03-2016 10:56:14	Transmitter		INFO	running
16-03-2016 10:56:14	Transmitter		INFO	running
16-03-2016 10:56:14	Transmitter		INFO	running
16-03-2016 10:56:14	Transmitter		INFO	running
16-03-2016 10:56:14	Transmitter		INFO	running
16-03-2016 10:56:14	Transmitter		INFO	running
16-03-2016 10:56:14	Transmitter		INFO	running
16-03-2016 10:56:14	Transmitter		INFO	running
16-03-2016 10:56:14	Transmitter		INFO	running
16-03-2016 10:56:14	Transmitter		INFO	running
16-03-2016 10:56:14	Transmitter		INFO	running
16-03-2016 10:56:14	Transmitter		INFO	running
16-03-2016 10:56:14	Transmitter		INFO	running
16-03-2016 10:56:14	Transmitter		INFO	running
16-03-2016 10:56:14	Transmitter		INFO	running
16-03-2016 10:56:14	Transmitter		INFO	running
16-03-2016 10:56:14	Transmitter		INFO	running
16-03-2016 10:56:14	Transmitter		INFO	running
16-03-2016 10:56:14	Transmitter		INFO	running
16-03-2016 10:56:14	Transmitter		INFO	running
16-03-2016 10:56:14	Transmitter		INFO	running
16-03-2016 10:56:14	Transmitter		INFO	running
16-03-2016 10:56:14	Transmitter		INFO	running
16-03-2016 10:56:14	Transmitter		INFO	running
16-03-2016 10:56:14	Transmitter		INFO	running
16-03-2016 10:56:14	Transmitter		INFO	running
16-03-2016 10:56:14	Transmitter		INFO	running
16-03-2016 10:56:14	Transmitter		INFO	running
16-03-2016 10:56:14	Transmitter		INFO	running
16-03-2016 10:56:14	Transmitter		INFO	running
16-03-2016 10:56:14	Transmitter		INFO	running
16-03-2016 10:56:14	Transmitter		INFO	running
16-03-2016 10:56:14	Transmitter		INFO	running
16-03-2016 10:56:14	Transmitter		INFO	running
16-03-2016 10:56:14	Transmitter		INFO	running
16-03-2016 10:56:14	Transmitter		INFO	running
16-03-2016 10:56:14	Transmitter		INFO	running
16-03-2016 10:56:14	Transmitter		INFO	running
16-03-2016 10:56:14	Transmitter		INFO	running
16-03-2016 10:56:14	Transmitter		INFO	running
16-03-2016 10:56:14	Transmitter		INFO	running
16-03-2016 10:56:14	Transmitter		INFO	running
16-03-2016 10:56:14	Transmitter		INFO	running
16-03-2016 10:56:14	Transmitter		INFO	running
16-03-2016 10:56:14	Transmitter		INFO	running
16-03-2016 10:56:14	Transmitter		INFO	running
16-03-2016 10:56:14	Transmitter		INFO	running
16-03-2016 10:56:14	Transmitter		INFO	running
16-03-2016 10:56:14	Transmitter		INFO	running
16-03-2016 10:56:14	Transmitter		INFO	running
16-03-2016 10:56:14	Transmitter		INFO	running
16-03-2016 10:56:14	Transmitter		INFO	running
16-03-2016 10:56:14	Transmitter		INFO	running
16-03-2016 10:56:14	Transmitter		INFO	running
16-03-2016 10:56:14	Transmitter		INFO	running
16-03-2016 10:56:14	Transmitter		INFO	running
16-03-2016 10:56:14	Transmitter		INFO	running
16-03-2016 10:56:14	Transmitter		INFO	running
16-03-2016 10:56:14	Transmitter		INFO	running
16-03-2016 10:56:14	Transmitter		INFO	running
16-03-2016 10:56:14	Transmitter		INFO	running
16-03-2016 10:56:14	Transmitter		INFO	running
16-03-2016 10:56:14	Transmitter		INFO	running
16-03-2016 10:56:14	Transmitter		INFO	running
16-03-2016 10:56:14	Transmitter		INFO	running
16-03-2016 10:56:14	Transmitter		INFO	running
16-03-2016 10:56:14	Transmitter		INFO	running
16-03-2016 10:56:14	Transmitter		INFO	running
16-03-2016 10:56:14	Transmitter		INFO	running
16-03-2016 10:56:14	Transmitter		INFO	running
16-03-2016 10:56:14	Transmitter		INFO	running
16-03-2016 10:56:14	Transmitter		INFO	running
16-03-2016 10:56:14	Transmitter		INFO	running
16-03-2016 10:56:14	Transmitter		INFO	running
16-03-2016 10:56:14	Transmitter		INFO	running
16-03-2016 10:56:14	Transmitter		INFO	running
16-03-2016 10:56:14	Transmitter		INFO	running
16-03-2016 10:56:14	Transmitter		INFO	running
16-03-2016 10:56:14	Transmitter		INFO	running
16-03-2016 10:56:14	Transmitter		INFO	running
16-03-2016 10:56:14	Transmitter		INFO	running
16-03-2016 10:56:14	Transmitter		INFO	running
16-03-2016 10:56:14	Transmitter		INFO	running
16-03-2016 10:56:14	Transmitter		INFO	running
16-03-2016 10:56:14	Transmitter		INFO	running
16-03-2016 10:56:14	Transmitter		INFO	running
16-03-2016 10:56:14	Transmitter		INFO	running
16-03-2016 10:56:14	Transmitter		INFO	running
16-03-2016 10:56:14	Transmitter		INFO	running
16-03-2016 10:56:14	Transmitter		INFO	running
16-03-2016 10:56:14	Transmitter		INFO	running
16-03-2016 10:56:14	Transmitter		INFO	running
16-03-2016 10:56:14	Transmitter		INFO	running
16-03-2016 10:56:14	Transmitter		INFO	running
16-03-2016 10:56:14	Transmitter		INFO	running
16-03-2016 10:56:14	Transmitter		INFO	running
16-03-2016 10:56:14	Transmitter		INFO	running
16-03-2016 10:56:14	Transmitter		INFO	running
16-03-2016 10:56:14	Transmitter		INFO	running
16-03-2016 10:56:14	Transmitter		INFO	running
16-03-2016 10:56:14	Transmitter		INFO	running
16-03-2016 10:56:14	Transmitter		INFO	running
16-03-2016 10:56:14	Transmitter		INFO	running
16-03-2016 10:56:15	Transmitter		INFO	running
16-03-2016 10:56:15	Transmitter		INFO	running
16-03-2016 10:56:15	Transmitter		INFO	running
16-03-2016 10:56:15	Transmitter		INFO	running
16-03-2016 10:56:15	Transmitter		INFO	running
16-03-2016 10:56:15	Transmitter		INFO	running
16-03-2016 10:56:15	Transmitter		INFO	running
16-03-2016 10:56:15	Transmitter		INFO	running
16-03-2016 10:56:15	Transmitter		INFO	running
16-03-2016 10:56:15	Transmitter		INFO	running
16-03-2016 10:56:15	Transmitter		INFO	running
16-03-2016 10:56:15	Transmitter		INFO	running
16-03-2016 10:56:15	Transmitter		INFO	running
16-03-2016 10:56:15	Transmitter		INFO	running
16-03-2016 10:56:15	Transmitter		INFO	running
16-03-2016 10:56:15	Transmitter		INFO	running
16-03-2016 10:56:15	Transmitter		INFO	running
16-03-2016 10:56:15	Transmitter		INFO	running
16-03-2016 10:56:15	Transmitter		INFO	running
16-03-2016 10:56:15	Transmitter		INFO	running
16-03-2016 10:56:15	Transmitter		INFO	running
16-03-2016 10:56:15	Transmitter		INFO	running
16-03-2016 10:56:15	Transmitter		INFO	running
16-03-2016 10:56:15	Transmitter		INFO	running
16-03-2016 10:56:15	Transmitter		INFO	running
16-03-2016 10:56:15	Transmitter		INFO	running
16-03-2016 10:56:15	Transmitter		INFO	running
16-03-2016 10:56:15	Transmitter		INFO	running
16-03-2016 10:56:15	Transmitter		INFO	running
16-03-2016 10:56:15	Transmitter		INFO	running
16-03-2016 10:56:15	Transmitter		INFO	running
16-03-2016 10:56:15	Transmitter		INFO	running
16-03-2016 10:56:15	Transmitter		INFO	running
16-03-2016 10:56:15	Transmitter		INFO	running
16-03-2016 10:56:15	Transmitter		INFO	running
16-03-2016 10:56:15	Transmitter		INFO	running
16-03-2016 10:56:15	Transmitter		INFO	running
16-03-2016 10:56:15	Transmitter		INFO	running
16-03-2016 10:56:15	Transmitter		INFO	running
16-03-2016 10:56:15	Transmitter		INFO	running
16-03-2016 10:56:15	Transmitter		INFO	running
16-03-2016 10:56:15	Transmitter		INFO	running
16-03-2016 10:56:15	Transmitter		INFO	running
16-03-2016 10:56:15	Transmitter		INFO	running
16-03-2016 10:56:15	Transmitter		INFO	running
16-03-2016 10:56:15	Transmitter		INFO	running
16-03-2016 10:56:15	Transmitter		INFO	running
16-03-2016 10:56:15	Transmitter		INFO	running
16-03-2016 10:56:15	Transmitter		INFO	running
16-03-2016 10:56:15	Transmitter		INFO	running
16-03-2016 10:56:15	Transmitter		INFO	running
16-03-2016 10:56:15	Transmitter		INFO	running
16-03-2016 10:56:15	Transmitter		INFO	running
16-03-2016 10:56:15	Transmitter		INFO	running
16-03-2016 10:56:15	Transmitter		INFO	running
16-03-2016 10:56:15	Transmitter		INFO	running
16-03-2016 10:56:15	Transmitter		INFO	running
16-03-2016 10:56:15	Transmitter		INFO	running
16-03-2016 10:56:15	Transmitter		INFO	running
16-03-2016 10:56:15	Transmitter		INFO	running
16-03-2016 10:56:15	Transmitter		INFO	running
16-03-2016 10:56:15	Transmitter		INFO	running
16-03-2016 10:56:15	Transmitter		INFO	running
16-03-2016 10:56:15	Transmitter		INFO	running
16-03-2016 10:56:15	Transmitter		INFO	running
16-03-2016 10:56:15	Transmitter		INFO	running
16-03-2016 10:56:15	Transmitter		INFO	running
16-03-2016 10:56:15	Transmitter		INFO	running
16-03-2016 10:56:15	Transmitter		INFO	running
16-03-2016 10:56:15	Transmitter		INFO	running
16-03-2016 10:56:15	Transmitter		INFO	running
16-03-2016 10:56:15	Transmitter		INFO	running
16-03-2016 10:56:15	Transmitter		INFO	running
16-03-2016 10:56:15	Transmitter		INFO	running
16-03-2016 10:56:15	Transmitter		INFO	running
16-03-2016 10:56:15	Transmitter		INFO	running
16-03-2016 10:56:15	Transmitter		INFO	running
16-03-2016 10:56:15	Transmitter		INFO	running
16-03-2016 10:56:15	Transmitter		INFO	running
16-03-2016 10:56:15	Transmitter		INFO	running
16-03-2016 10:56:15	Transmitter		INFO	running
16-03-2016 10:56:15	Transmitter		INFO	running
16-03-2016 10:56:15	Transmitter		INFO	running
16-03-2016 10:56:15	Transmitter		INFO	running
16-03-2016 10:56:16	Transmitter		INFO	running
16-03-2016 10:56:16	Transmitter		INFO	running
16-03-2016 10:56:16	Transmitter		INFO	running
16-03-2016 10:56:16	Transmitter		INFO	running
16-03-2016 10:56:16	Transmitter		INFO	running
16-03-2016 10:56:16	Transmitter		INFO	running
16-03-2016 10:56:16	Transmitter		INFO	running
16-03-2016 10:56:16	Transmitter		INFO	running
16-03-2016 10:56:16	Transmitter		INFO	running
16-03-2016 10:56:16	Transmitter		INFO	running
16-03-2016 10:56:16	Transmitter		INFO	running
16-03-2016 10:56:16	Transmitter		INFO	running
16-03-2016 10:56:16	Transmitter		INFO	running
16-03-2016 10:56:16	Transmitter		INFO	running
16-03-2016 10:56:16	Transmitter		INFO	running
16-03-2016 10:56:16	Transmitter		INFO	running
16-03-2016 10:56:16	Transmitter		INFO	running
16-03-2016 10:56:16	Transmitter		INFO	running
16-03-2016 10:56:16	Transmitter		INFO	running
16-03-2016 10:56:16	Transmitter		INFO	running
16-03-2016 10:56:16	Transmitter		INFO	running
16-03-2016 10:56:16	Transmitter		INFO	running
16-03-2016 10:56:16	Transmitter		INFO	running
16-03-2016 10:56:16	Transmitter		INFO	running
16-03-2016 10:56:16	Transmitter		INFO	running
16-03-2016 10:56:16	Transmitter		INFO	running
16-03-2016 10:56:16	Transmitter		INFO	running
16-03-2016 10:56:16	Transmitter		INFO	running
16-03-2016 10:56:16	Transmitter		INFO	running
16-03-2016 10:56:16	Transmitter		INFO	running
16-03-2016 10:56:16	Transmitter		INFO	running
16-03-2016 10:56:16	Transmitter		INFO	running
16-03-2016 10:56:16	Transmitter		INFO	running
16-03-2016 10:56:16	Transmitter		INFO	running
16-03-2016 10:56:16	Transmitter		INFO	running
16-03-2016 10:56:16	Transmitter		INFO	running
16-03-2016 10:56:16	Transmitter		INFO	running
16-03-2016 10:56:16	Transmitter		INFO	running
16-03-2016 10:56:16	Transmitter		INFO	running
16-03-2016 10:56:16	Transmitter		INFO	running
16-03-2016 10:56:16	Transmitter		INFO	running
16-03-2016 10:56:16	Transmitter		INFO	running
16-03-2016 10:56:16	Transmitter		INFO	running
16-03-2016 10:56:16	Transmitter		INFO	running
16-03-2016 10:56:16	Transmitter		INFO	running
16-03-2016 10:56:16	Transmitter		INFO	running
16-03-2016 10:56:16	Transmitter		INFO	running
16-03-2016 10:56:16	Transmitter		INFO	running
16-03-2016 10:56:16	Transmitter		INFO	running
16-03-2016 10:56:16	Transmitter		INFO	running
16-03-2016 10:56:16	Transmitter		INFO	running
16-03-2016 10:56:16	Transmitter		INFO	running
16-03-2016 10:56:16	Transmitter		INFO	running
16-03-2016 10:56:16	Transmitter		INFO	running
16-03-2016 10:56:16	Transmitter		INFO	running
16-03-2016 10:56:16	Transmitter		INFO	running
16-03-2016 10:56:16	Transmitter		INFO	running
16-03-2016 10:56:16	Transmitter		INFO	running
16-03-2016 10:56:16	Transmitter		INFO	running
16-03-2016 10:56:16	Transmitter		INFO	running
16-03-2016 10:56:16	Transmitter		INFO	running
16-03-2016 10:56:16	Transmitter		INFO	running
16-03-2016 10:56:16	Transmitter		INFO	running
16-03-2016 10:56:16	Transmitter		INFO	running
16-03-2016 10:56:16	Transmitter		INFO	running
16-03-2016 10:56:16	Transmitter		INFO	running
16-03-2016 10:56:16	Transmitter		INFO	running
16-03-2016 10:56:16	Transmitter		INFO	running
16-03-2016 10:56:16	Transmitter		INFO	running
16-03-2016 10:56:16	Transmitter		INFO	running
16-03-2016 10:56:16	Transmitter		INFO	running
16-03-2016 10:56:16	Transmitter		INFO	running
16-03-2016 10:56:16	Transmitter		INFO	running
16-03-2016 10:56:16	Transmitter		INFO	running
16-03-2016 10:56:16	Transmitter		INFO	running
16-03-2016 10:56:16	Transmitter		INFO	running
16-03-2016 10:56:16	Transmitter		INFO	running
16-03-2016 10:56:16	Transmitter		INFO	running
16-03-2016 10:56:16	Transmitter		INFO	running
16-03-2016 10:56:16	Transmitter		INFO	running
16-03-2016 10:56:16	Transmitter		INFO	running
16-03-2016 10:56:16	Transmitter		INFO	running
16-03-2016 10:56:16	Transmitter		INFO	running
16-03-2016 10:56:16	Transmitter		INFO	running
16-03-2016 10:56:16	Transmitter		INFO	running
16-03-2016 10:56:16	Transmitter		INFO	running
16-03-2016 10:56:16	Transmitter		INFO	running
16-03-2016 10:56:16	Transmitter		INFO	running
16-03-2016 10:56:16	Transmitter		INFO	running
16-03-2016 10:56:17	Transmitter		INFO	running
16-03-2016 10:56:17	Transmitter		INFO	running
16-03-2016 10:56:17	Transmitter		INFO	running
16-03-2016 10:56:17	Transmitter		INFO	running
16-03-2016 10:56:17	Transmitter		INFO	running
16-03-2016 10:56:17	Transmitter		INFO	running
16-03-2016 10:56:17	Transmitter		INFO	running
16-03-2016 10:56:17	Transmitter		INFO	running
16-03-2016 10:56:17	Transmitter		INFO	running
16-03-2016 10:56:17	Transmitter		INFO	running
16-03-2016 10:56:17	Transmitter		INFO	running
16-03-2016 10:56:17	Transmitter		INFO	running
16-03-2016 10:56:17	Transmitter		INFO	running
16-03-2016 10:56:17	Transmitter		INFO	running
16-03-2016 10:56:17	Transmitter		INFO	running
16-03-2016 10:56:17	Transmitter		INFO	running
16-03-2016 10:56:17	Transmitter		INFO	running
16-03-2016 10:56:17	Transmitter		INFO	running
16-03-2016 10:56:17	Transmitter		INFO	running
16-03-2016 10:56:17	Transmitter		INFO	running
16-03-2016 10:56:17	Transmitter		INFO	running
16-03-2016 10:56:17	Transmitter		INFO	running
16-03-2016 10:56:17	Transmitter		INFO	running
16-03-2016 10:56:17	Transmitter		INFO	running
16-03-2016 10:56:17	Transmitter		INFO	running
16-03-2016 10:56:17	Transmitter		INFO	running
16-03-2016 10:56:17	Transmitter		INFO	running
16-03-2016 10:56:17	Transmitter		INFO	running
16-03-2016 10:56:17	Transmitter		INFO	running
16-03-2016 10:56:17	Transmitter		INFO	running
16-03-2016 10:56:17	Transmitter		INFO	running
16-03-2016 10:56:17	Transmitter		INFO	running
16-03-2016 10:56:17	Transmitter		INFO	running
16-03-2016 10:56:17	Transmitter		INFO	running
16-03-2016 10:56:17	Transmitter		INFO	running
16-03-2016 10:56:17	Transmitter		INFO	running
16-03-2016 10:56:17	Transmitter		INFO	running
16-03-2016 10:56:17	Transmitter		INFO	running
16-03-2016 10:56:17	Transmitter		INFO	running
16-03-2016 10:56:17	Transmitter		INFO	running
16-03-2016 10:56:17	Transmitter		INFO	running
16-03-2016 10:56:17	Transmitter		INFO	running
16-03-2016 10:56:17	Transmitter		INFO	running
16-03-2016 10:56:17	Transmitter		INFO	running
16-03-2016 10:56:17	Transmitter		INFO	running
16-03-2016 10:56:17	Transmitter		INFO	running
16-03-2016 10:56:17	Transmitter		INFO	running
16-03-2016 10:56:17	Transmitter		INFO	running
16-03-2016 10:56:17	Transmitter		INFO	running
16-03-2016 10:56:17	Transmitter		INFO	running
16-03-2016 10:56:17	Transmitter		INFO	running
16-03-2016 10:56:17	Transmitter		INFO	running
16-03-2016 10:56:17	Transmitter		INFO	running
16-03-2016 10:56:17	Transmitter		INFO	running
16-03-2016 10:56:17	Transmitter		INFO	running
16-03-2016 10:56:17	Transmitter		INFO	running
16-03-2016 10:56:17	Transmitter		INFO	running
16-03-2016 10:56:17	Transmitter		INFO	running
16-03-2016 10:56:17	Transmitter		INFO	running
16-03-2016 10:56:17	Transmitter		INFO	running
16-03-2016 10:56:17	Transmitter		INFO	running
16-03-2016 10:56:17	Transmitter		INFO	running
16-03-2016 10:56:17	Transmitter		INFO	running
16-03-2016 10:56:17	Transmitter		INFO	running
16-03-2016 10:56:17	Transmitter		INFO	running
16-03-2016 10:56:17	Transmitter		INFO	running
16-03-2016 10:56:17	Transmitter		INFO	running
16-03-2016 10:56:17	Transmitter		INFO	running
16-03-2016 10:56:17	Transmitter		INFO	running
16-03-2016 10:56:17	Transmitter		INFO	running
16-03-2016 10:56:17	Transmitter		INFO	running
16-03-2016 10:56:17	Transmitter		INFO	running
16-03-2016 10:56:17	Transmitter		INFO	running
16-03-2016 10:56:17	Transmitter		INFO	running
16-03-2016 10:56:17	Transmitter		INFO	running
16-03-2016 10:56:17	Transmitter		INFO	running
16-03-2016 10:56:17	Transmitter		INFO	running
16-03-2016 10:56:17	Transmitter		INFO	running
16-03-2016 10:56:17	Transmitter		INFO	running
16-03-2016 10:56:17	Transmitter		INFO	running
16-03-2016 10:56:17	Transmitter		INFO	running
16-03-2016 10:56:17	Transmitter		INFO	running
16-03-2016 10:56:17	Transmitter		INFO	running
16-03-2016 10:56:17	Transmitter		INFO	running
16-03-2016 10:56:17	Transmitter		INFO	running
16-03-2016 10:56:18	Transmitter		INFO	running
16-03-2016 10:56:18	Transmitter		INFO	running
16-03-2016 10:56:18	Transmitter		INFO	running
16-03-2016 10:56:18	Transmitter		INFO	running
16-03-2016 10:56:18	Transmitter		INFO	running
16-03-2016 10:56:18	Transmitter		INFO	running
16-03-2016 10:56:18	Transmitter		INFO	running
16-03-2016 10:56:18	Transmitter		INFO	running
16-03-2016 10:56:18	Transmitter		INFO	running
16-03-2016 10:56:18	Transmitter		INFO	running
16-03-2016 10:56:18	Transmitter		INFO	running
16-03-2016 10:56:18	Transmitter		INFO	running
16-03-2016 10:56:18	Transmitter		INFO	running
16-03-2016 10:56:18	Transmitter		INFO	running
16-03-2016 10:56:18	Transmitter		INFO	running
16-03-2016 10:56:18	Transmitter		INFO	running
16-03-2016 10:56:18	Transmitter		INFO	running
16-03-2016 10:56:18	Transmitter		INFO	running
16-03-2016 10:56:18	Transmitter		INFO	running
16-03-2016 10:56:18	Transmitter		INFO	running
16-03-2016 10:56:18	Transmitter		INFO	running
16-03-2016 10:56:18	Transmitter		INFO	running
16-03-2016 10:56:18	Transmitter		INFO	running
16-03-2016 10:56:18	Transmitter		INFO	running
16-03-2016 10:56:18	Transmitter		INFO	running
16-03-2016 10:56:18	Transmitter		INFO	running
16-03-2016 10:56:18	Transmitter		INFO	running
16-03-2016 10:56:18	Transmitter		INFO	running
16-03-2016 10:56:18	Transmitter		INFO	running
16-03-2016 10:56:18	Transmitter		INFO	running
16-03-2016 10:56:18	Transmitter		INFO	running
16-03-2016 10:56:18	Transmitter		INFO	running
16-03-2016 10:56:18	Transmitter		INFO	running
16-03-2016 10:56:18	Transmitter		INFO	running
16-03-2016 10:56:18	Transmitter		INFO	running
16-03-2016 10:56:18	Transmitter		INFO	running
16-03-2016 10:56:18	Transmitter		INFO	running
16-03-2016 10:56:18	Transmitter		INFO	running
16-03-2016 10:56:18	Transmitter		INFO	running
16-03-2016 10:56:18	Transmitter		INFO	running
16-03-2016 10:56:18	Transmitter		INFO	running
16-03-2016 10:56:18	Transmitter		INFO	running
16-03-2016 10:56:18	Transmitter		INFO	running
16-03-2016 10:56:18	Transmitter		INFO	running
16-03-2016 10:56:18	Transmitter		INFO	running
16-03-2016 10:56:18	Transmitter		INFO	running
16-03-2016 10:56:18	Transmitter		INFO	running
16-03-2016 10:56:18	Transmitter		INFO	running
16-03-2016 10:56:18	Transmitter		INFO	running
16-03-2016 10:56:18	Transmitter		INFO	running
16-03-2016 10:56:18	Transmitter		INFO	running
16-03-2016 10:56:18	Transmitter		INFO	running
16-03-2016 10:56:18	Transmitter		INFO	running
16-03-2016 10:56:18	Transmitter		INFO	running
16-03-2016 10:56:18	Transmitter		INFO	running
16-03-2016 10:56:18	Transmitter		INFO	running
16-03-2016 10:56:18	Transmitter		INFO	running
16-03-2016 10:56:18	Transmitter		INFO	running
16-03-2016 10:56:18	Transmitter		INFO	running
16-03-2016 10:56:18	Transmitter		INFO	running
16-03-2016 10:56:18	Transmitter		INFO	running
16-03-2016 10:56:18	Transmitter		INFO	running
16-03-2016 10:56:18	Transmitter		INFO	running
16-03-2016 10:56:18	Transmitter		INFO	running
16-03-2016 10:56:18	Transmitter		INFO	running
16-03-2016 10:56:18	Transmitter		INFO	running
16-03-2016 10:56:18	Transmitter		INFO	running
16-03-2016 10:56:18	Transmitter		INFO	running
16-03-2016 10:56:18	Transmitter		INFO	running
16-03-2016 10:56:18	Transmitter		INFO	running
16-03-2016 10:56:18	Transmitter		INFO	running
16-03-2016 10:56:18	Transmitter		INFO	running
16-03-2016 10:56:18	Transmitter		INFO	running
16-03-2016 10:56:18	Transmitter		INFO	running
16-03-2016 10:56:18	Transmitter		INFO	running
16-03-2016 10:56:18	Transmitter		INFO	running
16-03-2016 10:56:18	Transmitter		INFO	running
16-03-2016 10:56:18	Transmitter		INFO	running
16-03-2016 10:56:18	Transmitter		INFO	running
16-03-2016 10:56:18	Transmitter		INFO	running
16-03-2016 10:56:18	Transmitter		INFO	running
16-03-2016 10:56:18	Transmitter		INFO	running
16-03-2016 10:56:18	Transmitter		INFO	running
16-03-2016 10:56:18	Transmitter		INFO	running
16-03-2016 10:56:18	Transmitter		INFO	running
16-03-2016 10:56:18	Transmitter		INFO	running
16-03-2016 10:56:18	Transmitter		INFO	running
16-03-2016 10:56:18	Transmitter		INFO	running
16-03-2016 10:56:18	Transmitter		INFO	running
16-03-2016 10:56:18	Transmitter		INFO	running
16-03-2016 10:56:18	Transmitter		INFO	running
16-03-2016 10:56:18	Transmitter		INFO	running
16-03-2016 10:56:19	Transmitter		INFO	running
16-03-2016 10:56:19	Transmitter		INFO	running
16-03-2016 10:56:19	Transmitter		INFO	running
16-03-2016 10:56:19	Transmitter		INFO	running
16-03-2016 10:56:19	Transmitter		INFO	running
16-03-2016 10:56:19	Transmitter		INFO	running
16-03-2016 10:56:19	Transmitter		INFO	running
16-03-2016 10:56:19	Transmitter		INFO	running
16-03-2016 10:56:19	Transmitter		INFO	running
16-03-2016 10:56:19	Transmitter		INFO	running
16-03-2016 10:56:19	Transmitter		INFO	running
16-03-2016 10:56:19	Transmitter		INFO	running
16-03-2016 10:56:19	Transmitter		INFO	running
16-03-2016 10:56:19	Transmitter		INFO	running
16-03-2016 10:56:19	Transmitter		INFO	running
16-03-2016 10:56:19	Transmitter		INFO	running
16-03-2016 10:56:19	Transmitter		INFO	running
16-03-2016 10:56:19	Transmitter		INFO	running
16-03-2016 10:56:19	Transmitter		INFO	running
16-03-2016 10:56:19	Transmitter		INFO	running
16-03-2016 10:56:19	Transmitter		INFO	running
16-03-2016 10:56:19	Transmitter		INFO	running
16-03-2016 10:56:19	Transmitter		INFO	running
16-03-2016 10:56:19	Transmitter		INFO	running
16-03-2016 10:56:19	Transmitter		INFO	running
16-03-2016 10:56:19	Transmitter		INFO	running
16-03-2016 10:56:19	Transmitter		INFO	running
16-03-2016 10:56:19	Transmitter		INFO	running
16-03-2016 10:56:19	Transmitter		INFO	running
16-03-2016 10:56:19	Transmitter		INFO	running
16-03-2016 10:56:19	Transmitter		INFO	running
16-03-2016 10:56:19	Transmitter		INFO	running
16-03-2016 10:56:19	Transmitter		INFO	running
16-03-2016 10:56:19	Transmitter		INFO	running
16-03-2016 10:56:19	Transmitter		INFO	running
16-03-2016 10:56:19	Transmitter		INFO	running
16-03-2016 10:56:19	Transmitter		INFO	running
16-03-2016 10:56:19	Transmitter		INFO	running
