20-02-2016 11:25:27	Main		TRACE	Logger initialized.
20-02-2016 11:25:27	PropertyReader		TRACE	Opening file: settings/settings.txt
20-02-2016 11:25:27	PropertyReader		INFO	File opened: settings/settings.txt
20-02-2016 11:25:27	PropertyReader		INFO	Loading properties file...
20-02-2016 11:25:27	PropertyReader		INFO	Mapped TRACE to LOGGING_LEVEL
20-02-2016 11:25:27	PropertyReader		INFO	Mapped 100 to CAM_BUFFER_SIZE
20-02-2016 11:25:27	PropertyReader		INFO	Mapped 15 to CAM_POLL_FREQUENCY
20-02-2016 11:25:27	PropertyReader		INFO	Mapped 0 to CAM_INDEX
20-02-2016 11:25:27	PropertyReader		DEBUG	Loaded 4 properties successfully
20-02-2016 11:25:27	Controller		INFO	Constructor controller
20-02-2016 11:25:27	Transmitter		INFO	socket retrieve success
20-02-2016 11:25:27	Transmitter		INFO	binding done
20-02-2016 11:25:27	Transmitter		INFO	done listening
20-02-2016 11:25:37	Transmitter		INFO	accepting
20-02-2016 11:25:37	Main		TRACE	intializing controller
20-02-2016 11:25:37	Controller		INFO	Initializing Controller
20-02-2016 11:25:37	Main		TRACE	initializing dataprocessor
20-02-2016 11:25:37	CameraInterface		INFO	Initializing camera
20-02-2016 11:25:37	CameraInterface		INFO	Opening video capture stream at position 0
20-02-2016 11:25:37	Receiver		INFO	Starting Receiver Thread execution loop
20-02-2016 11:25:37	Transmitter		INFO	Starting Receiver Thread execution loop
20-02-2016 11:25:37	Transmitter		INFO	running
20-02-2016 11:25:37	ControllerThread		INFO	Starting Controller Thread execution loop
20-02-2016 11:25:37	Transmitter		INFO	running
20-02-2016 11:25:37	Transmitter		INFO	running
20-02-2016 11:25:37	Transmitter		INFO	running
20-02-2016 11:25:37	Transmitter		INFO	running
20-02-2016 11:25:37	Transmitter		INFO	running
20-02-2016 11:25:37	Transmitter		INFO	running
20-02-2016 11:25:37	Transmitter		INFO	running
20-02-2016 11:25:37	Transmitter		INFO	running
20-02-2016 11:25:37	Transmitter		INFO	running
20-02-2016 11:25:37	Transmitter		INFO	running
20-02-2016 11:25:37	Transmitter		INFO	running
20-02-2016 11:25:37	Transmitter		INFO	running
20-02-2016 11:25:37	Transmitter		INFO	running
20-02-2016 11:25:37	Transmitter		INFO	running
20-02-2016 11:25:37	Transmitter		INFO	running
20-02-2016 11:25:37	Transmitter		INFO	running
20-02-2016 11:25:37	Transmitter		INFO	running
20-02-2016 11:25:37	Transmitter		INFO	running
20-02-2016 11:25:37	Transmitter		INFO	running
20-02-2016 11:25:37	Transmitter		INFO	running
20-02-2016 11:25:37	Transmitter		INFO	running
20-02-2016 11:25:37	Transmitter		INFO	running
20-02-2016 11:25:37	Transmitter		INFO	running
20-02-2016 11:25:37	Transmitter		INFO	running
20-02-2016 11:25:37	Transmitter		INFO	running
20-02-2016 11:25:37	Transmitter		INFO	running
20-02-2016 11:25:37	Transmitter		INFO	running
20-02-2016 11:25:37	Transmitter		INFO	running
20-02-2016 11:25:37	Transmitter		INFO	running
20-02-2016 11:25:37	Transmitter		INFO	running
20-02-2016 11:25:37	Transmitter		INFO	running
20-02-2016 11:25:37	Transmitter		INFO	running
20-02-2016 11:25:37	Transmitter		INFO	running
20-02-2016 11:25:37	Transmitter		INFO	running
20-02-2016 11:25:37	Transmitter		INFO	running
20-02-2016 11:25:37	Transmitter		INFO	running
20-02-2016 11:25:37	Transmitter		INFO	running
20-02-2016 11:25:37	Transmitter		INFO	running
20-02-2016 11:25:37	Transmitter		INFO	running
20-02-2016 11:25:37	Transmitter		INFO	running
20-02-2016 11:25:37	Transmitter		INFO	running
20-02-2016 11:25:37	Transmitter		INFO	running
20-02-2016 11:25:37	Transmitter		INFO	running
20-02-2016 11:25:37	Transmitter		INFO	running
20-02-2016 11:25:37	Main		TRACE	running controller
20-02-2016 11:25:37	Transmitter		INFO	running
20-02-2016 11:25:37	Transmitter		INFO	running
20-02-2016 11:25:37	DataProcessor		INFO	polling
20-02-2016 11:25:37	Transmitter		INFO	running
20-02-2016 11:25:37	Transmitter		INFO	running
20-02-2016 11:25:37	Transmitter		INFO	running
20-02-2016 11:25:38	Transmitter		INFO	running
20-02-2016 11:25:38	Transmitter		INFO	running
20-02-2016 11:25:38	Transmitter		INFO	running
20-02-2016 11:25:38	Transmitter		INFO	running
20-02-2016 11:25:38	Transmitter		INFO	running
20-02-2016 11:25:38	Transmitter		INFO	running
20-02-2016 11:25:38	Transmitter		INFO	running
20-02-2016 11:25:38	Transmitter		INFO	running
20-02-2016 11:25:38	Transmitter		INFO	running
20-02-2016 11:25:38	Transmitter		INFO	running
20-02-2016 11:25:38	Transmitter		INFO	running
20-02-2016 11:25:38	Transmitter		INFO	running
20-02-2016 11:25:38	Transmitter		INFO	running
20-02-2016 11:25:38	Transmitter		INFO	running
20-02-2016 11:25:38	Transmitter		INFO	running
20-02-2016 11:25:38	Transmitter		INFO	running
20-02-2016 11:25:38	Transmitter		INFO	running
20-02-2016 11:25:38	Transmitter		INFO	running
20-02-2016 11:25:38	Transmitter		INFO	running
20-02-2016 11:25:38	Transmitter		INFO	running
20-02-2016 11:25:38	Transmitter		INFO	running
20-02-2016 11:25:38	Transmitter		INFO	running
20-02-2016 11:25:38	Transmitter		INFO	running
20-02-2016 11:25:38	Transmitter		INFO	running
20-02-2016 11:25:38	Transmitter		INFO	running
20-02-2016 11:25:38	Transmitter		INFO	running
20-02-2016 11:25:38	Transmitter		INFO	running
20-02-2016 11:25:38	Transmitter		INFO	running
20-02-2016 11:25:38	Transmitter		INFO	running
20-02-2016 11:25:38	Transmitter		INFO	running
20-02-2016 11:25:38	Transmitter		INFO	running
20-02-2016 11:25:38	Transmitter		INFO	running
20-02-2016 11:25:38	Transmitter		INFO	running
20-02-2016 11:25:38	Transmitter		INFO	running
20-02-2016 11:25:38	Transmitter		INFO	running
20-02-2016 11:25:38	Transmitter		INFO	running
20-02-2016 11:25:38	Transmitter		INFO	running
20-02-2016 11:25:38	Transmitter		INFO	running
20-02-2016 11:25:38	Transmitter		INFO	running
20-02-2016 11:25:38	Transmitter		INFO	running
20-02-2016 11:25:38	Transmitter		INFO	running
20-02-2016 11:25:38	Transmitter		INFO	running
20-02-2016 11:25:38	Transmitter		INFO	running
20-02-2016 11:25:38	Transmitter		INFO	running
20-02-2016 11:25:38	Transmitter		INFO	running
20-02-2016 11:25:38	Transmitter		INFO	running
20-02-2016 11:25:38	Transmitter		INFO	running
20-02-2016 11:25:38	Transmitter		INFO	running
20-02-2016 11:25:38	Transmitter		INFO	running
20-02-2016 11:25:38	Transmitter		INFO	running
20-02-2016 11:25:38	Transmitter		INFO	running
20-02-2016 11:25:38	Transmitter		INFO	running
20-02-2016 11:25:38	Transmitter		INFO	running
20-02-2016 11:25:38	Transmitter		INFO	running
20-02-2016 11:25:38	Transmitter		INFO	running
20-02-2016 11:25:38	Transmitter		INFO	running
20-02-2016 11:25:38	Transmitter		INFO	running
20-02-2016 11:25:38	Transmitter		INFO	running
20-02-2016 11:25:38	Transmitter		INFO	running
20-02-2016 11:25:38	Transmitter		INFO	running
20-02-2016 11:25:38	Transmitter		INFO	running
20-02-2016 11:25:38	Transmitter		INFO	running
20-02-2016 11:25:38	Transmitter		INFO	running
20-02-2016 11:25:38	Transmitter		INFO	running
20-02-2016 11:25:38	Transmitter		INFO	running
20-02-2016 11:25:38	Transmitter		INFO	running
20-02-2016 11:25:38	Transmitter		INFO	running
20-02-2016 11:25:38	Transmitter		INFO	running
20-02-2016 11:25:38	Transmitter		INFO	running
20-02-2016 11:25:38	Transmitter		INFO	running
20-02-2016 11:25:38	Transmitter		INFO	running
20-02-2016 11:25:38	Transmitter		INFO	running
20-02-2016 11:25:38	Transmitter		INFO	running
20-02-2016 11:25:38	Transmitter		INFO	running
20-02-2016 11:25:38	Transmitter		INFO	running
20-02-2016 11:25:38	Transmitter		INFO	running
20-02-2016 11:25:38	Transmitter		INFO	running
20-02-2016 11:25:38	Transmitter		INFO	running
20-02-2016 11:25:38	Transmitter		INFO	running
20-02-2016 11:25:38	Transmitter		INFO	running
20-02-2016 11:25:38	Transmitter		INFO	running
20-02-2016 11:25:38	Transmitter		INFO	running
20-02-2016 11:25:38	Transmitter		INFO	running
20-02-2016 11:25:38	Transmitter		INFO	running
20-02-2016 11:25:38	Transmitter		INFO	running
20-02-2016 11:25:38	Transmitter		INFO	running
20-02-2016 11:25:38	Transmitter		INFO	running
20-02-2016 11:25:38	Transmitter		INFO	running
20-02-2016 11:25:38	Transmitter		INFO	running
20-02-2016 11:25:38	CameraInterface		INFO	Read successful
20-02-2016 11:25:38	Transmitter		INFO	running
20-02-2016 11:25:38	Transmitter		INFO	running
20-02-2016 11:25:38	Controller		INFO	sending to transmitter
20-02-2016 11:25:38	Transmitter		INFO	pushing into buff
20-02-2016 11:25:38	DataProcessor		INFO	polling
20-02-2016 11:25:38	Transmitter		INFO	running
20-02-2016 11:25:38	Transmitter		INFO	getting from buffer
20-02-2016 11:25:39	CameraInterface		INFO	Read successful
20-02-2016 11:25:39	Controller		INFO	sending to transmitter
20-02-2016 11:25:39	Transmitter		INFO	pushing into buff
20-02-2016 11:25:39	DataProcessor		INFO	polling
20-02-2016 11:25:39	CameraInterface		INFO	Read successful
20-02-2016 11:25:39	Controller		INFO	sending to transmitter
20-02-2016 11:25:39	Transmitter		INFO	pushing into buff
20-02-2016 11:25:39	DataProcessor		INFO	polling
20-02-2016 11:25:39	CameraInterface		INFO	Read successful
20-02-2016 11:25:39	Controller		INFO	sending to transmitter
20-02-2016 11:25:39	Transmitter		INFO	pushing into buff
20-02-2016 11:25:39	DataProcessor		INFO	polling
20-02-2016 11:25:39	CameraInterface		INFO	Read successful
20-02-2016 11:25:39	Controller		INFO	sending to transmitter
20-02-2016 11:25:39	Transmitter		INFO	pushing into buff
20-02-2016 11:25:39	DataProcessor		INFO	polling
20-02-2016 11:25:39	CameraInterface		INFO	Read successful
20-02-2016 11:25:39	Controller		INFO	sending to transmitter
20-02-2016 11:25:39	Transmitter		INFO	pushing into buff
20-02-2016 11:25:39	DataProcessor		INFO	polling
20-02-2016 11:25:40	CameraInterface		INFO	Read successful
20-02-2016 11:25:40	Controller		INFO	sending to transmitter
20-02-2016 11:25:40	Transmitter		INFO	pushing into buff
20-02-2016 11:25:40	DataProcessor		INFO	polling
20-02-2016 11:25:40	CameraInterface		INFO	Read successful
20-02-2016 11:25:40	Controller		INFO	sending to transmitter
20-02-2016 11:25:40	Transmitter		INFO	pushing into buff
20-02-2016 11:25:40	DataProcessor		INFO	polling
20-02-2016 11:25:40	CameraInterface		INFO	Read successful
20-02-2016 11:25:40	Controller		INFO	sending to transmitter
20-02-2016 11:25:40	Transmitter		INFO	pushing into buff
20-02-2016 11:25:40	DataProcessor		INFO	polling
20-02-2016 11:25:40	CameraInterface		INFO	Read successful
20-02-2016 11:25:40	Controller		INFO	sending to transmitter
20-02-2016 11:25:40	Transmitter		INFO	pushing into buff
20-02-2016 11:25:40	DataProcessor		INFO	polling
20-02-2016 11:25:41	CameraInterface		INFO	Read successful
20-02-2016 11:25:41	Controller		INFO	sending to transmitter
20-02-2016 11:25:41	Transmitter		INFO	pushing into buff
20-02-2016 11:25:41	DataProcessor		INFO	polling
20-02-2016 11:25:41	CameraInterface		INFO	Read successful
20-02-2016 11:25:41	Controller		INFO	sending to transmitter
20-02-2016 11:25:41	Transmitter		INFO	pushing into buff
20-02-2016 11:25:41	DataProcessor		INFO	polling
20-02-2016 11:25:41	CameraInterface		INFO	Read successful
20-02-2016 11:25:41	Controller		INFO	sending to transmitter
20-02-2016 11:25:41	Transmitter		INFO	pushing into buff
20-02-2016 11:25:41	DataProcessor		INFO	polling
20-02-2016 11:25:41	CameraInterface		INFO	Read successful
20-02-2016 11:25:41	Controller		INFO	sending to transmitter
20-02-2016 11:25:41	Transmitter		INFO	pushing into buff
20-02-2016 11:25:41	DataProcessor		INFO	polling
20-02-2016 11:25:41	CameraInterface		INFO	Read successful
20-02-2016 11:25:41	Controller		INFO	sending to transmitter
20-02-2016 11:25:41	Transmitter		INFO	pushing into buff
20-02-2016 11:25:41	DataProcessor		INFO	polling
20-02-2016 11:25:42	CameraInterface		INFO	Read successful
20-02-2016 11:25:42	Controller		INFO	sending to transmitter
20-02-2016 11:25:42	Transmitter		INFO	pushing into buff
20-02-2016 11:25:42	DataProcessor		INFO	polling
20-02-2016 11:25:42	CameraInterface		INFO	Read successful
20-02-2016 11:25:42	Controller		INFO	sending to transmitter
20-02-2016 11:25:42	Transmitter		INFO	pushing into buff
20-02-2016 11:25:42	DataProcessor		INFO	polling
20-02-2016 11:25:42	CameraInterface		INFO	Read successful
20-02-2016 11:25:42	Controller		INFO	sending to transmitter
20-02-2016 11:25:42	Transmitter		INFO	pushing into buff
20-02-2016 11:25:42	DataProcessor		INFO	polling
20-02-2016 11:25:42	CameraInterface		INFO	Read successful
20-02-2016 11:25:42	Controller		INFO	sending to transmitter
20-02-2016 11:25:42	Transmitter		INFO	pushing into buff
20-02-2016 11:25:42	DataProcessor		INFO	polling
20-02-2016 11:25:43	CameraInterface		INFO	Read successful
20-02-2016 11:25:43	Controller		INFO	sending to transmitter
20-02-2016 11:25:43	Transmitter		INFO	pushing into buff
20-02-2016 11:25:43	DataProcessor		INFO	polling
20-02-2016 11:25:43	CameraInterface		INFO	Read successful
20-02-2016 11:25:43	Controller		INFO	sending to transmitter
20-02-2016 11:25:43	Transmitter		INFO	pushing into buff
20-02-2016 11:25:43	DataProcessor		INFO	polling
20-02-2016 11:25:43	CameraInterface		INFO	Read successful
20-02-2016 11:25:43	Controller		INFO	sending to transmitter
20-02-2016 11:25:43	Transmitter		INFO	pushing into buff
20-02-2016 11:25:43	DataProcessor		INFO	polling
20-02-2016 11:25:43	CameraInterface		INFO	Read successful
20-02-2016 11:25:43	Controller		INFO	sending to transmitter
20-02-2016 11:25:43	Transmitter		INFO	pushing into buff
20-02-2016 11:25:43	DataProcessor		INFO	polling
20-02-2016 11:25:43	CameraInterface		INFO	Read successful
20-02-2016 11:25:43	Controller		INFO	sending to transmitter
20-02-2016 11:25:43	Transmitter		INFO	pushing into buff
20-02-2016 11:25:43	DataProcessor		INFO	polling
20-02-2016 11:25:44	CameraInterface		INFO	Read successful
20-02-2016 11:25:44	Controller		INFO	sending to transmitter
20-02-2016 11:25:44	Transmitter		INFO	pushing into buff
20-02-2016 11:25:44	DataProcessor		INFO	polling
20-02-2016 11:25:44	CameraInterface		INFO	Read successful
20-02-2016 11:25:44	Controller		INFO	sending to transmitter
20-02-2016 11:25:44	Transmitter		INFO	pushing into buff
20-02-2016 11:25:44	DataProcessor		INFO	polling
20-02-2016 11:25:44	CameraInterface		INFO	Read successful
20-02-2016 11:25:44	Controller		INFO	sending to transmitter
20-02-2016 11:25:44	Transmitter		INFO	pushing into buff
20-02-2016 11:25:44	DataProcessor		INFO	polling
20-02-2016 11:25:44	CameraInterface		INFO	Read successful
20-02-2016 11:25:44	Controller		INFO	sending to transmitter
20-02-2016 11:25:44	Transmitter		INFO	pushing into buff
20-02-2016 11:25:44	DataProcessor		INFO	polling
20-02-2016 11:25:44	CameraInterface		INFO	Read successful
20-02-2016 11:25:44	Controller		INFO	sending to transmitter
20-02-2016 11:25:44	Transmitter		INFO	pushing into buff
20-02-2016 11:25:45	DataProcessor		INFO	polling
20-02-2016 11:25:45	CameraInterface		INFO	Read successful
20-02-2016 11:25:45	Controller		INFO	sending to transmitter
20-02-2016 11:25:45	Transmitter		INFO	pushing into buff
20-02-2016 11:25:45	DataProcessor		INFO	polling
20-02-2016 11:25:45	CameraInterface		INFO	Read successful
20-02-2016 11:25:45	Controller		INFO	sending to transmitter
20-02-2016 11:25:45	Transmitter		INFO	pushing into buff
20-02-2016 11:25:45	DataProcessor		INFO	polling
20-02-2016 11:25:45	CameraInterface		INFO	Read successful
20-02-2016 11:25:45	Controller		INFO	sending to transmitter
20-02-2016 11:25:45	Transmitter		INFO	pushing into buff
20-02-2016 11:25:45	DataProcessor		INFO	polling
20-02-2016 11:25:45	CameraInterface		INFO	Read successful
20-02-2016 11:25:45	Controller		INFO	sending to transmitter
20-02-2016 11:25:45	Transmitter		INFO	pushing into buff
20-02-2016 11:25:45	DataProcessor		INFO	polling
20-02-2016 11:25:46	CameraInterface		INFO	Read successful
20-02-2016 11:25:46	Controller		INFO	sending to transmitter
20-02-2016 11:25:46	Transmitter		INFO	pushing into buff
20-02-2016 11:25:46	DataProcessor		INFO	polling
20-02-2016 11:25:46	CameraInterface		INFO	Read successful
20-02-2016 11:25:46	Controller		INFO	sending to transmitter
20-02-2016 11:25:46	Transmitter		INFO	pushing into buff
20-02-2016 11:25:46	DataProcessor		INFO	polling
20-02-2016 11:25:46	CameraInterface		INFO	Read successful
20-02-2016 11:25:46	Controller		INFO	sending to transmitter
20-02-2016 11:25:46	Transmitter		INFO	pushing into buff
20-02-2016 11:25:46	DataProcessor		INFO	polling
20-02-2016 11:25:46	CameraInterface		INFO	Read successful
20-02-2016 11:25:46	Controller		INFO	sending to transmitter
20-02-2016 11:25:46	Transmitter		INFO	pushing into buff
20-02-2016 11:25:46	DataProcessor		INFO	polling
20-02-2016 11:25:46	CameraInterface		INFO	Read successful
20-02-2016 11:25:46	Controller		INFO	sending to transmitter
20-02-2016 11:25:46	Transmitter		INFO	pushing into buff
20-02-2016 11:25:46	DataProcessor		INFO	polling
20-02-2016 11:25:47	CameraInterface		INFO	Read successful
20-02-2016 11:25:47	Controller		INFO	sending to transmitter
20-02-2016 11:25:47	Transmitter		INFO	pushing into buff
20-02-2016 11:25:47	DataProcessor		INFO	polling
20-02-2016 11:25:47	CameraInterface		INFO	Read successful
20-02-2016 11:25:47	Controller		INFO	sending to transmitter
20-02-2016 11:25:47	Transmitter		INFO	pushing into buff
20-02-2016 11:25:47	DataProcessor		INFO	polling
20-02-2016 11:25:47	CameraInterface		INFO	Read successful
20-02-2016 11:25:47	Controller		INFO	sending to transmitter
20-02-2016 11:25:47	Transmitter		INFO	pushing into buff
20-02-2016 11:25:47	DataProcessor		INFO	polling
20-02-2016 11:25:47	CameraInterface		INFO	Read successful
20-02-2016 11:25:47	Controller		INFO	sending to transmitter
20-02-2016 11:25:47	Transmitter		INFO	pushing into buff
20-02-2016 11:25:47	DataProcessor		INFO	polling
20-02-2016 11:25:48	CameraInterface		INFO	Read successful
20-02-2016 11:25:48	Controller		INFO	sending to transmitter
20-02-2016 11:25:48	Transmitter		INFO	pushing into buff
20-02-2016 11:25:48	DataProcessor		INFO	polling
20-02-2016 11:25:48	CameraInterface		INFO	Read successful
20-02-2016 11:25:48	Controller		INFO	sending to transmitter
20-02-2016 11:25:48	Transmitter		INFO	pushing into buff
20-02-2016 11:25:48	DataProcessor		INFO	polling
20-02-2016 11:25:48	CameraInterface		INFO	Read successful
20-02-2016 11:25:48	Controller		INFO	sending to transmitter
20-02-2016 11:25:48	Transmitter		INFO	pushing into buff
20-02-2016 11:25:48	DataProcessor		INFO	polling
20-02-2016 11:25:48	CameraInterface		INFO	Read successful
20-02-2016 11:25:48	Controller		INFO	sending to transmitter
20-02-2016 11:25:48	Transmitter		INFO	pushing into buff
20-02-2016 11:25:48	DataProcessor		INFO	polling
20-02-2016 11:25:48	CameraInterface		INFO	Read successful
20-02-2016 11:25:48	Controller		INFO	sending to transmitter
20-02-2016 11:25:48	Transmitter		INFO	pushing into buff
20-02-2016 11:25:48	DataProcessor		INFO	polling
20-02-2016 11:25:49	CameraInterface		INFO	Read successful
20-02-2016 11:25:49	Controller		INFO	sending to transmitter
20-02-2016 11:25:49	Transmitter		INFO	pushing into buff
20-02-2016 11:25:49	DataProcessor		INFO	polling
20-02-2016 11:25:49	CameraInterface		INFO	Read successful
20-02-2016 11:25:49	Controller		INFO	sending to transmitter
20-02-2016 11:25:49	Transmitter		INFO	pushing into buff
20-02-2016 11:25:49	DataProcessor		INFO	polling
20-02-2016 11:25:49	CameraInterface		INFO	Read successful
20-02-2016 11:25:49	Controller		INFO	sending to transmitter
20-02-2016 11:25:49	Transmitter		INFO	pushing into buff
20-02-2016 11:25:49	DataProcessor		INFO	polling
