16-03-2016 11:12:45	Main		TRACE	Logger initialized.
16-03-2016 11:12:45	PropertyReader		TRACE	Opening file: settings/settings.txt
16-03-2016 11:12:45	PropertyReader		INFO	File opened: settings/settings.txt
16-03-2016 11:12:45	PropertyReader		INFO	Loading properties file...
16-03-2016 11:12:45	PropertyReader		INFO	Mapped TRACE to LOGGING_LEVEL
16-03-2016 11:12:45	PropertyReader		INFO	Mapped 100 to CAM_BUFFER_SIZE
16-03-2016 11:12:45	PropertyReader		INFO	Mapped 15 to CAM_POLL_FREQUENCY
16-03-2016 11:12:45	PropertyReader		INFO	Mapped 0 to CAM_INDEX
16-03-2016 11:12:45	PropertyReader		DEBUG	Loaded 4 properties successfully
16-03-2016 11:12:45	Controller		INFO	Constructor controller
16-03-2016 11:12:45	Transmitter		INFO	socket retrieve success
16-03-2016 11:12:45	Transmitter		INFO	binding done
16-03-2016 11:12:45	Transmitter		INFO	done listening
16-03-2016 11:12:53	Transmitter		INFO	accepting
16-03-2016 11:12:53	Main		TRACE	intializing controller
16-03-2016 11:12:53	Controller		INFO	Initializing Controller
16-03-2016 11:12:53	Main		TRACE	initializing dataprocessor
16-03-2016 11:12:53	CameraInterface		INFO	Initializing camera
16-03-2016 11:12:53	CameraInterface		INFO	Opening video capture stream at position 0
16-03-2016 11:12:53	Receiver		INFO	Starting Receiver Thread execution loop
16-03-2016 11:12:53	Receiver		INFO	Starting Receiver Thread execution loop
16-03-2016 11:12:53	Transmitter		INFO	Starting Receiver Thread execution loop
16-03-2016 11:12:53	Receiver		INFO	Starting Receiver Thread execution loop
16-03-2016 11:12:53	Transmitter		INFO	Starting Receiver Thread execution loop
16-03-2016 11:12:53	ControllerThread		INFO	Starting Controller Thread execution loop
16-03-2016 11:12:53	Transmitter		INFO	running
16-03-2016 11:12:53	Transmitter		INFO	running
16-03-2016 11:12:53	Transmitter		INFO	running
16-03-2016 11:12:53	Transmitter		INFO	running
16-03-2016 11:12:53	Transmitter		INFO	running
16-03-2016 11:12:53	Transmitter		INFO	running
16-03-2016 11:12:53	Transmitter		INFO	running
16-03-2016 11:12:53	Transmitter		INFO	running
16-03-2016 11:12:53	Transmitter		INFO	running
16-03-2016 11:12:53	Transmitter		INFO	running
16-03-2016 11:12:53	Transmitter		INFO	running
16-03-2016 11:12:53	Transmitter		INFO	running
16-03-2016 11:12:53	Transmitter		INFO	running
16-03-2016 11:12:53	Transmitter		INFO	running
16-03-2016 11:12:53	Transmitter		INFO	running
16-03-2016 11:12:53	Transmitter		INFO	running
16-03-2016 11:12:53	Transmitter		INFO	running
16-03-2016 11:12:53	Transmitter		INFO	running
16-03-2016 11:12:53	Transmitter		INFO	running
16-03-2016 11:12:53	Transmitter		INFO	running
16-03-2016 11:12:53	Transmitter		INFO	running
16-03-2016 11:12:53	Transmitter		INFO	running
16-03-2016 11:12:53	Transmitter		INFO	running
16-03-2016 11:12:53	Transmitter		INFO	running
16-03-2016 11:12:53	Transmitter		INFO	running
16-03-2016 11:12:53	Transmitter		INFO	running
16-03-2016 11:12:53	Transmitter		INFO	running
16-03-2016 11:12:53	Transmitter		INFO	running
16-03-2016 11:12:53	Transmitter		INFO	running
16-03-2016 11:12:53	Transmitter		INFO	running
16-03-2016 11:12:53	Transmitter		INFO	running
16-03-2016 11:12:53	Transmitter		INFO	running
16-03-2016 11:12:53	Transmitter		INFO	running
16-03-2016 11:12:53	Transmitter		INFO	running
16-03-2016 11:12:54	Main		TRACE	running controller
16-03-2016 11:12:54	DataProcessor		INFO	polling
16-03-2016 11:12:53	Transmitter		INFO	running
16-03-2016 11:12:54	Transmitter		INFO	running
16-03-2016 11:12:54	Transmitter		INFO	running
16-03-2016 11:12:54	Transmitter		INFO	running
16-03-2016 11:12:54	Transmitter		INFO	running
16-03-2016 11:12:54	Transmitter		INFO	running
16-03-2016 11:12:54	Transmitter		INFO	running
16-03-2016 11:12:54	Transmitter		INFO	running
16-03-2016 11:12:54	Transmitter		INFO	running
16-03-2016 11:12:54	Transmitter		INFO	running
16-03-2016 11:12:54	Transmitter		INFO	running
16-03-2016 11:12:54	Transmitter		INFO	running
16-03-2016 11:12:54	Transmitter		INFO	running
16-03-2016 11:12:54	Transmitter		INFO	running
16-03-2016 11:12:54	Transmitter		INFO	running
16-03-2016 11:12:54	Transmitter		INFO	running
16-03-2016 11:12:54	Transmitter		INFO	running
16-03-2016 11:12:54	Transmitter		INFO	running
16-03-2016 11:12:54	Transmitter		INFO	running
16-03-2016 11:12:54	Transmitter		INFO	running
16-03-2016 11:12:54	Transmitter		INFO	running
16-03-2016 11:12:54	Transmitter		INFO	running
16-03-2016 11:12:54	Transmitter		INFO	running
16-03-2016 11:12:54	Transmitter		INFO	running
16-03-2016 11:12:54	Transmitter		INFO	running
16-03-2016 11:12:54	Transmitter		INFO	running
16-03-2016 11:12:54	Transmitter		INFO	running
16-03-2016 11:12:54	Transmitter		INFO	running
16-03-2016 11:12:54	Transmitter		INFO	running
16-03-2016 11:12:54	Transmitter		INFO	running
16-03-2016 11:12:54	Transmitter		INFO	running
16-03-2016 11:12:54	Transmitter		INFO	running
16-03-2016 11:12:54	Transmitter		INFO	running
16-03-2016 11:12:54	Transmitter		INFO	running
16-03-2016 11:12:54	Transmitter		INFO	running
16-03-2016 11:12:54	Transmitter		INFO	running
16-03-2016 11:12:54	Transmitter		INFO	running
16-03-2016 11:12:54	Transmitter		INFO	running
16-03-2016 11:12:54	Transmitter		INFO	running
16-03-2016 11:12:54	Transmitter		INFO	running
16-03-2016 11:12:54	Transmitter		INFO	running
16-03-2016 11:12:54	Transmitter		INFO	running
16-03-2016 11:12:54	Transmitter		INFO	running
16-03-2016 11:12:54	Transmitter		INFO	running
16-03-2016 11:12:54	Transmitter		INFO	running
16-03-2016 11:12:54	Transmitter		INFO	running
16-03-2016 11:12:54	Transmitter		INFO	running
16-03-2016 11:12:54	Transmitter		INFO	running
16-03-2016 11:12:54	Transmitter		INFO	running
16-03-2016 11:12:54	Transmitter		INFO	running
16-03-2016 11:12:54	Transmitter		INFO	running
16-03-2016 11:12:54	Transmitter		INFO	running
16-03-2016 11:12:54	Transmitter		INFO	running
16-03-2016 11:12:54	Transmitter		INFO	running
16-03-2016 11:12:54	Transmitter		INFO	running
16-03-2016 11:12:54	Transmitter		INFO	running
16-03-2016 11:12:54	Transmitter		INFO	running
16-03-2016 11:12:54	Transmitter		INFO	running
16-03-2016 11:12:54	Transmitter		INFO	running
16-03-2016 11:12:54	Transmitter		INFO	running
16-03-2016 11:12:54	Transmitter		INFO	running
16-03-2016 11:12:54	Transmitter		INFO	running
16-03-2016 11:12:54	Transmitter		INFO	running
16-03-2016 11:12:54	Transmitter		INFO	running
16-03-2016 11:12:54	Transmitter		INFO	running
16-03-2016 11:12:54	Transmitter		INFO	running
16-03-2016 11:12:54	Transmitter		INFO	running
16-03-2016 11:12:54	Transmitter		INFO	running
16-03-2016 11:12:54	Transmitter		INFO	running
16-03-2016 11:12:54	Transmitter		INFO	running
16-03-2016 11:12:54	Transmitter		INFO	running
16-03-2016 11:12:54	Transmitter		INFO	running
16-03-2016 11:12:54	Transmitter		INFO	running
16-03-2016 11:12:54	Transmitter		INFO	running
16-03-2016 11:12:54	Transmitter		INFO	running
16-03-2016 11:12:54	Transmitter		INFO	running
16-03-2016 11:12:54	Transmitter		INFO	running
16-03-2016 11:12:54	Transmitter		INFO	running
16-03-2016 11:12:54	Transmitter		INFO	running
16-03-2016 11:12:54	Transmitter		INFO	running
16-03-2016 11:12:54	Transmitter		INFO	running
16-03-2016 11:12:54	Transmitter		INFO	running
16-03-2016 11:12:54	Transmitter		INFO	running
16-03-2016 11:12:54	Transmitter		INFO	running
16-03-2016 11:12:54	Transmitter		INFO	running
16-03-2016 11:12:54	Transmitter		INFO	running
16-03-2016 11:12:54	Transmitter		INFO	running
16-03-2016 11:12:54	Transmitter		INFO	running
16-03-2016 11:12:54	Transmitter		INFO	running
16-03-2016 11:12:54	Transmitter		INFO	running
16-03-2016 11:12:54	Transmitter		INFO	running
16-03-2016 11:12:54	Transmitter		INFO	running
16-03-2016 11:12:54	Transmitter		INFO	running
16-03-2016 11:12:54	Transmitter		INFO	running
16-03-2016 11:12:54	Transmitter		INFO	running
16-03-2016 11:12:54	Transmitter		INFO	running
16-03-2016 11:12:54	Transmitter		INFO	running
16-03-2016 11:12:54	CameraInterface		INFO	Read successful
16-03-2016 11:12:54	Transmitter		INFO	running
16-03-2016 11:12:54	Transmitter		INFO	running
16-03-2016 11:12:54	Transmitter		INFO	running
16-03-2016 11:12:54	Transmitter		INFO	running
16-03-2016 11:12:54	Transmitter		INFO	running
16-03-2016 11:12:54	Transmitter		INFO	running
16-03-2016 11:12:54	Transmitter		INFO	running
16-03-2016 11:12:54	Transmitter		INFO	running
16-03-2016 11:12:54	Transmitter		INFO	running
16-03-2016 11:12:55	Transmitter		INFO	running
16-03-2016 11:12:55	Transmitter		INFO	running
16-03-2016 11:12:55	Transmitter		INFO	running
16-03-2016 11:12:55	Transmitter		INFO	running
16-03-2016 11:12:55	Transmitter		INFO	running
16-03-2016 11:12:55	Transmitter		INFO	running
16-03-2016 11:12:55	Transmitter		INFO	running
16-03-2016 11:12:55	Transmitter		INFO	running
16-03-2016 11:12:55	Transmitter		INFO	running
16-03-2016 11:12:55	Transmitter		INFO	running
16-03-2016 11:12:55	Transmitter		INFO	running
16-03-2016 11:12:55	Transmitter		INFO	running
16-03-2016 11:12:55	Transmitter		INFO	running
16-03-2016 11:12:55	Transmitter		INFO	running
16-03-2016 11:12:55	Transmitter		INFO	running
16-03-2016 11:12:55	Transmitter		INFO	running
16-03-2016 11:12:55	Transmitter		INFO	running
16-03-2016 11:12:55	Transmitter		INFO	running
16-03-2016 11:12:55	Transmitter		INFO	running
16-03-2016 11:12:55	Transmitter		INFO	running
16-03-2016 11:12:55	Transmitter		INFO	running
16-03-2016 11:12:55	Transmitter		INFO	running
16-03-2016 11:12:55	Transmitter		INFO	running
16-03-2016 11:12:55	Transmitter		INFO	running
16-03-2016 11:12:55	Transmitter		INFO	running
16-03-2016 11:12:55	Transmitter		INFO	running
16-03-2016 11:12:55	Transmitter		INFO	running
16-03-2016 11:12:55	Transmitter		INFO	running
16-03-2016 11:12:55	Transmitter		INFO	running
16-03-2016 11:12:55	Transmitter		INFO	running
16-03-2016 11:12:55	Transmitter		INFO	running
16-03-2016 11:12:55	Transmitter		INFO	running
16-03-2016 11:12:55	Transmitter		INFO	running
16-03-2016 11:12:55	Transmitter		INFO	running
16-03-2016 11:12:55	Transmitter		INFO	running
16-03-2016 11:12:55	Transmitter		INFO	running
16-03-2016 11:12:55	Transmitter		INFO	running
16-03-2016 11:12:55	Transmitter		INFO	running
16-03-2016 11:12:55	Transmitter		INFO	running
16-03-2016 11:12:55	Transmitter		INFO	running
16-03-2016 11:12:55	Transmitter		INFO	running
16-03-2016 11:12:55	Transmitter		INFO	running
16-03-2016 11:12:55	Transmitter		INFO	running
16-03-2016 11:12:55	Transmitter		INFO	running
16-03-2016 11:12:55	Transmitter		INFO	running
16-03-2016 11:12:55	Transmitter		INFO	running
16-03-2016 11:12:55	Transmitter		INFO	running
16-03-2016 11:12:55	Transmitter		INFO	running
16-03-2016 11:12:55	Transmitter		INFO	running
16-03-2016 11:12:55	Transmitter		INFO	running
16-03-2016 11:12:55	Transmitter		INFO	running
16-03-2016 11:12:55	Transmitter		INFO	running
16-03-2016 11:12:55	Transmitter		INFO	running
16-03-2016 11:12:55	Transmitter		INFO	running
16-03-2016 11:12:55	Transmitter		INFO	running
16-03-2016 11:12:55	Transmitter		INFO	running
16-03-2016 11:12:55	Transmitter		INFO	running
16-03-2016 11:12:55	Transmitter		INFO	running
16-03-2016 11:12:55	Transmitter		INFO	running
16-03-2016 11:12:55	Transmitter		INFO	running
16-03-2016 11:12:55	Transmitter		INFO	running
16-03-2016 11:12:55	Transmitter		INFO	running
16-03-2016 11:12:55	Transmitter		INFO	running
16-03-2016 11:12:55	Transmitter		INFO	running
16-03-2016 11:12:55	Transmitter		INFO	running
16-03-2016 11:12:55	Transmitter		INFO	running
16-03-2016 11:12:55	Transmitter		INFO	running
16-03-2016 11:12:55	Transmitter		INFO	running
16-03-2016 11:12:55	Transmitter		INFO	running
16-03-2016 11:12:55	Transmitter		INFO	running
16-03-2016 11:12:55	Transmitter		INFO	running
16-03-2016 11:12:55	Transmitter		INFO	running
16-03-2016 11:12:55	Transmitter		INFO	running
16-03-2016 11:12:55	Transmitter		INFO	running
16-03-2016 11:12:55	Transmitter		INFO	running
16-03-2016 11:12:55	Transmitter		INFO	running
16-03-2016 11:12:55	Transmitter		INFO	running
16-03-2016 11:12:55	Transmitter		INFO	running
16-03-2016 11:12:55	Transmitter		INFO	running
16-03-2016 11:12:55	Transmitter		INFO	running
16-03-2016 11:12:55	Transmitter		INFO	running
16-03-2016 11:12:55	Transmitter		INFO	running
16-03-2016 11:12:55	Transmitter		INFO	running
16-03-2016 11:12:55	Transmitter		INFO	running
16-03-2016 11:12:56	Transmitter		INFO	running
16-03-2016 11:12:56	Transmitter		INFO	running
16-03-2016 11:12:56	Transmitter		INFO	running
16-03-2016 11:12:56	Transmitter		INFO	running
16-03-2016 11:12:56	Transmitter		INFO	running
16-03-2016 11:12:56	Transmitter		INFO	running
16-03-2016 11:12:56	Transmitter		INFO	running
16-03-2016 11:12:56	Transmitter		INFO	running
16-03-2016 11:12:56	Transmitter		INFO	running
16-03-2016 11:12:56	Transmitter		INFO	running
16-03-2016 11:12:56	Transmitter		INFO	running
16-03-2016 11:12:56	Transmitter		INFO	running
16-03-2016 11:12:56	Transmitter		INFO	running
16-03-2016 11:12:56	Transmitter		INFO	running
16-03-2016 11:12:56	Transmitter		INFO	running
16-03-2016 11:12:56	Transmitter		INFO	running
16-03-2016 11:12:56	Transmitter		INFO	running
16-03-2016 11:12:56	Transmitter		INFO	running
16-03-2016 11:12:56	Transmitter		INFO	running
16-03-2016 11:12:56	Transmitter		INFO	running
16-03-2016 11:12:56	Transmitter		INFO	running
16-03-2016 11:12:56	Transmitter		INFO	running
16-03-2016 11:12:56	Transmitter		INFO	running
16-03-2016 11:12:56	Transmitter		INFO	running
16-03-2016 11:12:56	Transmitter		INFO	running
16-03-2016 11:12:56	Transmitter		INFO	running
16-03-2016 11:12:56	Transmitter		INFO	running
16-03-2016 11:12:56	Transmitter		INFO	running
16-03-2016 11:12:56	Transmitter		INFO	running
16-03-2016 11:12:56	Transmitter		INFO	running
16-03-2016 11:12:56	Transmitter		INFO	running
16-03-2016 11:12:56	Transmitter		INFO	running
16-03-2016 11:12:56	Transmitter		INFO	running
16-03-2016 11:12:56	Transmitter		INFO	running
16-03-2016 11:12:56	Transmitter		INFO	running
16-03-2016 11:12:56	Transmitter		INFO	running
16-03-2016 11:12:56	Transmitter		INFO	running
16-03-2016 11:12:56	Transmitter		INFO	running
16-03-2016 11:12:56	Transmitter		INFO	running
16-03-2016 11:12:56	Transmitter		INFO	running
16-03-2016 11:12:56	Transmitter		INFO	running
16-03-2016 11:12:56	Transmitter		INFO	running
16-03-2016 11:12:56	Transmitter		INFO	running
16-03-2016 11:12:56	Transmitter		INFO	running
16-03-2016 11:12:56	Transmitter		INFO	running
16-03-2016 11:12:56	Transmitter		INFO	running
16-03-2016 11:12:56	Transmitter		INFO	running
16-03-2016 11:12:56	Transmitter		INFO	running
16-03-2016 11:12:56	Transmitter		INFO	running
16-03-2016 11:12:56	Transmitter		INFO	running
16-03-2016 11:12:56	Transmitter		INFO	running
16-03-2016 11:12:56	Transmitter		INFO	running
16-03-2016 11:12:56	Transmitter		INFO	running
16-03-2016 11:12:56	Transmitter		INFO	running
16-03-2016 11:12:56	Transmitter		INFO	running
16-03-2016 11:12:56	Transmitter		INFO	running
16-03-2016 11:12:56	Transmitter		INFO	running
16-03-2016 11:12:56	Transmitter		INFO	running
16-03-2016 11:12:56	Transmitter		INFO	running
16-03-2016 11:12:56	Transmitter		INFO	running
16-03-2016 11:12:56	Transmitter		INFO	running
16-03-2016 11:12:56	Transmitter		INFO	running
16-03-2016 11:12:56	Transmitter		INFO	running
16-03-2016 11:12:56	Transmitter		INFO	running
16-03-2016 11:12:56	Transmitter		INFO	running
16-03-2016 11:12:56	Transmitter		INFO	running
16-03-2016 11:12:56	Transmitter		INFO	running
16-03-2016 11:12:56	Transmitter		INFO	running
16-03-2016 11:12:56	Transmitter		INFO	running
16-03-2016 11:12:56	Transmitter		INFO	running
16-03-2016 11:12:56	Transmitter		INFO	running
16-03-2016 11:12:56	Transmitter		INFO	running
16-03-2016 11:12:56	Transmitter		INFO	running
16-03-2016 11:12:56	Transmitter		INFO	running
16-03-2016 11:12:56	Transmitter		INFO	running
16-03-2016 11:12:56	Transmitter		INFO	running
16-03-2016 11:12:56	Transmitter		INFO	running
16-03-2016 11:12:56	Transmitter		INFO	running
16-03-2016 11:12:56	Transmitter		INFO	running
16-03-2016 11:12:56	Transmitter		INFO	running
16-03-2016 11:12:56	Transmitter		INFO	running
16-03-2016 11:12:56	Transmitter		INFO	running
16-03-2016 11:12:56	Transmitter		INFO	running
16-03-2016 11:12:56	Transmitter		INFO	running
16-03-2016 11:12:57	Transmitter		INFO	running
16-03-2016 11:12:57	Transmitter		INFO	running
16-03-2016 11:12:57	Transmitter		INFO	running
16-03-2016 11:12:57	Transmitter		INFO	running
16-03-2016 11:12:57	Transmitter		INFO	running
16-03-2016 11:12:57	Transmitter		INFO	running
16-03-2016 11:12:57	Transmitter		INFO	running
16-03-2016 11:12:57	Transmitter		INFO	running
16-03-2016 11:12:57	Transmitter		INFO	running
16-03-2016 11:12:57	Transmitter		INFO	running
16-03-2016 11:12:57	Transmitter		INFO	running
16-03-2016 11:12:57	Transmitter		INFO	running
16-03-2016 11:12:57	Transmitter		INFO	running
16-03-2016 11:12:57	Transmitter		INFO	running
16-03-2016 11:12:57	Transmitter		INFO	running
16-03-2016 11:12:57	Transmitter		INFO	running
16-03-2016 11:12:57	Transmitter		INFO	running
16-03-2016 11:12:57	Transmitter		INFO	running
16-03-2016 11:12:57	Transmitter		INFO	running
16-03-2016 11:12:57	Transmitter		INFO	running
16-03-2016 11:12:57	Transmitter		INFO	running
16-03-2016 11:12:57	Transmitter		INFO	running
16-03-2016 11:12:57	Transmitter		INFO	running
16-03-2016 11:12:57	Transmitter		INFO	running
16-03-2016 11:12:57	Transmitter		INFO	running
16-03-2016 11:12:57	Transmitter		INFO	running
16-03-2016 11:12:57	Transmitter		INFO	running
16-03-2016 11:12:57	Transmitter		INFO	running
16-03-2016 11:12:57	Transmitter		INFO	running
16-03-2016 11:12:57	Transmitter		INFO	running
16-03-2016 11:12:57	Transmitter		INFO	running
16-03-2016 11:12:57	Transmitter		INFO	running
16-03-2016 11:12:57	Transmitter		INFO	running
16-03-2016 11:12:57	Transmitter		INFO	running
16-03-2016 11:12:57	Transmitter		INFO	running
16-03-2016 11:12:57	Transmitter		INFO	running
16-03-2016 11:12:57	Transmitter		INFO	running
16-03-2016 11:12:57	Transmitter		INFO	running
16-03-2016 11:12:57	Transmitter		INFO	running
16-03-2016 11:12:57	Transmitter		INFO	running
16-03-2016 11:12:57	Transmitter		INFO	running
16-03-2016 11:12:57	Transmitter		INFO	running
16-03-2016 11:12:57	Transmitter		INFO	running
16-03-2016 11:12:57	Transmitter		INFO	running
16-03-2016 11:12:57	Transmitter		INFO	running
16-03-2016 11:12:57	Transmitter		INFO	running
16-03-2016 11:12:57	Transmitter		INFO	running
16-03-2016 11:12:57	Transmitter		INFO	running
16-03-2016 11:12:57	Transmitter		INFO	running
16-03-2016 11:12:57	Transmitter		INFO	running
16-03-2016 11:12:57	Transmitter		INFO	running
16-03-2016 11:12:57	Transmitter		INFO	running
16-03-2016 11:12:57	Transmitter		INFO	running
16-03-2016 11:12:57	Transmitter		INFO	running
16-03-2016 11:12:57	Transmitter		INFO	running
16-03-2016 11:12:57	Transmitter		INFO	running
16-03-2016 11:12:57	Transmitter		INFO	running
16-03-2016 11:12:57	Transmitter		INFO	running
16-03-2016 11:12:57	Transmitter		INFO	running
16-03-2016 11:12:57	Transmitter		INFO	running
16-03-2016 11:12:57	Transmitter		INFO	running
16-03-2016 11:12:57	Transmitter		INFO	running
16-03-2016 11:12:57	Transmitter		INFO	running
16-03-2016 11:12:57	Transmitter		INFO	running
16-03-2016 11:12:57	Transmitter		INFO	running
16-03-2016 11:12:57	Transmitter		INFO	running
16-03-2016 11:12:57	Transmitter		INFO	running
16-03-2016 11:12:57	Transmitter		INFO	running
16-03-2016 11:12:57	Transmitter		INFO	running
16-03-2016 11:12:57	Transmitter		INFO	running
16-03-2016 11:12:57	Transmitter		INFO	running
16-03-2016 11:12:57	Transmitter		INFO	running
16-03-2016 11:12:57	Transmitter		INFO	running
16-03-2016 11:12:57	Transmitter		INFO	running
16-03-2016 11:12:57	Transmitter		INFO	running
16-03-2016 11:12:57	Transmitter		INFO	running
16-03-2016 11:12:57	Transmitter		INFO	running
16-03-2016 11:12:57	Transmitter		INFO	running
16-03-2016 11:12:58	Transmitter		INFO	running
16-03-2016 11:12:58	Transmitter		INFO	running
16-03-2016 11:12:58	Transmitter		INFO	running
16-03-2016 11:12:58	Transmitter		INFO	running
16-03-2016 11:12:58	Transmitter		INFO	running
16-03-2016 11:12:58	Transmitter		INFO	running
16-03-2016 11:12:58	Transmitter		INFO	running
16-03-2016 11:12:58	Transmitter		INFO	running
16-03-2016 11:12:58	Transmitter		INFO	running
16-03-2016 11:12:58	Transmitter		INFO	running
16-03-2016 11:12:58	Transmitter		INFO	running
16-03-2016 11:12:58	Transmitter		INFO	running
16-03-2016 11:12:58	Transmitter		INFO	running
16-03-2016 11:12:58	Transmitter		INFO	running
16-03-2016 11:12:58	Transmitter		INFO	running
16-03-2016 11:12:58	Transmitter		INFO	running
16-03-2016 11:12:58	Transmitter		INFO	running
16-03-2016 11:12:58	Transmitter		INFO	running
16-03-2016 11:12:58	Transmitter		INFO	running
16-03-2016 11:12:58	Transmitter		INFO	running
16-03-2016 11:12:58	Transmitter		INFO	running
16-03-2016 11:12:58	Transmitter		INFO	running
16-03-2016 11:12:58	Transmitter		INFO	running
16-03-2016 11:12:58	Transmitter		INFO	running
16-03-2016 11:12:58	Transmitter		INFO	running
16-03-2016 11:12:58	Transmitter		INFO	running
16-03-2016 11:12:58	Transmitter		INFO	running
16-03-2016 11:12:58	Transmitter		INFO	running
16-03-2016 11:12:58	Transmitter		INFO	running
16-03-2016 11:12:58	Transmitter		INFO	running
16-03-2016 11:12:58	Transmitter		INFO	running
16-03-2016 11:12:58	Transmitter		INFO	running
16-03-2016 11:12:58	Transmitter		INFO	running
16-03-2016 11:12:58	Transmitter		INFO	running
16-03-2016 11:12:58	Transmitter		INFO	running
16-03-2016 11:12:58	Transmitter		INFO	running
16-03-2016 11:12:58	Transmitter		INFO	running
16-03-2016 11:12:58	Transmitter		INFO	running
16-03-2016 11:12:58	Transmitter		INFO	running
16-03-2016 11:12:58	Transmitter		INFO	running
16-03-2016 11:12:58	Transmitter		INFO	running
16-03-2016 11:12:58	Transmitter		INFO	running
16-03-2016 11:12:58	Transmitter		INFO	running
16-03-2016 11:12:58	Transmitter		INFO	running
16-03-2016 11:12:58	Transmitter		INFO	running
16-03-2016 11:12:58	Transmitter		INFO	running
16-03-2016 11:12:58	Transmitter		INFO	running
16-03-2016 11:12:58	Transmitter		INFO	running
16-03-2016 11:12:58	Transmitter		INFO	running
16-03-2016 11:12:58	Transmitter		INFO	running
16-03-2016 11:12:58	Transmitter		INFO	running
16-03-2016 11:12:58	Transmitter		INFO	running
16-03-2016 11:12:58	Transmitter		INFO	running
16-03-2016 11:12:58	Transmitter		INFO	running
16-03-2016 11:12:58	Transmitter		INFO	running
16-03-2016 11:12:58	Transmitter		INFO	running
16-03-2016 11:12:58	Transmitter		INFO	running
16-03-2016 11:12:58	Transmitter		INFO	running
16-03-2016 11:12:58	Transmitter		INFO	running
16-03-2016 11:12:58	Transmitter		INFO	running
16-03-2016 11:12:58	Transmitter		INFO	running
16-03-2016 11:12:58	Transmitter		INFO	running
16-03-2016 11:12:58	Transmitter		INFO	running
16-03-2016 11:12:58	Transmitter		INFO	running
16-03-2016 11:12:58	Transmitter		INFO	running
16-03-2016 11:12:58	Transmitter		INFO	running
16-03-2016 11:12:58	Transmitter		INFO	running
16-03-2016 11:12:58	Transmitter		INFO	running
16-03-2016 11:12:58	Transmitter		INFO	running
16-03-2016 11:12:58	Transmitter		INFO	running
16-03-2016 11:12:58	Transmitter		INFO	running
16-03-2016 11:12:58	Transmitter		INFO	running
16-03-2016 11:12:58	Transmitter		INFO	running
16-03-2016 11:12:59	Transmitter		INFO	running
16-03-2016 11:12:59	Transmitter		INFO	running
16-03-2016 11:12:59	Transmitter		INFO	running
16-03-2016 11:12:59	Transmitter		INFO	running
16-03-2016 11:12:59	Transmitter		INFO	running
16-03-2016 11:12:59	Transmitter		INFO	running
16-03-2016 11:12:59	Transmitter		INFO	running
16-03-2016 11:12:59	Transmitter		INFO	running
16-03-2016 11:12:59	Transmitter		INFO	running
16-03-2016 11:12:59	Transmitter		INFO	running
16-03-2016 11:12:59	Transmitter		INFO	running
16-03-2016 11:12:59	Transmitter		INFO	running
16-03-2016 11:12:59	Transmitter		INFO	running
16-03-2016 11:12:59	Transmitter		INFO	running
16-03-2016 11:12:59	Transmitter		INFO	running
16-03-2016 11:12:59	Transmitter		INFO	running
16-03-2016 11:12:59	Transmitter		INFO	running
16-03-2016 11:12:59	Transmitter		INFO	running
16-03-2016 11:12:59	Transmitter		INFO	running
16-03-2016 11:12:59	Transmitter		INFO	running
16-03-2016 11:12:59	Transmitter		INFO	running
16-03-2016 11:12:59	Transmitter		INFO	running
16-03-2016 11:12:59	Transmitter		INFO	running
16-03-2016 11:12:59	Transmitter		INFO	running
16-03-2016 11:12:59	Transmitter		INFO	running
16-03-2016 11:12:59	Transmitter		INFO	running
16-03-2016 11:12:59	Transmitter		INFO	running
16-03-2016 11:12:59	Transmitter		INFO	running
16-03-2016 11:12:59	Transmitter		INFO	running
16-03-2016 11:12:59	Transmitter		INFO	running
16-03-2016 11:12:59	Transmitter		INFO	running
16-03-2016 11:12:59	Transmitter		INFO	running
16-03-2016 11:12:59	Transmitter		INFO	running
16-03-2016 11:12:59	Transmitter		INFO	running
16-03-2016 11:12:59	Transmitter		INFO	running
16-03-2016 11:12:59	Transmitter		INFO	running
16-03-2016 11:12:59	Transmitter		INFO	running
16-03-2016 11:12:59	Transmitter		INFO	running
16-03-2016 11:12:59	Transmitter		INFO	running
16-03-2016 11:12:59	Transmitter		INFO	running
16-03-2016 11:12:59	Transmitter		INFO	running
16-03-2016 11:12:59	Transmitter		INFO	running
16-03-2016 11:12:59	Transmitter		INFO	running
16-03-2016 11:12:59	Transmitter		INFO	running
16-03-2016 11:12:59	Transmitter		INFO	running
16-03-2016 11:12:59	Transmitter		INFO	running
16-03-2016 11:12:59	Transmitter		INFO	running
16-03-2016 11:12:59	Transmitter		INFO	running
16-03-2016 11:12:59	Transmitter		INFO	running
16-03-2016 11:12:59	Transmitter		INFO	running
16-03-2016 11:12:59	Transmitter		INFO	running
16-03-2016 11:12:59	Transmitter		INFO	running
16-03-2016 11:12:59	Transmitter		INFO	running
16-03-2016 11:12:59	Transmitter		INFO	running
16-03-2016 11:12:59	Transmitter		INFO	running
16-03-2016 11:12:59	Transmitter		INFO	running
16-03-2016 11:12:59	Transmitter		INFO	running
16-03-2016 11:12:59	Transmitter		INFO	running
16-03-2016 11:12:59	Transmitter		INFO	running
16-03-2016 11:12:59	Transmitter		INFO	running
16-03-2016 11:12:59	Transmitter		INFO	running
16-03-2016 11:12:59	Transmitter		INFO	running
16-03-2016 11:12:59	Transmitter		INFO	running
16-03-2016 11:12:59	Transmitter		INFO	running
16-03-2016 11:12:59	Transmitter		INFO	running
16-03-2016 11:12:59	Transmitter		INFO	running
16-03-2016 11:12:59	Transmitter		INFO	running
16-03-2016 11:12:59	Transmitter		INFO	running
16-03-2016 11:12:59	Transmitter		INFO	running
16-03-2016 11:12:59	Transmitter		INFO	running
16-03-2016 11:12:59	Transmitter		INFO	running
16-03-2016 11:12:59	Transmitter		INFO	running
16-03-2016 11:12:59	Transmitter		INFO	running
16-03-2016 11:12:59	Transmitter		INFO	running
16-03-2016 11:12:59	Transmitter		INFO	running
16-03-2016 11:12:59	Transmitter		INFO	running
16-03-2016 11:12:59	Transmitter		INFO	running
16-03-2016 11:12:59	Transmitter		INFO	running
16-03-2016 11:12:59	Transmitter		INFO	running
16-03-2016 11:12:59	Transmitter		INFO	running
16-03-2016 11:12:59	Transmitter		INFO	running
16-03-2016 11:12:59	Transmitter		INFO	running
16-03-2016 11:12:59	Transmitter		INFO	running
16-03-2016 11:12:59	Transmitter		INFO	running
16-03-2016 11:12:59	Transmitter		INFO	running
16-03-2016 11:12:59	Transmitter		INFO	running
16-03-2016 11:12:59	Transmitter		INFO	running
16-03-2016 11:13:00	Transmitter		INFO	running
16-03-2016 11:13:00	Transmitter		INFO	running
16-03-2016 11:13:00	Transmitter		INFO	running
16-03-2016 11:13:00	Transmitter		INFO	running
16-03-2016 11:13:00	Transmitter		INFO	running
16-03-2016 11:13:00	Transmitter		INFO	running
16-03-2016 11:13:00	Transmitter		INFO	running
16-03-2016 11:13:00	Transmitter		INFO	running
16-03-2016 11:13:00	Transmitter		INFO	running
16-03-2016 11:13:00	Transmitter		INFO	running
16-03-2016 11:13:00	Transmitter		INFO	running
16-03-2016 11:13:00	Transmitter		INFO	running
16-03-2016 11:13:00	Transmitter		INFO	running
16-03-2016 11:13:00	Transmitter		INFO	running
16-03-2016 11:13:00	Transmitter		INFO	running
16-03-2016 11:13:00	Transmitter		INFO	running
16-03-2016 11:13:00	Transmitter		INFO	running
16-03-2016 11:13:00	Transmitter		INFO	running
16-03-2016 11:13:00	Transmitter		INFO	running
16-03-2016 11:13:00	Transmitter		INFO	running
16-03-2016 11:13:00	Transmitter		INFO	running
16-03-2016 11:13:00	Transmitter		INFO	running
16-03-2016 11:13:00	Transmitter		INFO	running
16-03-2016 11:13:00	Transmitter		INFO	running
16-03-2016 11:13:00	Transmitter		INFO	running
16-03-2016 11:13:00	Transmitter		INFO	running
16-03-2016 11:13:00	Transmitter		INFO	running
16-03-2016 11:13:00	Transmitter		INFO	running
16-03-2016 11:13:00	Transmitter		INFO	running
16-03-2016 11:13:00	Transmitter		INFO	running
16-03-2016 11:13:00	Transmitter		INFO	running
16-03-2016 11:13:00	Transmitter		INFO	running
16-03-2016 11:13:00	Transmitter		INFO	running
16-03-2016 11:13:00	Transmitter		INFO	running
16-03-2016 11:13:00	Transmitter		INFO	running
16-03-2016 11:13:00	Transmitter		INFO	running
16-03-2016 11:13:00	Transmitter		INFO	running
16-03-2016 11:13:00	Transmitter		INFO	running
16-03-2016 11:13:00	Transmitter		INFO	running
16-03-2016 11:13:00	Transmitter		INFO	running
16-03-2016 11:13:00	Transmitter		INFO	running
16-03-2016 11:13:00	Transmitter		INFO	running
16-03-2016 11:13:00	Transmitter		INFO	running
16-03-2016 11:13:00	Transmitter		INFO	running
16-03-2016 11:13:00	Transmitter		INFO	running
16-03-2016 11:13:00	Transmitter		INFO	running
16-03-2016 11:13:00	Transmitter		INFO	running
16-03-2016 11:13:00	Transmitter		INFO	running
16-03-2016 11:13:00	Transmitter		INFO	running
16-03-2016 11:13:00	Transmitter		INFO	running
16-03-2016 11:13:00	Transmitter		INFO	running
16-03-2016 11:13:00	Transmitter		INFO	running
16-03-2016 11:13:00	Transmitter		INFO	running
16-03-2016 11:13:00	Transmitter		INFO	running
16-03-2016 11:13:00	Transmitter		INFO	running
16-03-2016 11:13:00	Transmitter		INFO	running
16-03-2016 11:13:00	Transmitter		INFO	running
16-03-2016 11:13:00	Transmitter		INFO	running
16-03-2016 11:13:00	Transmitter		INFO	running
16-03-2016 11:13:00	Transmitter		INFO	running
16-03-2016 11:13:00	Transmitter		INFO	running
16-03-2016 11:13:00	Transmitter		INFO	running
16-03-2016 11:13:00	Transmitter		INFO	running
16-03-2016 11:13:00	Transmitter		INFO	running
16-03-2016 11:13:00	Transmitter		INFO	running
16-03-2016 11:13:00	Transmitter		INFO	running
16-03-2016 11:13:00	Transmitter		INFO	running
16-03-2016 11:13:00	Transmitter		INFO	running
16-03-2016 11:13:00	Transmitter		INFO	running
16-03-2016 11:13:00	Transmitter		INFO	running
16-03-2016 11:13:00	Transmitter		INFO	running
16-03-2016 11:13:00	Transmitter		INFO	running
16-03-2016 11:13:00	Transmitter		INFO	running
16-03-2016 11:13:00	Transmitter		INFO	running
16-03-2016 11:13:00	Transmitter		INFO	running
16-03-2016 11:13:00	Transmitter		INFO	running
16-03-2016 11:13:00	Transmitter		INFO	running
16-03-2016 11:13:00	Transmitter		INFO	running
16-03-2016 11:13:00	Transmitter		INFO	running
16-03-2016 11:13:00	Transmitter		INFO	running
16-03-2016 11:13:01	Transmitter		INFO	running
16-03-2016 11:13:01	Transmitter		INFO	running
16-03-2016 11:13:01	Transmitter		INFO	running
16-03-2016 11:13:01	Transmitter		INFO	running
16-03-2016 11:13:01	Transmitter		INFO	running
16-03-2016 11:13:01	Transmitter		INFO	running
16-03-2016 11:13:01	Transmitter		INFO	running
16-03-2016 11:13:01	Transmitter		INFO	running
16-03-2016 11:13:01	Transmitter		INFO	running
16-03-2016 11:13:01	Transmitter		INFO	running
16-03-2016 11:13:01	Transmitter		INFO	running
16-03-2016 11:13:01	Transmitter		INFO	running
16-03-2016 11:13:01	Transmitter		INFO	running
16-03-2016 11:13:01	Transmitter		INFO	running
16-03-2016 11:13:01	Transmitter		INFO	running
16-03-2016 11:13:01	Transmitter		INFO	running
16-03-2016 11:13:01	Transmitter		INFO	running
16-03-2016 11:13:01	Transmitter		INFO	running
16-03-2016 11:13:01	Transmitter		INFO	running
16-03-2016 11:13:01	Transmitter		INFO	running
16-03-2016 11:13:01	Transmitter		INFO	running
16-03-2016 11:13:01	Transmitter		INFO	running
16-03-2016 11:13:01	Transmitter		INFO	running
16-03-2016 11:13:01	Transmitter		INFO	running
16-03-2016 11:13:01	Transmitter		INFO	running
16-03-2016 11:13:01	Transmitter		INFO	running
16-03-2016 11:13:01	Transmitter		INFO	running
16-03-2016 11:13:01	Transmitter		INFO	running
16-03-2016 11:13:01	Transmitter		INFO	running
16-03-2016 11:13:01	Transmitter		INFO	running
16-03-2016 11:13:01	Transmitter		INFO	running
16-03-2016 11:13:01	Transmitter		INFO	running
16-03-2016 11:13:01	Transmitter		INFO	running
16-03-2016 11:13:01	Transmitter		INFO	running
16-03-2016 11:13:01	Transmitter		INFO	running
16-03-2016 11:13:01	Transmitter		INFO	running
16-03-2016 11:13:01	Transmitter		INFO	running
16-03-2016 11:13:01	Transmitter		INFO	running
16-03-2016 11:13:01	Transmitter		INFO	running
16-03-2016 11:13:01	Transmitter		INFO	running
16-03-2016 11:13:01	Transmitter		INFO	running
16-03-2016 11:13:01	Transmitter		INFO	running
16-03-2016 11:13:01	Transmitter		INFO	running
16-03-2016 11:13:01	Transmitter		INFO	running
16-03-2016 11:13:01	Transmitter		INFO	running
16-03-2016 11:13:01	Transmitter		INFO	running
16-03-2016 11:13:01	Transmitter		INFO	running
16-03-2016 11:13:01	Transmitter		INFO	running
16-03-2016 11:13:01	Transmitter		INFO	running
16-03-2016 11:13:01	Transmitter		INFO	running
16-03-2016 11:13:01	Transmitter		INFO	running
16-03-2016 11:13:01	Transmitter		INFO	running
16-03-2016 11:13:01	Transmitter		INFO	running
16-03-2016 11:13:01	Transmitter		INFO	running
16-03-2016 11:13:01	Transmitter		INFO	running
16-03-2016 11:13:01	Transmitter		INFO	running
16-03-2016 11:13:01	Transmitter		INFO	running
16-03-2016 11:13:01	Transmitter		INFO	running
16-03-2016 11:13:01	Transmitter		INFO	running
16-03-2016 11:13:01	Transmitter		INFO	running
16-03-2016 11:13:01	Transmitter		INFO	running
16-03-2016 11:13:01	Transmitter		INFO	running
16-03-2016 11:13:01	Transmitter		INFO	running
16-03-2016 11:13:01	Transmitter		INFO	running
16-03-2016 11:13:01	Transmitter		INFO	running
16-03-2016 11:13:01	Transmitter		INFO	running
16-03-2016 11:13:01	Transmitter		INFO	running
16-03-2016 11:13:01	Transmitter		INFO	running
16-03-2016 11:13:01	Transmitter		INFO	running
16-03-2016 11:13:01	Transmitter		INFO	running
16-03-2016 11:13:01	Transmitter		INFO	running
16-03-2016 11:13:01	Transmitter		INFO	running
16-03-2016 11:13:01	Transmitter		INFO	running
16-03-2016 11:13:01	Transmitter		INFO	running
16-03-2016 11:13:01	Transmitter		INFO	running
16-03-2016 11:13:01	Transmitter		INFO	running
16-03-2016 11:13:01	Transmitter		INFO	running
16-03-2016 11:13:01	Transmitter		INFO	running
16-03-2016 11:13:01	Transmitter		INFO	running
16-03-2016 11:13:01	Transmitter		INFO	running
16-03-2016 11:13:01	Transmitter		INFO	running
16-03-2016 11:13:02	Transmitter		INFO	running
16-03-2016 11:13:02	Transmitter		INFO	running
16-03-2016 11:13:02	Transmitter		INFO	running
16-03-2016 11:13:02	Transmitter		INFO	running
16-03-2016 11:13:02	Transmitter		INFO	running
16-03-2016 11:13:02	Transmitter		INFO	running
16-03-2016 11:13:02	Transmitter		INFO	running
16-03-2016 11:13:02	Transmitter		INFO	running
16-03-2016 11:13:02	Transmitter		INFO	running
16-03-2016 11:13:02	Transmitter		INFO	running
16-03-2016 11:13:02	Transmitter		INFO	running
16-03-2016 11:13:02	Transmitter		INFO	running
16-03-2016 11:13:02	Transmitter		INFO	running
16-03-2016 11:13:02	Transmitter		INFO	running
16-03-2016 11:13:02	Transmitter		INFO	running
16-03-2016 11:13:02	Transmitter		INFO	running
16-03-2016 11:13:02	Transmitter		INFO	running
16-03-2016 11:13:02	Transmitter		INFO	running
16-03-2016 11:13:02	Transmitter		INFO	running
16-03-2016 11:13:02	Transmitter		INFO	running
16-03-2016 11:13:02	Transmitter		INFO	running
16-03-2016 11:13:02	Transmitter		INFO	running
16-03-2016 11:13:02	Transmitter		INFO	running
16-03-2016 11:13:02	Transmitter		INFO	running
16-03-2016 11:13:02	Transmitter		INFO	running
16-03-2016 11:13:02	Transmitter		INFO	running
16-03-2016 11:13:02	Transmitter		INFO	running
16-03-2016 11:13:02	Transmitter		INFO	running
16-03-2016 11:13:02	Transmitter		INFO	running
16-03-2016 11:13:02	Transmitter		INFO	running
16-03-2016 11:13:02	Transmitter		INFO	running
16-03-2016 11:13:02	Transmitter		INFO	running
16-03-2016 11:13:02	Transmitter		INFO	running
16-03-2016 11:13:02	Transmitter		INFO	running
16-03-2016 11:13:02	Transmitter		INFO	running
16-03-2016 11:13:02	Transmitter		INFO	running
16-03-2016 11:13:02	Transmitter		INFO	running
16-03-2016 11:13:02	Transmitter		INFO	running
16-03-2016 11:13:02	Transmitter		INFO	running
16-03-2016 11:13:02	Transmitter		INFO	running
16-03-2016 11:13:02	Transmitter		INFO	running
16-03-2016 11:13:02	Transmitter		INFO	running
16-03-2016 11:13:02	Transmitter		INFO	running
16-03-2016 11:13:02	Transmitter		INFO	running
16-03-2016 11:13:02	Transmitter		INFO	running
16-03-2016 11:13:02	Transmitter		INFO	running
16-03-2016 11:13:02	Transmitter		INFO	running
16-03-2016 11:13:02	Transmitter		INFO	running
16-03-2016 11:13:02	Transmitter		INFO	running
16-03-2016 11:13:02	Transmitter		INFO	running
16-03-2016 11:13:02	Transmitter		INFO	running
16-03-2016 11:13:02	Transmitter		INFO	running
16-03-2016 11:13:02	Transmitter		INFO	running
16-03-2016 11:13:02	Transmitter		INFO	running
16-03-2016 11:13:02	Transmitter		INFO	running
16-03-2016 11:13:02	Transmitter		INFO	running
16-03-2016 11:13:02	Transmitter		INFO	running
16-03-2016 11:13:02	Transmitter		INFO	running
16-03-2016 11:13:02	Transmitter		INFO	running
16-03-2016 11:13:02	Transmitter		INFO	running
16-03-2016 11:13:02	Transmitter		INFO	running
16-03-2016 11:13:02	Transmitter		INFO	running
16-03-2016 11:13:02	Transmitter		INFO	running
16-03-2016 11:13:02	Transmitter		INFO	running
16-03-2016 11:13:02	Transmitter		INFO	running
16-03-2016 11:13:02	Transmitter		INFO	running
16-03-2016 11:13:02	Transmitter		INFO	running
16-03-2016 11:13:02	Transmitter		INFO	running
16-03-2016 11:13:02	Transmitter		INFO	running
16-03-2016 11:13:02	Transmitter		INFO	running
16-03-2016 11:13:02	Transmitter		INFO	running
16-03-2016 11:13:02	Transmitter		INFO	running
16-03-2016 11:13:02	Transmitter		INFO	running
16-03-2016 11:13:02	Transmitter		INFO	running
16-03-2016 11:13:02	Transmitter		INFO	running
16-03-2016 11:13:02	Transmitter		INFO	running
16-03-2016 11:13:02	Transmitter		INFO	running
16-03-2016 11:13:02	Transmitter		INFO	running
16-03-2016 11:13:02	Transmitter		INFO	running
16-03-2016 11:13:02	Transmitter		INFO	running
16-03-2016 11:13:02	Transmitter		INFO	running
16-03-2016 11:13:02	Transmitter		INFO	running
16-03-2016 11:13:02	Transmitter		INFO	running
16-03-2016 11:13:02	Transmitter		INFO	running
16-03-2016 11:13:02	Transmitter		INFO	running
16-03-2016 11:13:02	Transmitter		INFO	running
16-03-2016 11:13:02	Transmitter		INFO	running
16-03-2016 11:13:02	Transmitter		INFO	running
16-03-2016 11:13:02	Transmitter		INFO	running
16-03-2016 11:13:02	Transmitter		INFO	running
16-03-2016 11:13:02	Transmitter		INFO	running
16-03-2016 11:13:02	Transmitter		INFO	running
16-03-2016 11:13:03	Transmitter		INFO	running
16-03-2016 11:13:03	Transmitter		INFO	running
16-03-2016 11:13:03	Transmitter		INFO	running
16-03-2016 11:13:03	Transmitter		INFO	running
16-03-2016 11:13:03	Transmitter		INFO	running
16-03-2016 11:13:03	Transmitter		INFO	running
16-03-2016 11:13:03	Transmitter		INFO	running
16-03-2016 11:13:03	Transmitter		INFO	running
16-03-2016 11:13:03	Transmitter		INFO	running
16-03-2016 11:13:03	Transmitter		INFO	running
16-03-2016 11:13:03	Transmitter		INFO	running
16-03-2016 11:13:03	Transmitter		INFO	running
16-03-2016 11:13:03	Transmitter		INFO	running
16-03-2016 11:13:03	Transmitter		INFO	running
16-03-2016 11:13:03	Transmitter		INFO	running
16-03-2016 11:13:03	Transmitter		INFO	running
16-03-2016 11:13:03	Transmitter		INFO	running
16-03-2016 11:13:03	Transmitter		INFO	running
16-03-2016 11:13:03	Transmitter		INFO	running
16-03-2016 11:13:03	Transmitter		INFO	running
16-03-2016 11:13:03	Transmitter		INFO	running
16-03-2016 11:13:03	Transmitter		INFO	running
16-03-2016 11:13:03	Transmitter		INFO	running
16-03-2016 11:13:03	Transmitter		INFO	running
16-03-2016 11:13:03	Transmitter		INFO	running
16-03-2016 11:13:03	Transmitter		INFO	running
16-03-2016 11:13:03	Transmitter		INFO	running
16-03-2016 11:13:03	Transmitter		INFO	running
16-03-2016 11:13:03	Transmitter		INFO	running
16-03-2016 11:13:03	Transmitter		INFO	running
16-03-2016 11:13:03	Transmitter		INFO	running
16-03-2016 11:13:03	Transmitter		INFO	running
16-03-2016 11:13:03	Transmitter		INFO	running
16-03-2016 11:13:03	Transmitter		INFO	running
16-03-2016 11:13:03	Transmitter		INFO	running
16-03-2016 11:13:03	Transmitter		INFO	running
16-03-2016 11:13:03	Transmitter		INFO	running
16-03-2016 11:13:03	Transmitter		INFO	running
16-03-2016 11:13:03	Transmitter		INFO	running
16-03-2016 11:13:03	Transmitter		INFO	running
16-03-2016 11:13:03	Transmitter		INFO	running
16-03-2016 11:13:03	Transmitter		INFO	running
16-03-2016 11:13:03	Transmitter		INFO	running
16-03-2016 11:13:03	Transmitter		INFO	running
16-03-2016 11:13:03	Transmitter		INFO	running
16-03-2016 11:13:03	Transmitter		INFO	running
16-03-2016 11:13:03	Transmitter		INFO	running
16-03-2016 11:13:03	Transmitter		INFO	running
16-03-2016 11:13:03	Transmitter		INFO	running
16-03-2016 11:13:03	Transmitter		INFO	running
16-03-2016 11:13:03	Transmitter		INFO	running
16-03-2016 11:13:03	Transmitter		INFO	running
16-03-2016 11:13:03	Transmitter		INFO	running
16-03-2016 11:13:03	Transmitter		INFO	running
16-03-2016 11:13:03	Transmitter		INFO	running
16-03-2016 11:13:03	Transmitter		INFO	running
16-03-2016 11:13:03	Transmitter		INFO	running
16-03-2016 11:13:03	Transmitter		INFO	running
16-03-2016 11:13:03	Transmitter		INFO	running
16-03-2016 11:13:03	Transmitter		INFO	running
16-03-2016 11:13:03	Transmitter		INFO	running
16-03-2016 11:13:03	Transmitter		INFO	running
16-03-2016 11:13:03	Transmitter		INFO	running
16-03-2016 11:13:03	Transmitter		INFO	running
16-03-2016 11:13:03	Transmitter		INFO	running
16-03-2016 11:13:03	Transmitter		INFO	running
16-03-2016 11:13:03	Transmitter		INFO	running
16-03-2016 11:13:03	Transmitter		INFO	running
16-03-2016 11:13:03	Transmitter		INFO	running
16-03-2016 11:13:03	Transmitter		INFO	running
16-03-2016 11:13:03	Transmitter		INFO	running
16-03-2016 11:13:03	Transmitter		INFO	running
16-03-2016 11:13:03	Transmitter		INFO	running
16-03-2016 11:13:03	Transmitter		INFO	running
16-03-2016 11:13:03	Transmitter		INFO	running
16-03-2016 11:13:03	Transmitter		INFO	running
16-03-2016 11:13:03	Transmitter		INFO	running
16-03-2016 11:13:03	Transmitter		INFO	running
16-03-2016 11:13:03	Transmitter		INFO	running
16-03-2016 11:13:03	Transmitter		INFO	running
16-03-2016 11:13:03	Transmitter		INFO	running
16-03-2016 11:13:03	Transmitter		INFO	running
16-03-2016 11:13:03	Transmitter		INFO	running
16-03-2016 11:13:03	Transmitter		INFO	running
16-03-2016 11:13:03	Transmitter		INFO	running
16-03-2016 11:13:03	Transmitter		INFO	running
16-03-2016 11:13:03	Transmitter		INFO	running
16-03-2016 11:13:03	Transmitter		INFO	running
16-03-2016 11:13:03	Transmitter		INFO	running
16-03-2016 11:13:03	Controller		INFO	sending to transmitter
16-03-2016 11:13:03	Transmitter		INFO	pushing into buff
16-03-2016 11:13:03	Transmitter		INFO	running
16-03-2016 11:13:03	Transmitter		INFO	getting from buffer
16-03-2016 11:13:07	Transmitter		INFO	sending string: 3653
16-03-2016 11:13:07	Transmitter		INFO	running
16-03-2016 11:13:07	Transmitter		INFO	running
16-03-2016 11:13:07	Transmitter		INFO	running
16-03-2016 11:13:07	Transmitter		INFO	running
16-03-2016 11:13:07	Transmitter		INFO	running
16-03-2016 11:13:07	Transmitter		INFO	running
16-03-2016 11:13:07	Transmitter		INFO	running
16-03-2016 11:13:07	Transmitter		INFO	running
16-03-2016 11:13:07	Transmitter		INFO	running
16-03-2016 11:13:07	Transmitter		INFO	running
16-03-2016 11:13:07	Transmitter		INFO	running
16-03-2016 11:13:07	Transmitter		INFO	running
16-03-2016 11:13:07	Transmitter		INFO	running
16-03-2016 11:13:07	Transmitter		INFO	running
16-03-2016 11:13:07	Transmitter		INFO	running
16-03-2016 11:13:07	Transmitter		INFO	running
16-03-2016 11:13:07	Transmitter		INFO	running
16-03-2016 11:13:07	Transmitter		INFO	running
16-03-2016 11:13:07	Transmitter		INFO	running
16-03-2016 11:13:07	Transmitter		INFO	running
16-03-2016 11:13:07	Transmitter		INFO	running
16-03-2016 11:13:07	Transmitter		INFO	running
16-03-2016 11:13:07	Transmitter		INFO	running
16-03-2016 11:13:07	Transmitter		INFO	running
16-03-2016 11:13:07	Transmitter		INFO	running
16-03-2016 11:13:07	Transmitter		INFO	running
16-03-2016 11:13:07	Transmitter		INFO	running
16-03-2016 11:13:07	Transmitter		INFO	running
16-03-2016 11:13:07	Transmitter		INFO	running
16-03-2016 11:13:07	Transmitter		INFO	running
16-03-2016 11:13:07	Transmitter		INFO	running
16-03-2016 11:13:07	Transmitter		INFO	running
16-03-2016 11:13:07	Transmitter		INFO	running
16-03-2016 11:13:07	Transmitter		INFO	running
16-03-2016 11:13:07	Transmitter		INFO	running
16-03-2016 11:13:07	Transmitter		INFO	running
16-03-2016 11:13:07	Transmitter		INFO	running
16-03-2016 11:13:07	Transmitter		INFO	running
16-03-2016 11:13:07	Transmitter		INFO	running
16-03-2016 11:13:07	Transmitter		INFO	running
16-03-2016 11:13:07	Transmitter		INFO	running
16-03-2016 11:13:07	Transmitter		INFO	running
16-03-2016 11:13:07	Transmitter		INFO	running
16-03-2016 11:13:07	Transmitter		INFO	running
16-03-2016 11:13:07	Transmitter		INFO	running
16-03-2016 11:13:07	Transmitter		INFO	running
16-03-2016 11:13:07	Transmitter		INFO	running
16-03-2016 11:13:07	Transmitter		INFO	running
16-03-2016 11:13:07	Transmitter		INFO	running
16-03-2016 11:13:07	Transmitter		INFO	running
16-03-2016 11:13:07	Transmitter		INFO	running
16-03-2016 11:13:07	Transmitter		INFO	running
16-03-2016 11:13:07	Transmitter		INFO	running
16-03-2016 11:13:07	Transmitter		INFO	running
16-03-2016 11:13:07	Transmitter		INFO	running
16-03-2016 11:13:07	Transmitter		INFO	running
16-03-2016 11:13:07	Transmitter		INFO	running
16-03-2016 11:13:07	Transmitter		INFO	running
16-03-2016 11:13:07	Transmitter		INFO	running
16-03-2016 11:13:07	Transmitter		INFO	running
16-03-2016 11:13:07	Transmitter		INFO	running
16-03-2016 11:13:07	Transmitter		INFO	running
16-03-2016 11:13:07	Transmitter		INFO	running
16-03-2016 11:13:07	Transmitter		INFO	running
16-03-2016 11:13:07	Transmitter		INFO	running
16-03-2016 11:13:07	Transmitter		INFO	running
16-03-2016 11:13:07	Transmitter		INFO	running
16-03-2016 11:13:07	Transmitter		INFO	running
16-03-2016 11:13:07	Transmitter		INFO	running
16-03-2016 11:13:07	Transmitter		INFO	running
16-03-2016 11:13:07	Transmitter		INFO	running
16-03-2016 11:13:07	Transmitter		INFO	running
16-03-2016 11:13:07	Transmitter		INFO	running
16-03-2016 11:13:07	Transmitter		INFO	running
16-03-2016 11:13:07	Transmitter		INFO	running
16-03-2016 11:13:07	Transmitter		INFO	running
16-03-2016 11:13:07	Transmitter		INFO	running
16-03-2016 11:13:07	Transmitter		INFO	running
16-03-2016 11:13:07	Transmitter		INFO	running
16-03-2016 11:13:07	Transmitter		INFO	running
16-03-2016 11:13:07	Transmitter		INFO	running
16-03-2016 11:13:07	Transmitter		INFO	running
16-03-2016 11:13:07	Transmitter		INFO	running
16-03-2016 11:13:07	Transmitter		INFO	running
16-03-2016 11:13:07	Transmitter		INFO	running
16-03-2016 11:13:07	Transmitter		INFO	running
16-03-2016 11:13:07	Transmitter		INFO	running
16-03-2016 11:13:07	Transmitter		INFO	running
16-03-2016 11:13:07	Transmitter		INFO	running
16-03-2016 11:13:07	Transmitter		INFO	running
16-03-2016 11:13:07	Transmitter		INFO	running
16-03-2016 11:13:07	Transmitter		INFO	running
16-03-2016 11:13:07	Transmitter		INFO	running
16-03-2016 11:13:07	Transmitter		INFO	running
16-03-2016 11:13:07	Transmitter		INFO	running
16-03-2016 11:13:07	Transmitter		INFO	running
16-03-2016 11:13:07	Transmitter		INFO	running
16-03-2016 11:13:07	Transmitter		INFO	running
16-03-2016 11:13:07	Transmitter		INFO	running
16-03-2016 11:13:07	Transmitter		INFO	running
16-03-2016 11:13:08	Transmitter		INFO	running
16-03-2016 11:13:08	Transmitter		INFO	running
16-03-2016 11:13:08	Transmitter		INFO	running
16-03-2016 11:13:08	Transmitter		INFO	running
16-03-2016 11:13:08	Transmitter		INFO	running
16-03-2016 11:13:08	Transmitter		INFO	running
16-03-2016 11:13:08	Transmitter		INFO	running
16-03-2016 11:13:08	Transmitter		INFO	running
16-03-2016 11:13:08	Transmitter		INFO	running
16-03-2016 11:13:08	Transmitter		INFO	running
16-03-2016 11:13:08	Transmitter		INFO	running
16-03-2016 11:13:08	Transmitter		INFO	running
16-03-2016 11:13:08	Transmitter		INFO	running
16-03-2016 11:13:08	Transmitter		INFO	running
16-03-2016 11:13:08	Transmitter		INFO	running
16-03-2016 11:13:08	Transmitter		INFO	running
16-03-2016 11:13:08	Transmitter		INFO	running
16-03-2016 11:13:08	Transmitter		INFO	running
16-03-2016 11:13:08	Transmitter		INFO	running
16-03-2016 11:13:08	Transmitter		INFO	running
16-03-2016 11:13:08	Transmitter		INFO	running
16-03-2016 11:13:08	Transmitter		INFO	running
16-03-2016 11:13:08	Transmitter		INFO	running
16-03-2016 11:13:08	Transmitter		INFO	running
16-03-2016 11:13:08	Transmitter		INFO	running
16-03-2016 11:13:08	Transmitter		INFO	running
16-03-2016 11:13:08	Transmitter		INFO	running
16-03-2016 11:13:08	Transmitter		INFO	running
16-03-2016 11:13:08	Transmitter		INFO	running
16-03-2016 11:13:08	Transmitter		INFO	running
16-03-2016 11:13:08	Transmitter		INFO	running
16-03-2016 11:13:08	Transmitter		INFO	running
16-03-2016 11:13:08	Transmitter		INFO	running
16-03-2016 11:13:08	Transmitter		INFO	running
16-03-2016 11:13:08	Transmitter		INFO	running
16-03-2016 11:13:08	Transmitter		INFO	running
16-03-2016 11:13:08	Transmitter		INFO	running
16-03-2016 11:13:08	Transmitter		INFO	running
16-03-2016 11:13:08	Transmitter		INFO	running
16-03-2016 11:13:08	Transmitter		INFO	running
16-03-2016 11:13:08	Transmitter		INFO	running
16-03-2016 11:13:08	Transmitter		INFO	running
16-03-2016 11:13:08	Transmitter		INFO	running
16-03-2016 11:13:08	Transmitter		INFO	running
16-03-2016 11:13:08	Transmitter		INFO	running
16-03-2016 11:13:08	Transmitter		INFO	running
16-03-2016 11:13:08	Transmitter		INFO	running
16-03-2016 11:13:08	Transmitter		INFO	running
16-03-2016 11:13:08	Transmitter		INFO	running
16-03-2016 11:13:08	Transmitter		INFO	running
16-03-2016 11:13:08	Transmitter		INFO	running
16-03-2016 11:13:08	Transmitter		INFO	running
16-03-2016 11:13:08	Transmitter		INFO	running
16-03-2016 11:13:08	Transmitter		INFO	running
16-03-2016 11:13:08	Transmitter		INFO	running
16-03-2016 11:13:08	Transmitter		INFO	running
16-03-2016 11:13:08	Transmitter		INFO	running
16-03-2016 11:13:08	Transmitter		INFO	running
16-03-2016 11:13:08	Transmitter		INFO	running
16-03-2016 11:13:08	Transmitter		INFO	running
16-03-2016 11:13:08	Transmitter		INFO	running
16-03-2016 11:13:08	Transmitter		INFO	running
16-03-2016 11:13:08	Transmitter		INFO	running
16-03-2016 11:13:08	Transmitter		INFO	running
16-03-2016 11:13:08	Transmitter		INFO	running
16-03-2016 11:13:08	Transmitter		INFO	running
16-03-2016 11:13:08	Transmitter		INFO	running
16-03-2016 11:13:08	Transmitter		INFO	running
16-03-2016 11:13:08	Transmitter		INFO	running
16-03-2016 11:13:08	Transmitter		INFO	running
16-03-2016 11:13:08	Transmitter		INFO	running
16-03-2016 11:13:08	Transmitter		INFO	running
16-03-2016 11:13:08	Transmitter		INFO	running
16-03-2016 11:13:08	Transmitter		INFO	running
16-03-2016 11:13:08	Transmitter		INFO	running
16-03-2016 11:13:08	Transmitter		INFO	running
16-03-2016 11:13:08	Transmitter		INFO	running
16-03-2016 11:13:08	Transmitter		INFO	running
16-03-2016 11:13:08	Transmitter		INFO	running
16-03-2016 11:13:08	Transmitter		INFO	running
16-03-2016 11:13:08	Transmitter		INFO	running
16-03-2016 11:13:08	Transmitter		INFO	running
16-03-2016 11:13:08	Transmitter		INFO	running
16-03-2016 11:13:08	Transmitter		INFO	running
16-03-2016 11:13:08	Transmitter		INFO	running
16-03-2016 11:13:08	Transmitter		INFO	running
16-03-2016 11:13:08	Transmitter		INFO	running
16-03-2016 11:13:08	Transmitter		INFO	running
16-03-2016 11:13:08	Transmitter		INFO	running
16-03-2016 11:13:08	Transmitter		INFO	running
16-03-2016 11:13:08	Transmitter		INFO	running
16-03-2016 11:13:08	Transmitter		INFO	running
16-03-2016 11:13:08	Transmitter		INFO	running
16-03-2016 11:13:08	Transmitter		INFO	running
16-03-2016 11:13:08	Transmitter		INFO	running
16-03-2016 11:13:08	Transmitter		INFO	running
16-03-2016 11:13:08	Transmitter		INFO	running
16-03-2016 11:13:08	Transmitter		INFO	running
16-03-2016 11:13:08	Transmitter		INFO	running
16-03-2016 11:13:08	Transmitter		INFO	running
16-03-2016 11:13:08	Transmitter		INFO	running
16-03-2016 11:13:08	Transmitter		INFO	running
16-03-2016 11:13:08	Transmitter		INFO	running
16-03-2016 11:13:08	Transmitter		INFO	running
16-03-2016 11:13:08	Transmitter		INFO	running
16-03-2016 11:13:08	Transmitter		INFO	running
16-03-2016 11:13:08	Transmitter		INFO	running
16-03-2016 11:13:08	Transmitter		INFO	running
16-03-2016 11:13:08	Transmitter		INFO	running
16-03-2016 11:13:08	Transmitter		INFO	running
16-03-2016 11:13:08	Transmitter		INFO	running
16-03-2016 11:13:08	Transmitter		INFO	running
16-03-2016 11:13:08	Transmitter		INFO	running
16-03-2016 11:13:08	Transmitter		INFO	running
16-03-2016 11:13:08	Transmitter		INFO	running
16-03-2016 11:13:08	Transmitter		INFO	running
16-03-2016 11:13:08	Transmitter		INFO	running
16-03-2016 11:13:08	Transmitter		INFO	running
16-03-2016 11:13:08	Transmitter		INFO	running
16-03-2016 11:13:08	Transmitter		INFO	running
16-03-2016 11:13:08	Transmitter		INFO	running
16-03-2016 11:13:08	DataProcessor		INFO	polling
16-03-2016 11:13:08	Transmitter		INFO	running
16-03-2016 11:13:08	Transmitter		INFO	running
16-03-2016 11:13:08	Transmitter		INFO	running
16-03-2016 11:13:09	Transmitter		INFO	running
16-03-2016 11:13:09	Transmitter		INFO	running
16-03-2016 11:13:09	Transmitter		INFO	running
16-03-2016 11:13:09	Transmitter		INFO	running
16-03-2016 11:13:09	Transmitter		INFO	running
16-03-2016 11:13:09	Transmitter		INFO	running
16-03-2016 11:13:09	Transmitter		INFO	running
16-03-2016 11:13:09	Transmitter		INFO	running
16-03-2016 11:13:09	Transmitter		INFO	running
16-03-2016 11:13:09	Transmitter		INFO	running
16-03-2016 11:13:09	Transmitter		INFO	running
16-03-2016 11:13:09	Transmitter		INFO	running
16-03-2016 11:13:09	Transmitter		INFO	running
16-03-2016 11:13:09	Transmitter		INFO	running
16-03-2016 11:13:09	Transmitter		INFO	running
16-03-2016 11:13:09	Transmitter		INFO	running
16-03-2016 11:13:09	Transmitter		INFO	running
16-03-2016 11:13:09	Transmitter		INFO	running
16-03-2016 11:13:09	Transmitter		INFO	running
16-03-2016 11:13:09	Transmitter		INFO	running
16-03-2016 11:13:09	Transmitter		INFO	running
16-03-2016 11:13:09	Transmitter		INFO	running
16-03-2016 11:13:09	Transmitter		INFO	running
16-03-2016 11:13:09	Transmitter		INFO	running
16-03-2016 11:13:09	Transmitter		INFO	running
16-03-2016 11:13:09	Transmitter		INFO	running
16-03-2016 11:13:09	Transmitter		INFO	running
16-03-2016 11:13:09	Transmitter		INFO	running
16-03-2016 11:13:09	Transmitter		INFO	running
16-03-2016 11:13:09	Transmitter		INFO	running
16-03-2016 11:13:09	Transmitter		INFO	running
16-03-2016 11:13:09	Transmitter		INFO	running
16-03-2016 11:13:09	Transmitter		INFO	running
16-03-2016 11:13:09	Transmitter		INFO	running
16-03-2016 11:13:09	Transmitter		INFO	running
16-03-2016 11:13:09	Transmitter		INFO	running
16-03-2016 11:13:09	Transmitter		INFO	running
16-03-2016 11:13:09	Transmitter		INFO	running
16-03-2016 11:13:09	Transmitter		INFO	running
16-03-2016 11:13:09	Transmitter		INFO	running
16-03-2016 11:13:09	Transmitter		INFO	running
16-03-2016 11:13:09	Transmitter		INFO	running
16-03-2016 11:13:09	CameraInterface		INFO	Read successful
16-03-2016 11:13:09	Transmitter		INFO	running
16-03-2016 11:13:09	Transmitter		INFO	running
16-03-2016 11:13:09	Transmitter		INFO	running
16-03-2016 11:13:09	Transmitter		INFO	running
16-03-2016 11:13:09	Transmitter		INFO	running
16-03-2016 11:13:09	Transmitter		INFO	running
16-03-2016 11:13:09	Transmitter		INFO	running
16-03-2016 11:13:09	Transmitter		INFO	running
16-03-2016 11:13:09	Transmitter		INFO	running
16-03-2016 11:13:09	Transmitter		INFO	running
16-03-2016 11:13:09	Transmitter		INFO	running
16-03-2016 11:13:09	Transmitter		INFO	running
16-03-2016 11:13:09	Transmitter		INFO	running
16-03-2016 11:13:09	Transmitter		INFO	running
16-03-2016 11:13:09	Transmitter		INFO	running
16-03-2016 11:13:09	Transmitter		INFO	running
16-03-2016 11:13:09	Transmitter		INFO	running
16-03-2016 11:13:09	Transmitter		INFO	running
16-03-2016 11:13:09	Transmitter		INFO	running
16-03-2016 11:13:09	Transmitter		INFO	running
16-03-2016 11:13:09	Transmitter		INFO	running
16-03-2016 11:13:09	Transmitter		INFO	running
16-03-2016 11:13:09	Transmitter		INFO	running
16-03-2016 11:13:09	Transmitter		INFO	running
16-03-2016 11:13:09	Transmitter		INFO	running
16-03-2016 11:13:09	Transmitter		INFO	running
16-03-2016 11:13:09	Transmitter		INFO	running
16-03-2016 11:13:09	Transmitter		INFO	running
16-03-2016 11:13:09	Transmitter		INFO	running
16-03-2016 11:13:09	Transmitter		INFO	running
16-03-2016 11:13:09	Transmitter		INFO	running
16-03-2016 11:13:09	Transmitter		INFO	running
16-03-2016 11:13:09	Transmitter		INFO	running
16-03-2016 11:13:09	Transmitter		INFO	running
16-03-2016 11:13:09	Transmitter		INFO	running
16-03-2016 11:13:09	Transmitter		INFO	running
16-03-2016 11:13:09	Transmitter		INFO	running
16-03-2016 11:13:09	Transmitter		INFO	running
16-03-2016 11:13:09	Transmitter		INFO	running
16-03-2016 11:13:09	Transmitter		INFO	running
16-03-2016 11:13:09	Transmitter		INFO	running
16-03-2016 11:13:09	Transmitter		INFO	running
16-03-2016 11:13:09	Transmitter		INFO	running
16-03-2016 11:13:09	Transmitter		INFO	running
16-03-2016 11:13:09	Transmitter		INFO	running
16-03-2016 11:13:09	Transmitter		INFO	running
16-03-2016 11:13:09	Transmitter		INFO	running
16-03-2016 11:13:09	Transmitter		INFO	running
16-03-2016 11:13:09	Transmitter		INFO	running
16-03-2016 11:13:09	Transmitter		INFO	running
16-03-2016 11:13:10	Transmitter		INFO	running
16-03-2016 11:13:10	Transmitter		INFO	running
16-03-2016 11:13:10	Transmitter		INFO	running
16-03-2016 11:13:10	Transmitter		INFO	running
16-03-2016 11:13:10	Transmitter		INFO	running
16-03-2016 11:13:10	Transmitter		INFO	running
16-03-2016 11:13:10	Transmitter		INFO	running
16-03-2016 11:13:10	Transmitter		INFO	running
16-03-2016 11:13:10	Transmitter		INFO	running
16-03-2016 11:13:10	Transmitter		INFO	running
16-03-2016 11:13:10	Transmitter		INFO	running
16-03-2016 11:13:10	Transmitter		INFO	running
16-03-2016 11:13:10	Transmitter		INFO	running
16-03-2016 11:13:10	Transmitter		INFO	running
16-03-2016 11:13:10	Transmitter		INFO	running
16-03-2016 11:13:10	Transmitter		INFO	running
16-03-2016 11:13:10	Transmitter		INFO	running
16-03-2016 11:13:10	Transmitter		INFO	running
16-03-2016 11:13:10	Transmitter		INFO	running
16-03-2016 11:13:10	Transmitter		INFO	running
16-03-2016 11:13:10	Transmitter		INFO	running
16-03-2016 11:13:10	Transmitter		INFO	running
16-03-2016 11:13:10	Transmitter		INFO	running
16-03-2016 11:13:10	Transmitter		INFO	running
16-03-2016 11:13:10	Transmitter		INFO	running
16-03-2016 11:13:10	Transmitter		INFO	running
16-03-2016 11:13:10	Transmitter		INFO	running
16-03-2016 11:13:10	Transmitter		INFO	running
16-03-2016 11:13:10	Transmitter		INFO	running
16-03-2016 11:13:10	Transmitter		INFO	running
16-03-2016 11:13:10	Transmitter		INFO	running
16-03-2016 11:13:10	Transmitter		INFO	running
16-03-2016 11:13:10	Transmitter		INFO	running
16-03-2016 11:13:10	Transmitter		INFO	running
16-03-2016 11:13:10	Transmitter		INFO	running
16-03-2016 11:13:10	Transmitter		INFO	running
16-03-2016 11:13:10	Transmitter		INFO	running
16-03-2016 11:13:10	Transmitter		INFO	running
16-03-2016 11:13:10	Transmitter		INFO	running
16-03-2016 11:13:10	Transmitter		INFO	running
16-03-2016 11:13:10	Transmitter		INFO	running
16-03-2016 11:13:10	Transmitter		INFO	running
16-03-2016 11:13:10	Transmitter		INFO	running
16-03-2016 11:13:10	Transmitter		INFO	running
16-03-2016 11:13:10	Transmitter		INFO	running
16-03-2016 11:13:10	Transmitter		INFO	running
16-03-2016 11:13:10	Transmitter		INFO	running
16-03-2016 11:13:10	Transmitter		INFO	running
16-03-2016 11:13:10	Transmitter		INFO	running
16-03-2016 11:13:10	Transmitter		INFO	running
16-03-2016 11:13:10	Transmitter		INFO	running
16-03-2016 11:13:10	Transmitter		INFO	running
16-03-2016 11:13:10	Transmitter		INFO	running
16-03-2016 11:13:10	Transmitter		INFO	running
16-03-2016 11:13:10	Transmitter		INFO	running
16-03-2016 11:13:10	Transmitter		INFO	running
16-03-2016 11:13:10	Transmitter		INFO	running
16-03-2016 11:13:10	Transmitter		INFO	running
16-03-2016 11:13:10	Transmitter		INFO	running
16-03-2016 11:13:10	Transmitter		INFO	running
16-03-2016 11:13:10	Transmitter		INFO	running
16-03-2016 11:13:10	Transmitter		INFO	running
16-03-2016 11:13:10	Transmitter		INFO	running
16-03-2016 11:13:10	Transmitter		INFO	running
16-03-2016 11:13:10	Transmitter		INFO	running
16-03-2016 11:13:10	Transmitter		INFO	running
16-03-2016 11:13:10	Transmitter		INFO	running
16-03-2016 11:13:10	Transmitter		INFO	running
16-03-2016 11:13:10	Transmitter		INFO	running
16-03-2016 11:13:10	Transmitter		INFO	running
16-03-2016 11:13:10	Transmitter		INFO	running
16-03-2016 11:13:10	Transmitter		INFO	running
16-03-2016 11:13:10	Transmitter		INFO	running
16-03-2016 11:13:10	Transmitter		INFO	running
16-03-2016 11:13:10	Transmitter		INFO	running
16-03-2016 11:13:10	Transmitter		INFO	running
16-03-2016 11:13:10	Transmitter		INFO	running
16-03-2016 11:13:10	Transmitter		INFO	running
16-03-2016 11:13:10	Transmitter		INFO	running
16-03-2016 11:13:10	Transmitter		INFO	running
16-03-2016 11:13:10	Transmitter		INFO	running
16-03-2016 11:13:10	Transmitter		INFO	running
16-03-2016 11:13:10	Transmitter		INFO	running
16-03-2016 11:13:10	Transmitter		INFO	running
16-03-2016 11:13:10	Transmitter		INFO	running
16-03-2016 11:13:10	Transmitter		INFO	running
16-03-2016 11:13:10	Transmitter		INFO	running
16-03-2016 11:13:10	Transmitter		INFO	running
16-03-2016 11:13:10	Transmitter		INFO	running
16-03-2016 11:13:10	Transmitter		INFO	running
16-03-2016 11:13:10	Transmitter		INFO	running
16-03-2016 11:13:11	Transmitter		INFO	running
16-03-2016 11:13:11	Transmitter		INFO	running
16-03-2016 11:13:11	Transmitter		INFO	running
16-03-2016 11:13:11	Transmitter		INFO	running
16-03-2016 11:13:11	Transmitter		INFO	running
16-03-2016 11:13:11	Transmitter		INFO	running
16-03-2016 11:13:11	Transmitter		INFO	running
16-03-2016 11:13:11	Transmitter		INFO	running
16-03-2016 11:13:11	Transmitter		INFO	running
16-03-2016 11:13:11	Transmitter		INFO	running
16-03-2016 11:13:11	Transmitter		INFO	running
16-03-2016 11:13:11	Transmitter		INFO	running
16-03-2016 11:13:11	Transmitter		INFO	running
16-03-2016 11:13:11	Transmitter		INFO	running
16-03-2016 11:13:11	Transmitter		INFO	running
16-03-2016 11:13:11	Transmitter		INFO	running
16-03-2016 11:13:11	Transmitter		INFO	running
16-03-2016 11:13:11	Transmitter		INFO	running
16-03-2016 11:13:11	Transmitter		INFO	running
16-03-2016 11:13:11	Transmitter		INFO	running
16-03-2016 11:13:11	Transmitter		INFO	running
16-03-2016 11:13:11	Transmitter		INFO	running
16-03-2016 11:13:11	Transmitter		INFO	running
16-03-2016 11:13:11	Transmitter		INFO	running
16-03-2016 11:13:11	Transmitter		INFO	running
16-03-2016 11:13:11	Transmitter		INFO	running
16-03-2016 11:13:11	Transmitter		INFO	running
16-03-2016 11:13:11	Transmitter		INFO	running
16-03-2016 11:13:11	Transmitter		INFO	running
16-03-2016 11:13:11	Transmitter		INFO	running
16-03-2016 11:13:11	Transmitter		INFO	running
16-03-2016 11:13:11	Transmitter		INFO	running
16-03-2016 11:13:11	Transmitter		INFO	running
16-03-2016 11:13:11	Transmitter		INFO	running
16-03-2016 11:13:11	Transmitter		INFO	running
16-03-2016 11:13:11	Transmitter		INFO	running
16-03-2016 11:13:11	Transmitter		INFO	running
16-03-2016 11:13:11	Transmitter		INFO	running
16-03-2016 11:13:11	Transmitter		INFO	running
16-03-2016 11:13:11	Transmitter		INFO	running
16-03-2016 11:13:11	Transmitter		INFO	running
16-03-2016 11:13:11	Transmitter		INFO	running
16-03-2016 11:13:11	Transmitter		INFO	running
16-03-2016 11:13:11	Transmitter		INFO	running
16-03-2016 11:13:11	Transmitter		INFO	running
16-03-2016 11:13:11	Transmitter		INFO	running
16-03-2016 11:13:11	Transmitter		INFO	running
16-03-2016 11:13:11	Transmitter		INFO	running
16-03-2016 11:13:11	Transmitter		INFO	running
16-03-2016 11:13:11	Transmitter		INFO	running
16-03-2016 11:13:11	Transmitter		INFO	running
16-03-2016 11:13:11	Transmitter		INFO	running
16-03-2016 11:13:11	Transmitter		INFO	running
16-03-2016 11:13:11	Transmitter		INFO	running
16-03-2016 11:13:11	Transmitter		INFO	running
16-03-2016 11:13:11	Transmitter		INFO	running
16-03-2016 11:13:11	Transmitter		INFO	running
16-03-2016 11:13:11	Transmitter		INFO	running
16-03-2016 11:13:11	Transmitter		INFO	running
16-03-2016 11:13:11	Transmitter		INFO	running
16-03-2016 11:13:11	Transmitter		INFO	running
16-03-2016 11:13:11	Transmitter		INFO	running
16-03-2016 11:13:11	Transmitter		INFO	running
16-03-2016 11:13:11	Transmitter		INFO	running
16-03-2016 11:13:11	Transmitter		INFO	running
16-03-2016 11:13:11	Transmitter		INFO	running
16-03-2016 11:13:11	Transmitter		INFO	running
16-03-2016 11:13:11	Transmitter		INFO	running
16-03-2016 11:13:11	Transmitter		INFO	running
16-03-2016 11:13:11	Transmitter		INFO	running
16-03-2016 11:13:11	Transmitter		INFO	running
16-03-2016 11:13:11	Transmitter		INFO	running
16-03-2016 11:13:11	Transmitter		INFO	running
16-03-2016 11:13:11	Transmitter		INFO	running
16-03-2016 11:13:11	Transmitter		INFO	running
16-03-2016 11:13:11	Transmitter		INFO	running
16-03-2016 11:13:11	Transmitter		INFO	running
16-03-2016 11:13:11	Transmitter		INFO	running
16-03-2016 11:13:11	Transmitter		INFO	running
16-03-2016 11:13:11	Transmitter		INFO	running
16-03-2016 11:13:11	Transmitter		INFO	running
16-03-2016 11:13:11	Transmitter		INFO	running
16-03-2016 11:13:11	Transmitter		INFO	running
16-03-2016 11:13:11	Transmitter		INFO	running
16-03-2016 11:13:11	Transmitter		INFO	running
16-03-2016 11:13:11	Transmitter		INFO	running
16-03-2016 11:13:11	Transmitter		INFO	running
16-03-2016 11:13:11	Transmitter		INFO	running
16-03-2016 11:13:11	Transmitter		INFO	running
16-03-2016 11:13:11	Transmitter		INFO	running
16-03-2016 11:13:11	Transmitter		INFO	running
16-03-2016 11:13:12	Transmitter		INFO	running
16-03-2016 11:13:12	Transmitter		INFO	running
16-03-2016 11:13:12	Transmitter		INFO	running
16-03-2016 11:13:12	Transmitter		INFO	running
16-03-2016 11:13:12	Transmitter		INFO	running
16-03-2016 11:13:12	Transmitter		INFO	running
16-03-2016 11:13:12	Transmitter		INFO	running
16-03-2016 11:13:12	Transmitter		INFO	running
16-03-2016 11:13:12	Transmitter		INFO	running
16-03-2016 11:13:12	Transmitter		INFO	running
16-03-2016 11:13:12	Transmitter		INFO	running
16-03-2016 11:13:12	Transmitter		INFO	running
16-03-2016 11:13:12	Transmitter		INFO	running
16-03-2016 11:13:12	Transmitter		INFO	running
16-03-2016 11:13:12	Transmitter		INFO	running
16-03-2016 11:13:12	Transmitter		INFO	running
16-03-2016 11:13:12	Transmitter		INFO	running
16-03-2016 11:13:12	Transmitter		INFO	running
16-03-2016 11:13:12	Transmitter		INFO	running
16-03-2016 11:13:12	Transmitter		INFO	running
16-03-2016 11:13:12	Transmitter		INFO	running
16-03-2016 11:13:12	Transmitter		INFO	running
16-03-2016 11:13:12	Transmitter		INFO	running
16-03-2016 11:13:12	Transmitter		INFO	running
16-03-2016 11:13:12	Transmitter		INFO	running
16-03-2016 11:13:12	Transmitter		INFO	running
16-03-2016 11:13:12	Transmitter		INFO	running
16-03-2016 11:13:12	Transmitter		INFO	running
16-03-2016 11:13:12	Transmitter		INFO	running
16-03-2016 11:13:12	Transmitter		INFO	running
16-03-2016 11:13:12	Transmitter		INFO	running
16-03-2016 11:13:12	Transmitter		INFO	running
16-03-2016 11:13:12	Transmitter		INFO	running
16-03-2016 11:13:12	Transmitter		INFO	running
16-03-2016 11:13:12	Transmitter		INFO	running
16-03-2016 11:13:12	Transmitter		INFO	running
16-03-2016 11:13:12	Transmitter		INFO	running
16-03-2016 11:13:12	Transmitter		INFO	running
16-03-2016 11:13:12	Transmitter		INFO	running
16-03-2016 11:13:12	Transmitter		INFO	running
16-03-2016 11:13:12	Transmitter		INFO	running
16-03-2016 11:13:12	Transmitter		INFO	running
16-03-2016 11:13:12	Transmitter		INFO	running
16-03-2016 11:13:12	Transmitter		INFO	running
16-03-2016 11:13:12	Transmitter		INFO	running
16-03-2016 11:13:12	Transmitter		INFO	running
16-03-2016 11:13:12	Transmitter		INFO	running
16-03-2016 11:13:12	Transmitter		INFO	running
16-03-2016 11:13:12	Transmitter		INFO	running
16-03-2016 11:13:12	Transmitter		INFO	running
16-03-2016 11:13:12	Transmitter		INFO	running
16-03-2016 11:13:12	Transmitter		INFO	running
16-03-2016 11:13:12	Transmitter		INFO	running
16-03-2016 11:13:12	Transmitter		INFO	running
16-03-2016 11:13:12	Transmitter		INFO	running
16-03-2016 11:13:12	Transmitter		INFO	running
16-03-2016 11:13:12	Transmitter		INFO	running
16-03-2016 11:13:12	Transmitter		INFO	running
16-03-2016 11:13:12	Transmitter		INFO	running
16-03-2016 11:13:12	Transmitter		INFO	running
16-03-2016 11:13:12	Transmitter		INFO	running
16-03-2016 11:13:12	Transmitter		INFO	running
16-03-2016 11:13:12	Transmitter		INFO	running
16-03-2016 11:13:12	Transmitter		INFO	running
16-03-2016 11:13:12	Transmitter		INFO	running
16-03-2016 11:13:12	Transmitter		INFO	running
16-03-2016 11:13:12	Transmitter		INFO	running
16-03-2016 11:13:12	Transmitter		INFO	running
16-03-2016 11:13:12	Transmitter		INFO	running
16-03-2016 11:13:12	Transmitter		INFO	running
16-03-2016 11:13:12	Transmitter		INFO	running
16-03-2016 11:13:12	Transmitter		INFO	running
16-03-2016 11:13:12	Transmitter		INFO	running
16-03-2016 11:13:12	Transmitter		INFO	running
16-03-2016 11:13:12	Transmitter		INFO	running
16-03-2016 11:13:12	Transmitter		INFO	running
16-03-2016 11:13:12	Transmitter		INFO	running
16-03-2016 11:13:12	Transmitter		INFO	running
16-03-2016 11:13:12	Transmitter		INFO	running
16-03-2016 11:13:12	Transmitter		INFO	running
16-03-2016 11:13:12	Transmitter		INFO	running
16-03-2016 11:13:12	Transmitter		INFO	running
16-03-2016 11:13:12	Transmitter		INFO	running
16-03-2016 11:13:12	Transmitter		INFO	running
16-03-2016 11:13:12	Transmitter		INFO	running
16-03-2016 11:13:12	Transmitter		INFO	running
16-03-2016 11:13:12	Transmitter		INFO	running
16-03-2016 11:13:12	Transmitter		INFO	running
16-03-2016 11:13:12	Transmitter		INFO	running
16-03-2016 11:13:12	Transmitter		INFO	running
16-03-2016 11:13:12	Transmitter		INFO	running
16-03-2016 11:13:13	Transmitter		INFO	running
16-03-2016 11:13:13	Transmitter		INFO	running
16-03-2016 11:13:13	Transmitter		INFO	running
16-03-2016 11:13:13	Transmitter		INFO	running
16-03-2016 11:13:13	Transmitter		INFO	running
16-03-2016 11:13:13	Transmitter		INFO	running
16-03-2016 11:13:13	Transmitter		INFO	running
16-03-2016 11:13:13	Transmitter		INFO	running
16-03-2016 11:13:13	Transmitter		INFO	running
16-03-2016 11:13:13	Transmitter		INFO	running
16-03-2016 11:13:13	Transmitter		INFO	running
16-03-2016 11:13:13	Transmitter		INFO	running
16-03-2016 11:13:13	Transmitter		INFO	running
16-03-2016 11:13:13	Transmitter		INFO	running
16-03-2016 11:13:13	Transmitter		INFO	running
16-03-2016 11:13:13	Transmitter		INFO	running
16-03-2016 11:13:13	Transmitter		INFO	running
16-03-2016 11:13:13	Transmitter		INFO	running
16-03-2016 11:13:13	Transmitter		INFO	running
16-03-2016 11:13:13	Transmitter		INFO	running
16-03-2016 11:13:13	Transmitter		INFO	running
16-03-2016 11:13:13	Transmitter		INFO	running
16-03-2016 11:13:13	Transmitter		INFO	running
16-03-2016 11:13:13	Transmitter		INFO	running
16-03-2016 11:13:13	Transmitter		INFO	running
16-03-2016 11:13:13	Transmitter		INFO	running
16-03-2016 11:13:13	Transmitter		INFO	running
16-03-2016 11:13:13	Transmitter		INFO	running
16-03-2016 11:13:13	Transmitter		INFO	running
16-03-2016 11:13:13	Transmitter		INFO	running
16-03-2016 11:13:13	Transmitter		INFO	running
16-03-2016 11:13:13	Transmitter		INFO	running
16-03-2016 11:13:13	Transmitter		INFO	running
16-03-2016 11:13:13	Transmitter		INFO	running
16-03-2016 11:13:13	Transmitter		INFO	running
16-03-2016 11:13:13	Transmitter		INFO	running
16-03-2016 11:13:13	Transmitter		INFO	running
16-03-2016 11:13:13	Transmitter		INFO	running
16-03-2016 11:13:13	Transmitter		INFO	running
16-03-2016 11:13:13	Transmitter		INFO	running
16-03-2016 11:13:13	Transmitter		INFO	running
16-03-2016 11:13:13	Transmitter		INFO	running
16-03-2016 11:13:13	Transmitter		INFO	running
16-03-2016 11:13:13	Transmitter		INFO	running
16-03-2016 11:13:13	Transmitter		INFO	running
16-03-2016 11:13:13	Transmitter		INFO	running
16-03-2016 11:13:13	Transmitter		INFO	running
16-03-2016 11:13:13	Transmitter		INFO	running
16-03-2016 11:13:13	Transmitter		INFO	running
16-03-2016 11:13:13	Transmitter		INFO	running
16-03-2016 11:13:13	Transmitter		INFO	running
16-03-2016 11:13:13	Transmitter		INFO	running
16-03-2016 11:13:13	Transmitter		INFO	running
16-03-2016 11:13:13	Transmitter		INFO	running
16-03-2016 11:13:13	Transmitter		INFO	running
16-03-2016 11:13:13	Transmitter		INFO	running
16-03-2016 11:13:13	Transmitter		INFO	running
16-03-2016 11:13:13	Transmitter		INFO	running
16-03-2016 11:13:13	Transmitter		INFO	running
16-03-2016 11:13:13	Transmitter		INFO	running
16-03-2016 11:13:13	Transmitter		INFO	running
16-03-2016 11:13:13	Transmitter		INFO	running
16-03-2016 11:13:13	Transmitter		INFO	running
16-03-2016 11:13:13	Transmitter		INFO	running
16-03-2016 11:13:13	Transmitter		INFO	running
16-03-2016 11:13:13	Transmitter		INFO	running
16-03-2016 11:13:13	Transmitter		INFO	running
16-03-2016 11:13:13	Transmitter		INFO	running
16-03-2016 11:13:13	Transmitter		INFO	running
16-03-2016 11:13:13	Transmitter		INFO	running
16-03-2016 11:13:13	Transmitter		INFO	running
16-03-2016 11:13:13	Transmitter		INFO	running
16-03-2016 11:13:13	Transmitter		INFO	running
16-03-2016 11:13:13	Transmitter		INFO	running
16-03-2016 11:13:13	Transmitter		INFO	running
16-03-2016 11:13:13	Transmitter		INFO	running
16-03-2016 11:13:13	Transmitter		INFO	running
16-03-2016 11:13:13	Transmitter		INFO	running
16-03-2016 11:13:13	Transmitter		INFO	running
16-03-2016 11:13:13	Transmitter		INFO	running
16-03-2016 11:13:13	Transmitter		INFO	running
16-03-2016 11:13:13	Transmitter		INFO	running
16-03-2016 11:13:13	Transmitter		INFO	running
16-03-2016 11:13:13	Transmitter		INFO	running
16-03-2016 11:13:13	Transmitter		INFO	running
16-03-2016 11:13:13	Transmitter		INFO	running
16-03-2016 11:13:13	Transmitter		INFO	running
16-03-2016 11:13:13	Transmitter		INFO	running
16-03-2016 11:13:13	Transmitter		INFO	running
16-03-2016 11:13:13	Transmitter		INFO	running
16-03-2016 11:13:13	Transmitter		INFO	running
16-03-2016 11:13:13	Transmitter		INFO	running
16-03-2016 11:13:13	Transmitter		INFO	running
16-03-2016 11:13:13	Transmitter		INFO	running
16-03-2016 11:13:13	Transmitter		INFO	running
16-03-2016 11:13:13	Transmitter		INFO	running
16-03-2016 11:13:13	Transmitter		INFO	running
16-03-2016 11:13:13	Transmitter		INFO	running
16-03-2016 11:13:14	Transmitter		INFO	running
16-03-2016 11:13:14	Transmitter		INFO	running
16-03-2016 11:13:14	Transmitter		INFO	running
16-03-2016 11:13:14	Transmitter		INFO	running
16-03-2016 11:13:14	Transmitter		INFO	running
16-03-2016 11:13:14	Transmitter		INFO	running
16-03-2016 11:13:14	Transmitter		INFO	running
16-03-2016 11:13:14	Transmitter		INFO	running
16-03-2016 11:13:14	Transmitter		INFO	running
16-03-2016 11:13:14	Transmitter		INFO	running
16-03-2016 11:13:14	Transmitter		INFO	running
16-03-2016 11:13:14	Transmitter		INFO	running
16-03-2016 11:13:14	Transmitter		INFO	running
16-03-2016 11:13:14	Transmitter		INFO	running
16-03-2016 11:13:14	Transmitter		INFO	running
16-03-2016 11:13:14	Transmitter		INFO	running
16-03-2016 11:13:14	Transmitter		INFO	running
16-03-2016 11:13:14	Transmitter		INFO	running
16-03-2016 11:13:14	Transmitter		INFO	running
16-03-2016 11:13:14	Transmitter		INFO	running
16-03-2016 11:13:14	Transmitter		INFO	running
16-03-2016 11:13:14	Transmitter		INFO	running
16-03-2016 11:13:14	Transmitter		INFO	running
16-03-2016 11:13:14	Transmitter		INFO	running
16-03-2016 11:13:14	Transmitter		INFO	running
16-03-2016 11:13:14	Transmitter		INFO	running
16-03-2016 11:13:14	Transmitter		INFO	running
16-03-2016 11:13:14	Transmitter		INFO	running
16-03-2016 11:13:14	Transmitter		INFO	running
16-03-2016 11:13:14	Transmitter		INFO	running
16-03-2016 11:13:14	Transmitter		INFO	running
16-03-2016 11:13:14	Transmitter		INFO	running
16-03-2016 11:13:14	Transmitter		INFO	running
16-03-2016 11:13:14	Transmitter		INFO	running
16-03-2016 11:13:14	Transmitter		INFO	running
16-03-2016 11:13:14	Transmitter		INFO	running
16-03-2016 11:13:14	Transmitter		INFO	running
16-03-2016 11:13:14	Transmitter		INFO	running
16-03-2016 11:13:14	Transmitter		INFO	running
16-03-2016 11:13:14	Transmitter		INFO	running
16-03-2016 11:13:14	Transmitter		INFO	running
16-03-2016 11:13:14	Transmitter		INFO	running
16-03-2016 11:13:14	Transmitter		INFO	running
16-03-2016 11:13:14	Transmitter		INFO	running
16-03-2016 11:13:14	Transmitter		INFO	running
16-03-2016 11:13:14	Transmitter		INFO	running
16-03-2016 11:13:14	Transmitter		INFO	running
16-03-2016 11:13:14	Transmitter		INFO	running
16-03-2016 11:13:14	Transmitter		INFO	running
16-03-2016 11:13:14	Transmitter		INFO	running
16-03-2016 11:13:14	Transmitter		INFO	running
16-03-2016 11:13:14	Transmitter		INFO	running
16-03-2016 11:13:14	Transmitter		INFO	running
16-03-2016 11:13:14	Transmitter		INFO	running
16-03-2016 11:13:14	Transmitter		INFO	running
16-03-2016 11:13:14	Transmitter		INFO	running
16-03-2016 11:13:14	Transmitter		INFO	running
16-03-2016 11:13:14	Transmitter		INFO	running
16-03-2016 11:13:14	Transmitter		INFO	running
16-03-2016 11:13:14	Transmitter		INFO	running
16-03-2016 11:13:14	Transmitter		INFO	running
16-03-2016 11:13:14	Transmitter		INFO	running
16-03-2016 11:13:14	Transmitter		INFO	running
16-03-2016 11:13:14	Transmitter		INFO	running
16-03-2016 11:13:14	Transmitter		INFO	running
16-03-2016 11:13:14	Transmitter		INFO	running
16-03-2016 11:13:14	Transmitter		INFO	running
16-03-2016 11:13:14	Transmitter		INFO	running
16-03-2016 11:13:14	Transmitter		INFO	running
16-03-2016 11:13:14	Transmitter		INFO	running
16-03-2016 11:13:14	Transmitter		INFO	running
16-03-2016 11:13:14	Transmitter		INFO	running
16-03-2016 11:13:14	Transmitter		INFO	running
16-03-2016 11:13:14	Transmitter		INFO	running
16-03-2016 11:13:14	Transmitter		INFO	running
16-03-2016 11:13:14	Transmitter		INFO	running
16-03-2016 11:13:14	Transmitter		INFO	running
16-03-2016 11:13:14	Transmitter		INFO	running
16-03-2016 11:13:14	Transmitter		INFO	running
16-03-2016 11:13:14	Transmitter		INFO	running
16-03-2016 11:13:14	Transmitter		INFO	running
16-03-2016 11:13:14	Transmitter		INFO	running
16-03-2016 11:13:14	Transmitter		INFO	running
16-03-2016 11:13:14	Transmitter		INFO	running
16-03-2016 11:13:14	Transmitter		INFO	running
16-03-2016 11:13:14	Transmitter		INFO	running
16-03-2016 11:13:14	Transmitter		INFO	running
16-03-2016 11:13:14	Transmitter		INFO	running
16-03-2016 11:13:15	Transmitter		INFO	running
16-03-2016 11:13:15	Transmitter		INFO	running
16-03-2016 11:13:15	Transmitter		INFO	running
16-03-2016 11:13:15	Transmitter		INFO	running
16-03-2016 11:13:15	Transmitter		INFO	running
16-03-2016 11:13:15	Transmitter		INFO	running
16-03-2016 11:13:15	Transmitter		INFO	running
16-03-2016 11:13:15	Transmitter		INFO	running
16-03-2016 11:13:15	Transmitter		INFO	running
16-03-2016 11:13:15	Transmitter		INFO	running
16-03-2016 11:13:15	Transmitter		INFO	running
16-03-2016 11:13:15	Transmitter		INFO	running
16-03-2016 11:13:15	Transmitter		INFO	running
16-03-2016 11:13:15	Transmitter		INFO	running
16-03-2016 11:13:15	Transmitter		INFO	running
16-03-2016 11:13:15	Transmitter		INFO	running
16-03-2016 11:13:15	Transmitter		INFO	running
16-03-2016 11:13:15	Transmitter		INFO	running
16-03-2016 11:13:15	Transmitter		INFO	running
16-03-2016 11:13:15	Transmitter		INFO	running
16-03-2016 11:13:15	Transmitter		INFO	running
16-03-2016 11:13:15	Transmitter		INFO	running
16-03-2016 11:13:15	Transmitter		INFO	running
16-03-2016 11:13:15	Transmitter		INFO	running
16-03-2016 11:13:15	Transmitter		INFO	running
16-03-2016 11:13:15	Transmitter		INFO	running
16-03-2016 11:13:15	Transmitter		INFO	running
16-03-2016 11:13:15	Transmitter		INFO	running
16-03-2016 11:13:15	Transmitter		INFO	running
16-03-2016 11:13:15	Transmitter		INFO	running
16-03-2016 11:13:15	Transmitter		INFO	running
16-03-2016 11:13:15	Transmitter		INFO	running
16-03-2016 11:13:15	Transmitter		INFO	running
16-03-2016 11:13:15	Transmitter		INFO	running
16-03-2016 11:13:15	Transmitter		INFO	running
16-03-2016 11:13:15	Transmitter		INFO	running
16-03-2016 11:13:15	Transmitter		INFO	running
16-03-2016 11:13:15	Transmitter		INFO	running
16-03-2016 11:13:15	Transmitter		INFO	running
16-03-2016 11:13:15	Transmitter		INFO	running
16-03-2016 11:13:15	Transmitter		INFO	running
16-03-2016 11:13:15	Transmitter		INFO	running
16-03-2016 11:13:15	Transmitter		INFO	running
16-03-2016 11:13:15	Transmitter		INFO	running
16-03-2016 11:13:15	Transmitter		INFO	running
16-03-2016 11:13:15	Transmitter		INFO	running
16-03-2016 11:13:15	Transmitter		INFO	running
16-03-2016 11:13:15	Transmitter		INFO	running
16-03-2016 11:13:15	Transmitter		INFO	running
16-03-2016 11:13:15	Transmitter		INFO	running
16-03-2016 11:13:15	Transmitter		INFO	running
16-03-2016 11:13:15	Transmitter		INFO	running
16-03-2016 11:13:15	Transmitter		INFO	running
16-03-2016 11:13:15	Transmitter		INFO	running
16-03-2016 11:13:15	Transmitter		INFO	running
16-03-2016 11:13:15	Transmitter		INFO	running
16-03-2016 11:13:15	Transmitter		INFO	running
16-03-2016 11:13:15	Transmitter		INFO	running
16-03-2016 11:13:15	Transmitter		INFO	running
16-03-2016 11:13:15	Transmitter		INFO	running
16-03-2016 11:13:15	Transmitter		INFO	running
16-03-2016 11:13:15	Transmitter		INFO	running
16-03-2016 11:13:15	Transmitter		INFO	running
16-03-2016 11:13:15	Transmitter		INFO	running
16-03-2016 11:13:15	Transmitter		INFO	running
16-03-2016 11:13:15	Transmitter		INFO	running
16-03-2016 11:13:15	Transmitter		INFO	running
16-03-2016 11:13:15	Transmitter		INFO	running
16-03-2016 11:13:15	Transmitter		INFO	running
16-03-2016 11:13:15	Transmitter		INFO	running
16-03-2016 11:13:15	Transmitter		INFO	running
16-03-2016 11:13:15	Transmitter		INFO	running
16-03-2016 11:13:15	Transmitter		INFO	running
16-03-2016 11:13:15	Transmitter		INFO	running
16-03-2016 11:13:15	Transmitter		INFO	running
16-03-2016 11:13:15	Transmitter		INFO	running
16-03-2016 11:13:15	Transmitter		INFO	running
16-03-2016 11:13:15	Transmitter		INFO	running
16-03-2016 11:13:15	Transmitter		INFO	running
16-03-2016 11:13:15	Transmitter		INFO	running
16-03-2016 11:13:15	Transmitter		INFO	running
16-03-2016 11:13:15	Transmitter		INFO	running
16-03-2016 11:13:15	Transmitter		INFO	running
16-03-2016 11:13:15	Transmitter		INFO	running
16-03-2016 11:13:15	Transmitter		INFO	running
16-03-2016 11:13:15	Transmitter		INFO	running
16-03-2016 11:13:15	Transmitter		INFO	running
16-03-2016 11:13:15	Transmitter		INFO	running
16-03-2016 11:13:15	Transmitter		INFO	running
16-03-2016 11:13:15	Transmitter		INFO	running
16-03-2016 11:13:16	Transmitter		INFO	running
16-03-2016 11:13:16	Transmitter		INFO	running
16-03-2016 11:13:16	Transmitter		INFO	running
16-03-2016 11:13:16	Transmitter		INFO	running
16-03-2016 11:13:16	Transmitter		INFO	running
16-03-2016 11:13:16	Transmitter		INFO	running
16-03-2016 11:13:16	Transmitter		INFO	running
16-03-2016 11:13:16	Transmitter		INFO	running
16-03-2016 11:13:16	Transmitter		INFO	running
16-03-2016 11:13:16	Transmitter		INFO	running
16-03-2016 11:13:16	Transmitter		INFO	running
16-03-2016 11:13:16	Transmitter		INFO	running
16-03-2016 11:13:16	Transmitter		INFO	running
16-03-2016 11:13:16	Transmitter		INFO	running
16-03-2016 11:13:16	Transmitter		INFO	running
16-03-2016 11:13:16	Transmitter		INFO	running
16-03-2016 11:13:16	Transmitter		INFO	running
16-03-2016 11:13:16	Transmitter		INFO	running
16-03-2016 11:13:16	Transmitter		INFO	running
16-03-2016 11:13:16	Transmitter		INFO	running
16-03-2016 11:13:16	Transmitter		INFO	running
16-03-2016 11:13:16	Transmitter		INFO	running
16-03-2016 11:13:16	Transmitter		INFO	running
16-03-2016 11:13:16	Transmitter		INFO	running
16-03-2016 11:13:16	Transmitter		INFO	running
16-03-2016 11:13:16	Transmitter		INFO	running
16-03-2016 11:13:16	Transmitter		INFO	running
16-03-2016 11:13:16	Transmitter		INFO	running
16-03-2016 11:13:16	Transmitter		INFO	running
16-03-2016 11:13:16	Transmitter		INFO	running
16-03-2016 11:13:16	Transmitter		INFO	running
16-03-2016 11:13:16	Transmitter		INFO	running
16-03-2016 11:13:16	Transmitter		INFO	running
16-03-2016 11:13:16	Transmitter		INFO	running
16-03-2016 11:13:16	Transmitter		INFO	running
16-03-2016 11:13:16	Transmitter		INFO	running
16-03-2016 11:13:16	Transmitter		INFO	running
16-03-2016 11:13:16	Transmitter		INFO	running
16-03-2016 11:13:16	Transmitter		INFO	running
16-03-2016 11:13:16	Transmitter		INFO	running
16-03-2016 11:13:16	Transmitter		INFO	running
16-03-2016 11:13:16	Transmitter		INFO	running
16-03-2016 11:13:16	Transmitter		INFO	running
16-03-2016 11:13:16	Transmitter		INFO	running
16-03-2016 11:13:16	Transmitter		INFO	running
16-03-2016 11:13:16	Transmitter		INFO	running
16-03-2016 11:13:16	Transmitter		INFO	running
16-03-2016 11:13:16	Transmitter		INFO	running
16-03-2016 11:13:16	Transmitter		INFO	running
16-03-2016 11:13:16	Transmitter		INFO	running
16-03-2016 11:13:16	Transmitter		INFO	running
16-03-2016 11:13:16	Transmitter		INFO	running
16-03-2016 11:13:16	Transmitter		INFO	running
16-03-2016 11:13:16	Transmitter		INFO	running
16-03-2016 11:13:16	Transmitter		INFO	running
16-03-2016 11:13:16	Transmitter		INFO	running
16-03-2016 11:13:16	Transmitter		INFO	running
16-03-2016 11:13:16	Transmitter		INFO	running
16-03-2016 11:13:16	Transmitter		INFO	running
16-03-2016 11:13:16	Transmitter		INFO	running
16-03-2016 11:13:16	Transmitter		INFO	running
16-03-2016 11:13:16	Transmitter		INFO	running
16-03-2016 11:13:16	Transmitter		INFO	running
16-03-2016 11:13:16	Transmitter		INFO	running
16-03-2016 11:13:16	Transmitter		INFO	running
16-03-2016 11:13:16	Transmitter		INFO	running
16-03-2016 11:13:16	Transmitter		INFO	running
16-03-2016 11:13:16	Transmitter		INFO	running
16-03-2016 11:13:16	Transmitter		INFO	running
16-03-2016 11:13:16	Transmitter		INFO	running
16-03-2016 11:13:16	Transmitter		INFO	running
16-03-2016 11:13:16	Transmitter		INFO	running
16-03-2016 11:13:16	Transmitter		INFO	running
16-03-2016 11:13:16	Transmitter		INFO	running
16-03-2016 11:13:16	Transmitter		INFO	running
16-03-2016 11:13:16	Transmitter		INFO	running
16-03-2016 11:13:16	Transmitter		INFO	running
16-03-2016 11:13:16	Transmitter		INFO	running
16-03-2016 11:13:16	Transmitter		INFO	running
16-03-2016 11:13:16	Transmitter		INFO	running
16-03-2016 11:13:16	Transmitter		INFO	running
16-03-2016 11:13:16	Transmitter		INFO	running
16-03-2016 11:13:16	Transmitter		INFO	running
16-03-2016 11:13:16	Transmitter		INFO	running
16-03-2016 11:13:16	Transmitter		INFO	running
16-03-2016 11:13:16	Transmitter		INFO	running
16-03-2016 11:13:16	Transmitter		INFO	running
16-03-2016 11:13:16	Transmitter		INFO	running
16-03-2016 11:13:16	Transmitter		INFO	running
16-03-2016 11:13:16	Transmitter		INFO	running
16-03-2016 11:13:17	Transmitter		INFO	running
16-03-2016 11:13:17	Transmitter		INFO	running
16-03-2016 11:13:17	Transmitter		INFO	running
16-03-2016 11:13:17	Transmitter		INFO	running
16-03-2016 11:13:17	Transmitter		INFO	running
16-03-2016 11:13:17	Transmitter		INFO	running
16-03-2016 11:13:17	Transmitter		INFO	running
16-03-2016 11:13:17	Transmitter		INFO	running
16-03-2016 11:13:17	Transmitter		INFO	running
16-03-2016 11:13:17	Transmitter		INFO	running
16-03-2016 11:13:17	Transmitter		INFO	running
16-03-2016 11:13:17	Transmitter		INFO	running
16-03-2016 11:13:17	Transmitter		INFO	running
16-03-2016 11:13:17	Transmitter		INFO	running
16-03-2016 11:13:17	Transmitter		INFO	running
16-03-2016 11:13:17	Transmitter		INFO	running
16-03-2016 11:13:17	Transmitter		INFO	running
16-03-2016 11:13:17	Transmitter		INFO	running
16-03-2016 11:13:17	Transmitter		INFO	running
16-03-2016 11:13:17	Transmitter		INFO	running
16-03-2016 11:13:17	Transmitter		INFO	running
16-03-2016 11:13:17	Transmitter		INFO	running
16-03-2016 11:13:17	Transmitter		INFO	running
16-03-2016 11:13:17	Transmitter		INFO	running
16-03-2016 11:13:17	Transmitter		INFO	running
16-03-2016 11:13:17	Transmitter		INFO	running
16-03-2016 11:13:17	Transmitter		INFO	running
16-03-2016 11:13:17	Transmitter		INFO	running
16-03-2016 11:13:17	Transmitter		INFO	running
16-03-2016 11:13:17	Transmitter		INFO	running
16-03-2016 11:13:17	Transmitter		INFO	running
16-03-2016 11:13:17	Transmitter		INFO	running
16-03-2016 11:13:17	Transmitter		INFO	running
16-03-2016 11:13:17	Transmitter		INFO	running
16-03-2016 11:13:17	Controller		INFO	sending to transmitter
16-03-2016 11:13:17	Transmitter		INFO	pushing into buff
16-03-2016 11:13:17	Transmitter		INFO	running
16-03-2016 11:13:17	Transmitter		INFO	getting from buffer
16-03-2016 11:13:22	DataProcessor		INFO	polling
16-03-2016 11:13:22	DataProcessor		INFO	polling
16-03-2016 11:13:22	Transmitter		INFO	sending string: 1081040
16-03-2016 11:13:22	CameraInterface		INFO	Read successful
16-03-2016 11:13:25	Controller		INFO	sending to transmitter
16-03-2016 11:13:25	Transmitter		INFO	pushing into buff
