21-02-2016 11:55:30	Main		TRACE	Logger initialized.
21-02-2016 11:55:30	PropertyReader		TRACE	Opening file: settings/settings.txt
21-02-2016 11:55:30	PropertyReader		INFO	File opened: settings/settings.txt
21-02-2016 11:55:30	PropertyReader		INFO	Loading properties file...
21-02-2016 11:55:30	PropertyReader		INFO	Mapped TRACE to LOGGING_LEVEL
21-02-2016 11:55:30	PropertyReader		INFO	Mapped 100 to CAM_BUFFER_SIZE
21-02-2016 11:55:30	PropertyReader		INFO	Mapped 15 to CAM_POLL_FREQUENCY
21-02-2016 11:55:30	PropertyReader		INFO	Mapped 0 to CAM_INDEX
21-02-2016 11:55:30	PropertyReader		DEBUG	Loaded 4 properties successfully
21-02-2016 11:55:30	Controller		INFO	Constructor controller
21-02-2016 11:55:30	Transmitter		INFO	socket retrieve success
21-02-2016 11:55:30	Transmitter		INFO	binding done
21-02-2016 11:55:30	Transmitter		INFO	done listening
21-02-2016 11:55:34	Transmitter		INFO	accepting
21-02-2016 11:55:34	Main		TRACE	intializing controller
21-02-2016 11:55:34	Controller		INFO	Initializing Controller
21-02-2016 11:55:34	Main		TRACE	initializing dataprocessor
21-02-2016 11:55:34	CameraInterface		INFO	Initializing camera
21-02-2016 11:55:34	CameraInterface		INFO	Opening video capture stream at position 0
21-02-2016 11:55:34	Receiver		INFO	Starting Receiver Thread execution loop
21-02-2016 11:55:34	Transmitter		INFO	Starting Receiver Thread execution loop
21-02-2016 11:55:34	Transmitter		INFO	Starting Receiver Thread execution loop
21-02-2016 11:55:34	ControllerThread		INFO	Starting Controller Thread execution loop
21-02-2016 11:55:34	Transmitter		INFO	running
21-02-2016 11:55:34	Transmitter		INFO	running
21-02-2016 11:55:34	Transmitter		INFO	running
21-02-2016 11:55:34	Transmitter		INFO	running
21-02-2016 11:55:34	Transmitter		INFO	running
21-02-2016 11:55:34	Transmitter		INFO	running
21-02-2016 11:55:34	Transmitter		INFO	running
21-02-2016 11:55:34	Transmitter		INFO	running
21-02-2016 11:55:34	Transmitter		INFO	running
21-02-2016 11:55:34	Transmitter		INFO	running
21-02-2016 11:55:34	Transmitter		INFO	running
21-02-2016 11:55:34	Transmitter		INFO	running
21-02-2016 11:55:34	Transmitter		INFO	running
21-02-2016 11:55:34	Transmitter		INFO	running
21-02-2016 11:55:34	Transmitter		INFO	running
21-02-2016 11:55:34	Transmitter		INFO	running
21-02-2016 11:55:34	Transmitter		INFO	running
21-02-2016 11:55:34	Transmitter		INFO	running
21-02-2016 11:55:34	Transmitter		INFO	running
21-02-2016 11:55:34	Transmitter		INFO	running
21-02-2016 11:55:34	Transmitter		INFO	running
21-02-2016 11:55:34	Transmitter		INFO	running
21-02-2016 11:55:34	Transmitter		INFO	running
21-02-2016 11:55:34	Transmitter		INFO	running
21-02-2016 11:55:34	Transmitter		INFO	running
21-02-2016 11:55:34	Transmitter		INFO	running
21-02-2016 11:55:34	Transmitter		INFO	running
21-02-2016 11:55:34	Transmitter		INFO	running
21-02-2016 11:55:34	Transmitter		INFO	running
21-02-2016 11:55:34	Transmitter		INFO	running
21-02-2016 11:55:34	Transmitter		INFO	running
21-02-2016 11:55:34	Transmitter		INFO	running
21-02-2016 11:55:34	Transmitter		INFO	running
21-02-2016 11:55:34	Transmitter		INFO	running
21-02-2016 11:55:34	Transmitter		INFO	running
21-02-2016 11:55:34	Transmitter		INFO	running
21-02-2016 11:55:35	Transmitter		INFO	running
21-02-2016 11:55:35	Transmitter		INFO	running
21-02-2016 11:55:35	Transmitter		INFO	running
21-02-2016 11:55:35	Transmitter		INFO	running
21-02-2016 11:55:35	Transmitter		INFO	running
21-02-2016 11:55:35	Transmitter		INFO	running
21-02-2016 11:55:35	Transmitter		INFO	running
21-02-2016 11:55:35	Transmitter		INFO	running
21-02-2016 11:55:35	Main		TRACE	running controller
21-02-2016 11:55:35	Transmitter		INFO	running
21-02-2016 11:55:35	Transmitter		INFO	running
21-02-2016 11:55:35	DataProcessor		INFO	polling
21-02-2016 11:55:35	Transmitter		INFO	running
21-02-2016 11:55:35	Transmitter		INFO	running
21-02-2016 11:55:35	Transmitter		INFO	running
21-02-2016 11:55:35	Transmitter		INFO	running
21-02-2016 11:55:35	Transmitter		INFO	running
21-02-2016 11:55:35	Transmitter		INFO	running
21-02-2016 11:55:35	Transmitter		INFO	running
21-02-2016 11:55:35	Transmitter		INFO	running
21-02-2016 11:55:35	Transmitter		INFO	running
21-02-2016 11:55:35	Transmitter		INFO	running
21-02-2016 11:55:35	Transmitter		INFO	running
21-02-2016 11:55:35	Transmitter		INFO	running
21-02-2016 11:55:35	Transmitter		INFO	running
21-02-2016 11:55:35	Transmitter		INFO	running
21-02-2016 11:55:35	Transmitter		INFO	running
21-02-2016 11:55:35	Transmitter		INFO	running
21-02-2016 11:55:35	Transmitter		INFO	running
21-02-2016 11:55:35	Transmitter		INFO	running
21-02-2016 11:55:35	Transmitter		INFO	running
21-02-2016 11:55:35	Transmitter		INFO	running
21-02-2016 11:55:35	Transmitter		INFO	running
21-02-2016 11:55:35	Transmitter		INFO	running
21-02-2016 11:55:35	Transmitter		INFO	running
21-02-2016 11:55:35	Transmitter		INFO	running
21-02-2016 11:55:35	Transmitter		INFO	running
21-02-2016 11:55:35	Transmitter		INFO	running
21-02-2016 11:55:35	Transmitter		INFO	running
21-02-2016 11:55:35	Transmitter		INFO	running
21-02-2016 11:55:35	Transmitter		INFO	running
21-02-2016 11:55:35	Transmitter		INFO	running
21-02-2016 11:55:35	Transmitter		INFO	running
21-02-2016 11:55:35	Transmitter		INFO	running
21-02-2016 11:55:35	Transmitter		INFO	running
21-02-2016 11:55:35	Transmitter		INFO	running
21-02-2016 11:55:35	Transmitter		INFO	running
21-02-2016 11:55:35	Transmitter		INFO	running
21-02-2016 11:55:35	Transmitter		INFO	running
21-02-2016 11:55:35	Transmitter		INFO	running
21-02-2016 11:55:35	Transmitter		INFO	running
21-02-2016 11:55:35	Transmitter		INFO	running
21-02-2016 11:55:35	Transmitter		INFO	running
21-02-2016 11:55:35	Transmitter		INFO	running
21-02-2016 11:55:35	Transmitter		INFO	running
21-02-2016 11:55:35	Transmitter		INFO	running
21-02-2016 11:55:35	Transmitter		INFO	running
21-02-2016 11:55:35	Transmitter		INFO	running
21-02-2016 11:55:35	Transmitter		INFO	running
21-02-2016 11:55:35	Transmitter		INFO	running
21-02-2016 11:55:35	Transmitter		INFO	running
21-02-2016 11:55:35	Transmitter		INFO	running
21-02-2016 11:55:35	Transmitter		INFO	running
21-02-2016 11:55:35	Transmitter		INFO	running
21-02-2016 11:55:35	Transmitter		INFO	running
21-02-2016 11:55:35	Transmitter		INFO	running
21-02-2016 11:55:35	Transmitter		INFO	running
21-02-2016 11:55:35	Transmitter		INFO	running
21-02-2016 11:55:35	Transmitter		INFO	running
21-02-2016 11:55:35	Transmitter		INFO	running
21-02-2016 11:55:35	Transmitter		INFO	running
21-02-2016 11:55:35	Transmitter		INFO	running
21-02-2016 11:55:35	Transmitter		INFO	running
21-02-2016 11:55:35	Transmitter		INFO	running
21-02-2016 11:55:35	Transmitter		INFO	running
21-02-2016 11:55:35	Transmitter		INFO	running
21-02-2016 11:55:35	Transmitter		INFO	running
21-02-2016 11:55:35	Transmitter		INFO	running
21-02-2016 11:55:35	Transmitter		INFO	running
21-02-2016 11:55:35	Transmitter		INFO	running
21-02-2016 11:55:35	Transmitter		INFO	running
21-02-2016 11:55:35	Transmitter		INFO	running
21-02-2016 11:55:35	Transmitter		INFO	running
21-02-2016 11:55:35	Transmitter		INFO	running
21-02-2016 11:55:35	Transmitter		INFO	running
21-02-2016 11:55:35	Transmitter		INFO	running
21-02-2016 11:55:35	Transmitter		INFO	running
21-02-2016 11:55:35	Transmitter		INFO	running
21-02-2016 11:55:35	Transmitter		INFO	running
21-02-2016 11:55:35	Transmitter		INFO	running
21-02-2016 11:55:35	Transmitter		INFO	running
21-02-2016 11:55:35	Transmitter		INFO	running
21-02-2016 11:55:35	Transmitter		INFO	running
21-02-2016 11:55:35	Transmitter		INFO	running
21-02-2016 11:55:35	Transmitter		INFO	running
21-02-2016 11:55:35	Transmitter		INFO	running
21-02-2016 11:55:35	Transmitter		INFO	running
21-02-2016 11:55:35	Transmitter		INFO	running
21-02-2016 11:55:35	Transmitter		INFO	running
21-02-2016 11:55:35	Transmitter		INFO	running
21-02-2016 11:55:35	Transmitter		INFO	running
21-02-2016 11:55:35	Transmitter		INFO	running
21-02-2016 11:55:35	Transmitter		INFO	running
21-02-2016 11:55:35	Transmitter		INFO	running
21-02-2016 11:55:35	Transmitter		INFO	running
21-02-2016 11:55:35	Transmitter		INFO	running
21-02-2016 11:55:35	CameraInterface		INFO	Read successful
21-02-2016 11:55:35	Controller		INFO	sending to transmitter
21-02-2016 11:55:35	Transmitter		INFO	pushing into buff
21-02-2016 11:55:35	DataProcessor		INFO	polling
21-02-2016 11:55:35	Transmitter		INFO	running
21-02-2016 11:55:35	Transmitter		INFO	getting from buffer
21-02-2016 11:55:35	CameraInterface		INFO	Read successful
21-02-2016 11:55:36	Controller		INFO	sending to transmitter
21-02-2016 11:55:36	Transmitter		INFO	pushing into buff
21-02-2016 11:55:36	DataProcessor		INFO	polling
21-02-2016 11:55:36	CameraInterface		INFO	Read successful
21-02-2016 11:55:36	Controller		INFO	sending to transmitter
21-02-2016 11:55:36	Transmitter		INFO	pushing into buff
21-02-2016 11:55:36	DataProcessor		INFO	polling
21-02-2016 11:55:36	CameraInterface		INFO	Read successful
21-02-2016 11:55:36	Controller		INFO	sending to transmitter
21-02-2016 11:55:36	Transmitter		INFO	pushing into buff
21-02-2016 11:55:36	DataProcessor		INFO	polling
21-02-2016 11:55:36	CameraInterface		INFO	Read successful
21-02-2016 11:55:36	Controller		INFO	sending to transmitter
21-02-2016 11:55:36	Transmitter		INFO	pushing into buff
21-02-2016 11:55:36	DataProcessor		INFO	polling
21-02-2016 11:55:36	CameraInterface		INFO	Read successful
21-02-2016 11:55:36	Controller		INFO	sending to transmitter
21-02-2016 11:55:36	Transmitter		INFO	pushing into buff
21-02-2016 11:55:36	DataProcessor		INFO	polling
21-02-2016 11:55:37	CameraInterface		INFO	Read successful
21-02-2016 11:55:37	Controller		INFO	sending to transmitter
21-02-2016 11:55:37	Transmitter		INFO	pushing into buff
21-02-2016 11:55:37	DataProcessor		INFO	polling
21-02-2016 11:55:37	CameraInterface		INFO	Read successful
21-02-2016 11:55:37	Controller		INFO	sending to transmitter
21-02-2016 11:55:37	Transmitter		INFO	pushing into buff
21-02-2016 11:55:37	DataProcessor		INFO	polling
21-02-2016 11:55:37	CameraInterface		INFO	Read successful
21-02-2016 11:55:37	Controller		INFO	sending to transmitter
21-02-2016 11:55:37	Transmitter		INFO	pushing into buff
21-02-2016 11:55:37	DataProcessor		INFO	polling
21-02-2016 11:55:37	CameraInterface		INFO	Read successful
21-02-2016 11:55:37	Controller		INFO	sending to transmitter
21-02-2016 11:55:37	Transmitter		INFO	pushing into buff
21-02-2016 11:55:37	DataProcessor		INFO	polling
21-02-2016 11:55:37	CameraInterface		INFO	Read successful
21-02-2016 11:55:37	Controller		INFO	sending to transmitter
21-02-2016 11:55:37	Transmitter		INFO	pushing into buff
21-02-2016 11:55:37	DataProcessor		INFO	polling
21-02-2016 11:55:38	CameraInterface		INFO	Read successful
21-02-2016 11:55:38	Controller		INFO	sending to transmitter
21-02-2016 11:55:38	Transmitter		INFO	pushing into buff
21-02-2016 11:55:38	DataProcessor		INFO	polling
21-02-2016 11:55:38	CameraInterface		INFO	Read successful
21-02-2016 11:55:38	Controller		INFO	sending to transmitter
21-02-2016 11:55:38	Transmitter		INFO	pushing into buff
21-02-2016 11:55:38	DataProcessor		INFO	polling
21-02-2016 11:55:38	CameraInterface		INFO	Read successful
21-02-2016 11:55:38	Controller		INFO	sending to transmitter
21-02-2016 11:55:38	Transmitter		INFO	pushing into buff
21-02-2016 11:55:38	DataProcessor		INFO	polling
21-02-2016 11:55:38	CameraInterface		INFO	Read successful
21-02-2016 11:55:38	Controller		INFO	sending to transmitter
21-02-2016 11:55:38	Transmitter		INFO	pushing into buff
21-02-2016 11:55:38	DataProcessor		INFO	polling
21-02-2016 11:55:39	CameraInterface		INFO	Read successful
21-02-2016 11:55:39	Controller		INFO	sending to transmitter
21-02-2016 11:55:39	Transmitter		INFO	pushing into buff
21-02-2016 11:55:39	DataProcessor		INFO	polling
21-02-2016 11:55:39	CameraInterface		INFO	Read successful
21-02-2016 11:55:39	Controller		INFO	sending to transmitter
21-02-2016 11:55:39	Transmitter		INFO	pushing into buff
21-02-2016 11:55:39	DataProcessor		INFO	polling
21-02-2016 11:55:39	CameraInterface		INFO	Read successful
21-02-2016 11:55:39	Controller		INFO	sending to transmitter
21-02-2016 11:55:39	Transmitter		INFO	pushing into buff
21-02-2016 11:55:39	DataProcessor		INFO	polling
21-02-2016 11:55:39	CameraInterface		INFO	Read successful
21-02-2016 11:55:39	Controller		INFO	sending to transmitter
21-02-2016 11:55:39	Transmitter		INFO	pushing into buff
21-02-2016 11:55:39	DataProcessor		INFO	polling
21-02-2016 11:55:39	CameraInterface		INFO	Read successful
21-02-2016 11:55:40	Controller		INFO	sending to transmitter
21-02-2016 11:55:40	Transmitter		INFO	pushing into buff
21-02-2016 11:55:40	DataProcessor		INFO	polling
21-02-2016 11:55:40	CameraInterface		INFO	Read successful
21-02-2016 11:55:40	Controller		INFO	sending to transmitter
21-02-2016 11:55:40	Transmitter		INFO	pushing into buff
21-02-2016 11:55:40	DataProcessor		INFO	polling
21-02-2016 11:55:40	CameraInterface		INFO	Read successful
21-02-2016 11:55:40	Controller		INFO	sending to transmitter
21-02-2016 11:55:40	Transmitter		INFO	pushing into buff
21-02-2016 11:55:40	DataProcessor		INFO	polling
21-02-2016 11:55:40	CameraInterface		INFO	Read successful
21-02-2016 11:55:40	Controller		INFO	sending to transmitter
21-02-2016 11:55:40	Transmitter		INFO	pushing into buff
21-02-2016 11:55:40	DataProcessor		INFO	polling
21-02-2016 11:55:40	Transmitter		INFO	sending string: 77852
21-02-2016 11:55:40	CameraInterface		INFO	Read successful
21-02-2016 11:55:40	Controller		INFO	sending to transmitter
21-02-2016 11:55:40	Transmitter		INFO	pushing into buff
21-02-2016 11:55:40	DataProcessor		INFO	polling
21-02-2016 11:55:41	Transmitter		INFO	running
21-02-2016 11:55:41	Transmitter		INFO	getting from buffer
21-02-2016 11:55:41	CameraInterface		INFO	Read successful
21-02-2016 11:55:41	Controller		INFO	sending to transmitter
21-02-2016 11:55:41	Transmitter		INFO	pushing into buff
21-02-2016 11:55:41	DataProcessor		INFO	polling
21-02-2016 11:55:41	CameraInterface		INFO	Read successful
21-02-2016 11:55:41	Controller		INFO	sending to transmitter
21-02-2016 11:55:41	Transmitter		INFO	pushing into buff
21-02-2016 11:55:41	DataProcessor		INFO	polling
21-02-2016 11:55:41	CameraInterface		INFO	Read successful
21-02-2016 11:55:41	Controller		INFO	sending to transmitter
21-02-2016 11:55:41	Transmitter		INFO	pushing into buff
21-02-2016 11:55:41	DataProcessor		INFO	polling
21-02-2016 11:55:41	CameraInterface		INFO	Read successful
21-02-2016 11:55:41	Controller		INFO	sending to transmitter
21-02-2016 11:55:41	Transmitter		INFO	pushing into buff
21-02-2016 11:55:41	DataProcessor		INFO	polling
21-02-2016 11:55:41	CameraInterface		INFO	Read successful
21-02-2016 11:55:41	Controller		INFO	sending to transmitter
21-02-2016 11:55:42	Transmitter		INFO	pushing into buff
21-02-2016 11:55:42	DataProcessor		INFO	polling
21-02-2016 11:55:42	CameraInterface		INFO	Read successful
21-02-2016 11:55:42	Controller		INFO	sending to transmitter
21-02-2016 11:55:42	Transmitter		INFO	pushing into buff
21-02-2016 11:55:42	DataProcessor		INFO	polling
21-02-2016 11:55:42	CameraInterface		INFO	Read successful
21-02-2016 11:55:42	Controller		INFO	sending to transmitter
21-02-2016 11:55:42	Transmitter		INFO	pushing into buff
21-02-2016 11:55:42	DataProcessor		INFO	polling
21-02-2016 11:55:42	CameraInterface		INFO	Read successful
21-02-2016 11:55:42	Controller		INFO	sending to transmitter
21-02-2016 11:55:42	Transmitter		INFO	pushing into buff
21-02-2016 11:55:42	DataProcessor		INFO	polling
21-02-2016 11:55:42	CameraInterface		INFO	Read successful
21-02-2016 11:55:42	Controller		INFO	sending to transmitter
21-02-2016 11:55:42	Transmitter		INFO	pushing into buff
21-02-2016 11:55:42	DataProcessor		INFO	polling
21-02-2016 11:55:43	CameraInterface		INFO	Read successful
21-02-2016 11:55:43	Controller		INFO	sending to transmitter
21-02-2016 11:55:43	Transmitter		INFO	pushing into buff
21-02-2016 11:55:43	DataProcessor		INFO	polling
21-02-2016 11:55:43	CameraInterface		INFO	Read successful
21-02-2016 11:55:43	Controller		INFO	sending to transmitter
21-02-2016 11:55:43	Transmitter		INFO	pushing into buff
21-02-2016 11:55:43	DataProcessor		INFO	polling
21-02-2016 11:55:43	CameraInterface		INFO	Read successful
21-02-2016 11:55:43	Controller		INFO	sending to transmitter
21-02-2016 11:55:43	Transmitter		INFO	pushing into buff
21-02-2016 11:55:43	DataProcessor		INFO	polling
21-02-2016 11:55:43	CameraInterface		INFO	Read successful
21-02-2016 11:55:43	Controller		INFO	sending to transmitter
21-02-2016 11:55:43	Transmitter		INFO	pushing into buff
21-02-2016 11:55:43	DataProcessor		INFO	polling
21-02-2016 11:55:43	CameraInterface		INFO	Read successful
21-02-2016 11:55:43	Controller		INFO	sending to transmitter
21-02-2016 11:55:43	Transmitter		INFO	pushing into buff
21-02-2016 11:55:43	DataProcessor		INFO	polling
21-02-2016 11:55:44	CameraInterface		INFO	Read successful
21-02-2016 11:55:44	Controller		INFO	sending to transmitter
21-02-2016 11:55:44	Transmitter		INFO	pushing into buff
21-02-2016 11:55:44	DataProcessor		INFO	polling
21-02-2016 11:55:44	CameraInterface		INFO	Read successful
21-02-2016 11:55:44	Controller		INFO	sending to transmitter
21-02-2016 11:55:44	Transmitter		INFO	pushing into buff
21-02-2016 11:55:44	DataProcessor		INFO	polling
21-02-2016 11:55:44	CameraInterface		INFO	Read successful
21-02-2016 11:55:44	Controller		INFO	sending to transmitter
21-02-2016 11:55:44	Transmitter		INFO	pushing into buff
21-02-2016 11:55:44	DataProcessor		INFO	polling
21-02-2016 11:55:44	CameraInterface		INFO	Read successful
21-02-2016 11:55:44	Controller		INFO	sending to transmitter
21-02-2016 11:55:44	Transmitter		INFO	pushing into buff
21-02-2016 11:55:44	DataProcessor		INFO	polling
21-02-2016 11:55:44	CameraInterface		INFO	Read successful
21-02-2016 11:55:45	Controller		INFO	sending to transmitter
21-02-2016 11:55:45	Transmitter		INFO	pushing into buff
21-02-2016 11:55:45	DataProcessor		INFO	polling
21-02-2016 11:55:45	CameraInterface		INFO	Read successful
21-02-2016 11:55:45	Controller		INFO	sending to transmitter
21-02-2016 11:55:45	Transmitter		INFO	pushing into buff
21-02-2016 11:55:45	DataProcessor		INFO	polling
21-02-2016 11:55:45	CameraInterface		INFO	Read successful
21-02-2016 11:55:45	Controller		INFO	sending to transmitter
21-02-2016 11:55:45	Transmitter		INFO	pushing into buff
21-02-2016 11:55:45	DataProcessor		INFO	polling
21-02-2016 11:55:45	CameraInterface		INFO	Read successful
21-02-2016 11:55:45	Controller		INFO	sending to transmitter
21-02-2016 11:55:45	Transmitter		INFO	pushing into buff
21-02-2016 11:55:45	DataProcessor		INFO	polling
21-02-2016 11:55:45	CameraInterface		INFO	Read successful
21-02-2016 11:55:45	Controller		INFO	sending to transmitter
21-02-2016 11:55:45	Transmitter		INFO	pushing into buff
21-02-2016 11:55:45	DataProcessor		INFO	polling
21-02-2016 11:55:46	CameraInterface		INFO	Read successful
21-02-2016 11:55:46	Controller		INFO	sending to transmitter
21-02-2016 11:55:46	Transmitter		INFO	pushing into buff
21-02-2016 11:55:46	DataProcessor		INFO	polling
21-02-2016 11:55:46	CameraInterface		INFO	Read successful
21-02-2016 11:55:46	Controller		INFO	sending to transmitter
21-02-2016 11:55:46	Transmitter		INFO	pushing into buff
21-02-2016 11:55:46	DataProcessor		INFO	polling
21-02-2016 11:55:46	CameraInterface		INFO	Read successful
21-02-2016 11:55:46	Controller		INFO	sending to transmitter
21-02-2016 11:55:46	Transmitter		INFO	pushing into buff
21-02-2016 11:55:46	DataProcessor		INFO	polling
21-02-2016 11:55:46	CameraInterface		INFO	Read successful
21-02-2016 11:55:46	Controller		INFO	sending to transmitter
21-02-2016 11:55:46	Transmitter		INFO	pushing into buff
21-02-2016 11:55:46	DataProcessor		INFO	polling
21-02-2016 11:55:46	CameraInterface		INFO	Read successful
21-02-2016 11:55:46	Controller		INFO	sending to transmitter
21-02-2016 11:55:46	Transmitter		INFO	pushing into buff
21-02-2016 11:55:46	DataProcessor		INFO	polling
21-02-2016 11:55:47	CameraInterface		INFO	Read successful
21-02-2016 11:55:47	Controller		INFO	sending to transmitter
21-02-2016 11:55:47	Transmitter		INFO	pushing into buff
21-02-2016 11:55:47	DataProcessor		INFO	polling
21-02-2016 11:55:47	CameraInterface		INFO	Read successful
21-02-2016 11:55:47	Controller		INFO	sending to transmitter
21-02-2016 11:55:47	Transmitter		INFO	pushing into buff
21-02-2016 11:55:47	DataProcessor		INFO	polling
21-02-2016 11:55:47	CameraInterface		INFO	Read successful
21-02-2016 11:55:47	Controller		INFO	sending to transmitter
21-02-2016 11:55:47	Transmitter		INFO	pushing into buff
21-02-2016 11:55:47	DataProcessor		INFO	polling
21-02-2016 11:55:47	CameraInterface		INFO	Read successful
21-02-2016 11:55:47	Controller		INFO	sending to transmitter
21-02-2016 11:55:47	Transmitter		INFO	pushing into buff
21-02-2016 11:55:47	DataProcessor		INFO	polling
21-02-2016 11:55:47	CameraInterface		INFO	Read successful
21-02-2016 11:55:48	Controller		INFO	sending to transmitter
21-02-2016 11:55:48	Transmitter		INFO	pushing into buff
21-02-2016 11:55:48	DataProcessor		INFO	polling
21-02-2016 11:55:48	CameraInterface		INFO	Read successful
21-02-2016 11:55:48	Controller		INFO	sending to transmitter
21-02-2016 11:55:48	Transmitter		INFO	pushing into buff
21-02-2016 11:55:48	DataProcessor		INFO	polling
21-02-2016 11:55:48	CameraInterface		INFO	Read successful
21-02-2016 11:55:48	Controller		INFO	sending to transmitter
21-02-2016 11:55:48	Transmitter		INFO	pushing into buff
21-02-2016 11:55:48	DataProcessor		INFO	polling
21-02-2016 11:55:48	CameraInterface		INFO	Read successful
21-02-2016 11:55:48	Controller		INFO	sending to transmitter
21-02-2016 11:55:48	Transmitter		INFO	pushing into buff
21-02-2016 11:55:48	DataProcessor		INFO	polling
21-02-2016 11:55:48	CameraInterface		INFO	Read successful
21-02-2016 11:55:48	Controller		INFO	sending to transmitter
21-02-2016 11:55:48	Transmitter		INFO	pushing into buff
21-02-2016 11:55:48	DataProcessor		INFO	polling
21-02-2016 11:55:49	CameraInterface		INFO	Read successful
21-02-2016 11:55:49	Controller		INFO	sending to transmitter
21-02-2016 11:55:49	Transmitter		INFO	pushing into buff
21-02-2016 11:55:49	DataProcessor		INFO	polling
21-02-2016 11:55:49	CameraInterface		INFO	Read successful
21-02-2016 11:55:49	Controller		INFO	sending to transmitter
21-02-2016 11:55:49	Transmitter		INFO	pushing into buff
21-02-2016 11:55:49	DataProcessor		INFO	polling
21-02-2016 11:55:49	CameraInterface		INFO	Read successful
21-02-2016 11:55:49	Controller		INFO	sending to transmitter
21-02-2016 11:55:49	Transmitter		INFO	pushing into buff
21-02-2016 11:55:49	DataProcessor		INFO	polling
21-02-2016 11:55:49	Transmitter		INFO	sending string: 1272204
21-02-2016 11:55:49	CameraInterface		INFO	Read successful
21-02-2016 11:55:49	Controller		INFO	sending to transmitter
21-02-2016 11:55:49	Transmitter		INFO	pushing into buff
21-02-2016 11:55:49	DataProcessor		INFO	polling
21-02-2016 11:55:50	CameraInterface		INFO	Read successful
21-02-2016 11:55:50	Controller		INFO	sending to transmitter
21-02-2016 11:55:50	Transmitter		INFO	pushing into buff
21-02-2016 11:55:50	DataProcessor		INFO	polling
21-02-2016 11:55:50	CameraInterface		INFO	Read successful
21-02-2016 11:55:50	Controller		INFO	sending to transmitter
21-02-2016 11:55:50	Transmitter		INFO	pushing into buff
21-02-2016 11:55:50	DataProcessor		INFO	polling
21-02-2016 11:55:50	CameraInterface		INFO	Read successful
21-02-2016 11:55:50	Controller		INFO	sending to transmitter
21-02-2016 11:55:50	Transmitter		INFO	pushing into buff
21-02-2016 11:55:50	DataProcessor		INFO	polling
21-02-2016 11:55:51	CameraInterface		INFO	Read successful
21-02-2016 11:55:51	Controller		INFO	sending to transmitter
21-02-2016 11:55:51	Transmitter		INFO	pushing into buff
21-02-2016 11:55:51	DataProcessor		INFO	polling
21-02-2016 11:55:51	CameraInterface		INFO	Read successful
21-02-2016 11:55:51	Controller		INFO	sending to transmitter
21-02-2016 11:55:51	Transmitter		INFO	pushing into buff
21-02-2016 11:55:51	DataProcessor		INFO	polling
21-02-2016 11:55:51	CameraInterface		INFO	Read successful
21-02-2016 11:55:51	Controller		INFO	sending to transmitter
21-02-2016 11:55:51	Transmitter		INFO	pushing into buff
21-02-2016 11:55:51	DataProcessor		INFO	polling
21-02-2016 11:55:51	CameraInterface		INFO	Read successful
21-02-2016 11:55:51	Controller		INFO	sending to transmitter
21-02-2016 11:55:51	Transmitter		INFO	pushing into buff
21-02-2016 11:55:51	DataProcessor		INFO	polling
21-02-2016 11:55:51	CameraInterface		INFO	Read successful
21-02-2016 11:55:51	Controller		INFO	sending to transmitter
21-02-2016 11:55:51	Transmitter		INFO	pushing into buff
21-02-2016 11:55:51	DataProcessor		INFO	polling
21-02-2016 11:55:52	CameraInterface		INFO	Read successful
21-02-2016 11:55:52	Controller		INFO	sending to transmitter
21-02-2016 11:55:52	Transmitter		INFO	pushing into buff
21-02-2016 11:55:52	DataProcessor		INFO	polling
21-02-2016 11:55:52	CameraInterface		INFO	Read successful
21-02-2016 11:55:52	Controller		INFO	sending to transmitter
21-02-2016 11:55:52	Transmitter		INFO	pushing into buff
21-02-2016 11:55:52	DataProcessor		INFO	polling
21-02-2016 11:55:52	CameraInterface		INFO	Read successful
21-02-2016 11:55:52	Controller		INFO	sending to transmitter
21-02-2016 11:55:52	Transmitter		INFO	pushing into buff
21-02-2016 11:55:52	DataProcessor		INFO	polling
21-02-2016 11:55:53	CameraInterface		INFO	Read successful
21-02-2016 11:55:53	Controller		INFO	sending to transmitter
21-02-2016 11:55:53	Transmitter		INFO	pushing into buff
21-02-2016 11:55:53	DataProcessor		INFO	polling
21-02-2016 11:55:53	CameraInterface		INFO	Read successful
21-02-2016 11:55:53	Controller		INFO	sending to transmitter
21-02-2016 11:55:53	Transmitter		INFO	pushing into buff
21-02-2016 11:55:53	DataProcessor		INFO	polling
21-02-2016 11:55:53	CameraInterface		INFO	Read successful
21-02-2016 11:55:53	Controller		INFO	sending to transmitter
21-02-2016 11:55:53	Transmitter		INFO	pushing into buff
21-02-2016 11:55:53	DataProcessor		INFO	polling
21-02-2016 11:55:53	CameraInterface		INFO	Read successful
21-02-2016 11:55:53	Controller		INFO	sending to transmitter
21-02-2016 11:55:53	Transmitter		INFO	pushing into buff
21-02-2016 11:55:53	DataProcessor		INFO	polling
21-02-2016 11:55:53	CameraInterface		INFO	Read successful
21-02-2016 11:55:53	Controller		INFO	sending to transmitter
21-02-2016 11:55:53	Transmitter		INFO	pushing into buff
21-02-2016 11:55:53	DataProcessor		INFO	polling
21-02-2016 11:55:54	CameraInterface		INFO	Read successful
21-02-2016 11:55:54	Transmitter		INFO	running
21-02-2016 11:55:54	Transmitter		INFO	getting from buffer
21-02-2016 11:55:54	Controller		INFO	sending to transmitter
21-02-2016 11:55:54	Transmitter		INFO	pushing into buff
21-02-2016 11:55:54	DataProcessor		INFO	polling
21-02-2016 11:55:54	CameraInterface		INFO	Read successful
21-02-2016 11:55:54	Controller		INFO	sending to transmitter
21-02-2016 11:55:54	Transmitter		INFO	pushing into buff
21-02-2016 11:55:54	DataProcessor		INFO	polling
21-02-2016 11:55:54	CameraInterface		INFO	Read successful
21-02-2016 11:55:54	Controller		INFO	sending to transmitter
21-02-2016 11:55:54	Transmitter		INFO	pushing into buff
21-02-2016 11:55:54	DataProcessor		INFO	polling
21-02-2016 11:55:54	CameraInterface		INFO	Read successful
21-02-2016 11:55:54	Controller		INFO	sending to transmitter
21-02-2016 11:55:54	Transmitter		INFO	pushing into buff
21-02-2016 11:55:54	DataProcessor		INFO	polling
21-02-2016 11:55:55	CameraInterface		INFO	Read successful
21-02-2016 11:55:55	Controller		INFO	sending to transmitter
21-02-2016 11:55:55	Transmitter		INFO	pushing into buff
21-02-2016 11:55:55	DataProcessor		INFO	polling
21-02-2016 11:55:55	CameraInterface		INFO	Read successful
21-02-2016 11:55:55	Controller		INFO	sending to transmitter
21-02-2016 11:55:55	Transmitter		INFO	pushing into buff
21-02-2016 11:55:55	DataProcessor		INFO	polling
21-02-2016 11:55:55	CameraInterface		INFO	Read successful
21-02-2016 11:55:55	Controller		INFO	sending to transmitter
21-02-2016 11:55:57	Transmitter		INFO	pushing into buff
21-02-2016 11:55:57	DataProcessor		INFO	polling
21-02-2016 11:56:02	CameraInterface		INFO	Read successful
21-02-2016 11:56:04	Controller		INFO	sending to transmitter
21-02-2016 11:56:05	Transmitter		INFO	pushing into buff
21-02-2016 11:56:05	DataProcessor		INFO	polling
21-02-2016 11:56:06	CameraInterface		INFO	Read successful
