21-02-2016 11:05:15	Main		TRACE	Logger initialized.
21-02-2016 11:05:15	PropertyReader		TRACE	Opening file: settings/settings.txt
21-02-2016 11:05:15	PropertyReader		INFO	File opened: settings/settings.txt
21-02-2016 11:05:15	PropertyReader		INFO	Loading properties file...
21-02-2016 11:05:15	PropertyReader		INFO	Mapped TRACE to LOGGING_LEVEL
21-02-2016 11:05:15	PropertyReader		INFO	Mapped 100 to CAM_BUFFER_SIZE
21-02-2016 11:05:15	PropertyReader		INFO	Mapped 15 to CAM_POLL_FREQUENCY
21-02-2016 11:05:15	PropertyReader		INFO	Mapped 0 to CAM_INDEX
21-02-2016 11:05:15	PropertyReader		DEBUG	Loaded 4 properties successfully
21-02-2016 11:05:15	Controller		INFO	Constructor controller
21-02-2016 11:05:15	Transmitter		INFO	socket retrieve success
21-02-2016 11:05:15	Transmitter		INFO	binding done
21-02-2016 11:05:15	Transmitter		INFO	done listening
21-02-2016 11:05:17	Transmitter		INFO	accepting
21-02-2016 11:05:17	Main		TRACE	intializing controller
21-02-2016 11:05:17	Controller		INFO	Initializing Controller
21-02-2016 11:05:17	Main		TRACE	initializing dataprocessor
21-02-2016 11:05:17	CameraInterface		INFO	Initializing camera
21-02-2016 11:05:17	CameraInterface		INFO	Opening video capture stream at position 0
21-02-2016 11:05:17	Receiver		INFO	Starting Receiver Thread execution loop
21-02-2016 11:05:17	Transmitter		INFO	Starting Receiver Thread execution loop
21-02-2016 11:05:17	Transmitter		INFO	running
21-02-2016 11:05:17	ControllerThread		INFO	Starting Controller Thread execution loop
21-02-2016 11:05:17	Transmitter		INFO	running
21-02-2016 11:05:17	Transmitter		INFO	running
21-02-2016 11:05:17	Transmitter		INFO	running
21-02-2016 11:05:17	Transmitter		INFO	running
21-02-2016 11:05:17	Transmitter		INFO	running
21-02-2016 11:05:17	Transmitter		INFO	running
21-02-2016 11:05:17	Transmitter		INFO	running
21-02-2016 11:05:17	Transmitter		INFO	running
21-02-2016 11:05:17	Transmitter		INFO	running
21-02-2016 11:05:17	Transmitter		INFO	running
21-02-2016 11:05:17	Transmitter		INFO	running
21-02-2016 11:05:17	Transmitter		INFO	running
21-02-2016 11:05:17	Transmitter		INFO	running
21-02-2016 11:05:17	Transmitter		INFO	running
21-02-2016 11:05:17	Transmitter		INFO	running
21-02-2016 11:05:17	Transmitter		INFO	running
21-02-2016 11:05:17	Transmitter		INFO	running
21-02-2016 11:05:17	Transmitter		INFO	running
21-02-2016 11:05:17	Transmitter		INFO	running
21-02-2016 11:05:17	Transmitter		INFO	running
21-02-2016 11:05:17	Transmitter		INFO	running
21-02-2016 11:05:17	Transmitter		INFO	running
21-02-2016 11:05:17	Transmitter		INFO	running
21-02-2016 11:05:17	Transmitter		INFO	running
21-02-2016 11:05:17	Transmitter		INFO	running
21-02-2016 11:05:17	Transmitter		INFO	running
21-02-2016 11:05:17	Transmitter		INFO	running
21-02-2016 11:05:17	Transmitter		INFO	running
21-02-2016 11:05:17	Transmitter		INFO	running
21-02-2016 11:05:17	Transmitter		INFO	running
21-02-2016 11:05:17	Transmitter		INFO	running
21-02-2016 11:05:17	Transmitter		INFO	running
21-02-2016 11:05:17	Main		TRACE	running controller
21-02-2016 11:05:17	DataProcessor		INFO	polling
21-02-2016 11:05:17	Transmitter		INFO	running
21-02-2016 11:05:17	Transmitter		INFO	running
21-02-2016 11:05:17	Transmitter		INFO	running
21-02-2016 11:05:17	Transmitter		INFO	running
21-02-2016 11:05:17	Transmitter		INFO	running
21-02-2016 11:05:17	Transmitter		INFO	running
21-02-2016 11:05:17	Transmitter		INFO	running
21-02-2016 11:05:17	Transmitter		INFO	running
21-02-2016 11:05:17	Transmitter		INFO	running
21-02-2016 11:05:17	Transmitter		INFO	running
21-02-2016 11:05:17	Transmitter		INFO	running
21-02-2016 11:05:17	Transmitter		INFO	running
21-02-2016 11:05:17	Transmitter		INFO	running
21-02-2016 11:05:17	Transmitter		INFO	running
21-02-2016 11:05:17	Transmitter		INFO	running
21-02-2016 11:05:17	Transmitter		INFO	running
21-02-2016 11:05:17	Transmitter		INFO	running
21-02-2016 11:05:17	Transmitter		INFO	running
21-02-2016 11:05:17	Transmitter		INFO	running
21-02-2016 11:05:17	Transmitter		INFO	running
21-02-2016 11:05:17	Transmitter		INFO	running
21-02-2016 11:05:17	Transmitter		INFO	running
21-02-2016 11:05:17	Transmitter		INFO	running
21-02-2016 11:05:17	Transmitter		INFO	running
21-02-2016 11:05:17	Transmitter		INFO	running
21-02-2016 11:05:17	Transmitter		INFO	running
21-02-2016 11:05:17	Transmitter		INFO	running
21-02-2016 11:05:17	Transmitter		INFO	running
21-02-2016 11:05:17	Transmitter		INFO	running
21-02-2016 11:05:17	Transmitter		INFO	running
21-02-2016 11:05:17	Transmitter		INFO	running
21-02-2016 11:05:17	Transmitter		INFO	running
21-02-2016 11:05:17	Transmitter		INFO	running
21-02-2016 11:05:17	Transmitter		INFO	running
21-02-2016 11:05:17	Transmitter		INFO	running
21-02-2016 11:05:17	Transmitter		INFO	running
21-02-2016 11:05:17	Transmitter		INFO	running
21-02-2016 11:05:17	Transmitter		INFO	running
21-02-2016 11:05:17	Transmitter		INFO	running
21-02-2016 11:05:17	Transmitter		INFO	running
21-02-2016 11:05:17	Transmitter		INFO	running
21-02-2016 11:05:17	Transmitter		INFO	running
21-02-2016 11:05:17	Transmitter		INFO	running
21-02-2016 11:05:17	Transmitter		INFO	running
21-02-2016 11:05:17	Transmitter		INFO	running
21-02-2016 11:05:17	Transmitter		INFO	running
21-02-2016 11:05:17	Transmitter		INFO	running
21-02-2016 11:05:17	Transmitter		INFO	running
21-02-2016 11:05:17	Transmitter		INFO	running
21-02-2016 11:05:17	Transmitter		INFO	running
21-02-2016 11:05:17	Transmitter		INFO	running
21-02-2016 11:05:17	Transmitter		INFO	running
21-02-2016 11:05:17	Transmitter		INFO	running
21-02-2016 11:05:17	Transmitter		INFO	running
21-02-2016 11:05:17	Transmitter		INFO	running
21-02-2016 11:05:17	Transmitter		INFO	running
21-02-2016 11:05:17	Transmitter		INFO	running
21-02-2016 11:05:17	Transmitter		INFO	running
21-02-2016 11:05:17	Transmitter		INFO	running
21-02-2016 11:05:17	Transmitter		INFO	running
21-02-2016 11:05:17	Transmitter		INFO	running
21-02-2016 11:05:17	Transmitter		INFO	running
21-02-2016 11:05:17	Transmitter		INFO	running
21-02-2016 11:05:17	Transmitter		INFO	running
21-02-2016 11:05:17	Transmitter		INFO	running
21-02-2016 11:05:17	Transmitter		INFO	running
21-02-2016 11:05:18	Transmitter		INFO	running
21-02-2016 11:05:18	Transmitter		INFO	running
21-02-2016 11:05:18	Transmitter		INFO	running
21-02-2016 11:05:18	Transmitter		INFO	running
21-02-2016 11:05:18	Transmitter		INFO	running
21-02-2016 11:05:18	Transmitter		INFO	running
21-02-2016 11:05:18	Transmitter		INFO	running
21-02-2016 11:05:18	Transmitter		INFO	running
21-02-2016 11:05:18	Transmitter		INFO	running
21-02-2016 11:05:18	Transmitter		INFO	running
21-02-2016 11:05:18	Transmitter		INFO	running
21-02-2016 11:05:18	Transmitter		INFO	running
21-02-2016 11:05:18	Transmitter		INFO	running
21-02-2016 11:05:18	Transmitter		INFO	running
21-02-2016 11:05:18	Transmitter		INFO	running
21-02-2016 11:05:18	Transmitter		INFO	running
21-02-2016 11:05:18	Transmitter		INFO	running
21-02-2016 11:05:18	Transmitter		INFO	running
21-02-2016 11:05:18	Transmitter		INFO	running
21-02-2016 11:05:18	Transmitter		INFO	running
21-02-2016 11:05:18	Transmitter		INFO	running
21-02-2016 11:05:18	Transmitter		INFO	running
21-02-2016 11:05:18	CameraInterface		INFO	Read successful
21-02-2016 11:05:18	Transmitter		INFO	running
21-02-2016 11:05:18	Transmitter		INFO	running
21-02-2016 11:05:18	Transmitter		INFO	running
21-02-2016 11:05:18	Transmitter		INFO	running
21-02-2016 11:05:18	Transmitter		INFO	running
21-02-2016 11:05:18	Controller		INFO	sending to transmitter
21-02-2016 11:05:18	Transmitter		INFO	pushing into buff
21-02-2016 11:05:18	DataProcessor		INFO	polling
21-02-2016 11:05:18	Transmitter		INFO	running
21-02-2016 11:05:18	Transmitter		INFO	getting from buffer
21-02-2016 11:05:18	CameraInterface		INFO	Read successful
21-02-2016 11:05:18	Controller		INFO	sending to transmitter
21-02-2016 11:05:18	Transmitter		INFO	pushing into buff
21-02-2016 11:05:18	DataProcessor		INFO	polling
21-02-2016 11:05:18	CameraInterface		INFO	Read successful
21-02-2016 11:05:18	Controller		INFO	sending to transmitter
21-02-2016 11:05:18	Transmitter		INFO	pushing into buff
21-02-2016 11:05:18	DataProcessor		INFO	polling
21-02-2016 11:05:18	CameraInterface		INFO	Read successful
21-02-2016 11:05:18	Controller		INFO	sending to transmitter
21-02-2016 11:05:18	Transmitter		INFO	pushing into buff
21-02-2016 11:05:18	DataProcessor		INFO	polling
21-02-2016 11:05:19	CameraInterface		INFO	Read successful
21-02-2016 11:05:19	Controller		INFO	sending to transmitter
21-02-2016 11:05:19	Transmitter		INFO	pushing into buff
21-02-2016 11:05:19	DataProcessor		INFO	polling
21-02-2016 11:05:19	CameraInterface		INFO	Read successful
21-02-2016 11:05:19	Controller		INFO	sending to transmitter
21-02-2016 11:05:19	Transmitter		INFO	pushing into buff
21-02-2016 11:05:19	DataProcessor		INFO	polling
21-02-2016 11:05:19	CameraInterface		INFO	Read successful
21-02-2016 11:05:19	Controller		INFO	sending to transmitter
21-02-2016 11:05:19	Transmitter		INFO	pushing into buff
21-02-2016 11:05:19	DataProcessor		INFO	polling
21-02-2016 11:05:19	CameraInterface		INFO	Read successful
21-02-2016 11:05:19	Controller		INFO	sending to transmitter
21-02-2016 11:05:19	Transmitter		INFO	pushing into buff
21-02-2016 11:05:19	DataProcessor		INFO	polling
21-02-2016 11:05:20	CameraInterface		INFO	Read successful
21-02-2016 11:05:20	Controller		INFO	sending to transmitter
21-02-2016 11:05:20	Transmitter		INFO	pushing into buff
21-02-2016 11:05:20	DataProcessor		INFO	polling
21-02-2016 11:05:20	CameraInterface		INFO	Read successful
21-02-2016 11:05:20	Controller		INFO	sending to transmitter
21-02-2016 11:05:20	Transmitter		INFO	pushing into buff
21-02-2016 11:05:20	DataProcessor		INFO	polling
21-02-2016 11:05:20	CameraInterface		INFO	Read successful
21-02-2016 11:05:20	Controller		INFO	sending to transmitter
21-02-2016 11:05:20	Transmitter		INFO	pushing into buff
21-02-2016 11:05:20	DataProcessor		INFO	polling
21-02-2016 11:05:20	CameraInterface		INFO	Read successful
21-02-2016 11:05:20	Controller		INFO	sending to transmitter
21-02-2016 11:05:20	Transmitter		INFO	pushing into buff
21-02-2016 11:05:20	DataProcessor		INFO	polling
21-02-2016 11:05:20	CameraInterface		INFO	Read successful
21-02-2016 11:05:20	Controller		INFO	sending to transmitter
21-02-2016 11:05:20	Transmitter		INFO	pushing into buff
21-02-2016 11:05:20	DataProcessor		INFO	polling
21-02-2016 11:05:21	CameraInterface		INFO	Read successful
21-02-2016 11:05:21	Controller		INFO	sending to transmitter
21-02-2016 11:05:21	Transmitter		INFO	pushing into buff
21-02-2016 11:05:21	DataProcessor		INFO	polling
21-02-2016 11:05:21	CameraInterface		INFO	Read successful
21-02-2016 11:05:21	Controller		INFO	sending to transmitter
21-02-2016 11:05:21	Transmitter		INFO	pushing into buff
21-02-2016 11:05:21	DataProcessor		INFO	polling
21-02-2016 11:05:21	CameraInterface		INFO	Read successful
21-02-2016 11:05:21	Controller		INFO	sending to transmitter
21-02-2016 11:05:21	Transmitter		INFO	pushing into buff
21-02-2016 11:05:21	DataProcessor		INFO	polling
21-02-2016 11:05:21	CameraInterface		INFO	Read successful
21-02-2016 11:05:21	Controller		INFO	sending to transmitter
21-02-2016 11:05:21	Transmitter		INFO	pushing into buff
21-02-2016 11:05:21	DataProcessor		INFO	polling
21-02-2016 11:05:22	CameraInterface		INFO	Read successful
21-02-2016 11:05:22	Controller		INFO	sending to transmitter
21-02-2016 11:05:22	Transmitter		INFO	pushing into buff
21-02-2016 11:05:22	DataProcessor		INFO	polling
21-02-2016 11:05:22	CameraInterface		INFO	Read successful
21-02-2016 11:05:22	Controller		INFO	sending to transmitter
21-02-2016 11:05:22	Transmitter		INFO	pushing into buff
21-02-2016 11:05:22	DataProcessor		INFO	polling
21-02-2016 11:05:22	CameraInterface		INFO	Read successful
21-02-2016 11:05:22	Controller		INFO	sending to transmitter
21-02-2016 11:05:22	Transmitter		INFO	pushing into buff
21-02-2016 11:05:22	DataProcessor		INFO	polling
21-02-2016 11:05:22	CameraInterface		INFO	Read successful
21-02-2016 11:05:22	Controller		INFO	sending to transmitter
21-02-2016 11:05:22	Transmitter		INFO	pushing into buff
21-02-2016 11:05:22	DataProcessor		INFO	polling
21-02-2016 11:05:22	CameraInterface		INFO	Read successful
21-02-2016 11:05:22	Controller		INFO	sending to transmitter
21-02-2016 11:05:22	Transmitter		INFO	pushing into buff
21-02-2016 11:05:22	Transmitter		INFO	sending string: 19533
21-02-2016 11:05:22	Transmitter		INFO	sending string: 19533
21-02-2016 11:05:22	DataProcessor		INFO	polling
21-02-2016 11:05:23	Transmitter		INFO	running
21-02-2016 11:05:23	Transmitter		INFO	getting from buffer
21-02-2016 11:05:23	CameraInterface		INFO	Read successful
21-02-2016 11:05:23	Controller		INFO	sending to transmitter
21-02-2016 11:05:23	Transmitter		INFO	pushing into buff
21-02-2016 11:05:23	DataProcessor		INFO	polling
21-02-2016 11:05:23	CameraInterface		INFO	Read successful
21-02-2016 11:05:23	Controller		INFO	sending to transmitter
21-02-2016 11:05:23	Transmitter		INFO	pushing into buff
21-02-2016 11:05:23	DataProcessor		INFO	polling
21-02-2016 11:05:23	CameraInterface		INFO	Read successful
21-02-2016 11:05:23	Controller		INFO	sending to transmitter
21-02-2016 11:05:23	Transmitter		INFO	pushing into buff
21-02-2016 11:05:23	DataProcessor		INFO	polling
21-02-2016 11:05:23	CameraInterface		INFO	Read successful
21-02-2016 11:05:23	Controller		INFO	sending to transmitter
21-02-2016 11:05:23	Transmitter		INFO	pushing into buff
21-02-2016 11:05:23	DataProcessor		INFO	polling
21-02-2016 11:05:24	CameraInterface		INFO	Read successful
21-02-2016 11:05:24	Controller		INFO	sending to transmitter
21-02-2016 11:05:24	Transmitter		INFO	pushing into buff
21-02-2016 11:05:24	DataProcessor		INFO	polling
21-02-2016 11:05:24	CameraInterface		INFO	Read successful
21-02-2016 11:05:24	Controller		INFO	sending to transmitter
21-02-2016 11:05:24	Transmitter		INFO	pushing into buff
21-02-2016 11:05:24	DataProcessor		INFO	polling
21-02-2016 11:05:24	CameraInterface		INFO	Read successful
21-02-2016 11:05:24	Controller		INFO	sending to transmitter
21-02-2016 11:05:24	Transmitter		INFO	pushing into buff
21-02-2016 11:05:24	DataProcessor		INFO	polling
21-02-2016 11:05:24	CameraInterface		INFO	Read successful
21-02-2016 11:05:24	Controller		INFO	sending to transmitter
21-02-2016 11:05:24	Transmitter		INFO	pushing into buff
21-02-2016 11:05:24	DataProcessor		INFO	polling
21-02-2016 11:05:24	CameraInterface		INFO	Read successful
21-02-2016 11:05:24	Controller		INFO	sending to transmitter
21-02-2016 11:05:24	Transmitter		INFO	pushing into buff
21-02-2016 11:05:25	DataProcessor		INFO	polling
21-02-2016 11:05:25	CameraInterface		INFO	Read successful
21-02-2016 11:05:25	Controller		INFO	sending to transmitter
21-02-2016 11:05:25	Transmitter		INFO	pushing into buff
21-02-2016 11:05:25	DataProcessor		INFO	polling
21-02-2016 11:05:25	CameraInterface		INFO	Read successful
21-02-2016 11:05:25	Controller		INFO	sending to transmitter
21-02-2016 11:05:25	Transmitter		INFO	pushing into buff
21-02-2016 11:05:25	DataProcessor		INFO	polling
21-02-2016 11:05:25	CameraInterface		INFO	Read successful
21-02-2016 11:05:25	Controller		INFO	sending to transmitter
21-02-2016 11:05:25	Transmitter		INFO	pushing into buff
21-02-2016 11:05:25	DataProcessor		INFO	polling
21-02-2016 11:05:25	CameraInterface		INFO	Read successful
21-02-2016 11:05:25	Controller		INFO	sending to transmitter
21-02-2016 11:05:25	Transmitter		INFO	pushing into buff
21-02-2016 11:05:25	DataProcessor		INFO	polling
21-02-2016 11:05:26	CameraInterface		INFO	Read successful
21-02-2016 11:05:26	Controller		INFO	sending to transmitter
21-02-2016 11:05:26	Transmitter		INFO	pushing into buff
21-02-2016 11:05:26	DataProcessor		INFO	polling
21-02-2016 11:05:26	CameraInterface		INFO	Read successful
21-02-2016 11:05:26	Controller		INFO	sending to transmitter
21-02-2016 11:05:26	Transmitter		INFO	pushing into buff
21-02-2016 11:05:26	DataProcessor		INFO	polling
21-02-2016 11:05:26	CameraInterface		INFO	Read successful
21-02-2016 11:05:26	Controller		INFO	sending to transmitter
21-02-2016 11:05:26	Transmitter		INFO	pushing into buff
21-02-2016 11:05:26	DataProcessor		INFO	polling
21-02-2016 11:05:26	CameraInterface		INFO	Read successful
21-02-2016 11:05:26	Controller		INFO	sending to transmitter
21-02-2016 11:05:26	Transmitter		INFO	pushing into buff
21-02-2016 11:05:26	DataProcessor		INFO	polling
21-02-2016 11:05:26	CameraInterface		INFO	Read successful
21-02-2016 11:05:27	Controller		INFO	sending to transmitter
21-02-2016 11:05:27	Transmitter		INFO	pushing into buff
21-02-2016 11:05:27	DataProcessor		INFO	polling
21-02-2016 11:05:27	CameraInterface		INFO	Read successful
21-02-2016 11:05:27	Controller		INFO	sending to transmitter
21-02-2016 11:05:27	Transmitter		INFO	pushing into buff
21-02-2016 11:05:27	DataProcessor		INFO	polling
21-02-2016 11:05:27	CameraInterface		INFO	Read successful
21-02-2016 11:05:27	Controller		INFO	sending to transmitter
21-02-2016 11:05:27	Transmitter		INFO	pushing into buff
21-02-2016 11:05:27	DataProcessor		INFO	polling
