21-02-2016 11:06:41	Main		TRACE	Logger initialized.
21-02-2016 11:06:41	PropertyReader		TRACE	Opening file: settings/settings.txt
21-02-2016 11:06:41	PropertyReader		INFO	File opened: settings/settings.txt
21-02-2016 11:06:41	PropertyReader		INFO	Loading properties file...
21-02-2016 11:06:41	PropertyReader		INFO	Mapped TRACE to LOGGING_LEVEL
21-02-2016 11:06:41	PropertyReader		INFO	Mapped 100 to CAM_BUFFER_SIZE
21-02-2016 11:06:41	PropertyReader		INFO	Mapped 15 to CAM_POLL_FREQUENCY
21-02-2016 11:06:41	PropertyReader		INFO	Mapped 0 to CAM_INDEX
21-02-2016 11:06:41	PropertyReader		DEBUG	Loaded 4 properties successfully
21-02-2016 11:06:41	Controller		INFO	Constructor controller
21-02-2016 11:06:41	Transmitter		INFO	socket retrieve success
21-02-2016 11:06:41	Transmitter		INFO	binding done
21-02-2016 11:06:41	Transmitter		INFO	done listening
21-02-2016 11:06:44	Transmitter		INFO	accepting
21-02-2016 11:06:44	Main		TRACE	intializing controller
21-02-2016 11:06:44	Controller		INFO	Initializing Controller
21-02-2016 11:06:44	Main		TRACE	initializing dataprocessor
21-02-2016 11:06:44	CameraInterface		INFO	Initializing camera
21-02-2016 11:06:44	CameraInterface		INFO	Opening video capture stream at position 0
21-02-2016 11:06:44	ControllerThread		INFO	Starting Controller Thread execution loop
21-02-2016 11:06:44	Transmitter		INFO	Starting Receiver Thread execution loop
21-02-2016 11:06:44	Transmitter		INFO	running
21-02-2016 11:06:44	Receiver		INFO	Starting Receiver Thread execution loop
21-02-2016 11:06:44	Transmitter		INFO	running
21-02-2016 11:06:44	Transmitter		INFO	running
21-02-2016 11:06:44	Transmitter		INFO	running
21-02-2016 11:06:44	Transmitter		INFO	running
21-02-2016 11:06:44	Transmitter		INFO	running
21-02-2016 11:06:44	Transmitter		INFO	running
21-02-2016 11:06:44	Transmitter		INFO	running
21-02-2016 11:06:44	Transmitter		INFO	running
21-02-2016 11:06:44	Transmitter		INFO	running
21-02-2016 11:06:44	Transmitter		INFO	running
21-02-2016 11:06:44	Transmitter		INFO	running
21-02-2016 11:06:44	Transmitter		INFO	running
21-02-2016 11:06:44	Transmitter		INFO	running
21-02-2016 11:06:44	Transmitter		INFO	running
21-02-2016 11:06:44	Transmitter		INFO	running
21-02-2016 11:06:44	Transmitter		INFO	running
21-02-2016 11:06:44	Transmitter		INFO	running
21-02-2016 11:06:44	Transmitter		INFO	running
21-02-2016 11:06:44	Transmitter		INFO	running
21-02-2016 11:06:44	Transmitter		INFO	running
21-02-2016 11:06:44	Transmitter		INFO	running
21-02-2016 11:06:44	Transmitter		INFO	running
21-02-2016 11:06:44	Transmitter		INFO	running
21-02-2016 11:06:44	Transmitter		INFO	running
21-02-2016 11:06:44	Transmitter		INFO	running
21-02-2016 11:06:44	Transmitter		INFO	running
21-02-2016 11:06:44	Transmitter		INFO	running
21-02-2016 11:06:44	Transmitter		INFO	running
21-02-2016 11:06:44	Transmitter		INFO	running
21-02-2016 11:06:44	Transmitter		INFO	running
21-02-2016 11:06:44	Transmitter		INFO	running
21-02-2016 11:06:44	Transmitter		INFO	running
21-02-2016 11:06:44	Transmitter		INFO	running
21-02-2016 11:06:44	Transmitter		INFO	running
21-02-2016 11:06:44	Transmitter		INFO	running
21-02-2016 11:06:44	Transmitter		INFO	running
21-02-2016 11:06:44	Transmitter		INFO	running
21-02-2016 11:06:44	Transmitter		INFO	running
21-02-2016 11:06:44	Transmitter		INFO	running
21-02-2016 11:06:44	Transmitter		INFO	running
21-02-2016 11:06:44	Transmitter		INFO	running
21-02-2016 11:06:44	Transmitter		INFO	running
21-02-2016 11:06:44	Transmitter		INFO	running
21-02-2016 11:06:44	Transmitter		INFO	running
21-02-2016 11:06:44	Transmitter		INFO	running
21-02-2016 11:06:44	Transmitter		INFO	running
21-02-2016 11:06:44	Transmitter		INFO	running
21-02-2016 11:06:44	Transmitter		INFO	running
21-02-2016 11:06:44	Transmitter		INFO	running
21-02-2016 11:06:45	Main		TRACE	running controller
21-02-2016 11:06:45	DataProcessor		INFO	polling
21-02-2016 11:06:45	Transmitter		INFO	running
21-02-2016 11:06:45	Transmitter		INFO	running
21-02-2016 11:06:45	Transmitter		INFO	running
21-02-2016 11:06:45	Transmitter		INFO	running
21-02-2016 11:06:45	Transmitter		INFO	running
21-02-2016 11:06:45	Transmitter		INFO	running
21-02-2016 11:06:45	Transmitter		INFO	running
21-02-2016 11:06:45	Transmitter		INFO	running
21-02-2016 11:06:45	Transmitter		INFO	running
21-02-2016 11:06:45	Transmitter		INFO	running
21-02-2016 11:06:45	Transmitter		INFO	running
21-02-2016 11:06:45	Transmitter		INFO	running
21-02-2016 11:06:45	Transmitter		INFO	running
21-02-2016 11:06:45	Transmitter		INFO	running
21-02-2016 11:06:45	Transmitter		INFO	running
21-02-2016 11:06:45	Transmitter		INFO	running
21-02-2016 11:06:45	Transmitter		INFO	running
21-02-2016 11:06:45	Transmitter		INFO	running
21-02-2016 11:06:45	Transmitter		INFO	running
21-02-2016 11:06:45	Transmitter		INFO	running
21-02-2016 11:06:45	Transmitter		INFO	running
21-02-2016 11:06:45	Transmitter		INFO	running
21-02-2016 11:06:45	Transmitter		INFO	running
21-02-2016 11:06:45	Transmitter		INFO	running
21-02-2016 11:06:45	Transmitter		INFO	running
21-02-2016 11:06:45	Transmitter		INFO	running
21-02-2016 11:06:45	Transmitter		INFO	running
21-02-2016 11:06:45	Transmitter		INFO	running
21-02-2016 11:06:45	Transmitter		INFO	running
21-02-2016 11:06:45	Transmitter		INFO	running
21-02-2016 11:06:45	Transmitter		INFO	running
21-02-2016 11:06:45	Transmitter		INFO	running
21-02-2016 11:06:45	Transmitter		INFO	running
21-02-2016 11:06:45	Transmitter		INFO	running
21-02-2016 11:06:45	Transmitter		INFO	running
21-02-2016 11:06:45	Transmitter		INFO	running
21-02-2016 11:06:45	Transmitter		INFO	running
21-02-2016 11:06:45	Transmitter		INFO	running
21-02-2016 11:06:45	Transmitter		INFO	running
21-02-2016 11:06:45	Transmitter		INFO	running
21-02-2016 11:06:45	Transmitter		INFO	running
21-02-2016 11:06:45	Transmitter		INFO	running
21-02-2016 11:06:45	Transmitter		INFO	running
21-02-2016 11:06:45	Transmitter		INFO	running
21-02-2016 11:06:45	Transmitter		INFO	running
21-02-2016 11:06:45	Transmitter		INFO	running
21-02-2016 11:06:45	Transmitter		INFO	running
21-02-2016 11:06:45	Transmitter		INFO	running
21-02-2016 11:06:45	Transmitter		INFO	running
21-02-2016 11:06:45	Transmitter		INFO	running
21-02-2016 11:06:45	Transmitter		INFO	running
21-02-2016 11:06:45	Transmitter		INFO	running
21-02-2016 11:06:45	Transmitter		INFO	running
21-02-2016 11:06:45	Transmitter		INFO	running
21-02-2016 11:06:45	Transmitter		INFO	running
21-02-2016 11:06:45	Transmitter		INFO	running
21-02-2016 11:06:45	Transmitter		INFO	running
21-02-2016 11:06:45	Transmitter		INFO	running
21-02-2016 11:06:45	Transmitter		INFO	running
21-02-2016 11:06:45	Transmitter		INFO	running
21-02-2016 11:06:45	Transmitter		INFO	running
21-02-2016 11:06:45	Transmitter		INFO	running
21-02-2016 11:06:45	Transmitter		INFO	running
21-02-2016 11:06:45	Transmitter		INFO	running
21-02-2016 11:06:45	Transmitter		INFO	running
21-02-2016 11:06:45	Transmitter		INFO	running
21-02-2016 11:06:45	Transmitter		INFO	running
21-02-2016 11:06:45	Transmitter		INFO	running
21-02-2016 11:06:45	Transmitter		INFO	running
21-02-2016 11:06:45	Transmitter		INFO	running
21-02-2016 11:06:45	Transmitter		INFO	running
21-02-2016 11:06:45	Transmitter		INFO	running
21-02-2016 11:06:45	Transmitter		INFO	running
21-02-2016 11:06:45	Transmitter		INFO	running
21-02-2016 11:06:45	Transmitter		INFO	running
21-02-2016 11:06:45	Transmitter		INFO	running
21-02-2016 11:06:45	Transmitter		INFO	running
21-02-2016 11:06:45	Transmitter		INFO	running
21-02-2016 11:06:45	Transmitter		INFO	running
21-02-2016 11:06:45	Transmitter		INFO	running
21-02-2016 11:06:45	Transmitter		INFO	running
21-02-2016 11:06:45	Transmitter		INFO	running
21-02-2016 11:06:45	Transmitter		INFO	running
21-02-2016 11:06:45	Transmitter		INFO	running
21-02-2016 11:06:45	Transmitter		INFO	running
21-02-2016 11:06:45	Transmitter		INFO	running
21-02-2016 11:06:45	Transmitter		INFO	running
21-02-2016 11:06:45	Transmitter		INFO	running
21-02-2016 11:06:45	Transmitter		INFO	running
21-02-2016 11:06:45	Transmitter		INFO	running
21-02-2016 11:06:45	Transmitter		INFO	running
21-02-2016 11:06:45	Transmitter		INFO	running
21-02-2016 11:06:45	Transmitter		INFO	running
21-02-2016 11:06:45	Transmitter		INFO	running
21-02-2016 11:06:45	Transmitter		INFO	running
21-02-2016 11:06:45	Transmitter		INFO	running
21-02-2016 11:06:45	Transmitter		INFO	running
21-02-2016 11:06:45	Transmitter		INFO	running
21-02-2016 11:06:45	Transmitter		INFO	running
21-02-2016 11:06:45	Transmitter		INFO	running
21-02-2016 11:06:45	Transmitter		INFO	running
21-02-2016 11:06:45	Transmitter		INFO	running
21-02-2016 11:06:45	Transmitter		INFO	running
21-02-2016 11:06:45	Transmitter		INFO	running
21-02-2016 11:06:45	Transmitter		INFO	running
21-02-2016 11:06:45	CameraInterface		INFO	Read successful
21-02-2016 11:06:45	Controller		INFO	sending to transmitter
21-02-2016 11:06:45	Transmitter		INFO	running
21-02-2016 11:06:45	Transmitter		INFO	running
21-02-2016 11:06:45	Transmitter		INFO	pushing into buff
21-02-2016 11:06:45	DataProcessor		INFO	polling
21-02-2016 11:06:45	Transmitter		INFO	running
21-02-2016 11:06:45	Transmitter		INFO	getting from buffer
21-02-2016 11:06:46	CameraInterface		INFO	Read successful
21-02-2016 11:06:46	Controller		INFO	sending to transmitter
21-02-2016 11:06:46	Transmitter		INFO	pushing into buff
21-02-2016 11:06:46	DataProcessor		INFO	polling
21-02-2016 11:06:46	CameraInterface		INFO	Read successful
21-02-2016 11:06:46	Controller		INFO	sending to transmitter
21-02-2016 11:06:46	Transmitter		INFO	pushing into buff
21-02-2016 11:06:46	DataProcessor		INFO	polling
21-02-2016 11:06:46	CameraInterface		INFO	Read successful
21-02-2016 11:06:46	Controller		INFO	sending to transmitter
21-02-2016 11:06:46	Transmitter		INFO	pushing into buff
21-02-2016 11:06:46	DataProcessor		INFO	polling
21-02-2016 11:06:46	CameraInterface		INFO	Read successful
21-02-2016 11:06:46	Controller		INFO	sending to transmitter
21-02-2016 11:06:46	Transmitter		INFO	pushing into buff
21-02-2016 11:06:46	DataProcessor		INFO	polling
21-02-2016 11:06:46	CameraInterface		INFO	Read successful
21-02-2016 11:06:46	Controller		INFO	sending to transmitter
21-02-2016 11:06:46	Transmitter		INFO	pushing into buff
21-02-2016 11:06:46	DataProcessor		INFO	polling
21-02-2016 11:06:47	CameraInterface		INFO	Read successful
21-02-2016 11:06:47	Controller		INFO	sending to transmitter
21-02-2016 11:06:47	Transmitter		INFO	pushing into buff
21-02-2016 11:06:47	DataProcessor		INFO	polling
21-02-2016 11:06:47	CameraInterface		INFO	Read successful
21-02-2016 11:06:47	Controller		INFO	sending to transmitter
21-02-2016 11:06:47	Transmitter		INFO	pushing into buff
21-02-2016 11:06:47	DataProcessor		INFO	polling
21-02-2016 11:06:47	CameraInterface		INFO	Read successful
21-02-2016 11:06:47	Controller		INFO	sending to transmitter
21-02-2016 11:06:47	Transmitter		INFO	pushing into buff
21-02-2016 11:06:47	DataProcessor		INFO	polling
21-02-2016 11:06:47	CameraInterface		INFO	Read successful
21-02-2016 11:06:47	Controller		INFO	sending to transmitter
21-02-2016 11:06:47	Transmitter		INFO	pushing into buff
21-02-2016 11:06:47	DataProcessor		INFO	polling
21-02-2016 11:06:47	CameraInterface		INFO	Read successful
21-02-2016 11:06:47	Controller		INFO	sending to transmitter
21-02-2016 11:06:48	Transmitter		INFO	pushing into buff
21-02-2016 11:06:48	DataProcessor		INFO	polling
21-02-2016 11:06:48	CameraInterface		INFO	Read successful
21-02-2016 11:06:48	Controller		INFO	sending to transmitter
21-02-2016 11:06:48	Transmitter		INFO	pushing into buff
21-02-2016 11:06:48	DataProcessor		INFO	polling
21-02-2016 11:06:48	CameraInterface		INFO	Read successful
21-02-2016 11:06:48	Controller		INFO	sending to transmitter
21-02-2016 11:06:48	Transmitter		INFO	pushing into buff
21-02-2016 11:06:48	DataProcessor		INFO	polling
21-02-2016 11:06:48	CameraInterface		INFO	Read successful
21-02-2016 11:06:48	Controller		INFO	sending to transmitter
21-02-2016 11:06:48	Transmitter		INFO	pushing into buff
21-02-2016 11:06:48	DataProcessor		INFO	polling
21-02-2016 11:06:48	CameraInterface		INFO	Read successful
21-02-2016 11:06:48	Controller		INFO	sending to transmitter
21-02-2016 11:06:48	Transmitter		INFO	pushing into buff
21-02-2016 11:06:48	DataProcessor		INFO	polling
21-02-2016 11:06:49	CameraInterface		INFO	Read successful
21-02-2016 11:06:49	Controller		INFO	sending to transmitter
21-02-2016 11:06:49	Transmitter		INFO	pushing into buff
21-02-2016 11:06:49	DataProcessor		INFO	polling
21-02-2016 11:06:49	CameraInterface		INFO	Read successful
21-02-2016 11:06:49	Controller		INFO	sending to transmitter
21-02-2016 11:06:49	Transmitter		INFO	pushing into buff
21-02-2016 11:06:49	DataProcessor		INFO	polling
21-02-2016 11:06:49	CameraInterface		INFO	Read successful
21-02-2016 11:06:49	Controller		INFO	sending to transmitter
21-02-2016 11:06:49	Transmitter		INFO	pushing into buff
21-02-2016 11:06:49	DataProcessor		INFO	polling
21-02-2016 11:06:49	CameraInterface		INFO	Read successful
21-02-2016 11:06:49	Controller		INFO	sending to transmitter
21-02-2016 11:06:49	Transmitter		INFO	pushing into buff
21-02-2016 11:06:49	DataProcessor		INFO	polling
21-02-2016 11:06:49	CameraInterface		INFO	Read successful
21-02-2016 11:06:49	Controller		INFO	sending to transmitter
21-02-2016 11:06:49	Transmitter		INFO	pushing into buff
21-02-2016 11:06:49	DataProcessor		INFO	polling
21-02-2016 11:06:50	CameraInterface		INFO	Read successful
21-02-2016 11:06:50	Controller		INFO	sending to transmitter
21-02-2016 11:06:50	Transmitter		INFO	pushing into buff
21-02-2016 11:06:50	DataProcessor		INFO	polling
21-02-2016 11:06:50	CameraInterface		INFO	Read successful
21-02-2016 11:06:50	Controller		INFO	sending to transmitter
21-02-2016 11:06:50	Transmitter		INFO	pushing into buff
21-02-2016 11:06:50	DataProcessor		INFO	polling
21-02-2016 11:06:50	Transmitter		INFO	sending string: 45069
21-02-2016 11:06:50	CameraInterface		INFO	Read successful
21-02-2016 11:06:50	Controller		INFO	sending to transmitter
21-02-2016 11:06:50	Transmitter		INFO	pushing into buff
21-02-2016 11:06:50	Transmitter		INFO	running
21-02-2016 11:06:50	Transmitter		INFO	getting from buffer
21-02-2016 11:06:50	DataProcessor		INFO	polling
21-02-2016 11:06:50	CameraInterface		INFO	Read successful
21-02-2016 11:06:50	Controller		INFO	sending to transmitter
21-02-2016 11:06:50	Transmitter		INFO	pushing into buff
21-02-2016 11:06:50	DataProcessor		INFO	polling
21-02-2016 11:06:51	CameraInterface		INFO	Read successful
21-02-2016 11:06:51	Controller		INFO	sending to transmitter
21-02-2016 11:06:51	Transmitter		INFO	pushing into buff
21-02-2016 11:06:51	DataProcessor		INFO	polling
21-02-2016 11:06:51	CameraInterface		INFO	Read successful
21-02-2016 11:06:51	Controller		INFO	sending to transmitter
21-02-2016 11:06:51	Transmitter		INFO	pushing into buff
21-02-2016 11:06:51	DataProcessor		INFO	polling
21-02-2016 11:06:51	CameraInterface		INFO	Read successful
21-02-2016 11:06:51	Controller		INFO	sending to transmitter
21-02-2016 11:06:51	Transmitter		INFO	pushing into buff
21-02-2016 11:06:51	DataProcessor		INFO	polling
21-02-2016 11:06:51	CameraInterface		INFO	Read successful
21-02-2016 11:06:51	Controller		INFO	sending to transmitter
21-02-2016 11:06:51	Transmitter		INFO	pushing into buff
21-02-2016 11:06:51	DataProcessor		INFO	polling
21-02-2016 11:06:51	CameraInterface		INFO	Read successful
21-02-2016 11:06:51	Controller		INFO	sending to transmitter
21-02-2016 11:06:51	Transmitter		INFO	pushing into buff
21-02-2016 11:06:51	DataProcessor		INFO	polling
21-02-2016 11:06:52	CameraInterface		INFO	Read successful
21-02-2016 11:06:52	Controller		INFO	sending to transmitter
21-02-2016 11:06:52	Transmitter		INFO	pushing into buff
21-02-2016 11:06:52	DataProcessor		INFO	polling
21-02-2016 11:06:52	CameraInterface		INFO	Read successful
21-02-2016 11:06:52	Controller		INFO	sending to transmitter
21-02-2016 11:06:52	Transmitter		INFO	pushing into buff
21-02-2016 11:06:52	DataProcessor		INFO	polling
21-02-2016 11:06:52	CameraInterface		INFO	Read successful
21-02-2016 11:06:52	Controller		INFO	sending to transmitter
21-02-2016 11:06:52	Transmitter		INFO	pushing into buff
21-02-2016 11:06:52	DataProcessor		INFO	polling
21-02-2016 11:06:52	CameraInterface		INFO	Read successful
21-02-2016 11:06:52	Controller		INFO	sending to transmitter
21-02-2016 11:06:52	Transmitter		INFO	pushing into buff
21-02-2016 11:06:52	DataProcessor		INFO	polling
21-02-2016 11:06:52	CameraInterface		INFO	Read successful
21-02-2016 11:06:53	Controller		INFO	sending to transmitter
21-02-2016 11:06:53	Transmitter		INFO	pushing into buff
21-02-2016 11:06:53	DataProcessor		INFO	polling
21-02-2016 11:06:53	CameraInterface		INFO	Read successful
21-02-2016 11:06:53	Controller		INFO	sending to transmitter
21-02-2016 11:06:53	Transmitter		INFO	pushing into buff
21-02-2016 11:06:53	DataProcessor		INFO	polling
21-02-2016 11:06:53	CameraInterface		INFO	Read successful
21-02-2016 11:06:53	Controller		INFO	sending to transmitter
21-02-2016 11:06:53	Transmitter		INFO	pushing into buff
21-02-2016 11:06:53	DataProcessor		INFO	polling
21-02-2016 11:06:53	CameraInterface		INFO	Read successful
21-02-2016 11:06:53	Controller		INFO	sending to transmitter
21-02-2016 11:06:53	Transmitter		INFO	pushing into buff
21-02-2016 11:06:53	DataProcessor		INFO	polling
21-02-2016 11:06:53	CameraInterface		INFO	Read successful
21-02-2016 11:06:53	Controller		INFO	sending to transmitter
21-02-2016 11:06:53	Transmitter		INFO	pushing into buff
21-02-2016 11:06:53	DataProcessor		INFO	polling
21-02-2016 11:06:54	CameraInterface		INFO	Read successful
21-02-2016 11:06:54	Controller		INFO	sending to transmitter
21-02-2016 11:06:54	Transmitter		INFO	pushing into buff
21-02-2016 11:06:54	DataProcessor		INFO	polling
21-02-2016 11:06:54	CameraInterface		INFO	Read successful
21-02-2016 11:06:54	Controller		INFO	sending to transmitter
21-02-2016 11:06:54	Transmitter		INFO	pushing into buff
21-02-2016 11:06:54	DataProcessor		INFO	polling
21-02-2016 11:06:54	CameraInterface		INFO	Read successful
21-02-2016 11:06:54	Controller		INFO	sending to transmitter
21-02-2016 11:06:54	Transmitter		INFO	pushing into buff
21-02-2016 11:06:54	DataProcessor		INFO	polling
21-02-2016 11:06:54	CameraInterface		INFO	Read successful
21-02-2016 11:06:54	Controller		INFO	sending to transmitter
21-02-2016 11:06:54	Transmitter		INFO	pushing into buff
21-02-2016 11:06:54	DataProcessor		INFO	polling
21-02-2016 11:06:54	CameraInterface		INFO	Read successful
21-02-2016 11:06:54	Controller		INFO	sending to transmitter
21-02-2016 11:06:55	Transmitter		INFO	pushing into buff
21-02-2016 11:06:55	DataProcessor		INFO	polling
21-02-2016 11:06:55	CameraInterface		INFO	Read successful
21-02-2016 11:06:55	Controller		INFO	sending to transmitter
21-02-2016 11:06:55	Transmitter		INFO	pushing into buff
21-02-2016 11:06:55	DataProcessor		INFO	polling
