17-03-2016 12:35:34	Main		TRACE	Logger initialized.
17-03-2016 12:35:34	PropertyReader		TRACE	Opening file: settings/settings.txt
17-03-2016 12:35:34	PropertyReader		INFO	File opened: settings/settings.txt
17-03-2016 12:35:34	PropertyReader		INFO	Loading properties file...
17-03-2016 12:35:34	PropertyReader		INFO	Mapped TRACE to LOGGING_LEVEL
17-03-2016 12:35:34	PropertyReader		INFO	Mapped 100 to CAM_BUFFER_SIZE
17-03-2016 12:35:34	PropertyReader		INFO	Mapped 15 to CAM_POLL_FREQUENCY
17-03-2016 12:35:34	PropertyReader		INFO	Mapped 0 to CAM_INDEX
17-03-2016 12:35:34	PropertyReader		DEBUG	Loaded 4 properties successfully
17-03-2016 12:35:34	Controller		INFO	Constructor controller
17-03-2016 12:35:34	Transmitter		INFO	socket retrieve success
17-03-2016 12:35:34	Transmitter		INFO	binding done
17-03-2016 12:35:34	Transmitter		INFO	done listening
17-03-2016 12:37:16	Transmitter		INFO	accepting
17-03-2016 12:37:16	Main		TRACE	intializing controller
17-03-2016 12:37:16	Controller		INFO	Initializing Controller
17-03-2016 12:37:16	Main		TRACE	initializing dataprocessor
17-03-2016 12:37:16	CameraInterface		INFO	Initializing camera
17-03-2016 12:37:16	CameraInterface		INFO	Opening video capture stream at position 0
17-03-2016 12:37:16	Transmitter		INFO	Starting Receiver Thread execution loop
17-03-2016 12:37:16	Transmitter		INFO	running
17-03-2016 12:37:16	ControllerThread		INFO	Starting Controller Thread execution loop
17-03-2016 12:37:16	Receiver		INFO	Starting Receiver Thread execution loop
17-03-2016 12:37:16	Transmitter		INFO	running
17-03-2016 12:37:16	Transmitter		INFO	running
17-03-2016 12:37:16	Transmitter		INFO	running
17-03-2016 12:37:16	Transmitter		INFO	running
17-03-2016 12:37:16	Transmitter		INFO	running
17-03-2016 12:37:16	Transmitter		INFO	running
17-03-2016 12:37:16	Transmitter		INFO	running
17-03-2016 12:37:16	Transmitter		INFO	running
17-03-2016 12:37:16	Transmitter		INFO	running
17-03-2016 12:37:16	Transmitter		INFO	running
17-03-2016 12:37:16	Transmitter		INFO	running
17-03-2016 12:37:16	Transmitter		INFO	running
17-03-2016 12:37:16	Transmitter		INFO	running
17-03-2016 12:37:16	Transmitter		INFO	running
17-03-2016 12:37:16	Transmitter		INFO	running
17-03-2016 12:37:16	Transmitter		INFO	running
17-03-2016 12:37:16	Transmitter		INFO	running
17-03-2016 12:37:16	Transmitter		INFO	running
17-03-2016 12:37:16	Transmitter		INFO	running
17-03-2016 12:37:16	Transmitter		INFO	running
17-03-2016 12:37:16	Transmitter		INFO	running
17-03-2016 12:37:16	Transmitter		INFO	running
17-03-2016 12:37:16	Transmitter		INFO	running
17-03-2016 12:37:16	Transmitter		INFO	running
17-03-2016 12:37:16	Transmitter		INFO	running
17-03-2016 12:37:16	Transmitter		INFO	running
17-03-2016 12:37:16	Transmitter		INFO	running
17-03-2016 12:37:16	Transmitter		INFO	running
17-03-2016 12:37:16	Transmitter		INFO	running
17-03-2016 12:37:16	Transmitter		INFO	running
17-03-2016 12:37:16	Transmitter		INFO	running
17-03-2016 12:37:16	Transmitter		INFO	running
17-03-2016 12:37:16	Transmitter		INFO	running
17-03-2016 12:37:16	Transmitter		INFO	running
17-03-2016 12:37:16	Transmitter		INFO	running
17-03-2016 12:37:16	Transmitter		INFO	running
17-03-2016 12:37:16	Transmitter		INFO	running
17-03-2016 12:37:16	Transmitter		INFO	running
17-03-2016 12:37:16	Transmitter		INFO	running
17-03-2016 12:37:16	Transmitter		INFO	running
17-03-2016 12:37:16	Transmitter		INFO	running
17-03-2016 12:37:16	Transmitter		INFO	running
17-03-2016 12:37:16	Transmitter		INFO	running
17-03-2016 12:37:16	Transmitter		INFO	running
17-03-2016 12:37:16	Transmitter		INFO	running
17-03-2016 12:37:16	Transmitter		INFO	running
17-03-2016 12:37:16	Transmitter		INFO	running
17-03-2016 12:37:16	Transmitter		INFO	running
17-03-2016 12:37:16	Transmitter		INFO	running
17-03-2016 12:37:16	Transmitter		INFO	running
17-03-2016 12:37:16	Main		TRACE	running controller
17-03-2016 12:37:16	Transmitter		INFO	running
17-03-2016 12:37:16	Transmitter		INFO	running
17-03-2016 12:37:16	Transmitter		INFO	running
17-03-2016 12:37:16	Transmitter		INFO	running
17-03-2016 12:37:16	DataProcessor		INFO	polling
17-03-2016 12:37:16	Transmitter		INFO	running
17-03-2016 12:37:16	Transmitter		INFO	running
17-03-2016 12:37:16	Transmitter		INFO	running
17-03-2016 12:37:16	Transmitter		INFO	running
17-03-2016 12:37:16	Transmitter		INFO	running
17-03-2016 12:37:16	Transmitter		INFO	running
17-03-2016 12:37:16	Transmitter		INFO	running
17-03-2016 12:37:16	Transmitter		INFO	running
17-03-2016 12:37:16	Transmitter		INFO	running
17-03-2016 12:37:16	Transmitter		INFO	running
17-03-2016 12:37:16	Transmitter		INFO	running
17-03-2016 12:37:16	Transmitter		INFO	running
17-03-2016 12:37:16	Transmitter		INFO	running
17-03-2016 12:37:16	Transmitter		INFO	running
17-03-2016 12:37:16	Transmitter		INFO	running
17-03-2016 12:37:16	Transmitter		INFO	running
17-03-2016 12:37:16	Transmitter		INFO	running
17-03-2016 12:37:16	Transmitter		INFO	running
17-03-2016 12:37:16	Transmitter		INFO	running
17-03-2016 12:37:16	Transmitter		INFO	running
17-03-2016 12:37:16	Transmitter		INFO	running
17-03-2016 12:37:16	Transmitter		INFO	running
17-03-2016 12:37:16	Transmitter		INFO	running
17-03-2016 12:37:16	Transmitter		INFO	running
17-03-2016 12:37:16	Transmitter		INFO	running
17-03-2016 12:37:16	Transmitter		INFO	running
17-03-2016 12:37:16	Transmitter		INFO	running
17-03-2016 12:37:16	Transmitter		INFO	running
17-03-2016 12:37:16	Transmitter		INFO	running
17-03-2016 12:37:16	Transmitter		INFO	running
17-03-2016 12:37:16	Transmitter		INFO	running
17-03-2016 12:37:16	Transmitter		INFO	running
17-03-2016 12:37:16	Transmitter		INFO	running
17-03-2016 12:37:16	Transmitter		INFO	running
17-03-2016 12:37:16	Transmitter		INFO	running
17-03-2016 12:37:16	Transmitter		INFO	running
17-03-2016 12:37:16	Transmitter		INFO	running
17-03-2016 12:37:16	Transmitter		INFO	running
17-03-2016 12:37:16	Transmitter		INFO	running
17-03-2016 12:37:16	Transmitter		INFO	running
17-03-2016 12:37:16	Transmitter		INFO	running
17-03-2016 12:37:16	Transmitter		INFO	running
17-03-2016 12:37:16	Transmitter		INFO	running
17-03-2016 12:37:16	Transmitter		INFO	running
17-03-2016 12:37:16	Transmitter		INFO	running
17-03-2016 12:37:16	Transmitter		INFO	running
17-03-2016 12:37:16	Transmitter		INFO	running
17-03-2016 12:37:16	Transmitter		INFO	running
17-03-2016 12:37:17	Transmitter		INFO	running
17-03-2016 12:37:17	Transmitter		INFO	running
17-03-2016 12:37:17	Transmitter		INFO	running
17-03-2016 12:37:17	Transmitter		INFO	running
17-03-2016 12:37:17	Transmitter		INFO	running
17-03-2016 12:37:17	Transmitter		INFO	running
17-03-2016 12:37:17	Transmitter		INFO	running
17-03-2016 12:37:17	Transmitter		INFO	running
17-03-2016 12:37:17	Transmitter		INFO	running
17-03-2016 12:37:17	Transmitter		INFO	running
17-03-2016 12:37:17	Transmitter		INFO	running
17-03-2016 12:37:17	Transmitter		INFO	running
17-03-2016 12:37:17	Transmitter		INFO	running
17-03-2016 12:37:17	Transmitter		INFO	running
17-03-2016 12:37:17	Transmitter		INFO	running
17-03-2016 12:37:17	Transmitter		INFO	running
17-03-2016 12:37:17	Transmitter		INFO	running
17-03-2016 12:37:17	Transmitter		INFO	running
17-03-2016 12:37:17	Transmitter		INFO	running
17-03-2016 12:37:17	Transmitter		INFO	running
17-03-2016 12:37:17	Transmitter		INFO	running
17-03-2016 12:37:17	Transmitter		INFO	running
17-03-2016 12:37:17	Transmitter		INFO	running
17-03-2016 12:37:17	Transmitter		INFO	running
17-03-2016 12:37:17	Transmitter		INFO	running
17-03-2016 12:37:17	Transmitter		INFO	running
17-03-2016 12:37:17	Transmitter		INFO	running
17-03-2016 12:37:17	Transmitter		INFO	running
17-03-2016 12:37:17	Transmitter		INFO	running
17-03-2016 12:37:17	Transmitter		INFO	running
17-03-2016 12:37:17	Transmitter		INFO	running
17-03-2016 12:37:17	Transmitter		INFO	running
17-03-2016 12:37:17	Transmitter		INFO	running
17-03-2016 12:37:17	Transmitter		INFO	running
17-03-2016 12:37:17	Transmitter		INFO	running
17-03-2016 12:37:17	Transmitter		INFO	running
17-03-2016 12:37:17	Transmitter		INFO	running
17-03-2016 12:37:17	Transmitter		INFO	running
17-03-2016 12:37:17	Transmitter		INFO	running
17-03-2016 12:37:17	Transmitter		INFO	running
17-03-2016 12:37:17	Transmitter		INFO	running
17-03-2016 12:37:17	Transmitter		INFO	running
17-03-2016 12:37:17	Transmitter		INFO	running
17-03-2016 12:37:17	Transmitter		INFO	running
17-03-2016 12:37:17	Transmitter		INFO	running
17-03-2016 12:37:17	Transmitter		INFO	running
17-03-2016 12:37:17	CameraInterface		INFO	Read successful
17-03-2016 12:37:17	Transmitter		INFO	running
17-03-2016 12:37:17	Transmitter		INFO	running
17-03-2016 12:37:17	Transmitter		INFO	running
17-03-2016 12:37:17	Transmitter		INFO	running
17-03-2016 12:37:17	Transmitter		INFO	running
17-03-2016 12:37:17	Transmitter		INFO	running
17-03-2016 12:37:17	Transmitter		INFO	running
17-03-2016 12:37:17	Transmitter		INFO	running
17-03-2016 12:37:17	Transmitter		INFO	running
17-03-2016 12:37:17	Transmitter		INFO	running
17-03-2016 12:37:17	Transmitter		INFO	running
17-03-2016 12:37:17	Transmitter		INFO	running
17-03-2016 12:37:17	Transmitter		INFO	running
17-03-2016 12:37:17	Transmitter		INFO	running
17-03-2016 12:37:17	Transmitter		INFO	running
17-03-2016 12:37:17	Transmitter		INFO	running
17-03-2016 12:37:17	Transmitter		INFO	running
17-03-2016 12:37:17	Transmitter		INFO	running
17-03-2016 12:37:17	Transmitter		INFO	running
17-03-2016 12:37:17	Transmitter		INFO	running
17-03-2016 12:37:17	Transmitter		INFO	running
17-03-2016 12:37:17	Transmitter		INFO	running
17-03-2016 12:37:17	Transmitter		INFO	running
17-03-2016 12:37:17	Transmitter		INFO	running
17-03-2016 12:37:17	Transmitter		INFO	running
17-03-2016 12:37:17	Transmitter		INFO	running
17-03-2016 12:37:17	Transmitter		INFO	running
17-03-2016 12:37:17	Transmitter		INFO	running
17-03-2016 12:37:17	Transmitter		INFO	running
17-03-2016 12:37:17	Transmitter		INFO	running
17-03-2016 12:37:17	Transmitter		INFO	running
17-03-2016 12:37:17	Transmitter		INFO	running
17-03-2016 12:37:17	Transmitter		INFO	running
17-03-2016 12:37:17	Transmitter		INFO	running
17-03-2016 12:37:17	Transmitter		INFO	running
17-03-2016 12:37:17	Transmitter		INFO	running
17-03-2016 12:37:18	Transmitter		INFO	running
17-03-2016 12:37:18	Transmitter		INFO	running
17-03-2016 12:37:18	Transmitter		INFO	running
17-03-2016 12:37:18	Transmitter		INFO	running
17-03-2016 12:37:18	Transmitter		INFO	running
17-03-2016 12:37:18	Transmitter		INFO	running
17-03-2016 12:37:18	Transmitter		INFO	running
17-03-2016 12:37:18	Transmitter		INFO	running
17-03-2016 12:37:18	Transmitter		INFO	running
17-03-2016 12:37:18	Transmitter		INFO	running
17-03-2016 12:37:18	Transmitter		INFO	running
17-03-2016 12:37:18	Transmitter		INFO	running
17-03-2016 12:37:18	Transmitter		INFO	running
17-03-2016 12:37:18	Transmitter		INFO	running
17-03-2016 12:37:18	Transmitter		INFO	running
17-03-2016 12:37:18	Transmitter		INFO	running
17-03-2016 12:37:18	Transmitter		INFO	running
17-03-2016 12:37:18	Transmitter		INFO	running
17-03-2016 12:37:18	Transmitter		INFO	running
17-03-2016 12:37:18	Transmitter		INFO	running
17-03-2016 12:37:18	Transmitter		INFO	running
17-03-2016 12:37:18	Transmitter		INFO	running
17-03-2016 12:37:18	Transmitter		INFO	running
17-03-2016 12:37:18	Transmitter		INFO	running
17-03-2016 12:37:18	Transmitter		INFO	running
17-03-2016 12:37:18	Transmitter		INFO	running
17-03-2016 12:37:18	Transmitter		INFO	running
17-03-2016 12:37:18	Transmitter		INFO	running
17-03-2016 12:37:18	Transmitter		INFO	running
17-03-2016 12:37:18	Transmitter		INFO	running
17-03-2016 12:37:18	Transmitter		INFO	running
17-03-2016 12:37:18	Transmitter		INFO	running
17-03-2016 12:37:18	Transmitter		INFO	running
17-03-2016 12:37:18	Transmitter		INFO	running
17-03-2016 12:37:18	Transmitter		INFO	running
17-03-2016 12:37:18	Transmitter		INFO	running
17-03-2016 12:37:18	Transmitter		INFO	running
17-03-2016 12:37:18	Transmitter		INFO	running
17-03-2016 12:37:18	Transmitter		INFO	running
17-03-2016 12:37:18	Transmitter		INFO	running
17-03-2016 12:37:18	Transmitter		INFO	running
17-03-2016 12:37:18	Transmitter		INFO	running
17-03-2016 12:37:18	Transmitter		INFO	running
17-03-2016 12:37:18	Transmitter		INFO	running
17-03-2016 12:37:18	Transmitter		INFO	running
17-03-2016 12:37:18	Transmitter		INFO	running
17-03-2016 12:37:18	Transmitter		INFO	running
17-03-2016 12:37:18	Transmitter		INFO	running
17-03-2016 12:37:18	Transmitter		INFO	running
17-03-2016 12:37:18	Transmitter		INFO	running
17-03-2016 12:37:18	Transmitter		INFO	running
17-03-2016 12:37:18	Transmitter		INFO	running
17-03-2016 12:37:18	Transmitter		INFO	running
17-03-2016 12:37:18	Transmitter		INFO	running
17-03-2016 12:37:18	Transmitter		INFO	running
17-03-2016 12:37:18	Transmitter		INFO	running
17-03-2016 12:37:18	Transmitter		INFO	running
17-03-2016 12:37:18	Transmitter		INFO	running
17-03-2016 12:37:18	Transmitter		INFO	running
17-03-2016 12:37:18	Transmitter		INFO	running
17-03-2016 12:37:18	Transmitter		INFO	running
17-03-2016 12:37:18	Transmitter		INFO	running
17-03-2016 12:37:18	Transmitter		INFO	running
17-03-2016 12:37:18	Transmitter		INFO	running
17-03-2016 12:37:18	Transmitter		INFO	running
17-03-2016 12:37:18	Transmitter		INFO	running
17-03-2016 12:37:18	Transmitter		INFO	running
17-03-2016 12:37:18	Transmitter		INFO	running
17-03-2016 12:37:18	Transmitter		INFO	running
17-03-2016 12:37:18	Transmitter		INFO	running
17-03-2016 12:37:18	Transmitter		INFO	running
17-03-2016 12:37:18	Transmitter		INFO	running
17-03-2016 12:37:18	Transmitter		INFO	running
17-03-2016 12:37:18	Transmitter		INFO	running
17-03-2016 12:37:18	Transmitter		INFO	running
17-03-2016 12:37:18	Transmitter		INFO	running
17-03-2016 12:37:18	Transmitter		INFO	running
17-03-2016 12:37:18	Transmitter		INFO	running
17-03-2016 12:37:18	Transmitter		INFO	running
17-03-2016 12:37:18	Transmitter		INFO	running
17-03-2016 12:37:18	Transmitter		INFO	running
17-03-2016 12:37:18	Transmitter		INFO	running
17-03-2016 12:37:18	Transmitter		INFO	running
17-03-2016 12:37:18	Transmitter		INFO	running
17-03-2016 12:37:18	Transmitter		INFO	running
17-03-2016 12:37:18	Transmitter		INFO	running
17-03-2016 12:37:18	Transmitter		INFO	running
17-03-2016 12:37:18	Transmitter		INFO	running
17-03-2016 12:37:18	Transmitter		INFO	running
17-03-2016 12:37:18	Transmitter		INFO	running
17-03-2016 12:37:18	Transmitter		INFO	running
17-03-2016 12:37:18	Transmitter		INFO	running
17-03-2016 12:37:18	Transmitter		INFO	running
17-03-2016 12:37:18	Transmitter		INFO	running
17-03-2016 12:37:18	Transmitter		INFO	running
17-03-2016 12:37:18	Transmitter		INFO	running
17-03-2016 12:37:18	Transmitter		INFO	running
17-03-2016 12:37:18	Transmitter		INFO	running
17-03-2016 12:37:18	Transmitter		INFO	running
17-03-2016 12:37:18	Transmitter		INFO	running
17-03-2016 12:37:18	Transmitter		INFO	running
17-03-2016 12:37:18	Transmitter		INFO	running
17-03-2016 12:37:18	Transmitter		INFO	running
17-03-2016 12:37:18	Transmitter		INFO	running
17-03-2016 12:37:18	Transmitter		INFO	running
17-03-2016 12:37:19	Transmitter		INFO	running
17-03-2016 12:37:19	Transmitter		INFO	running
17-03-2016 12:37:19	Transmitter		INFO	running
17-03-2016 12:37:19	Transmitter		INFO	running
17-03-2016 12:37:19	Transmitter		INFO	running
17-03-2016 12:37:19	Transmitter		INFO	running
17-03-2016 12:37:19	Transmitter		INFO	running
17-03-2016 12:37:19	Transmitter		INFO	running
17-03-2016 12:37:19	Transmitter		INFO	running
17-03-2016 12:37:19	Transmitter		INFO	running
17-03-2016 12:37:19	Transmitter		INFO	running
17-03-2016 12:37:19	Transmitter		INFO	running
17-03-2016 12:37:19	Transmitter		INFO	running
17-03-2016 12:37:19	Transmitter		INFO	running
17-03-2016 12:37:19	Transmitter		INFO	running
17-03-2016 12:37:19	Transmitter		INFO	running
17-03-2016 12:37:19	Transmitter		INFO	running
17-03-2016 12:37:19	Transmitter		INFO	running
17-03-2016 12:37:19	Transmitter		INFO	running
17-03-2016 12:37:19	Transmitter		INFO	running
17-03-2016 12:37:19	Transmitter		INFO	running
17-03-2016 12:37:19	Transmitter		INFO	running
17-03-2016 12:37:19	Transmitter		INFO	running
17-03-2016 12:37:19	Transmitter		INFO	running
17-03-2016 12:37:19	Transmitter		INFO	running
17-03-2016 12:37:19	Transmitter		INFO	running
17-03-2016 12:37:19	Transmitter		INFO	running
17-03-2016 12:37:19	Transmitter		INFO	running
17-03-2016 12:37:19	Transmitter		INFO	running
17-03-2016 12:37:19	Transmitter		INFO	running
17-03-2016 12:37:19	Transmitter		INFO	running
17-03-2016 12:37:19	Transmitter		INFO	running
17-03-2016 12:37:19	Transmitter		INFO	running
17-03-2016 12:37:19	Transmitter		INFO	running
17-03-2016 12:37:19	Transmitter		INFO	running
17-03-2016 12:37:19	Transmitter		INFO	running
17-03-2016 12:37:19	Transmitter		INFO	running
17-03-2016 12:37:19	Transmitter		INFO	running
17-03-2016 12:37:19	Transmitter		INFO	running
17-03-2016 12:37:19	Transmitter		INFO	running
17-03-2016 12:37:19	Transmitter		INFO	running
17-03-2016 12:37:19	Transmitter		INFO	running
17-03-2016 12:37:19	Transmitter		INFO	running
17-03-2016 12:37:19	Transmitter		INFO	running
17-03-2016 12:37:19	Transmitter		INFO	running
17-03-2016 12:37:19	Transmitter		INFO	running
17-03-2016 12:37:19	Transmitter		INFO	running
17-03-2016 12:37:19	Transmitter		INFO	running
17-03-2016 12:37:19	Transmitter		INFO	running
17-03-2016 12:37:19	Transmitter		INFO	running
17-03-2016 12:37:19	Transmitter		INFO	running
17-03-2016 12:37:19	Transmitter		INFO	running
17-03-2016 12:37:19	Transmitter		INFO	running
17-03-2016 12:37:19	Transmitter		INFO	running
17-03-2016 12:37:19	Transmitter		INFO	running
17-03-2016 12:37:19	Transmitter		INFO	running
17-03-2016 12:37:19	Transmitter		INFO	running
17-03-2016 12:37:19	Transmitter		INFO	running
17-03-2016 12:37:19	Transmitter		INFO	running
17-03-2016 12:37:19	Transmitter		INFO	running
17-03-2016 12:37:19	Transmitter		INFO	running
17-03-2016 12:37:19	Transmitter		INFO	running
17-03-2016 12:37:19	Transmitter		INFO	running
17-03-2016 12:37:19	Transmitter		INFO	running
17-03-2016 12:37:19	Transmitter		INFO	running
17-03-2016 12:37:19	Transmitter		INFO	running
17-03-2016 12:37:19	Transmitter		INFO	running
17-03-2016 12:37:19	Transmitter		INFO	running
17-03-2016 12:37:19	Transmitter		INFO	running
17-03-2016 12:37:19	Transmitter		INFO	running
17-03-2016 12:37:19	Transmitter		INFO	running
17-03-2016 12:37:19	Transmitter		INFO	running
17-03-2016 12:37:19	Transmitter		INFO	running
17-03-2016 12:37:19	Transmitter		INFO	running
17-03-2016 12:37:19	Transmitter		INFO	running
17-03-2016 12:37:19	Transmitter		INFO	running
17-03-2016 12:37:19	Transmitter		INFO	running
17-03-2016 12:37:19	Transmitter		INFO	running
17-03-2016 12:37:19	Transmitter		INFO	running
17-03-2016 12:37:19	Transmitter		INFO	running
17-03-2016 12:37:19	Transmitter		INFO	running
17-03-2016 12:37:19	Transmitter		INFO	running
17-03-2016 12:37:19	Transmitter		INFO	running
17-03-2016 12:37:19	Transmitter		INFO	running
17-03-2016 12:37:19	Transmitter		INFO	running
17-03-2016 12:37:19	Transmitter		INFO	running
17-03-2016 12:37:19	Transmitter		INFO	running
17-03-2016 12:37:19	Transmitter		INFO	running
17-03-2016 12:37:19	Transmitter		INFO	running
17-03-2016 12:37:20	Transmitter		INFO	running
17-03-2016 12:37:20	Transmitter		INFO	running
17-03-2016 12:37:20	Transmitter		INFO	running
17-03-2016 12:37:20	Transmitter		INFO	running
17-03-2016 12:37:20	Transmitter		INFO	running
17-03-2016 12:37:20	Transmitter		INFO	running
17-03-2016 12:37:20	Transmitter		INFO	running
17-03-2016 12:37:20	Transmitter		INFO	running
17-03-2016 12:37:20	Transmitter		INFO	running
17-03-2016 12:37:20	Transmitter		INFO	running
17-03-2016 12:37:20	Transmitter		INFO	running
17-03-2016 12:37:20	Transmitter		INFO	running
17-03-2016 12:37:20	Transmitter		INFO	running
17-03-2016 12:37:20	Transmitter		INFO	running
17-03-2016 12:37:20	Transmitter		INFO	running
17-03-2016 12:37:20	Transmitter		INFO	running
17-03-2016 12:37:20	Transmitter		INFO	running
17-03-2016 12:37:20	Transmitter		INFO	running
17-03-2016 12:37:20	Transmitter		INFO	running
17-03-2016 12:37:20	Transmitter		INFO	running
17-03-2016 12:37:20	Transmitter		INFO	running
17-03-2016 12:37:20	Transmitter		INFO	running
17-03-2016 12:37:20	Transmitter		INFO	running
17-03-2016 12:37:20	Transmitter		INFO	running
17-03-2016 12:37:20	Transmitter		INFO	running
17-03-2016 12:37:20	Transmitter		INFO	running
17-03-2016 12:37:20	Transmitter		INFO	running
17-03-2016 12:37:20	Transmitter		INFO	running
17-03-2016 12:37:20	Transmitter		INFO	running
17-03-2016 12:37:20	Transmitter		INFO	running
17-03-2016 12:37:20	Transmitter		INFO	running
17-03-2016 12:37:20	Transmitter		INFO	running
17-03-2016 12:37:20	Transmitter		INFO	running
17-03-2016 12:37:20	Transmitter		INFO	running
17-03-2016 12:37:20	Transmitter		INFO	running
17-03-2016 12:37:20	Transmitter		INFO	running
17-03-2016 12:37:20	Transmitter		INFO	running
17-03-2016 12:37:20	Transmitter		INFO	running
17-03-2016 12:37:20	Transmitter		INFO	running
17-03-2016 12:37:20	Transmitter		INFO	running
17-03-2016 12:37:20	Transmitter		INFO	running
17-03-2016 12:37:20	Transmitter		INFO	running
17-03-2016 12:37:20	Transmitter		INFO	running
17-03-2016 12:37:20	Transmitter		INFO	running
17-03-2016 12:37:20	Transmitter		INFO	running
17-03-2016 12:37:20	Transmitter		INFO	running
17-03-2016 12:37:20	Transmitter		INFO	running
17-03-2016 12:37:20	Transmitter		INFO	running
17-03-2016 12:37:20	Transmitter		INFO	running
17-03-2016 12:37:20	Transmitter		INFO	running
17-03-2016 12:37:20	Transmitter		INFO	running
17-03-2016 12:37:20	Transmitter		INFO	running
17-03-2016 12:37:20	Transmitter		INFO	running
17-03-2016 12:37:20	Transmitter		INFO	running
17-03-2016 12:37:20	Transmitter		INFO	running
17-03-2016 12:37:20	Transmitter		INFO	running
17-03-2016 12:37:20	Transmitter		INFO	running
17-03-2016 12:37:20	Transmitter		INFO	running
17-03-2016 12:37:20	Transmitter		INFO	running
17-03-2016 12:37:20	Transmitter		INFO	running
17-03-2016 12:37:20	Transmitter		INFO	running
17-03-2016 12:37:20	Transmitter		INFO	running
17-03-2016 12:37:20	Transmitter		INFO	running
17-03-2016 12:37:20	Transmitter		INFO	running
17-03-2016 12:37:20	Transmitter		INFO	running
17-03-2016 12:37:20	Transmitter		INFO	running
17-03-2016 12:37:20	Transmitter		INFO	running
17-03-2016 12:37:20	Transmitter		INFO	running
17-03-2016 12:37:20	Transmitter		INFO	running
17-03-2016 12:37:20	Transmitter		INFO	running
17-03-2016 12:37:20	Transmitter		INFO	running
17-03-2016 12:37:20	Transmitter		INFO	running
17-03-2016 12:37:20	Transmitter		INFO	running
17-03-2016 12:37:20	Transmitter		INFO	running
17-03-2016 12:37:20	Transmitter		INFO	running
17-03-2016 12:37:20	Transmitter		INFO	running
17-03-2016 12:37:20	Transmitter		INFO	running
17-03-2016 12:37:20	Transmitter		INFO	running
17-03-2016 12:37:20	Transmitter		INFO	running
17-03-2016 12:37:20	Transmitter		INFO	running
17-03-2016 12:37:21	Transmitter		INFO	running
17-03-2016 12:37:21	Transmitter		INFO	running
17-03-2016 12:37:21	Transmitter		INFO	running
17-03-2016 12:37:21	Transmitter		INFO	running
17-03-2016 12:37:21	Transmitter		INFO	running
17-03-2016 12:37:21	Transmitter		INFO	running
17-03-2016 12:37:21	Transmitter		INFO	running
17-03-2016 12:37:21	Transmitter		INFO	running
17-03-2016 12:37:21	Transmitter		INFO	running
17-03-2016 12:37:21	Transmitter		INFO	running
17-03-2016 12:37:21	Transmitter		INFO	running
17-03-2016 12:37:21	Transmitter		INFO	running
17-03-2016 12:37:21	Transmitter		INFO	running
17-03-2016 12:37:21	Transmitter		INFO	running
17-03-2016 12:37:21	Transmitter		INFO	running
17-03-2016 12:37:21	Transmitter		INFO	running
17-03-2016 12:37:21	Transmitter		INFO	running
17-03-2016 12:37:21	Transmitter		INFO	running
17-03-2016 12:37:21	Transmitter		INFO	running
17-03-2016 12:37:21	Transmitter		INFO	running
17-03-2016 12:37:21	Transmitter		INFO	running
17-03-2016 12:37:21	Transmitter		INFO	running
17-03-2016 12:37:21	Transmitter		INFO	running
17-03-2016 12:37:21	Transmitter		INFO	running
17-03-2016 12:37:21	Transmitter		INFO	running
17-03-2016 12:37:21	Transmitter		INFO	running
17-03-2016 12:37:21	Transmitter		INFO	running
17-03-2016 12:37:21	Transmitter		INFO	running
17-03-2016 12:37:21	Transmitter		INFO	running
17-03-2016 12:37:21	Transmitter		INFO	running
17-03-2016 12:37:21	Transmitter		INFO	running
17-03-2016 12:37:21	Transmitter		INFO	running
17-03-2016 12:37:21	Transmitter		INFO	running
17-03-2016 12:37:21	Transmitter		INFO	running
17-03-2016 12:37:21	Transmitter		INFO	running
17-03-2016 12:37:21	Transmitter		INFO	running
17-03-2016 12:37:21	Transmitter		INFO	running
17-03-2016 12:37:21	Transmitter		INFO	running
17-03-2016 12:37:21	Transmitter		INFO	running
17-03-2016 12:37:21	Transmitter		INFO	running
17-03-2016 12:37:21	Transmitter		INFO	running
17-03-2016 12:37:21	Transmitter		INFO	running
17-03-2016 12:37:21	Transmitter		INFO	running
17-03-2016 12:37:21	Transmitter		INFO	running
17-03-2016 12:37:21	Transmitter		INFO	running
17-03-2016 12:37:21	Transmitter		INFO	running
17-03-2016 12:37:21	Transmitter		INFO	running
17-03-2016 12:37:21	Transmitter		INFO	running
17-03-2016 12:37:21	Transmitter		INFO	running
17-03-2016 12:37:21	Transmitter		INFO	running
17-03-2016 12:37:21	Transmitter		INFO	running
17-03-2016 12:37:21	Transmitter		INFO	running
17-03-2016 12:37:21	Transmitter		INFO	running
17-03-2016 12:37:21	Transmitter		INFO	running
17-03-2016 12:37:21	Transmitter		INFO	running
17-03-2016 12:37:21	Transmitter		INFO	running
17-03-2016 12:37:21	Transmitter		INFO	running
17-03-2016 12:37:21	Transmitter		INFO	running
17-03-2016 12:37:21	Transmitter		INFO	running
17-03-2016 12:37:21	Transmitter		INFO	running
17-03-2016 12:37:21	Transmitter		INFO	running
17-03-2016 12:37:21	Transmitter		INFO	running
17-03-2016 12:37:21	Transmitter		INFO	running
17-03-2016 12:37:21	Transmitter		INFO	running
17-03-2016 12:37:21	Transmitter		INFO	running
17-03-2016 12:37:21	Transmitter		INFO	running
17-03-2016 12:37:21	Transmitter		INFO	running
17-03-2016 12:37:21	Transmitter		INFO	running
17-03-2016 12:37:21	Transmitter		INFO	running
17-03-2016 12:37:21	Transmitter		INFO	running
17-03-2016 12:37:21	Transmitter		INFO	running
17-03-2016 12:37:21	Transmitter		INFO	running
17-03-2016 12:37:21	Transmitter		INFO	running
17-03-2016 12:37:21	Transmitter		INFO	running
17-03-2016 12:37:21	Transmitter		INFO	running
17-03-2016 12:37:21	Transmitter		INFO	running
17-03-2016 12:37:21	Transmitter		INFO	running
17-03-2016 12:37:21	Transmitter		INFO	running
17-03-2016 12:37:21	Transmitter		INFO	running
17-03-2016 12:37:21	Transmitter		INFO	running
17-03-2016 12:37:21	Transmitter		INFO	running
17-03-2016 12:37:21	Transmitter		INFO	running
17-03-2016 12:37:21	Transmitter		INFO	running
17-03-2016 12:37:21	Transmitter		INFO	running
17-03-2016 12:37:21	Transmitter		INFO	running
17-03-2016 12:37:21	Transmitter		INFO	running
17-03-2016 12:37:21	Transmitter		INFO	running
17-03-2016 12:37:21	Transmitter		INFO	running
17-03-2016 12:37:21	Transmitter		INFO	running
17-03-2016 12:37:21	Transmitter		INFO	running
17-03-2016 12:37:21	Transmitter		INFO	running
17-03-2016 12:37:21	Transmitter		INFO	running
17-03-2016 12:37:21	Transmitter		INFO	running
17-03-2016 12:37:21	Transmitter		INFO	running
17-03-2016 12:37:21	Transmitter		INFO	running
17-03-2016 12:37:21	Transmitter		INFO	running
17-03-2016 12:37:21	Transmitter		INFO	running
17-03-2016 12:37:21	Transmitter		INFO	running
17-03-2016 12:37:21	Transmitter		INFO	running
17-03-2016 12:37:21	Transmitter		INFO	running
17-03-2016 12:37:21	Transmitter		INFO	running
17-03-2016 12:37:21	Transmitter		INFO	running
17-03-2016 12:37:21	Transmitter		INFO	running
17-03-2016 12:37:21	Transmitter		INFO	running
17-03-2016 12:37:21	Transmitter		INFO	running
17-03-2016 12:37:22	Transmitter		INFO	running
17-03-2016 12:37:22	Transmitter		INFO	running
17-03-2016 12:37:22	Transmitter		INFO	running
17-03-2016 12:37:22	Transmitter		INFO	running
17-03-2016 12:37:22	Transmitter		INFO	running
17-03-2016 12:37:22	Transmitter		INFO	running
17-03-2016 12:37:22	Transmitter		INFO	running
17-03-2016 12:37:22	Transmitter		INFO	running
17-03-2016 12:37:22	Transmitter		INFO	running
17-03-2016 12:37:22	Transmitter		INFO	running
17-03-2016 12:37:22	Transmitter		INFO	running
17-03-2016 12:37:22	Transmitter		INFO	running
17-03-2016 12:37:22	Transmitter		INFO	running
17-03-2016 12:37:22	Transmitter		INFO	running
17-03-2016 12:37:22	Transmitter		INFO	running
17-03-2016 12:37:22	Transmitter		INFO	running
17-03-2016 12:37:22	Transmitter		INFO	running
17-03-2016 12:37:22	Transmitter		INFO	running
17-03-2016 12:37:22	Transmitter		INFO	running
17-03-2016 12:37:22	Transmitter		INFO	running
17-03-2016 12:37:22	Transmitter		INFO	running
17-03-2016 12:37:22	Transmitter		INFO	running
17-03-2016 12:37:22	Transmitter		INFO	running
17-03-2016 12:37:22	Transmitter		INFO	running
17-03-2016 12:37:22	Transmitter		INFO	running
17-03-2016 12:37:22	Transmitter		INFO	running
17-03-2016 12:37:22	Transmitter		INFO	running
17-03-2016 12:37:22	Transmitter		INFO	running
17-03-2016 12:37:22	Transmitter		INFO	running
17-03-2016 12:37:22	Transmitter		INFO	running
17-03-2016 12:37:22	Transmitter		INFO	running
17-03-2016 12:37:22	Transmitter		INFO	running
17-03-2016 12:37:22	Transmitter		INFO	running
17-03-2016 12:37:22	Transmitter		INFO	running
17-03-2016 12:37:22	Transmitter		INFO	running
17-03-2016 12:37:22	Transmitter		INFO	running
17-03-2016 12:37:22	Transmitter		INFO	running
17-03-2016 12:37:22	Transmitter		INFO	running
17-03-2016 12:37:22	Transmitter		INFO	running
17-03-2016 12:37:22	Transmitter		INFO	running
17-03-2016 12:37:22	Transmitter		INFO	running
17-03-2016 12:37:22	Transmitter		INFO	running
17-03-2016 12:37:22	Transmitter		INFO	running
17-03-2016 12:37:22	Transmitter		INFO	running
17-03-2016 12:37:22	Transmitter		INFO	running
17-03-2016 12:37:22	Transmitter		INFO	running
17-03-2016 12:37:22	Transmitter		INFO	running
17-03-2016 12:37:22	Transmitter		INFO	running
17-03-2016 12:37:22	Transmitter		INFO	running
17-03-2016 12:37:22	Transmitter		INFO	running
17-03-2016 12:37:22	Transmitter		INFO	running
17-03-2016 12:37:22	Transmitter		INFO	running
17-03-2016 12:37:22	Transmitter		INFO	running
17-03-2016 12:37:22	Transmitter		INFO	running
17-03-2016 12:37:22	Transmitter		INFO	running
17-03-2016 12:37:22	Transmitter		INFO	running
17-03-2016 12:37:22	Transmitter		INFO	running
17-03-2016 12:37:22	Transmitter		INFO	running
17-03-2016 12:37:22	Transmitter		INFO	running
17-03-2016 12:37:22	Transmitter		INFO	running
17-03-2016 12:37:22	Transmitter		INFO	running
17-03-2016 12:37:22	Transmitter		INFO	running
17-03-2016 12:37:22	Transmitter		INFO	running
17-03-2016 12:37:22	Transmitter		INFO	running
17-03-2016 12:37:22	Transmitter		INFO	running
17-03-2016 12:37:22	Transmitter		INFO	running
17-03-2016 12:37:22	Transmitter		INFO	running
17-03-2016 12:37:22	Transmitter		INFO	running
17-03-2016 12:37:22	Transmitter		INFO	running
17-03-2016 12:37:22	Transmitter		INFO	running
17-03-2016 12:37:22	Transmitter		INFO	running
17-03-2016 12:37:22	Transmitter		INFO	running
17-03-2016 12:37:22	Transmitter		INFO	running
17-03-2016 12:37:22	Transmitter		INFO	running
17-03-2016 12:37:22	Transmitter		INFO	running
17-03-2016 12:37:22	Transmitter		INFO	running
17-03-2016 12:37:22	Transmitter		INFO	running
17-03-2016 12:37:22	Transmitter		INFO	running
17-03-2016 12:37:22	Transmitter		INFO	running
17-03-2016 12:37:22	Transmitter		INFO	running
17-03-2016 12:37:22	Transmitter		INFO	running
17-03-2016 12:37:22	Transmitter		INFO	running
17-03-2016 12:37:22	Transmitter		INFO	running
17-03-2016 12:37:22	Transmitter		INFO	running
17-03-2016 12:37:22	Transmitter		INFO	running
17-03-2016 12:37:22	Transmitter		INFO	running
17-03-2016 12:37:22	Transmitter		INFO	running
17-03-2016 12:37:22	Transmitter		INFO	running
17-03-2016 12:37:22	Transmitter		INFO	running
17-03-2016 12:37:22	Transmitter		INFO	running
17-03-2016 12:37:22	Transmitter		INFO	running
17-03-2016 12:37:22	Transmitter		INFO	running
17-03-2016 12:37:22	Transmitter		INFO	running
17-03-2016 12:37:22	Transmitter		INFO	running
17-03-2016 12:37:22	Transmitter		INFO	running
17-03-2016 12:37:23	Transmitter		INFO	running
17-03-2016 12:37:23	Transmitter		INFO	running
17-03-2016 12:37:23	Transmitter		INFO	running
17-03-2016 12:37:23	Transmitter		INFO	running
17-03-2016 12:37:23	Transmitter		INFO	running
17-03-2016 12:37:23	Transmitter		INFO	running
17-03-2016 12:37:23	Transmitter		INFO	running
17-03-2016 12:37:23	Transmitter		INFO	running
17-03-2016 12:37:23	Transmitter		INFO	running
17-03-2016 12:37:23	Transmitter		INFO	running
17-03-2016 12:37:23	Transmitter		INFO	running
17-03-2016 12:37:23	Transmitter		INFO	running
17-03-2016 12:37:23	Transmitter		INFO	running
17-03-2016 12:37:23	Transmitter		INFO	running
17-03-2016 12:37:23	Transmitter		INFO	running
17-03-2016 12:37:23	Transmitter		INFO	running
17-03-2016 12:37:23	Transmitter		INFO	running
17-03-2016 12:37:23	Transmitter		INFO	running
17-03-2016 12:37:23	Transmitter		INFO	running
17-03-2016 12:37:23	Transmitter		INFO	running
17-03-2016 12:37:23	Transmitter		INFO	running
17-03-2016 12:37:23	Transmitter		INFO	running
17-03-2016 12:37:23	Transmitter		INFO	running
17-03-2016 12:37:23	Transmitter		INFO	running
17-03-2016 12:37:23	Transmitter		INFO	running
17-03-2016 12:37:23	Transmitter		INFO	running
17-03-2016 12:37:23	Transmitter		INFO	running
17-03-2016 12:37:23	Transmitter		INFO	running
17-03-2016 12:37:23	Transmitter		INFO	running
17-03-2016 12:37:23	Transmitter		INFO	running
17-03-2016 12:37:23	Transmitter		INFO	running
17-03-2016 12:37:23	Transmitter		INFO	running
17-03-2016 12:37:23	Transmitter		INFO	running
17-03-2016 12:37:23	Transmitter		INFO	running
17-03-2016 12:37:23	Transmitter		INFO	running
17-03-2016 12:37:23	Transmitter		INFO	running
17-03-2016 12:37:23	Transmitter		INFO	running
17-03-2016 12:37:23	Transmitter		INFO	running
17-03-2016 12:37:23	Transmitter		INFO	running
17-03-2016 12:37:23	Transmitter		INFO	running
17-03-2016 12:37:23	Transmitter		INFO	running
17-03-2016 12:37:23	Transmitter		INFO	running
17-03-2016 12:37:23	Transmitter		INFO	running
17-03-2016 12:37:23	Transmitter		INFO	running
17-03-2016 12:37:23	Transmitter		INFO	running
17-03-2016 12:37:23	Transmitter		INFO	running
17-03-2016 12:37:23	Transmitter		INFO	running
17-03-2016 12:37:23	Transmitter		INFO	running
17-03-2016 12:37:23	Transmitter		INFO	running
17-03-2016 12:37:23	Transmitter		INFO	running
17-03-2016 12:37:23	Transmitter		INFO	running
17-03-2016 12:37:23	Transmitter		INFO	running
17-03-2016 12:37:23	Transmitter		INFO	running
17-03-2016 12:37:23	Transmitter		INFO	running
17-03-2016 12:37:23	Transmitter		INFO	running
17-03-2016 12:37:23	Transmitter		INFO	running
17-03-2016 12:37:23	Transmitter		INFO	running
17-03-2016 12:37:23	Transmitter		INFO	running
17-03-2016 12:37:23	Transmitter		INFO	running
17-03-2016 12:37:23	Transmitter		INFO	running
17-03-2016 12:37:23	Transmitter		INFO	running
17-03-2016 12:37:23	Transmitter		INFO	running
17-03-2016 12:37:23	Transmitter		INFO	running
17-03-2016 12:37:23	Transmitter		INFO	running
17-03-2016 12:37:23	Transmitter		INFO	running
17-03-2016 12:37:23	Transmitter		INFO	running
17-03-2016 12:37:23	Transmitter		INFO	running
17-03-2016 12:37:23	Transmitter		INFO	running
17-03-2016 12:37:23	Transmitter		INFO	running
17-03-2016 12:37:23	Transmitter		INFO	running
17-03-2016 12:37:23	Transmitter		INFO	running
17-03-2016 12:37:23	Transmitter		INFO	running
17-03-2016 12:37:23	Transmitter		INFO	running
17-03-2016 12:37:23	Transmitter		INFO	running
17-03-2016 12:37:23	Transmitter		INFO	running
17-03-2016 12:37:23	Transmitter		INFO	running
17-03-2016 12:37:24	Transmitter		INFO	running
17-03-2016 12:37:24	Transmitter		INFO	running
17-03-2016 12:37:24	Transmitter		INFO	running
17-03-2016 12:37:24	Transmitter		INFO	running
17-03-2016 12:37:24	Transmitter		INFO	running
17-03-2016 12:37:24	Transmitter		INFO	running
17-03-2016 12:37:24	Transmitter		INFO	running
17-03-2016 12:37:24	Transmitter		INFO	running
17-03-2016 12:37:24	Transmitter		INFO	running
17-03-2016 12:37:24	Transmitter		INFO	running
17-03-2016 12:37:24	Transmitter		INFO	running
17-03-2016 12:37:24	Transmitter		INFO	running
17-03-2016 12:37:24	Transmitter		INFO	running
17-03-2016 12:37:24	Transmitter		INFO	running
17-03-2016 12:37:24	Transmitter		INFO	running
17-03-2016 12:37:24	Transmitter		INFO	running
17-03-2016 12:37:24	Transmitter		INFO	running
17-03-2016 12:37:24	Transmitter		INFO	running
17-03-2016 12:37:24	Transmitter		INFO	running
17-03-2016 12:37:24	Transmitter		INFO	running
17-03-2016 12:37:24	Transmitter		INFO	running
17-03-2016 12:37:24	Transmitter		INFO	running
17-03-2016 12:37:24	Transmitter		INFO	running
17-03-2016 12:37:24	Transmitter		INFO	running
17-03-2016 12:37:24	Transmitter		INFO	running
17-03-2016 12:37:24	Transmitter		INFO	running
17-03-2016 12:37:24	Transmitter		INFO	running
17-03-2016 12:37:24	Transmitter		INFO	running
17-03-2016 12:37:24	Transmitter		INFO	running
17-03-2016 12:37:24	Transmitter		INFO	running
17-03-2016 12:37:24	Transmitter		INFO	running
17-03-2016 12:37:24	Transmitter		INFO	running
17-03-2016 12:37:24	Transmitter		INFO	running
17-03-2016 12:37:24	Transmitter		INFO	running
17-03-2016 12:37:24	Transmitter		INFO	running
17-03-2016 12:37:24	Transmitter		INFO	running
17-03-2016 12:37:24	Transmitter		INFO	running
17-03-2016 12:37:24	Transmitter		INFO	running
17-03-2016 12:37:24	Transmitter		INFO	running
17-03-2016 12:37:24	Transmitter		INFO	running
17-03-2016 12:37:24	Transmitter		INFO	running
17-03-2016 12:37:24	Transmitter		INFO	running
17-03-2016 12:37:24	Transmitter		INFO	running
17-03-2016 12:37:24	Transmitter		INFO	running
17-03-2016 12:37:24	Transmitter		INFO	running
17-03-2016 12:37:24	Transmitter		INFO	running
17-03-2016 12:37:24	Transmitter		INFO	running
17-03-2016 12:37:24	Transmitter		INFO	running
17-03-2016 12:37:24	Transmitter		INFO	running
17-03-2016 12:37:24	Transmitter		INFO	running
17-03-2016 12:37:24	Transmitter		INFO	running
17-03-2016 12:37:24	Transmitter		INFO	running
17-03-2016 12:37:24	Transmitter		INFO	running
17-03-2016 12:37:24	Transmitter		INFO	running
17-03-2016 12:37:24	Transmitter		INFO	running
17-03-2016 12:37:24	Transmitter		INFO	running
17-03-2016 12:37:24	Transmitter		INFO	running
17-03-2016 12:37:24	Transmitter		INFO	running
17-03-2016 12:37:24	Transmitter		INFO	running
17-03-2016 12:37:24	Transmitter		INFO	running
17-03-2016 12:37:24	Transmitter		INFO	running
17-03-2016 12:37:24	Transmitter		INFO	running
17-03-2016 12:37:24	Transmitter		INFO	running
17-03-2016 12:37:24	Transmitter		INFO	running
17-03-2016 12:37:24	Transmitter		INFO	running
17-03-2016 12:37:24	Transmitter		INFO	running
17-03-2016 12:37:24	Transmitter		INFO	running
17-03-2016 12:37:24	Transmitter		INFO	running
17-03-2016 12:37:24	Transmitter		INFO	running
17-03-2016 12:37:24	Transmitter		INFO	running
17-03-2016 12:37:24	Transmitter		INFO	running
17-03-2016 12:37:24	Transmitter		INFO	running
17-03-2016 12:37:24	Transmitter		INFO	running
17-03-2016 12:37:24	Transmitter		INFO	running
17-03-2016 12:37:24	Transmitter		INFO	running
17-03-2016 12:37:24	Transmitter		INFO	running
17-03-2016 12:37:24	Transmitter		INFO	running
17-03-2016 12:37:24	Transmitter		INFO	running
17-03-2016 12:37:24	Transmitter		INFO	running
17-03-2016 12:37:24	Transmitter		INFO	running
17-03-2016 12:37:24	Transmitter		INFO	running
17-03-2016 12:37:24	Transmitter		INFO	running
17-03-2016 12:37:25	Transmitter		INFO	running
17-03-2016 12:37:25	Transmitter		INFO	running
17-03-2016 12:37:25	Transmitter		INFO	running
17-03-2016 12:37:25	Transmitter		INFO	running
17-03-2016 12:37:25	Transmitter		INFO	running
17-03-2016 12:37:25	Transmitter		INFO	running
17-03-2016 12:37:25	Transmitter		INFO	running
17-03-2016 12:37:25	Transmitter		INFO	running
17-03-2016 12:37:25	Transmitter		INFO	running
17-03-2016 12:37:25	Transmitter		INFO	running
17-03-2016 12:37:25	Transmitter		INFO	running
17-03-2016 12:37:25	Transmitter		INFO	running
17-03-2016 12:37:25	Transmitter		INFO	running
17-03-2016 12:37:25	Transmitter		INFO	running
17-03-2016 12:37:25	Transmitter		INFO	running
17-03-2016 12:37:25	Transmitter		INFO	running
17-03-2016 12:37:25	Transmitter		INFO	running
17-03-2016 12:37:25	Transmitter		INFO	running
17-03-2016 12:37:25	Transmitter		INFO	running
17-03-2016 12:37:25	Transmitter		INFO	running
17-03-2016 12:37:25	Transmitter		INFO	running
17-03-2016 12:37:25	Transmitter		INFO	running
17-03-2016 12:37:25	Transmitter		INFO	running
17-03-2016 12:37:25	Transmitter		INFO	running
17-03-2016 12:37:25	Transmitter		INFO	running
17-03-2016 12:37:25	Transmitter		INFO	running
17-03-2016 12:37:25	Transmitter		INFO	running
17-03-2016 12:37:25	Transmitter		INFO	running
17-03-2016 12:37:25	Transmitter		INFO	running
17-03-2016 12:37:25	Transmitter		INFO	running
17-03-2016 12:37:25	Transmitter		INFO	running
17-03-2016 12:37:25	Transmitter		INFO	running
17-03-2016 12:37:25	Transmitter		INFO	running
17-03-2016 12:37:25	Transmitter		INFO	running
17-03-2016 12:37:25	Transmitter		INFO	running
17-03-2016 12:37:25	Transmitter		INFO	running
17-03-2016 12:37:25	Transmitter		INFO	running
17-03-2016 12:37:25	Transmitter		INFO	running
17-03-2016 12:37:25	Transmitter		INFO	running
17-03-2016 12:37:25	Transmitter		INFO	running
17-03-2016 12:37:25	Transmitter		INFO	running
17-03-2016 12:37:25	Transmitter		INFO	running
17-03-2016 12:37:25	Transmitter		INFO	running
17-03-2016 12:37:25	Transmitter		INFO	running
17-03-2016 12:37:25	Transmitter		INFO	running
17-03-2016 12:37:25	Transmitter		INFO	running
17-03-2016 12:37:25	Transmitter		INFO	running
17-03-2016 12:37:25	Transmitter		INFO	running
17-03-2016 12:37:25	Transmitter		INFO	running
17-03-2016 12:37:25	Transmitter		INFO	running
17-03-2016 12:37:25	Transmitter		INFO	running
17-03-2016 12:37:25	Transmitter		INFO	running
17-03-2016 12:37:25	Transmitter		INFO	running
17-03-2016 12:37:25	Transmitter		INFO	running
17-03-2016 12:37:25	Transmitter		INFO	running
17-03-2016 12:37:25	Transmitter		INFO	running
17-03-2016 12:37:25	Transmitter		INFO	running
17-03-2016 12:37:25	Transmitter		INFO	running
17-03-2016 12:37:25	Transmitter		INFO	running
17-03-2016 12:37:25	Transmitter		INFO	running
17-03-2016 12:37:25	Transmitter		INFO	running
17-03-2016 12:37:25	Transmitter		INFO	running
17-03-2016 12:37:25	Transmitter		INFO	running
17-03-2016 12:37:25	Transmitter		INFO	running
17-03-2016 12:37:25	Transmitter		INFO	running
17-03-2016 12:37:25	Transmitter		INFO	running
17-03-2016 12:37:25	Transmitter		INFO	running
17-03-2016 12:37:25	Transmitter		INFO	running
17-03-2016 12:37:25	Transmitter		INFO	running
17-03-2016 12:37:25	Transmitter		INFO	running
17-03-2016 12:37:25	Transmitter		INFO	running
17-03-2016 12:37:25	Transmitter		INFO	running
17-03-2016 12:37:25	Transmitter		INFO	running
17-03-2016 12:37:25	Transmitter		INFO	running
17-03-2016 12:37:25	Transmitter		INFO	running
17-03-2016 12:37:25	Transmitter		INFO	running
17-03-2016 12:37:25	Transmitter		INFO	running
17-03-2016 12:37:25	Transmitter		INFO	running
17-03-2016 12:37:25	Transmitter		INFO	running
17-03-2016 12:37:25	Transmitter		INFO	running
17-03-2016 12:37:25	Transmitter		INFO	running
17-03-2016 12:37:25	Transmitter		INFO	running
17-03-2016 12:37:25	Controller		INFO	sending to transmitter
17-03-2016 12:37:25	Transmitter		INFO	pushing into buff
17-03-2016 12:37:25	Transmitter		INFO	running
17-03-2016 12:37:25	Transmitter		INFO	getting from buffer
17-03-2016 12:37:29	Transmitter		INFO	sending string: 9907
17-03-2016 12:37:29	Transmitter		INFO	running
17-03-2016 12:37:29	Transmitter		INFO	running
17-03-2016 12:37:29	Transmitter		INFO	running
17-03-2016 12:37:29	Transmitter		INFO	running
17-03-2016 12:37:29	Transmitter		INFO	running
17-03-2016 12:37:29	Transmitter		INFO	running
17-03-2016 12:37:29	Transmitter		INFO	running
17-03-2016 12:37:29	Transmitter		INFO	running
17-03-2016 12:37:29	Transmitter		INFO	running
17-03-2016 12:37:29	Transmitter		INFO	running
17-03-2016 12:37:29	Transmitter		INFO	running
17-03-2016 12:37:29	Transmitter		INFO	running
17-03-2016 12:37:29	Transmitter		INFO	running
17-03-2016 12:37:29	Transmitter		INFO	running
17-03-2016 12:37:29	Transmitter		INFO	running
17-03-2016 12:37:29	Transmitter		INFO	running
17-03-2016 12:37:29	Transmitter		INFO	running
17-03-2016 12:37:29	Transmitter		INFO	running
17-03-2016 12:37:29	Transmitter		INFO	running
17-03-2016 12:37:29	Transmitter		INFO	running
17-03-2016 12:37:29	Transmitter		INFO	running
17-03-2016 12:37:29	Transmitter		INFO	running
17-03-2016 12:37:29	Transmitter		INFO	running
17-03-2016 12:37:29	Transmitter		INFO	running
17-03-2016 12:37:29	Transmitter		INFO	running
17-03-2016 12:37:29	Transmitter		INFO	running
17-03-2016 12:37:29	Transmitter		INFO	running
17-03-2016 12:37:29	Transmitter		INFO	running
17-03-2016 12:37:29	Transmitter		INFO	running
17-03-2016 12:37:29	Transmitter		INFO	running
17-03-2016 12:37:29	Transmitter		INFO	running
17-03-2016 12:37:29	Transmitter		INFO	running
17-03-2016 12:37:29	Transmitter		INFO	running
17-03-2016 12:37:29	Transmitter		INFO	running
17-03-2016 12:37:29	Transmitter		INFO	running
17-03-2016 12:37:29	Transmitter		INFO	running
17-03-2016 12:37:29	Transmitter		INFO	running
17-03-2016 12:37:29	Transmitter		INFO	running
17-03-2016 12:37:29	Transmitter		INFO	running
17-03-2016 12:37:29	Transmitter		INFO	running
17-03-2016 12:37:29	Transmitter		INFO	running
17-03-2016 12:37:29	Transmitter		INFO	running
17-03-2016 12:37:29	Transmitter		INFO	running
17-03-2016 12:37:29	Transmitter		INFO	running
17-03-2016 12:37:29	Transmitter		INFO	running
17-03-2016 12:37:29	Transmitter		INFO	running
17-03-2016 12:37:29	Transmitter		INFO	running
17-03-2016 12:37:29	Transmitter		INFO	running
17-03-2016 12:37:29	Transmitter		INFO	running
17-03-2016 12:37:29	Transmitter		INFO	running
17-03-2016 12:37:29	Transmitter		INFO	running
17-03-2016 12:37:29	Transmitter		INFO	running
17-03-2016 12:37:29	Transmitter		INFO	running
17-03-2016 12:37:29	Transmitter		INFO	running
17-03-2016 12:37:29	Transmitter		INFO	running
17-03-2016 12:37:29	Transmitter		INFO	running
17-03-2016 12:37:29	Transmitter		INFO	running
17-03-2016 12:37:29	Transmitter		INFO	running
17-03-2016 12:37:29	Transmitter		INFO	running
17-03-2016 12:37:29	Transmitter		INFO	running
17-03-2016 12:37:29	Transmitter		INFO	running
17-03-2016 12:37:29	Transmitter		INFO	running
17-03-2016 12:37:29	Transmitter		INFO	running
17-03-2016 12:37:29	Transmitter		INFO	running
17-03-2016 12:37:29	Transmitter		INFO	running
17-03-2016 12:37:29	Transmitter		INFO	running
17-03-2016 12:37:29	Transmitter		INFO	running
17-03-2016 12:37:29	Transmitter		INFO	running
17-03-2016 12:37:29	Transmitter		INFO	running
17-03-2016 12:37:29	Transmitter		INFO	running
17-03-2016 12:37:29	Transmitter		INFO	running
17-03-2016 12:37:29	Transmitter		INFO	running
17-03-2016 12:37:29	Transmitter		INFO	running
17-03-2016 12:37:29	Transmitter		INFO	running
17-03-2016 12:37:29	Transmitter		INFO	running
17-03-2016 12:37:29	Transmitter		INFO	running
17-03-2016 12:37:29	Transmitter		INFO	running
17-03-2016 12:37:29	Transmitter		INFO	running
17-03-2016 12:37:29	Transmitter		INFO	running
17-03-2016 12:37:29	Transmitter		INFO	running
17-03-2016 12:37:29	Transmitter		INFO	running
17-03-2016 12:37:29	Transmitter		INFO	running
17-03-2016 12:37:29	Transmitter		INFO	running
17-03-2016 12:37:29	Transmitter		INFO	running
17-03-2016 12:37:29	Transmitter		INFO	running
17-03-2016 12:37:29	Transmitter		INFO	running
17-03-2016 12:37:29	Transmitter		INFO	running
17-03-2016 12:37:29	Transmitter		INFO	running
17-03-2016 12:37:29	Transmitter		INFO	running
17-03-2016 12:37:29	Transmitter		INFO	running
17-03-2016 12:37:29	Transmitter		INFO	running
17-03-2016 12:37:29	Transmitter		INFO	running
17-03-2016 12:37:29	Transmitter		INFO	running
17-03-2016 12:37:29	Transmitter		INFO	running
17-03-2016 12:37:29	Transmitter		INFO	running
17-03-2016 12:37:29	Transmitter		INFO	running
17-03-2016 12:37:29	Transmitter		INFO	running
17-03-2016 12:37:29	Transmitter		INFO	running
17-03-2016 12:37:29	Transmitter		INFO	running
17-03-2016 12:37:29	Transmitter		INFO	running
17-03-2016 12:37:29	Transmitter		INFO	running
17-03-2016 12:37:29	Transmitter		INFO	running
17-03-2016 12:37:30	Transmitter		INFO	running
17-03-2016 12:37:30	Transmitter		INFO	running
17-03-2016 12:37:30	Transmitter		INFO	running
17-03-2016 12:37:30	Transmitter		INFO	running
17-03-2016 12:37:30	Transmitter		INFO	running
17-03-2016 12:37:30	Transmitter		INFO	running
17-03-2016 12:37:30	Transmitter		INFO	running
17-03-2016 12:37:30	Transmitter		INFO	running
17-03-2016 12:37:30	Transmitter		INFO	running
17-03-2016 12:37:30	Transmitter		INFO	running
17-03-2016 12:37:30	Transmitter		INFO	running
17-03-2016 12:37:30	Transmitter		INFO	running
17-03-2016 12:37:30	Transmitter		INFO	running
17-03-2016 12:37:30	Transmitter		INFO	running
17-03-2016 12:37:30	Transmitter		INFO	running
17-03-2016 12:37:30	Transmitter		INFO	running
17-03-2016 12:37:30	Transmitter		INFO	running
17-03-2016 12:37:30	Transmitter		INFO	running
17-03-2016 12:37:30	Transmitter		INFO	running
17-03-2016 12:37:30	Transmitter		INFO	running
17-03-2016 12:37:30	Transmitter		INFO	running
17-03-2016 12:37:30	Transmitter		INFO	running
17-03-2016 12:37:30	Transmitter		INFO	running
17-03-2016 12:37:30	Transmitter		INFO	running
17-03-2016 12:37:30	Transmitter		INFO	running
17-03-2016 12:37:30	Transmitter		INFO	running
17-03-2016 12:37:30	Transmitter		INFO	running
17-03-2016 12:37:30	Transmitter		INFO	running
17-03-2016 12:37:30	Transmitter		INFO	running
17-03-2016 12:37:30	Transmitter		INFO	running
17-03-2016 12:37:30	Transmitter		INFO	running
17-03-2016 12:37:30	Transmitter		INFO	running
17-03-2016 12:37:30	Transmitter		INFO	running
17-03-2016 12:37:30	Transmitter		INFO	running
17-03-2016 12:37:30	Transmitter		INFO	running
17-03-2016 12:37:30	Transmitter		INFO	running
17-03-2016 12:37:30	Transmitter		INFO	running
17-03-2016 12:37:30	Transmitter		INFO	running
17-03-2016 12:37:30	Transmitter		INFO	running
17-03-2016 12:37:30	Transmitter		INFO	running
17-03-2016 12:37:30	Transmitter		INFO	running
17-03-2016 12:37:30	Transmitter		INFO	running
17-03-2016 12:37:30	Transmitter		INFO	running
17-03-2016 12:37:30	Transmitter		INFO	running
17-03-2016 12:37:30	Transmitter		INFO	running
17-03-2016 12:37:30	Transmitter		INFO	running
17-03-2016 12:37:30	Transmitter		INFO	running
17-03-2016 12:37:30	Transmitter		INFO	running
17-03-2016 12:37:30	Transmitter		INFO	running
17-03-2016 12:37:30	Transmitter		INFO	running
17-03-2016 12:37:30	Transmitter		INFO	running
17-03-2016 12:37:30	Transmitter		INFO	running
17-03-2016 12:37:30	Transmitter		INFO	running
17-03-2016 12:37:30	Transmitter		INFO	running
17-03-2016 12:37:30	Transmitter		INFO	running
17-03-2016 12:37:30	Transmitter		INFO	running
17-03-2016 12:37:30	Transmitter		INFO	running
17-03-2016 12:37:30	Transmitter		INFO	running
17-03-2016 12:37:30	Transmitter		INFO	running
17-03-2016 12:37:30	Transmitter		INFO	running
17-03-2016 12:37:30	Transmitter		INFO	running
17-03-2016 12:37:30	Transmitter		INFO	running
17-03-2016 12:37:30	Transmitter		INFO	running
17-03-2016 12:37:30	Transmitter		INFO	running
17-03-2016 12:37:30	Transmitter		INFO	running
17-03-2016 12:37:30	Transmitter		INFO	running
17-03-2016 12:37:30	Transmitter		INFO	running
17-03-2016 12:37:30	Transmitter		INFO	running
17-03-2016 12:37:30	Transmitter		INFO	running
17-03-2016 12:37:30	Transmitter		INFO	running
17-03-2016 12:37:30	Transmitter		INFO	running
17-03-2016 12:37:30	Transmitter		INFO	running
17-03-2016 12:37:30	Transmitter		INFO	running
17-03-2016 12:37:30	Transmitter		INFO	running
17-03-2016 12:37:30	Transmitter		INFO	running
17-03-2016 12:37:30	Transmitter		INFO	running
17-03-2016 12:37:30	Transmitter		INFO	running
17-03-2016 12:37:30	Transmitter		INFO	running
17-03-2016 12:37:30	Transmitter		INFO	running
17-03-2016 12:37:30	Transmitter		INFO	running
17-03-2016 12:37:30	Transmitter		INFO	running
17-03-2016 12:37:30	Transmitter		INFO	running
17-03-2016 12:37:30	Transmitter		INFO	running
17-03-2016 12:37:30	Transmitter		INFO	running
17-03-2016 12:37:30	Transmitter		INFO	running
17-03-2016 12:37:30	Transmitter		INFO	running
17-03-2016 12:37:30	Transmitter		INFO	running
17-03-2016 12:37:30	Transmitter		INFO	running
17-03-2016 12:37:30	Transmitter		INFO	running
17-03-2016 12:37:30	Transmitter		INFO	running
17-03-2016 12:37:30	Transmitter		INFO	running
17-03-2016 12:37:30	DataProcessor		INFO	polling
17-03-2016 12:37:30	Transmitter		INFO	running
17-03-2016 12:37:30	Transmitter		INFO	running
17-03-2016 12:37:30	Transmitter		INFO	running
17-03-2016 12:37:30	Transmitter		INFO	running
17-03-2016 12:37:31	Transmitter		INFO	running
17-03-2016 12:37:31	Transmitter		INFO	running
17-03-2016 12:37:31	Transmitter		INFO	running
17-03-2016 12:37:31	Transmitter		INFO	running
17-03-2016 12:37:31	Transmitter		INFO	running
17-03-2016 12:37:31	Transmitter		INFO	running
17-03-2016 12:37:31	Transmitter		INFO	running
17-03-2016 12:37:31	Transmitter		INFO	running
17-03-2016 12:37:31	Transmitter		INFO	running
17-03-2016 12:37:31	Transmitter		INFO	running
17-03-2016 12:37:31	Transmitter		INFO	running
17-03-2016 12:37:31	Transmitter		INFO	running
17-03-2016 12:37:31	Transmitter		INFO	running
17-03-2016 12:37:31	Transmitter		INFO	running
17-03-2016 12:37:31	Transmitter		INFO	running
17-03-2016 12:37:31	Transmitter		INFO	running
17-03-2016 12:37:31	Transmitter		INFO	running
17-03-2016 12:37:31	Transmitter		INFO	running
17-03-2016 12:37:31	Transmitter		INFO	running
17-03-2016 12:37:31	Transmitter		INFO	running
17-03-2016 12:37:31	Transmitter		INFO	running
17-03-2016 12:37:31	Transmitter		INFO	running
17-03-2016 12:37:31	Transmitter		INFO	running
17-03-2016 12:37:31	Transmitter		INFO	running
17-03-2016 12:37:31	Transmitter		INFO	running
17-03-2016 12:37:31	Transmitter		INFO	running
17-03-2016 12:37:31	Transmitter		INFO	running
17-03-2016 12:37:31	Transmitter		INFO	running
17-03-2016 12:37:31	Transmitter		INFO	running
17-03-2016 12:37:31	Transmitter		INFO	running
17-03-2016 12:37:31	Transmitter		INFO	running
17-03-2016 12:37:31	Transmitter		INFO	running
17-03-2016 12:37:31	Transmitter		INFO	running
17-03-2016 12:37:31	Transmitter		INFO	running
17-03-2016 12:37:31	Transmitter		INFO	running
17-03-2016 12:37:31	CameraInterface		INFO	Read successful
17-03-2016 12:37:31	Transmitter		INFO	running
17-03-2016 12:37:31	Transmitter		INFO	running
17-03-2016 12:37:31	Transmitter		INFO	running
17-03-2016 12:37:31	Transmitter		INFO	running
17-03-2016 12:37:31	Transmitter		INFO	running
17-03-2016 12:37:31	Transmitter		INFO	running
17-03-2016 12:37:31	Transmitter		INFO	running
17-03-2016 12:37:31	Transmitter		INFO	running
17-03-2016 12:37:31	Transmitter		INFO	running
17-03-2016 12:37:31	Transmitter		INFO	running
17-03-2016 12:37:31	Transmitter		INFO	running
17-03-2016 12:37:31	Transmitter		INFO	running
17-03-2016 12:37:31	Transmitter		INFO	running
17-03-2016 12:37:31	Transmitter		INFO	running
17-03-2016 12:37:31	Transmitter		INFO	running
17-03-2016 12:37:31	Transmitter		INFO	running
17-03-2016 12:37:31	Transmitter		INFO	running
17-03-2016 12:37:31	Transmitter		INFO	running
17-03-2016 12:37:31	Transmitter		INFO	running
17-03-2016 12:37:31	Transmitter		INFO	running
17-03-2016 12:37:31	Transmitter		INFO	running
17-03-2016 12:37:31	Transmitter		INFO	running
17-03-2016 12:37:31	Transmitter		INFO	running
17-03-2016 12:37:31	Transmitter		INFO	running
17-03-2016 12:37:31	Transmitter		INFO	running
17-03-2016 12:37:31	Transmitter		INFO	running
17-03-2016 12:37:31	Transmitter		INFO	running
17-03-2016 12:37:31	Transmitter		INFO	running
17-03-2016 12:37:31	Transmitter		INFO	running
17-03-2016 12:37:31	Transmitter		INFO	running
17-03-2016 12:37:31	Transmitter		INFO	running
17-03-2016 12:37:31	Transmitter		INFO	running
17-03-2016 12:37:31	Transmitter		INFO	running
17-03-2016 12:37:31	Transmitter		INFO	running
17-03-2016 12:37:31	Transmitter		INFO	running
17-03-2016 12:37:31	Transmitter		INFO	running
17-03-2016 12:37:31	Transmitter		INFO	running
17-03-2016 12:37:31	Transmitter		INFO	running
17-03-2016 12:37:31	Transmitter		INFO	running
17-03-2016 12:37:31	Transmitter		INFO	running
17-03-2016 12:37:31	Transmitter		INFO	running
17-03-2016 12:37:31	Transmitter		INFO	running
17-03-2016 12:37:31	Transmitter		INFO	running
17-03-2016 12:37:31	Transmitter		INFO	running
17-03-2016 12:37:31	Transmitter		INFO	running
17-03-2016 12:37:31	Transmitter		INFO	running
17-03-2016 12:37:31	Transmitter		INFO	running
17-03-2016 12:37:31	Transmitter		INFO	running
17-03-2016 12:37:31	Transmitter		INFO	running
17-03-2016 12:37:31	Transmitter		INFO	running
17-03-2016 12:37:31	Transmitter		INFO	running
17-03-2016 12:37:31	Transmitter		INFO	running
17-03-2016 12:37:31	Transmitter		INFO	running
17-03-2016 12:37:31	Transmitter		INFO	running
17-03-2016 12:37:31	Transmitter		INFO	running
17-03-2016 12:37:31	Transmitter		INFO	running
17-03-2016 12:37:31	Transmitter		INFO	running
17-03-2016 12:37:31	Transmitter		INFO	running
17-03-2016 12:37:31	Transmitter		INFO	running
17-03-2016 12:37:31	Transmitter		INFO	running
17-03-2016 12:37:31	Transmitter		INFO	running
17-03-2016 12:37:31	Transmitter		INFO	running
17-03-2016 12:37:31	Transmitter		INFO	running
17-03-2016 12:37:31	Transmitter		INFO	running
17-03-2016 12:37:31	Transmitter		INFO	running
17-03-2016 12:37:31	Transmitter		INFO	running
17-03-2016 12:37:31	Transmitter		INFO	running
17-03-2016 12:37:31	Transmitter		INFO	running
17-03-2016 12:37:31	Transmitter		INFO	running
17-03-2016 12:37:31	Transmitter		INFO	running
17-03-2016 12:37:31	Transmitter		INFO	running
17-03-2016 12:37:31	Transmitter		INFO	running
17-03-2016 12:37:31	Transmitter		INFO	running
17-03-2016 12:37:31	Transmitter		INFO	running
17-03-2016 12:37:31	Transmitter		INFO	running
17-03-2016 12:37:32	Transmitter		INFO	running
17-03-2016 12:37:32	Transmitter		INFO	running
17-03-2016 12:37:32	Transmitter		INFO	running
17-03-2016 12:37:32	Transmitter		INFO	running
17-03-2016 12:37:32	Transmitter		INFO	running
17-03-2016 12:37:32	Transmitter		INFO	running
17-03-2016 12:37:32	Transmitter		INFO	running
17-03-2016 12:37:32	Transmitter		INFO	running
17-03-2016 12:37:32	Transmitter		INFO	running
17-03-2016 12:37:32	Transmitter		INFO	running
17-03-2016 12:37:32	Transmitter		INFO	running
17-03-2016 12:37:32	Transmitter		INFO	running
17-03-2016 12:37:32	Transmitter		INFO	running
17-03-2016 12:37:32	Transmitter		INFO	running
17-03-2016 12:37:32	Transmitter		INFO	running
17-03-2016 12:37:32	Transmitter		INFO	running
17-03-2016 12:37:32	Transmitter		INFO	running
17-03-2016 12:37:32	Transmitter		INFO	running
17-03-2016 12:37:32	Transmitter		INFO	running
17-03-2016 12:37:32	Transmitter		INFO	running
17-03-2016 12:37:32	Transmitter		INFO	running
17-03-2016 12:37:32	Transmitter		INFO	running
17-03-2016 12:37:32	Transmitter		INFO	running
17-03-2016 12:37:32	Transmitter		INFO	running
17-03-2016 12:37:32	Transmitter		INFO	running
17-03-2016 12:37:32	Transmitter		INFO	running
17-03-2016 12:37:32	Transmitter		INFO	running
17-03-2016 12:37:32	Transmitter		INFO	running
17-03-2016 12:37:32	Transmitter		INFO	running
17-03-2016 12:37:32	Transmitter		INFO	running
17-03-2016 12:37:32	Transmitter		INFO	running
17-03-2016 12:37:32	Transmitter		INFO	running
17-03-2016 12:37:32	Transmitter		INFO	running
17-03-2016 12:37:32	Transmitter		INFO	running
17-03-2016 12:37:32	Transmitter		INFO	running
17-03-2016 12:37:32	Transmitter		INFO	running
17-03-2016 12:37:32	Transmitter		INFO	running
17-03-2016 12:37:32	Transmitter		INFO	running
17-03-2016 12:37:32	Transmitter		INFO	running
17-03-2016 12:37:32	Transmitter		INFO	running
17-03-2016 12:37:32	Transmitter		INFO	running
17-03-2016 12:37:32	Transmitter		INFO	running
17-03-2016 12:37:32	Transmitter		INFO	running
17-03-2016 12:37:32	Transmitter		INFO	running
17-03-2016 12:37:32	Transmitter		INFO	running
17-03-2016 12:37:32	Transmitter		INFO	running
17-03-2016 12:37:32	Transmitter		INFO	running
17-03-2016 12:37:32	Transmitter		INFO	running
17-03-2016 12:37:32	Transmitter		INFO	running
17-03-2016 12:37:32	Transmitter		INFO	running
17-03-2016 12:37:32	Transmitter		INFO	running
17-03-2016 12:37:32	Transmitter		INFO	running
17-03-2016 12:37:32	Transmitter		INFO	running
17-03-2016 12:37:32	Transmitter		INFO	running
17-03-2016 12:37:32	Transmitter		INFO	running
17-03-2016 12:37:32	Transmitter		INFO	running
17-03-2016 12:37:32	Transmitter		INFO	running
17-03-2016 12:37:32	Transmitter		INFO	running
17-03-2016 12:37:32	Transmitter		INFO	running
17-03-2016 12:37:32	Transmitter		INFO	running
17-03-2016 12:37:32	Transmitter		INFO	running
17-03-2016 12:37:32	Transmitter		INFO	running
17-03-2016 12:37:32	Transmitter		INFO	running
17-03-2016 12:37:32	Transmitter		INFO	running
17-03-2016 12:37:32	Transmitter		INFO	running
17-03-2016 12:37:32	Transmitter		INFO	running
17-03-2016 12:37:32	Transmitter		INFO	running
17-03-2016 12:37:32	Transmitter		INFO	running
17-03-2016 12:37:32	Transmitter		INFO	running
17-03-2016 12:37:32	Transmitter		INFO	running
17-03-2016 12:37:32	Transmitter		INFO	running
17-03-2016 12:37:32	Transmitter		INFO	running
17-03-2016 12:37:32	Transmitter		INFO	running
17-03-2016 12:37:32	Transmitter		INFO	running
17-03-2016 12:37:32	Transmitter		INFO	running
17-03-2016 12:37:32	Transmitter		INFO	running
17-03-2016 12:37:32	Transmitter		INFO	running
17-03-2016 12:37:32	Transmitter		INFO	running
17-03-2016 12:37:32	Transmitter		INFO	running
17-03-2016 12:37:32	Transmitter		INFO	running
17-03-2016 12:37:32	Transmitter		INFO	running
17-03-2016 12:37:32	Transmitter		INFO	running
17-03-2016 12:37:32	Transmitter		INFO	running
17-03-2016 12:37:32	Transmitter		INFO	running
17-03-2016 12:37:32	Transmitter		INFO	running
17-03-2016 12:37:32	Transmitter		INFO	running
17-03-2016 12:37:32	Transmitter		INFO	running
17-03-2016 12:37:32	Transmitter		INFO	running
17-03-2016 12:37:32	Transmitter		INFO	running
17-03-2016 12:37:32	Transmitter		INFO	running
17-03-2016 12:37:32	Transmitter		INFO	running
17-03-2016 12:37:32	Transmitter		INFO	running
17-03-2016 12:37:32	Transmitter		INFO	running
17-03-2016 12:37:32	Transmitter		INFO	running
17-03-2016 12:37:32	Transmitter		INFO	running
17-03-2016 12:37:32	Transmitter		INFO	running
17-03-2016 12:37:32	Transmitter		INFO	running
17-03-2016 12:37:32	Transmitter		INFO	running
17-03-2016 12:37:32	Transmitter		INFO	running
17-03-2016 12:37:32	Transmitter		INFO	running
17-03-2016 12:37:32	Transmitter		INFO	running
17-03-2016 12:37:32	Transmitter		INFO	running
17-03-2016 12:37:32	Transmitter		INFO	running
17-03-2016 12:37:32	Transmitter		INFO	running
17-03-2016 12:37:32	Transmitter		INFO	running
17-03-2016 12:37:32	Transmitter		INFO	running
17-03-2016 12:37:32	Transmitter		INFO	running
17-03-2016 12:37:32	Transmitter		INFO	running
17-03-2016 12:37:32	Transmitter		INFO	running
17-03-2016 12:37:32	Transmitter		INFO	running
17-03-2016 12:37:32	Transmitter		INFO	running
17-03-2016 12:37:32	Transmitter		INFO	running
17-03-2016 12:37:32	Transmitter		INFO	running
17-03-2016 12:37:32	Transmitter		INFO	running
17-03-2016 12:37:32	Transmitter		INFO	running
17-03-2016 12:37:32	Transmitter		INFO	running
17-03-2016 12:37:32	Transmitter		INFO	running
17-03-2016 12:37:32	Transmitter		INFO	running
17-03-2016 12:37:32	Transmitter		INFO	running
17-03-2016 12:37:32	Transmitter		INFO	running
17-03-2016 12:37:32	Transmitter		INFO	running
17-03-2016 12:37:32	Transmitter		INFO	running
17-03-2016 12:37:32	Transmitter		INFO	running
17-03-2016 12:37:32	Transmitter		INFO	running
17-03-2016 12:37:32	Transmitter		INFO	running
17-03-2016 12:37:32	Transmitter		INFO	running
17-03-2016 12:37:32	Transmitter		INFO	running
17-03-2016 12:37:32	Transmitter		INFO	running
17-03-2016 12:37:32	Transmitter		INFO	running
17-03-2016 12:37:32	Transmitter		INFO	running
17-03-2016 12:37:32	Transmitter		INFO	running
17-03-2016 12:37:32	Transmitter		INFO	running
17-03-2016 12:37:32	Transmitter		INFO	running
17-03-2016 12:37:32	Transmitter		INFO	running
17-03-2016 12:37:32	Transmitter		INFO	running
17-03-2016 12:37:32	Transmitter		INFO	running
17-03-2016 12:37:32	Transmitter		INFO	running
17-03-2016 12:37:32	Transmitter		INFO	running
17-03-2016 12:37:32	Transmitter		INFO	running
17-03-2016 12:37:32	Transmitter		INFO	running
17-03-2016 12:37:32	Transmitter		INFO	running
17-03-2016 12:37:32	Transmitter		INFO	running
17-03-2016 12:37:32	Transmitter		INFO	running
17-03-2016 12:37:32	Transmitter		INFO	running
17-03-2016 12:37:32	Transmitter		INFO	running
17-03-2016 12:37:32	Transmitter		INFO	running
17-03-2016 12:37:32	Transmitter		INFO	running
17-03-2016 12:37:32	Transmitter		INFO	running
17-03-2016 12:37:32	Transmitter		INFO	running
17-03-2016 12:37:32	Transmitter		INFO	running
17-03-2016 12:37:32	Transmitter		INFO	running
17-03-2016 12:37:32	Transmitter		INFO	running
17-03-2016 12:37:32	Transmitter		INFO	running
17-03-2016 12:37:32	Transmitter		INFO	running
17-03-2016 12:37:32	Transmitter		INFO	running
17-03-2016 12:37:32	Transmitter		INFO	running
17-03-2016 12:37:32	Transmitter		INFO	running
17-03-2016 12:37:32	Transmitter		INFO	running
17-03-2016 12:37:32	Transmitter		INFO	running
17-03-2016 12:37:32	Transmitter		INFO	running
17-03-2016 12:37:32	Transmitter		INFO	running
17-03-2016 12:37:32	Transmitter		INFO	running
17-03-2016 12:37:32	Transmitter		INFO	running
17-03-2016 12:37:32	Transmitter		INFO	running
17-03-2016 12:37:32	Transmitter		INFO	running
17-03-2016 12:37:32	Transmitter		INFO	running
17-03-2016 12:37:32	Transmitter		INFO	running
17-03-2016 12:37:32	Transmitter		INFO	running
17-03-2016 12:37:32	Transmitter		INFO	running
17-03-2016 12:37:32	Transmitter		INFO	running
17-03-2016 12:37:32	Transmitter		INFO	running
17-03-2016 12:37:32	Transmitter		INFO	running
17-03-2016 12:37:32	Transmitter		INFO	running
17-03-2016 12:37:32	Transmitter		INFO	running
17-03-2016 12:37:32	Transmitter		INFO	running
17-03-2016 12:37:32	Transmitter		INFO	running
17-03-2016 12:37:32	Transmitter		INFO	running
17-03-2016 12:37:32	Transmitter		INFO	running
17-03-2016 12:37:32	Transmitter		INFO	running
17-03-2016 12:37:32	Transmitter		INFO	running
17-03-2016 12:37:32	Transmitter		INFO	running
17-03-2016 12:37:32	Transmitter		INFO	running
17-03-2016 12:37:32	Transmitter		INFO	running
17-03-2016 12:37:32	Transmitter		INFO	running
17-03-2016 12:37:32	Transmitter		INFO	running
17-03-2016 12:37:32	Transmitter		INFO	running
17-03-2016 12:37:32	Transmitter		INFO	running
17-03-2016 12:37:32	Transmitter		INFO	running
17-03-2016 12:37:32	Transmitter		INFO	running
17-03-2016 12:37:32	Transmitter		INFO	running
17-03-2016 12:37:32	Transmitter		INFO	running
17-03-2016 12:37:32	Transmitter		INFO	running
17-03-2016 12:37:32	Transmitter		INFO	running
17-03-2016 12:37:32	Transmitter		INFO	running
17-03-2016 12:37:32	Transmitter		INFO	running
17-03-2016 12:37:32	Transmitter		INFO	running
17-03-2016 12:37:32	Transmitter		INFO	running
17-03-2016 12:37:32	Transmitter		INFO	running
17-03-2016 12:37:32	Transmitter		INFO	running
17-03-2016 12:37:32	Transmitter		INFO	running
17-03-2016 12:37:33	Transmitter		INFO	running
17-03-2016 12:37:33	Transmitter		INFO	running
17-03-2016 12:37:33	Transmitter		INFO	running
17-03-2016 12:37:33	Transmitter		INFO	running
17-03-2016 12:37:33	Transmitter		INFO	running
17-03-2016 12:37:33	Transmitter		INFO	running
17-03-2016 12:37:33	Transmitter		INFO	running
17-03-2016 12:37:33	Transmitter		INFO	running
17-03-2016 12:37:33	Transmitter		INFO	running
17-03-2016 12:37:33	Transmitter		INFO	running
17-03-2016 12:37:33	Transmitter		INFO	running
17-03-2016 12:37:33	Transmitter		INFO	running
17-03-2016 12:37:33	Transmitter		INFO	running
17-03-2016 12:37:33	Transmitter		INFO	running
17-03-2016 12:37:33	Transmitter		INFO	running
17-03-2016 12:37:33	Transmitter		INFO	running
17-03-2016 12:37:33	Transmitter		INFO	running
17-03-2016 12:37:33	Transmitter		INFO	running
17-03-2016 12:37:33	Transmitter		INFO	running
17-03-2016 12:37:33	Transmitter		INFO	running
17-03-2016 12:37:33	Transmitter		INFO	running
17-03-2016 12:37:33	Transmitter		INFO	running
17-03-2016 12:37:33	Transmitter		INFO	running
17-03-2016 12:37:33	Transmitter		INFO	running
17-03-2016 12:37:33	Transmitter		INFO	running
17-03-2016 12:37:33	Transmitter		INFO	running
17-03-2016 12:37:33	Transmitter		INFO	running
17-03-2016 12:37:33	Transmitter		INFO	running
17-03-2016 12:37:33	Transmitter		INFO	running
17-03-2016 12:37:33	Transmitter		INFO	running
17-03-2016 12:37:33	Transmitter		INFO	running
17-03-2016 12:37:33	Transmitter		INFO	running
17-03-2016 12:37:33	Transmitter		INFO	running
17-03-2016 12:37:33	Transmitter		INFO	running
17-03-2016 12:37:33	Transmitter		INFO	running
17-03-2016 12:37:33	Transmitter		INFO	running
17-03-2016 12:37:33	Transmitter		INFO	running
17-03-2016 12:37:33	Transmitter		INFO	running
17-03-2016 12:37:33	Transmitter		INFO	running
17-03-2016 12:37:33	Transmitter		INFO	running
17-03-2016 12:37:33	Transmitter		INFO	running
17-03-2016 12:37:33	Transmitter		INFO	running
17-03-2016 12:37:33	Transmitter		INFO	running
17-03-2016 12:37:33	Transmitter		INFO	running
17-03-2016 12:37:33	Transmitter		INFO	running
17-03-2016 12:37:33	Transmitter		INFO	running
17-03-2016 12:37:33	Transmitter		INFO	running
17-03-2016 12:37:33	Transmitter		INFO	running
17-03-2016 12:37:33	Transmitter		INFO	running
17-03-2016 12:37:33	Transmitter		INFO	running
17-03-2016 12:37:33	Transmitter		INFO	running
17-03-2016 12:37:33	Transmitter		INFO	running
17-03-2016 12:37:33	Transmitter		INFO	running
17-03-2016 12:37:33	Transmitter		INFO	running
17-03-2016 12:37:33	Transmitter		INFO	running
17-03-2016 12:37:33	Transmitter		INFO	running
17-03-2016 12:37:33	Transmitter		INFO	running
17-03-2016 12:37:33	Transmitter		INFO	running
17-03-2016 12:37:33	Transmitter		INFO	running
17-03-2016 12:37:33	Transmitter		INFO	running
17-03-2016 12:37:33	Transmitter		INFO	running
17-03-2016 12:37:33	Transmitter		INFO	running
17-03-2016 12:37:33	Transmitter		INFO	running
17-03-2016 12:37:33	Transmitter		INFO	running
17-03-2016 12:37:33	Transmitter		INFO	running
17-03-2016 12:37:33	Transmitter		INFO	running
17-03-2016 12:37:33	Transmitter		INFO	running
17-03-2016 12:37:33	Transmitter		INFO	running
17-03-2016 12:37:33	Transmitter		INFO	running
17-03-2016 12:37:33	Transmitter		INFO	running
17-03-2016 12:37:33	Transmitter		INFO	running
17-03-2016 12:37:33	Transmitter		INFO	running
17-03-2016 12:37:33	Transmitter		INFO	running
17-03-2016 12:37:33	Transmitter		INFO	running
17-03-2016 12:37:33	Transmitter		INFO	running
17-03-2016 12:37:33	Transmitter		INFO	running
17-03-2016 12:37:33	Transmitter		INFO	running
17-03-2016 12:37:33	Transmitter		INFO	running
17-03-2016 12:37:33	Transmitter		INFO	running
17-03-2016 12:37:33	Transmitter		INFO	running
17-03-2016 12:37:33	Transmitter		INFO	running
17-03-2016 12:37:33	Transmitter		INFO	running
17-03-2016 12:37:33	Transmitter		INFO	running
17-03-2016 12:37:33	Transmitter		INFO	running
17-03-2016 12:37:33	Transmitter		INFO	running
17-03-2016 12:37:33	Transmitter		INFO	running
17-03-2016 12:37:33	Transmitter		INFO	running
17-03-2016 12:37:33	Transmitter		INFO	running
17-03-2016 12:37:33	Transmitter		INFO	running
17-03-2016 12:37:33	Transmitter		INFO	running
17-03-2016 12:37:33	Transmitter		INFO	running
17-03-2016 12:37:33	Transmitter		INFO	running
17-03-2016 12:37:33	Transmitter		INFO	running
17-03-2016 12:37:33	Transmitter		INFO	running
17-03-2016 12:37:33	Transmitter		INFO	running
17-03-2016 12:37:33	Transmitter		INFO	running
17-03-2016 12:37:33	Transmitter		INFO	running
17-03-2016 12:37:33	Transmitter		INFO	running
17-03-2016 12:37:33	Transmitter		INFO	running
17-03-2016 12:37:33	Transmitter		INFO	running
17-03-2016 12:37:33	Transmitter		INFO	running
17-03-2016 12:37:33	Transmitter		INFO	running
17-03-2016 12:37:33	Transmitter		INFO	running
17-03-2016 12:37:33	Transmitter		INFO	running
17-03-2016 12:37:33	Transmitter		INFO	running
17-03-2016 12:37:33	Transmitter		INFO	running
17-03-2016 12:37:33	Transmitter		INFO	running
17-03-2016 12:37:33	Transmitter		INFO	running
17-03-2016 12:37:33	Transmitter		INFO	running
17-03-2016 12:37:33	Transmitter		INFO	running
17-03-2016 12:37:33	Transmitter		INFO	running
17-03-2016 12:37:33	Transmitter		INFO	running
17-03-2016 12:37:33	Transmitter		INFO	running
17-03-2016 12:37:33	Transmitter		INFO	running
17-03-2016 12:37:33	Transmitter		INFO	running
17-03-2016 12:37:33	Transmitter		INFO	running
17-03-2016 12:37:33	Transmitter		INFO	running
17-03-2016 12:37:33	Transmitter		INFO	running
17-03-2016 12:37:33	Transmitter		INFO	running
17-03-2016 12:37:33	Transmitter		INFO	running
17-03-2016 12:37:33	Transmitter		INFO	running
17-03-2016 12:37:33	Transmitter		INFO	running
17-03-2016 12:37:33	Transmitter		INFO	running
17-03-2016 12:37:33	Transmitter		INFO	running
17-03-2016 12:37:33	Transmitter		INFO	running
17-03-2016 12:37:33	Transmitter		INFO	running
17-03-2016 12:37:33	Transmitter		INFO	running
17-03-2016 12:37:33	Transmitter		INFO	running
17-03-2016 12:37:33	Transmitter		INFO	running
17-03-2016 12:37:33	Transmitter		INFO	running
17-03-2016 12:37:33	Transmitter		INFO	running
17-03-2016 12:37:33	Transmitter		INFO	running
17-03-2016 12:37:33	Transmitter		INFO	running
17-03-2016 12:37:33	Transmitter		INFO	running
17-03-2016 12:37:33	Transmitter		INFO	running
17-03-2016 12:37:33	Transmitter		INFO	running
17-03-2016 12:37:33	Transmitter		INFO	running
17-03-2016 12:37:33	Transmitter		INFO	running
17-03-2016 12:37:33	Transmitter		INFO	running
17-03-2016 12:37:33	Transmitter		INFO	running
17-03-2016 12:37:33	Transmitter		INFO	running
17-03-2016 12:37:33	Transmitter		INFO	running
17-03-2016 12:37:33	Transmitter		INFO	running
17-03-2016 12:37:33	Transmitter		INFO	running
17-03-2016 12:37:33	Transmitter		INFO	running
17-03-2016 12:37:34	Transmitter		INFO	running
17-03-2016 12:37:34	Transmitter		INFO	running
17-03-2016 12:37:34	Transmitter		INFO	running
17-03-2016 12:37:34	Transmitter		INFO	running
17-03-2016 12:37:34	Transmitter		INFO	running
17-03-2016 12:37:34	Transmitter		INFO	running
17-03-2016 12:37:34	Transmitter		INFO	running
17-03-2016 12:37:34	Transmitter		INFO	running
17-03-2016 12:37:34	Transmitter		INFO	running
17-03-2016 12:37:34	Transmitter		INFO	running
17-03-2016 12:37:34	Transmitter		INFO	running
17-03-2016 12:37:34	Transmitter		INFO	running
17-03-2016 12:37:34	Transmitter		INFO	running
17-03-2016 12:37:34	Transmitter		INFO	running
17-03-2016 12:37:34	Transmitter		INFO	running
17-03-2016 12:37:34	Transmitter		INFO	running
17-03-2016 12:37:34	Transmitter		INFO	running
17-03-2016 12:37:34	Transmitter		INFO	running
17-03-2016 12:37:34	Transmitter		INFO	running
17-03-2016 12:37:34	Transmitter		INFO	running
17-03-2016 12:37:34	Transmitter		INFO	running
17-03-2016 12:37:34	Transmitter		INFO	running
17-03-2016 12:37:34	Transmitter		INFO	running
17-03-2016 12:37:34	Transmitter		INFO	running
17-03-2016 12:37:34	Transmitter		INFO	running
17-03-2016 12:37:34	Transmitter		INFO	running
17-03-2016 12:37:34	Transmitter		INFO	running
17-03-2016 12:37:34	Transmitter		INFO	running
17-03-2016 12:37:34	Transmitter		INFO	running
17-03-2016 12:37:34	Transmitter		INFO	running
17-03-2016 12:37:34	Transmitter		INFO	running
17-03-2016 12:37:34	Transmitter		INFO	running
17-03-2016 12:37:34	Transmitter		INFO	running
17-03-2016 12:37:34	Transmitter		INFO	running
17-03-2016 12:37:34	Transmitter		INFO	running
17-03-2016 12:37:34	Transmitter		INFO	running
17-03-2016 12:37:34	Transmitter		INFO	running
17-03-2016 12:37:34	Transmitter		INFO	running
17-03-2016 12:37:34	Transmitter		INFO	running
17-03-2016 12:37:34	Transmitter		INFO	running
17-03-2016 12:37:34	Transmitter		INFO	running
17-03-2016 12:37:34	Transmitter		INFO	running
17-03-2016 12:37:34	Transmitter		INFO	running
17-03-2016 12:37:34	Transmitter		INFO	running
17-03-2016 12:37:34	Transmitter		INFO	running
17-03-2016 12:37:34	Transmitter		INFO	running
17-03-2016 12:37:34	Transmitter		INFO	running
17-03-2016 12:37:34	Transmitter		INFO	running
17-03-2016 12:37:34	Transmitter		INFO	running
17-03-2016 12:37:34	Transmitter		INFO	running
17-03-2016 12:37:34	Transmitter		INFO	running
17-03-2016 12:37:34	Transmitter		INFO	running
17-03-2016 12:37:34	Transmitter		INFO	running
17-03-2016 12:37:34	Transmitter		INFO	running
17-03-2016 12:37:34	Transmitter		INFO	running
17-03-2016 12:37:34	Transmitter		INFO	running
17-03-2016 12:37:34	Transmitter		INFO	running
17-03-2016 12:37:34	Transmitter		INFO	running
17-03-2016 12:37:34	Transmitter		INFO	running
17-03-2016 12:37:34	Transmitter		INFO	running
17-03-2016 12:37:34	Transmitter		INFO	running
17-03-2016 12:37:34	Transmitter		INFO	running
17-03-2016 12:37:34	Transmitter		INFO	running
17-03-2016 12:37:34	Transmitter		INFO	running
17-03-2016 12:37:34	Transmitter		INFO	running
17-03-2016 12:37:34	Transmitter		INFO	running
17-03-2016 12:37:34	Transmitter		INFO	running
17-03-2016 12:37:34	Transmitter		INFO	running
17-03-2016 12:37:34	Transmitter		INFO	running
17-03-2016 12:37:34	Transmitter		INFO	running
17-03-2016 12:37:34	Transmitter		INFO	running
17-03-2016 12:37:34	Transmitter		INFO	running
17-03-2016 12:37:34	Transmitter		INFO	running
17-03-2016 12:37:34	Transmitter		INFO	running
17-03-2016 12:37:34	Transmitter		INFO	running
17-03-2016 12:37:34	Transmitter		INFO	running
17-03-2016 12:37:34	Transmitter		INFO	running
17-03-2016 12:37:34	Transmitter		INFO	running
17-03-2016 12:37:34	Transmitter		INFO	running
17-03-2016 12:37:34	Transmitter		INFO	running
17-03-2016 12:37:34	Transmitter		INFO	running
17-03-2016 12:37:34	Transmitter		INFO	running
17-03-2016 12:37:34	Transmitter		INFO	running
17-03-2016 12:37:34	Transmitter		INFO	running
17-03-2016 12:37:34	Transmitter		INFO	running
17-03-2016 12:37:34	Transmitter		INFO	running
17-03-2016 12:37:34	Transmitter		INFO	running
17-03-2016 12:37:34	Transmitter		INFO	running
17-03-2016 12:37:34	Transmitter		INFO	running
17-03-2016 12:37:34	Transmitter		INFO	running
17-03-2016 12:37:34	Transmitter		INFO	running
17-03-2016 12:37:34	Transmitter		INFO	running
17-03-2016 12:37:34	Transmitter		INFO	running
17-03-2016 12:37:34	Transmitter		INFO	running
17-03-2016 12:37:34	Transmitter		INFO	running
17-03-2016 12:37:34	Transmitter		INFO	running
17-03-2016 12:37:34	Transmitter		INFO	running
17-03-2016 12:37:34	Transmitter		INFO	running
17-03-2016 12:37:34	Transmitter		INFO	running
17-03-2016 12:37:34	Transmitter		INFO	running
17-03-2016 12:37:34	Transmitter		INFO	running
17-03-2016 12:37:34	Transmitter		INFO	running
17-03-2016 12:37:34	Transmitter		INFO	running
17-03-2016 12:37:34	Transmitter		INFO	running
17-03-2016 12:37:34	Transmitter		INFO	running
17-03-2016 12:37:34	Transmitter		INFO	running
17-03-2016 12:37:34	Transmitter		INFO	running
17-03-2016 12:37:35	Transmitter		INFO	running
17-03-2016 12:37:35	Transmitter		INFO	running
17-03-2016 12:37:35	Transmitter		INFO	running
17-03-2016 12:37:35	Transmitter		INFO	running
17-03-2016 12:37:35	Transmitter		INFO	running
17-03-2016 12:37:35	Transmitter		INFO	running
17-03-2016 12:37:35	Transmitter		INFO	running
17-03-2016 12:37:35	Transmitter		INFO	running
17-03-2016 12:37:35	Transmitter		INFO	running
17-03-2016 12:37:35	Transmitter		INFO	running
17-03-2016 12:37:35	Transmitter		INFO	running
17-03-2016 12:37:35	Transmitter		INFO	running
17-03-2016 12:37:35	Transmitter		INFO	running
17-03-2016 12:37:35	Transmitter		INFO	running
17-03-2016 12:37:35	Transmitter		INFO	running
17-03-2016 12:37:35	Transmitter		INFO	running
17-03-2016 12:37:35	Transmitter		INFO	running
17-03-2016 12:37:35	Transmitter		INFO	running
17-03-2016 12:37:35	Transmitter		INFO	running
17-03-2016 12:37:35	Transmitter		INFO	running
17-03-2016 12:37:35	Transmitter		INFO	running
17-03-2016 12:37:35	Transmitter		INFO	running
17-03-2016 12:37:35	Transmitter		INFO	running
17-03-2016 12:37:35	Transmitter		INFO	running
17-03-2016 12:37:35	Transmitter		INFO	running
17-03-2016 12:37:35	Transmitter		INFO	running
17-03-2016 12:37:35	Transmitter		INFO	running
17-03-2016 12:37:35	Transmitter		INFO	running
17-03-2016 12:37:35	Transmitter		INFO	running
17-03-2016 12:37:35	Transmitter		INFO	running
17-03-2016 12:37:35	Transmitter		INFO	running
17-03-2016 12:37:35	Transmitter		INFO	running
17-03-2016 12:37:35	Transmitter		INFO	running
17-03-2016 12:37:35	Transmitter		INFO	running
17-03-2016 12:37:35	Transmitter		INFO	running
17-03-2016 12:37:35	Transmitter		INFO	running
17-03-2016 12:37:35	Transmitter		INFO	running
17-03-2016 12:37:35	Transmitter		INFO	running
17-03-2016 12:37:35	Transmitter		INFO	running
17-03-2016 12:37:35	Transmitter		INFO	running
17-03-2016 12:37:35	Transmitter		INFO	running
17-03-2016 12:37:35	Transmitter		INFO	running
17-03-2016 12:37:35	Transmitter		INFO	running
17-03-2016 12:37:35	Transmitter		INFO	running
17-03-2016 12:37:35	Transmitter		INFO	running
17-03-2016 12:37:35	Transmitter		INFO	running
17-03-2016 12:37:35	Transmitter		INFO	running
17-03-2016 12:37:35	Transmitter		INFO	running
17-03-2016 12:37:35	Transmitter		INFO	running
17-03-2016 12:37:35	Transmitter		INFO	running
17-03-2016 12:37:35	Transmitter		INFO	running
17-03-2016 12:37:35	Transmitter		INFO	running
17-03-2016 12:37:35	Transmitter		INFO	running
17-03-2016 12:37:35	Transmitter		INFO	running
17-03-2016 12:37:35	Transmitter		INFO	running
17-03-2016 12:37:35	Transmitter		INFO	running
17-03-2016 12:37:35	Transmitter		INFO	running
17-03-2016 12:37:35	Transmitter		INFO	running
17-03-2016 12:37:35	Transmitter		INFO	running
17-03-2016 12:37:35	Transmitter		INFO	running
17-03-2016 12:37:35	Transmitter		INFO	running
17-03-2016 12:37:35	Transmitter		INFO	running
17-03-2016 12:37:35	Transmitter		INFO	running
17-03-2016 12:37:35	Transmitter		INFO	running
17-03-2016 12:37:35	Transmitter		INFO	running
17-03-2016 12:37:35	Transmitter		INFO	running
17-03-2016 12:37:35	Transmitter		INFO	running
17-03-2016 12:37:35	Transmitter		INFO	running
17-03-2016 12:37:35	Transmitter		INFO	running
17-03-2016 12:37:35	Transmitter		INFO	running
17-03-2016 12:37:35	Transmitter		INFO	running
17-03-2016 12:37:35	Transmitter		INFO	running
17-03-2016 12:37:35	Transmitter		INFO	running
17-03-2016 12:37:35	Transmitter		INFO	running
17-03-2016 12:37:35	Transmitter		INFO	running
17-03-2016 12:37:35	Transmitter		INFO	running
17-03-2016 12:37:35	Transmitter		INFO	running
17-03-2016 12:37:35	Transmitter		INFO	running
17-03-2016 12:37:35	Transmitter		INFO	running
17-03-2016 12:37:35	Transmitter		INFO	running
17-03-2016 12:37:35	Transmitter		INFO	running
17-03-2016 12:37:35	Transmitter		INFO	running
17-03-2016 12:37:35	Transmitter		INFO	running
17-03-2016 12:37:35	Transmitter		INFO	running
17-03-2016 12:37:36	Transmitter		INFO	running
17-03-2016 12:37:36	Transmitter		INFO	running
17-03-2016 12:37:36	Transmitter		INFO	running
17-03-2016 12:37:36	Transmitter		INFO	running
17-03-2016 12:37:36	Transmitter		INFO	running
17-03-2016 12:37:36	Transmitter		INFO	running
17-03-2016 12:37:36	Transmitter		INFO	running
17-03-2016 12:37:36	Transmitter		INFO	running
17-03-2016 12:37:36	Transmitter		INFO	running
17-03-2016 12:37:36	Transmitter		INFO	running
17-03-2016 12:37:36	Transmitter		INFO	running
17-03-2016 12:37:36	Transmitter		INFO	running
17-03-2016 12:37:36	Transmitter		INFO	running
17-03-2016 12:37:36	Transmitter		INFO	running
17-03-2016 12:37:36	Transmitter		INFO	running
17-03-2016 12:37:36	Transmitter		INFO	running
17-03-2016 12:37:36	Transmitter		INFO	running
17-03-2016 12:37:36	Transmitter		INFO	running
17-03-2016 12:37:36	Transmitter		INFO	running
17-03-2016 12:37:36	Transmitter		INFO	running
17-03-2016 12:37:36	Transmitter		INFO	running
17-03-2016 12:37:36	Transmitter		INFO	running
17-03-2016 12:37:36	Transmitter		INFO	running
17-03-2016 12:37:36	Transmitter		INFO	running
17-03-2016 12:37:36	Transmitter		INFO	running
17-03-2016 12:37:36	Transmitter		INFO	running
17-03-2016 12:37:36	Transmitter		INFO	running
17-03-2016 12:37:36	Transmitter		INFO	running
17-03-2016 12:37:36	Transmitter		INFO	running
17-03-2016 12:37:36	Transmitter		INFO	running
17-03-2016 12:37:36	Transmitter		INFO	running
17-03-2016 12:37:36	Transmitter		INFO	running
17-03-2016 12:37:36	Transmitter		INFO	running
17-03-2016 12:37:36	Transmitter		INFO	running
17-03-2016 12:37:36	Transmitter		INFO	running
17-03-2016 12:37:36	Transmitter		INFO	running
17-03-2016 12:37:36	Transmitter		INFO	running
17-03-2016 12:37:36	Transmitter		INFO	running
17-03-2016 12:37:36	Transmitter		INFO	running
17-03-2016 12:37:36	Transmitter		INFO	running
17-03-2016 12:37:36	Transmitter		INFO	running
17-03-2016 12:37:36	Transmitter		INFO	running
17-03-2016 12:37:36	Transmitter		INFO	running
17-03-2016 12:37:36	Transmitter		INFO	running
17-03-2016 12:37:36	Transmitter		INFO	running
17-03-2016 12:37:36	Transmitter		INFO	running
17-03-2016 12:37:36	Transmitter		INFO	running
17-03-2016 12:37:36	Transmitter		INFO	running
17-03-2016 12:37:36	Transmitter		INFO	running
17-03-2016 12:37:36	Transmitter		INFO	running
17-03-2016 12:37:36	Transmitter		INFO	running
17-03-2016 12:37:36	Transmitter		INFO	running
17-03-2016 12:37:36	Transmitter		INFO	running
17-03-2016 12:37:36	Transmitter		INFO	running
17-03-2016 12:37:36	Transmitter		INFO	running
17-03-2016 12:37:36	Transmitter		INFO	running
17-03-2016 12:37:36	Transmitter		INFO	running
17-03-2016 12:37:36	Transmitter		INFO	running
17-03-2016 12:37:36	Transmitter		INFO	running
17-03-2016 12:37:36	Transmitter		INFO	running
17-03-2016 12:37:36	Transmitter		INFO	running
17-03-2016 12:37:36	Transmitter		INFO	running
17-03-2016 12:37:36	Transmitter		INFO	running
17-03-2016 12:37:36	Transmitter		INFO	running
17-03-2016 12:37:36	Transmitter		INFO	running
17-03-2016 12:37:36	Transmitter		INFO	running
17-03-2016 12:37:36	Transmitter		INFO	running
17-03-2016 12:37:36	Transmitter		INFO	running
17-03-2016 12:37:36	Transmitter		INFO	running
17-03-2016 12:37:36	Transmitter		INFO	running
17-03-2016 12:37:36	Transmitter		INFO	running
17-03-2016 12:37:36	Transmitter		INFO	running
17-03-2016 12:37:36	Transmitter		INFO	running
17-03-2016 12:37:36	Transmitter		INFO	running
17-03-2016 12:37:36	Transmitter		INFO	running
17-03-2016 12:37:36	Transmitter		INFO	running
17-03-2016 12:37:36	Transmitter		INFO	running
17-03-2016 12:37:36	Transmitter		INFO	running
17-03-2016 12:37:36	Transmitter		INFO	running
17-03-2016 12:37:36	Transmitter		INFO	running
17-03-2016 12:37:36	Transmitter		INFO	running
17-03-2016 12:37:36	Transmitter		INFO	running
17-03-2016 12:37:36	Transmitter		INFO	running
17-03-2016 12:37:36	Transmitter		INFO	running
17-03-2016 12:37:36	Transmitter		INFO	running
17-03-2016 12:37:36	Transmitter		INFO	running
17-03-2016 12:37:36	Transmitter		INFO	running
17-03-2016 12:37:36	Transmitter		INFO	running
17-03-2016 12:37:36	Transmitter		INFO	running
17-03-2016 12:37:36	Transmitter		INFO	running
17-03-2016 12:37:36	Transmitter		INFO	running
17-03-2016 12:37:36	Transmitter		INFO	running
17-03-2016 12:37:36	Transmitter		INFO	running
17-03-2016 12:37:36	Transmitter		INFO	running
17-03-2016 12:37:36	Transmitter		INFO	running
17-03-2016 12:37:36	Transmitter		INFO	running
17-03-2016 12:37:36	Transmitter		INFO	running
17-03-2016 12:37:36	Transmitter		INFO	running
17-03-2016 12:37:36	Transmitter		INFO	running
17-03-2016 12:37:36	Transmitter		INFO	running
17-03-2016 12:37:36	Transmitter		INFO	running
17-03-2016 12:37:36	Transmitter		INFO	running
17-03-2016 12:37:36	Transmitter		INFO	running
17-03-2016 12:37:37	Transmitter		INFO	running
17-03-2016 12:37:37	Transmitter		INFO	running
17-03-2016 12:37:37	Transmitter		INFO	running
17-03-2016 12:37:37	Transmitter		INFO	running
17-03-2016 12:37:37	Transmitter		INFO	running
17-03-2016 12:37:37	Transmitter		INFO	running
17-03-2016 12:37:37	Transmitter		INFO	running
17-03-2016 12:37:37	Transmitter		INFO	running
17-03-2016 12:37:37	Transmitter		INFO	running
17-03-2016 12:37:37	Transmitter		INFO	running
17-03-2016 12:37:37	Transmitter		INFO	running
17-03-2016 12:37:37	Transmitter		INFO	running
17-03-2016 12:37:37	Transmitter		INFO	running
17-03-2016 12:37:37	Transmitter		INFO	running
17-03-2016 12:37:37	Transmitter		INFO	running
17-03-2016 12:37:37	Transmitter		INFO	running
17-03-2016 12:37:37	Transmitter		INFO	running
17-03-2016 12:37:37	Controller		INFO	sending to transmitter
17-03-2016 12:37:37	Transmitter		INFO	running
17-03-2016 12:37:37	Transmitter		INFO	running
17-03-2016 12:37:37	Transmitter		INFO	running
17-03-2016 12:37:37	Transmitter		INFO	running
17-03-2016 12:37:37	Transmitter		INFO	pushing into buff
17-03-2016 12:37:37	Transmitter		INFO	running
17-03-2016 12:37:37	Transmitter		INFO	getting from buffer
17-03-2016 12:37:42	DataProcessor		INFO	polling
17-03-2016 12:37:42	CameraInterface		INFO	Read successful
17-03-2016 12:37:42	Transmitter		INFO	sending string: 1110830
17-03-2016 12:37:45	Controller		INFO	sending to transmitter
17-03-2016 12:37:45	Transmitter		INFO	pushing into buff
17-03-2016 12:37:45	Transmitter		INFO	running
17-03-2016 12:37:45	Transmitter		INFO	getting from buffer
17-03-2016 12:37:50	DataProcessor		INFO	polling
17-03-2016 12:37:50	CameraInterface		INFO	Read successful
17-03-2016 12:37:51	Transmitter		INFO	sending string: 1097733
17-03-2016 12:37:52	Controller		INFO	sending to transmitter
17-03-2016 12:37:52	Transmitter		INFO	pushing into buff
17-03-2016 12:37:56	Transmitter		INFO	running
17-03-2016 12:37:56	Transmitter		INFO	getting from buffer
17-03-2016 12:37:57	DataProcessor		INFO	polling
17-03-2016 12:37:58	CameraInterface		INFO	Read successful
17-03-2016 12:38:00	Controller		INFO	sending to transmitter
17-03-2016 12:38:00	Transmitter		INFO	pushing into buff
17-03-2016 12:38:02	Transmitter		INFO	sending string: 1115195
17-03-2016 12:38:05	Transmitter		INFO	running
17-03-2016 12:38:05	Transmitter		INFO	getting from buffer
17-03-2016 12:38:05	DataProcessor		INFO	polling
17-03-2016 12:38:06	CameraInterface		INFO	Read successful
17-03-2016 12:38:08	Controller		INFO	sending to transmitter
17-03-2016 12:38:08	Transmitter		INFO	pushing into buff
17-03-2016 12:38:11	Transmitter		INFO	sending string: 1104958
17-03-2016 12:38:13	DataProcessor		INFO	polling
17-03-2016 12:38:14	CameraInterface		INFO	Read successful
17-03-2016 12:38:16	Controller		INFO	sending to transmitter
17-03-2016 12:38:16	Transmitter		INFO	pushing into buff
17-03-2016 12:38:18	Transmitter		INFO	running
17-03-2016 12:38:18	Transmitter		INFO	getting from buffer
17-03-2016 12:38:21	DataProcessor		INFO	polling
17-03-2016 12:38:21	CameraInterface		INFO	Read successful
17-03-2016 12:38:24	Controller		INFO	sending to transmitter
17-03-2016 12:38:24	Transmitter		INFO	pushing into buff
17-03-2016 12:38:24	Transmitter		INFO	sending string: 1104331
17-03-2016 12:38:29	DataProcessor		INFO	polling
17-03-2016 12:38:29	CameraInterface		INFO	Read successful
17-03-2016 12:38:30	Transmitter		INFO	running
17-03-2016 12:38:30	Transmitter		INFO	getting from buffer
17-03-2016 12:38:32	Controller		INFO	sending to transmitter
17-03-2016 12:38:32	Transmitter		INFO	pushing into buff
17-03-2016 12:38:35	Transmitter		INFO	sending string: 376153
17-03-2016 12:38:36	Transmitter		INFO	running
17-03-2016 12:38:36	Transmitter		INFO	getting from buffer
17-03-2016 12:38:37	DataProcessor		INFO	polling
17-03-2016 12:38:37	CameraInterface		INFO	Read successful
17-03-2016 12:38:40	Controller		INFO	sending to transmitter
17-03-2016 12:38:40	Transmitter		INFO	pushing into buff
17-03-2016 12:38:42	Transmitter		INFO	sending string: 776740
17-03-2016 12:38:43	Transmitter		INFO	running
17-03-2016 12:38:43	Transmitter		INFO	getting from buffer
17-03-2016 12:38:45	DataProcessor		INFO	polling
17-03-2016 12:38:45	CameraInterface		INFO	Read successful
17-03-2016 12:38:48	Controller		INFO	sending to transmitter
17-03-2016 12:38:48	Transmitter		INFO	pushing into buff
17-03-2016 12:38:49	Transmitter		INFO	sending string: 1093767
17-03-2016 12:38:51	Transmitter		INFO	running
17-03-2016 12:38:51	Transmitter		INFO	getting from buffer
17-03-2016 12:38:53	DataProcessor		INFO	polling
17-03-2016 12:38:53	CameraInterface		INFO	Read successful
17-03-2016 12:38:55	Transmitter		INFO	sending string: 3717
17-03-2016 12:38:55	Transmitter		INFO	running
17-03-2016 12:38:55	Transmitter		INFO	getting from buffer
17-03-2016 12:38:56	Controller		INFO	sending to transmitter
17-03-2016 12:38:56	Transmitter		INFO	pushing into buff
17-03-2016 12:39:01	Transmitter		INFO	sending string: 1104024
17-03-2016 12:39:01	DataProcessor		INFO	polling
17-03-2016 12:39:01	CameraInterface		INFO	Read successful
17-03-2016 12:39:03	Controller		INFO	sending to transmitter
17-03-2016 12:39:03	Transmitter		INFO	pushing into buff
17-03-2016 12:39:04	Transmitter		INFO	running
17-03-2016 12:39:04	Transmitter		INFO	getting from buffer
17-03-2016 12:39:07	Transmitter		INFO	sending string: 3681
17-03-2016 12:39:07	Transmitter		INFO	running
17-03-2016 12:39:07	Transmitter		INFO	getting from buffer
17-03-2016 12:39:08	DataProcessor		INFO	polling
17-03-2016 12:39:08	CameraInterface		INFO	Read successful
17-03-2016 12:39:11	Controller		INFO	sending to transmitter
17-03-2016 12:39:11	Transmitter		INFO	pushing into buff
17-03-2016 12:39:14	Transmitter		INFO	sending string: 1091455
17-03-2016 12:39:15	Transmitter		INFO	running
17-03-2016 12:39:15	Transmitter		INFO	getting from buffer
17-03-2016 12:39:16	DataProcessor		INFO	polling
17-03-2016 12:39:16	CameraInterface		INFO	Read successful
17-03-2016 12:39:19	Controller		INFO	sending to transmitter
17-03-2016 12:39:19	Transmitter		INFO	pushing into buff
17-03-2016 12:39:21	Transmitter		INFO	sending string: 1088394
17-03-2016 12:39:24	DataProcessor		INFO	polling
17-03-2016 12:39:24	CameraInterface		INFO	Read successful
17-03-2016 12:39:24	Transmitter		INFO	running
17-03-2016 12:39:24	Transmitter		INFO	getting from buffer
17-03-2016 12:39:27	Controller		INFO	sending to transmitter
17-03-2016 12:39:27	Transmitter		INFO	pushing into buff
17-03-2016 12:39:30	Transmitter		INFO	sending string: 1096864
17-03-2016 12:39:32	DataProcessor		INFO	polling
17-03-2016 12:39:33	CameraInterface		INFO	Read successful
17-03-2016 12:39:33	Transmitter		INFO	running
17-03-2016 12:39:33	Transmitter		INFO	getting from buffer
17-03-2016 12:39:36	Controller		INFO	sending to transmitter
17-03-2016 12:39:36	Transmitter		INFO	pushing into buff
17-03-2016 12:39:40	Transmitter		INFO	sending string: 1101833
17-03-2016 12:39:41	Transmitter		INFO	running
17-03-2016 12:39:41	Transmitter		INFO	getting from buffer
17-03-2016 12:39:41	DataProcessor		INFO	polling
17-03-2016 12:39:41	CameraInterface		INFO	Read successful
17-03-2016 12:39:44	Controller		INFO	sending to transmitter
17-03-2016 12:39:44	Transmitter		INFO	pushing into buff
17-03-2016 12:39:47	Transmitter		INFO	sending string: 1059828
17-03-2016 12:39:49	Transmitter		INFO	running
17-03-2016 12:39:49	Transmitter		INFO	getting from buffer
17-03-2016 12:39:49	DataProcessor		INFO	polling
17-03-2016 12:39:49	CameraInterface		INFO	Read successful
17-03-2016 12:39:52	Controller		INFO	sending to transmitter
17-03-2016 12:39:52	Transmitter		INFO	pushing into buff
