22-02-2016 12:56:33	Main		TRACE	Logger initialized.
22-02-2016 12:56:33	PropertyReader		TRACE	Opening file: settings/settings.txt
22-02-2016 12:56:33	PropertyReader		INFO	File opened: settings/settings.txt
22-02-2016 12:56:33	PropertyReader		INFO	Loading properties file...
22-02-2016 12:56:33	PropertyReader		INFO	Mapped TRACE to LOGGING_LEVEL
22-02-2016 12:56:33	PropertyReader		INFO	Mapped 100 to CAM_BUFFER_SIZE
22-02-2016 12:56:33	PropertyReader		INFO	Mapped 15 to CAM_POLL_FREQUENCY
22-02-2016 12:56:33	PropertyReader		INFO	Mapped 0 to CAM_INDEX
22-02-2016 12:56:33	PropertyReader		DEBUG	Loaded 4 properties successfully
22-02-2016 12:56:33	Controller		INFO	Constructor controller
22-02-2016 12:56:33	Transmitter		INFO	socket retrieve success
22-02-2016 12:56:33	Transmitter		INFO	binding done
22-02-2016 12:56:33	Transmitter		INFO	done listening
22-02-2016 12:56:35	Transmitter		INFO	accepting
22-02-2016 12:56:35	Main		TRACE	intializing controller
22-02-2016 12:56:35	Controller		INFO	Initializing Controller
22-02-2016 12:56:35	Main		TRACE	initializing dataprocessor
22-02-2016 12:56:35	CameraInterface		INFO	Initializing camera
22-02-2016 12:56:35	CameraInterface		INFO	Opening video capture stream at position 0
22-02-2016 12:56:35	Transmitter		INFO	Starting Receiver Thread execution loop
22-02-2016 12:56:35	Transmitter		INFO	running
22-02-2016 12:56:35	Receiver		INFO	Starting Receiver Thread execution loop
22-02-2016 12:56:35	ControllerThread		INFO	Starting Controller Thread execution loop
22-02-2016 12:56:35	Transmitter		INFO	running
22-02-2016 12:56:35	Transmitter		INFO	running
22-02-2016 12:56:35	Transmitter		INFO	running
22-02-2016 12:56:35	Transmitter		INFO	running
22-02-2016 12:56:35	Transmitter		INFO	running
22-02-2016 12:56:35	Transmitter		INFO	running
22-02-2016 12:56:35	Transmitter		INFO	running
22-02-2016 12:56:35	Transmitter		INFO	running
22-02-2016 12:56:35	Transmitter		INFO	running
22-02-2016 12:56:35	Transmitter		INFO	running
22-02-2016 12:56:35	Transmitter		INFO	running
22-02-2016 12:56:35	Transmitter		INFO	running
22-02-2016 12:56:35	Transmitter		INFO	running
22-02-2016 12:56:35	Transmitter		INFO	running
22-02-2016 12:56:35	Transmitter		INFO	running
22-02-2016 12:56:35	Transmitter		INFO	running
22-02-2016 12:56:35	Transmitter		INFO	running
22-02-2016 12:56:35	Transmitter		INFO	running
22-02-2016 12:56:35	Transmitter		INFO	running
22-02-2016 12:56:35	Transmitter		INFO	running
22-02-2016 12:56:35	Transmitter		INFO	running
22-02-2016 12:56:35	Transmitter		INFO	running
22-02-2016 12:56:35	Transmitter		INFO	running
22-02-2016 12:56:35	Transmitter		INFO	running
22-02-2016 12:56:35	Transmitter		INFO	running
22-02-2016 12:56:35	Transmitter		INFO	running
22-02-2016 12:56:35	Transmitter		INFO	running
22-02-2016 12:56:35	Transmitter		INFO	running
22-02-2016 12:56:35	Transmitter		INFO	running
22-02-2016 12:56:35	Transmitter		INFO	running
22-02-2016 12:56:35	Transmitter		INFO	running
22-02-2016 12:56:35	Transmitter		INFO	running
22-02-2016 12:56:35	Transmitter		INFO	running
22-02-2016 12:56:35	Main		TRACE	running controller
22-02-2016 12:56:35	DataProcessor		INFO	polling
22-02-2016 12:56:35	Transmitter		INFO	running
22-02-2016 12:56:35	Transmitter		INFO	running
22-02-2016 12:56:35	Transmitter		INFO	running
22-02-2016 12:56:35	Transmitter		INFO	running
22-02-2016 12:56:35	Transmitter		INFO	running
22-02-2016 12:56:35	Transmitter		INFO	running
22-02-2016 12:56:35	Transmitter		INFO	running
22-02-2016 12:56:35	Transmitter		INFO	running
22-02-2016 12:56:35	Transmitter		INFO	running
22-02-2016 12:56:35	Transmitter		INFO	running
22-02-2016 12:56:35	Transmitter		INFO	running
22-02-2016 12:56:35	Transmitter		INFO	running
22-02-2016 12:56:35	Transmitter		INFO	running
22-02-2016 12:56:35	Transmitter		INFO	running
22-02-2016 12:56:35	Transmitter		INFO	running
22-02-2016 12:56:35	Transmitter		INFO	running
22-02-2016 12:56:35	Transmitter		INFO	running
22-02-2016 12:56:35	Transmitter		INFO	running
22-02-2016 12:56:35	Transmitter		INFO	running
22-02-2016 12:56:35	Transmitter		INFO	running
22-02-2016 12:56:35	Transmitter		INFO	running
22-02-2016 12:56:35	Transmitter		INFO	running
22-02-2016 12:56:35	Transmitter		INFO	running
22-02-2016 12:56:35	Transmitter		INFO	running
22-02-2016 12:56:35	Transmitter		INFO	running
22-02-2016 12:56:35	Transmitter		INFO	running
22-02-2016 12:56:35	Transmitter		INFO	running
22-02-2016 12:56:35	Transmitter		INFO	running
22-02-2016 12:56:35	Transmitter		INFO	running
22-02-2016 12:56:35	Transmitter		INFO	running
22-02-2016 12:56:35	Transmitter		INFO	running
22-02-2016 12:56:35	Transmitter		INFO	running
22-02-2016 12:56:35	Transmitter		INFO	running
22-02-2016 12:56:35	Transmitter		INFO	running
22-02-2016 12:56:35	Transmitter		INFO	running
22-02-2016 12:56:35	Transmitter		INFO	running
22-02-2016 12:56:35	Transmitter		INFO	running
22-02-2016 12:56:35	Transmitter		INFO	running
22-02-2016 12:56:35	Transmitter		INFO	running
22-02-2016 12:56:35	Transmitter		INFO	running
22-02-2016 12:56:35	Transmitter		INFO	running
22-02-2016 12:56:35	Transmitter		INFO	running
22-02-2016 12:56:35	Transmitter		INFO	running
22-02-2016 12:56:35	Transmitter		INFO	running
22-02-2016 12:56:36	Transmitter		INFO	running
22-02-2016 12:56:36	Transmitter		INFO	running
22-02-2016 12:56:36	Transmitter		INFO	running
22-02-2016 12:56:36	Transmitter		INFO	running
22-02-2016 12:56:36	Transmitter		INFO	running
22-02-2016 12:56:36	Transmitter		INFO	running
22-02-2016 12:56:36	Transmitter		INFO	running
22-02-2016 12:56:36	Transmitter		INFO	running
22-02-2016 12:56:36	Transmitter		INFO	running
22-02-2016 12:56:36	Transmitter		INFO	running
22-02-2016 12:56:36	Transmitter		INFO	running
22-02-2016 12:56:36	Transmitter		INFO	running
22-02-2016 12:56:36	Transmitter		INFO	running
22-02-2016 12:56:36	Transmitter		INFO	running
22-02-2016 12:56:36	Transmitter		INFO	running
22-02-2016 12:56:36	Transmitter		INFO	running
22-02-2016 12:56:36	Transmitter		INFO	running
22-02-2016 12:56:36	Transmitter		INFO	running
22-02-2016 12:56:36	Transmitter		INFO	running
22-02-2016 12:56:36	Transmitter		INFO	running
22-02-2016 12:56:36	Transmitter		INFO	running
22-02-2016 12:56:36	Transmitter		INFO	running
22-02-2016 12:56:36	Transmitter		INFO	running
22-02-2016 12:56:36	Transmitter		INFO	running
22-02-2016 12:56:36	Transmitter		INFO	running
22-02-2016 12:56:36	Transmitter		INFO	running
22-02-2016 12:56:36	Transmitter		INFO	running
22-02-2016 12:56:36	Transmitter		INFO	running
22-02-2016 12:56:36	Transmitter		INFO	running
22-02-2016 12:56:36	Transmitter		INFO	running
22-02-2016 12:56:36	Transmitter		INFO	running
22-02-2016 12:56:36	Transmitter		INFO	running
22-02-2016 12:56:36	Transmitter		INFO	running
22-02-2016 12:56:36	Transmitter		INFO	running
22-02-2016 12:56:36	Transmitter		INFO	running
22-02-2016 12:56:36	Transmitter		INFO	running
22-02-2016 12:56:36	Transmitter		INFO	running
22-02-2016 12:56:36	Transmitter		INFO	running
22-02-2016 12:56:36	Transmitter		INFO	running
22-02-2016 12:56:36	Transmitter		INFO	running
22-02-2016 12:56:36	Transmitter		INFO	running
22-02-2016 12:56:36	Transmitter		INFO	running
22-02-2016 12:56:36	Transmitter		INFO	running
22-02-2016 12:56:36	Transmitter		INFO	running
22-02-2016 12:56:36	Transmitter		INFO	running
22-02-2016 12:56:36	Transmitter		INFO	running
22-02-2016 12:56:36	Transmitter		INFO	running
22-02-2016 12:56:36	Transmitter		INFO	running
22-02-2016 12:56:36	Transmitter		INFO	running
22-02-2016 12:56:36	Transmitter		INFO	running
22-02-2016 12:56:36	Transmitter		INFO	running
22-02-2016 12:56:36	Transmitter		INFO	running
22-02-2016 12:56:36	Transmitter		INFO	running
22-02-2016 12:56:36	Transmitter		INFO	running
22-02-2016 12:56:36	Transmitter		INFO	running
22-02-2016 12:56:36	Transmitter		INFO	running
22-02-2016 12:56:36	CameraInterface		INFO	Read successful
22-02-2016 12:56:36	Controller		INFO	sending to transmitter
22-02-2016 12:56:36	Transmitter		INFO	pushing into buff
22-02-2016 12:56:36	Transmitter		INFO	pushing into buff
22-02-2016 12:56:36	Transmitter		INFO	running
22-02-2016 12:56:36	Transmitter		INFO	running
22-02-2016 12:56:36	Transmitter		INFO	running
22-02-2016 12:56:36	DataProcessor		INFO	polling
22-02-2016 12:56:36	Transmitter		INFO	getting from buffer
22-02-2016 12:56:36	CameraInterface		INFO	Read successful
22-02-2016 12:56:36	Controller		INFO	sending to transmitter
22-02-2016 12:56:36	Transmitter		INFO	pushing into buff
22-02-2016 12:56:36	DataProcessor		INFO	polling
22-02-2016 12:56:37	CameraInterface		INFO	Read successful
22-02-2016 12:56:37	Controller		INFO	sending to transmitter
22-02-2016 12:56:37	Transmitter		INFO	pushing into buff
22-02-2016 12:56:37	DataProcessor		INFO	polling
22-02-2016 12:56:37	CameraInterface		INFO	Read successful
22-02-2016 12:56:37	Controller		INFO	sending to transmitter
22-02-2016 12:56:37	Transmitter		INFO	pushing into buff
22-02-2016 12:56:37	DataProcessor		INFO	polling
22-02-2016 12:56:37	CameraInterface		INFO	Read successful
22-02-2016 12:56:37	Controller		INFO	sending to transmitter
22-02-2016 12:56:37	Transmitter		INFO	pushing into buff
22-02-2016 12:56:37	DataProcessor		INFO	polling
22-02-2016 12:56:37	CameraInterface		INFO	Read successful
22-02-2016 12:56:37	Controller		INFO	sending to transmitter
22-02-2016 12:56:37	Transmitter		INFO	pushing into buff
22-02-2016 12:56:37	DataProcessor		INFO	polling
22-02-2016 12:56:37	CameraInterface		INFO	Read successful
22-02-2016 12:56:37	Controller		INFO	sending to transmitter
22-02-2016 12:56:37	Transmitter		INFO	pushing into buff
22-02-2016 12:56:37	DataProcessor		INFO	polling
22-02-2016 12:56:38	CameraInterface		INFO	Read successful
22-02-2016 12:56:38	Controller		INFO	sending to transmitter
22-02-2016 12:56:38	Transmitter		INFO	pushing into buff
22-02-2016 12:56:38	DataProcessor		INFO	polling
22-02-2016 12:56:38	CameraInterface		INFO	Read successful
22-02-2016 12:56:38	Controller		INFO	sending to transmitter
22-02-2016 12:56:38	Transmitter		INFO	pushing into buff
22-02-2016 12:56:38	DataProcessor		INFO	polling
22-02-2016 12:56:38	CameraInterface		INFO	Read successful
22-02-2016 12:56:38	Controller		INFO	sending to transmitter
22-02-2016 12:56:38	Transmitter		INFO	pushing into buff
22-02-2016 12:56:38	DataProcessor		INFO	polling
22-02-2016 12:56:38	CameraInterface		INFO	Read successful
22-02-2016 12:56:38	Controller		INFO	sending to transmitter
22-02-2016 12:56:38	Transmitter		INFO	pushing into buff
22-02-2016 12:56:38	DataProcessor		INFO	polling
22-02-2016 12:56:39	CameraInterface		INFO	Read successful
22-02-2016 12:56:39	Controller		INFO	sending to transmitter
22-02-2016 12:56:39	Transmitter		INFO	pushing into buff
22-02-2016 12:56:39	DataProcessor		INFO	polling
22-02-2016 12:56:39	CameraInterface		INFO	Read successful
22-02-2016 12:56:39	Controller		INFO	sending to transmitter
22-02-2016 12:56:39	Transmitter		INFO	pushing into buff
22-02-2016 12:56:39	DataProcessor		INFO	polling
22-02-2016 12:56:39	CameraInterface		INFO	Read successful
22-02-2016 12:56:39	Controller		INFO	sending to transmitter
22-02-2016 12:56:39	Transmitter		INFO	pushing into buff
22-02-2016 12:56:39	DataProcessor		INFO	polling
22-02-2016 12:56:39	CameraInterface		INFO	Read successful
22-02-2016 12:56:39	Controller		INFO	sending to transmitter
22-02-2016 12:56:39	Transmitter		INFO	pushing into buff
22-02-2016 12:56:39	DataProcessor		INFO	polling
22-02-2016 12:56:39	CameraInterface		INFO	Read successful
22-02-2016 12:56:39	Controller		INFO	sending to transmitter
22-02-2016 12:56:39	Transmitter		INFO	pushing into buff
22-02-2016 12:56:39	DataProcessor		INFO	polling
22-02-2016 12:56:40	CameraInterface		INFO	Read successful
22-02-2016 12:56:40	Controller		INFO	sending to transmitter
22-02-2016 12:56:40	Transmitter		INFO	pushing into buff
22-02-2016 12:56:40	DataProcessor		INFO	polling
22-02-2016 12:56:40	CameraInterface		INFO	Read successful
22-02-2016 12:56:40	Controller		INFO	sending to transmitter
22-02-2016 12:56:40	Transmitter		INFO	pushing into buff
22-02-2016 12:56:40	DataProcessor		INFO	polling
22-02-2016 12:56:40	CameraInterface		INFO	Read successful
22-02-2016 12:56:40	Controller		INFO	sending to transmitter
22-02-2016 12:56:40	Transmitter		INFO	pushing into buff
22-02-2016 12:56:40	DataProcessor		INFO	polling
22-02-2016 12:56:40	CameraInterface		INFO	Read successful
22-02-2016 12:56:40	Controller		INFO	sending to transmitter
22-02-2016 12:56:40	Transmitter		INFO	pushing into buff
22-02-2016 12:56:40	DataProcessor		INFO	polling
22-02-2016 12:56:40	CameraInterface		INFO	Read successful
22-02-2016 12:56:41	Controller		INFO	sending to transmitter
22-02-2016 12:56:41	Transmitter		INFO	pushing into buff
22-02-2016 12:56:41	DataProcessor		INFO	polling
22-02-2016 12:56:41	CameraInterface		INFO	Read successful
22-02-2016 12:56:41	Controller		INFO	sending to transmitter
22-02-2016 12:56:41	Transmitter		INFO	pushing into buff
22-02-2016 12:56:41	DataProcessor		INFO	polling
22-02-2016 12:56:41	CameraInterface		INFO	Read successful
22-02-2016 12:56:41	Controller		INFO	sending to transmitter
22-02-2016 12:56:41	Transmitter		INFO	pushing into buff
22-02-2016 12:56:41	DataProcessor		INFO	polling
22-02-2016 12:56:41	CameraInterface		INFO	Read successful
22-02-2016 12:56:41	Controller		INFO	sending to transmitter
22-02-2016 12:56:41	Transmitter		INFO	pushing into buff
22-02-2016 12:56:41	DataProcessor		INFO	polling
22-02-2016 12:56:41	Transmitter		INFO	sending string: 102434
22-02-2016 12:56:41	Transmitter		INFO	running
22-02-2016 12:56:41	Transmitter		INFO	getting from buffer
22-02-2016 12:56:41	CameraInterface		INFO	Read successful
22-02-2016 12:56:41	Controller		INFO	sending to transmitter
22-02-2016 12:56:41	Transmitter		INFO	pushing into buff
22-02-2016 12:56:41	DataProcessor		INFO	polling
22-02-2016 12:56:42	CameraInterface		INFO	Read successful
22-02-2016 12:56:42	Controller		INFO	sending to transmitter
22-02-2016 12:56:42	Transmitter		INFO	pushing into buff
22-02-2016 12:56:42	DataProcessor		INFO	polling
22-02-2016 12:56:42	CameraInterface		INFO	Read successful
22-02-2016 12:56:42	Controller		INFO	sending to transmitter
22-02-2016 12:56:42	Transmitter		INFO	pushing into buff
22-02-2016 12:56:42	DataProcessor		INFO	polling
22-02-2016 12:56:42	CameraInterface		INFO	Read successful
22-02-2016 12:56:42	Controller		INFO	sending to transmitter
22-02-2016 12:56:42	Transmitter		INFO	pushing into buff
22-02-2016 12:56:42	DataProcessor		INFO	polling
22-02-2016 12:56:42	CameraInterface		INFO	Read successful
22-02-2016 12:56:42	Controller		INFO	sending to transmitter
22-02-2016 12:56:42	Transmitter		INFO	pushing into buff
22-02-2016 12:56:42	DataProcessor		INFO	polling
22-02-2016 12:56:42	CameraInterface		INFO	Read successful
22-02-2016 12:56:43	Controller		INFO	sending to transmitter
22-02-2016 12:56:43	Transmitter		INFO	pushing into buff
22-02-2016 12:56:43	DataProcessor		INFO	polling
22-02-2016 12:56:43	CameraInterface		INFO	Read successful
22-02-2016 12:56:43	Controller		INFO	sending to transmitter
22-02-2016 12:56:43	Transmitter		INFO	pushing into buff
22-02-2016 12:56:43	DataProcessor		INFO	polling
22-02-2016 12:56:43	CameraInterface		INFO	Read successful
22-02-2016 12:56:43	Controller		INFO	sending to transmitter
22-02-2016 12:56:43	Transmitter		INFO	pushing into buff
22-02-2016 12:56:43	DataProcessor		INFO	polling
22-02-2016 12:56:43	CameraInterface		INFO	Read successful
22-02-2016 12:56:43	Controller		INFO	sending to transmitter
22-02-2016 12:56:43	Transmitter		INFO	pushing into buff
22-02-2016 12:56:43	DataProcessor		INFO	polling
22-02-2016 12:56:43	CameraInterface		INFO	Read successful
22-02-2016 12:56:43	Controller		INFO	sending to transmitter
22-02-2016 12:56:43	Transmitter		INFO	pushing into buff
22-02-2016 12:56:43	DataProcessor		INFO	polling
22-02-2016 12:56:44	CameraInterface		INFO	Read successful
22-02-2016 12:56:44	Controller		INFO	sending to transmitter
22-02-2016 12:56:44	Transmitter		INFO	pushing into buff
22-02-2016 12:56:44	DataProcessor		INFO	polling
22-02-2016 12:56:44	CameraInterface		INFO	Read successful
22-02-2016 12:56:44	Controller		INFO	sending to transmitter
22-02-2016 12:56:44	Transmitter		INFO	pushing into buff
22-02-2016 12:56:44	DataProcessor		INFO	polling
22-02-2016 12:56:44	CameraInterface		INFO	Read successful
22-02-2016 12:56:44	Controller		INFO	sending to transmitter
22-02-2016 12:56:44	Transmitter		INFO	pushing into buff
22-02-2016 12:56:44	DataProcessor		INFO	polling
22-02-2016 12:56:44	CameraInterface		INFO	Read successful
22-02-2016 12:56:44	Controller		INFO	sending to transmitter
22-02-2016 12:56:44	Transmitter		INFO	pushing into buff
22-02-2016 12:56:44	DataProcessor		INFO	polling
22-02-2016 12:56:44	CameraInterface		INFO	Read successful
22-02-2016 12:56:44	Controller		INFO	sending to transmitter
22-02-2016 12:56:44	Transmitter		INFO	pushing into buff
22-02-2016 12:56:44	DataProcessor		INFO	polling
22-02-2016 12:56:45	CameraInterface		INFO	Read successful
22-02-2016 12:56:45	Controller		INFO	sending to transmitter
22-02-2016 12:56:45	Transmitter		INFO	pushing into buff
22-02-2016 12:56:45	DataProcessor		INFO	polling
22-02-2016 12:56:45	CameraInterface		INFO	Read successful
22-02-2016 12:56:45	Controller		INFO	sending to transmitter
22-02-2016 12:56:45	Transmitter		INFO	pushing into buff
22-02-2016 12:56:45	DataProcessor		INFO	polling
22-02-2016 12:56:45	CameraInterface		INFO	Read successful
22-02-2016 12:56:45	Controller		INFO	sending to transmitter
22-02-2016 12:56:45	Transmitter		INFO	pushing into buff
22-02-2016 12:56:45	DataProcessor		INFO	polling
22-02-2016 12:56:45	CameraInterface		INFO	Read successful
22-02-2016 12:56:45	Controller		INFO	sending to transmitter
22-02-2016 12:56:45	Transmitter		INFO	pushing into buff
22-02-2016 12:56:45	DataProcessor		INFO	polling
22-02-2016 12:56:46	CameraInterface		INFO	Read successful
22-02-2016 12:56:46	Controller		INFO	sending to transmitter
22-02-2016 12:56:46	Transmitter		INFO	pushing into buff
22-02-2016 12:56:46	DataProcessor		INFO	polling
22-02-2016 12:56:46	CameraInterface		INFO	Read successful
22-02-2016 12:56:46	Controller		INFO	sending to transmitter
22-02-2016 12:56:46	Transmitter		INFO	pushing into buff
22-02-2016 12:56:46	DataProcessor		INFO	polling
22-02-2016 12:56:46	CameraInterface		INFO	Read successful
22-02-2016 12:56:46	Controller		INFO	sending to transmitter
22-02-2016 12:56:46	Transmitter		INFO	pushing into buff
22-02-2016 12:56:46	DataProcessor		INFO	polling
22-02-2016 12:56:46	CameraInterface		INFO	Read successful
22-02-2016 12:56:46	Controller		INFO	sending to transmitter
22-02-2016 12:56:46	Transmitter		INFO	pushing into buff
22-02-2016 12:56:46	DataProcessor		INFO	polling
22-02-2016 12:56:47	CameraInterface		INFO	Read successful
22-02-2016 12:56:47	Controller		INFO	sending to transmitter
22-02-2016 12:56:47	Transmitter		INFO	pushing into buff
22-02-2016 12:56:47	DataProcessor		INFO	polling
22-02-2016 12:56:47	CameraInterface		INFO	Read successful
22-02-2016 12:56:47	Controller		INFO	sending to transmitter
22-02-2016 12:56:47	Transmitter		INFO	pushing into buff
22-02-2016 12:56:47	DataProcessor		INFO	polling
22-02-2016 12:56:47	CameraInterface		INFO	Read successful
22-02-2016 12:56:47	Controller		INFO	sending to transmitter
22-02-2016 12:56:47	Transmitter		INFO	pushing into buff
22-02-2016 12:56:47	DataProcessor		INFO	polling
22-02-2016 12:56:47	CameraInterface		INFO	Read successful
22-02-2016 12:56:47	Controller		INFO	sending to transmitter
22-02-2016 12:56:47	Transmitter		INFO	pushing into buff
22-02-2016 12:56:47	DataProcessor		INFO	polling
22-02-2016 12:56:47	CameraInterface		INFO	Read successful
22-02-2016 12:56:47	Controller		INFO	sending to transmitter
22-02-2016 12:56:47	Transmitter		INFO	pushing into buff
22-02-2016 12:56:47	DataProcessor		INFO	polling
22-02-2016 12:56:48	CameraInterface		INFO	Read successful
22-02-2016 12:56:48	Controller		INFO	sending to transmitter
22-02-2016 12:56:48	Transmitter		INFO	pushing into buff
22-02-2016 12:56:48	DataProcessor		INFO	polling
22-02-2016 12:56:48	CameraInterface		INFO	Read successful
22-02-2016 12:56:48	Controller		INFO	sending to transmitter
22-02-2016 12:56:48	Transmitter		INFO	pushing into buff
22-02-2016 12:56:48	DataProcessor		INFO	polling
22-02-2016 12:56:48	CameraInterface		INFO	Read successful
22-02-2016 12:56:48	Controller		INFO	sending to transmitter
22-02-2016 12:56:48	Transmitter		INFO	pushing into buff
22-02-2016 12:56:48	DataProcessor		INFO	polling
22-02-2016 12:56:48	CameraInterface		INFO	Read successful
22-02-2016 12:56:48	Controller		INFO	sending to transmitter
22-02-2016 12:56:48	Transmitter		INFO	pushing into buff
22-02-2016 12:56:48	DataProcessor		INFO	polling
22-02-2016 12:56:49	CameraInterface		INFO	Read successful
22-02-2016 12:56:49	Controller		INFO	sending to transmitter
22-02-2016 12:56:49	Transmitter		INFO	pushing into buff
22-02-2016 12:56:49	DataProcessor		INFO	polling
22-02-2016 12:56:49	CameraInterface		INFO	Read successful
22-02-2016 12:56:49	Controller		INFO	sending to transmitter
22-02-2016 12:56:49	Transmitter		INFO	pushing into buff
22-02-2016 12:56:49	DataProcessor		INFO	polling
22-02-2016 12:56:49	CameraInterface		INFO	Read successful
22-02-2016 12:56:49	Controller		INFO	sending to transmitter
22-02-2016 12:56:49	Transmitter		INFO	pushing into buff
22-02-2016 12:56:49	DataProcessor		INFO	polling
22-02-2016 12:56:49	CameraInterface		INFO	Read successful
22-02-2016 12:56:49	Controller		INFO	sending to transmitter
22-02-2016 12:56:49	Transmitter		INFO	pushing into buff
22-02-2016 12:56:49	DataProcessor		INFO	polling
22-02-2016 12:56:49	CameraInterface		INFO	Read successful
22-02-2016 12:56:49	Controller		INFO	sending to transmitter
22-02-2016 12:56:49	Transmitter		INFO	pushing into buff
22-02-2016 12:56:49	DataProcessor		INFO	polling
22-02-2016 12:56:50	Transmitter		INFO	sending string: 1276665
22-02-2016 12:56:50	CameraInterface		INFO	Read successful
22-02-2016 12:56:50	Controller		INFO	sending to transmitter
22-02-2016 12:56:50	Transmitter		INFO	pushing into buff
22-02-2016 12:56:50	DataProcessor		INFO	polling
22-02-2016 12:56:50	CameraInterface		INFO	Read successful
22-02-2016 12:56:50	Controller		INFO	sending to transmitter
22-02-2016 12:56:50	Transmitter		INFO	pushing into buff
22-02-2016 12:56:50	DataProcessor		INFO	polling
22-02-2016 12:56:51	CameraInterface		INFO	Read successful
22-02-2016 12:56:51	Controller		INFO	sending to transmitter
22-02-2016 12:56:51	Transmitter		INFO	pushing into buff
22-02-2016 12:56:51	DataProcessor		INFO	polling
22-02-2016 12:56:51	Transmitter		INFO	running
22-02-2016 12:56:51	Transmitter		INFO	getting from buffer
22-02-2016 12:56:51	CameraInterface		INFO	Read successful
22-02-2016 12:56:51	Controller		INFO	sending to transmitter
22-02-2016 12:56:51	Transmitter		INFO	pushing into buff
22-02-2016 12:56:51	DataProcessor		INFO	polling
22-02-2016 12:56:51	CameraInterface		INFO	Read successful
22-02-2016 12:56:51	Controller		INFO	sending to transmitter
22-02-2016 12:56:51	Transmitter		INFO	pushing into buff
22-02-2016 12:56:51	DataProcessor		INFO	polling
22-02-2016 12:56:51	CameraInterface		INFO	Read successful
22-02-2016 12:56:51	Controller		INFO	sending to transmitter
22-02-2016 12:56:52	Transmitter		INFO	pushing into buff
22-02-2016 12:56:52	DataProcessor		INFO	polling
22-02-2016 12:56:52	CameraInterface		INFO	Read successful
22-02-2016 12:56:52	Controller		INFO	sending to transmitter
22-02-2016 12:56:52	Transmitter		INFO	pushing into buff
22-02-2016 12:56:52	DataProcessor		INFO	polling
22-02-2016 12:56:52	CameraInterface		INFO	Read successful
22-02-2016 12:56:52	Controller		INFO	sending to transmitter
22-02-2016 12:56:52	Transmitter		INFO	pushing into buff
22-02-2016 12:56:52	DataProcessor		INFO	polling
22-02-2016 12:56:52	CameraInterface		INFO	Read successful
22-02-2016 12:56:52	Controller		INFO	sending to transmitter
22-02-2016 12:56:52	Transmitter		INFO	pushing into buff
22-02-2016 12:56:52	DataProcessor		INFO	polling
22-02-2016 12:56:52	CameraInterface		INFO	Read successful
22-02-2016 12:56:52	Controller		INFO	sending to transmitter
22-02-2016 12:56:52	Transmitter		INFO	pushing into buff
22-02-2016 12:56:52	DataProcessor		INFO	polling
22-02-2016 12:56:53	CameraInterface		INFO	Read successful
22-02-2016 12:56:53	Controller		INFO	sending to transmitter
22-02-2016 12:56:53	Transmitter		INFO	pushing into buff
22-02-2016 12:56:53	DataProcessor		INFO	polling
22-02-2016 12:56:53	CameraInterface		INFO	Read successful
22-02-2016 12:56:53	Controller		INFO	sending to transmitter
22-02-2016 12:56:53	Transmitter		INFO	pushing into buff
22-02-2016 12:56:53	DataProcessor		INFO	polling
22-02-2016 12:56:53	CameraInterface		INFO	Read successful
22-02-2016 12:56:53	Controller		INFO	sending to transmitter
22-02-2016 12:56:53	Transmitter		INFO	pushing into buff
22-02-2016 12:56:53	DataProcessor		INFO	polling
22-02-2016 12:56:53	CameraInterface		INFO	Read successful
22-02-2016 12:56:53	Controller		INFO	sending to transmitter
22-02-2016 12:56:53	Transmitter		INFO	pushing into buff
22-02-2016 12:56:53	DataProcessor		INFO	polling
22-02-2016 12:56:53	CameraInterface		INFO	Read successful
22-02-2016 12:56:53	Controller		INFO	sending to transmitter
22-02-2016 12:56:53	Transmitter		INFO	pushing into buff
22-02-2016 12:56:53	DataProcessor		INFO	polling
22-02-2016 12:56:54	CameraInterface		INFO	Read successful
22-02-2016 12:56:54	Controller		INFO	sending to transmitter
22-02-2016 12:56:54	Transmitter		INFO	pushing into buff
22-02-2016 12:56:54	DataProcessor		INFO	polling
22-02-2016 12:56:54	CameraInterface		INFO	Read successful
22-02-2016 12:56:54	Controller		INFO	sending to transmitter
22-02-2016 12:56:54	Transmitter		INFO	pushing into buff
22-02-2016 12:56:54	DataProcessor		INFO	polling
22-02-2016 12:56:54	CameraInterface		INFO	Read successful
22-02-2016 12:56:54	Controller		INFO	sending to transmitter
22-02-2016 12:56:54	Transmitter		INFO	pushing into buff
22-02-2016 12:56:54	DataProcessor		INFO	polling
22-02-2016 12:56:54	CameraInterface		INFO	Read successful
22-02-2016 12:56:54	Controller		INFO	sending to transmitter
22-02-2016 12:56:54	Transmitter		INFO	pushing into buff
22-02-2016 12:56:54	DataProcessor		INFO	polling
22-02-2016 12:56:55	CameraInterface		INFO	Read successful
22-02-2016 12:56:55	Controller		INFO	sending to transmitter
22-02-2016 12:56:55	Transmitter		INFO	pushing into buff
22-02-2016 12:56:55	DataProcessor		INFO	polling
22-02-2016 12:56:55	CameraInterface		INFO	Read successful
22-02-2016 12:56:55	Controller		INFO	sending to transmitter
22-02-2016 12:56:55	Transmitter		INFO	pushing into buff
22-02-2016 12:56:55	DataProcessor		INFO	polling
22-02-2016 12:56:55	CameraInterface		INFO	Read successful
22-02-2016 12:56:55	Controller		INFO	sending to transmitter
22-02-2016 12:56:55	Transmitter		INFO	pushing into buff
22-02-2016 12:56:55	DataProcessor		INFO	polling
22-02-2016 12:56:55	CameraInterface		INFO	Read successful
22-02-2016 12:56:55	Controller		INFO	sending to transmitter
22-02-2016 12:56:55	Transmitter		INFO	pushing into buff
22-02-2016 12:56:55	DataProcessor		INFO	polling
22-02-2016 12:56:56	CameraInterface		INFO	Read successful
22-02-2016 12:56:56	Controller		INFO	sending to transmitter
22-02-2016 12:56:56	Transmitter		INFO	pushing into buff
22-02-2016 12:56:56	DataProcessor		INFO	polling
22-02-2016 12:56:56	CameraInterface		INFO	Read successful
22-02-2016 12:56:56	Controller		INFO	sending to transmitter
22-02-2016 12:56:56	Transmitter		INFO	pushing into buff
22-02-2016 12:56:56	DataProcessor		INFO	polling
22-02-2016 12:56:56	CameraInterface		INFO	Read successful
22-02-2016 12:56:56	Controller		INFO	sending to transmitter
22-02-2016 12:56:56	Transmitter		INFO	pushing into buff
22-02-2016 12:56:56	DataProcessor		INFO	polling
22-02-2016 12:56:56	CameraInterface		INFO	Read successful
22-02-2016 12:56:56	Controller		INFO	sending to transmitter
22-02-2016 12:56:56	Transmitter		INFO	pushing into buff
22-02-2016 12:56:56	DataProcessor		INFO	polling
22-02-2016 12:56:57	CameraInterface		INFO	Read successful
22-02-2016 12:56:57	Controller		INFO	sending to transmitter
22-02-2016 12:56:57	Transmitter		INFO	pushing into buff
22-02-2016 12:56:57	DataProcessor		INFO	polling
