22-02-2016 12:31:26	Main		TRACE	Logger initialized.
22-02-2016 12:31:26	PropertyReader		TRACE	Opening file: settings/settings.txt
22-02-2016 12:31:26	PropertyReader		INFO	File opened: settings/settings.txt
22-02-2016 12:31:26	PropertyReader		INFO	Loading properties file...
22-02-2016 12:31:26	PropertyReader		INFO	Mapped TRACE to LOGGING_LEVEL
22-02-2016 12:31:26	PropertyReader		INFO	Mapped 100 to CAM_BUFFER_SIZE
22-02-2016 12:31:26	PropertyReader		INFO	Mapped 15 to CAM_POLL_FREQUENCY
22-02-2016 12:31:26	PropertyReader		INFO	Mapped 0 to CAM_INDEX
22-02-2016 12:31:26	PropertyReader		DEBUG	Loaded 4 properties successfully
22-02-2016 12:31:26	Controller		INFO	Constructor controller
22-02-2016 12:31:26	Transmitter		INFO	socket retrieve success
22-02-2016 12:31:26	Transmitter		INFO	binding done
22-02-2016 12:31:26	Transmitter		INFO	done listening
22-02-2016 12:33:02	Transmitter		INFO	accepting
22-02-2016 12:33:02	Main		TRACE	intializing controller
22-02-2016 12:33:02	Controller		INFO	Initializing Controller
22-02-2016 12:33:02	Main		TRACE	initializing dataprocessor
22-02-2016 12:33:02	CameraInterface		INFO	Initializing camera
22-02-2016 12:33:02	CameraInterface		INFO	Opening video capture stream at position 0
22-02-2016 12:33:02	ControllerThread		INFO	Starting Controller Thread execution loop
22-02-2016 12:33:02	Transmitter		INFO	Starting Receiver Thread execution loop
22-02-2016 12:33:02	Transmitter		INFO	running
22-02-2016 12:33:02	Receiver		INFO	Starting Receiver Thread execution loop
22-02-2016 12:33:02	Transmitter		INFO	running
22-02-2016 12:33:02	Transmitter		INFO	running
22-02-2016 12:33:02	Transmitter		INFO	running
22-02-2016 12:33:02	Transmitter		INFO	running
22-02-2016 12:33:02	Transmitter		INFO	running
22-02-2016 12:33:02	Transmitter		INFO	running
22-02-2016 12:33:02	Transmitter		INFO	running
22-02-2016 12:33:02	Transmitter		INFO	running
22-02-2016 12:33:02	Transmitter		INFO	running
22-02-2016 12:33:02	Transmitter		INFO	running
22-02-2016 12:33:02	Transmitter		INFO	running
22-02-2016 12:33:02	Transmitter		INFO	running
22-02-2016 12:33:02	Transmitter		INFO	running
22-02-2016 12:33:02	Transmitter		INFO	running
22-02-2016 12:33:02	Transmitter		INFO	running
22-02-2016 12:33:02	Transmitter		INFO	running
22-02-2016 12:33:02	Transmitter		INFO	running
22-02-2016 12:33:02	Transmitter		INFO	running
22-02-2016 12:33:02	Transmitter		INFO	running
22-02-2016 12:33:02	Transmitter		INFO	running
22-02-2016 12:33:02	Transmitter		INFO	running
22-02-2016 12:33:02	Transmitter		INFO	running
22-02-2016 12:33:02	Transmitter		INFO	running
22-02-2016 12:33:02	Transmitter		INFO	running
22-02-2016 12:33:02	Transmitter		INFO	running
22-02-2016 12:33:02	Transmitter		INFO	running
22-02-2016 12:33:02	Transmitter		INFO	running
22-02-2016 12:33:02	Transmitter		INFO	running
22-02-2016 12:33:02	Transmitter		INFO	running
22-02-2016 12:33:02	Main		TRACE	running controller
22-02-2016 12:33:02	DataProcessor		INFO	polling
22-02-2016 12:33:02	Transmitter		INFO	running
22-02-2016 12:33:02	Transmitter		INFO	running
22-02-2016 12:33:03	Transmitter		INFO	running
22-02-2016 12:33:03	Transmitter		INFO	running
22-02-2016 12:33:03	Transmitter		INFO	running
22-02-2016 12:33:03	Transmitter		INFO	running
22-02-2016 12:33:03	Transmitter		INFO	running
22-02-2016 12:33:03	Transmitter		INFO	running
22-02-2016 12:33:03	Transmitter		INFO	running
22-02-2016 12:33:03	Transmitter		INFO	running
22-02-2016 12:33:03	Transmitter		INFO	running
22-02-2016 12:33:03	Transmitter		INFO	running
22-02-2016 12:33:03	Transmitter		INFO	running
22-02-2016 12:33:03	Transmitter		INFO	running
22-02-2016 12:33:03	Transmitter		INFO	running
22-02-2016 12:33:03	Transmitter		INFO	running
22-02-2016 12:33:03	Transmitter		INFO	running
22-02-2016 12:33:03	Transmitter		INFO	running
22-02-2016 12:33:03	Transmitter		INFO	running
22-02-2016 12:33:03	Transmitter		INFO	running
22-02-2016 12:33:03	Transmitter		INFO	running
22-02-2016 12:33:03	Transmitter		INFO	running
22-02-2016 12:33:03	Transmitter		INFO	running
22-02-2016 12:33:03	Transmitter		INFO	running
22-02-2016 12:33:03	Transmitter		INFO	running
22-02-2016 12:33:03	Transmitter		INFO	running
22-02-2016 12:33:03	Transmitter		INFO	running
22-02-2016 12:33:03	Transmitter		INFO	running
22-02-2016 12:33:03	Transmitter		INFO	running
22-02-2016 12:33:03	Transmitter		INFO	running
22-02-2016 12:33:03	Transmitter		INFO	running
22-02-2016 12:33:03	Transmitter		INFO	running
22-02-2016 12:33:03	Transmitter		INFO	running
22-02-2016 12:33:03	Transmitter		INFO	running
22-02-2016 12:33:03	Transmitter		INFO	running
22-02-2016 12:33:03	Transmitter		INFO	running
22-02-2016 12:33:03	Transmitter		INFO	running
22-02-2016 12:33:03	Transmitter		INFO	running
22-02-2016 12:33:03	Transmitter		INFO	running
22-02-2016 12:33:03	Transmitter		INFO	running
22-02-2016 12:33:03	Transmitter		INFO	running
22-02-2016 12:33:03	Transmitter		INFO	running
22-02-2016 12:33:03	Transmitter		INFO	running
22-02-2016 12:33:03	Transmitter		INFO	running
22-02-2016 12:33:03	Transmitter		INFO	running
22-02-2016 12:33:03	Transmitter		INFO	running
22-02-2016 12:33:03	Transmitter		INFO	running
22-02-2016 12:33:03	Transmitter		INFO	running
22-02-2016 12:33:03	Transmitter		INFO	running
22-02-2016 12:33:03	Transmitter		INFO	running
22-02-2016 12:33:03	Transmitter		INFO	running
22-02-2016 12:33:03	Transmitter		INFO	running
22-02-2016 12:33:03	Transmitter		INFO	running
22-02-2016 12:33:03	Transmitter		INFO	running
22-02-2016 12:33:03	Transmitter		INFO	running
22-02-2016 12:33:03	Transmitter		INFO	running
22-02-2016 12:33:03	Transmitter		INFO	running
22-02-2016 12:33:03	Transmitter		INFO	running
22-02-2016 12:33:03	Transmitter		INFO	running
22-02-2016 12:33:03	Transmitter		INFO	running
22-02-2016 12:33:03	Transmitter		INFO	running
22-02-2016 12:33:03	Transmitter		INFO	running
22-02-2016 12:33:03	Transmitter		INFO	running
22-02-2016 12:33:03	Transmitter		INFO	running
22-02-2016 12:33:03	Transmitter		INFO	running
22-02-2016 12:33:03	Transmitter		INFO	running
22-02-2016 12:33:03	Transmitter		INFO	running
22-02-2016 12:33:03	Transmitter		INFO	running
22-02-2016 12:33:03	Transmitter		INFO	running
22-02-2016 12:33:03	Transmitter		INFO	running
22-02-2016 12:33:03	Transmitter		INFO	running
22-02-2016 12:33:03	Transmitter		INFO	running
22-02-2016 12:33:03	Transmitter		INFO	running
22-02-2016 12:33:03	Transmitter		INFO	running
22-02-2016 12:33:03	Transmitter		INFO	running
22-02-2016 12:33:03	Transmitter		INFO	running
22-02-2016 12:33:03	Transmitter		INFO	running
22-02-2016 12:33:03	Transmitter		INFO	running
22-02-2016 12:33:03	Transmitter		INFO	running
22-02-2016 12:33:03	Transmitter		INFO	running
22-02-2016 12:33:03	Transmitter		INFO	running
22-02-2016 12:33:03	Transmitter		INFO	running
22-02-2016 12:33:03	Transmitter		INFO	running
22-02-2016 12:33:03	Transmitter		INFO	running
22-02-2016 12:33:03	Transmitter		INFO	running
22-02-2016 12:33:03	Transmitter		INFO	running
22-02-2016 12:33:03	Transmitter		INFO	running
22-02-2016 12:33:03	Transmitter		INFO	running
22-02-2016 12:33:03	Transmitter		INFO	running
22-02-2016 12:33:03	Transmitter		INFO	running
22-02-2016 12:33:03	CameraInterface		INFO	Read successful
22-02-2016 12:33:03	Controller		INFO	sending to transmitter
22-02-2016 12:33:03	Transmitter		INFO	pushing into buff
22-02-2016 12:33:03	Transmitter		INFO	running
22-02-2016 12:33:03	Transmitter		INFO	getting from buffer
22-02-2016 12:33:03	DataProcessor		INFO	polling
22-02-2016 12:33:03	CameraInterface		INFO	Read successful
22-02-2016 12:33:04	Controller		INFO	sending to transmitter
22-02-2016 12:33:04	Transmitter		INFO	pushing into buff
22-02-2016 12:33:04	DataProcessor		INFO	polling
22-02-2016 12:33:04	CameraInterface		INFO	Read successful
22-02-2016 12:33:04	Controller		INFO	sending to transmitter
22-02-2016 12:33:04	Transmitter		INFO	pushing into buff
22-02-2016 12:33:04	DataProcessor		INFO	polling
22-02-2016 12:33:04	CameraInterface		INFO	Read successful
22-02-2016 12:33:04	Controller		INFO	sending to transmitter
22-02-2016 12:33:04	Transmitter		INFO	pushing into buff
22-02-2016 12:33:04	DataProcessor		INFO	polling
22-02-2016 12:33:04	CameraInterface		INFO	Read successful
22-02-2016 12:33:04	Controller		INFO	sending to transmitter
22-02-2016 12:33:04	Transmitter		INFO	pushing into buff
22-02-2016 12:33:04	DataProcessor		INFO	polling
22-02-2016 12:33:04	CameraInterface		INFO	Read successful
22-02-2016 12:33:04	Controller		INFO	sending to transmitter
22-02-2016 12:33:04	Transmitter		INFO	pushing into buff
22-02-2016 12:33:04	DataProcessor		INFO	polling
22-02-2016 12:33:05	CameraInterface		INFO	Read successful
22-02-2016 12:33:05	Controller		INFO	sending to transmitter
22-02-2016 12:33:05	Transmitter		INFO	pushing into buff
22-02-2016 12:33:05	DataProcessor		INFO	polling
22-02-2016 12:33:05	CameraInterface		INFO	Read successful
22-02-2016 12:33:05	Controller		INFO	sending to transmitter
22-02-2016 12:33:05	Transmitter		INFO	pushing into buff
22-02-2016 12:33:05	DataProcessor		INFO	polling
22-02-2016 12:33:05	CameraInterface		INFO	Read successful
22-02-2016 12:33:05	Controller		INFO	sending to transmitter
22-02-2016 12:33:05	Transmitter		INFO	pushing into buff
22-02-2016 12:33:05	DataProcessor		INFO	polling
22-02-2016 12:33:05	CameraInterface		INFO	Read successful
22-02-2016 12:33:05	Controller		INFO	sending to transmitter
22-02-2016 12:33:05	Transmitter		INFO	pushing into buff
22-02-2016 12:33:05	DataProcessor		INFO	polling
22-02-2016 12:33:06	CameraInterface		INFO	Read successful
22-02-2016 12:33:06	Controller		INFO	sending to transmitter
22-02-2016 12:33:06	Transmitter		INFO	pushing into buff
22-02-2016 12:33:06	DataProcessor		INFO	polling
22-02-2016 12:33:06	CameraInterface		INFO	Read successful
22-02-2016 12:33:06	Controller		INFO	sending to transmitter
22-02-2016 12:33:06	Transmitter		INFO	pushing into buff
22-02-2016 12:33:06	DataProcessor		INFO	polling
22-02-2016 12:33:06	CameraInterface		INFO	Read successful
22-02-2016 12:33:06	Controller		INFO	sending to transmitter
22-02-2016 12:33:06	Transmitter		INFO	pushing into buff
22-02-2016 12:33:06	DataProcessor		INFO	polling
22-02-2016 12:33:06	CameraInterface		INFO	Read successful
22-02-2016 12:33:06	Controller		INFO	sending to transmitter
22-02-2016 12:33:06	Transmitter		INFO	pushing into buff
22-02-2016 12:33:06	DataProcessor		INFO	polling
22-02-2016 12:33:07	CameraInterface		INFO	Read successful
22-02-2016 12:33:07	Controller		INFO	sending to transmitter
22-02-2016 12:33:07	Transmitter		INFO	pushing into buff
22-02-2016 12:33:07	DataProcessor		INFO	polling
22-02-2016 12:33:07	CameraInterface		INFO	Read successful
22-02-2016 12:33:07	Controller		INFO	sending to transmitter
22-02-2016 12:33:07	Transmitter		INFO	pushing into buff
22-02-2016 12:33:07	DataProcessor		INFO	polling
22-02-2016 12:33:07	CameraInterface		INFO	Read successful
22-02-2016 12:33:07	Controller		INFO	sending to transmitter
22-02-2016 12:33:07	Transmitter		INFO	pushing into buff
22-02-2016 12:33:07	DataProcessor		INFO	polling
22-02-2016 12:33:07	CameraInterface		INFO	Read successful
22-02-2016 12:33:07	Controller		INFO	sending to transmitter
22-02-2016 12:33:07	Transmitter		INFO	pushing into buff
22-02-2016 12:33:07	DataProcessor		INFO	polling
22-02-2016 12:33:08	CameraInterface		INFO	Read successful
22-02-2016 12:33:08	Controller		INFO	sending to transmitter
22-02-2016 12:33:08	Transmitter		INFO	pushing into buff
22-02-2016 12:33:08	DataProcessor		INFO	polling
22-02-2016 12:33:08	CameraInterface		INFO	Read successful
22-02-2016 12:33:08	Controller		INFO	sending to transmitter
22-02-2016 12:33:08	Transmitter		INFO	pushing into buff
22-02-2016 12:33:08	DataProcessor		INFO	polling
22-02-2016 12:33:08	CameraInterface		INFO	Read successful
22-02-2016 12:33:08	Controller		INFO	sending to transmitter
22-02-2016 12:33:08	Transmitter		INFO	pushing into buff
22-02-2016 12:33:08	DataProcessor		INFO	polling
22-02-2016 12:33:08	CameraInterface		INFO	Read successful
22-02-2016 12:33:08	Controller		INFO	sending to transmitter
22-02-2016 12:33:08	Transmitter		INFO	pushing into buff
22-02-2016 12:33:08	DataProcessor		INFO	polling
22-02-2016 12:33:08	CameraInterface		INFO	Read successful
22-02-2016 12:33:08	Controller		INFO	sending to transmitter
22-02-2016 12:33:08	Transmitter		INFO	pushing into buff
22-02-2016 12:33:08	DataProcessor		INFO	polling
22-02-2016 12:33:09	Transmitter		INFO	sending string: 84910
22-02-2016 12:33:09	CameraInterface		INFO	Read successful
22-02-2016 12:33:09	Controller		INFO	sending to transmitter
22-02-2016 12:33:09	Transmitter		INFO	pushing into buff
22-02-2016 12:33:09	DataProcessor		INFO	polling
22-02-2016 12:33:09	Transmitter		INFO	running
22-02-2016 12:33:09	Transmitter		INFO	getting from buffer
22-02-2016 12:33:09	CameraInterface		INFO	Read successful
22-02-2016 12:33:09	Controller		INFO	sending to transmitter
22-02-2016 12:33:09	Transmitter		INFO	pushing into buff
22-02-2016 12:33:09	DataProcessor		INFO	polling
22-02-2016 12:33:09	CameraInterface		INFO	Read successful
22-02-2016 12:33:09	Controller		INFO	sending to transmitter
22-02-2016 12:33:09	Transmitter		INFO	pushing into buff
22-02-2016 12:33:09	DataProcessor		INFO	polling
22-02-2016 12:33:10	CameraInterface		INFO	Read successful
22-02-2016 12:33:10	Controller		INFO	sending to transmitter
22-02-2016 12:33:10	Transmitter		INFO	pushing into buff
22-02-2016 12:33:10	DataProcessor		INFO	polling
22-02-2016 12:33:10	CameraInterface		INFO	Read successful
22-02-2016 12:33:10	Controller		INFO	sending to transmitter
22-02-2016 12:33:10	Transmitter		INFO	pushing into buff
22-02-2016 12:33:10	DataProcessor		INFO	polling
22-02-2016 12:33:10	CameraInterface		INFO	Read successful
22-02-2016 12:33:10	Controller		INFO	sending to transmitter
22-02-2016 12:33:10	Transmitter		INFO	pushing into buff
22-02-2016 12:33:10	DataProcessor		INFO	polling
22-02-2016 12:33:10	CameraInterface		INFO	Read successful
22-02-2016 12:33:10	Controller		INFO	sending to transmitter
22-02-2016 12:33:10	Transmitter		INFO	pushing into buff
22-02-2016 12:33:10	DataProcessor		INFO	polling
22-02-2016 12:33:10	CameraInterface		INFO	Read successful
22-02-2016 12:33:10	Controller		INFO	sending to transmitter
22-02-2016 12:33:10	Transmitter		INFO	pushing into buff
22-02-2016 12:33:10	DataProcessor		INFO	polling
22-02-2016 12:33:11	CameraInterface		INFO	Read successful
22-02-2016 12:33:11	Controller		INFO	sending to transmitter
22-02-2016 12:33:11	Transmitter		INFO	pushing into buff
22-02-2016 12:33:11	DataProcessor		INFO	polling
22-02-2016 12:33:11	CameraInterface		INFO	Read successful
22-02-2016 12:33:11	Controller		INFO	sending to transmitter
22-02-2016 12:33:11	Transmitter		INFO	pushing into buff
22-02-2016 12:33:11	DataProcessor		INFO	polling
22-02-2016 12:33:11	CameraInterface		INFO	Read successful
22-02-2016 12:33:11	Controller		INFO	sending to transmitter
22-02-2016 12:33:11	Transmitter		INFO	pushing into buff
22-02-2016 12:33:11	DataProcessor		INFO	polling
22-02-2016 12:33:11	CameraInterface		INFO	Read successful
22-02-2016 12:33:11	Controller		INFO	sending to transmitter
22-02-2016 12:33:11	Transmitter		INFO	pushing into buff
22-02-2016 12:33:11	DataProcessor		INFO	polling
22-02-2016 12:33:11	CameraInterface		INFO	Read successful
22-02-2016 12:33:12	Controller		INFO	sending to transmitter
22-02-2016 12:33:12	Transmitter		INFO	pushing into buff
22-02-2016 12:33:12	DataProcessor		INFO	polling
22-02-2016 12:33:12	CameraInterface		INFO	Read successful
22-02-2016 12:33:12	Controller		INFO	sending to transmitter
22-02-2016 12:33:12	Transmitter		INFO	pushing into buff
22-02-2016 12:33:12	DataProcessor		INFO	polling
22-02-2016 12:33:12	CameraInterface		INFO	Read successful
22-02-2016 12:33:12	Controller		INFO	sending to transmitter
22-02-2016 12:33:12	Transmitter		INFO	pushing into buff
22-02-2016 12:33:12	DataProcessor		INFO	polling
22-02-2016 12:33:12	CameraInterface		INFO	Read successful
22-02-2016 12:33:12	Controller		INFO	sending to transmitter
22-02-2016 12:33:12	Transmitter		INFO	pushing into buff
22-02-2016 12:33:12	DataProcessor		INFO	polling
22-02-2016 12:33:12	CameraInterface		INFO	Read successful
22-02-2016 12:33:12	Controller		INFO	sending to transmitter
22-02-2016 12:33:12	Transmitter		INFO	pushing into buff
22-02-2016 12:33:12	DataProcessor		INFO	polling
22-02-2016 12:33:13	CameraInterface		INFO	Read successful
22-02-2016 12:33:13	Controller		INFO	sending to transmitter
22-02-2016 12:33:13	Transmitter		INFO	pushing into buff
22-02-2016 12:33:13	DataProcessor		INFO	polling
22-02-2016 12:33:13	CameraInterface		INFO	Read successful
22-02-2016 12:33:13	Controller		INFO	sending to transmitter
22-02-2016 12:33:13	Transmitter		INFO	pushing into buff
22-02-2016 12:33:13	DataProcessor		INFO	polling
22-02-2016 12:33:13	CameraInterface		INFO	Read successful
22-02-2016 12:33:13	Controller		INFO	sending to transmitter
22-02-2016 12:33:13	Transmitter		INFO	pushing into buff
22-02-2016 12:33:13	DataProcessor		INFO	polling
22-02-2016 12:33:13	CameraInterface		INFO	Read successful
22-02-2016 12:33:13	Controller		INFO	sending to transmitter
22-02-2016 12:33:13	Transmitter		INFO	pushing into buff
22-02-2016 12:33:13	DataProcessor		INFO	polling
22-02-2016 12:33:13	CameraInterface		INFO	Read successful
22-02-2016 12:33:13	Controller		INFO	sending to transmitter
22-02-2016 12:33:13	Transmitter		INFO	pushing into buff
22-02-2016 12:33:13	DataProcessor		INFO	polling
22-02-2016 12:33:14	CameraInterface		INFO	Read successful
22-02-2016 12:33:14	Controller		INFO	sending to transmitter
22-02-2016 12:33:14	Transmitter		INFO	pushing into buff
22-02-2016 12:33:14	DataProcessor		INFO	polling
22-02-2016 12:33:14	CameraInterface		INFO	Read successful
22-02-2016 12:33:14	Controller		INFO	sending to transmitter
22-02-2016 12:33:14	Transmitter		INFO	pushing into buff
22-02-2016 12:33:14	DataProcessor		INFO	polling
22-02-2016 12:33:14	CameraInterface		INFO	Read successful
22-02-2016 12:33:14	Controller		INFO	sending to transmitter
22-02-2016 12:33:14	Transmitter		INFO	pushing into buff
22-02-2016 12:33:14	DataProcessor		INFO	polling
22-02-2016 12:33:14	CameraInterface		INFO	Read successful
22-02-2016 12:33:14	Controller		INFO	sending to transmitter
22-02-2016 12:33:14	Transmitter		INFO	pushing into buff
22-02-2016 12:33:14	DataProcessor		INFO	polling
22-02-2016 12:33:14	CameraInterface		INFO	Read successful
22-02-2016 12:33:15	Controller		INFO	sending to transmitter
22-02-2016 12:33:15	Transmitter		INFO	pushing into buff
22-02-2016 12:33:15	DataProcessor		INFO	polling
22-02-2016 12:33:15	CameraInterface		INFO	Read successful
22-02-2016 12:33:15	Controller		INFO	sending to transmitter
22-02-2016 12:33:15	Transmitter		INFO	pushing into buff
22-02-2016 12:33:15	DataProcessor		INFO	polling
22-02-2016 12:33:15	CameraInterface		INFO	Read successful
22-02-2016 12:33:15	Controller		INFO	sending to transmitter
22-02-2016 12:33:15	Transmitter		INFO	pushing into buff
22-02-2016 12:33:15	DataProcessor		INFO	polling
22-02-2016 12:33:15	CameraInterface		INFO	Read successful
22-02-2016 12:33:15	Controller		INFO	sending to transmitter
22-02-2016 12:33:15	Transmitter		INFO	pushing into buff
22-02-2016 12:33:15	DataProcessor		INFO	polling
22-02-2016 12:33:15	CameraInterface		INFO	Read successful
22-02-2016 12:33:15	Controller		INFO	sending to transmitter
22-02-2016 12:33:15	Transmitter		INFO	pushing into buff
22-02-2016 12:33:15	DataProcessor		INFO	polling
22-02-2016 12:33:16	CameraInterface		INFO	Read successful
22-02-2016 12:33:16	Controller		INFO	sending to transmitter
22-02-2016 12:33:16	Transmitter		INFO	pushing into buff
22-02-2016 12:33:16	DataProcessor		INFO	polling
22-02-2016 12:33:16	CameraInterface		INFO	Read successful
22-02-2016 12:33:16	Controller		INFO	sending to transmitter
22-02-2016 12:33:16	Transmitter		INFO	pushing into buff
22-02-2016 12:33:16	DataProcessor		INFO	polling
22-02-2016 12:33:16	CameraInterface		INFO	Read successful
22-02-2016 12:33:16	Controller		INFO	sending to transmitter
22-02-2016 12:33:16	Transmitter		INFO	pushing into buff
22-02-2016 12:33:16	DataProcessor		INFO	polling
22-02-2016 12:33:16	CameraInterface		INFO	Read successful
22-02-2016 12:33:16	Controller		INFO	sending to transmitter
22-02-2016 12:33:16	Transmitter		INFO	pushing into buff
22-02-2016 12:33:16	DataProcessor		INFO	polling
22-02-2016 12:33:16	CameraInterface		INFO	Read successful
22-02-2016 12:33:16	Controller		INFO	sending to transmitter
22-02-2016 12:33:16	Transmitter		INFO	pushing into buff
22-02-2016 12:33:16	DataProcessor		INFO	polling
22-02-2016 12:33:17	CameraInterface		INFO	Read successful
22-02-2016 12:33:17	Controller		INFO	sending to transmitter
22-02-2016 12:33:17	Transmitter		INFO	pushing into buff
22-02-2016 12:33:17	DataProcessor		INFO	polling
22-02-2016 12:33:17	CameraInterface		INFO	Read successful
22-02-2016 12:33:17	Controller		INFO	sending to transmitter
22-02-2016 12:33:17	Transmitter		INFO	pushing into buff
22-02-2016 12:33:17	DataProcessor		INFO	polling
22-02-2016 12:33:17	CameraInterface		INFO	Read successful
22-02-2016 12:33:17	Controller		INFO	sending to transmitter
22-02-2016 12:33:17	Transmitter		INFO	pushing into buff
22-02-2016 12:33:17	DataProcessor		INFO	polling
22-02-2016 12:33:17	Transmitter		INFO	sending string: 1268875
