17-03-2016 12:41:05	Main		TRACE	Logger initialized.
17-03-2016 12:41:05	PropertyReader		TRACE	Opening file: settings/settings.txt
17-03-2016 12:41:05	PropertyReader		INFO	File opened: settings/settings.txt
17-03-2016 12:41:05	PropertyReader		INFO	Loading properties file...
17-03-2016 12:41:05	PropertyReader		INFO	Mapped TRACE to LOGGING_LEVEL
17-03-2016 12:41:05	PropertyReader		INFO	Mapped 100 to CAM_BUFFER_SIZE
17-03-2016 12:41:05	PropertyReader		INFO	Mapped 15 to CAM_POLL_FREQUENCY
17-03-2016 12:41:05	PropertyReader		INFO	Mapped 0 to CAM_INDEX
17-03-2016 12:41:05	PropertyReader		DEBUG	Loaded 4 properties successfully
17-03-2016 12:41:05	Controller		INFO	Constructor controller
17-03-2016 12:41:05	Transmitter		INFO	socket retrieve success
17-03-2016 12:41:05	Transmitter		INFO	binding done
17-03-2016 12:41:05	Transmitter		INFO	done listening
17-03-2016 12:42:40	Transmitter		INFO	accepting
17-03-2016 12:42:40	Main		TRACE	intializing controller
17-03-2016 12:42:40	Controller		INFO	Initializing Controller
17-03-2016 12:42:40	Main		TRACE	initializing dataprocessor
17-03-2016 12:42:40	CameraInterface		INFO	Initializing camera
17-03-2016 12:42:40	CameraInterface		INFO	Opening video capture stream at position 0
17-03-2016 12:42:40	ControllerThread		INFO	Starting Controller Thread execution loop
17-03-2016 12:42:40	Receiver		INFO	Starting Receiver Thread execution loop
17-03-2016 12:42:40	Transmitter		INFO	Starting Receiver Thread execution loop
17-03-2016 12:42:40	Transmitter		INFO	Starting Receiver Thread execution loop
n loop
17-03-2016 12:42:40	Transmitter		INFO	running
17-03-2016 12:42:40	Transmitter		INFO	running
17-03-2016 12:42:40	Transmitter		INFO	running
17-03-2016 12:42:40	Transmitter		INFO	running
17-03-2016 12:42:40	Transmitter		INFO	running
17-03-2016 12:42:40	Transmitter		INFO	running
17-03-2016 12:42:40	Transmitter		INFO	running
17-03-2016 12:42:40	Transmitter		INFO	running
17-03-2016 12:42:40	Transmitter		INFO	running
17-03-2016 12:42:40	Transmitter		INFO	running
17-03-2016 12:42:40	Transmitter		INFO	running
17-03-2016 12:42:40	Transmitter		INFO	running
17-03-2016 12:42:40	Transmitter		INFO	running
17-03-2016 12:42:40	Transmitter		INFO	running
17-03-2016 12:42:40	Transmitter		INFO	running
17-03-2016 12:42:40	Transmitter		INFO	running
17-03-2016 12:42:40	Transmitter		INFO	running
17-03-2016 12:42:40	Transmitter		INFO	running
17-03-2016 12:42:40	Transmitter		INFO	running
17-03-2016 12:42:40	Transmitter		INFO	running
17-03-2016 12:42:40	Transmitter		INFO	running
17-03-2016 12:42:40	Transmitter		INFO	running
17-03-2016 12:42:40	Transmitter		INFO	running
17-03-2016 12:42:40	Transmitter		INFO	running
17-03-2016 12:42:40	Transmitter		INFO	running
17-03-2016 12:42:40	Transmitter		INFO	running
17-03-2016 12:42:40	Transmitter		INFO	running
17-03-2016 12:42:40	Transmitter		INFO	running
17-03-2016 12:42:40	Transmitter		INFO	running
17-03-2016 12:42:40	Transmitter		INFO	running
17-03-2016 12:42:40	Transmitter		INFO	running
17-03-2016 12:42:40	Transmitter		INFO	running
17-03-2016 12:42:40	Transmitter		INFO	running
17-03-2016 12:42:40	Transmitter		INFO	running
17-03-2016 12:42:40	Transmitter		INFO	running
17-03-2016 12:42:40	Main		TRACE	running controller
17-03-2016 12:42:40	Transmitter		INFO	running
17-03-2016 12:42:40	Transmitter		INFO	running
17-03-2016 12:42:40	Transmitter		INFO	running
17-03-2016 12:42:40	DataProcessor		INFO	polling
17-03-2016 12:42:40	Transmitter		INFO	running
17-03-2016 12:42:40	Transmitter		INFO	running
17-03-2016 12:42:40	Transmitter		INFO	running
17-03-2016 12:42:40	Transmitter		INFO	running
17-03-2016 12:42:40	Transmitter		INFO	running
17-03-2016 12:42:40	Transmitter		INFO	running
17-03-2016 12:42:40	Transmitter		INFO	running
17-03-2016 12:42:40	Transmitter		INFO	running
17-03-2016 12:42:40	Transmitter		INFO	running
17-03-2016 12:42:40	Transmitter		INFO	running
17-03-2016 12:42:40	Transmitter		INFO	running
17-03-2016 12:42:40	Transmitter		INFO	running
17-03-2016 12:42:40	Transmitter		INFO	running
17-03-2016 12:42:40	Transmitter		INFO	running
17-03-2016 12:42:40	Transmitter		INFO	running
17-03-2016 12:42:40	Transmitter		INFO	running
17-03-2016 12:42:40	Transmitter		INFO	running
17-03-2016 12:42:40	Transmitter		INFO	running
17-03-2016 12:42:40	Transmitter		INFO	running
17-03-2016 12:42:40	Transmitter		INFO	running
17-03-2016 12:42:40	Transmitter		INFO	running
17-03-2016 12:42:40	Transmitter		INFO	running
17-03-2016 12:42:40	Transmitter		INFO	running
17-03-2016 12:42:40	Transmitter		INFO	running
17-03-2016 12:42:40	Transmitter		INFO	running
17-03-2016 12:42:40	Transmitter		INFO	running
17-03-2016 12:42:40	Transmitter		INFO	running
17-03-2016 12:42:40	Transmitter		INFO	running
17-03-2016 12:42:40	Transmitter		INFO	running
17-03-2016 12:42:40	Transmitter		INFO	running
17-03-2016 12:42:40	Transmitter		INFO	running
17-03-2016 12:42:40	Transmitter		INFO	running
17-03-2016 12:42:40	Transmitter		INFO	running
17-03-2016 12:42:40	Transmitter		INFO	running
17-03-2016 12:42:40	Transmitter		INFO	running
17-03-2016 12:42:40	Transmitter		INFO	running
17-03-2016 12:42:40	Transmitter		INFO	running
17-03-2016 12:42:40	Transmitter		INFO	running
17-03-2016 12:42:40	Transmitter		INFO	running
17-03-2016 12:42:40	Transmitter		INFO	running
17-03-2016 12:42:40	Transmitter		INFO	running
17-03-2016 12:42:40	Transmitter		INFO	running
17-03-2016 12:42:40	Transmitter		INFO	running
17-03-2016 12:42:40	Transmitter		INFO	running
17-03-2016 12:42:40	Transmitter		INFO	running
17-03-2016 12:42:40	Transmitter		INFO	running
17-03-2016 12:42:40	Transmitter		INFO	running
17-03-2016 12:42:40	Transmitter		INFO	running
17-03-2016 12:42:40	Transmitter		INFO	running
17-03-2016 12:42:40	Transmitter		INFO	running
17-03-2016 12:42:40	Transmitter		INFO	running
17-03-2016 12:42:40	Transmitter		INFO	running
17-03-2016 12:42:40	Transmitter		INFO	running
17-03-2016 12:42:40	Transmitter		INFO	running
17-03-2016 12:42:40	Transmitter		INFO	running
17-03-2016 12:42:40	Transmitter		INFO	running
17-03-2016 12:42:40	Transmitter		INFO	running
17-03-2016 12:42:40	Transmitter		INFO	running
17-03-2016 12:42:40	Transmitter		INFO	running
17-03-2016 12:42:40	Transmitter		INFO	running
17-03-2016 12:42:40	Transmitter		INFO	running
17-03-2016 12:42:41	Transmitter		INFO	running
17-03-2016 12:42:41	Transmitter		INFO	running
17-03-2016 12:42:41	Transmitter		INFO	running
17-03-2016 12:42:41	Transmitter		INFO	running
17-03-2016 12:42:41	Transmitter		INFO	running
17-03-2016 12:42:41	Transmitter		INFO	running
17-03-2016 12:42:41	Transmitter		INFO	running
17-03-2016 12:42:41	Transmitter		INFO	running
17-03-2016 12:42:41	Transmitter		INFO	running
17-03-2016 12:42:41	Transmitter		INFO	running
17-03-2016 12:42:41	Transmitter		INFO	running
17-03-2016 12:42:41	Transmitter		INFO	running
17-03-2016 12:42:41	Transmitter		INFO	running
17-03-2016 12:42:41	Transmitter		INFO	running
17-03-2016 12:42:41	Transmitter		INFO	running
17-03-2016 12:42:41	Transmitter		INFO	running
17-03-2016 12:42:41	Transmitter		INFO	running
17-03-2016 12:42:41	Transmitter		INFO	running
17-03-2016 12:42:41	Transmitter		INFO	running
17-03-2016 12:42:41	Transmitter		INFO	running
17-03-2016 12:42:41	Transmitter		INFO	running
17-03-2016 12:42:41	Transmitter		INFO	running
17-03-2016 12:42:41	Transmitter		INFO	running
17-03-2016 12:42:41	Transmitter		INFO	running
17-03-2016 12:42:41	Transmitter		INFO	running
17-03-2016 12:42:41	Transmitter		INFO	running
17-03-2016 12:42:41	Transmitter		INFO	running
17-03-2016 12:42:41	Transmitter		INFO	running
17-03-2016 12:42:41	CameraInterface		INFO	Read successful
17-03-2016 12:42:41	Transmitter		INFO	running
17-03-2016 12:42:41	Transmitter		INFO	running
17-03-2016 12:42:41	Transmitter		INFO	running
17-03-2016 12:42:41	Transmitter		INFO	running
17-03-2016 12:42:41	Transmitter		INFO	running
17-03-2016 12:42:41	Transmitter		INFO	running
17-03-2016 12:42:41	Transmitter		INFO	running
17-03-2016 12:42:41	Transmitter		INFO	running
17-03-2016 12:42:41	Transmitter		INFO	running
17-03-2016 12:42:41	Transmitter		INFO	running
17-03-2016 12:42:41	Transmitter		INFO	running
17-03-2016 12:42:41	Transmitter		INFO	running
17-03-2016 12:42:41	Transmitter		INFO	running
17-03-2016 12:42:41	Transmitter		INFO	running
17-03-2016 12:42:41	Transmitter		INFO	running
17-03-2016 12:42:41	Transmitter		INFO	running
17-03-2016 12:42:41	Transmitter		INFO	running
17-03-2016 12:42:41	Transmitter		INFO	running
17-03-2016 12:42:41	Transmitter		INFO	running
17-03-2016 12:42:41	Transmitter		INFO	running
17-03-2016 12:42:41	Transmitter		INFO	running
17-03-2016 12:42:41	Transmitter		INFO	running
17-03-2016 12:42:41	Transmitter		INFO	running
17-03-2016 12:42:41	Transmitter		INFO	running
17-03-2016 12:42:41	Transmitter		INFO	running
17-03-2016 12:42:41	Transmitter		INFO	running
17-03-2016 12:42:41	Transmitter		INFO	running
17-03-2016 12:42:41	Transmitter		INFO	running
17-03-2016 12:42:41	Transmitter		INFO	running
17-03-2016 12:42:41	Transmitter		INFO	running
17-03-2016 12:42:41	Transmitter		INFO	running
17-03-2016 12:42:41	Transmitter		INFO	running
17-03-2016 12:42:41	Transmitter		INFO	running
17-03-2016 12:42:41	Transmitter		INFO	running
17-03-2016 12:42:41	Transmitter		INFO	running
17-03-2016 12:42:41	Transmitter		INFO	running
17-03-2016 12:42:41	Transmitter		INFO	running
17-03-2016 12:42:41	Transmitter		INFO	running
17-03-2016 12:42:41	Transmitter		INFO	running
17-03-2016 12:42:41	Transmitter		INFO	running
17-03-2016 12:42:41	Transmitter		INFO	running
17-03-2016 12:42:41	Transmitter		INFO	running
17-03-2016 12:42:41	Transmitter		INFO	running
17-03-2016 12:42:41	Transmitter		INFO	running
17-03-2016 12:42:41	Transmitter		INFO	running
17-03-2016 12:42:41	Transmitter		INFO	running
17-03-2016 12:42:41	Transmitter		INFO	running
17-03-2016 12:42:41	Transmitter		INFO	running
17-03-2016 12:42:41	Transmitter		INFO	running
17-03-2016 12:42:41	Transmitter		INFO	running
17-03-2016 12:42:41	Transmitter		INFO	running
17-03-2016 12:42:41	Transmitter		INFO	running
17-03-2016 12:42:41	Transmitter		INFO	running
17-03-2016 12:42:41	Transmitter		INFO	running
17-03-2016 12:42:41	Transmitter		INFO	running
17-03-2016 12:42:41	Transmitter		INFO	running
17-03-2016 12:42:41	Transmitter		INFO	running
17-03-2016 12:42:41	Transmitter		INFO	running
17-03-2016 12:42:41	Transmitter		INFO	running
17-03-2016 12:42:41	Transmitter		INFO	running
17-03-2016 12:42:41	Transmitter		INFO	running
17-03-2016 12:42:41	Transmitter		INFO	running
17-03-2016 12:42:41	Transmitter		INFO	running
17-03-2016 12:42:41	Transmitter		INFO	running
17-03-2016 12:42:41	Transmitter		INFO	running
17-03-2016 12:42:41	Transmitter		INFO	running
17-03-2016 12:42:41	Transmitter		INFO	running
17-03-2016 12:42:41	Transmitter		INFO	running
17-03-2016 12:42:41	Transmitter		INFO	running
17-03-2016 12:42:41	Transmitter		INFO	running
17-03-2016 12:42:41	Transmitter		INFO	running
17-03-2016 12:42:41	Transmitter		INFO	running
17-03-2016 12:42:41	Transmitter		INFO	running
17-03-2016 12:42:41	Transmitter		INFO	running
17-03-2016 12:42:42	Transmitter		INFO	running
17-03-2016 12:42:42	Transmitter		INFO	running
17-03-2016 12:42:42	Transmitter		INFO	running
17-03-2016 12:42:42	Transmitter		INFO	running
17-03-2016 12:42:42	Transmitter		INFO	running
17-03-2016 12:42:42	Transmitter		INFO	running
17-03-2016 12:42:42	Transmitter		INFO	running
17-03-2016 12:42:42	Transmitter		INFO	running
17-03-2016 12:42:42	Transmitter		INFO	running
17-03-2016 12:42:42	Transmitter		INFO	running
17-03-2016 12:42:42	Transmitter		INFO	running
17-03-2016 12:42:42	Transmitter		INFO	running
17-03-2016 12:42:42	Transmitter		INFO	running
17-03-2016 12:42:42	Transmitter		INFO	running
17-03-2016 12:42:42	Transmitter		INFO	running
17-03-2016 12:42:42	Transmitter		INFO	running
17-03-2016 12:42:42	Transmitter		INFO	running
17-03-2016 12:42:42	Transmitter		INFO	running
17-03-2016 12:42:42	Transmitter		INFO	running
17-03-2016 12:42:42	Transmitter		INFO	running
17-03-2016 12:42:42	Transmitter		INFO	running
17-03-2016 12:42:42	Transmitter		INFO	running
17-03-2016 12:42:42	Transmitter		INFO	running
17-03-2016 12:42:42	Transmitter		INFO	running
17-03-2016 12:42:42	Transmitter		INFO	running
17-03-2016 12:42:42	Transmitter		INFO	running
17-03-2016 12:42:42	Transmitter		INFO	running
17-03-2016 12:42:42	Transmitter		INFO	running
17-03-2016 12:42:42	Transmitter		INFO	running
17-03-2016 12:42:42	Transmitter		INFO	running
17-03-2016 12:42:42	Transmitter		INFO	running
17-03-2016 12:42:42	Transmitter		INFO	running
17-03-2016 12:42:42	Transmitter		INFO	running
17-03-2016 12:42:42	Transmitter		INFO	running
17-03-2016 12:42:42	Transmitter		INFO	running
17-03-2016 12:42:42	Transmitter		INFO	running
17-03-2016 12:42:42	Transmitter		INFO	running
17-03-2016 12:42:42	Transmitter		INFO	running
17-03-2016 12:42:42	Transmitter		INFO	running
17-03-2016 12:42:42	Transmitter		INFO	running
17-03-2016 12:42:42	Transmitter		INFO	running
17-03-2016 12:42:42	Transmitter		INFO	running
17-03-2016 12:42:42	Transmitter		INFO	running
17-03-2016 12:42:42	Transmitter		INFO	running
17-03-2016 12:42:42	Transmitter		INFO	running
17-03-2016 12:42:42	Transmitter		INFO	running
17-03-2016 12:42:42	Transmitter		INFO	running
17-03-2016 12:42:42	Transmitter		INFO	running
17-03-2016 12:42:42	Transmitter		INFO	running
17-03-2016 12:42:42	Transmitter		INFO	running
17-03-2016 12:42:42	Transmitter		INFO	running
17-03-2016 12:42:42	Transmitter		INFO	running
17-03-2016 12:42:42	Transmitter		INFO	running
17-03-2016 12:42:42	Transmitter		INFO	running
17-03-2016 12:42:42	Transmitter		INFO	running
17-03-2016 12:42:42	Transmitter		INFO	running
17-03-2016 12:42:42	Transmitter		INFO	running
17-03-2016 12:42:42	Transmitter		INFO	running
17-03-2016 12:42:42	Transmitter		INFO	running
17-03-2016 12:42:42	Transmitter		INFO	running
17-03-2016 12:42:42	Transmitter		INFO	running
17-03-2016 12:42:42	Transmitter		INFO	running
17-03-2016 12:42:42	Transmitter		INFO	running
17-03-2016 12:42:42	Transmitter		INFO	running
17-03-2016 12:42:42	Transmitter		INFO	running
17-03-2016 12:42:42	Transmitter		INFO	running
17-03-2016 12:42:42	Transmitter		INFO	running
17-03-2016 12:42:42	Transmitter		INFO	running
17-03-2016 12:42:42	Transmitter		INFO	running
17-03-2016 12:42:42	Transmitter		INFO	running
17-03-2016 12:42:42	Transmitter		INFO	running
17-03-2016 12:42:42	Transmitter		INFO	running
17-03-2016 12:42:42	Transmitter		INFO	running
17-03-2016 12:42:42	Transmitter		INFO	running
17-03-2016 12:42:42	Transmitter		INFO	running
17-03-2016 12:42:42	Transmitter		INFO	running
17-03-2016 12:42:42	Transmitter		INFO	running
17-03-2016 12:42:42	Transmitter		INFO	running
17-03-2016 12:42:42	Transmitter		INFO	running
17-03-2016 12:42:42	Transmitter		INFO	running
17-03-2016 12:42:42	Transmitter		INFO	running
17-03-2016 12:42:42	Transmitter		INFO	running
17-03-2016 12:42:42	Transmitter		INFO	running
17-03-2016 12:42:42	Transmitter		INFO	running
17-03-2016 12:42:42	Transmitter		INFO	running
17-03-2016 12:42:42	Transmitter		INFO	running
17-03-2016 12:42:42	Transmitter		INFO	running
17-03-2016 12:42:42	Transmitter		INFO	running
17-03-2016 12:42:42	Transmitter		INFO	running
17-03-2016 12:42:42	Transmitter		INFO	running
17-03-2016 12:42:42	Transmitter		INFO	running
17-03-2016 12:42:42	Transmitter		INFO	running
17-03-2016 12:42:42	Transmitter		INFO	running
17-03-2016 12:42:42	Transmitter		INFO	running
17-03-2016 12:42:42	Transmitter		INFO	running
17-03-2016 12:42:42	Transmitter		INFO	running
17-03-2016 12:42:42	Transmitter		INFO	running
17-03-2016 12:42:42	Transmitter		INFO	running
17-03-2016 12:42:42	Transmitter		INFO	running
17-03-2016 12:42:42	Transmitter		INFO	running
17-03-2016 12:42:42	Transmitter		INFO	running
17-03-2016 12:42:42	Transmitter		INFO	running
17-03-2016 12:42:42	Transmitter		INFO	running
17-03-2016 12:42:42	Transmitter		INFO	running
17-03-2016 12:42:42	Transmitter		INFO	running
17-03-2016 12:42:42	Transmitter		INFO	running
17-03-2016 12:42:42	Transmitter		INFO	running
17-03-2016 12:42:42	Transmitter		INFO	running
17-03-2016 12:42:42	Transmitter		INFO	running
17-03-2016 12:42:42	Transmitter		INFO	running
17-03-2016 12:42:42	Transmitter		INFO	running
17-03-2016 12:42:42	Transmitter		INFO	running
17-03-2016 12:42:42	Transmitter		INFO	running
17-03-2016 12:42:42	Transmitter		INFO	running
17-03-2016 12:42:42	Transmitter		INFO	running
17-03-2016 12:42:42	Transmitter		INFO	running
17-03-2016 12:42:42	Transmitter		INFO	running
17-03-2016 12:42:42	Transmitter		INFO	running
17-03-2016 12:42:42	Transmitter		INFO	running
17-03-2016 12:42:42	Transmitter		INFO	running
17-03-2016 12:42:42	Transmitter		INFO	running
17-03-2016 12:42:42	Transmitter		INFO	running
17-03-2016 12:42:42	Transmitter		INFO	running
17-03-2016 12:42:42	Transmitter		INFO	running
17-03-2016 12:42:42	Transmitter		INFO	running
17-03-2016 12:42:42	Transmitter		INFO	running
17-03-2016 12:42:42	Transmitter		INFO	running
17-03-2016 12:42:42	Transmitter		INFO	running
17-03-2016 12:42:42	Transmitter		INFO	running
17-03-2016 12:42:42	Transmitter		INFO	running
17-03-2016 12:42:42	Transmitter		INFO	running
17-03-2016 12:42:42	Transmitter		INFO	running
17-03-2016 12:42:42	Transmitter		INFO	running
17-03-2016 12:42:42	Transmitter		INFO	running
17-03-2016 12:42:42	Transmitter		INFO	running
17-03-2016 12:42:42	Transmitter		INFO	running
17-03-2016 12:42:42	Transmitter		INFO	running
17-03-2016 12:42:42	Transmitter		INFO	running
17-03-2016 12:42:42	Transmitter		INFO	running
17-03-2016 12:42:43	Transmitter		INFO	running
17-03-2016 12:42:43	Transmitter		INFO	running
17-03-2016 12:42:43	Transmitter		INFO	running
17-03-2016 12:42:43	Transmitter		INFO	running
17-03-2016 12:42:43	Transmitter		INFO	running
17-03-2016 12:42:43	Transmitter		INFO	running
17-03-2016 12:42:43	Transmitter		INFO	running
17-03-2016 12:42:43	Transmitter		INFO	running
17-03-2016 12:42:43	Transmitter		INFO	running
17-03-2016 12:42:43	Transmitter		INFO	running
17-03-2016 12:42:43	Transmitter		INFO	running
17-03-2016 12:42:43	Transmitter		INFO	running
17-03-2016 12:42:43	Transmitter		INFO	running
17-03-2016 12:42:43	Transmitter		INFO	running
17-03-2016 12:42:43	Transmitter		INFO	running
17-03-2016 12:42:43	Transmitter		INFO	running
17-03-2016 12:42:43	Transmitter		INFO	running
17-03-2016 12:42:43	Transmitter		INFO	running
17-03-2016 12:42:43	Transmitter		INFO	running
17-03-2016 12:42:43	Transmitter		INFO	running
17-03-2016 12:42:43	Transmitter		INFO	running
17-03-2016 12:42:43	Transmitter		INFO	running
17-03-2016 12:42:43	Transmitter		INFO	running
17-03-2016 12:42:43	Transmitter		INFO	running
17-03-2016 12:42:43	Transmitter		INFO	running
17-03-2016 12:42:43	Transmitter		INFO	running
17-03-2016 12:42:43	Transmitter		INFO	running
17-03-2016 12:42:43	Transmitter		INFO	running
17-03-2016 12:42:43	Transmitter		INFO	running
17-03-2016 12:42:43	Transmitter		INFO	running
17-03-2016 12:42:43	Transmitter		INFO	running
17-03-2016 12:42:43	Transmitter		INFO	running
17-03-2016 12:42:43	Transmitter		INFO	running
17-03-2016 12:42:43	Transmitter		INFO	running
17-03-2016 12:42:43	Transmitter		INFO	running
17-03-2016 12:42:43	Transmitter		INFO	running
17-03-2016 12:42:43	Transmitter		INFO	running
17-03-2016 12:42:43	Transmitter		INFO	running
17-03-2016 12:42:43	Transmitter		INFO	running
17-03-2016 12:42:43	Transmitter		INFO	running
17-03-2016 12:42:43	Transmitter		INFO	running
17-03-2016 12:42:43	Transmitter		INFO	running
17-03-2016 12:42:43	Transmitter		INFO	running
17-03-2016 12:42:43	Transmitter		INFO	running
17-03-2016 12:42:43	Transmitter		INFO	running
17-03-2016 12:42:43	Transmitter		INFO	running
17-03-2016 12:42:43	Transmitter		INFO	running
17-03-2016 12:42:43	Transmitter		INFO	running
17-03-2016 12:42:43	Transmitter		INFO	running
17-03-2016 12:42:43	Transmitter		INFO	running
17-03-2016 12:42:43	Transmitter		INFO	running
17-03-2016 12:42:43	Transmitter		INFO	running
17-03-2016 12:42:43	Transmitter		INFO	running
17-03-2016 12:42:43	Transmitter		INFO	running
17-03-2016 12:42:43	Transmitter		INFO	running
17-03-2016 12:42:43	Transmitter		INFO	running
17-03-2016 12:42:43	Transmitter		INFO	running
17-03-2016 12:42:43	Transmitter		INFO	running
17-03-2016 12:42:43	Transmitter		INFO	running
17-03-2016 12:42:43	Transmitter		INFO	running
17-03-2016 12:42:43	Transmitter		INFO	running
17-03-2016 12:42:43	Transmitter		INFO	running
17-03-2016 12:42:43	Transmitter		INFO	running
17-03-2016 12:42:43	Transmitter		INFO	running
17-03-2016 12:42:43	Transmitter		INFO	running
17-03-2016 12:42:43	Transmitter		INFO	running
17-03-2016 12:42:43	Transmitter		INFO	running
17-03-2016 12:42:43	Transmitter		INFO	running
17-03-2016 12:42:43	Transmitter		INFO	running
17-03-2016 12:42:43	Transmitter		INFO	running
17-03-2016 12:42:43	Transmitter		INFO	running
17-03-2016 12:42:43	Transmitter		INFO	running
17-03-2016 12:42:43	Transmitter		INFO	running
17-03-2016 12:42:43	Transmitter		INFO	running
17-03-2016 12:42:43	Transmitter		INFO	running
17-03-2016 12:42:43	Transmitter		INFO	running
17-03-2016 12:42:43	Transmitter		INFO	running
17-03-2016 12:42:43	Transmitter		INFO	running
17-03-2016 12:42:43	Transmitter		INFO	running
17-03-2016 12:42:43	Transmitter		INFO	running
17-03-2016 12:42:43	Transmitter		INFO	running
17-03-2016 12:42:43	Transmitter		INFO	running
17-03-2016 12:42:43	Transmitter		INFO	running
17-03-2016 12:42:44	Transmitter		INFO	running
17-03-2016 12:42:44	Transmitter		INFO	running
17-03-2016 12:42:44	Transmitter		INFO	running
17-03-2016 12:42:44	Transmitter		INFO	running
17-03-2016 12:42:44	Transmitter		INFO	running
17-03-2016 12:42:44	Transmitter		INFO	running
17-03-2016 12:42:44	Transmitter		INFO	running
17-03-2016 12:42:44	Transmitter		INFO	running
17-03-2016 12:42:44	Transmitter		INFO	running
17-03-2016 12:42:44	Transmitter		INFO	running
17-03-2016 12:42:44	Transmitter		INFO	running
17-03-2016 12:42:44	Transmitter		INFO	running
17-03-2016 12:42:44	Transmitter		INFO	running
17-03-2016 12:42:44	Transmitter		INFO	running
17-03-2016 12:42:44	Transmitter		INFO	running
17-03-2016 12:42:44	Transmitter		INFO	running
17-03-2016 12:42:44	Transmitter		INFO	running
17-03-2016 12:42:44	Transmitter		INFO	running
17-03-2016 12:42:44	Transmitter		INFO	running
17-03-2016 12:42:44	Transmitter		INFO	running
17-03-2016 12:42:44	Transmitter		INFO	running
17-03-2016 12:42:44	Transmitter		INFO	running
17-03-2016 12:42:44	Transmitter		INFO	running
17-03-2016 12:42:44	Transmitter		INFO	running
17-03-2016 12:42:44	Transmitter		INFO	running
17-03-2016 12:42:44	Transmitter		INFO	running
17-03-2016 12:42:44	Transmitter		INFO	running
17-03-2016 12:42:44	Transmitter		INFO	running
17-03-2016 12:42:44	Transmitter		INFO	running
17-03-2016 12:42:44	Transmitter		INFO	running
17-03-2016 12:42:44	Transmitter		INFO	running
17-03-2016 12:42:44	Transmitter		INFO	running
17-03-2016 12:42:44	Transmitter		INFO	running
17-03-2016 12:42:44	Transmitter		INFO	running
17-03-2016 12:42:44	Transmitter		INFO	running
17-03-2016 12:42:44	Transmitter		INFO	running
17-03-2016 12:42:44	Transmitter		INFO	running
17-03-2016 12:42:44	Transmitter		INFO	running
17-03-2016 12:42:44	Transmitter		INFO	running
17-03-2016 12:42:44	Transmitter		INFO	running
17-03-2016 12:42:44	Transmitter		INFO	running
17-03-2016 12:42:44	Transmitter		INFO	running
17-03-2016 12:42:44	Transmitter		INFO	running
17-03-2016 12:42:44	Transmitter		INFO	running
17-03-2016 12:42:44	Transmitter		INFO	running
17-03-2016 12:42:44	Transmitter		INFO	running
17-03-2016 12:42:44	Transmitter		INFO	running
17-03-2016 12:42:44	Transmitter		INFO	running
17-03-2016 12:42:44	Transmitter		INFO	running
17-03-2016 12:42:44	Transmitter		INFO	running
17-03-2016 12:42:44	Transmitter		INFO	running
17-03-2016 12:42:44	Transmitter		INFO	running
17-03-2016 12:42:44	Transmitter		INFO	running
17-03-2016 12:42:44	Transmitter		INFO	running
17-03-2016 12:42:44	Transmitter		INFO	running
17-03-2016 12:42:44	Transmitter		INFO	running
17-03-2016 12:42:44	Transmitter		INFO	running
17-03-2016 12:42:44	Transmitter		INFO	running
17-03-2016 12:42:44	Transmitter		INFO	running
17-03-2016 12:42:44	Transmitter		INFO	running
17-03-2016 12:42:44	Transmitter		INFO	running
17-03-2016 12:42:44	Transmitter		INFO	running
17-03-2016 12:42:44	Transmitter		INFO	running
17-03-2016 12:42:44	Transmitter		INFO	running
17-03-2016 12:42:44	Transmitter		INFO	running
17-03-2016 12:42:44	Transmitter		INFO	running
17-03-2016 12:42:44	Transmitter		INFO	running
17-03-2016 12:42:44	Transmitter		INFO	running
17-03-2016 12:42:44	Transmitter		INFO	running
17-03-2016 12:42:44	Transmitter		INFO	running
17-03-2016 12:42:44	Transmitter		INFO	running
17-03-2016 12:42:44	Transmitter		INFO	running
17-03-2016 12:42:44	Transmitter		INFO	running
17-03-2016 12:42:44	Transmitter		INFO	running
17-03-2016 12:42:44	Transmitter		INFO	running
17-03-2016 12:42:44	Transmitter		INFO	running
17-03-2016 12:42:44	Transmitter		INFO	running
17-03-2016 12:42:44	Transmitter		INFO	running
17-03-2016 12:42:44	Transmitter		INFO	running
17-03-2016 12:42:44	Transmitter		INFO	running
17-03-2016 12:42:44	Transmitter		INFO	running
17-03-2016 12:42:44	Transmitter		INFO	running
17-03-2016 12:42:44	Transmitter		INFO	running
17-03-2016 12:42:44	Transmitter		INFO	running
17-03-2016 12:42:44	Transmitter		INFO	running
17-03-2016 12:42:44	Transmitter		INFO	running
17-03-2016 12:42:44	Transmitter		INFO	running
17-03-2016 12:42:44	Transmitter		INFO	running
17-03-2016 12:42:44	Transmitter		INFO	running
17-03-2016 12:42:44	Transmitter		INFO	running
17-03-2016 12:42:44	Transmitter		INFO	running
17-03-2016 12:42:44	Transmitter		INFO	running
17-03-2016 12:42:44	Transmitter		INFO	running
17-03-2016 12:42:44	Transmitter		INFO	running
17-03-2016 12:42:44	Transmitter		INFO	running
17-03-2016 12:42:44	Transmitter		INFO	running
17-03-2016 12:42:44	Transmitter		INFO	running
17-03-2016 12:42:44	Transmitter		INFO	running
17-03-2016 12:42:44	Transmitter		INFO	running
17-03-2016 12:42:44	Transmitter		INFO	running
17-03-2016 12:42:44	Transmitter		INFO	running
17-03-2016 12:42:44	Transmitter		INFO	running
17-03-2016 12:42:44	Transmitter		INFO	running
17-03-2016 12:42:44	Transmitter		INFO	running
17-03-2016 12:42:44	Transmitter		INFO	running
17-03-2016 12:42:44	Transmitter		INFO	running
17-03-2016 12:42:44	Transmitter		INFO	running
17-03-2016 12:42:44	Transmitter		INFO	running
17-03-2016 12:42:44	Transmitter		INFO	running
17-03-2016 12:42:44	Transmitter		INFO	running
17-03-2016 12:42:44	Transmitter		INFO	running
17-03-2016 12:42:44	Transmitter		INFO	running
17-03-2016 12:42:44	Transmitter		INFO	running
17-03-2016 12:42:44	Transmitter		INFO	running
17-03-2016 12:42:44	Transmitter		INFO	running
17-03-2016 12:42:45	Transmitter		INFO	running
17-03-2016 12:42:45	Transmitter		INFO	running
17-03-2016 12:42:45	Transmitter		INFO	running
17-03-2016 12:42:45	Transmitter		INFO	running
17-03-2016 12:42:45	Transmitter		INFO	running
17-03-2016 12:42:45	Transmitter		INFO	running
17-03-2016 12:42:45	Transmitter		INFO	running
17-03-2016 12:42:45	Transmitter		INFO	running
17-03-2016 12:42:45	Transmitter		INFO	running
17-03-2016 12:42:45	Transmitter		INFO	running
17-03-2016 12:42:45	Transmitter		INFO	running
17-03-2016 12:42:45	Transmitter		INFO	running
17-03-2016 12:42:45	Transmitter		INFO	running
17-03-2016 12:42:45	Transmitter		INFO	running
17-03-2016 12:42:45	Transmitter		INFO	running
17-03-2016 12:42:45	Transmitter		INFO	running
17-03-2016 12:42:45	Transmitter		INFO	running
17-03-2016 12:42:45	Transmitter		INFO	running
17-03-2016 12:42:45	Transmitter		INFO	running
17-03-2016 12:42:45	Transmitter		INFO	running
17-03-2016 12:42:45	Transmitter		INFO	running
17-03-2016 12:42:45	Transmitter		INFO	running
17-03-2016 12:42:45	Transmitter		INFO	running
17-03-2016 12:42:45	Transmitter		INFO	running
17-03-2016 12:42:45	Transmitter		INFO	running
17-03-2016 12:42:45	Transmitter		INFO	running
17-03-2016 12:42:45	Transmitter		INFO	running
17-03-2016 12:42:45	Transmitter		INFO	running
17-03-2016 12:42:45	Transmitter		INFO	running
17-03-2016 12:42:45	Transmitter		INFO	running
17-03-2016 12:42:45	Transmitter		INFO	running
17-03-2016 12:42:45	Transmitter		INFO	running
17-03-2016 12:42:45	Transmitter		INFO	running
17-03-2016 12:42:45	Transmitter		INFO	running
17-03-2016 12:42:45	Transmitter		INFO	running
17-03-2016 12:42:45	Transmitter		INFO	running
17-03-2016 12:42:45	Transmitter		INFO	running
17-03-2016 12:42:45	Transmitter		INFO	running
17-03-2016 12:42:45	Transmitter		INFO	running
17-03-2016 12:42:45	Transmitter		INFO	running
17-03-2016 12:42:45	Transmitter		INFO	running
17-03-2016 12:42:45	Transmitter		INFO	running
17-03-2016 12:42:45	Transmitter		INFO	running
17-03-2016 12:42:45	Transmitter		INFO	running
17-03-2016 12:42:45	Transmitter		INFO	running
17-03-2016 12:42:45	Transmitter		INFO	running
17-03-2016 12:42:45	Transmitter		INFO	running
17-03-2016 12:42:45	Transmitter		INFO	running
17-03-2016 12:42:45	Transmitter		INFO	running
17-03-2016 12:42:45	Transmitter		INFO	running
17-03-2016 12:42:45	Transmitter		INFO	running
17-03-2016 12:42:45	Transmitter		INFO	running
17-03-2016 12:42:45	Transmitter		INFO	running
17-03-2016 12:42:45	Transmitter		INFO	running
17-03-2016 12:42:45	Transmitter		INFO	running
17-03-2016 12:42:45	Transmitter		INFO	running
17-03-2016 12:42:45	Transmitter		INFO	running
17-03-2016 12:42:45	Transmitter		INFO	running
17-03-2016 12:42:45	Transmitter		INFO	running
17-03-2016 12:42:45	Transmitter		INFO	running
17-03-2016 12:42:45	Transmitter		INFO	running
17-03-2016 12:42:45	Transmitter		INFO	running
17-03-2016 12:42:45	Transmitter		INFO	running
17-03-2016 12:42:45	Transmitter		INFO	running
17-03-2016 12:42:45	Transmitter		INFO	running
17-03-2016 12:42:45	Transmitter		INFO	running
17-03-2016 12:42:45	Transmitter		INFO	running
17-03-2016 12:42:45	Transmitter		INFO	running
17-03-2016 12:42:45	Transmitter		INFO	running
17-03-2016 12:42:45	Transmitter		INFO	running
17-03-2016 12:42:45	Transmitter		INFO	running
17-03-2016 12:42:45	Transmitter		INFO	running
17-03-2016 12:42:45	Transmitter		INFO	running
17-03-2016 12:42:45	Transmitter		INFO	running
17-03-2016 12:42:45	Transmitter		INFO	running
17-03-2016 12:42:45	Transmitter		INFO	running
17-03-2016 12:42:45	Transmitter		INFO	running
17-03-2016 12:42:45	Transmitter		INFO	running
17-03-2016 12:42:45	Transmitter		INFO	running
17-03-2016 12:42:45	Transmitter		INFO	running
17-03-2016 12:42:45	Transmitter		INFO	running
17-03-2016 12:42:45	Transmitter		INFO	running
17-03-2016 12:42:45	Transmitter		INFO	running
17-03-2016 12:42:45	Transmitter		INFO	running
17-03-2016 12:42:45	Transmitter		INFO	running
17-03-2016 12:42:45	Transmitter		INFO	running
17-03-2016 12:42:46	Transmitter		INFO	running
17-03-2016 12:42:46	Transmitter		INFO	running
17-03-2016 12:42:46	Transmitter		INFO	running
17-03-2016 12:42:46	Transmitter		INFO	running
17-03-2016 12:42:46	Transmitter		INFO	running
17-03-2016 12:42:46	Transmitter		INFO	running
17-03-2016 12:42:46	Transmitter		INFO	running
17-03-2016 12:42:46	Transmitter		INFO	running
17-03-2016 12:42:46	Transmitter		INFO	running
17-03-2016 12:42:46	Transmitter		INFO	running
17-03-2016 12:42:46	Transmitter		INFO	running
17-03-2016 12:42:46	Transmitter		INFO	running
17-03-2016 12:42:46	Transmitter		INFO	running
17-03-2016 12:42:46	Transmitter		INFO	running
17-03-2016 12:42:46	Transmitter		INFO	running
17-03-2016 12:42:46	Transmitter		INFO	running
17-03-2016 12:42:46	Transmitter		INFO	running
17-03-2016 12:42:46	Transmitter		INFO	running
17-03-2016 12:42:46	Transmitter		INFO	running
17-03-2016 12:42:46	Transmitter		INFO	running
17-03-2016 12:42:46	Transmitter		INFO	running
17-03-2016 12:42:46	Transmitter		INFO	running
17-03-2016 12:42:46	Transmitter		INFO	running
17-03-2016 12:42:46	Transmitter		INFO	running
17-03-2016 12:42:46	Transmitter		INFO	running
17-03-2016 12:42:46	Transmitter		INFO	running
17-03-2016 12:42:46	Transmitter		INFO	running
17-03-2016 12:42:46	Transmitter		INFO	running
17-03-2016 12:42:46	Transmitter		INFO	running
17-03-2016 12:42:46	Transmitter		INFO	running
17-03-2016 12:42:46	Transmitter		INFO	running
17-03-2016 12:42:46	Transmitter		INFO	running
17-03-2016 12:42:46	Transmitter		INFO	running
17-03-2016 12:42:46	Transmitter		INFO	running
17-03-2016 12:42:46	Transmitter		INFO	running
17-03-2016 12:42:46	Transmitter		INFO	running
17-03-2016 12:42:46	Transmitter		INFO	running
17-03-2016 12:42:46	Transmitter		INFO	running
17-03-2016 12:42:46	Transmitter		INFO	running
17-03-2016 12:42:46	Transmitter		INFO	running
17-03-2016 12:42:46	Transmitter		INFO	running
17-03-2016 12:42:46	Transmitter		INFO	running
17-03-2016 12:42:46	Transmitter		INFO	running
17-03-2016 12:42:46	Transmitter		INFO	running
17-03-2016 12:42:46	Transmitter		INFO	running
17-03-2016 12:42:46	Transmitter		INFO	running
17-03-2016 12:42:46	Transmitter		INFO	running
17-03-2016 12:42:46	Transmitter		INFO	running
17-03-2016 12:42:46	Transmitter		INFO	running
17-03-2016 12:42:46	Transmitter		INFO	running
17-03-2016 12:42:46	Transmitter		INFO	running
17-03-2016 12:42:46	Transmitter		INFO	running
17-03-2016 12:42:46	Transmitter		INFO	running
17-03-2016 12:42:46	Transmitter		INFO	running
17-03-2016 12:42:46	Transmitter		INFO	running
17-03-2016 12:42:46	Transmitter		INFO	running
17-03-2016 12:42:46	Transmitter		INFO	running
17-03-2016 12:42:46	Transmitter		INFO	running
17-03-2016 12:42:46	Transmitter		INFO	running
17-03-2016 12:42:46	Transmitter		INFO	running
17-03-2016 12:42:46	Transmitter		INFO	running
17-03-2016 12:42:46	Transmitter		INFO	running
17-03-2016 12:42:46	Transmitter		INFO	running
17-03-2016 12:42:46	Transmitter		INFO	running
17-03-2016 12:42:46	Transmitter		INFO	running
17-03-2016 12:42:46	Transmitter		INFO	running
17-03-2016 12:42:46	Transmitter		INFO	running
17-03-2016 12:42:46	Transmitter		INFO	running
17-03-2016 12:42:46	Transmitter		INFO	running
17-03-2016 12:42:46	Transmitter		INFO	running
17-03-2016 12:42:46	Transmitter		INFO	running
17-03-2016 12:42:46	Transmitter		INFO	running
17-03-2016 12:42:46	Transmitter		INFO	running
17-03-2016 12:42:46	Transmitter		INFO	running
17-03-2016 12:42:46	Transmitter		INFO	running
17-03-2016 12:42:46	Transmitter		INFO	running
17-03-2016 12:42:46	Transmitter		INFO	running
17-03-2016 12:42:46	Transmitter		INFO	running
17-03-2016 12:42:46	Transmitter		INFO	running
17-03-2016 12:42:46	Transmitter		INFO	running
17-03-2016 12:42:46	Transmitter		INFO	running
17-03-2016 12:42:46	Transmitter		INFO	running
17-03-2016 12:42:46	Transmitter		INFO	running
17-03-2016 12:42:46	Transmitter		INFO	running
17-03-2016 12:42:46	Transmitter		INFO	running
17-03-2016 12:42:46	Transmitter		INFO	running
17-03-2016 12:42:46	Transmitter		INFO	running
17-03-2016 12:42:46	Transmitter		INFO	running
17-03-2016 12:42:46	Transmitter		INFO	running
17-03-2016 12:42:47	Transmitter		INFO	running
17-03-2016 12:42:47	Transmitter		INFO	running
17-03-2016 12:42:47	Transmitter		INFO	running
17-03-2016 12:42:47	Transmitter		INFO	running
17-03-2016 12:42:47	Transmitter		INFO	running
17-03-2016 12:42:47	Transmitter		INFO	running
17-03-2016 12:42:47	Transmitter		INFO	running
17-03-2016 12:42:47	Transmitter		INFO	running
17-03-2016 12:42:47	Transmitter		INFO	running
17-03-2016 12:42:47	Transmitter		INFO	running
17-03-2016 12:42:47	Transmitter		INFO	running
17-03-2016 12:42:47	Transmitter		INFO	running
17-03-2016 12:42:47	Transmitter		INFO	running
17-03-2016 12:42:47	Transmitter		INFO	running
17-03-2016 12:42:47	Transmitter		INFO	running
17-03-2016 12:42:47	Transmitter		INFO	running
17-03-2016 12:42:47	Transmitter		INFO	running
17-03-2016 12:42:47	Transmitter		INFO	running
17-03-2016 12:42:47	Transmitter		INFO	running
17-03-2016 12:42:47	Transmitter		INFO	running
17-03-2016 12:42:47	Transmitter		INFO	running
17-03-2016 12:42:47	Transmitter		INFO	running
17-03-2016 12:42:47	Transmitter		INFO	running
17-03-2016 12:42:47	Transmitter		INFO	running
17-03-2016 12:42:47	Transmitter		INFO	running
17-03-2016 12:42:47	Transmitter		INFO	running
17-03-2016 12:42:47	Transmitter		INFO	running
17-03-2016 12:42:47	Transmitter		INFO	running
17-03-2016 12:42:47	Transmitter		INFO	running
17-03-2016 12:42:47	Transmitter		INFO	running
17-03-2016 12:42:47	Transmitter		INFO	running
17-03-2016 12:42:47	Transmitter		INFO	running
17-03-2016 12:42:47	Transmitter		INFO	running
17-03-2016 12:42:47	Transmitter		INFO	running
17-03-2016 12:42:47	Transmitter		INFO	running
17-03-2016 12:42:47	Transmitter		INFO	running
17-03-2016 12:42:47	Transmitter		INFO	running
17-03-2016 12:42:47	Transmitter		INFO	running
17-03-2016 12:42:47	Transmitter		INFO	running
17-03-2016 12:42:47	Transmitter		INFO	running
17-03-2016 12:42:47	Transmitter		INFO	running
17-03-2016 12:42:47	Transmitter		INFO	running
17-03-2016 12:42:47	Transmitter		INFO	running
17-03-2016 12:42:47	Transmitter		INFO	running
17-03-2016 12:42:47	Transmitter		INFO	running
17-03-2016 12:42:47	Transmitter		INFO	running
17-03-2016 12:42:47	Transmitter		INFO	running
17-03-2016 12:42:47	Transmitter		INFO	running
17-03-2016 12:42:47	Transmitter		INFO	running
17-03-2016 12:42:47	Transmitter		INFO	running
17-03-2016 12:42:47	Transmitter		INFO	running
17-03-2016 12:42:47	Transmitter		INFO	running
17-03-2016 12:42:47	Transmitter		INFO	running
17-03-2016 12:42:47	Transmitter		INFO	running
17-03-2016 12:42:47	Transmitter		INFO	running
17-03-2016 12:42:47	Transmitter		INFO	running
17-03-2016 12:42:47	Transmitter		INFO	running
17-03-2016 12:42:47	Transmitter		INFO	running
17-03-2016 12:42:47	Transmitter		INFO	running
17-03-2016 12:42:47	Transmitter		INFO	running
17-03-2016 12:42:47	Transmitter		INFO	running
17-03-2016 12:42:47	Transmitter		INFO	running
17-03-2016 12:42:47	Transmitter		INFO	running
17-03-2016 12:42:47	Transmitter		INFO	running
17-03-2016 12:42:47	Transmitter		INFO	running
17-03-2016 12:42:47	Transmitter		INFO	running
17-03-2016 12:42:47	Transmitter		INFO	running
17-03-2016 12:42:47	Transmitter		INFO	running
17-03-2016 12:42:47	Transmitter		INFO	running
17-03-2016 12:42:47	Transmitter		INFO	running
17-03-2016 12:42:47	Transmitter		INFO	running
17-03-2016 12:42:47	Transmitter		INFO	running
17-03-2016 12:42:47	Transmitter		INFO	running
17-03-2016 12:42:47	Transmitter		INFO	running
17-03-2016 12:42:47	Transmitter		INFO	running
17-03-2016 12:42:47	Transmitter		INFO	running
17-03-2016 12:42:47	Transmitter		INFO	running
17-03-2016 12:42:47	Transmitter		INFO	running
17-03-2016 12:42:47	Transmitter		INFO	running
17-03-2016 12:42:47	Transmitter		INFO	running
17-03-2016 12:42:47	Transmitter		INFO	running
17-03-2016 12:42:47	Transmitter		INFO	running
17-03-2016 12:42:47	Transmitter		INFO	running
17-03-2016 12:42:47	Transmitter		INFO	running
17-03-2016 12:42:47	Transmitter		INFO	running
17-03-2016 12:42:47	Transmitter		INFO	running
17-03-2016 12:42:47	Transmitter		INFO	running
17-03-2016 12:42:47	Transmitter		INFO	running
17-03-2016 12:42:47	Transmitter		INFO	running
17-03-2016 12:42:47	Transmitter		INFO	running
17-03-2016 12:42:47	Transmitter		INFO	running
17-03-2016 12:42:47	Transmitter		INFO	running
17-03-2016 12:42:47	Transmitter		INFO	running
17-03-2016 12:42:47	Transmitter		INFO	running
17-03-2016 12:42:47	Transmitter		INFO	running
17-03-2016 12:42:48	Transmitter		INFO	running
17-03-2016 12:42:48	Transmitter		INFO	running
17-03-2016 12:42:48	Transmitter		INFO	running
17-03-2016 12:42:48	Transmitter		INFO	running
17-03-2016 12:42:48	Transmitter		INFO	running
17-03-2016 12:42:48	Transmitter		INFO	running
17-03-2016 12:42:48	Transmitter		INFO	running
17-03-2016 12:42:48	Transmitter		INFO	running
17-03-2016 12:42:48	Transmitter		INFO	running
17-03-2016 12:42:48	Transmitter		INFO	running
17-03-2016 12:42:48	Transmitter		INFO	running
17-03-2016 12:42:48	Transmitter		INFO	running
17-03-2016 12:42:48	Transmitter		INFO	running
17-03-2016 12:42:48	Transmitter		INFO	running
17-03-2016 12:42:48	Transmitter		INFO	running
17-03-2016 12:42:48	Transmitter		INFO	running
17-03-2016 12:42:48	Transmitter		INFO	running
17-03-2016 12:42:48	Transmitter		INFO	running
17-03-2016 12:42:48	Transmitter		INFO	running
17-03-2016 12:42:48	Transmitter		INFO	running
17-03-2016 12:42:48	Transmitter		INFO	running
17-03-2016 12:42:48	Transmitter		INFO	running
17-03-2016 12:42:48	Transmitter		INFO	running
17-03-2016 12:42:48	Transmitter		INFO	running
17-03-2016 12:42:48	Transmitter		INFO	running
17-03-2016 12:42:48	Transmitter		INFO	running
17-03-2016 12:42:48	Transmitter		INFO	running
17-03-2016 12:42:48	Transmitter		INFO	running
17-03-2016 12:42:48	Transmitter		INFO	running
17-03-2016 12:42:48	Transmitter		INFO	running
17-03-2016 12:42:48	Transmitter		INFO	running
17-03-2016 12:42:48	Transmitter		INFO	running
17-03-2016 12:42:48	Transmitter		INFO	running
17-03-2016 12:42:48	Transmitter		INFO	running
17-03-2016 12:42:48	Transmitter		INFO	running
17-03-2016 12:42:48	Transmitter		INFO	running
17-03-2016 12:42:48	Transmitter		INFO	running
17-03-2016 12:42:48	Transmitter		INFO	running
17-03-2016 12:42:48	Transmitter		INFO	running
17-03-2016 12:42:48	Transmitter		INFO	running
17-03-2016 12:42:48	Transmitter		INFO	running
17-03-2016 12:42:48	Transmitter		INFO	running
17-03-2016 12:42:48	Transmitter		INFO	running
17-03-2016 12:42:48	Transmitter		INFO	running
17-03-2016 12:42:48	Transmitter		INFO	running
17-03-2016 12:42:48	Transmitter		INFO	running
17-03-2016 12:42:48	Transmitter		INFO	running
17-03-2016 12:42:48	Transmitter		INFO	running
17-03-2016 12:42:48	Transmitter		INFO	running
17-03-2016 12:42:48	Transmitter		INFO	running
17-03-2016 12:42:48	Transmitter		INFO	running
17-03-2016 12:42:48	Transmitter		INFO	running
17-03-2016 12:42:48	Transmitter		INFO	running
17-03-2016 12:42:48	Transmitter		INFO	running
17-03-2016 12:42:48	Transmitter		INFO	running
17-03-2016 12:42:48	Transmitter		INFO	running
17-03-2016 12:42:48	Transmitter		INFO	running
17-03-2016 12:42:48	Transmitter		INFO	running
17-03-2016 12:42:48	Transmitter		INFO	running
17-03-2016 12:42:48	Transmitter		INFO	running
17-03-2016 12:42:48	Transmitter		INFO	running
17-03-2016 12:42:48	Transmitter		INFO	running
17-03-2016 12:42:48	Transmitter		INFO	running
17-03-2016 12:42:48	Transmitter		INFO	running
17-03-2016 12:42:48	Transmitter		INFO	running
17-03-2016 12:42:48	Transmitter		INFO	running
17-03-2016 12:42:48	Transmitter		INFO	running
17-03-2016 12:42:48	Transmitter		INFO	running
17-03-2016 12:42:48	Transmitter		INFO	running
17-03-2016 12:42:48	Transmitter		INFO	running
17-03-2016 12:42:48	Transmitter		INFO	running
17-03-2016 12:42:48	Transmitter		INFO	running
17-03-2016 12:42:48	Transmitter		INFO	running
17-03-2016 12:42:48	Transmitter		INFO	running
17-03-2016 12:42:48	Transmitter		INFO	running
17-03-2016 12:42:48	Transmitter		INFO	running
17-03-2016 12:42:48	Transmitter		INFO	running
17-03-2016 12:42:48	Transmitter		INFO	running
17-03-2016 12:42:48	Transmitter		INFO	running
17-03-2016 12:42:48	Transmitter		INFO	running
17-03-2016 12:42:48	Transmitter		INFO	running
17-03-2016 12:42:48	Transmitter		INFO	running
17-03-2016 12:42:48	Transmitter		INFO	running
17-03-2016 12:42:48	Transmitter		INFO	running
17-03-2016 12:42:48	Transmitter		INFO	running
17-03-2016 12:42:48	Transmitter		INFO	running
17-03-2016 12:42:48	Transmitter		INFO	running
17-03-2016 12:42:48	Transmitter		INFO	running
17-03-2016 12:42:48	Transmitter		INFO	running
17-03-2016 12:42:48	Transmitter		INFO	running
17-03-2016 12:42:48	Transmitter		INFO	running
17-03-2016 12:42:48	Transmitter		INFO	running
17-03-2016 12:42:48	Transmitter		INFO	running
17-03-2016 12:42:48	Transmitter		INFO	running
17-03-2016 12:42:48	Transmitter		INFO	running
17-03-2016 12:42:48	Controller		INFO	sending to transmitter
17-03-2016 12:42:48	Transmitter		INFO	pushing into buff
17-03-2016 12:42:48	Transmitter		INFO	running
17-03-2016 12:42:48	Transmitter		INFO	getting from buffer
17-03-2016 12:42:51	Transmitter		INFO	sending string: 3653
17-03-2016 12:42:51	Transmitter		INFO	running
17-03-2016 12:42:51	Transmitter		INFO	running
17-03-2016 12:42:51	Transmitter		INFO	running
17-03-2016 12:42:51	Transmitter		INFO	running
17-03-2016 12:42:51	Transmitter		INFO	running
17-03-2016 12:42:51	Transmitter		INFO	running
17-03-2016 12:42:52	Transmitter		INFO	running
17-03-2016 12:42:52	Transmitter		INFO	running
17-03-2016 12:42:52	Transmitter		INFO	running
17-03-2016 12:42:52	Transmitter		INFO	running
17-03-2016 12:42:52	Transmitter		INFO	running
17-03-2016 12:42:52	Transmitter		INFO	running
17-03-2016 12:42:52	Transmitter		INFO	running
17-03-2016 12:42:52	Transmitter		INFO	running
17-03-2016 12:42:52	Transmitter		INFO	running
17-03-2016 12:42:52	Transmitter		INFO	running
17-03-2016 12:42:52	Transmitter		INFO	running
17-03-2016 12:42:52	Transmitter		INFO	running
17-03-2016 12:42:52	Transmitter		INFO	running
17-03-2016 12:42:52	Transmitter		INFO	running
17-03-2016 12:42:52	Transmitter		INFO	running
17-03-2016 12:42:52	Transmitter		INFO	running
17-03-2016 12:42:52	Transmitter		INFO	running
17-03-2016 12:42:52	Transmitter		INFO	running
17-03-2016 12:42:52	Transmitter		INFO	running
17-03-2016 12:42:52	Transmitter		INFO	running
17-03-2016 12:42:52	Transmitter		INFO	running
17-03-2016 12:42:52	Transmitter		INFO	running
17-03-2016 12:42:52	Transmitter		INFO	running
17-03-2016 12:42:52	Transmitter		INFO	running
17-03-2016 12:42:52	Transmitter		INFO	running
17-03-2016 12:42:52	Transmitter		INFO	running
17-03-2016 12:42:52	Transmitter		INFO	running
17-03-2016 12:42:52	Transmitter		INFO	running
17-03-2016 12:42:52	Transmitter		INFO	running
17-03-2016 12:42:52	Transmitter		INFO	running
17-03-2016 12:42:52	Transmitter		INFO	running
17-03-2016 12:42:52	Transmitter		INFO	running
17-03-2016 12:42:52	Transmitter		INFO	running
17-03-2016 12:42:52	Transmitter		INFO	running
17-03-2016 12:42:52	Transmitter		INFO	running
17-03-2016 12:42:52	Transmitter		INFO	running
17-03-2016 12:42:52	Transmitter		INFO	running
17-03-2016 12:42:52	Transmitter		INFO	running
17-03-2016 12:42:52	Transmitter		INFO	running
17-03-2016 12:42:52	Transmitter		INFO	running
17-03-2016 12:42:52	Transmitter		INFO	running
17-03-2016 12:42:52	Transmitter		INFO	running
17-03-2016 12:42:52	Transmitter		INFO	running
17-03-2016 12:42:52	Transmitter		INFO	running
17-03-2016 12:42:52	Transmitter		INFO	running
17-03-2016 12:42:52	Transmitter		INFO	running
17-03-2016 12:42:52	Transmitter		INFO	running
17-03-2016 12:42:52	Transmitter		INFO	running
17-03-2016 12:42:52	Transmitter		INFO	running
17-03-2016 12:42:52	Transmitter		INFO	running
17-03-2016 12:42:52	Transmitter		INFO	running
17-03-2016 12:42:52	Transmitter		INFO	running
17-03-2016 12:42:52	Transmitter		INFO	running
17-03-2016 12:42:52	Transmitter		INFO	running
17-03-2016 12:42:52	Transmitter		INFO	running
17-03-2016 12:42:52	Transmitter		INFO	running
17-03-2016 12:42:52	Transmitter		INFO	running
17-03-2016 12:42:52	Transmitter		INFO	running
17-03-2016 12:42:52	Transmitter		INFO	running
17-03-2016 12:42:52	Transmitter		INFO	running
17-03-2016 12:42:52	Transmitter		INFO	running
17-03-2016 12:42:52	Transmitter		INFO	running
17-03-2016 12:42:52	Transmitter		INFO	running
17-03-2016 12:42:52	Transmitter		INFO	running
17-03-2016 12:42:52	Transmitter		INFO	running
17-03-2016 12:42:52	Transmitter		INFO	running
17-03-2016 12:42:52	Transmitter		INFO	running
17-03-2016 12:42:52	Transmitter		INFO	running
17-03-2016 12:42:52	Transmitter		INFO	running
17-03-2016 12:42:52	Transmitter		INFO	running
17-03-2016 12:42:52	Transmitter		INFO	running
17-03-2016 12:42:52	Transmitter		INFO	running
17-03-2016 12:42:52	Transmitter		INFO	running
17-03-2016 12:42:52	Transmitter		INFO	running
17-03-2016 12:42:52	Transmitter		INFO	running
17-03-2016 12:42:52	Transmitter		INFO	running
17-03-2016 12:42:52	Transmitter		INFO	running
17-03-2016 12:42:52	Transmitter		INFO	running
17-03-2016 12:42:52	Transmitter		INFO	running
17-03-2016 12:42:52	Transmitter		INFO	running
17-03-2016 12:42:52	Transmitter		INFO	running
17-03-2016 12:42:52	Transmitter		INFO	running
17-03-2016 12:42:52	Transmitter		INFO	running
17-03-2016 12:42:52	Transmitter		INFO	running
17-03-2016 12:42:52	Transmitter		INFO	running
17-03-2016 12:42:52	Transmitter		INFO	running
17-03-2016 12:42:52	Transmitter		INFO	running
17-03-2016 12:42:52	Transmitter		INFO	running
17-03-2016 12:42:52	Transmitter		INFO	running
17-03-2016 12:42:52	Transmitter		INFO	running
17-03-2016 12:42:52	Transmitter		INFO	running
17-03-2016 12:42:52	Transmitter		INFO	running
17-03-2016 12:42:52	Transmitter		INFO	running
17-03-2016 12:42:52	Transmitter		INFO	running
17-03-2016 12:42:52	Transmitter		INFO	running
17-03-2016 12:42:52	Transmitter		INFO	running
17-03-2016 12:42:52	Transmitter		INFO	running
17-03-2016 12:42:52	Transmitter		INFO	running
17-03-2016 12:42:52	Transmitter		INFO	running
17-03-2016 12:42:52	Transmitter		INFO	running
17-03-2016 12:42:52	Transmitter		INFO	running
17-03-2016 12:42:52	Transmitter		INFO	running
17-03-2016 12:42:52	Transmitter		INFO	running
17-03-2016 12:42:52	Transmitter		INFO	running
17-03-2016 12:42:52	Transmitter		INFO	running
17-03-2016 12:42:52	Transmitter		INFO	running
17-03-2016 12:42:52	Transmitter		INFO	running
17-03-2016 12:42:52	Transmitter		INFO	running
17-03-2016 12:42:52	Transmitter		INFO	running
17-03-2016 12:42:52	Transmitter		INFO	running
17-03-2016 12:42:52	Transmitter		INFO	running
17-03-2016 12:42:52	Transmitter		INFO	running
17-03-2016 12:42:52	Transmitter		INFO	running
17-03-2016 12:42:52	Transmitter		INFO	running
17-03-2016 12:42:52	Transmitter		INFO	running
17-03-2016 12:42:52	Transmitter		INFO	running
17-03-2016 12:42:52	Transmitter		INFO	running
17-03-2016 12:42:53	Transmitter		INFO	running
17-03-2016 12:42:53	Transmitter		INFO	running
17-03-2016 12:42:53	Transmitter		INFO	running
17-03-2016 12:42:53	Transmitter		INFO	running
17-03-2016 12:42:53	Transmitter		INFO	running
17-03-2016 12:42:53	Transmitter		INFO	running
17-03-2016 12:42:53	Transmitter		INFO	running
17-03-2016 12:42:53	Transmitter		INFO	running
17-03-2016 12:42:53	Transmitter		INFO	running
17-03-2016 12:42:53	Transmitter		INFO	running
17-03-2016 12:42:53	Transmitter		INFO	running
17-03-2016 12:42:53	Transmitter		INFO	running
17-03-2016 12:42:53	Transmitter		INFO	running
17-03-2016 12:42:53	Transmitter		INFO	running
17-03-2016 12:42:53	Transmitter		INFO	running
17-03-2016 12:42:53	Transmitter		INFO	running
17-03-2016 12:42:53	Transmitter		INFO	running
17-03-2016 12:42:53	Transmitter		INFO	running
17-03-2016 12:42:53	Transmitter		INFO	running
17-03-2016 12:42:53	Transmitter		INFO	running
17-03-2016 12:42:53	Transmitter		INFO	running
17-03-2016 12:42:53	Transmitter		INFO	running
17-03-2016 12:42:53	Transmitter		INFO	running
17-03-2016 12:42:53	Transmitter		INFO	running
17-03-2016 12:42:53	Transmitter		INFO	running
17-03-2016 12:42:53	Transmitter		INFO	running
17-03-2016 12:42:53	Transmitter		INFO	running
17-03-2016 12:42:53	Transmitter		INFO	running
17-03-2016 12:42:53	Transmitter		INFO	running
17-03-2016 12:42:53	Transmitter		INFO	running
17-03-2016 12:42:53	Transmitter		INFO	running
17-03-2016 12:42:53	Transmitter		INFO	running
17-03-2016 12:42:53	Transmitter		INFO	running
17-03-2016 12:42:53	Transmitter		INFO	running
17-03-2016 12:42:53	Transmitter		INFO	running
17-03-2016 12:42:53	Transmitter		INFO	running
17-03-2016 12:42:53	Transmitter		INFO	running
17-03-2016 12:42:53	Transmitter		INFO	running
17-03-2016 12:42:53	Transmitter		INFO	running
17-03-2016 12:42:53	Transmitter		INFO	running
17-03-2016 12:42:53	Transmitter		INFO	running
17-03-2016 12:42:53	Transmitter		INFO	running
17-03-2016 12:42:53	Transmitter		INFO	running
17-03-2016 12:42:53	Transmitter		INFO	running
17-03-2016 12:42:53	Transmitter		INFO	running
17-03-2016 12:42:53	Transmitter		INFO	running
17-03-2016 12:42:53	Transmitter		INFO	running
17-03-2016 12:42:53	Transmitter		INFO	running
17-03-2016 12:42:53	Transmitter		INFO	running
17-03-2016 12:42:53	Transmitter		INFO	running
17-03-2016 12:42:53	Transmitter		INFO	running
17-03-2016 12:42:53	Transmitter		INFO	running
17-03-2016 12:42:53	Transmitter		INFO	running
17-03-2016 12:42:53	Transmitter		INFO	running
17-03-2016 12:42:53	Transmitter		INFO	running
17-03-2016 12:42:53	Transmitter		INFO	running
17-03-2016 12:42:53	Transmitter		INFO	running
17-03-2016 12:42:53	Transmitter		INFO	running
17-03-2016 12:42:53	Transmitter		INFO	running
17-03-2016 12:42:53	Transmitter		INFO	running
17-03-2016 12:42:53	Transmitter		INFO	running
17-03-2016 12:42:53	Transmitter		INFO	running
17-03-2016 12:42:53	Transmitter		INFO	running
17-03-2016 12:42:53	Transmitter		INFO	running
17-03-2016 12:42:53	Transmitter		INFO	running
17-03-2016 12:42:53	Transmitter		INFO	running
17-03-2016 12:42:53	Transmitter		INFO	running
17-03-2016 12:42:53	DataProcessor		INFO	polling
17-03-2016 12:42:53	Transmitter		INFO	running
17-03-2016 12:42:53	Transmitter		INFO	running
17-03-2016 12:42:53	Transmitter		INFO	running
17-03-2016 12:42:53	Transmitter		INFO	running
17-03-2016 12:42:53	Transmitter		INFO	running
17-03-2016 12:42:53	Transmitter		INFO	running
17-03-2016 12:42:53	Transmitter		INFO	running
17-03-2016 12:42:53	Transmitter		INFO	running
17-03-2016 12:42:53	Transmitter		INFO	running
17-03-2016 12:42:53	Transmitter		INFO	running
17-03-2016 12:42:53	Transmitter		INFO	running
17-03-2016 12:42:53	Transmitter		INFO	running
17-03-2016 12:42:53	Transmitter		INFO	running
17-03-2016 12:42:53	Transmitter		INFO	running
17-03-2016 12:42:53	Transmitter		INFO	running
17-03-2016 12:42:53	Transmitter		INFO	running
17-03-2016 12:42:53	Transmitter		INFO	running
17-03-2016 12:42:53	Transmitter		INFO	running
17-03-2016 12:42:53	Transmitter		INFO	running
17-03-2016 12:42:53	Transmitter		INFO	running
17-03-2016 12:42:53	Transmitter		INFO	running
17-03-2016 12:42:53	Transmitter		INFO	running
17-03-2016 12:42:53	Transmitter		INFO	running
17-03-2016 12:42:53	Transmitter		INFO	running
17-03-2016 12:42:53	Transmitter		INFO	running
17-03-2016 12:42:53	Transmitter		INFO	running
17-03-2016 12:42:53	Transmitter		INFO	running
17-03-2016 12:42:53	Transmitter		INFO	running
17-03-2016 12:42:53	Transmitter		INFO	running
17-03-2016 12:42:53	Transmitter		INFO	running
17-03-2016 12:42:53	Transmitter		INFO	running
17-03-2016 12:42:53	Transmitter		INFO	running
17-03-2016 12:42:53	Transmitter		INFO	running
17-03-2016 12:42:53	Transmitter		INFO	running
17-03-2016 12:42:54	Transmitter		INFO	running
17-03-2016 12:42:54	Transmitter		INFO	running
17-03-2016 12:42:54	Transmitter		INFO	running
17-03-2016 12:42:54	Transmitter		INFO	running
17-03-2016 12:42:54	Transmitter		INFO	running
17-03-2016 12:42:54	Transmitter		INFO	running
17-03-2016 12:42:54	Transmitter		INFO	running
17-03-2016 12:42:54	Transmitter		INFO	running
17-03-2016 12:42:54	Transmitter		INFO	running
17-03-2016 12:42:54	Transmitter		INFO	running
17-03-2016 12:42:54	Transmitter		INFO	running
17-03-2016 12:42:54	Transmitter		INFO	running
17-03-2016 12:42:54	Transmitter		INFO	running
17-03-2016 12:42:54	Transmitter		INFO	running
17-03-2016 12:42:54	Transmitter		INFO	running
17-03-2016 12:42:54	Transmitter		INFO	running
17-03-2016 12:42:54	Transmitter		INFO	running
17-03-2016 12:42:54	Transmitter		INFO	running
17-03-2016 12:42:54	Transmitter		INFO	running
17-03-2016 12:42:54	Transmitter		INFO	running
17-03-2016 12:42:54	CameraInterface		INFO	Read successful
17-03-2016 12:42:54	Transmitter		INFO	running
17-03-2016 12:42:54	Transmitter		INFO	running
17-03-2016 12:42:54	Transmitter		INFO	running
17-03-2016 12:42:54	Transmitter		INFO	running
17-03-2016 12:42:54	Transmitter		INFO	running
17-03-2016 12:42:54	Transmitter		INFO	running
17-03-2016 12:42:54	Transmitter		INFO	running
17-03-2016 12:42:54	Transmitter		INFO	running
17-03-2016 12:42:54	Transmitter		INFO	running
17-03-2016 12:42:54	Transmitter		INFO	running
17-03-2016 12:42:54	Transmitter		INFO	running
17-03-2016 12:42:54	Transmitter		INFO	running
17-03-2016 12:42:54	Transmitter		INFO	running
17-03-2016 12:42:54	Transmitter		INFO	running
17-03-2016 12:42:54	Transmitter		INFO	running
17-03-2016 12:42:54	Transmitter		INFO	running
17-03-2016 12:42:54	Transmitter		INFO	running
17-03-2016 12:42:54	Transmitter		INFO	running
17-03-2016 12:42:54	Transmitter		INFO	running
17-03-2016 12:42:54	Transmitter		INFO	running
17-03-2016 12:42:54	Transmitter		INFO	running
17-03-2016 12:42:54	Transmitter		INFO	running
17-03-2016 12:42:54	Transmitter		INFO	running
17-03-2016 12:42:54	Transmitter		INFO	running
17-03-2016 12:42:54	Transmitter		INFO	running
17-03-2016 12:42:54	Transmitter		INFO	running
17-03-2016 12:42:54	Transmitter		INFO	running
17-03-2016 12:42:54	Transmitter		INFO	running
17-03-2016 12:42:54	Transmitter		INFO	running
17-03-2016 12:42:54	Transmitter		INFO	running
17-03-2016 12:42:54	Transmitter		INFO	running
17-03-2016 12:42:54	Transmitter		INFO	running
17-03-2016 12:42:54	Transmitter		INFO	running
17-03-2016 12:42:54	Transmitter		INFO	running
17-03-2016 12:42:54	Transmitter		INFO	running
17-03-2016 12:42:54	Transmitter		INFO	running
17-03-2016 12:42:54	Transmitter		INFO	running
17-03-2016 12:42:54	Transmitter		INFO	running
17-03-2016 12:42:54	Transmitter		INFO	running
17-03-2016 12:42:54	Transmitter		INFO	running
17-03-2016 12:42:54	Transmitter		INFO	running
17-03-2016 12:42:54	Transmitter		INFO	running
17-03-2016 12:42:54	Transmitter		INFO	running
17-03-2016 12:42:54	Transmitter		INFO	running
17-03-2016 12:42:54	Transmitter		INFO	running
17-03-2016 12:42:54	Transmitter		INFO	running
17-03-2016 12:42:54	Transmitter		INFO	running
17-03-2016 12:42:54	Transmitter		INFO	running
17-03-2016 12:42:54	Transmitter		INFO	running
17-03-2016 12:42:54	Transmitter		INFO	running
17-03-2016 12:42:54	Transmitter		INFO	running
17-03-2016 12:42:54	Transmitter		INFO	running
17-03-2016 12:42:54	Transmitter		INFO	running
17-03-2016 12:42:54	Transmitter		INFO	running
17-03-2016 12:42:54	Transmitter		INFO	running
17-03-2016 12:42:54	Transmitter		INFO	running
17-03-2016 12:42:54	Transmitter		INFO	running
17-03-2016 12:42:54	Transmitter		INFO	running
17-03-2016 12:42:54	Transmitter		INFO	running
17-03-2016 12:42:54	Transmitter		INFO	running
17-03-2016 12:42:54	Transmitter		INFO	running
17-03-2016 12:42:55	Transmitter		INFO	running
17-03-2016 12:42:55	Transmitter		INFO	running
17-03-2016 12:42:55	Transmitter		INFO	running
17-03-2016 12:42:55	Transmitter		INFO	running
17-03-2016 12:42:55	Transmitter		INFO	running
17-03-2016 12:42:55	Transmitter		INFO	running
17-03-2016 12:42:55	Transmitter		INFO	running
17-03-2016 12:42:55	Transmitter		INFO	running
17-03-2016 12:42:55	Transmitter		INFO	running
17-03-2016 12:42:55	Transmitter		INFO	running
17-03-2016 12:42:55	Transmitter		INFO	running
17-03-2016 12:42:55	Transmitter		INFO	running
17-03-2016 12:42:55	Transmitter		INFO	running
17-03-2016 12:42:55	Transmitter		INFO	running
17-03-2016 12:42:55	Transmitter		INFO	running
17-03-2016 12:42:55	Transmitter		INFO	running
17-03-2016 12:42:55	Transmitter		INFO	running
17-03-2016 12:42:55	Transmitter		INFO	running
17-03-2016 12:42:55	Transmitter		INFO	running
17-03-2016 12:42:55	Transmitter		INFO	running
17-03-2016 12:42:55	Transmitter		INFO	running
17-03-2016 12:42:55	Transmitter		INFO	running
17-03-2016 12:42:55	Transmitter		INFO	running
17-03-2016 12:42:55	Transmitter		INFO	running
17-03-2016 12:42:55	Transmitter		INFO	running
17-03-2016 12:42:55	Transmitter		INFO	running
17-03-2016 12:42:55	Transmitter		INFO	running
17-03-2016 12:42:55	Transmitter		INFO	running
17-03-2016 12:42:55	Transmitter		INFO	running
17-03-2016 12:42:55	Transmitter		INFO	running
17-03-2016 12:42:55	Transmitter		INFO	running
17-03-2016 12:42:55	Transmitter		INFO	running
17-03-2016 12:42:55	Transmitter		INFO	running
17-03-2016 12:42:55	Transmitter		INFO	running
17-03-2016 12:42:55	Transmitter		INFO	running
17-03-2016 12:42:55	Transmitter		INFO	running
17-03-2016 12:42:55	Transmitter		INFO	running
17-03-2016 12:42:55	Transmitter		INFO	running
17-03-2016 12:42:55	Transmitter		INFO	running
17-03-2016 12:42:55	Transmitter		INFO	running
17-03-2016 12:42:55	Transmitter		INFO	running
17-03-2016 12:42:55	Transmitter		INFO	running
17-03-2016 12:42:55	Transmitter		INFO	running
17-03-2016 12:42:55	Transmitter		INFO	running
17-03-2016 12:42:55	Transmitter		INFO	running
17-03-2016 12:42:55	Transmitter		INFO	running
17-03-2016 12:42:55	Transmitter		INFO	running
17-03-2016 12:42:55	Transmitter		INFO	running
17-03-2016 12:42:55	Transmitter		INFO	running
17-03-2016 12:42:55	Transmitter		INFO	running
17-03-2016 12:42:55	Transmitter		INFO	running
17-03-2016 12:42:55	Transmitter		INFO	running
17-03-2016 12:42:55	Transmitter		INFO	running
17-03-2016 12:42:55	Transmitter		INFO	running
17-03-2016 12:42:55	Transmitter		INFO	running
17-03-2016 12:42:55	Transmitter		INFO	running
17-03-2016 12:42:55	Transmitter		INFO	running
17-03-2016 12:42:55	Transmitter		INFO	running
17-03-2016 12:42:55	Transmitter		INFO	running
17-03-2016 12:42:55	Transmitter		INFO	running
17-03-2016 12:42:55	Transmitter		INFO	running
17-03-2016 12:42:55	Transmitter		INFO	running
17-03-2016 12:42:55	Transmitter		INFO	running
17-03-2016 12:42:55	Transmitter		INFO	running
17-03-2016 12:42:55	Transmitter		INFO	running
17-03-2016 12:42:55	Transmitter		INFO	running
17-03-2016 12:42:55	Transmitter		INFO	running
17-03-2016 12:42:55	Transmitter		INFO	running
17-03-2016 12:42:55	Transmitter		INFO	running
17-03-2016 12:42:55	Transmitter		INFO	running
17-03-2016 12:42:55	Transmitter		INFO	running
17-03-2016 12:42:55	Transmitter		INFO	running
17-03-2016 12:42:55	Transmitter		INFO	running
17-03-2016 12:42:55	Transmitter		INFO	running
17-03-2016 12:42:55	Transmitter		INFO	running
17-03-2016 12:42:55	Transmitter		INFO	running
17-03-2016 12:42:55	Transmitter		INFO	running
17-03-2016 12:42:55	Transmitter		INFO	running
17-03-2016 12:42:55	Transmitter		INFO	running
17-03-2016 12:42:55	Transmitter		INFO	running
17-03-2016 12:42:55	Transmitter		INFO	running
17-03-2016 12:42:55	Transmitter		INFO	running
17-03-2016 12:42:55	Transmitter		INFO	running
17-03-2016 12:42:55	Transmitter		INFO	running
17-03-2016 12:42:55	Transmitter		INFO	running
17-03-2016 12:42:55	Transmitter		INFO	running
17-03-2016 12:42:55	Transmitter		INFO	running
17-03-2016 12:42:55	Transmitter		INFO	running
17-03-2016 12:42:56	Transmitter		INFO	running
17-03-2016 12:42:56	Transmitter		INFO	running
17-03-2016 12:42:56	Transmitter		INFO	running
17-03-2016 12:42:56	Transmitter		INFO	running
17-03-2016 12:42:56	Transmitter		INFO	running
17-03-2016 12:42:56	Transmitter		INFO	running
17-03-2016 12:42:56	Transmitter		INFO	running
17-03-2016 12:42:56	Transmitter		INFO	running
17-03-2016 12:42:56	Transmitter		INFO	running
17-03-2016 12:42:56	Transmitter		INFO	running
17-03-2016 12:42:56	Transmitter		INFO	running
17-03-2016 12:42:56	Transmitter		INFO	running
17-03-2016 12:42:56	Transmitter		INFO	running
17-03-2016 12:42:56	Transmitter		INFO	running
17-03-2016 12:42:56	Transmitter		INFO	running
17-03-2016 12:42:56	Transmitter		INFO	running
17-03-2016 12:42:56	Transmitter		INFO	running
17-03-2016 12:42:56	Transmitter		INFO	running
17-03-2016 12:42:56	Transmitter		INFO	running
17-03-2016 12:42:56	Transmitter		INFO	running
17-03-2016 12:42:56	Transmitter		INFO	running
17-03-2016 12:42:56	Transmitter		INFO	running
17-03-2016 12:42:56	Transmitter		INFO	running
17-03-2016 12:42:56	Transmitter		INFO	running
17-03-2016 12:42:56	Transmitter		INFO	running
17-03-2016 12:42:56	Transmitter		INFO	running
17-03-2016 12:42:56	Transmitter		INFO	running
17-03-2016 12:42:56	Transmitter		INFO	running
17-03-2016 12:42:56	Transmitter		INFO	running
17-03-2016 12:42:56	Transmitter		INFO	running
17-03-2016 12:42:56	Transmitter		INFO	running
17-03-2016 12:42:56	Transmitter		INFO	running
17-03-2016 12:42:56	Transmitter		INFO	running
17-03-2016 12:42:56	Transmitter		INFO	running
17-03-2016 12:42:56	Transmitter		INFO	running
17-03-2016 12:42:56	Transmitter		INFO	running
17-03-2016 12:42:56	Transmitter		INFO	running
17-03-2016 12:42:56	Transmitter		INFO	running
17-03-2016 12:42:56	Transmitter		INFO	running
17-03-2016 12:42:56	Transmitter		INFO	running
17-03-2016 12:42:56	Transmitter		INFO	running
17-03-2016 12:42:56	Transmitter		INFO	running
17-03-2016 12:42:56	Transmitter		INFO	running
17-03-2016 12:42:56	Transmitter		INFO	running
17-03-2016 12:42:56	Transmitter		INFO	running
17-03-2016 12:42:56	Transmitter		INFO	running
17-03-2016 12:42:56	Transmitter		INFO	running
17-03-2016 12:42:56	Transmitter		INFO	running
17-03-2016 12:42:56	Transmitter		INFO	running
17-03-2016 12:42:56	Transmitter		INFO	running
17-03-2016 12:42:56	Transmitter		INFO	running
17-03-2016 12:42:56	Transmitter		INFO	running
17-03-2016 12:42:56	Transmitter		INFO	running
17-03-2016 12:42:56	Transmitter		INFO	running
17-03-2016 12:42:56	Transmitter		INFO	running
17-03-2016 12:42:56	Transmitter		INFO	running
17-03-2016 12:42:56	Transmitter		INFO	running
17-03-2016 12:42:56	Transmitter		INFO	running
17-03-2016 12:42:56	Transmitter		INFO	running
17-03-2016 12:42:56	Transmitter		INFO	running
17-03-2016 12:42:56	Transmitter		INFO	running
17-03-2016 12:42:56	Transmitter		INFO	running
17-03-2016 12:42:56	Transmitter		INFO	running
17-03-2016 12:42:56	Transmitter		INFO	running
17-03-2016 12:42:56	Transmitter		INFO	running
17-03-2016 12:42:56	Transmitter		INFO	running
17-03-2016 12:42:56	Transmitter		INFO	running
17-03-2016 12:42:56	Transmitter		INFO	running
17-03-2016 12:42:56	Transmitter		INFO	running
17-03-2016 12:42:56	Transmitter		INFO	running
17-03-2016 12:42:56	Transmitter		INFO	running
17-03-2016 12:42:56	Transmitter		INFO	running
17-03-2016 12:42:56	Transmitter		INFO	running
17-03-2016 12:42:56	Transmitter		INFO	running
17-03-2016 12:42:56	Transmitter		INFO	running
17-03-2016 12:42:56	Transmitter		INFO	running
17-03-2016 12:42:56	Transmitter		INFO	running
17-03-2016 12:42:56	Transmitter		INFO	running
17-03-2016 12:42:56	Transmitter		INFO	running
17-03-2016 12:42:56	Transmitter		INFO	running
17-03-2016 12:42:56	Transmitter		INFO	running
17-03-2016 12:42:56	Transmitter		INFO	running
17-03-2016 12:42:56	Transmitter		INFO	running
17-03-2016 12:42:56	Transmitter		INFO	running
17-03-2016 12:42:56	Transmitter		INFO	running
17-03-2016 12:42:56	Transmitter		INFO	running
17-03-2016 12:42:57	Transmitter		INFO	running
17-03-2016 12:42:57	Transmitter		INFO	running
17-03-2016 12:42:57	Transmitter		INFO	running
17-03-2016 12:42:57	Transmitter		INFO	running
17-03-2016 12:42:57	Transmitter		INFO	running
17-03-2016 12:42:57	Transmitter		INFO	running
17-03-2016 12:42:57	Transmitter		INFO	running
17-03-2016 12:42:57	Transmitter		INFO	running
17-03-2016 12:42:57	Transmitter		INFO	running
17-03-2016 12:42:57	Transmitter		INFO	running
17-03-2016 12:42:57	Transmitter		INFO	running
17-03-2016 12:42:57	Transmitter		INFO	running
17-03-2016 12:42:57	Transmitter		INFO	running
17-03-2016 12:42:57	Transmitter		INFO	running
17-03-2016 12:42:57	Transmitter		INFO	running
17-03-2016 12:42:57	Transmitter		INFO	running
17-03-2016 12:42:57	Transmitter		INFO	running
17-03-2016 12:42:57	Transmitter		INFO	running
17-03-2016 12:42:57	Transmitter		INFO	running
17-03-2016 12:42:57	Transmitter		INFO	running
17-03-2016 12:42:57	Transmitter		INFO	running
17-03-2016 12:42:57	Transmitter		INFO	running
17-03-2016 12:42:57	Transmitter		INFO	running
17-03-2016 12:42:57	Transmitter		INFO	running
17-03-2016 12:42:57	Transmitter		INFO	running
17-03-2016 12:42:57	Transmitter		INFO	running
17-03-2016 12:42:57	Transmitter		INFO	running
17-03-2016 12:42:57	Transmitter		INFO	running
17-03-2016 12:42:57	Transmitter		INFO	running
17-03-2016 12:42:57	Transmitter		INFO	running
17-03-2016 12:42:57	Transmitter		INFO	running
17-03-2016 12:42:57	Transmitter		INFO	running
17-03-2016 12:42:57	Transmitter		INFO	running
17-03-2016 12:42:57	Transmitter		INFO	running
17-03-2016 12:42:57	Transmitter		INFO	running
17-03-2016 12:42:57	Transmitter		INFO	running
17-03-2016 12:42:57	Transmitter		INFO	running
17-03-2016 12:42:57	Transmitter		INFO	running
17-03-2016 12:42:57	Transmitter		INFO	running
17-03-2016 12:42:57	Transmitter		INFO	running
17-03-2016 12:42:57	Transmitter		INFO	running
17-03-2016 12:42:57	Transmitter		INFO	running
17-03-2016 12:42:57	Transmitter		INFO	running
17-03-2016 12:42:57	Transmitter		INFO	running
17-03-2016 12:42:57	Transmitter		INFO	running
17-03-2016 12:42:57	Transmitter		INFO	running
17-03-2016 12:42:57	Transmitter		INFO	running
17-03-2016 12:42:57	Transmitter		INFO	running
17-03-2016 12:42:57	Transmitter		INFO	running
17-03-2016 12:42:57	Transmitter		INFO	running
17-03-2016 12:42:57	Transmitter		INFO	running
17-03-2016 12:42:57	Transmitter		INFO	running
17-03-2016 12:42:57	Transmitter		INFO	running
17-03-2016 12:42:57	Transmitter		INFO	running
17-03-2016 12:42:57	Transmitter		INFO	running
17-03-2016 12:42:57	Transmitter		INFO	running
17-03-2016 12:42:57	Transmitter		INFO	running
17-03-2016 12:42:57	Transmitter		INFO	running
17-03-2016 12:42:57	Transmitter		INFO	running
17-03-2016 12:42:57	Transmitter		INFO	running
17-03-2016 12:42:57	Transmitter		INFO	running
17-03-2016 12:42:57	Transmitter		INFO	running
17-03-2016 12:42:57	Transmitter		INFO	running
17-03-2016 12:42:57	Transmitter		INFO	running
17-03-2016 12:42:57	Transmitter		INFO	running
17-03-2016 12:42:57	Transmitter		INFO	running
17-03-2016 12:42:57	Transmitter		INFO	running
17-03-2016 12:42:57	Transmitter		INFO	running
17-03-2016 12:42:57	Transmitter		INFO	running
17-03-2016 12:42:57	Transmitter		INFO	running
17-03-2016 12:42:57	Transmitter		INFO	running
17-03-2016 12:42:57	Transmitter		INFO	running
17-03-2016 12:42:57	Transmitter		INFO	running
17-03-2016 12:42:57	Transmitter		INFO	running
17-03-2016 12:42:57	Transmitter		INFO	running
17-03-2016 12:42:57	Transmitter		INFO	running
17-03-2016 12:42:57	Transmitter		INFO	running
17-03-2016 12:42:57	Transmitter		INFO	running
17-03-2016 12:42:57	Transmitter		INFO	running
17-03-2016 12:42:57	Transmitter		INFO	running
17-03-2016 12:42:57	Transmitter		INFO	running
17-03-2016 12:42:57	Transmitter		INFO	running
17-03-2016 12:42:57	Transmitter		INFO	running
17-03-2016 12:42:57	Transmitter		INFO	running
17-03-2016 12:42:57	Transmitter		INFO	running
17-03-2016 12:42:57	Transmitter		INFO	running
17-03-2016 12:42:57	Transmitter		INFO	running
17-03-2016 12:42:57	Transmitter		INFO	running
17-03-2016 12:42:57	Transmitter		INFO	running
17-03-2016 12:42:57	Transmitter		INFO	running
17-03-2016 12:42:57	Transmitter		INFO	running
17-03-2016 12:42:58	Transmitter		INFO	running
17-03-2016 12:42:58	Transmitter		INFO	running
17-03-2016 12:42:58	Transmitter		INFO	running
17-03-2016 12:42:58	Transmitter		INFO	running
17-03-2016 12:42:58	Transmitter		INFO	running
17-03-2016 12:42:58	Transmitter		INFO	running
17-03-2016 12:42:58	Transmitter		INFO	running
17-03-2016 12:42:58	Transmitter		INFO	running
17-03-2016 12:42:58	Transmitter		INFO	running
17-03-2016 12:42:58	Transmitter		INFO	running
17-03-2016 12:42:58	Transmitter		INFO	running
17-03-2016 12:42:58	Transmitter		INFO	running
17-03-2016 12:42:58	Transmitter		INFO	running
17-03-2016 12:42:58	Transmitter		INFO	running
17-03-2016 12:42:58	Transmitter		INFO	running
17-03-2016 12:42:58	Transmitter		INFO	running
17-03-2016 12:42:58	Transmitter		INFO	running
17-03-2016 12:42:58	Transmitter		INFO	running
17-03-2016 12:42:58	Transmitter		INFO	running
17-03-2016 12:42:58	Transmitter		INFO	running
17-03-2016 12:42:58	Transmitter		INFO	running
17-03-2016 12:42:58	Transmitter		INFO	running
17-03-2016 12:42:58	Transmitter		INFO	running
17-03-2016 12:42:58	Transmitter		INFO	running
17-03-2016 12:42:58	Transmitter		INFO	running
17-03-2016 12:42:58	Transmitter		INFO	running
17-03-2016 12:42:58	Transmitter		INFO	running
17-03-2016 12:42:58	Transmitter		INFO	running
17-03-2016 12:42:58	Transmitter		INFO	running
17-03-2016 12:42:58	Transmitter		INFO	running
17-03-2016 12:42:58	Transmitter		INFO	running
17-03-2016 12:42:58	Transmitter		INFO	running
17-03-2016 12:42:58	Transmitter		INFO	running
17-03-2016 12:42:58	Transmitter		INFO	running
17-03-2016 12:42:58	Transmitter		INFO	running
17-03-2016 12:42:58	Transmitter		INFO	running
17-03-2016 12:42:58	Transmitter		INFO	running
17-03-2016 12:42:58	Transmitter		INFO	running
17-03-2016 12:42:58	Transmitter		INFO	running
17-03-2016 12:42:58	Transmitter		INFO	running
17-03-2016 12:42:58	Transmitter		INFO	running
17-03-2016 12:42:58	Transmitter		INFO	running
17-03-2016 12:42:58	Transmitter		INFO	running
17-03-2016 12:42:58	Transmitter		INFO	running
17-03-2016 12:42:58	Transmitter		INFO	running
17-03-2016 12:42:58	Transmitter		INFO	running
17-03-2016 12:42:58	Transmitter		INFO	running
17-03-2016 12:42:58	Transmitter		INFO	running
17-03-2016 12:42:58	Transmitter		INFO	running
17-03-2016 12:42:58	Transmitter		INFO	running
17-03-2016 12:42:58	Transmitter		INFO	running
17-03-2016 12:42:58	Transmitter		INFO	running
17-03-2016 12:42:58	Transmitter		INFO	running
17-03-2016 12:42:58	Transmitter		INFO	running
17-03-2016 12:42:58	Transmitter		INFO	running
17-03-2016 12:42:58	Transmitter		INFO	running
17-03-2016 12:42:58	Transmitter		INFO	running
17-03-2016 12:42:58	Transmitter		INFO	running
17-03-2016 12:42:58	Transmitter		INFO	running
17-03-2016 12:42:58	Transmitter		INFO	running
17-03-2016 12:42:58	Transmitter		INFO	running
17-03-2016 12:42:58	Transmitter		INFO	running
17-03-2016 12:42:58	Transmitter		INFO	running
17-03-2016 12:42:58	Transmitter		INFO	running
17-03-2016 12:42:58	Transmitter		INFO	running
17-03-2016 12:42:58	Transmitter		INFO	running
17-03-2016 12:42:58	Transmitter		INFO	running
17-03-2016 12:42:58	Transmitter		INFO	running
17-03-2016 12:42:58	Transmitter		INFO	running
17-03-2016 12:42:58	Transmitter		INFO	running
17-03-2016 12:42:58	Transmitter		INFO	running
17-03-2016 12:42:58	Transmitter		INFO	running
17-03-2016 12:42:58	Transmitter		INFO	running
17-03-2016 12:42:58	Transmitter		INFO	running
17-03-2016 12:42:58	Transmitter		INFO	running
17-03-2016 12:42:58	Transmitter		INFO	running
17-03-2016 12:42:58	Transmitter		INFO	running
17-03-2016 12:42:58	Transmitter		INFO	running
17-03-2016 12:42:58	Transmitter		INFO	running
17-03-2016 12:42:58	Transmitter		INFO	running
17-03-2016 12:42:58	Transmitter		INFO	running
17-03-2016 12:42:58	Transmitter		INFO	running
17-03-2016 12:42:58	Transmitter		INFO	running
17-03-2016 12:42:58	Transmitter		INFO	running
17-03-2016 12:42:58	Transmitter		INFO	running
17-03-2016 12:42:58	Transmitter		INFO	running
17-03-2016 12:42:58	Transmitter		INFO	running
17-03-2016 12:42:58	Transmitter		INFO	running
17-03-2016 12:42:58	Transmitter		INFO	running
17-03-2016 12:42:58	Transmitter		INFO	running
17-03-2016 12:42:58	Transmitter		INFO	running
17-03-2016 12:42:58	Transmitter		INFO	running
17-03-2016 12:42:58	Transmitter		INFO	running
17-03-2016 12:42:58	Transmitter		INFO	running
17-03-2016 12:42:58	Transmitter		INFO	running
17-03-2016 12:42:58	Transmitter		INFO	running
17-03-2016 12:42:58	Transmitter		INFO	running
17-03-2016 12:42:59	Transmitter		INFO	running
17-03-2016 12:42:59	Transmitter		INFO	running
17-03-2016 12:42:59	Transmitter		INFO	running
17-03-2016 12:42:59	Transmitter		INFO	running
17-03-2016 12:42:59	Transmitter		INFO	running
17-03-2016 12:42:59	Transmitter		INFO	running
17-03-2016 12:42:59	Transmitter		INFO	running
17-03-2016 12:42:59	Transmitter		INFO	running
17-03-2016 12:42:59	Transmitter		INFO	running
17-03-2016 12:42:59	Transmitter		INFO	running
17-03-2016 12:42:59	Transmitter		INFO	running
17-03-2016 12:42:59	Transmitter		INFO	running
17-03-2016 12:42:59	Transmitter		INFO	running
17-03-2016 12:42:59	Transmitter		INFO	running
17-03-2016 12:42:59	Transmitter		INFO	running
17-03-2016 12:42:59	Transmitter		INFO	running
17-03-2016 12:42:59	Transmitter		INFO	running
17-03-2016 12:42:59	Transmitter		INFO	running
17-03-2016 12:42:59	Transmitter		INFO	running
17-03-2016 12:42:59	Transmitter		INFO	running
17-03-2016 12:42:59	Transmitter		INFO	running
17-03-2016 12:42:59	Transmitter		INFO	running
17-03-2016 12:42:59	Transmitter		INFO	running
17-03-2016 12:42:59	Transmitter		INFO	running
17-03-2016 12:42:59	Transmitter		INFO	running
17-03-2016 12:42:59	Transmitter		INFO	running
17-03-2016 12:42:59	Transmitter		INFO	running
17-03-2016 12:42:59	Transmitter		INFO	running
17-03-2016 12:42:59	Transmitter		INFO	running
17-03-2016 12:42:59	Transmitter		INFO	running
17-03-2016 12:42:59	Transmitter		INFO	running
17-03-2016 12:42:59	Transmitter		INFO	running
17-03-2016 12:42:59	Transmitter		INFO	running
17-03-2016 12:42:59	Transmitter		INFO	running
17-03-2016 12:42:59	Transmitter		INFO	running
17-03-2016 12:42:59	Transmitter		INFO	running
17-03-2016 12:42:59	Transmitter		INFO	running
17-03-2016 12:42:59	Transmitter		INFO	running
17-03-2016 12:42:59	Transmitter		INFO	running
17-03-2016 12:42:59	Transmitter		INFO	running
17-03-2016 12:42:59	Transmitter		INFO	running
17-03-2016 12:42:59	Transmitter		INFO	running
17-03-2016 12:42:59	Transmitter		INFO	running
17-03-2016 12:42:59	Transmitter		INFO	running
17-03-2016 12:42:59	Transmitter		INFO	running
17-03-2016 12:42:59	Transmitter		INFO	running
17-03-2016 12:42:59	Transmitter		INFO	running
17-03-2016 12:42:59	Transmitter		INFO	running
17-03-2016 12:42:59	Transmitter		INFO	running
17-03-2016 12:42:59	Transmitter		INFO	running
17-03-2016 12:42:59	Transmitter		INFO	running
17-03-2016 12:42:59	Transmitter		INFO	running
17-03-2016 12:42:59	Transmitter		INFO	running
17-03-2016 12:42:59	Transmitter		INFO	running
17-03-2016 12:42:59	Transmitter		INFO	running
17-03-2016 12:42:59	Transmitter		INFO	running
17-03-2016 12:42:59	Transmitter		INFO	running
17-03-2016 12:42:59	Transmitter		INFO	running
17-03-2016 12:42:59	Transmitter		INFO	running
17-03-2016 12:42:59	Transmitter		INFO	running
17-03-2016 12:42:59	Transmitter		INFO	running
17-03-2016 12:42:59	Transmitter		INFO	running
17-03-2016 12:42:59	Transmitter		INFO	running
17-03-2016 12:42:59	Transmitter		INFO	running
17-03-2016 12:42:59	Transmitter		INFO	running
17-03-2016 12:42:59	Transmitter		INFO	running
17-03-2016 12:42:59	Transmitter		INFO	running
17-03-2016 12:42:59	Transmitter		INFO	running
17-03-2016 12:42:59	Transmitter		INFO	running
17-03-2016 12:42:59	Transmitter		INFO	running
17-03-2016 12:42:59	Transmitter		INFO	running
17-03-2016 12:42:59	Transmitter		INFO	running
17-03-2016 12:42:59	Transmitter		INFO	running
17-03-2016 12:42:59	Transmitter		INFO	running
17-03-2016 12:42:59	Transmitter		INFO	running
17-03-2016 12:42:59	Transmitter		INFO	running
17-03-2016 12:42:59	Transmitter		INFO	running
17-03-2016 12:42:59	Transmitter		INFO	running
17-03-2016 12:42:59	Transmitter		INFO	running
17-03-2016 12:42:59	Transmitter		INFO	running
17-03-2016 12:42:59	Transmitter		INFO	running
17-03-2016 12:42:59	Transmitter		INFO	running
17-03-2016 12:42:59	Transmitter		INFO	running
17-03-2016 12:42:59	Transmitter		INFO	running
17-03-2016 12:42:59	Transmitter		INFO	running
17-03-2016 12:42:59	Transmitter		INFO	running
17-03-2016 12:42:59	Transmitter		INFO	running
17-03-2016 12:42:59	Transmitter		INFO	running
17-03-2016 12:42:59	Transmitter		INFO	running
17-03-2016 12:42:59	Transmitter		INFO	running
17-03-2016 12:43:00	Transmitter		INFO	running
17-03-2016 12:43:00	Transmitter		INFO	running
17-03-2016 12:43:00	Transmitter		INFO	running
17-03-2016 12:43:00	Transmitter		INFO	running
17-03-2016 12:43:00	Transmitter		INFO	running
17-03-2016 12:43:00	Transmitter		INFO	running
17-03-2016 12:43:00	Transmitter		INFO	running
17-03-2016 12:43:00	Transmitter		INFO	running
17-03-2016 12:43:00	Transmitter		INFO	running
17-03-2016 12:43:00	Transmitter		INFO	running
17-03-2016 12:43:00	Transmitter		INFO	running
17-03-2016 12:43:00	Transmitter		INFO	running
17-03-2016 12:43:00	Transmitter		INFO	running
17-03-2016 12:43:00	Transmitter		INFO	running
17-03-2016 12:43:00	Transmitter		INFO	running
17-03-2016 12:43:00	Transmitter		INFO	running
17-03-2016 12:43:00	Transmitter		INFO	running
17-03-2016 12:43:00	Transmitter		INFO	running
17-03-2016 12:43:00	Transmitter		INFO	running
17-03-2016 12:43:00	Transmitter		INFO	running
17-03-2016 12:43:00	Transmitter		INFO	running
17-03-2016 12:43:00	Transmitter		INFO	running
17-03-2016 12:43:00	Transmitter		INFO	running
17-03-2016 12:43:00	Transmitter		INFO	running
17-03-2016 12:43:00	Transmitter		INFO	running
17-03-2016 12:43:00	Transmitter		INFO	running
17-03-2016 12:43:00	Transmitter		INFO	running
17-03-2016 12:43:00	Transmitter		INFO	running
17-03-2016 12:43:00	Transmitter		INFO	running
17-03-2016 12:43:00	Transmitter		INFO	running
17-03-2016 12:43:00	Transmitter		INFO	running
17-03-2016 12:43:00	Transmitter		INFO	running
17-03-2016 12:43:00	Transmitter		INFO	running
17-03-2016 12:43:00	Transmitter		INFO	running
17-03-2016 12:43:00	Transmitter		INFO	running
17-03-2016 12:43:00	Transmitter		INFO	running
17-03-2016 12:43:00	Transmitter		INFO	running
17-03-2016 12:43:00	Transmitter		INFO	running
17-03-2016 12:43:00	Transmitter		INFO	running
17-03-2016 12:43:00	Transmitter		INFO	running
17-03-2016 12:43:00	Transmitter		INFO	running
17-03-2016 12:43:00	Transmitter		INFO	running
17-03-2016 12:43:00	Transmitter		INFO	running
17-03-2016 12:43:00	Transmitter		INFO	running
17-03-2016 12:43:00	Transmitter		INFO	running
17-03-2016 12:43:00	Transmitter		INFO	running
17-03-2016 12:43:00	Transmitter		INFO	running
17-03-2016 12:43:00	Transmitter		INFO	running
17-03-2016 12:43:00	Transmitter		INFO	running
17-03-2016 12:43:00	Transmitter		INFO	running
17-03-2016 12:43:00	Transmitter		INFO	running
17-03-2016 12:43:00	Transmitter		INFO	running
17-03-2016 12:43:00	Transmitter		INFO	running
17-03-2016 12:43:00	Transmitter		INFO	running
17-03-2016 12:43:00	Transmitter		INFO	running
17-03-2016 12:43:00	Transmitter		INFO	running
17-03-2016 12:43:00	Transmitter		INFO	running
17-03-2016 12:43:00	Transmitter		INFO	running
17-03-2016 12:43:00	Transmitter		INFO	running
17-03-2016 12:43:00	Transmitter		INFO	running
17-03-2016 12:43:00	Transmitter		INFO	running
17-03-2016 12:43:00	Transmitter		INFO	running
17-03-2016 12:43:00	Transmitter		INFO	running
17-03-2016 12:43:00	Transmitter		INFO	running
17-03-2016 12:43:00	Transmitter		INFO	running
17-03-2016 12:43:00	Transmitter		INFO	running
17-03-2016 12:43:00	Transmitter		INFO	running
17-03-2016 12:43:00	Transmitter		INFO	running
17-03-2016 12:43:00	Transmitter		INFO	running
17-03-2016 12:43:00	Transmitter		INFO	running
17-03-2016 12:43:00	Transmitter		INFO	running
17-03-2016 12:43:00	Transmitter		INFO	running
17-03-2016 12:43:00	Transmitter		INFO	running
17-03-2016 12:43:00	Transmitter		INFO	running
17-03-2016 12:43:00	Transmitter		INFO	running
17-03-2016 12:43:00	Transmitter		INFO	running
17-03-2016 12:43:00	Transmitter		INFO	running
17-03-2016 12:43:00	Transmitter		INFO	running
17-03-2016 12:43:00	Transmitter		INFO	running
17-03-2016 12:43:00	Transmitter		INFO	running
17-03-2016 12:43:00	Transmitter		INFO	running
17-03-2016 12:43:00	Transmitter		INFO	running
17-03-2016 12:43:00	Transmitter		INFO	running
17-03-2016 12:43:00	Transmitter		INFO	running
17-03-2016 12:43:00	Transmitter		INFO	running
17-03-2016 12:43:00	Transmitter		INFO	running
17-03-2016 12:43:00	Transmitter		INFO	running
17-03-2016 12:43:01	Transmitter		INFO	running
17-03-2016 12:43:01	Transmitter		INFO	running
17-03-2016 12:43:01	Transmitter		INFO	running
17-03-2016 12:43:01	Transmitter		INFO	running
17-03-2016 12:43:01	Transmitter		INFO	running
17-03-2016 12:43:01	Transmitter		INFO	running
17-03-2016 12:43:01	Transmitter		INFO	running
17-03-2016 12:43:01	Transmitter		INFO	running
17-03-2016 12:43:01	Transmitter		INFO	running
17-03-2016 12:43:01	Transmitter		INFO	running
17-03-2016 12:43:01	Transmitter		INFO	running
17-03-2016 12:43:01	Transmitter		INFO	running
17-03-2016 12:43:01	Transmitter		INFO	running
17-03-2016 12:43:01	Transmitter		INFO	running
17-03-2016 12:43:01	Transmitter		INFO	running
17-03-2016 12:43:01	Transmitter		INFO	running
17-03-2016 12:43:01	Transmitter		INFO	running
17-03-2016 12:43:01	Transmitter		INFO	running
17-03-2016 12:43:01	Transmitter		INFO	running
17-03-2016 12:43:01	Transmitter		INFO	running
17-03-2016 12:43:01	Transmitter		INFO	running
17-03-2016 12:43:01	Transmitter		INFO	running
17-03-2016 12:43:01	Transmitter		INFO	running
17-03-2016 12:43:01	Transmitter		INFO	running
17-03-2016 12:43:01	Transmitter		INFO	running
17-03-2016 12:43:01	Transmitter		INFO	running
17-03-2016 12:43:01	Transmitter		INFO	running
17-03-2016 12:43:01	Transmitter		INFO	running
17-03-2016 12:43:01	Transmitter		INFO	running
17-03-2016 12:43:01	Transmitter		INFO	running
17-03-2016 12:43:01	Transmitter		INFO	running
17-03-2016 12:43:01	Transmitter		INFO	running
17-03-2016 12:43:01	Transmitter		INFO	running
17-03-2016 12:43:01	Transmitter		INFO	running
17-03-2016 12:43:01	Transmitter		INFO	running
17-03-2016 12:43:01	Transmitter		INFO	running
17-03-2016 12:43:01	Transmitter		INFO	running
17-03-2016 12:43:01	Transmitter		INFO	running
17-03-2016 12:43:01	Transmitter		INFO	running
17-03-2016 12:43:01	Transmitter		INFO	running
17-03-2016 12:43:01	Transmitter		INFO	running
17-03-2016 12:43:01	Transmitter		INFO	running
17-03-2016 12:43:01	Transmitter		INFO	running
17-03-2016 12:43:01	Transmitter		INFO	running
17-03-2016 12:43:01	Transmitter		INFO	running
17-03-2016 12:43:01	Transmitter		INFO	running
17-03-2016 12:43:01	Transmitter		INFO	running
17-03-2016 12:43:01	Transmitter		INFO	running
17-03-2016 12:43:01	Transmitter		INFO	running
17-03-2016 12:43:01	Transmitter		INFO	running
17-03-2016 12:43:01	Transmitter		INFO	running
17-03-2016 12:43:01	Transmitter		INFO	running
17-03-2016 12:43:01	Transmitter		INFO	running
17-03-2016 12:43:01	Transmitter		INFO	running
17-03-2016 12:43:01	Transmitter		INFO	running
17-03-2016 12:43:01	Transmitter		INFO	running
17-03-2016 12:43:01	Transmitter		INFO	running
17-03-2016 12:43:01	Transmitter		INFO	running
17-03-2016 12:43:01	Transmitter		INFO	running
17-03-2016 12:43:01	Transmitter		INFO	running
17-03-2016 12:43:01	Transmitter		INFO	running
17-03-2016 12:43:01	Transmitter		INFO	running
17-03-2016 12:43:01	Transmitter		INFO	running
17-03-2016 12:43:01	Transmitter		INFO	running
17-03-2016 12:43:01	Transmitter		INFO	running
17-03-2016 12:43:01	Transmitter		INFO	running
17-03-2016 12:43:01	Transmitter		INFO	running
17-03-2016 12:43:01	Transmitter		INFO	running
17-03-2016 12:43:01	Transmitter		INFO	running
17-03-2016 12:43:01	Transmitter		INFO	running
17-03-2016 12:43:01	Transmitter		INFO	running
17-03-2016 12:43:01	Transmitter		INFO	running
17-03-2016 12:43:01	Transmitter		INFO	running
17-03-2016 12:43:01	Transmitter		INFO	running
17-03-2016 12:43:01	Transmitter		INFO	running
17-03-2016 12:43:01	Transmitter		INFO	running
17-03-2016 12:43:01	Transmitter		INFO	running
17-03-2016 12:43:01	Transmitter		INFO	running
17-03-2016 12:43:01	Transmitter		INFO	running
17-03-2016 12:43:01	Transmitter		INFO	running
17-03-2016 12:43:01	Transmitter		INFO	running
17-03-2016 12:43:01	Transmitter		INFO	running
17-03-2016 12:43:01	Transmitter		INFO	running
17-03-2016 12:43:01	Transmitter		INFO	running
17-03-2016 12:43:01	Transmitter		INFO	running
17-03-2016 12:43:01	Transmitter		INFO	running
17-03-2016 12:43:01	Transmitter		INFO	running
17-03-2016 12:43:01	Transmitter		INFO	running
17-03-2016 12:43:01	Transmitter		INFO	running
17-03-2016 12:43:01	Transmitter		INFO	running
17-03-2016 12:43:01	Transmitter		INFO	running
17-03-2016 12:43:01	Transmitter		INFO	running
17-03-2016 12:43:01	Transmitter		INFO	running
17-03-2016 12:43:02	Transmitter		INFO	running
17-03-2016 12:43:02	Transmitter		INFO	running
17-03-2016 12:43:02	Transmitter		INFO	running
17-03-2016 12:43:02	Transmitter		INFO	running
17-03-2016 12:43:02	Transmitter		INFO	running
17-03-2016 12:43:02	Transmitter		INFO	running
17-03-2016 12:43:02	Transmitter		INFO	running
17-03-2016 12:43:02	Transmitter		INFO	running
17-03-2016 12:43:02	Transmitter		INFO	running
17-03-2016 12:43:02	Transmitter		INFO	running
17-03-2016 12:43:02	Transmitter		INFO	running
17-03-2016 12:43:02	Transmitter		INFO	running
17-03-2016 12:43:02	Transmitter		INFO	running
17-03-2016 12:43:02	Transmitter		INFO	running
17-03-2016 12:43:02	Transmitter		INFO	running
17-03-2016 12:43:02	Transmitter		INFO	running
17-03-2016 12:43:02	Transmitter		INFO	running
17-03-2016 12:43:02	Transmitter		INFO	running
17-03-2016 12:43:02	Transmitter		INFO	running
17-03-2016 12:43:02	Transmitter		INFO	running
17-03-2016 12:43:02	Transmitter		INFO	running
17-03-2016 12:43:02	Transmitter		INFO	running
17-03-2016 12:43:02	Transmitter		INFO	running
17-03-2016 12:43:02	Transmitter		INFO	running
17-03-2016 12:43:02	Transmitter		INFO	running
17-03-2016 12:43:02	Transmitter		INFO	running
17-03-2016 12:43:02	Transmitter		INFO	running
17-03-2016 12:43:02	Transmitter		INFO	running
17-03-2016 12:43:02	Transmitter		INFO	running
17-03-2016 12:43:02	Transmitter		INFO	running
17-03-2016 12:43:02	Transmitter		INFO	running
17-03-2016 12:43:02	Transmitter		INFO	running
17-03-2016 12:43:02	Transmitter		INFO	running
17-03-2016 12:43:02	Transmitter		INFO	running
17-03-2016 12:43:02	Transmitter		INFO	running
17-03-2016 12:43:02	Transmitter		INFO	running
17-03-2016 12:43:02	Transmitter		INFO	running
17-03-2016 12:43:02	Transmitter		INFO	running
17-03-2016 12:43:02	Transmitter		INFO	running
17-03-2016 12:43:02	Transmitter		INFO	running
17-03-2016 12:43:02	Transmitter		INFO	running
17-03-2016 12:43:02	Transmitter		INFO	running
17-03-2016 12:43:02	Transmitter		INFO	running
17-03-2016 12:43:02	Transmitter		INFO	running
17-03-2016 12:43:02	Transmitter		INFO	running
17-03-2016 12:43:02	Transmitter		INFO	running
17-03-2016 12:43:02	Transmitter		INFO	running
17-03-2016 12:43:02	Transmitter		INFO	running
17-03-2016 12:43:02	Transmitter		INFO	running
17-03-2016 12:43:02	Transmitter		INFO	running
17-03-2016 12:43:02	Transmitter		INFO	running
17-03-2016 12:43:02	Transmitter		INFO	running
17-03-2016 12:43:02	Transmitter		INFO	running
17-03-2016 12:43:02	Transmitter		INFO	running
17-03-2016 12:43:02	Transmitter		INFO	running
17-03-2016 12:43:02	Transmitter		INFO	running
17-03-2016 12:43:02	Transmitter		INFO	running
17-03-2016 12:43:02	Transmitter		INFO	running
17-03-2016 12:43:02	Transmitter		INFO	running
17-03-2016 12:43:02	Transmitter		INFO	running
17-03-2016 12:43:02	Transmitter		INFO	running
17-03-2016 12:43:02	Transmitter		INFO	running
17-03-2016 12:43:02	Transmitter		INFO	running
17-03-2016 12:43:02	Controller		INFO	sending to transmitter
17-03-2016 12:43:02	Transmitter		INFO	pushing into buff
17-03-2016 12:43:02	Transmitter		INFO	running
17-03-2016 12:43:02	Transmitter		INFO	getting from buffer
17-03-2016 12:43:07	DataProcessor		INFO	polling
17-03-2016 12:43:07	CameraInterface		INFO	Read successful
17-03-2016 12:43:07	Transmitter		INFO	sending string: 1016096
17-03-2016 12:43:10	Transmitter		INFO	running
17-03-2016 12:43:10	Transmitter		INFO	running
17-03-2016 12:43:10	Transmitter		INFO	running
17-03-2016 12:43:10	Transmitter		INFO	running
17-03-2016 12:43:10	Transmitter		INFO	running
17-03-2016 12:43:10	Transmitter		INFO	running
17-03-2016 12:43:10	Transmitter		INFO	running
17-03-2016 12:43:10	Transmitter		INFO	running
17-03-2016 12:43:10	Transmitter		INFO	running
17-03-2016 12:43:10	Transmitter		INFO	running
17-03-2016 12:43:10	Transmitter		INFO	running
17-03-2016 12:43:10	Transmitter		INFO	running
17-03-2016 12:43:10	Transmitter		INFO	running
17-03-2016 12:43:10	Transmitter		INFO	running
17-03-2016 12:43:10	Transmitter		INFO	running
17-03-2016 12:43:10	Transmitter		INFO	running
17-03-2016 12:43:10	Transmitter		INFO	running
17-03-2016 12:43:10	Transmitter		INFO	running
17-03-2016 12:43:10	Transmitter		INFO	running
17-03-2016 12:43:10	Transmitter		INFO	running
17-03-2016 12:43:10	Transmitter		INFO	running
17-03-2016 12:43:10	Transmitter		INFO	running
17-03-2016 12:43:10	Transmitter		INFO	running
17-03-2016 12:43:10	Transmitter		INFO	running
17-03-2016 12:43:10	Transmitter		INFO	running
17-03-2016 12:43:10	Transmitter		INFO	running
17-03-2016 12:43:10	Transmitter		INFO	running
17-03-2016 12:43:10	Transmitter		INFO	running
17-03-2016 12:43:10	Transmitter		INFO	running
17-03-2016 12:43:10	Transmitter		INFO	running
17-03-2016 12:43:10	Transmitter		INFO	running
17-03-2016 12:43:10	Transmitter		INFO	running
17-03-2016 12:43:10	Transmitter		INFO	running
17-03-2016 12:43:10	Transmitter		INFO	running
17-03-2016 12:43:10	Transmitter		INFO	running
17-03-2016 12:43:10	Transmitter		INFO	running
17-03-2016 12:43:10	Transmitter		INFO	running
17-03-2016 12:43:10	Transmitter		INFO	running
17-03-2016 12:43:10	Transmitter		INFO	running
17-03-2016 12:43:10	Transmitter		INFO	running
17-03-2016 12:43:10	Transmitter		INFO	running
17-03-2016 12:43:10	Transmitter		INFO	running
17-03-2016 12:43:10	Transmitter		INFO	running
17-03-2016 12:43:10	Transmitter		INFO	running
17-03-2016 12:43:10	Transmitter		INFO	running
17-03-2016 12:43:10	Transmitter		INFO	running
17-03-2016 12:43:10	Transmitter		INFO	running
17-03-2016 12:43:10	Transmitter		INFO	running
17-03-2016 12:43:10	Transmitter		INFO	running
17-03-2016 12:43:10	Transmitter		INFO	running
17-03-2016 12:43:10	Transmitter		INFO	running
17-03-2016 12:43:10	Transmitter		INFO	running
17-03-2016 12:43:10	Transmitter		INFO	running
17-03-2016 12:43:10	Transmitter		INFO	running
17-03-2016 12:43:10	Transmitter		INFO	running
17-03-2016 12:43:11	Transmitter		INFO	running
17-03-2016 12:43:11	Transmitter		INFO	running
17-03-2016 12:43:11	Transmitter		INFO	running
17-03-2016 12:43:11	Transmitter		INFO	running
17-03-2016 12:43:11	Transmitter		INFO	running
17-03-2016 12:43:11	Transmitter		INFO	running
17-03-2016 12:43:11	Transmitter		INFO	running
17-03-2016 12:43:11	Transmitter		INFO	running
17-03-2016 12:43:11	Transmitter		INFO	running
17-03-2016 12:43:11	Transmitter		INFO	running
17-03-2016 12:43:11	Transmitter		INFO	running
17-03-2016 12:43:11	Transmitter		INFO	running
17-03-2016 12:43:11	Transmitter		INFO	running
17-03-2016 12:43:11	Transmitter		INFO	running
17-03-2016 12:43:11	Transmitter		INFO	running
17-03-2016 12:43:11	Transmitter		INFO	running
17-03-2016 12:43:11	Transmitter		INFO	running
17-03-2016 12:43:11	Transmitter		INFO	running
17-03-2016 12:43:11	Transmitter		INFO	running
17-03-2016 12:43:11	Transmitter		INFO	running
17-03-2016 12:43:11	Transmitter		INFO	running
17-03-2016 12:43:11	Transmitter		INFO	running
17-03-2016 12:43:11	Transmitter		INFO	running
17-03-2016 12:43:11	Transmitter		INFO	running
17-03-2016 12:43:11	Transmitter		INFO	running
17-03-2016 12:43:11	Transmitter		INFO	running
17-03-2016 12:43:11	Transmitter		INFO	running
17-03-2016 12:43:11	Transmitter		INFO	running
17-03-2016 12:43:11	Transmitter		INFO	running
17-03-2016 12:43:11	Transmitter		INFO	running
17-03-2016 12:43:11	Transmitter		INFO	running
17-03-2016 12:43:11	Transmitter		INFO	running
17-03-2016 12:43:11	Transmitter		INFO	running
17-03-2016 12:43:11	Controller		INFO	sending to transmitter
17-03-2016 12:43:11	Transmitter		INFO	pushing into buff
17-03-2016 12:43:11	Transmitter		INFO	running
17-03-2016 12:43:11	Transmitter		INFO	getting from buffer
17-03-2016 12:43:16	DataProcessor		INFO	polling
17-03-2016 12:43:16	CameraInterface		INFO	Read successful
17-03-2016 12:43:16	Transmitter		INFO	sending string: 1076063
17-03-2016 12:43:19	Controller		INFO	sending to transmitter
17-03-2016 12:43:19	Transmitter		INFO	pushing into buff
17-03-2016 12:43:23	Transmitter		INFO	running
17-03-2016 12:43:23	Transmitter		INFO	getting from buffer
17-03-2016 12:43:24	DataProcessor		INFO	polling
17-03-2016 12:43:24	CameraInterface		INFO	Read successful
17-03-2016 12:43:26	Controller		INFO	sending to transmitter
17-03-2016 12:43:26	Transmitter		INFO	pushing into buff
17-03-2016 12:43:29	Transmitter		INFO	sending string: 1074973
17-03-2016 12:43:30	Transmitter		INFO	running
17-03-2016 12:43:30	Transmitter		INFO	getting from buffer
17-03-2016 12:43:31	DataProcessor		INFO	polling
17-03-2016 12:43:32	CameraInterface		INFO	Read successful
17-03-2016 12:43:35	Controller		INFO	sending to transmitter
17-03-2016 12:43:35	Transmitter		INFO	pushing into buff
17-03-2016 12:43:37	Transmitter		INFO	sending string: 1081601
17-03-2016 12:43:40	DataProcessor		INFO	polling
17-03-2016 12:43:40	CameraInterface		INFO	Read successful
17-03-2016 12:43:41	Transmitter		INFO	running
17-03-2016 12:43:41	Transmitter		INFO	getting from buffer
17-03-2016 12:43:43	Controller		INFO	sending to transmitter
17-03-2016 12:43:43	Transmitter		INFO	pushing into buff
17-03-2016 12:43:47	Transmitter		INFO	sending string: 1075776
17-03-2016 12:43:48	DataProcessor		INFO	polling
17-03-2016 12:43:48	CameraInterface		INFO	Read successful
17-03-2016 12:43:49	Transmitter		INFO	running
17-03-2016 12:43:49	Transmitter		INFO	getting from buffer
17-03-2016 12:43:51	Controller		INFO	sending to transmitter
17-03-2016 12:43:51	Transmitter		INFO	pushing into buff
