16-03-2016 12:42:49	Main		TRACE	Logger initialized.
16-03-2016 12:42:49	PropertyReader		TRACE	Opening file: settings/settings.txt
16-03-2016 12:42:49	PropertyReader		INFO	File opened: settings/settings.txt
16-03-2016 12:42:49	PropertyReader		INFO	Loading properties file...
16-03-2016 12:42:49	PropertyReader		INFO	Mapped TRACE to LOGGING_LEVEL
16-03-2016 12:42:49	PropertyReader		INFO	Mapped 100 to CAM_BUFFER_SIZE
16-03-2016 12:42:49	PropertyReader		INFO	Mapped 15 to CAM_POLL_FREQUENCY
16-03-2016 12:42:49	PropertyReader		INFO	Mapped 0 to CAM_INDEX
16-03-2016 12:42:49	PropertyReader		DEBUG	Loaded 4 properties successfully
16-03-2016 12:42:49	Controller		INFO	Constructor controller
16-03-2016 12:42:49	Transmitter		INFO	socket retrieve success
16-03-2016 12:42:49	Transmitter		INFO	binding done
16-03-2016 12:42:49	Transmitter		INFO	done listening
16-03-2016 12:42:57	Transmitter		INFO	accepting
16-03-2016 12:42:57	Main		TRACE	intializing controller
16-03-2016 12:42:57	Controller		INFO	Initializing Controller
16-03-2016 12:42:57	Main		TRACE	initializing dataprocessor
16-03-2016 12:42:57	CameraInterface		INFO	Initializing camera
16-03-2016 12:42:57	CameraInterface		INFO	Opening video capture stream at position 0
16-03-2016 12:42:57	ControllerThread		INFO	Starting Controller Thread execution loop
16-03-2016 12:42:57	Receiver		INFO	Starting Receiver Thread execution loop
16-03-2016 12:42:57	Receiver		INFO	Starting Receiver Thread execution loop
16-03-2016 12:42:57	Transmitter		INFO	Starting Receiver Thread execution loop
16-03-2016 12:42:57	Transmitter		INFO	running
16-03-2016 12:42:57	Transmitter		INFO	running
16-03-2016 12:42:57	Transmitter		INFO	running
16-03-2016 12:42:57	Transmitter		INFO	running
16-03-2016 12:42:57	Transmitter		INFO	running
16-03-2016 12:42:57	Transmitter		INFO	running
16-03-2016 12:42:57	Transmitter		INFO	running
16-03-2016 12:42:57	Transmitter		INFO	running
16-03-2016 12:42:57	Transmitter		INFO	running
16-03-2016 12:42:57	Transmitter		INFO	running
16-03-2016 12:42:57	Transmitter		INFO	running
16-03-2016 12:42:57	Transmitter		INFO	running
16-03-2016 12:42:57	Transmitter		INFO	running
16-03-2016 12:42:57	Transmitter		INFO	running
16-03-2016 12:42:57	Transmitter		INFO	running
16-03-2016 12:42:57	Transmitter		INFO	running
16-03-2016 12:42:57	Transmitter		INFO	running
16-03-2016 12:42:57	Transmitter		INFO	running
16-03-2016 12:42:57	Transmitter		INFO	running
16-03-2016 12:42:57	Transmitter		INFO	running
16-03-2016 12:42:57	Transmitter		INFO	running
16-03-2016 12:42:57	Transmitter		INFO	running
16-03-2016 12:42:57	Transmitter		INFO	running
16-03-2016 12:42:57	Transmitter		INFO	running
16-03-2016 12:42:57	Transmitter		INFO	running
16-03-2016 12:42:57	Transmitter		INFO	running
16-03-2016 12:42:57	Transmitter		INFO	running
16-03-2016 12:42:57	Transmitter		INFO	running
16-03-2016 12:42:57	Transmitter		INFO	running
16-03-2016 12:42:57	Transmitter		INFO	running
16-03-2016 12:42:57	Transmitter		INFO	running
16-03-2016 12:42:57	Transmitter		INFO	running
16-03-2016 12:42:57	Transmitter		INFO	running
16-03-2016 12:42:57	Transmitter		INFO	running
16-03-2016 12:42:57	Transmitter		INFO	running
16-03-2016 12:42:57	Transmitter		INFO	running
16-03-2016 12:42:57	Transmitter		INFO	running
16-03-2016 12:42:57	Transmitter		INFO	running
16-03-2016 12:42:57	Transmitter		INFO	running
16-03-2016 12:42:57	Transmitter		INFO	running
16-03-2016 12:42:57	Transmitter		INFO	running
16-03-2016 12:42:57	Transmitter		INFO	running
16-03-2016 12:42:57	Transmitter		INFO	running
16-03-2016 12:42:57	Transmitter		INFO	running
16-03-2016 12:42:57	Transmitter		INFO	running
16-03-2016 12:42:57	Transmitter		INFO	running
16-03-2016 12:42:57	Transmitter		INFO	running
16-03-2016 12:42:57	Transmitter		INFO	running
16-03-2016 12:42:57	Transmitter		INFO	running
16-03-2016 12:42:57	Transmitter		INFO	running
16-03-2016 12:42:57	Transmitter		INFO	running
16-03-2016 12:42:57	Transmitter		INFO	running
16-03-2016 12:42:57	Transmitter		INFO	running
16-03-2016 12:42:57	Transmitter		INFO	running
16-03-2016 12:42:57	Transmitter		INFO	running
16-03-2016 12:42:57	Transmitter		INFO	running
16-03-2016 12:42:57	Transmitter		INFO	running
16-03-2016 12:42:57	Transmitter		INFO	running
16-03-2016 12:42:57	Transmitter		INFO	running
16-03-2016 12:42:57	Transmitter		INFO	running
16-03-2016 12:42:57	Transmitter		INFO	running
16-03-2016 12:42:57	Transmitter		INFO	running
16-03-2016 12:42:57	Transmitter		INFO	running
16-03-2016 12:42:57	Transmitter		INFO	running
16-03-2016 12:42:57	Transmitter		INFO	running
16-03-2016 12:42:57	Transmitter		INFO	running
16-03-2016 12:42:57	Transmitter		INFO	running
16-03-2016 12:42:57	Transmitter		INFO	running
16-03-2016 12:42:57	Transmitter		INFO	running
16-03-2016 12:42:57	Transmitter		INFO	running
16-03-2016 12:42:57	Transmitter		INFO	running
16-03-2016 12:42:57	Transmitter		INFO	running
16-03-2016 12:42:57	Transmitter		INFO	running
16-03-2016 12:42:57	Transmitter		INFO	running
16-03-2016 12:42:57	Main		TRACE	running controller
16-03-2016 12:42:57	DataProcessor		INFO	polling
16-03-2016 12:42:57	Transmitter		INFO	running
16-03-2016 12:42:57	Transmitter		INFO	running
16-03-2016 12:42:57	Transmitter		INFO	running
16-03-2016 12:42:57	Transmitter		INFO	running
16-03-2016 12:42:57	Transmitter		INFO	running
16-03-2016 12:42:57	Transmitter		INFO	running
16-03-2016 12:42:57	Transmitter		INFO	running
16-03-2016 12:42:57	Transmitter		INFO	running
16-03-2016 12:42:57	Transmitter		INFO	running
16-03-2016 12:42:57	Transmitter		INFO	running
16-03-2016 12:42:57	Transmitter		INFO	running
16-03-2016 12:42:57	Transmitter		INFO	running
16-03-2016 12:42:57	Transmitter		INFO	running
16-03-2016 12:42:57	Transmitter		INFO	running
16-03-2016 12:42:57	Transmitter		INFO	running
16-03-2016 12:42:57	Transmitter		INFO	running
16-03-2016 12:42:57	Transmitter		INFO	running
16-03-2016 12:42:57	Transmitter		INFO	running
16-03-2016 12:42:57	Transmitter		INFO	running
16-03-2016 12:42:57	Transmitter		INFO	running
16-03-2016 12:42:57	Transmitter		INFO	running
16-03-2016 12:42:57	Transmitter		INFO	running
16-03-2016 12:42:57	Transmitter		INFO	running
16-03-2016 12:42:57	Transmitter		INFO	running
16-03-2016 12:42:57	Transmitter		INFO	running
16-03-2016 12:42:57	Transmitter		INFO	running
16-03-2016 12:42:57	Transmitter		INFO	running
16-03-2016 12:42:57	Transmitter		INFO	running
16-03-2016 12:42:57	Transmitter		INFO	running
16-03-2016 12:42:57	Transmitter		INFO	running
16-03-2016 12:42:57	Transmitter		INFO	running
16-03-2016 12:42:57	Transmitter		INFO	running
16-03-2016 12:42:57	Transmitter		INFO	running
16-03-2016 12:42:57	Transmitter		INFO	running
16-03-2016 12:42:57	Transmitter		INFO	running
16-03-2016 12:42:57	Transmitter		INFO	running
16-03-2016 12:42:57	Transmitter		INFO	running
16-03-2016 12:42:57	Transmitter		INFO	running
16-03-2016 12:42:57	Transmitter		INFO	running
16-03-2016 12:42:58	Transmitter		INFO	running
16-03-2016 12:42:58	Transmitter		INFO	running
16-03-2016 12:42:58	Transmitter		INFO	running
16-03-2016 12:42:58	Transmitter		INFO	running
16-03-2016 12:42:58	Transmitter		INFO	running
16-03-2016 12:42:58	Transmitter		INFO	running
16-03-2016 12:42:58	Transmitter		INFO	running
16-03-2016 12:42:58	Transmitter		INFO	running
16-03-2016 12:42:58	Transmitter		INFO	running
16-03-2016 12:42:58	Transmitter		INFO	running
16-03-2016 12:42:58	Transmitter		INFO	running
16-03-2016 12:42:58	Transmitter		INFO	running
16-03-2016 12:42:58	Transmitter		INFO	running
16-03-2016 12:42:58	Transmitter		INFO	running
16-03-2016 12:42:58	Transmitter		INFO	running
16-03-2016 12:42:58	Transmitter		INFO	running
16-03-2016 12:42:58	Transmitter		INFO	running
16-03-2016 12:42:58	Transmitter		INFO	running
16-03-2016 12:42:58	Transmitter		INFO	running
16-03-2016 12:42:58	Transmitter		INFO	running
16-03-2016 12:42:58	Transmitter		INFO	running
16-03-2016 12:42:58	Transmitter		INFO	running
16-03-2016 12:42:58	Transmitter		INFO	running
16-03-2016 12:42:58	Transmitter		INFO	running
16-03-2016 12:42:58	Transmitter		INFO	running
16-03-2016 12:42:58	Transmitter		INFO	running
16-03-2016 12:42:58	Transmitter		INFO	running
16-03-2016 12:42:58	Transmitter		INFO	running
16-03-2016 12:42:58	Transmitter		INFO	running
16-03-2016 12:42:58	Transmitter		INFO	running
16-03-2016 12:42:58	Transmitter		INFO	running
16-03-2016 12:42:58	Transmitter		INFO	running
16-03-2016 12:42:58	Transmitter		INFO	running
16-03-2016 12:42:58	Transmitter		INFO	running
16-03-2016 12:42:58	Transmitter		INFO	running
16-03-2016 12:42:58	Transmitter		INFO	running
16-03-2016 12:42:58	Transmitter		INFO	running
16-03-2016 12:42:58	Transmitter		INFO	running
16-03-2016 12:42:58	Transmitter		INFO	running
16-03-2016 12:42:58	Transmitter		INFO	running
16-03-2016 12:42:58	Transmitter		INFO	running
16-03-2016 12:42:58	Transmitter		INFO	running
16-03-2016 12:42:58	Transmitter		INFO	running
16-03-2016 12:42:58	Transmitter		INFO	running
16-03-2016 12:42:58	Transmitter		INFO	running
16-03-2016 12:42:58	Transmitter		INFO	running
16-03-2016 12:42:58	Transmitter		INFO	running
16-03-2016 12:42:58	Transmitter		INFO	running
16-03-2016 12:42:58	Transmitter		INFO	running
16-03-2016 12:42:58	Transmitter		INFO	running
16-03-2016 12:42:58	Transmitter		INFO	running
16-03-2016 12:42:58	Transmitter		INFO	running
16-03-2016 12:42:58	Transmitter		INFO	running
16-03-2016 12:42:58	Transmitter		INFO	running
16-03-2016 12:42:58	Transmitter		INFO	running
16-03-2016 12:42:58	Transmitter		INFO	running
16-03-2016 12:42:58	Transmitter		INFO	running
16-03-2016 12:42:58	Transmitter		INFO	running
16-03-2016 12:42:58	Transmitter		INFO	running
16-03-2016 12:42:58	CameraInterface		INFO	Read successful
16-03-2016 12:42:58	Controller		INFO	sending to transmitter
16-03-2016 12:42:58	Transmitter		INFO	pushing into buff
16-03-2016 12:42:58	Transmitter		INFO	running
16-03-2016 12:42:58	Transmitter		INFO	getting from buffer
16-03-2016 12:43:00	DataProcessor		INFO	polling
16-03-2016 12:43:00	CameraInterface		INFO	Read successful
16-03-2016 12:43:00	Controller		INFO	sending to transmitter
16-03-2016 12:43:00	Transmitter		INFO	pushing into buff
16-03-2016 12:43:01	Transmitter		INFO	sending string: 3653
16-03-2016 12:43:01	Transmitter		INFO	running
16-03-2016 12:43:01	Transmitter		INFO	getting from buffer
16-03-2016 12:43:02	DataProcessor		INFO	polling
16-03-2016 12:43:02	CameraInterface		INFO	Read successful
16-03-2016 12:43:02	Controller		INFO	sending to transmitter
16-03-2016 12:43:02	Transmitter		INFO	pushing into buff
16-03-2016 12:43:04	DataProcessor		INFO	polling
16-03-2016 12:43:05	CameraInterface		INFO	Read successful
16-03-2016 12:43:05	Controller		INFO	sending to transmitter
16-03-2016 12:43:05	Transmitter		INFO	pushing into buff
16-03-2016 12:43:07	DataProcessor		INFO	polling
16-03-2016 12:43:07	CameraInterface		INFO	Read successful
16-03-2016 12:43:07	Controller		INFO	sending to transmitter
16-03-2016 12:43:07	Transmitter		INFO	pushing into buff
16-03-2016 12:43:07	Transmitter		INFO	sending string: 1081290
16-03-2016 12:43:08	Transmitter		INFO	running
16-03-2016 12:43:08	Transmitter		INFO	getting from buffer
16-03-2016 12:43:09	DataProcessor		INFO	polling
16-03-2016 12:43:09	CameraInterface		INFO	Read successful
16-03-2016 12:43:09	Controller		INFO	sending to transmitter
16-03-2016 12:43:09	Transmitter		INFO	pushing into buff
16-03-2016 12:43:11	DataProcessor		INFO	polling
16-03-2016 12:43:11	CameraInterface		INFO	Read successful
16-03-2016 12:43:11	Controller		INFO	sending to transmitter
16-03-2016 12:43:11	Transmitter		INFO	pushing into buff
16-03-2016 12:43:13	DataProcessor		INFO	polling
16-03-2016 12:43:13	Transmitter		INFO	sending string: 977329
