22-02-2016 12:03:50	Main		TRACE	Logger initialized.
22-02-2016 12:03:50	PropertyReader		TRACE	Opening file: settings/settings.txt
22-02-2016 12:03:50	PropertyReader		INFO	File opened: settings/settings.txt
22-02-2016 12:03:50	PropertyReader		INFO	Loading properties file...
22-02-2016 12:03:50	PropertyReader		INFO	Mapped TRACE to LOGGING_LEVEL
22-02-2016 12:03:50	PropertyReader		INFO	Mapped 100 to CAM_BUFFER_SIZE
22-02-2016 12:03:50	PropertyReader		INFO	Mapped 15 to CAM_POLL_FREQUENCY
22-02-2016 12:03:50	PropertyReader		INFO	Mapped 0 to CAM_INDEX
22-02-2016 12:03:50	PropertyReader		DEBUG	Loaded 4 properties successfully
22-02-2016 12:03:50	Controller		INFO	Constructor controller
22-02-2016 12:03:50	Transmitter		INFO	socket retrieve success
22-02-2016 12:03:50	Transmitter		INFO	binding done
22-02-2016 12:03:50	Transmitter		INFO	done listening
22-02-2016 12:03:54	Transmitter		INFO	accepting
22-02-2016 12:03:54	Main		TRACE	intializing controller
22-02-2016 12:03:54	Controller		INFO	Initializing Controller
22-02-2016 12:03:54	Main		TRACE	initializing dataprocessor
22-02-2016 12:03:54	CameraInterface		INFO	Initializing camera
22-02-2016 12:03:54	CameraInterface		INFO	Opening video capture stream at position 0
22-02-2016 12:03:54	Receiver		INFO	Starting Receiver Thread execution loop
22-02-2016 12:03:54	ControllerThread		INFO	Starting Controller Thread execution loop
22-02-2016 12:03:54	Transmitter		INFO	Starting Receiver Thread execution loop
22-02-2016 12:03:54	Transmitter		INFO	running
22-02-2016 12:03:54	Transmitter		INFO	running
22-02-2016 12:03:54	Transmitter		INFO	running
22-02-2016 12:03:54	Transmitter		INFO	running
22-02-2016 12:03:54	Transmitter		INFO	running
22-02-2016 12:03:54	Transmitter		INFO	running
22-02-2016 12:03:54	Transmitter		INFO	running
22-02-2016 12:03:54	Transmitter		INFO	running
22-02-2016 12:03:54	Transmitter		INFO	running
22-02-2016 12:03:54	Transmitter		INFO	running
22-02-2016 12:03:54	Transmitter		INFO	running
22-02-2016 12:03:54	Transmitter		INFO	running
22-02-2016 12:03:54	Transmitter		INFO	running
22-02-2016 12:03:54	Transmitter		INFO	running
22-02-2016 12:03:54	Transmitter		INFO	running
22-02-2016 12:03:54	Transmitter		INFO	running
22-02-2016 12:03:54	Transmitter		INFO	running
22-02-2016 12:03:54	Transmitter		INFO	running
22-02-2016 12:03:54	Transmitter		INFO	running
22-02-2016 12:03:54	Transmitter		INFO	running
22-02-2016 12:03:54	Transmitter		INFO	running
22-02-2016 12:03:54	Transmitter		INFO	running
22-02-2016 12:03:54	Transmitter		INFO	running
22-02-2016 12:03:54	Transmitter		INFO	running
22-02-2016 12:03:54	Transmitter		INFO	running
22-02-2016 12:03:54	Transmitter		INFO	running
22-02-2016 12:03:54	Transmitter		INFO	running
22-02-2016 12:03:54	Transmitter		INFO	running
22-02-2016 12:03:54	Transmitter		INFO	running
22-02-2016 12:03:54	Transmitter		INFO	running
22-02-2016 12:03:54	Transmitter		INFO	running
22-02-2016 12:03:54	Transmitter		INFO	running
22-02-2016 12:03:54	Transmitter		INFO	running
22-02-2016 12:03:54	Main		TRACE	running controller
22-02-2016 12:03:54	DataProcessor		INFO	polling
22-02-2016 12:03:54	Transmitter		INFO	running
22-02-2016 12:03:54	Transmitter		INFO	running
22-02-2016 12:03:54	Transmitter		INFO	running
22-02-2016 12:03:54	Transmitter		INFO	running
22-02-2016 12:03:54	Transmitter		INFO	running
22-02-2016 12:03:54	Transmitter		INFO	running
22-02-2016 12:03:54	Transmitter		INFO	running
22-02-2016 12:03:54	Transmitter		INFO	running
22-02-2016 12:03:54	Transmitter		INFO	running
22-02-2016 12:03:54	Transmitter		INFO	running
22-02-2016 12:03:54	Transmitter		INFO	running
22-02-2016 12:03:54	Transmitter		INFO	running
22-02-2016 12:03:54	Transmitter		INFO	running
22-02-2016 12:03:54	Transmitter		INFO	running
22-02-2016 12:03:54	Transmitter		INFO	running
22-02-2016 12:03:54	Transmitter		INFO	running
22-02-2016 12:03:54	Transmitter		INFO	running
22-02-2016 12:03:54	Transmitter		INFO	running
22-02-2016 12:03:54	Transmitter		INFO	running
22-02-2016 12:03:54	Transmitter		INFO	running
22-02-2016 12:03:54	Transmitter		INFO	running
22-02-2016 12:03:54	Transmitter		INFO	running
22-02-2016 12:03:54	Transmitter		INFO	running
22-02-2016 12:03:54	Transmitter		INFO	running
22-02-2016 12:03:54	Transmitter		INFO	running
22-02-2016 12:03:54	Transmitter		INFO	running
22-02-2016 12:03:54	Transmitter		INFO	running
22-02-2016 12:03:54	Transmitter		INFO	running
22-02-2016 12:03:54	Transmitter		INFO	running
22-02-2016 12:03:54	Transmitter		INFO	running
22-02-2016 12:03:54	Transmitter		INFO	running
22-02-2016 12:03:54	Transmitter		INFO	running
22-02-2016 12:03:55	Transmitter		INFO	running
22-02-2016 12:03:55	Transmitter		INFO	running
22-02-2016 12:03:55	Transmitter		INFO	running
22-02-2016 12:03:55	Transmitter		INFO	running
22-02-2016 12:03:55	Transmitter		INFO	running
22-02-2016 12:03:55	Transmitter		INFO	running
22-02-2016 12:03:55	Transmitter		INFO	running
22-02-2016 12:03:55	Transmitter		INFO	running
22-02-2016 12:03:55	Transmitter		INFO	running
22-02-2016 12:03:55	Transmitter		INFO	running
22-02-2016 12:03:55	Transmitter		INFO	running
22-02-2016 12:03:55	Transmitter		INFO	running
22-02-2016 12:03:55	Transmitter		INFO	running
22-02-2016 12:03:55	Transmitter		INFO	running
22-02-2016 12:03:55	Transmitter		INFO	running
22-02-2016 12:03:55	Transmitter		INFO	running
22-02-2016 12:03:55	Transmitter		INFO	running
22-02-2016 12:03:55	Transmitter		INFO	running
22-02-2016 12:03:55	Transmitter		INFO	running
22-02-2016 12:03:55	Transmitter		INFO	running
22-02-2016 12:03:55	Transmitter		INFO	running
22-02-2016 12:03:55	Transmitter		INFO	running
22-02-2016 12:03:55	Transmitter		INFO	running
22-02-2016 12:03:55	Transmitter		INFO	running
22-02-2016 12:03:55	Transmitter		INFO	running
22-02-2016 12:03:55	Transmitter		INFO	running
22-02-2016 12:03:55	Transmitter		INFO	running
22-02-2016 12:03:55	Transmitter		INFO	running
22-02-2016 12:03:55	Transmitter		INFO	running
22-02-2016 12:03:55	Transmitter		INFO	running
22-02-2016 12:03:55	Transmitter		INFO	running
22-02-2016 12:03:55	Transmitter		INFO	running
22-02-2016 12:03:55	Transmitter		INFO	running
22-02-2016 12:03:55	Transmitter		INFO	running
22-02-2016 12:03:55	Transmitter		INFO	running
22-02-2016 12:03:55	Transmitter		INFO	running
22-02-2016 12:03:55	Transmitter		INFO	running
22-02-2016 12:03:55	Transmitter		INFO	running
22-02-2016 12:03:55	Transmitter		INFO	running
22-02-2016 12:03:55	Transmitter		INFO	running
22-02-2016 12:03:55	Transmitter		INFO	running
22-02-2016 12:03:55	Transmitter		INFO	running
22-02-2016 12:03:55	Transmitter		INFO	running
22-02-2016 12:03:55	Transmitter		INFO	running
22-02-2016 12:03:55	Transmitter		INFO	running
22-02-2016 12:03:55	Transmitter		INFO	running
22-02-2016 12:03:55	Transmitter		INFO	running
22-02-2016 12:03:55	Transmitter		INFO	running
22-02-2016 12:03:55	Transmitter		INFO	running
22-02-2016 12:03:55	Transmitter		INFO	running
22-02-2016 12:03:55	Transmitter		INFO	running
22-02-2016 12:03:55	Transmitter		INFO	running
22-02-2016 12:03:55	Transmitter		INFO	running
22-02-2016 12:03:55	Transmitter		INFO	running
22-02-2016 12:03:55	Transmitter		INFO	running
22-02-2016 12:03:55	Transmitter		INFO	running
22-02-2016 12:03:55	Transmitter		INFO	running
22-02-2016 12:03:55	Transmitter		INFO	running
22-02-2016 12:03:55	Transmitter		INFO	running
22-02-2016 12:03:55	CameraInterface		INFO	Read successful
22-02-2016 12:03:55	Controller		INFO	sending to transmitter
22-02-2016 12:03:55	Transmitter		INFO	pushing into buff
22-02-2016 12:03:55	DataProcessor		INFO	polling
22-02-2016 12:03:55	Transmitter		INFO	running
22-02-2016 12:03:55	Transmitter		INFO	getting from buffer
22-02-2016 12:03:55	CameraInterface		INFO	Read successful
22-02-2016 12:03:55	Controller		INFO	sending to transmitter
22-02-2016 12:03:55	Transmitter		INFO	pushing into buff
22-02-2016 12:03:55	DataProcessor		INFO	polling
22-02-2016 12:03:56	CameraInterface		INFO	Read successful
22-02-2016 12:03:56	Controller		INFO	sending to transmitter
22-02-2016 12:03:56	Transmitter		INFO	pushing into buff
22-02-2016 12:03:56	DataProcessor		INFO	polling
22-02-2016 12:03:56	CameraInterface		INFO	Read successful
22-02-2016 12:03:56	Controller		INFO	sending to transmitter
22-02-2016 12:03:56	Transmitter		INFO	pushing into buff
22-02-2016 12:03:56	DataProcessor		INFO	polling
22-02-2016 12:03:56	CameraInterface		INFO	Read successful
22-02-2016 12:03:56	Controller		INFO	sending to transmitter
22-02-2016 12:03:56	Transmitter		INFO	pushing into buff
22-02-2016 12:03:56	DataProcessor		INFO	polling
22-02-2016 12:03:56	CameraInterface		INFO	Read successful
22-02-2016 12:03:56	Controller		INFO	sending to transmitter
22-02-2016 12:03:56	Transmitter		INFO	pushing into buff
22-02-2016 12:03:56	DataProcessor		INFO	polling
22-02-2016 12:03:57	CameraInterface		INFO	Read successful
22-02-2016 12:03:57	Controller		INFO	sending to transmitter
22-02-2016 12:03:57	Transmitter		INFO	pushing into buff
22-02-2016 12:03:57	DataProcessor		INFO	polling
22-02-2016 12:03:57	CameraInterface		INFO	Read successful
22-02-2016 12:03:57	Controller		INFO	sending to transmitter
22-02-2016 12:03:57	Transmitter		INFO	pushing into buff
22-02-2016 12:03:57	DataProcessor		INFO	polling
22-02-2016 12:03:57	CameraInterface		INFO	Read successful
22-02-2016 12:03:57	Controller		INFO	sending to transmitter
22-02-2016 12:03:57	Transmitter		INFO	pushing into buff
22-02-2016 12:03:57	DataProcessor		INFO	polling
22-02-2016 12:03:57	CameraInterface		INFO	Read successful
22-02-2016 12:03:57	Controller		INFO	sending to transmitter
22-02-2016 12:03:57	Transmitter		INFO	pushing into buff
22-02-2016 12:03:57	DataProcessor		INFO	polling
22-02-2016 12:03:57	CameraInterface		INFO	Read successful
22-02-2016 12:03:57	Controller		INFO	sending to transmitter
22-02-2016 12:03:57	Transmitter		INFO	pushing into buff
22-02-2016 12:03:57	DataProcessor		INFO	polling
22-02-2016 12:03:58	CameraInterface		INFO	Read successful
22-02-2016 12:03:58	Controller		INFO	sending to transmitter
22-02-2016 12:03:58	Transmitter		INFO	pushing into buff
22-02-2016 12:03:58	DataProcessor		INFO	polling
22-02-2016 12:03:58	CameraInterface		INFO	Read successful
22-02-2016 12:03:58	Controller		INFO	sending to transmitter
22-02-2016 12:03:58	Transmitter		INFO	pushing into buff
22-02-2016 12:03:58	DataProcessor		INFO	polling
22-02-2016 12:03:58	CameraInterface		INFO	Read successful
22-02-2016 12:03:58	Controller		INFO	sending to transmitter
22-02-2016 12:03:58	Transmitter		INFO	pushing into buff
22-02-2016 12:03:58	DataProcessor		INFO	polling
22-02-2016 12:03:58	CameraInterface		INFO	Read successful
22-02-2016 12:03:58	Controller		INFO	sending to transmitter
22-02-2016 12:03:58	Transmitter		INFO	pushing into buff
22-02-2016 12:03:58	DataProcessor		INFO	polling
22-02-2016 12:03:59	CameraInterface		INFO	Read successful
22-02-2016 12:03:59	Controller		INFO	sending to transmitter
22-02-2016 12:03:59	Transmitter		INFO	pushing into buff
22-02-2016 12:03:59	DataProcessor		INFO	polling
22-02-2016 12:03:59	CameraInterface		INFO	Read successful
22-02-2016 12:03:59	Controller		INFO	sending to transmitter
22-02-2016 12:03:59	Transmitter		INFO	pushing into buff
22-02-2016 12:03:59	DataProcessor		INFO	polling
22-02-2016 12:03:59	CameraInterface		INFO	Read successful
22-02-2016 12:03:59	Controller		INFO	sending to transmitter
22-02-2016 12:03:59	Transmitter		INFO	pushing into buff
22-02-2016 12:03:59	DataProcessor		INFO	polling
22-02-2016 12:03:59	CameraInterface		INFO	Read successful
22-02-2016 12:03:59	Controller		INFO	sending to transmitter
22-02-2016 12:03:59	Transmitter		INFO	pushing into buff
22-02-2016 12:03:59	DataProcessor		INFO	polling
22-02-2016 12:03:59	CameraInterface		INFO	Read successful
22-02-2016 12:03:59	Controller		INFO	sending to transmitter
22-02-2016 12:03:59	Transmitter		INFO	pushing into buff
22-02-2016 12:03:59	DataProcessor		INFO	polling
22-02-2016 12:04:00	CameraInterface		INFO	Read successful
22-02-2016 12:04:00	Controller		INFO	sending to transmitter
22-02-2016 12:04:00	Transmitter		INFO	pushing into buff
22-02-2016 12:04:00	DataProcessor		INFO	polling
22-02-2016 12:04:00	CameraInterface		INFO	Read successful
22-02-2016 12:04:00	Controller		INFO	sending to transmitter
22-02-2016 12:04:00	Transmitter		INFO	pushing into buff
22-02-2016 12:04:00	DataProcessor		INFO	polling
22-02-2016 12:04:00	CameraInterface		INFO	Read successful
22-02-2016 12:04:00	Controller		INFO	sending to transmitter
22-02-2016 12:04:00	Transmitter		INFO	pushing into buff
22-02-2016 12:04:00	DataProcessor		INFO	polling
22-02-2016 12:04:00	Transmitter		INFO	sending string: 3657
22-02-2016 12:04:00	Transmitter		INFO	running
22-02-2016 12:04:00	Transmitter		INFO	getting from buffer
22-02-2016 12:04:00	CameraInterface		INFO	Read successful
22-02-2016 12:04:00	Controller		INFO	sending to transmitter
22-02-2016 12:04:00	Transmitter		INFO	pushing into buff
22-02-2016 12:04:00	DataProcessor		INFO	polling
22-02-2016 12:04:01	CameraInterface		INFO	Read successful
22-02-2016 12:04:01	Controller		INFO	sending to transmitter
22-02-2016 12:04:01	Transmitter		INFO	pushing into buff
22-02-2016 12:04:01	DataProcessor		INFO	polling
22-02-2016 12:04:01	CameraInterface		INFO	Read successful
22-02-2016 12:04:01	Controller		INFO	sending to transmitter
22-02-2016 12:04:01	Transmitter		INFO	pushing into buff
22-02-2016 12:04:01	DataProcessor		INFO	polling
22-02-2016 12:04:01	CameraInterface		INFO	Read successful
22-02-2016 12:04:01	Controller		INFO	sending to transmitter
22-02-2016 12:04:01	Transmitter		INFO	pushing into buff
22-02-2016 12:04:01	DataProcessor		INFO	polling
22-02-2016 12:04:01	CameraInterface		INFO	Read successful
22-02-2016 12:04:01	Controller		INFO	sending to transmitter
22-02-2016 12:04:01	Transmitter		INFO	pushing into buff
22-02-2016 12:04:01	DataProcessor		INFO	polling
22-02-2016 12:04:01	CameraInterface		INFO	Read successful
22-02-2016 12:04:01	Controller		INFO	sending to transmitter
22-02-2016 12:04:01	Transmitter		INFO	pushing into buff
22-02-2016 12:04:01	DataProcessor		INFO	polling
22-02-2016 12:04:02	CameraInterface		INFO	Read successful
22-02-2016 12:04:02	Controller		INFO	sending to transmitter
22-02-2016 12:04:02	Transmitter		INFO	pushing into buff
22-02-2016 12:04:02	DataProcessor		INFO	polling
22-02-2016 12:04:02	CameraInterface		INFO	Read successful
22-02-2016 12:04:02	Controller		INFO	sending to transmitter
22-02-2016 12:04:02	Transmitter		INFO	pushing into buff
22-02-2016 12:04:02	DataProcessor		INFO	polling
22-02-2016 12:04:02	CameraInterface		INFO	Read successful
22-02-2016 12:04:02	Controller		INFO	sending to transmitter
22-02-2016 12:04:02	Transmitter		INFO	pushing into buff
22-02-2016 12:04:02	DataProcessor		INFO	polling
22-02-2016 12:04:02	CameraInterface		INFO	Read successful
22-02-2016 12:04:02	Controller		INFO	sending to transmitter
22-02-2016 12:04:02	Transmitter		INFO	pushing into buff
22-02-2016 12:04:02	DataProcessor		INFO	polling
22-02-2016 12:04:02	CameraInterface		INFO	Read successful
22-02-2016 12:04:03	Controller		INFO	sending to transmitter
22-02-2016 12:04:03	Transmitter		INFO	pushing into buff
22-02-2016 12:04:03	DataProcessor		INFO	polling
22-02-2016 12:04:03	CameraInterface		INFO	Read successful
22-02-2016 12:04:03	Controller		INFO	sending to transmitter
22-02-2016 12:04:03	Transmitter		INFO	pushing into buff
22-02-2016 12:04:03	DataProcessor		INFO	polling
22-02-2016 12:04:03	CameraInterface		INFO	Read successful
22-02-2016 12:04:03	Controller		INFO	sending to transmitter
22-02-2016 12:04:03	Transmitter		INFO	pushing into buff
22-02-2016 12:04:03	DataProcessor		INFO	polling
22-02-2016 12:04:03	CameraInterface		INFO	Read successful
22-02-2016 12:04:03	Controller		INFO	sending to transmitter
22-02-2016 12:04:03	Transmitter		INFO	pushing into buff
22-02-2016 12:04:03	DataProcessor		INFO	polling
22-02-2016 12:04:03	CameraInterface		INFO	Read successful
22-02-2016 12:04:03	Controller		INFO	sending to transmitter
22-02-2016 12:04:03	Transmitter		INFO	pushing into buff
22-02-2016 12:04:03	DataProcessor		INFO	polling
22-02-2016 12:04:04	CameraInterface		INFO	Read successful
22-02-2016 12:04:04	Controller		INFO	sending to transmitter
22-02-2016 12:04:04	Transmitter		INFO	pushing into buff
22-02-2016 12:04:04	DataProcessor		INFO	polling
22-02-2016 12:04:04	CameraInterface		INFO	Read successful
22-02-2016 12:04:04	Controller		INFO	sending to transmitter
22-02-2016 12:04:04	Transmitter		INFO	pushing into buff
22-02-2016 12:04:04	DataProcessor		INFO	polling
22-02-2016 12:04:04	CameraInterface		INFO	Read successful
22-02-2016 12:04:04	Controller		INFO	sending to transmitter
22-02-2016 12:04:04	Transmitter		INFO	pushing into buff
22-02-2016 12:04:04	DataProcessor		INFO	polling
22-02-2016 12:04:04	CameraInterface		INFO	Read successful
22-02-2016 12:04:04	Controller		INFO	sending to transmitter
22-02-2016 12:04:04	Transmitter		INFO	pushing into buff
22-02-2016 12:04:04	DataProcessor		INFO	polling
22-02-2016 12:04:04	CameraInterface		INFO	Read successful
22-02-2016 12:04:04	Controller		INFO	sending to transmitter
22-02-2016 12:04:04	Transmitter		INFO	pushing into buff
22-02-2016 12:04:04	DataProcessor		INFO	polling
22-02-2016 12:04:05	CameraInterface		INFO	Read successful
22-02-2016 12:04:05	Controller		INFO	sending to transmitter
22-02-2016 12:04:05	Transmitter		INFO	pushing into buff
22-02-2016 12:04:05	DataProcessor		INFO	polling
22-02-2016 12:04:05	CameraInterface		INFO	Read successful
22-02-2016 12:04:05	Controller		INFO	sending to transmitter
22-02-2016 12:04:05	Transmitter		INFO	pushing into buff
22-02-2016 12:04:05	DataProcessor		INFO	polling
22-02-2016 12:04:05	CameraInterface		INFO	Read successful
22-02-2016 12:04:05	Controller		INFO	sending to transmitter
22-02-2016 12:04:05	Transmitter		INFO	pushing into buff
22-02-2016 12:04:05	DataProcessor		INFO	polling
22-02-2016 12:04:05	CameraInterface		INFO	Read successful
22-02-2016 12:04:05	Controller		INFO	sending to transmitter
22-02-2016 12:04:05	Transmitter		INFO	pushing into buff
22-02-2016 12:04:05	DataProcessor		INFO	polling
22-02-2016 12:04:06	CameraInterface		INFO	Read successful
22-02-2016 12:04:06	Controller		INFO	sending to transmitter
22-02-2016 12:04:06	Transmitter		INFO	pushing into buff
22-02-2016 12:04:06	DataProcessor		INFO	polling
22-02-2016 12:04:06	CameraInterface		INFO	Read successful
22-02-2016 12:04:06	Controller		INFO	sending to transmitter
22-02-2016 12:04:06	Transmitter		INFO	pushing into buff
22-02-2016 12:04:06	DataProcessor		INFO	polling
22-02-2016 12:04:06	Transmitter		INFO	sending string: 298897
22-02-2016 12:04:06	CameraInterface		INFO	Read successful
22-02-2016 12:04:06	Controller		INFO	sending to transmitter
22-02-2016 12:04:06	Transmitter		INFO	pushing into buff
22-02-2016 12:04:06	DataProcessor		INFO	polling
22-02-2016 12:04:06	CameraInterface		INFO	Read successful
22-02-2016 12:04:06	Controller		INFO	sending to transmitter
22-02-2016 12:04:06	Transmitter		INFO	pushing into buff
22-02-2016 12:04:06	DataProcessor		INFO	polling
22-02-2016 12:04:07	CameraInterface		INFO	Read successful
22-02-2016 12:04:07	Controller		INFO	sending to transmitter
22-02-2016 12:04:07	Transmitter		INFO	pushing into buff
22-02-2016 12:04:07	DataProcessor		INFO	polling
22-02-2016 12:04:07	CameraInterface		INFO	Read successful
22-02-2016 12:04:07	Controller		INFO	sending to transmitter
22-02-2016 12:04:07	Transmitter		INFO	pushing into buff
22-02-2016 12:04:07	DataProcessor		INFO	polling
22-02-2016 12:04:07	CameraInterface		INFO	Read successful
22-02-2016 12:04:07	Controller		INFO	sending to transmitter
22-02-2016 12:04:07	Transmitter		INFO	pushing into buff
22-02-2016 12:04:07	DataProcessor		INFO	polling
22-02-2016 12:04:07	CameraInterface		INFO	Read successful
22-02-2016 12:04:07	Controller		INFO	sending to transmitter
22-02-2016 12:04:07	Transmitter		INFO	pushing into buff
22-02-2016 12:04:07	DataProcessor		INFO	polling
22-02-2016 12:04:07	CameraInterface		INFO	Read successful
22-02-2016 12:04:08	Controller		INFO	sending to transmitter
22-02-2016 12:04:08	Transmitter		INFO	pushing into buff
22-02-2016 12:04:08	DataProcessor		INFO	polling
22-02-2016 12:04:08	CameraInterface		INFO	Read successful
22-02-2016 12:04:08	Controller		INFO	sending to transmitter
22-02-2016 12:04:08	Transmitter		INFO	pushing into buff
22-02-2016 12:04:08	DataProcessor		INFO	polling
22-02-2016 12:04:08	Transmitter		INFO	running
22-02-2016 12:04:08	Transmitter		INFO	getting from buffer
22-02-2016 12:04:08	CameraInterface		INFO	Read successful
22-02-2016 12:04:08	Controller		INFO	sending to transmitter
22-02-2016 12:04:08	Transmitter		INFO	pushing into buff
22-02-2016 12:04:08	DataProcessor		INFO	polling
22-02-2016 12:04:08	CameraInterface		INFO	Read successful
22-02-2016 12:04:08	Controller		INFO	sending to transmitter
22-02-2016 12:04:08	Transmitter		INFO	pushing into buff
22-02-2016 12:04:08	DataProcessor		INFO	polling
22-02-2016 12:04:09	CameraInterface		INFO	Read successful
22-02-2016 12:04:09	Controller		INFO	sending to transmitter
22-02-2016 12:04:09	Transmitter		INFO	pushing into buff
22-02-2016 12:04:09	DataProcessor		INFO	polling
22-02-2016 12:04:09	CameraInterface		INFO	Read successful
22-02-2016 12:04:09	Controller		INFO	sending to transmitter
22-02-2016 12:04:09	Transmitter		INFO	pushing into buff
22-02-2016 12:04:09	DataProcessor		INFO	polling
22-02-2016 12:04:09	CameraInterface		INFO	Read successful
22-02-2016 12:04:09	Controller		INFO	sending to transmitter
22-02-2016 12:04:09	Transmitter		INFO	pushing into buff
22-02-2016 12:04:09	DataProcessor		INFO	polling
22-02-2016 12:04:09	CameraInterface		INFO	Read successful
22-02-2016 12:04:09	Controller		INFO	sending to transmitter
22-02-2016 12:04:09	Transmitter		INFO	pushing into buff
22-02-2016 12:04:09	DataProcessor		INFO	polling
22-02-2016 12:04:10	CameraInterface		INFO	Read successful
22-02-2016 12:04:10	Controller		INFO	sending to transmitter
22-02-2016 12:04:10	Transmitter		INFO	pushing into buff
22-02-2016 12:04:10	DataProcessor		INFO	polling
22-02-2016 12:04:10	CameraInterface		INFO	Read successful
22-02-2016 12:04:10	Controller		INFO	sending to transmitter
22-02-2016 12:04:10	Transmitter		INFO	pushing into buff
22-02-2016 12:04:10	DataProcessor		INFO	polling
22-02-2016 12:04:10	CameraInterface		INFO	Read successful
22-02-2016 12:04:10	Controller		INFO	sending to transmitter
22-02-2016 12:04:10	Transmitter		INFO	pushing into buff
22-02-2016 12:04:10	DataProcessor		INFO	polling
22-02-2016 12:04:10	CameraInterface		INFO	Read successful
22-02-2016 12:04:10	Controller		INFO	sending to transmitter
22-02-2016 12:04:10	Transmitter		INFO	pushing into buff
22-02-2016 12:04:10	DataProcessor		INFO	polling
22-02-2016 12:04:10	CameraInterface		INFO	Read successful
22-02-2016 12:04:10	Controller		INFO	sending to transmitter
22-02-2016 12:04:10	Transmitter		INFO	pushing into buff
22-02-2016 12:04:10	DataProcessor		INFO	polling
22-02-2016 12:04:11	CameraInterface		INFO	Read successful
22-02-2016 12:04:11	Controller		INFO	sending to transmitter
22-02-2016 12:04:11	Transmitter		INFO	pushing into buff
22-02-2016 12:04:11	DataProcessor		INFO	polling
22-02-2016 12:04:11	CameraInterface		INFO	Read successful
22-02-2016 12:04:11	Controller		INFO	sending to transmitter
22-02-2016 12:04:11	Transmitter		INFO	pushing into buff
22-02-2016 12:04:11	DataProcessor		INFO	polling
22-02-2016 12:04:11	CameraInterface		INFO	Read successful
22-02-2016 12:04:11	Controller		INFO	sending to transmitter
22-02-2016 12:04:11	Transmitter		INFO	pushing into buff
22-02-2016 12:04:11	DataProcessor		INFO	polling
22-02-2016 12:04:11	CameraInterface		INFO	Read successful
22-02-2016 12:04:11	Controller		INFO	sending to transmitter
22-02-2016 12:04:11	Transmitter		INFO	pushing into buff
22-02-2016 12:04:11	DataProcessor		INFO	polling
22-02-2016 12:04:11	CameraInterface		INFO	Read successful
22-02-2016 12:04:11	Controller		INFO	sending to transmitter
22-02-2016 12:04:11	Transmitter		INFO	pushing into buff
22-02-2016 12:04:12	DataProcessor		INFO	polling
22-02-2016 12:04:12	CameraInterface		INFO	Read successful
22-02-2016 12:04:12	Controller		INFO	sending to transmitter
22-02-2016 12:04:12	Transmitter		INFO	pushing into buff
22-02-2016 12:04:12	DataProcessor		INFO	polling
22-02-2016 12:04:12	CameraInterface		INFO	Read successful
22-02-2016 12:04:12	Controller		INFO	sending to transmitter
22-02-2016 12:04:12	Transmitter		INFO	pushing into buff
22-02-2016 12:04:12	DataProcessor		INFO	polling
22-02-2016 12:04:12	CameraInterface		INFO	Read successful
22-02-2016 12:04:12	Controller		INFO	sending to transmitter
22-02-2016 12:04:12	Transmitter		INFO	pushing into buff
22-02-2016 12:04:12	DataProcessor		INFO	polling
22-02-2016 12:04:12	CameraInterface		INFO	Read successful
22-02-2016 12:04:12	Controller		INFO	sending to transmitter
22-02-2016 12:04:12	Transmitter		INFO	pushing into buff
22-02-2016 12:04:12	DataProcessor		INFO	polling
22-02-2016 12:04:13	CameraInterface		INFO	Read successful
22-02-2016 12:04:13	Controller		INFO	sending to transmitter
22-02-2016 12:04:13	Transmitter		INFO	pushing into buff
22-02-2016 12:04:13	DataProcessor		INFO	polling
22-02-2016 12:04:13	CameraInterface		INFO	Read successful
22-02-2016 12:04:13	Controller		INFO	sending to transmitter
22-02-2016 12:04:13	Transmitter		INFO	pushing into buff
22-02-2016 12:04:13	DataProcessor		INFO	polling
22-02-2016 12:04:13	CameraInterface		INFO	Read successful
