21-03-2016 01:57:28	Main		TRACE	Logger initialized.
21-03-2016 01:57:28	PropertyReader		TRACE	Opening file: settings/settings.txt
21-03-2016 01:57:28	PropertyReader		INFO	File opened: settings/settings.txt
21-03-2016 01:57:28	PropertyReader		INFO	Loading properties file...
21-03-2016 01:57:28	PropertyReader		INFO	Mapped TRACE to LOGGING_LEVEL
21-03-2016 01:57:28	PropertyReader		INFO	Mapped 100 to CAM_BUFFER_SIZE
21-03-2016 01:57:28	PropertyReader		INFO	Mapped 15 to CAM_POLL_FREQUENCY
21-03-2016 01:57:28	PropertyReader		INFO	Mapped 0 to CAM_INDEX
21-03-2016 01:57:28	PropertyReader		DEBUG	Loaded 4 properties successfully
21-03-2016 01:57:28	Controller		INFO	Constructor controller
21-03-2016 01:57:28	Controller		INFO	socket retrieve success
21-03-2016 01:57:28	Controller		INFO	binding done
21-03-2016 01:57:28	Controller		INFO	done listening
21-03-2016 01:57:43	Controller		INFO	accepting
21-03-2016 01:57:43	Main		TRACE	intializing controller
21-03-2016 01:57:43	Controller		INFO	Initializing Controller
21-03-2016 01:57:43	Main		TRACE	initializing dataprocessor
21-03-2016 01:57:43	CameraInterface		INFO	Initializing camera
21-03-2016 01:57:43	CameraInterface		INFO	Opening video capture stream at position 0
21-03-2016 01:57:43	Transmitter		INFO	Starting Receiver Thread execution loop
21-03-2016 01:57:43	Transmitter		INFO	Starting Receiver Thread execution loop
21-03-2016 01:57:43	ControllerThread		INFO	Starting Controller Thread execution loop
21-03-2016 01:57:43	Transmitter		INFO	Starting Receiver Thread execution loop
21-03-2016 01:57:43	ControllerThread		INFO	Starting Controller Thread execution loop
21-03-2016 01:57:43	Receiver		INFO	Starting Receiver Thread execution loop
21-03-2016 01:57:44	Main		TRACE	running controller
21-03-2016 01:57:44	DataProcessor		INFO	polling
21-03-2016 01:57:44	CameraInterface		INFO	Read successful
21-03-2016 01:57:46	Controller		INFO	sending to transmitter
21-03-2016 01:57:46	Transmitter		INFO	pushing into buff
21-03-2016 01:57:46	Transmitter		INFO	getting from buffer
21-03-2016 01:57:48	Receiver		INFO	435.0, 598.0
N6³
21-03-2016 01:57:48	Receiver		INFO	435.0, 598.0
N6³
21-03-2016 01:57:48	Transmitter		INFO	sending string: 128593
21-03-2016 01:57:51	DataProcessor		INFO	polling
21-03-2016 01:57:51	CameraInterface		INFO	Read successful
21-03-2016 01:57:53	Receiver		INFO	519.0, 556.0
N6³
21-03-2016 01:57:53	Receiver		INFO	523.3025, 554.2325

21-03-2016 01:57:53	Receiver		INFO	529.0, 551.0
.2325

21-03-2016 01:57:53	Receiver		INFO	529.0, 551.0
.2325

21-03-2016 01:57:54	Controller		INFO	sending to transmitter
21-03-2016 01:57:54	Transmitter		INFO	pushing into buff
21-03-2016 01:57:54	Transmitter		INFO	getting from buffer
21-03-2016 01:57:55	Receiver		INFO	504.0, 579.0
.2325

21-03-2016 01:57:55	Receiver		INFO	504.0, 579.0
.2325

21-03-2016 01:57:57	Receiver		INFO	487.0, 591.0
.2325

21-03-2016 01:57:57	Receiver		INFO	487.0, 591.0
.2325

21-03-2016 01:57:57	Transmitter		INFO	sending string: 1147530
21-03-2016 01:57:59	DataProcessor		INFO	polling
21-03-2016 01:57:59	CameraInterface		INFO	Read successful
