06-03-2016 01:08:34	Main		TRACE	Logger initialized.
06-03-2016 01:08:34	PropertyReader		TRACE	Opening file: settings/settings.txt
06-03-2016 01:08:34	PropertyReader		INFO	File opened: settings/settings.txt
06-03-2016 01:08:34	PropertyReader		INFO	Loading properties file...
06-03-2016 01:08:34	PropertyReader		INFO	Mapped TRACE to LOGGING_LEVEL
06-03-2016 01:08:34	PropertyReader		INFO	Mapped 100 to CAM_BUFFER_SIZE
06-03-2016 01:08:34	PropertyReader		INFO	Mapped 15 to CAM_POLL_FREQUENCY
06-03-2016 01:08:34	PropertyReader		INFO	Mapped 0 to CAM_INDEX
06-03-2016 01:08:34	PropertyReader		DEBUG	Loaded 4 properties successfully
06-03-2016 01:08:34	Controller		INFO	Constructor controller
06-03-2016 01:08:34	Transmitter		INFO	socket retrieve success
06-03-2016 01:08:34	Transmitter		INFO	binding done
06-03-2016 01:08:34	Transmitter		INFO	done listening
06-03-2016 01:09:37	Transmitter		INFO	accepting
06-03-2016 01:09:37	Main		TRACE	intializing controller
06-03-2016 01:09:37	Controller		INFO	Initializing Controller
06-03-2016 01:09:37	Main		TRACE	initializing dataprocessor
06-03-2016 01:09:37	ControllerThread		INFO	Starting Controller Thread execution loop
06-03-2016 01:09:37	Transmitter		INFO	Starting Receiver Thread execution loop
06-03-2016 01:09:37	CameraInterface		INFO	Initializing camera
06-03-2016 01:09:37	Transmitter		INFO	running
06-03-2016 01:09:37	CameraInterface		INFO	Opening video capture stream at position 0
06-03-2016 01:09:37	Receiver		INFO	Starting Receiver Thread execution loop
06-03-2016 01:09:37	Transmitter		INFO	running
06-03-2016 01:09:37	Transmitter		INFO	running
06-03-2016 01:09:37	Transmitter		INFO	running
06-03-2016 01:09:37	Transmitter		INFO	running
06-03-2016 01:09:37	Transmitter		INFO	running
06-03-2016 01:09:37	Transmitter		INFO	running
06-03-2016 01:09:37	Transmitter		INFO	running
06-03-2016 01:09:37	Transmitter		INFO	running
06-03-2016 01:09:37	Transmitter		INFO	running
06-03-2016 01:09:37	Transmitter		INFO	running
06-03-2016 01:09:37	Transmitter		INFO	running
06-03-2016 01:09:37	Transmitter		INFO	running
06-03-2016 01:09:37	Transmitter		INFO	running
06-03-2016 01:09:37	Transmitter		INFO	running
06-03-2016 01:09:37	Transmitter		INFO	running
06-03-2016 01:09:37	Transmitter		INFO	running
06-03-2016 01:09:37	Transmitter		INFO	running
06-03-2016 01:09:37	Transmitter		INFO	running
06-03-2016 01:09:37	Transmitter		INFO	running
06-03-2016 01:09:37	Transmitter		INFO	running
06-03-2016 01:09:37	Transmitter		INFO	running
06-03-2016 01:09:37	Transmitter		INFO	running
06-03-2016 01:09:37	Transmitter		INFO	running
06-03-2016 01:09:37	Transmitter		INFO	running
06-03-2016 01:09:37	Transmitter		INFO	running
06-03-2016 01:09:37	Transmitter		INFO	running
06-03-2016 01:09:37	Transmitter		INFO	running
06-03-2016 01:09:37	Transmitter		INFO	running
06-03-2016 01:09:37	Transmitter		INFO	running
06-03-2016 01:09:37	Transmitter		INFO	running
06-03-2016 01:09:37	Transmitter		INFO	running
06-03-2016 01:09:37	Transmitter		INFO	running
06-03-2016 01:09:37	Transmitter		INFO	running
06-03-2016 01:09:37	Transmitter		INFO	running
06-03-2016 01:09:37	Transmitter		INFO	running
06-03-2016 01:09:38	Transmitter		INFO	running
06-03-2016 01:09:38	Transmitter		INFO	running
06-03-2016 01:09:38	Transmitter		INFO	running
06-03-2016 01:09:38	Transmitter		INFO	running
06-03-2016 01:09:38	Transmitter		INFO	running
06-03-2016 01:09:38	Transmitter		INFO	running
06-03-2016 01:09:38	Transmitter		INFO	running
06-03-2016 01:09:38	Transmitter		INFO	running
06-03-2016 01:09:38	Transmitter		INFO	running
06-03-2016 01:09:38	Transmitter		INFO	running
06-03-2016 01:09:38	Transmitter		INFO	running
06-03-2016 01:09:38	Transmitter		INFO	running
06-03-2016 01:09:38	Transmitter		INFO	running
06-03-2016 01:09:38	Transmitter		INFO	running
06-03-2016 01:09:38	Transmitter		INFO	running
06-03-2016 01:09:38	Transmitter		INFO	running
06-03-2016 01:09:38	Transmitter		INFO	running
06-03-2016 01:09:38	Transmitter		INFO	running
06-03-2016 01:09:38	Transmitter		INFO	running
06-03-2016 01:09:38	Transmitter		INFO	running
06-03-2016 01:09:38	Transmitter		INFO	running
06-03-2016 01:09:38	Transmitter		INFO	running
06-03-2016 01:09:38	Transmitter		INFO	running
06-03-2016 01:09:38	Transmitter		INFO	running
06-03-2016 01:09:38	Transmitter		INFO	running
06-03-2016 01:09:38	Transmitter		INFO	running
06-03-2016 01:09:38	Transmitter		INFO	running
06-03-2016 01:09:38	Transmitter		INFO	running
06-03-2016 01:09:38	Transmitter		INFO	running
06-03-2016 01:09:38	Transmitter		INFO	running
06-03-2016 01:09:38	Main		TRACE	running controller
06-03-2016 01:09:38	DataProcessor		INFO	polling
06-03-2016 01:09:38	Transmitter		INFO	running
06-03-2016 01:09:38	Transmitter		INFO	running
06-03-2016 01:09:38	Transmitter		INFO	running
06-03-2016 01:09:38	Transmitter		INFO	running
06-03-2016 01:09:38	Transmitter		INFO	running
06-03-2016 01:09:38	Transmitter		INFO	running
06-03-2016 01:09:38	Transmitter		INFO	running
06-03-2016 01:09:38	Transmitter		INFO	running
06-03-2016 01:09:38	Transmitter		INFO	running
06-03-2016 01:09:38	Transmitter		INFO	running
06-03-2016 01:09:38	Transmitter		INFO	running
06-03-2016 01:09:38	Transmitter		INFO	running
06-03-2016 01:09:38	Transmitter		INFO	running
06-03-2016 01:09:38	Transmitter		INFO	running
06-03-2016 01:09:38	Transmitter		INFO	running
06-03-2016 01:09:38	Transmitter		INFO	running
06-03-2016 01:09:38	Transmitter		INFO	running
06-03-2016 01:09:38	Transmitter		INFO	running
06-03-2016 01:09:38	Transmitter		INFO	running
06-03-2016 01:09:38	Transmitter		INFO	running
06-03-2016 01:09:38	Transmitter		INFO	running
06-03-2016 01:09:38	Transmitter		INFO	running
06-03-2016 01:09:38	Transmitter		INFO	running
06-03-2016 01:09:38	Transmitter		INFO	running
06-03-2016 01:09:38	Transmitter		INFO	running
06-03-2016 01:09:38	Transmitter		INFO	running
06-03-2016 01:09:38	Transmitter		INFO	running
06-03-2016 01:09:38	Transmitter		INFO	running
06-03-2016 01:09:38	Transmitter		INFO	running
06-03-2016 01:09:38	Transmitter		INFO	running
06-03-2016 01:09:38	Transmitter		INFO	running
06-03-2016 01:09:38	Transmitter		INFO	running
06-03-2016 01:09:38	Transmitter		INFO	running
06-03-2016 01:09:38	Transmitter		INFO	running
06-03-2016 01:09:38	Transmitter		INFO	running
06-03-2016 01:09:38	Transmitter		INFO	running
06-03-2016 01:09:38	Transmitter		INFO	running
06-03-2016 01:09:38	Transmitter		INFO	running
06-03-2016 01:09:38	Transmitter		INFO	running
06-03-2016 01:09:38	Transmitter		INFO	running
06-03-2016 01:09:38	Transmitter		INFO	running
06-03-2016 01:09:38	Transmitter		INFO	running
06-03-2016 01:09:38	Transmitter		INFO	running
06-03-2016 01:09:38	Transmitter		INFO	running
06-03-2016 01:09:38	Transmitter		INFO	running
06-03-2016 01:09:38	Transmitter		INFO	running
06-03-2016 01:09:38	Transmitter		INFO	running
06-03-2016 01:09:38	Transmitter		INFO	running
06-03-2016 01:09:38	Transmitter		INFO	running
06-03-2016 01:09:38	Transmitter		INFO	running
06-03-2016 01:09:38	Transmitter		INFO	running
06-03-2016 01:09:38	Transmitter		INFO	running
06-03-2016 01:09:38	Transmitter		INFO	running
06-03-2016 01:09:38	Transmitter		INFO	running
06-03-2016 01:09:38	Transmitter		INFO	running
06-03-2016 01:09:38	Transmitter		INFO	running
06-03-2016 01:09:38	Transmitter		INFO	running
06-03-2016 01:09:38	Transmitter		INFO	running
06-03-2016 01:09:38	Transmitter		INFO	running
06-03-2016 01:09:38	Transmitter		INFO	running
06-03-2016 01:09:38	Transmitter		INFO	running
06-03-2016 01:09:38	Transmitter		INFO	running
06-03-2016 01:09:38	Transmitter		INFO	running
06-03-2016 01:09:38	Transmitter		INFO	running
06-03-2016 01:09:38	Transmitter		INFO	running
06-03-2016 01:09:38	Transmitter		INFO	running
06-03-2016 01:09:38	Transmitter		INFO	running
06-03-2016 01:09:38	Transmitter		INFO	running
06-03-2016 01:09:38	Transmitter		INFO	running
06-03-2016 01:09:38	Transmitter		INFO	running
06-03-2016 01:09:38	Transmitter		INFO	running
06-03-2016 01:09:38	Transmitter		INFO	running
06-03-2016 01:09:38	Transmitter		INFO	running
06-03-2016 01:09:38	Transmitter		INFO	running
06-03-2016 01:09:38	Transmitter		INFO	running
06-03-2016 01:09:38	Transmitter		INFO	running
06-03-2016 01:09:38	Transmitter		INFO	running
06-03-2016 01:09:38	Transmitter		INFO	running
06-03-2016 01:09:38	Transmitter		INFO	running
06-03-2016 01:09:38	Transmitter		INFO	running
06-03-2016 01:09:38	Transmitter		INFO	running
06-03-2016 01:09:38	Transmitter		INFO	running
06-03-2016 01:09:38	Transmitter		INFO	running
06-03-2016 01:09:38	Transmitter		INFO	running
06-03-2016 01:09:38	Transmitter		INFO	running
06-03-2016 01:09:38	Transmitter		INFO	running
06-03-2016 01:09:38	Transmitter		INFO	running
06-03-2016 01:09:38	Transmitter		INFO	running
06-03-2016 01:09:38	Transmitter		INFO	running
06-03-2016 01:09:38	Transmitter		INFO	running
06-03-2016 01:09:38	Transmitter		INFO	running
06-03-2016 01:09:38	Transmitter		INFO	running
06-03-2016 01:09:39	Transmitter		INFO	running
06-03-2016 01:09:39	Transmitter		INFO	running
06-03-2016 01:09:39	Transmitter		INFO	running
06-03-2016 01:09:39	CameraInterface		INFO	Read successful
06-03-2016 01:09:39	Controller		INFO	sending to transmitter
06-03-2016 01:09:39	Transmitter		INFO	running
06-03-2016 01:09:39	Transmitter		INFO	running
06-03-2016 01:09:39	Transmitter		INFO	pushing into buff
06-03-2016 01:09:39	Transmitter		INFO	running
06-03-2016 01:09:39	Transmitter		INFO	getting from buffer
06-03-2016 01:09:41	DataProcessor		INFO	polling
06-03-2016 01:09:41	CameraInterface		INFO	Read successful
06-03-2016 01:09:41	Controller		INFO	sending to transmitter
06-03-2016 01:09:41	Transmitter		INFO	pushing into buff
06-03-2016 01:09:42	Transmitter		INFO	sending string: 3653
06-03-2016 01:09:42	Transmitter		INFO	running
06-03-2016 01:09:42	Transmitter		INFO	getting from buffer
06-03-2016 01:09:43	DataProcessor		INFO	polling
06-03-2016 01:09:43	CameraInterface		INFO	Read successful
06-03-2016 01:09:43	Controller		INFO	sending to transmitter
06-03-2016 01:09:43	Transmitter		INFO	pushing into buff
06-03-2016 01:09:45	DataProcessor		INFO	polling
06-03-2016 01:09:45	CameraInterface		INFO	Read successful
06-03-2016 01:09:45	Controller		INFO	sending to transmitter
06-03-2016 01:09:45	Transmitter		INFO	pushing into buff
06-03-2016 01:09:45	Transmitter		INFO	sending string: 3660
06-03-2016 01:09:45	Transmitter		INFO	running
06-03-2016 01:09:45	Transmitter		INFO	getting from buffer
06-03-2016 01:09:47	DataProcessor		INFO	polling
06-03-2016 01:09:47	CameraInterface		INFO	Read successful
06-03-2016 01:09:47	Controller		INFO	sending to transmitter
06-03-2016 01:09:47	Transmitter		INFO	pushing into buff
06-03-2016 01:09:49	Transmitter		INFO	sending string: 3655
06-03-2016 01:09:49	Transmitter		INFO	running
06-03-2016 01:09:49	Transmitter		INFO	getting from buffer
06-03-2016 01:09:49	DataProcessor		INFO	polling
06-03-2016 01:09:50	CameraInterface		INFO	Read successful
06-03-2016 01:09:50	Controller		INFO	sending to transmitter
06-03-2016 01:09:50	Transmitter		INFO	pushing into buff
06-03-2016 01:09:52	DataProcessor		INFO	polling
06-03-2016 01:09:52	CameraInterface		INFO	Read successful
06-03-2016 01:09:52	Controller		INFO	sending to transmitter
06-03-2016 01:09:52	Transmitter		INFO	pushing into buff
06-03-2016 01:09:52	Transmitter		INFO	sending string: 3653
