22-02-2016 01:02:12	Main		TRACE	Logger initialized.
22-02-2016 01:02:12	PropertyReader		TRACE	Opening file: settings/settings.txt
22-02-2016 01:02:12	PropertyReader		INFO	File opened: settings/settings.txt
22-02-2016 01:02:12	PropertyReader		INFO	Loading properties file...
22-02-2016 01:02:12	PropertyReader		INFO	Mapped TRACE to LOGGING_LEVEL
22-02-2016 01:02:12	PropertyReader		INFO	Mapped 100 to CAM_BUFFER_SIZE
22-02-2016 01:02:12	PropertyReader		INFO	Mapped 15 to CAM_POLL_FREQUENCY
22-02-2016 01:02:12	PropertyReader		INFO	Mapped 0 to CAM_INDEX
22-02-2016 01:02:12	PropertyReader		DEBUG	Loaded 4 properties successfully
22-02-2016 01:02:12	Controller		INFO	Constructor controller
22-02-2016 01:02:12	Transmitter		INFO	socket retrieve success
22-02-2016 01:02:12	Transmitter		INFO	binding done
22-02-2016 01:02:12	Transmitter		INFO	done listening
22-02-2016 01:02:17	Transmitter		INFO	accepting
22-02-2016 01:02:17	Main		TRACE	intializing controller
22-02-2016 01:02:17	Controller		INFO	Initializing Controller
22-02-2016 01:02:17	Main		TRACE	initializing dataprocessor
22-02-2016 01:02:17	CameraInterface		INFO	Initializing camera
22-02-2016 01:02:17	CameraInterface		INFO	Opening video capture stream at position 0
22-02-2016 01:02:17	Receiver		INFO	Starting Receiver Thread execution loop
22-02-2016 01:02:17	ControllerThread		INFO	Starting Controller Thread execution loop
22-02-2016 01:02:17	Transmitter		INFO	Starting Receiver Thread execution loop
22-02-2016 01:02:17	Transmitter		INFO	running
22-02-2016 01:02:18	Transmitter		INFO	running
22-02-2016 01:02:18	Transmitter		INFO	running
22-02-2016 01:02:18	Transmitter		INFO	running
22-02-2016 01:02:18	Transmitter		INFO	running
22-02-2016 01:02:18	Transmitter		INFO	running
22-02-2016 01:02:18	Transmitter		INFO	running
22-02-2016 01:02:18	Transmitter		INFO	running
22-02-2016 01:02:18	Transmitter		INFO	running
22-02-2016 01:02:18	Transmitter		INFO	running
22-02-2016 01:02:18	Transmitter		INFO	running
22-02-2016 01:02:18	Transmitter		INFO	running
22-02-2016 01:02:18	Transmitter		INFO	running
22-02-2016 01:02:18	Transmitter		INFO	running
22-02-2016 01:02:18	Transmitter		INFO	running
22-02-2016 01:02:18	Transmitter		INFO	running
22-02-2016 01:02:18	Transmitter		INFO	running
22-02-2016 01:02:18	Transmitter		INFO	running
22-02-2016 01:02:18	Transmitter		INFO	running
22-02-2016 01:02:18	Transmitter		INFO	running
22-02-2016 01:02:18	Transmitter		INFO	running
22-02-2016 01:02:18	Transmitter		INFO	running
22-02-2016 01:02:18	Transmitter		INFO	running
22-02-2016 01:02:18	Transmitter		INFO	running
22-02-2016 01:02:18	Transmitter		INFO	running
22-02-2016 01:02:18	Transmitter		INFO	running
22-02-2016 01:02:18	Transmitter		INFO	running
22-02-2016 01:02:18	Transmitter		INFO	running
22-02-2016 01:02:18	Transmitter		INFO	running
22-02-2016 01:02:18	Transmitter		INFO	running
22-02-2016 01:02:18	Transmitter		INFO	running
22-02-2016 01:02:18	Transmitter		INFO	running
22-02-2016 01:02:18	Transmitter		INFO	running
22-02-2016 01:02:18	Transmitter		INFO	running
22-02-2016 01:02:18	Transmitter		INFO	running
22-02-2016 01:02:18	Transmitter		INFO	running
22-02-2016 01:02:18	Transmitter		INFO	running
22-02-2016 01:02:18	Main		TRACE	running controller
22-02-2016 01:02:18	DataProcessor		INFO	polling
22-02-2016 01:02:18	Transmitter		INFO	running
22-02-2016 01:02:18	Transmitter		INFO	running
22-02-2016 01:02:18	Transmitter		INFO	running
22-02-2016 01:02:18	Transmitter		INFO	running
22-02-2016 01:02:18	Transmitter		INFO	running
22-02-2016 01:02:18	Transmitter		INFO	running
22-02-2016 01:02:18	Transmitter		INFO	running
22-02-2016 01:02:18	Transmitter		INFO	running
22-02-2016 01:02:18	Transmitter		INFO	running
22-02-2016 01:02:18	Transmitter		INFO	running
22-02-2016 01:02:18	Transmitter		INFO	running
22-02-2016 01:02:18	Transmitter		INFO	running
22-02-2016 01:02:18	Transmitter		INFO	running
22-02-2016 01:02:18	Transmitter		INFO	running
22-02-2016 01:02:18	Transmitter		INFO	running
22-02-2016 01:02:18	Transmitter		INFO	running
22-02-2016 01:02:18	Transmitter		INFO	running
22-02-2016 01:02:18	Transmitter		INFO	running
22-02-2016 01:02:18	Transmitter		INFO	running
22-02-2016 01:02:18	Transmitter		INFO	running
22-02-2016 01:02:18	Transmitter		INFO	running
22-02-2016 01:02:18	Transmitter		INFO	running
22-02-2016 01:02:18	Transmitter		INFO	running
22-02-2016 01:02:18	Transmitter		INFO	running
22-02-2016 01:02:18	Transmitter		INFO	running
22-02-2016 01:02:18	Transmitter		INFO	running
22-02-2016 01:02:18	Transmitter		INFO	running
22-02-2016 01:02:18	Transmitter		INFO	running
22-02-2016 01:02:18	Transmitter		INFO	running
22-02-2016 01:02:18	Transmitter		INFO	running
22-02-2016 01:02:18	Transmitter		INFO	running
22-02-2016 01:02:18	Transmitter		INFO	running
22-02-2016 01:02:18	Transmitter		INFO	running
22-02-2016 01:02:18	Transmitter		INFO	running
22-02-2016 01:02:18	Transmitter		INFO	running
22-02-2016 01:02:18	Transmitter		INFO	running
22-02-2016 01:02:18	Transmitter		INFO	running
22-02-2016 01:02:18	Transmitter		INFO	running
22-02-2016 01:02:18	Transmitter		INFO	running
22-02-2016 01:02:18	Transmitter		INFO	running
22-02-2016 01:02:18	Transmitter		INFO	running
22-02-2016 01:02:18	Transmitter		INFO	running
22-02-2016 01:02:18	Transmitter		INFO	running
22-02-2016 01:02:18	Transmitter		INFO	running
22-02-2016 01:02:18	Transmitter		INFO	running
22-02-2016 01:02:18	Transmitter		INFO	running
22-02-2016 01:02:18	Transmitter		INFO	running
22-02-2016 01:02:18	Transmitter		INFO	running
22-02-2016 01:02:18	Transmitter		INFO	running
22-02-2016 01:02:18	Transmitter		INFO	running
22-02-2016 01:02:18	Transmitter		INFO	running
22-02-2016 01:02:18	Transmitter		INFO	running
22-02-2016 01:02:18	Transmitter		INFO	running
22-02-2016 01:02:18	Transmitter		INFO	running
22-02-2016 01:02:18	Transmitter		INFO	running
22-02-2016 01:02:18	Transmitter		INFO	running
22-02-2016 01:02:18	Transmitter		INFO	running
22-02-2016 01:02:18	Transmitter		INFO	running
22-02-2016 01:02:18	Transmitter		INFO	running
22-02-2016 01:02:18	Transmitter		INFO	running
22-02-2016 01:02:18	Transmitter		INFO	running
22-02-2016 01:02:18	Transmitter		INFO	running
22-02-2016 01:02:18	Transmitter		INFO	running
22-02-2016 01:02:18	Transmitter		INFO	running
22-02-2016 01:02:18	Transmitter		INFO	running
22-02-2016 01:02:18	Transmitter		INFO	running
22-02-2016 01:02:18	Transmitter		INFO	running
22-02-2016 01:02:18	Transmitter		INFO	running
22-02-2016 01:02:18	Transmitter		INFO	running
22-02-2016 01:02:18	Transmitter		INFO	running
22-02-2016 01:02:18	Transmitter		INFO	running
22-02-2016 01:02:18	Transmitter		INFO	running
22-02-2016 01:02:18	Transmitter		INFO	running
22-02-2016 01:02:18	Transmitter		INFO	running
22-02-2016 01:02:18	Transmitter		INFO	running
22-02-2016 01:02:18	Transmitter		INFO	running
22-02-2016 01:02:18	Transmitter		INFO	running
22-02-2016 01:02:18	Transmitter		INFO	running
22-02-2016 01:02:18	Transmitter		INFO	running
22-02-2016 01:02:18	Transmitter		INFO	running
22-02-2016 01:02:18	Transmitter		INFO	running
22-02-2016 01:02:18	Transmitter		INFO	running
22-02-2016 01:02:18	Transmitter		INFO	running
22-02-2016 01:02:18	Transmitter		INFO	running
22-02-2016 01:02:18	Transmitter		INFO	running
22-02-2016 01:02:18	Transmitter		INFO	running
22-02-2016 01:02:18	Transmitter		INFO	running
22-02-2016 01:02:18	Transmitter		INFO	running
22-02-2016 01:02:18	Transmitter		INFO	running
22-02-2016 01:02:19	Transmitter		INFO	running
22-02-2016 01:02:19	Transmitter		INFO	running
22-02-2016 01:02:19	Transmitter		INFO	running
22-02-2016 01:02:19	Transmitter		INFO	running
22-02-2016 01:02:19	Transmitter		INFO	running
22-02-2016 01:02:19	Transmitter		INFO	running
22-02-2016 01:02:19	Transmitter		INFO	running
22-02-2016 01:02:19	Transmitter		INFO	running
22-02-2016 01:02:19	Transmitter		INFO	running
22-02-2016 01:02:19	Transmitter		INFO	running
22-02-2016 01:02:19	Transmitter		INFO	running
22-02-2016 01:02:19	CameraInterface		INFO	Read successful
22-02-2016 01:02:19	Transmitter		INFO	running
22-02-2016 01:02:19	Transmitter		INFO	running
22-02-2016 01:02:19	Transmitter		INFO	running
22-02-2016 01:02:19	Transmitter		INFO	running
22-02-2016 01:02:19	Controller		INFO	sending to transmitter
22-02-2016 01:02:19	Transmitter		INFO	pushing into buff
22-02-2016 01:02:19	DataProcessor		INFO	polling
22-02-2016 01:02:19	Transmitter		INFO	getting from buffer
22-02-2016 01:02:19	CameraInterface		INFO	Read successful
22-02-2016 01:02:19	Controller		INFO	sending to transmitter
22-02-2016 01:02:19	Transmitter		INFO	pushing into buff
22-02-2016 01:02:19	DataProcessor		INFO	polling
22-02-2016 01:02:19	CameraInterface		INFO	Read successful
22-02-2016 01:02:19	Controller		INFO	sending to transmitter
22-02-2016 01:02:19	Transmitter		INFO	pushing into buff
22-02-2016 01:02:19	DataProcessor		INFO	polling
22-02-2016 01:02:19	CameraInterface		INFO	Read successful
22-02-2016 01:02:19	Controller		INFO	sending to transmitter
22-02-2016 01:02:19	Transmitter		INFO	pushing into buff
22-02-2016 01:02:19	DataProcessor		INFO	polling
22-02-2016 01:02:19	CameraInterface		INFO	Read successful
22-02-2016 01:02:19	Controller		INFO	sending to transmitter
22-02-2016 01:02:20	Transmitter		INFO	pushing into buff
22-02-2016 01:02:20	DataProcessor		INFO	polling
22-02-2016 01:02:20	CameraInterface		INFO	Read successful
22-02-2016 01:02:20	Controller		INFO	sending to transmitter
22-02-2016 01:02:20	Transmitter		INFO	pushing into buff
22-02-2016 01:02:20	DataProcessor		INFO	polling
22-02-2016 01:02:20	CameraInterface		INFO	Read successful
22-02-2016 01:02:20	Controller		INFO	sending to transmitter
22-02-2016 01:02:20	Transmitter		INFO	pushing into buff
22-02-2016 01:02:20	DataProcessor		INFO	polling
22-02-2016 01:02:20	CameraInterface		INFO	Read successful
22-02-2016 01:02:20	Controller		INFO	sending to transmitter
22-02-2016 01:02:20	Transmitter		INFO	pushing into buff
22-02-2016 01:02:20	DataProcessor		INFO	polling
22-02-2016 01:02:20	CameraInterface		INFO	Read successful
22-02-2016 01:02:20	Controller		INFO	sending to transmitter
22-02-2016 01:02:20	Transmitter		INFO	pushing into buff
22-02-2016 01:02:20	DataProcessor		INFO	polling
22-02-2016 01:02:21	CameraInterface		INFO	Read successful
22-02-2016 01:02:21	Controller		INFO	sending to transmitter
22-02-2016 01:02:21	Transmitter		INFO	pushing into buff
22-02-2016 01:02:21	DataProcessor		INFO	polling
22-02-2016 01:02:21	CameraInterface		INFO	Read successful
22-02-2016 01:02:21	Controller		INFO	sending to transmitter
22-02-2016 01:02:21	Transmitter		INFO	pushing into buff
22-02-2016 01:02:21	DataProcessor		INFO	polling
22-02-2016 01:02:21	CameraInterface		INFO	Read successful
22-02-2016 01:02:21	Controller		INFO	sending to transmitter
22-02-2016 01:02:21	Transmitter		INFO	pushing into buff
22-02-2016 01:02:21	DataProcessor		INFO	polling
22-02-2016 01:02:21	CameraInterface		INFO	Read successful
22-02-2016 01:02:21	Controller		INFO	sending to transmitter
22-02-2016 01:02:21	Transmitter		INFO	pushing into buff
22-02-2016 01:02:21	DataProcessor		INFO	polling
22-02-2016 01:02:21	CameraInterface		INFO	Read successful
22-02-2016 01:02:22	Controller		INFO	sending to transmitter
22-02-2016 01:02:22	Transmitter		INFO	pushing into buff
22-02-2016 01:02:22	DataProcessor		INFO	polling
22-02-2016 01:02:22	CameraInterface		INFO	Read successful
22-02-2016 01:02:22	Controller		INFO	sending to transmitter
22-02-2016 01:02:22	Transmitter		INFO	pushing into buff
22-02-2016 01:02:22	DataProcessor		INFO	polling
22-02-2016 01:02:22	CameraInterface		INFO	Read successful
22-02-2016 01:02:22	Controller		INFO	sending to transmitter
22-02-2016 01:02:22	Transmitter		INFO	pushing into buff
22-02-2016 01:02:22	DataProcessor		INFO	polling
22-02-2016 01:02:22	CameraInterface		INFO	Read successful
22-02-2016 01:02:22	Controller		INFO	sending to transmitter
22-02-2016 01:02:22	Transmitter		INFO	pushing into buff
22-02-2016 01:02:22	DataProcessor		INFO	polling
22-02-2016 01:02:22	CameraInterface		INFO	Read successful
22-02-2016 01:02:22	Controller		INFO	sending to transmitter
22-02-2016 01:02:22	Transmitter		INFO	pushing into buff
22-02-2016 01:02:22	DataProcessor		INFO	polling
22-02-2016 01:02:23	CameraInterface		INFO	Read successful
22-02-2016 01:02:23	Controller		INFO	sending to transmitter
22-02-2016 01:02:23	Transmitter		INFO	pushing into buff
22-02-2016 01:02:23	DataProcessor		INFO	polling
22-02-2016 01:02:23	CameraInterface		INFO	Read successful
22-02-2016 01:02:23	Controller		INFO	sending to transmitter
22-02-2016 01:02:23	Transmitter		INFO	pushing into buff
22-02-2016 01:02:23	DataProcessor		INFO	polling
22-02-2016 01:02:23	CameraInterface		INFO	Read successful
22-02-2016 01:02:23	Controller		INFO	sending to transmitter
22-02-2016 01:02:23	Transmitter		INFO	pushing into buff
22-02-2016 01:02:23	DataProcessor		INFO	polling
22-02-2016 01:02:23	CameraInterface		INFO	Read successful
22-02-2016 01:02:23	Controller		INFO	sending to transmitter
22-02-2016 01:02:23	Transmitter		INFO	pushing into buff
22-02-2016 01:02:23	DataProcessor		INFO	polling
22-02-2016 01:02:23	CameraInterface		INFO	Read successful
22-02-2016 01:02:23	Controller		INFO	sending to transmitter
22-02-2016 01:02:23	Transmitter		INFO	pushing into buff
22-02-2016 01:02:23	DataProcessor		INFO	polling
22-02-2016 01:02:24	CameraInterface		INFO	Read successful
22-02-2016 01:02:24	Controller		INFO	sending to transmitter
22-02-2016 01:02:24	Transmitter		INFO	pushing into buff
22-02-2016 01:02:24	DataProcessor		INFO	polling
22-02-2016 01:02:24	Transmitter		INFO	sending string: 114090
22-02-2016 01:02:24	CameraInterface		INFO	Read successful
22-02-2016 01:02:24	Controller		INFO	sending to transmitter
22-02-2016 01:02:24	Transmitter		INFO	pushing into buff
22-02-2016 01:02:24	DataProcessor		INFO	polling
22-02-2016 01:02:24	CameraInterface		INFO	Read successful
22-02-2016 01:02:24	Controller		INFO	sending to transmitter
22-02-2016 01:02:24	Transmitter		INFO	pushing into buff
22-02-2016 01:02:24	DataProcessor		INFO	polling
22-02-2016 01:02:24	CameraInterface		INFO	Read successful
22-02-2016 01:02:24	Controller		INFO	sending to transmitter
22-02-2016 01:02:24	Transmitter		INFO	pushing into buff
22-02-2016 01:02:24	DataProcessor		INFO	polling
22-02-2016 01:02:25	CameraInterface		INFO	Read successful
22-02-2016 01:02:25	Controller		INFO	sending to transmitter
22-02-2016 01:02:25	Transmitter		INFO	pushing into buff
22-02-2016 01:02:25	DataProcessor		INFO	polling
22-02-2016 01:02:25	CameraInterface		INFO	Read successful
22-02-2016 01:02:25	Controller		INFO	sending to transmitter
22-02-2016 01:02:25	Transmitter		INFO	pushing into buff
22-02-2016 01:02:25	DataProcessor		INFO	polling
22-02-2016 01:02:25	CameraInterface		INFO	Read successful
22-02-2016 01:02:25	Controller		INFO	sending to transmitter
22-02-2016 01:02:25	Transmitter		INFO	pushing into buff
22-02-2016 01:02:25	DataProcessor		INFO	polling
22-02-2016 01:02:25	CameraInterface		INFO	Read successful
22-02-2016 01:02:25	Controller		INFO	sending to transmitter
22-02-2016 01:02:25	Transmitter		INFO	pushing into buff
22-02-2016 01:02:25	DataProcessor		INFO	polling
22-02-2016 01:02:25	CameraInterface		INFO	Read successful
22-02-2016 01:02:25	Controller		INFO	sending to transmitter
22-02-2016 01:02:25	Transmitter		INFO	pushing into buff
22-02-2016 01:02:25	DataProcessor		INFO	polling
22-02-2016 01:02:25	CameraInterface		INFO	Read successful
22-02-2016 01:02:25	Controller		INFO	sending to transmitter
22-02-2016 01:02:25	Transmitter		INFO	pushing into buff
22-02-2016 01:02:25	DataProcessor		INFO	polling
22-02-2016 01:02:26	CameraInterface		INFO	Read successful
22-02-2016 01:02:26	Controller		INFO	sending to transmitter
22-02-2016 01:02:26	Transmitter		INFO	pushing into buff
22-02-2016 01:02:26	DataProcessor		INFO	polling
22-02-2016 01:02:26	CameraInterface		INFO	Read successful
22-02-2016 01:02:26	Controller		INFO	sending to transmitter
22-02-2016 01:02:26	Transmitter		INFO	pushing into buff
22-02-2016 01:02:26	DataProcessor		INFO	polling
22-02-2016 01:02:26	CameraInterface		INFO	Read successful
22-02-2016 01:02:26	Controller		INFO	sending to transmitter
22-02-2016 01:02:26	Transmitter		INFO	pushing into buff
22-02-2016 01:02:26	DataProcessor		INFO	polling
22-02-2016 01:02:26	CameraInterface		INFO	Read successful
22-02-2016 01:02:26	Controller		INFO	sending to transmitter
22-02-2016 01:02:26	Transmitter		INFO	pushing into buff
22-02-2016 01:02:26	DataProcessor		INFO	polling
22-02-2016 01:02:26	CameraInterface		INFO	Read successful
22-02-2016 01:02:26	Controller		INFO	sending to transmitter
22-02-2016 01:02:26	Transmitter		INFO	pushing into buff
22-02-2016 01:02:26	DataProcessor		INFO	polling
22-02-2016 01:02:26	CameraInterface		INFO	Read successful
22-02-2016 01:02:26	Controller		INFO	sending to transmitter
22-02-2016 01:02:26	Transmitter		INFO	pushing into buff
22-02-2016 01:02:26	DataProcessor		INFO	polling
22-02-2016 01:02:27	CameraInterface		INFO	Read successful
22-02-2016 01:02:27	Controller		INFO	sending to transmitter
22-02-2016 01:02:27	Transmitter		INFO	pushing into buff
22-02-2016 01:02:27	DataProcessor		INFO	polling
22-02-2016 01:02:27	CameraInterface		INFO	Read successful
22-02-2016 01:02:27	Controller		INFO	sending to transmitter
22-02-2016 01:02:27	Transmitter		INFO	pushing into buff
22-02-2016 01:02:27	DataProcessor		INFO	polling
22-02-2016 01:02:27	CameraInterface		INFO	Read successful
22-02-2016 01:02:27	Controller		INFO	sending to transmitter
22-02-2016 01:02:27	Transmitter		INFO	pushing into buff
22-02-2016 01:02:27	DataProcessor		INFO	polling
22-02-2016 01:02:27	CameraInterface		INFO	Read successful
22-02-2016 01:02:27	Controller		INFO	sending to transmitter
22-02-2016 01:02:27	Transmitter		INFO	pushing into buff
22-02-2016 01:02:27	DataProcessor		INFO	polling
22-02-2016 01:02:28	CameraInterface		INFO	Read successful
22-02-2016 01:02:28	Controller		INFO	sending to transmitter
22-02-2016 01:02:28	Transmitter		INFO	pushing into buff
22-02-2016 01:02:28	DataProcessor		INFO	polling
22-02-2016 01:02:28	CameraInterface		INFO	Read successful
22-02-2016 01:02:28	Controller		INFO	sending to transmitter
22-02-2016 01:02:28	Transmitter		INFO	pushing into buff
22-02-2016 01:02:28	DataProcessor		INFO	polling
22-02-2016 01:02:28	CameraInterface		INFO	Read successful
22-02-2016 01:02:28	Controller		INFO	sending to transmitter
22-02-2016 01:02:28	Transmitter		INFO	pushing into buff
22-02-2016 01:02:28	DataProcessor		INFO	polling
22-02-2016 01:02:28	CameraInterface		INFO	Read successful
22-02-2016 01:02:28	Controller		INFO	sending to transmitter
22-02-2016 01:02:28	Transmitter		INFO	pushing into buff
22-02-2016 01:02:28	DataProcessor		INFO	polling
22-02-2016 01:02:28	CameraInterface		INFO	Read successful
22-02-2016 01:02:28	Controller		INFO	sending to transmitter
22-02-2016 01:02:28	Transmitter		INFO	pushing into buff
22-02-2016 01:02:28	DataProcessor		INFO	polling
22-02-2016 01:02:29	CameraInterface		INFO	Read successful
22-02-2016 01:02:29	Controller		INFO	sending to transmitter
22-02-2016 01:02:29	Transmitter		INFO	pushing into buff
22-02-2016 01:02:29	DataProcessor		INFO	polling
22-02-2016 01:02:29	CameraInterface		INFO	Read successful
22-02-2016 01:02:29	Controller		INFO	sending to transmitter
22-02-2016 01:02:29	Transmitter		INFO	pushing into buff
22-02-2016 01:02:29	DataProcessor		INFO	polling
22-02-2016 01:02:29	CameraInterface		INFO	Read successful
22-02-2016 01:02:29	Controller		INFO	sending to transmitter
22-02-2016 01:02:29	Transmitter		INFO	pushing into buff
22-02-2016 01:02:29	DataProcessor		INFO	polling
22-02-2016 01:02:29	CameraInterface		INFO	Read successful
22-02-2016 01:02:29	Controller		INFO	sending to transmitter
22-02-2016 01:02:29	Transmitter		INFO	pushing into buff
22-02-2016 01:02:29	DataProcessor		INFO	polling
22-02-2016 01:02:29	CameraInterface		INFO	Read successful
22-02-2016 01:02:29	Controller		INFO	sending to transmitter
22-02-2016 01:02:29	Transmitter		INFO	pushing into buff
22-02-2016 01:02:29	DataProcessor		INFO	polling
22-02-2016 01:02:29	CameraInterface		INFO	Read successful
22-02-2016 01:02:29	Controller		INFO	sending to transmitter
22-02-2016 01:02:29	Transmitter		INFO	pushing into buff
22-02-2016 01:02:29	DataProcessor		INFO	polling
22-02-2016 01:02:30	CameraInterface		INFO	Read successful
22-02-2016 01:02:30	Controller		INFO	sending to transmitter
22-02-2016 01:02:30	Transmitter		INFO	pushing into buff
22-02-2016 01:02:30	DataProcessor		INFO	polling
22-02-2016 01:02:30	CameraInterface		INFO	Read successful
22-02-2016 01:02:30	Controller		INFO	sending to transmitter
22-02-2016 01:02:30	Transmitter		INFO	pushing into buff
22-02-2016 01:02:30	DataProcessor		INFO	polling
22-02-2016 01:02:30	CameraInterface		INFO	Read successful
22-02-2016 01:02:30	Controller		INFO	sending to transmitter
22-02-2016 01:02:30	Transmitter		INFO	pushing into buff
22-02-2016 01:02:30	DataProcessor		INFO	polling
22-02-2016 01:02:30	CameraInterface		INFO	Read successful
22-02-2016 01:02:30	Controller		INFO	sending to transmitter
22-02-2016 01:02:30	Transmitter		INFO	pushing into buff
22-02-2016 01:02:30	DataProcessor		INFO	polling
22-02-2016 01:02:30	CameraInterface		INFO	Read successful
22-02-2016 01:02:30	Controller		INFO	sending to transmitter
22-02-2016 01:02:30	Transmitter		INFO	pushing into buff
22-02-2016 01:02:30	DataProcessor		INFO	polling
22-02-2016 01:02:31	CameraInterface		INFO	Read successful
22-02-2016 01:02:31	Controller		INFO	sending to transmitter
22-02-2016 01:02:31	Transmitter		INFO	pushing into buff
22-02-2016 01:02:31	DataProcessor		INFO	polling
22-02-2016 01:02:31	CameraInterface		INFO	Read successful
22-02-2016 01:02:31	Controller		INFO	sending to transmitter
22-02-2016 01:02:31	Transmitter		INFO	pushing into buff
22-02-2016 01:02:31	DataProcessor		INFO	polling
22-02-2016 01:02:31	CameraInterface		INFO	Read successful
22-02-2016 01:02:31	Controller		INFO	sending to transmitter
22-02-2016 01:02:31	Transmitter		INFO	pushing into buff
22-02-2016 01:02:31	DataProcessor		INFO	polling
22-02-2016 01:02:31	CameraInterface		INFO	Read successful
22-02-2016 01:02:31	Controller		INFO	sending to transmitter
22-02-2016 01:02:31	Transmitter		INFO	pushing into buff
22-02-2016 01:02:31	DataProcessor		INFO	polling
22-02-2016 01:02:31	CameraInterface		INFO	Read successful
22-02-2016 01:02:31	Controller		INFO	sending to transmitter
22-02-2016 01:02:31	Transmitter		INFO	pushing into buff
22-02-2016 01:02:31	DataProcessor		INFO	polling
22-02-2016 01:02:31	CameraInterface		INFO	Read successful
22-02-2016 01:02:31	Controller		INFO	sending to transmitter
22-02-2016 01:02:31	Transmitter		INFO	pushing into buff
22-02-2016 01:02:31	DataProcessor		INFO	polling
22-02-2016 01:02:32	CameraInterface		INFO	Read successful
22-02-2016 01:02:32	Controller		INFO	sending to transmitter
22-02-2016 01:02:32	Transmitter		INFO	pushing into buff
22-02-2016 01:02:32	DataProcessor		INFO	polling
22-02-2016 01:02:32	CameraInterface		INFO	Read successful
22-02-2016 01:02:32	Controller		INFO	sending to transmitter
22-02-2016 01:02:32	Transmitter		INFO	pushing into buff
22-02-2016 01:02:32	DataProcessor		INFO	polling
22-02-2016 01:02:32	CameraInterface		INFO	Read successful
22-02-2016 01:02:32	Controller		INFO	sending to transmitter
22-02-2016 01:02:32	Transmitter		INFO	pushing into buff
22-02-2016 01:02:32	DataProcessor		INFO	polling
22-02-2016 01:02:32	CameraInterface		INFO	Read successful
22-02-2016 01:02:32	Controller		INFO	sending to transmitter
22-02-2016 01:02:32	Transmitter		INFO	pushing into buff
22-02-2016 01:02:32	DataProcessor		INFO	polling
22-02-2016 01:02:32	CameraInterface		INFO	Read successful
22-02-2016 01:02:32	Controller		INFO	sending to transmitter
22-02-2016 01:02:32	Transmitter		INFO	pushing into buff
22-02-2016 01:02:32	DataProcessor		INFO	polling
22-02-2016 01:02:33	CameraInterface		INFO	Read successful
22-02-2016 01:02:33	Controller		INFO	sending to transmitter
22-02-2016 01:02:33	Transmitter		INFO	pushing into buff
22-02-2016 01:02:33	DataProcessor		INFO	polling
22-02-2016 01:02:33	CameraInterface		INFO	Read successful
22-02-2016 01:02:33	Controller		INFO	sending to transmitter
22-02-2016 01:02:33	Transmitter		INFO	pushing into buff
22-02-2016 01:02:33	DataProcessor		INFO	polling
22-02-2016 01:02:33	CameraInterface		INFO	Read successful
22-02-2016 01:02:33	Controller		INFO	sending to transmitter
22-02-2016 01:02:33	Transmitter		INFO	pushing into buff
22-02-2016 01:02:33	DataProcessor		INFO	polling
22-02-2016 01:02:33	CameraInterface		INFO	Read successful
22-02-2016 01:02:33	Controller		INFO	sending to transmitter
22-02-2016 01:02:33	Transmitter		INFO	pushing into buff
22-02-2016 01:02:33	DataProcessor		INFO	polling
22-02-2016 01:02:33	CameraInterface		INFO	Read successful
22-02-2016 01:02:33	Controller		INFO	sending to transmitter
22-02-2016 01:02:33	Transmitter		INFO	pushing into buff
22-02-2016 01:02:33	DataProcessor		INFO	polling
22-02-2016 01:02:33	CameraInterface		INFO	Read successful
22-02-2016 01:02:33	Controller		INFO	sending to transmitter
22-02-2016 01:02:33	Transmitter		INFO	pushing into buff
22-02-2016 01:02:33	DataProcessor		INFO	polling
22-02-2016 01:02:34	CameraInterface		INFO	Read successful
22-02-2016 01:02:34	Controller		INFO	sending to transmitter
22-02-2016 01:02:34	Transmitter		INFO	pushing into buff
22-02-2016 01:02:34	DataProcessor		INFO	polling
22-02-2016 01:02:34	CameraInterface		INFO	Read successful
22-02-2016 01:02:34	Controller		INFO	sending to transmitter
22-02-2016 01:02:34	Transmitter		INFO	pushing into buff
22-02-2016 01:02:34	DataProcessor		INFO	polling
22-02-2016 01:02:34	CameraInterface		INFO	Read successful
22-02-2016 01:02:34	Controller		INFO	sending to transmitter
22-02-2016 01:02:34	Transmitter		INFO	pushing into buff
22-02-2016 01:02:34	DataProcessor		INFO	polling
22-02-2016 01:02:34	CameraInterface		INFO	Read successful
22-02-2016 01:02:34	Controller		INFO	sending to transmitter
22-02-2016 01:02:34	Transmitter		INFO	pushing into buff
22-02-2016 01:02:34	DataProcessor		INFO	polling
22-02-2016 01:02:34	CameraInterface		INFO	Read successful
22-02-2016 01:02:34	Controller		INFO	sending to transmitter
22-02-2016 01:02:34	Transmitter		INFO	pushing into buff
22-02-2016 01:02:34	DataProcessor		INFO	polling
22-02-2016 01:02:35	CameraInterface		INFO	Read successful
22-02-2016 01:02:35	Controller		INFO	sending to transmitter
22-02-2016 01:02:35	Transmitter		INFO	pushing into buff
22-02-2016 01:02:35	DataProcessor		INFO	polling
22-02-2016 01:02:35	CameraInterface		INFO	Read successful
22-02-2016 01:02:35	Controller		INFO	sending to transmitter
22-02-2016 01:02:35	Transmitter		INFO	pushing into buff
22-02-2016 01:02:35	DataProcessor		INFO	polling
22-02-2016 01:02:35	CameraInterface		INFO	Read successful
22-02-2016 01:02:35	Controller		INFO	sending to transmitter
22-02-2016 01:02:35	Transmitter		INFO	pushing into buff
22-02-2016 01:02:35	DataProcessor		INFO	polling
22-02-2016 01:02:35	CameraInterface		INFO	Read successful
22-02-2016 01:02:35	Controller		INFO	sending to transmitter
22-02-2016 01:02:35	Transmitter		INFO	pushing into buff
22-02-2016 01:02:35	DataProcessor		INFO	polling
22-02-2016 01:02:35	CameraInterface		INFO	Read successful
22-02-2016 01:02:35	Controller		INFO	sending to transmitter
22-02-2016 01:02:35	Transmitter		INFO	pushing into buff
22-02-2016 01:02:35	Transmitter		INFO	running
22-02-2016 01:02:35	Transmitter		INFO	getting from buffer
22-02-2016 01:02:35	DataProcessor		INFO	polling
22-02-2016 01:02:36	CameraInterface		INFO	Read successful
22-02-2016 01:02:36	Controller		INFO	sending to transmitter
22-02-2016 01:02:36	Transmitter		INFO	pushing into buff
22-02-2016 01:02:36	DataProcessor		INFO	polling
22-02-2016 01:02:36	CameraInterface		INFO	Read successful
22-02-2016 01:02:36	Controller		INFO	sending to transmitter
22-02-2016 01:02:36	Transmitter		INFO	pushing into buff
22-02-2016 01:02:36	DataProcessor		INFO	polling
22-02-2016 01:02:36	CameraInterface		INFO	Read successful
22-02-2016 01:02:36	Controller		INFO	sending to transmitter
22-02-2016 01:02:36	Transmitter		INFO	pushing into buff
22-02-2016 01:02:36	DataProcessor		INFO	polling
22-02-2016 01:02:36	CameraInterface		INFO	Read successful
22-02-2016 01:02:37	Controller		INFO	sending to transmitter
22-02-2016 01:02:37	Transmitter		INFO	pushing into buff
22-02-2016 01:02:37	DataProcessor		INFO	polling
22-02-2016 01:02:39	CameraInterface		INFO	Read successful
22-02-2016 01:02:45	Controller		INFO	sending to transmitter
22-02-2016 01:02:45	Transmitter		INFO	pushing into buff
22-02-2016 01:02:45	DataProcessor		INFO	polling
22-02-2016 01:02:45	CameraInterface		INFO	Read successful
22-02-2016 01:02:47	Controller		INFO	sending to transmitter
22-02-2016 01:02:47	Transmitter		INFO	pushing into buff
22-02-2016 01:02:47	DataProcessor		INFO	polling
22-02-2016 01:02:52	CameraInterface		INFO	Read successful
22-02-2016 01:03:08	Controller		INFO	sending to transmitter
22-02-2016 01:03:22	Transmitter		INFO	pushing into buff
22-02-2016 01:03:36	DataProcessor		INFO	polling
22-02-2016 01:03:48	CameraInterface		INFO	Read successful
22-02-2016 01:03:50	Controller		INFO	sending to transmitter
22-02-2016 01:03:51	Transmitter		INFO	pushing into buff
22-02-2016 01:03:51	DataProcessor		INFO	polling
22-02-2016 01:03:57	CameraInterface		INFO	Read successful
22-02-2016 01:04:10	Controller		INFO	sending to transmitter
22-02-2016 01:04:11	Transmitter		INFO	pushing into buff
22-02-2016 01:04:11	DataProcessor		INFO	polling
22-02-2016 01:04:16	CameraInterface		INFO	Read successful
22-02-2016 01:04:25	Controller		INFO	sending to transmitter
22-02-2016 01:04:27	Transmitter		INFO	pushing into buff
22-02-2016 01:04:27	DataProcessor		INFO	polling
22-02-2016 01:04:29	CameraInterface		INFO	Read successful
22-02-2016 01:04:32	Controller		INFO	sending to transmitter
22-02-2016 01:04:32	Transmitter		INFO	pushing into buff
22-02-2016 01:04:32	DataProcessor		INFO	polling
