22-02-2016 02:53:46	Main		TRACE	Logger initialized.
22-02-2016 02:53:46	PropertyReader		TRACE	Opening file: settings/settings.txt
22-02-2016 02:53:46	PropertyReader		INFO	File opened: settings/settings.txt
22-02-2016 02:53:46	PropertyReader		INFO	Loading properties file...
22-02-2016 02:53:46	PropertyReader		INFO	Mapped TRACE to LOGGING_LEVEL
22-02-2016 02:53:46	PropertyReader		INFO	Mapped 100 to CAM_BUFFER_SIZE
22-02-2016 02:53:46	PropertyReader		INFO	Mapped 15 to CAM_POLL_FREQUENCY
22-02-2016 02:53:46	PropertyReader		INFO	Mapped 0 to CAM_INDEX
22-02-2016 02:53:46	PropertyReader		DEBUG	Loaded 4 properties successfully
22-02-2016 02:53:46	Controller		INFO	Constructor controller
22-02-2016 02:53:46	Transmitter		INFO	socket retrieve success
22-02-2016 02:53:46	Transmitter		INFO	binding done
22-02-2016 02:53:46	Transmitter		INFO	done listening
22-02-2016 02:53:47	Transmitter		INFO	accepting
22-02-2016 02:53:47	Main		TRACE	intializing controller
22-02-2016 02:53:47	Controller		INFO	Initializing Controller
22-02-2016 02:53:47	Main		TRACE	initializing dataprocessor
22-02-2016 02:53:47	CameraInterface		INFO	Initializing camera
22-02-2016 02:53:47	CameraInterface		INFO	Opening video capture stream at position 0
22-02-2016 02:53:47	Transmitter		INFO	Starting Receiver Thread execution loop
22-02-2016 02:53:47	Transmitter		INFO	Starting Receiver Thread execution loop
22-02-2016 02:53:47	ControllerThread		INFO	Starting Controller Thread execution loop
22-02-2016 02:53:47	Receiver		INFO	Starting Receiver Thread execution loop
22-02-2016 02:53:47	Receiver		INFO	Starting Receiver Thread execution loop
22-02-2016 02:53:47	Transmitter		INFO	running
22-02-2016 02:53:47	Transmitter		INFO	running
22-02-2016 02:53:47	Transmitter		INFO	running
22-02-2016 02:53:47	Transmitter		INFO	running
22-02-2016 02:53:47	Transmitter		INFO	running
22-02-2016 02:53:47	Transmitter		INFO	running
22-02-2016 02:53:47	Transmitter		INFO	running
22-02-2016 02:53:47	Transmitter		INFO	running
22-02-2016 02:53:47	Transmitter		INFO	running
22-02-2016 02:53:47	Transmitter		INFO	running
22-02-2016 02:53:47	Transmitter		INFO	running
22-02-2016 02:53:47	Transmitter		INFO	running
22-02-2016 02:53:47	Transmitter		INFO	running
22-02-2016 02:53:47	Transmitter		INFO	running
22-02-2016 02:53:47	Transmitter		INFO	running
22-02-2016 02:53:47	Transmitter		INFO	running
22-02-2016 02:53:47	Transmitter		INFO	running
22-02-2016 02:53:47	Transmitter		INFO	running
22-02-2016 02:53:47	Transmitter		INFO	running
22-02-2016 02:53:48	Transmitter		INFO	running
22-02-2016 02:53:48	Transmitter		INFO	running
22-02-2016 02:53:48	Transmitter		INFO	running
22-02-2016 02:53:48	Transmitter		INFO	running
22-02-2016 02:53:48	Transmitter		INFO	running
22-02-2016 02:53:48	Transmitter		INFO	running
22-02-2016 02:53:48	Transmitter		INFO	running
22-02-2016 02:53:48	Transmitter		INFO	running
22-02-2016 02:53:48	Transmitter		INFO	running
22-02-2016 02:53:48	Transmitter		INFO	running
22-02-2016 02:53:48	Transmitter		INFO	running
22-02-2016 02:53:48	Transmitter		INFO	running
22-02-2016 02:53:48	Transmitter		INFO	running
22-02-2016 02:53:48	Transmitter		INFO	running
22-02-2016 02:53:48	Transmitter		INFO	running
22-02-2016 02:53:48	Main		TRACE	running controller
22-02-2016 02:53:48	DataProcessor		INFO	polling
22-02-2016 02:53:48	Transmitter		INFO	running
22-02-2016 02:53:48	DataProcessor		INFO	polling
22-02-2016 02:53:48	Transmitter		INFO	running
22-02-2016 02:53:48	Transmitter		INFO	running
22-02-2016 02:53:48	Transmitter		INFO	running
22-02-2016 02:53:48	Transmitter		INFO	running
22-02-2016 02:53:48	Transmitter		INFO	running
22-02-2016 02:53:48	Transmitter		INFO	running
22-02-2016 02:53:48	Transmitter		INFO	running
22-02-2016 02:53:48	Transmitter		INFO	running
22-02-2016 02:53:48	Transmitter		INFO	running
22-02-2016 02:53:48	Transmitter		INFO	running
22-02-2016 02:53:48	Transmitter		INFO	running
22-02-2016 02:53:48	Transmitter		INFO	running
22-02-2016 02:53:48	Transmitter		INFO	running
22-02-2016 02:53:48	Transmitter		INFO	running
22-02-2016 02:53:48	Transmitter		INFO	running
22-02-2016 02:53:48	Transmitter		INFO	running
22-02-2016 02:53:48	Transmitter		INFO	running
22-02-2016 02:53:48	Transmitter		INFO	running
22-02-2016 02:53:48	Transmitter		INFO	running
22-02-2016 02:53:48	Transmitter		INFO	running
22-02-2016 02:53:48	Transmitter		INFO	running
22-02-2016 02:53:48	Transmitter		INFO	running
22-02-2016 02:53:48	Transmitter		INFO	running
22-02-2016 02:53:48	Transmitter		INFO	running
22-02-2016 02:53:48	Transmitter		INFO	running
22-02-2016 02:53:48	Transmitter		INFO	running
22-02-2016 02:53:48	Transmitter		INFO	running
22-02-2016 02:53:48	Transmitter		INFO	running
22-02-2016 02:53:48	Transmitter		INFO	running
22-02-2016 02:53:48	Transmitter		INFO	running
22-02-2016 02:53:48	Transmitter		INFO	running
22-02-2016 02:53:48	Transmitter		INFO	running
22-02-2016 02:53:48	Transmitter		INFO	running
22-02-2016 02:53:48	Transmitter		INFO	running
22-02-2016 02:53:48	Transmitter		INFO	running
22-02-2016 02:53:48	Transmitter		INFO	running
22-02-2016 02:53:48	Transmitter		INFO	running
22-02-2016 02:53:48	Transmitter		INFO	running
22-02-2016 02:53:48	Transmitter		INFO	running
22-02-2016 02:53:48	Transmitter		INFO	running
22-02-2016 02:53:48	Transmitter		INFO	running
22-02-2016 02:53:48	Transmitter		INFO	running
22-02-2016 02:53:48	Transmitter		INFO	running
22-02-2016 02:53:48	Transmitter		INFO	running
22-02-2016 02:53:48	Transmitter		INFO	running
22-02-2016 02:53:48	Transmitter		INFO	running
22-02-2016 02:53:48	Transmitter		INFO	running
22-02-2016 02:53:48	Transmitter		INFO	running
22-02-2016 02:53:48	Transmitter		INFO	running
22-02-2016 02:53:48	Transmitter		INFO	running
22-02-2016 02:53:48	Transmitter		INFO	running
22-02-2016 02:53:48	Transmitter		INFO	running
22-02-2016 02:53:48	Transmitter		INFO	running
22-02-2016 02:53:48	Transmitter		INFO	running
22-02-2016 02:53:48	Transmitter		INFO	running
22-02-2016 02:53:48	Transmitter		INFO	running
22-02-2016 02:53:48	Transmitter		INFO	running
22-02-2016 02:53:48	Transmitter		INFO	running
22-02-2016 02:53:48	Transmitter		INFO	running
22-02-2016 02:53:48	Transmitter		INFO	running
22-02-2016 02:53:48	Transmitter		INFO	running
22-02-2016 02:53:48	Transmitter		INFO	running
22-02-2016 02:53:48	Transmitter		INFO	running
22-02-2016 02:53:48	Transmitter		INFO	running
22-02-2016 02:53:48	Transmitter		INFO	running
22-02-2016 02:53:48	Transmitter		INFO	running
22-02-2016 02:53:48	Transmitter		INFO	running
22-02-2016 02:53:48	Transmitter		INFO	running
22-02-2016 02:53:48	Transmitter		INFO	running
22-02-2016 02:53:48	Transmitter		INFO	running
22-02-2016 02:53:48	Transmitter		INFO	running
22-02-2016 02:53:48	Transmitter		INFO	running
22-02-2016 02:53:48	Transmitter		INFO	running
22-02-2016 02:53:48	Transmitter		INFO	running
22-02-2016 02:53:48	Transmitter		INFO	running
22-02-2016 02:53:48	Transmitter		INFO	running
22-02-2016 02:53:48	Transmitter		INFO	running
22-02-2016 02:53:48	Transmitter		INFO	running
22-02-2016 02:53:48	Transmitter		INFO	running
22-02-2016 02:53:48	Transmitter		INFO	running
22-02-2016 02:53:48	Transmitter		INFO	running
22-02-2016 02:53:48	Transmitter		INFO	running
22-02-2016 02:53:48	Transmitter		INFO	running
22-02-2016 02:53:48	Transmitter		INFO	running
22-02-2016 02:53:48	Transmitter		INFO	running
22-02-2016 02:53:48	Transmitter		INFO	running
22-02-2016 02:53:48	Transmitter		INFO	running
22-02-2016 02:53:48	Transmitter		INFO	running
22-02-2016 02:53:48	Transmitter		INFO	running
22-02-2016 02:53:48	Transmitter		INFO	running
22-02-2016 02:53:48	Transmitter		INFO	running
22-02-2016 02:53:48	Transmitter		INFO	running
22-02-2016 02:53:48	Transmitter		INFO	running
22-02-2016 02:53:49	Transmitter		INFO	running
22-02-2016 02:53:49	Transmitter		INFO	running
22-02-2016 02:53:49	CameraInterface		INFO	Read successful
22-02-2016 02:53:49	Controller		INFO	sending to transmitter
22-02-2016 02:53:49	Transmitter		INFO	pushing into buff
22-02-2016 02:53:49	Transmitter		INFO	running
22-02-2016 02:53:49	Transmitter		INFO	getting from buffer
22-02-2016 02:53:51	DataProcessor		INFO	polling
22-02-2016 02:53:51	CameraInterface		INFO	Read successful
22-02-2016 02:53:51	Controller		INFO	sending to transmitter
22-02-2016 02:53:51	Transmitter		INFO	pushing into buff
22-02-2016 02:53:52	Transmitter		INFO	sending string: 11158
22-02-2016 02:53:52	Transmitter		INFO	running
22-02-2016 02:53:52	Transmitter		INFO	getting from buffer
22-02-2016 02:53:53	DataProcessor		INFO	polling
22-02-2016 02:53:53	CameraInterface		INFO	Read successful
22-02-2016 02:53:53	Controller		INFO	sending to transmitter
22-02-2016 02:53:53	Transmitter		INFO	pushing into buff
22-02-2016 02:53:55	DataProcessor		INFO	polling
22-02-2016 02:53:55	CameraInterface		INFO	Read successful
22-02-2016 02:53:55	Controller		INFO	sending to transmitter
22-02-2016 02:53:55	Transmitter		INFO	pushing into buff
22-02-2016 02:53:57	Transmitter		INFO	sending string: 1042728
22-02-2016 02:53:57	DataProcessor		INFO	polling
22-02-2016 02:53:57	CameraInterface		INFO	Read successful
22-02-2016 02:53:57	Controller		INFO	sending to transmitter
22-02-2016 02:53:57	Transmitter		INFO	pushing into buff
22-02-2016 02:53:59	DataProcessor		INFO	polling
22-02-2016 02:54:00	CameraInterface		INFO	Read successful
22-02-2016 02:54:00	Controller		INFO	sending to transmitter
22-02-2016 02:54:00	Transmitter		INFO	pushing into buff
22-02-2016 02:54:02	DataProcessor		INFO	polling
22-02-2016 02:54:02	CameraInterface		INFO	Read successful
22-02-2016 02:54:02	Controller		INFO	sending to transmitter
22-02-2016 02:54:02	Transmitter		INFO	pushing into buff
22-02-2016 02:54:02	Transmitter		INFO	running
22-02-2016 02:54:02	Transmitter		INFO	getting from buffer
22-02-2016 02:54:04	DataProcessor		INFO	polling
22-02-2016 02:54:04	CameraInterface		INFO	Read successful
22-02-2016 02:54:04	Controller		INFO	sending to transmitter
22-02-2016 02:54:04	Transmitter		INFO	pushing into buff
22-02-2016 02:54:06	DataProcessor		INFO	polling
22-02-2016 02:54:06	CameraInterface		INFO	Read successful
22-02-2016 02:54:06	Controller		INFO	sending to transmitter
22-02-2016 02:54:06	Transmitter		INFO	pushing into buff
