22-02-2016 02:42:50	Main		TRACE	Logger initialized.
22-02-2016 02:42:50	PropertyReader		TRACE	Opening file: settings/settings.txt
22-02-2016 02:42:50	PropertyReader		INFO	File opened: settings/settings.txt
22-02-2016 02:42:50	PropertyReader		INFO	Loading properties file...
22-02-2016 02:42:50	PropertyReader		INFO	Mapped TRACE to LOGGING_LEVEL
22-02-2016 02:42:50	PropertyReader		INFO	Mapped 100 to CAM_BUFFER_SIZE
22-02-2016 02:42:50	PropertyReader		INFO	Mapped 15 to CAM_POLL_FREQUENCY
22-02-2016 02:42:50	PropertyReader		INFO	Mapped 0 to CAM_INDEX
22-02-2016 02:42:50	PropertyReader		DEBUG	Loaded 4 properties successfully
22-02-2016 02:42:50	Controller		INFO	Constructor controller
22-02-2016 02:42:50	Transmitter		INFO	socket retrieve success
22-02-2016 02:42:50	Transmitter		INFO	binding done
22-02-2016 02:42:50	Transmitter		INFO	done listening
22-02-2016 02:44:52	Transmitter		INFO	accepting
22-02-2016 02:44:52	Main		TRACE	intializing controller
22-02-2016 02:44:52	Controller		INFO	Initializing Controller
22-02-2016 02:44:52	Main		TRACE	initializing dataprocessor
22-02-2016 02:44:52	CameraInterface		INFO	Initializing camera
22-02-2016 02:44:52	CameraInterface		INFO	Opening video capture stream at position 0
22-02-2016 02:44:52	Receiver		INFO	Starting Receiver Thread execution loop
22-02-2016 02:44:52	Receiver		INFO	Starting Receiver Thread execution loop
22-02-2016 02:44:52	Transmitter		INFO	Starting Receiver Thread execution loop
22-02-2016 02:44:52	ControllerThread		INFO	Starting Controller Thread execution loop
22-02-2016 02:44:52	Transmitter		INFO	running
22-02-2016 02:44:52	Transmitter		INFO	running
22-02-2016 02:44:52	Transmitter		INFO	running
22-02-2016 02:44:52	Transmitter		INFO	running
22-02-2016 02:44:52	Transmitter		INFO	running
22-02-2016 02:44:52	Transmitter		INFO	running
22-02-2016 02:44:52	Transmitter		INFO	running
22-02-2016 02:44:52	Transmitter		INFO	running
22-02-2016 02:44:52	Transmitter		INFO	running
22-02-2016 02:44:52	Transmitter		INFO	running
22-02-2016 02:44:52	Transmitter		INFO	running
22-02-2016 02:44:52	Transmitter		INFO	running
22-02-2016 02:44:52	Transmitter		INFO	running
22-02-2016 02:44:52	Transmitter		INFO	running
22-02-2016 02:44:52	Transmitter		INFO	running
22-02-2016 02:44:52	Transmitter		INFO	running
22-02-2016 02:44:52	Transmitter		INFO	running
22-02-2016 02:44:52	Transmitter		INFO	running
22-02-2016 02:44:52	Transmitter		INFO	running
22-02-2016 02:44:52	Transmitter		INFO	running
22-02-2016 02:44:52	Transmitter		INFO	running
22-02-2016 02:44:52	Transmitter		INFO	running
22-02-2016 02:44:52	Transmitter		INFO	running
22-02-2016 02:44:52	Transmitter		INFO	running
22-02-2016 02:44:52	Transmitter		INFO	running
22-02-2016 02:44:52	Transmitter		INFO	running
22-02-2016 02:44:52	Transmitter		INFO	running
22-02-2016 02:44:52	Transmitter		INFO	running
22-02-2016 02:44:52	Transmitter		INFO	running
22-02-2016 02:44:52	Transmitter		INFO	running
22-02-2016 02:44:52	Transmitter		INFO	running
22-02-2016 02:44:52	Transmitter		INFO	running
22-02-2016 02:44:52	Transmitter		INFO	running
22-02-2016 02:44:52	Transmitter		INFO	running
22-02-2016 02:44:52	Transmitter		INFO	running
22-02-2016 02:44:52	Transmitter		INFO	running
22-02-2016 02:44:52	Transmitter		INFO	running
22-02-2016 02:44:52	Transmitter		INFO	running
22-02-2016 02:44:52	Transmitter		INFO	running
22-02-2016 02:44:52	Transmitter		INFO	running
22-02-2016 02:44:52	Transmitter		INFO	running
22-02-2016 02:44:52	Transmitter		INFO	running
22-02-2016 02:44:52	Transmitter		INFO	running
22-02-2016 02:44:52	Transmitter		INFO	running
22-02-2016 02:44:52	Transmitter		INFO	running
22-02-2016 02:44:52	Transmitter		INFO	running
22-02-2016 02:44:52	Transmitter		INFO	running
22-02-2016 02:44:52	Transmitter		INFO	running
22-02-2016 02:44:52	Transmitter		INFO	running
22-02-2016 02:44:52	Transmitter		INFO	running
22-02-2016 02:44:52	Transmitter		INFO	running
22-02-2016 02:44:52	Transmitter		INFO	running
22-02-2016 02:44:52	Transmitter		INFO	running
22-02-2016 02:44:52	Transmitter		INFO	running
22-02-2016 02:44:52	Transmitter		INFO	running
22-02-2016 02:44:52	Transmitter		INFO	running
22-02-2016 02:44:52	Transmitter		INFO	running
22-02-2016 02:44:52	Transmitter		INFO	running
22-02-2016 02:44:52	Transmitter		INFO	running
22-02-2016 02:44:52	Transmitter		INFO	running
22-02-2016 02:44:52	Transmitter		INFO	running
22-02-2016 02:44:52	Main		TRACE	running controller
22-02-2016 02:44:52	DataProcessor		INFO	polling
22-02-2016 02:44:52	Transmitter		INFO	running
22-02-2016 02:44:52	Transmitter		INFO	running
22-02-2016 02:44:52	Transmitter		INFO	running
22-02-2016 02:44:52	Transmitter		INFO	running
22-02-2016 02:44:52	Transmitter		INFO	running
22-02-2016 02:44:52	Transmitter		INFO	running
22-02-2016 02:44:52	Transmitter		INFO	running
22-02-2016 02:44:52	Transmitter		INFO	running
22-02-2016 02:44:52	Transmitter		INFO	running
22-02-2016 02:44:52	Transmitter		INFO	running
22-02-2016 02:44:52	Transmitter		INFO	running
22-02-2016 02:44:52	Transmitter		INFO	running
22-02-2016 02:44:52	Transmitter		INFO	running
22-02-2016 02:44:52	Transmitter		INFO	running
22-02-2016 02:44:52	Transmitter		INFO	running
22-02-2016 02:44:52	Transmitter		INFO	running
22-02-2016 02:44:52	Transmitter		INFO	running
22-02-2016 02:44:52	Transmitter		INFO	running
22-02-2016 02:44:52	Transmitter		INFO	running
22-02-2016 02:44:52	Transmitter		INFO	running
22-02-2016 02:44:52	Transmitter		INFO	running
22-02-2016 02:44:52	Transmitter		INFO	running
22-02-2016 02:44:52	Transmitter		INFO	running
22-02-2016 02:44:52	Transmitter		INFO	running
22-02-2016 02:44:52	Transmitter		INFO	running
22-02-2016 02:44:52	Transmitter		INFO	running
22-02-2016 02:44:52	Transmitter		INFO	running
22-02-2016 02:44:52	Transmitter		INFO	running
22-02-2016 02:44:52	Transmitter		INFO	running
22-02-2016 02:44:52	Transmitter		INFO	running
22-02-2016 02:44:52	Transmitter		INFO	running
22-02-2016 02:44:52	Transmitter		INFO	running
22-02-2016 02:44:52	Transmitter		INFO	running
22-02-2016 02:44:52	Transmitter		INFO	running
22-02-2016 02:44:52	Transmitter		INFO	running
22-02-2016 02:44:52	Transmitter		INFO	running
22-02-2016 02:44:52	Transmitter		INFO	running
22-02-2016 02:44:52	Transmitter		INFO	running
22-02-2016 02:44:52	Transmitter		INFO	running
22-02-2016 02:44:52	Transmitter		INFO	running
22-02-2016 02:44:52	Transmitter		INFO	running
22-02-2016 02:44:52	Transmitter		INFO	running
22-02-2016 02:44:52	Transmitter		INFO	running
22-02-2016 02:44:52	Transmitter		INFO	running
22-02-2016 02:44:52	Transmitter		INFO	running
22-02-2016 02:44:52	Transmitter		INFO	running
22-02-2016 02:44:52	Transmitter		INFO	running
22-02-2016 02:44:52	Transmitter		INFO	running
22-02-2016 02:44:52	Transmitter		INFO	running
22-02-2016 02:44:52	Transmitter		INFO	running
22-02-2016 02:44:52	Transmitter		INFO	running
22-02-2016 02:44:52	Transmitter		INFO	running
22-02-2016 02:44:52	Transmitter		INFO	running
22-02-2016 02:44:52	Transmitter		INFO	running
22-02-2016 02:44:52	Transmitter		INFO	running
22-02-2016 02:44:52	Transmitter		INFO	running
22-02-2016 02:44:53	Transmitter		INFO	running
22-02-2016 02:44:53	Transmitter		INFO	running
22-02-2016 02:44:53	Transmitter		INFO	running
22-02-2016 02:44:53	Transmitter		INFO	running
22-02-2016 02:44:53	Transmitter		INFO	running
22-02-2016 02:44:53	Transmitter		INFO	running
22-02-2016 02:44:53	Transmitter		INFO	running
22-02-2016 02:44:53	Transmitter		INFO	running
22-02-2016 02:44:53	Transmitter		INFO	running
22-02-2016 02:44:53	Transmitter		INFO	running
22-02-2016 02:44:53	Transmitter		INFO	running
22-02-2016 02:44:53	Transmitter		INFO	running
22-02-2016 02:44:53	Transmitter		INFO	running
22-02-2016 02:44:53	Transmitter		INFO	running
22-02-2016 02:44:53	Transmitter		INFO	running
22-02-2016 02:44:53	Transmitter		INFO	running
22-02-2016 02:44:53	Transmitter		INFO	running
22-02-2016 02:44:53	Transmitter		INFO	running
22-02-2016 02:44:53	Transmitter		INFO	running
22-02-2016 02:44:53	Transmitter		INFO	running
22-02-2016 02:44:53	Transmitter		INFO	running
22-02-2016 02:44:53	Transmitter		INFO	running
22-02-2016 02:44:53	Transmitter		INFO	running
22-02-2016 02:44:53	Transmitter		INFO	running
22-02-2016 02:44:53	Transmitter		INFO	running
22-02-2016 02:44:53	Transmitter		INFO	running
22-02-2016 02:44:53	Transmitter		INFO	running
22-02-2016 02:44:53	Transmitter		INFO	running
22-02-2016 02:44:53	Transmitter		INFO	running
22-02-2016 02:44:53	Transmitter		INFO	running
22-02-2016 02:44:53	Transmitter		INFO	running
22-02-2016 02:44:53	Transmitter		INFO	running
22-02-2016 02:44:53	Transmitter		INFO	running
22-02-2016 02:44:53	Transmitter		INFO	running
22-02-2016 02:44:53	Transmitter		INFO	running
22-02-2016 02:44:53	Transmitter		INFO	running
22-02-2016 02:44:53	Transmitter		INFO	running
22-02-2016 02:44:53	Transmitter		INFO	running
22-02-2016 02:44:53	Transmitter		INFO	running
22-02-2016 02:44:53	Transmitter		INFO	running
22-02-2016 02:44:53	Transmitter		INFO	running
22-02-2016 02:44:53	Transmitter		INFO	running
22-02-2016 02:44:53	Transmitter		INFO	running
22-02-2016 02:44:53	CameraInterface		INFO	Read successful
22-02-2016 02:44:53	Controller		INFO	sending to transmitter
22-02-2016 02:44:53	Transmitter		INFO	pushing into buff
22-02-2016 02:44:53	Transmitter		INFO	running
22-02-2016 02:44:53	Transmitter		INFO	getting from buffer
22-02-2016 02:44:55	DataProcessor		INFO	polling
22-02-2016 02:44:55	CameraInterface		INFO	Read successful
22-02-2016 02:44:55	Controller		INFO	sending to transmitter
22-02-2016 02:44:55	Transmitter		INFO	pushing into buff
22-02-2016 02:44:56	Transmitter		INFO	sending string: 118017
22-02-2016 02:44:56	Transmitter		INFO	running
22-02-2016 02:44:56	Transmitter		INFO	getting from buffer
22-02-2016 02:44:57	DataProcessor		INFO	polling
22-02-2016 02:44:57	CameraInterface		INFO	Read successful
22-02-2016 02:44:57	Controller		INFO	sending to transmitter
22-02-2016 02:44:57	Transmitter		INFO	pushing into buff
22-02-2016 02:44:59	DataProcessor		INFO	polling
22-02-2016 02:44:59	CameraInterface		INFO	Read successful
22-02-2016 02:44:59	Controller		INFO	sending to transmitter
22-02-2016 02:44:59	Transmitter		INFO	pushing into buff
22-02-2016 02:45:01	DataProcessor		INFO	polling
22-02-2016 02:45:02	CameraInterface		INFO	Read successful
22-02-2016 02:45:02	Controller		INFO	sending to transmitter
22-02-2016 02:45:02	Transmitter		INFO	pushing into buff
22-02-2016 02:45:02	Transmitter		INFO	sending string: 1292200
22-02-2016 02:45:04	DataProcessor		INFO	polling
22-02-2016 02:45:04	CameraInterface		INFO	Read successful
22-02-2016 02:45:04	Controller		INFO	sending to transmitter
22-02-2016 02:45:04	Transmitter		INFO	pushing into buff
22-02-2016 02:45:06	DataProcessor		INFO	polling
22-02-2016 02:45:06	CameraInterface		INFO	Read successful
22-02-2016 02:45:06	Controller		INFO	sending to transmitter
22-02-2016 02:45:06	Transmitter		INFO	pushing into buff
22-02-2016 02:45:08	DataProcessor		INFO	polling
22-02-2016 02:45:08	CameraInterface		INFO	Read successful
22-02-2016 02:45:08	Controller		INFO	sending to transmitter
22-02-2016 02:45:08	Transmitter		INFO	pushing into buff
22-02-2016 02:45:09	Transmitter		INFO	running
22-02-2016 02:45:09	Transmitter		INFO	getting from buffer
22-02-2016 02:45:10	DataProcessor		INFO	polling
22-02-2016 02:45:11	CameraInterface		INFO	Read successful
22-02-2016 02:45:11	Controller		INFO	sending to transmitter
22-02-2016 02:45:11	Transmitter		INFO	pushing into buff
