21-02-2016 03:09:10	Main		TRACE	Logger initialized.
21-02-2016 03:09:10	PropertyReader		TRACE	Opening file: settings/settings.txt
21-02-2016 03:09:10	PropertyReader		INFO	File opened: settings/settings.txt
21-02-2016 03:09:10	PropertyReader		INFO	Loading properties file...
21-02-2016 03:09:10	PropertyReader		INFO	Mapped TRACE to LOGGING_LEVEL
21-02-2016 03:09:10	PropertyReader		INFO	Mapped 100 to CAM_BUFFER_SIZE
21-02-2016 03:09:10	PropertyReader		INFO	Mapped 15 to CAM_POLL_FREQUENCY
21-02-2016 03:09:10	PropertyReader		INFO	Mapped 0 to CAM_INDEX
21-02-2016 03:09:10	PropertyReader		DEBUG	Loaded 4 properties successfully
21-02-2016 03:09:10	Controller		INFO	Constructor controller
21-02-2016 03:09:10	Transmitter		INFO	socket retrieve success
21-02-2016 03:09:10	Transmitter		INFO	binding done
21-02-2016 03:09:10	Transmitter		INFO	done listening
21-02-2016 03:09:12	Transmitter		INFO	accepting
21-02-2016 03:09:12	Main		TRACE	intializing controller
21-02-2016 03:09:12	Controller		INFO	Initializing Controller
21-02-2016 03:09:12	Main		TRACE	initializing dataprocessor
21-02-2016 03:09:12	Receiver		INFO	Starting Receiver Thread execution loop
21-02-2016 03:09:12	ControllerThread		INFO	Starting Controller Thread execution loop
21-02-2016 03:09:12	Transmitter		INFO	Starting Receiver Thread execution loop
21-02-2016 03:09:12	Transmitter		INFO	running
21-02-2016 03:09:12	Transmitter		INFO	running
21-02-2016 03:09:12	CameraInterface		INFO	Initializing camera
21-02-2016 03:09:12	CameraInterface		INFO	Opening video capture stream at position 0
21-02-2016 03:09:12	Transmitter		INFO	running
21-02-2016 03:09:12	Transmitter		INFO	running
21-02-2016 03:09:12	Transmitter		INFO	running
21-02-2016 03:09:12	Transmitter		INFO	running
21-02-2016 03:09:12	Transmitter		INFO	running
21-02-2016 03:09:12	Transmitter		INFO	running
21-02-2016 03:09:12	Transmitter		INFO	running
21-02-2016 03:09:12	Transmitter		INFO	running
21-02-2016 03:09:12	Transmitter		INFO	running
21-02-2016 03:09:12	Transmitter		INFO	running
21-02-2016 03:09:12	Transmitter		INFO	running
21-02-2016 03:09:12	Transmitter		INFO	running
21-02-2016 03:09:12	Transmitter		INFO	running
21-02-2016 03:09:12	Transmitter		INFO	running
21-02-2016 03:09:12	Transmitter		INFO	running
21-02-2016 03:09:12	Transmitter		INFO	running
21-02-2016 03:09:12	Transmitter		INFO	running
21-02-2016 03:09:12	Transmitter		INFO	running
21-02-2016 03:09:12	Transmitter		INFO	running
21-02-2016 03:09:12	Transmitter		INFO	running
21-02-2016 03:09:12	Transmitter		INFO	running
21-02-2016 03:09:12	Transmitter		INFO	running
21-02-2016 03:09:12	Transmitter		INFO	running
21-02-2016 03:09:12	Transmitter		INFO	running
21-02-2016 03:09:12	Transmitter		INFO	running
21-02-2016 03:09:12	Transmitter		INFO	running
21-02-2016 03:09:12	Transmitter		INFO	running
21-02-2016 03:09:12	Transmitter		INFO	running
21-02-2016 03:09:12	Transmitter		INFO	running
21-02-2016 03:09:12	Transmitter		INFO	running
21-02-2016 03:09:12	Transmitter		INFO	running
21-02-2016 03:09:12	Transmitter		INFO	running
21-02-2016 03:09:12	Transmitter		INFO	running
21-02-2016 03:09:12	Transmitter		INFO	running
21-02-2016 03:09:12	Transmitter		INFO	running
21-02-2016 03:09:12	Transmitter		INFO	running
21-02-2016 03:09:12	Transmitter		INFO	running
21-02-2016 03:09:12	Transmitter		INFO	running
21-02-2016 03:09:12	Transmitter		INFO	running
21-02-2016 03:09:12	Transmitter		INFO	running
21-02-2016 03:09:12	Transmitter		INFO	running
21-02-2016 03:09:12	Transmitter		INFO	running
21-02-2016 03:09:12	Transmitter		INFO	running
21-02-2016 03:09:12	Transmitter		INFO	running
21-02-2016 03:09:12	Transmitter		INFO	running
21-02-2016 03:09:12	Transmitter		INFO	running
21-02-2016 03:09:12	Transmitter		INFO	running
21-02-2016 03:09:12	Transmitter		INFO	running
21-02-2016 03:09:12	Transmitter		INFO	running
21-02-2016 03:09:12	Transmitter		INFO	running
21-02-2016 03:09:12	Transmitter		INFO	running
21-02-2016 03:09:12	Transmitter		INFO	running
21-02-2016 03:09:12	Transmitter		INFO	running
21-02-2016 03:09:12	Main		TRACE	running controller
21-02-2016 03:09:12	DataProcessor		INFO	polling
21-02-2016 03:09:12	Transmitter		INFO	running
21-02-2016 03:09:12	Transmitter		INFO	running
21-02-2016 03:09:12	Transmitter		INFO	running
21-02-2016 03:09:12	Transmitter		INFO	running
21-02-2016 03:09:12	Transmitter		INFO	running
21-02-2016 03:09:12	Transmitter		INFO	running
21-02-2016 03:09:12	Transmitter		INFO	running
21-02-2016 03:09:12	Transmitter		INFO	running
21-02-2016 03:09:12	Transmitter		INFO	running
21-02-2016 03:09:12	Transmitter		INFO	running
21-02-2016 03:09:12	Transmitter		INFO	running
21-02-2016 03:09:12	Transmitter		INFO	running
21-02-2016 03:09:12	Transmitter		INFO	running
21-02-2016 03:09:12	Transmitter		INFO	running
21-02-2016 03:09:12	Transmitter		INFO	running
21-02-2016 03:09:12	Transmitter		INFO	running
21-02-2016 03:09:12	Transmitter		INFO	running
21-02-2016 03:09:12	Transmitter		INFO	running
21-02-2016 03:09:12	Transmitter		INFO	running
21-02-2016 03:09:12	Transmitter		INFO	running
21-02-2016 03:09:12	Transmitter		INFO	running
21-02-2016 03:09:12	Transmitter		INFO	running
21-02-2016 03:09:12	Transmitter		INFO	running
21-02-2016 03:09:12	Transmitter		INFO	running
21-02-2016 03:09:12	Transmitter		INFO	running
21-02-2016 03:09:12	Transmitter		INFO	running
21-02-2016 03:09:12	Transmitter		INFO	running
21-02-2016 03:09:12	Transmitter		INFO	running
21-02-2016 03:09:12	Transmitter		INFO	running
21-02-2016 03:09:12	Transmitter		INFO	running
21-02-2016 03:09:12	Transmitter		INFO	running
21-02-2016 03:09:12	Transmitter		INFO	running
21-02-2016 03:09:12	Transmitter		INFO	running
21-02-2016 03:09:12	Transmitter		INFO	running
21-02-2016 03:09:12	Transmitter		INFO	running
21-02-2016 03:09:12	Transmitter		INFO	running
21-02-2016 03:09:12	Transmitter		INFO	running
21-02-2016 03:09:12	Transmitter		INFO	running
21-02-2016 03:09:13	Transmitter		INFO	running
21-02-2016 03:09:13	Transmitter		INFO	running
21-02-2016 03:09:13	Transmitter		INFO	running
21-02-2016 03:09:13	Transmitter		INFO	running
21-02-2016 03:09:13	Transmitter		INFO	running
21-02-2016 03:09:13	Transmitter		INFO	running
21-02-2016 03:09:13	Transmitter		INFO	running
21-02-2016 03:09:13	Transmitter		INFO	running
21-02-2016 03:09:13	Transmitter		INFO	running
21-02-2016 03:09:13	Transmitter		INFO	running
21-02-2016 03:09:13	Transmitter		INFO	running
21-02-2016 03:09:13	Transmitter		INFO	running
21-02-2016 03:09:13	Transmitter		INFO	running
21-02-2016 03:09:13	Transmitter		INFO	running
21-02-2016 03:09:13	Transmitter		INFO	running
21-02-2016 03:09:13	Transmitter		INFO	running
21-02-2016 03:09:13	Transmitter		INFO	running
21-02-2016 03:09:13	Transmitter		INFO	running
21-02-2016 03:09:13	Transmitter		INFO	running
21-02-2016 03:09:13	Transmitter		INFO	running
21-02-2016 03:09:13	Transmitter		INFO	running
21-02-2016 03:09:13	Transmitter		INFO	running
21-02-2016 03:09:13	Transmitter		INFO	running
21-02-2016 03:09:13	Transmitter		INFO	running
21-02-2016 03:09:13	Transmitter		INFO	running
21-02-2016 03:09:13	Transmitter		INFO	running
21-02-2016 03:09:13	Transmitter		INFO	running
21-02-2016 03:09:13	Transmitter		INFO	running
21-02-2016 03:09:13	Transmitter		INFO	running
21-02-2016 03:09:13	Transmitter		INFO	running
21-02-2016 03:09:13	Transmitter		INFO	running
21-02-2016 03:09:13	Transmitter		INFO	running
21-02-2016 03:09:13	Transmitter		INFO	running
21-02-2016 03:09:13	Transmitter		INFO	running
21-02-2016 03:09:13	Transmitter		INFO	running
21-02-2016 03:09:13	Transmitter		INFO	running
21-02-2016 03:09:13	Transmitter		INFO	running
21-02-2016 03:09:13	Transmitter		INFO	running
21-02-2016 03:09:13	Transmitter		INFO	running
21-02-2016 03:09:13	Transmitter		INFO	running
21-02-2016 03:09:13	Transmitter		INFO	running
21-02-2016 03:09:13	Transmitter		INFO	running
21-02-2016 03:09:13	Transmitter		INFO	running
21-02-2016 03:09:13	Transmitter		INFO	running
21-02-2016 03:09:13	Transmitter		INFO	running
21-02-2016 03:09:13	Transmitter		INFO	running
21-02-2016 03:09:13	Transmitter		INFO	running
21-02-2016 03:09:13	Transmitter		INFO	running
21-02-2016 03:09:13	Transmitter		INFO	running
21-02-2016 03:09:13	Transmitter		INFO	running
21-02-2016 03:09:13	Transmitter		INFO	running
21-02-2016 03:09:13	Transmitter		INFO	running
21-02-2016 03:09:13	Transmitter		INFO	running
21-02-2016 03:09:13	Transmitter		INFO	running
21-02-2016 03:09:13	Transmitter		INFO	running
21-02-2016 03:09:13	Transmitter		INFO	running
21-02-2016 03:09:13	CameraInterface		INFO	Read successful
21-02-2016 03:09:13	Transmitter		INFO	running
21-02-2016 03:09:13	Transmitter		INFO	running
21-02-2016 03:09:13	Transmitter		INFO	running
21-02-2016 03:09:13	Controller		INFO	sending to transmitter
21-02-2016 03:09:13	Transmitter		INFO	pushing into buff
21-02-2016 03:09:13	Transmitter		INFO	running
21-02-2016 03:09:13	Transmitter		INFO	getting from buffer
21-02-2016 03:09:13	DataProcessor		INFO	polling
21-02-2016 03:09:13	CameraInterface		INFO	Read successful
21-02-2016 03:09:13	Controller		INFO	sending to transmitter
21-02-2016 03:09:13	Transmitter		INFO	pushing into buff
21-02-2016 03:09:13	DataProcessor		INFO	polling
21-02-2016 03:09:13	CameraInterface		INFO	Read successful
21-02-2016 03:09:14	Controller		INFO	sending to transmitter
21-02-2016 03:09:14	Transmitter		INFO	pushing into buff
21-02-2016 03:09:14	DataProcessor		INFO	polling
21-02-2016 03:09:14	CameraInterface		INFO	Read successful
21-02-2016 03:09:14	Controller		INFO	sending to transmitter
21-02-2016 03:09:14	Transmitter		INFO	pushing into buff
21-02-2016 03:09:14	DataProcessor		INFO	polling
21-02-2016 03:09:14	CameraInterface		INFO	Read successful
21-02-2016 03:09:14	Controller		INFO	sending to transmitter
21-02-2016 03:09:14	Transmitter		INFO	pushing into buff
21-02-2016 03:09:14	DataProcessor		INFO	polling
21-02-2016 03:09:14	CameraInterface		INFO	Read successful
21-02-2016 03:09:14	Controller		INFO	sending to transmitter
21-02-2016 03:09:14	Transmitter		INFO	pushing into buff
21-02-2016 03:09:14	DataProcessor		INFO	polling
21-02-2016 03:09:14	CameraInterface		INFO	Read successful
21-02-2016 03:09:14	Controller		INFO	sending to transmitter
21-02-2016 03:09:14	Transmitter		INFO	pushing into buff
21-02-2016 03:09:14	DataProcessor		INFO	polling
21-02-2016 03:09:15	CameraInterface		INFO	Read successful
21-02-2016 03:09:15	Controller		INFO	sending to transmitter
21-02-2016 03:09:15	Transmitter		INFO	pushing into buff
21-02-2016 03:09:15	DataProcessor		INFO	polling
21-02-2016 03:09:15	CameraInterface		INFO	Read successful
21-02-2016 03:09:15	Controller		INFO	sending to transmitter
21-02-2016 03:09:15	Transmitter		INFO	pushing into buff
21-02-2016 03:09:15	DataProcessor		INFO	polling
21-02-2016 03:09:15	CameraInterface		INFO	Read successful
21-02-2016 03:09:15	Controller		INFO	sending to transmitter
21-02-2016 03:09:15	Transmitter		INFO	pushing into buff
21-02-2016 03:09:15	DataProcessor		INFO	polling
21-02-2016 03:09:15	CameraInterface		INFO	Read successful
21-02-2016 03:09:15	Controller		INFO	sending to transmitter
21-02-2016 03:09:15	Transmitter		INFO	pushing into buff
21-02-2016 03:09:15	DataProcessor		INFO	polling
21-02-2016 03:09:15	CameraInterface		INFO	Read successful
21-02-2016 03:09:15	Controller		INFO	sending to transmitter
21-02-2016 03:09:15	Transmitter		INFO	pushing into buff
21-02-2016 03:09:15	DataProcessor		INFO	polling
21-02-2016 03:09:16	CameraInterface		INFO	Read successful
21-02-2016 03:09:16	Controller		INFO	sending to transmitter
21-02-2016 03:09:16	Transmitter		INFO	pushing into buff
21-02-2016 03:09:16	DataProcessor		INFO	polling
21-02-2016 03:09:16	CameraInterface		INFO	Read successful
21-02-2016 03:09:16	Controller		INFO	sending to transmitter
21-02-2016 03:09:16	Transmitter		INFO	pushing into buff
21-02-2016 03:09:16	DataProcessor		INFO	polling
21-02-2016 03:09:16	CameraInterface		INFO	Read successful
21-02-2016 03:09:16	Controller		INFO	sending to transmitter
21-02-2016 03:09:16	Transmitter		INFO	pushing into buff
21-02-2016 03:09:16	DataProcessor		INFO	polling
21-02-2016 03:09:16	CameraInterface		INFO	Read successful
21-02-2016 03:09:16	Controller		INFO	sending to transmitter
21-02-2016 03:09:16	Transmitter		INFO	pushing into buff
21-02-2016 03:09:16	DataProcessor		INFO	polling
21-02-2016 03:09:16	CameraInterface		INFO	Read successful
21-02-2016 03:09:16	Controller		INFO	sending to transmitter
21-02-2016 03:09:16	Transmitter		INFO	pushing into buff
21-02-2016 03:09:17	DataProcessor		INFO	polling
21-02-2016 03:09:17	CameraInterface		INFO	Read successful
21-02-2016 03:09:17	Controller		INFO	sending to transmitter
21-02-2016 03:09:17	Transmitter		INFO	pushing into buff
21-02-2016 03:09:17	DataProcessor		INFO	polling
21-02-2016 03:09:17	CameraInterface		INFO	Read successful
21-02-2016 03:09:17	Controller		INFO	sending to transmitter
21-02-2016 03:09:17	Transmitter		INFO	pushing into buff
21-02-2016 03:09:17	DataProcessor		INFO	polling
21-02-2016 03:09:17	CameraInterface		INFO	Read successful
21-02-2016 03:09:17	Controller		INFO	sending to transmitter
21-02-2016 03:09:17	Transmitter		INFO	pushing into buff
21-02-2016 03:09:17	DataProcessor		INFO	polling
21-02-2016 03:09:17	CameraInterface		INFO	Read successful
21-02-2016 03:09:17	Controller		INFO	sending to transmitter
21-02-2016 03:09:17	Transmitter		INFO	pushing into buff
21-02-2016 03:09:17	DataProcessor		INFO	polling
21-02-2016 03:09:18	CameraInterface		INFO	Read successful
21-02-2016 03:09:18	Controller		INFO	sending to transmitter
21-02-2016 03:09:18	Transmitter		INFO	pushing into buff
21-02-2016 03:09:18	DataProcessor		INFO	polling
21-02-2016 03:09:18	CameraInterface		INFO	Read successful
21-02-2016 03:09:18	Controller		INFO	sending to transmitter
21-02-2016 03:09:18	Transmitter		INFO	pushing into buff
21-02-2016 03:09:18	DataProcessor		INFO	polling
21-02-2016 03:09:18	CameraInterface		INFO	Read successful
21-02-2016 03:09:18	Controller		INFO	sending to transmitter
21-02-2016 03:09:18	Transmitter		INFO	pushing into buff
21-02-2016 03:09:18	DataProcessor		INFO	polling
21-02-2016 03:09:18	CameraInterface		INFO	Read successful
21-02-2016 03:09:18	Controller		INFO	sending to transmitter
21-02-2016 03:09:18	Transmitter		INFO	pushing into buff
21-02-2016 03:09:18	DataProcessor		INFO	polling
21-02-2016 03:09:18	CameraInterface		INFO	Read successful
21-02-2016 03:09:18	Controller		INFO	sending to transmitter
21-02-2016 03:09:18	Transmitter		INFO	pushing into buff
21-02-2016 03:09:18	DataProcessor		INFO	polling
21-02-2016 03:09:19	CameraInterface		INFO	Read successful
21-02-2016 03:09:19	Controller		INFO	sending to transmitter
21-02-2016 03:09:19	Transmitter		INFO	pushing into buff
21-02-2016 03:09:19	DataProcessor		INFO	polling
21-02-2016 03:09:19	CameraInterface		INFO	Read successful
21-02-2016 03:09:19	Controller		INFO	sending to transmitter
21-02-2016 03:09:19	Transmitter		INFO	pushing into buff
21-02-2016 03:09:19	DataProcessor		INFO	polling
21-02-2016 03:09:19	CameraInterface		INFO	Read successful
21-02-2016 03:09:19	Controller		INFO	sending to transmitter
21-02-2016 03:09:19	Transmitter		INFO	pushing into buff
21-02-2016 03:09:19	DataProcessor		INFO	polling
21-02-2016 03:09:19	CameraInterface		INFO	Read successful
21-02-2016 03:09:19	Controller		INFO	sending to transmitter
21-02-2016 03:09:19	Transmitter		INFO	pushing into buff
21-02-2016 03:09:19	DataProcessor		INFO	polling
21-02-2016 03:09:20	CameraInterface		INFO	Read successful
21-02-2016 03:09:20	Controller		INFO	sending to transmitter
21-02-2016 03:09:20	Transmitter		INFO	pushing into buff
21-02-2016 03:09:20	DataProcessor		INFO	polling
21-02-2016 03:09:20	CameraInterface		INFO	Read successful
21-02-2016 03:09:20	Controller		INFO	sending to transmitter
21-02-2016 03:09:20	Transmitter		INFO	pushing into buff
21-02-2016 03:09:20	DataProcessor		INFO	polling
21-02-2016 03:09:20	CameraInterface		INFO	Read successful
21-02-2016 03:09:20	Controller		INFO	sending to transmitter
21-02-2016 03:09:20	Transmitter		INFO	pushing into buff
21-02-2016 03:09:20	DataProcessor		INFO	polling
21-02-2016 03:09:20	CameraInterface		INFO	Read successful
21-02-2016 03:09:20	Controller		INFO	sending to transmitter
21-02-2016 03:09:20	Transmitter		INFO	pushing into buff
21-02-2016 03:09:20	DataProcessor		INFO	polling
21-02-2016 03:09:20	CameraInterface		INFO	Read successful
21-02-2016 03:09:20	Controller		INFO	sending to transmitter
21-02-2016 03:09:20	Transmitter		INFO	pushing into buff
21-02-2016 03:09:20	DataProcessor		INFO	polling
21-02-2016 03:09:21	CameraInterface		INFO	Read successful
21-02-2016 03:09:21	Controller		INFO	sending to transmitter
21-02-2016 03:09:21	Transmitter		INFO	pushing into buff
21-02-2016 03:09:21	DataProcessor		INFO	polling
21-02-2016 03:09:21	CameraInterface		INFO	Read successful
21-02-2016 03:09:21	Controller		INFO	sending to transmitter
21-02-2016 03:09:21	Transmitter		INFO	pushing into buff
21-02-2016 03:09:21	DataProcessor		INFO	polling
21-02-2016 03:09:21	CameraInterface		INFO	Read successful
21-02-2016 03:09:21	Controller		INFO	sending to transmitter
21-02-2016 03:09:21	Transmitter		INFO	pushing into buff
21-02-2016 03:09:21	DataProcessor		INFO	polling
21-02-2016 03:09:21	CameraInterface		INFO	Read successful
21-02-2016 03:09:21	Controller		INFO	sending to transmitter
21-02-2016 03:09:21	Transmitter		INFO	pushing into buff
21-02-2016 03:09:21	DataProcessor		INFO	polling
21-02-2016 03:09:21	CameraInterface		INFO	Read successful
21-02-2016 03:09:22	Controller		INFO	sending to transmitter
21-02-2016 03:09:22	Transmitter		INFO	pushing into buff
21-02-2016 03:09:22	DataProcessor		INFO	polling
21-02-2016 03:09:22	CameraInterface		INFO	Read successful
21-02-2016 03:09:22	Controller		INFO	sending to transmitter
21-02-2016 03:09:22	Transmitter		INFO	pushing into buff
21-02-2016 03:09:22	DataProcessor		INFO	polling
21-02-2016 03:09:22	CameraInterface		INFO	Read successful
21-02-2016 03:09:22	Controller		INFO	sending to transmitter
21-02-2016 03:09:22	Transmitter		INFO	pushing into buff
21-02-2016 03:09:22	DataProcessor		INFO	polling
21-02-2016 03:09:22	CameraInterface		INFO	Read successful
21-02-2016 03:09:22	Controller		INFO	sending to transmitter
21-02-2016 03:09:22	Transmitter		INFO	pushing into buff
21-02-2016 03:09:22	DataProcessor		INFO	polling
21-02-2016 03:09:22	CameraInterface		INFO	Read successful
21-02-2016 03:09:22	Controller		INFO	sending to transmitter
21-02-2016 03:09:22	Transmitter		INFO	pushing into buff
21-02-2016 03:09:22	DataProcessor		INFO	polling
21-02-2016 03:09:23	CameraInterface		INFO	Read successful
21-02-2016 03:09:23	Controller		INFO	sending to transmitter
21-02-2016 03:09:23	Transmitter		INFO	pushing into buff
21-02-2016 03:09:23	DataProcessor		INFO	polling
21-02-2016 03:09:23	CameraInterface		INFO	Read successful
21-02-2016 03:09:23	Controller		INFO	sending to transmitter
21-02-2016 03:09:23	Transmitter		INFO	pushing into buff
21-02-2016 03:09:23	DataProcessor		INFO	polling
21-02-2016 03:09:23	CameraInterface		INFO	Read successful
21-02-2016 03:09:23	Controller		INFO	sending to transmitter
21-02-2016 03:09:23	Transmitter		INFO	pushing into buff
21-02-2016 03:09:23	DataProcessor		INFO	polling
21-02-2016 03:09:23	CameraInterface		INFO	Read successful
21-02-2016 03:09:23	Controller		INFO	sending to transmitter
21-02-2016 03:09:23	Transmitter		INFO	pushing into buff
21-02-2016 03:09:23	DataProcessor		INFO	polling
21-02-2016 03:09:23	CameraInterface		INFO	Read successful
21-02-2016 03:09:23	Controller		INFO	sending to transmitter
21-02-2016 03:09:23	Transmitter		INFO	pushing into buff
21-02-2016 03:09:23	DataProcessor		INFO	polling
21-02-2016 03:09:24	CameraInterface		INFO	Read successful
21-02-2016 03:09:24	Controller		INFO	sending to transmitter
21-02-2016 03:09:24	Transmitter		INFO	pushing into buff
21-02-2016 03:09:24	DataProcessor		INFO	polling
21-02-2016 03:09:24	Transmitter		INFO	running
21-02-2016 03:09:24	Transmitter		INFO	getting from buffer
21-02-2016 03:09:24	CameraInterface		INFO	Read successful
21-02-2016 03:09:24	Controller		INFO	sending to transmitter
21-02-2016 03:09:24	Transmitter		INFO	pushing into buff
21-02-2016 03:09:24	DataProcessor		INFO	polling
21-02-2016 03:09:24	CameraInterface		INFO	Read successful
21-02-2016 03:09:24	Controller		INFO	sending to transmitter
21-02-2016 03:09:24	Transmitter		INFO	pushing into buff
21-02-2016 03:09:24	DataProcessor		INFO	polling
21-02-2016 03:09:24	CameraInterface		INFO	Read successful
21-02-2016 03:09:24	Controller		INFO	sending to transmitter
21-02-2016 03:09:24	Transmitter		INFO	pushing into buff
21-02-2016 03:09:24	DataProcessor		INFO	polling
21-02-2016 03:09:24	CameraInterface		INFO	Read successful
21-02-2016 03:09:25	Controller		INFO	sending to transmitter
21-02-2016 03:09:25	Transmitter		INFO	pushing into buff
21-02-2016 03:09:25	DataProcessor		INFO	polling
21-02-2016 03:09:25	CameraInterface		INFO	Read successful
21-02-2016 03:09:25	Controller		INFO	sending to transmitter
21-02-2016 03:09:25	Transmitter		INFO	pushing into buff
21-02-2016 03:09:25	DataProcessor		INFO	polling
21-02-2016 03:09:25	CameraInterface		INFO	Read successful
21-02-2016 03:09:25	Controller		INFO	sending to transmitter
21-02-2016 03:09:25	Transmitter		INFO	pushing into buff
21-02-2016 03:09:25	DataProcessor		INFO	polling
21-02-2016 03:09:25	CameraInterface		INFO	Read successful
21-02-2016 03:09:25	Controller		INFO	sending to transmitter
21-02-2016 03:09:25	Transmitter		INFO	pushing into buff
21-02-2016 03:09:25	DataProcessor		INFO	polling
21-02-2016 03:09:25	CameraInterface		INFO	Read successful
21-02-2016 03:09:25	Controller		INFO	sending to transmitter
21-02-2016 03:09:25	Transmitter		INFO	pushing into buff
21-02-2016 03:09:25	DataProcessor		INFO	polling
21-02-2016 03:09:26	CameraInterface		INFO	Read successful
21-02-2016 03:09:26	Controller		INFO	sending to transmitter
21-02-2016 03:09:26	Transmitter		INFO	pushing into buff
21-02-2016 03:09:26	DataProcessor		INFO	polling
21-02-2016 03:09:26	CameraInterface		INFO	Read successful
21-02-2016 03:09:26	Controller		INFO	sending to transmitter
21-02-2016 03:09:26	Transmitter		INFO	pushing into buff
21-02-2016 03:09:26	DataProcessor		INFO	polling
21-02-2016 03:09:26	CameraInterface		INFO	Read successful
21-02-2016 03:09:26	Controller		INFO	sending to transmitter
21-02-2016 03:09:26	Transmitter		INFO	pushing into buff
21-02-2016 03:09:26	DataProcessor		INFO	polling
21-02-2016 03:09:26	CameraInterface		INFO	Read successful
21-02-2016 03:09:26	Controller		INFO	sending to transmitter
21-02-2016 03:09:26	Transmitter		INFO	pushing into buff
21-02-2016 03:09:26	DataProcessor		INFO	polling
21-02-2016 03:09:27	CameraInterface		INFO	Read successful
21-02-2016 03:09:27	Controller		INFO	sending to transmitter
21-02-2016 03:09:27	Transmitter		INFO	pushing into buff
21-02-2016 03:09:27	DataProcessor		INFO	polling
21-02-2016 03:09:27	CameraInterface		INFO	Read successful
21-02-2016 03:09:27	Controller		INFO	sending to transmitter
21-02-2016 03:09:27	Transmitter		INFO	pushing into buff
21-02-2016 03:09:27	DataProcessor		INFO	polling
21-02-2016 03:09:27	CameraInterface		INFO	Read successful
21-02-2016 03:09:27	Controller		INFO	sending to transmitter
21-02-2016 03:09:27	Transmitter		INFO	pushing into buff
21-02-2016 03:09:27	DataProcessor		INFO	polling
21-02-2016 03:09:27	CameraInterface		INFO	Read successful
21-02-2016 03:09:27	Controller		INFO	sending to transmitter
21-02-2016 03:09:27	Transmitter		INFO	pushing into buff
21-02-2016 03:09:27	DataProcessor		INFO	polling
21-02-2016 03:09:27	CameraInterface		INFO	Read successful
21-02-2016 03:09:28	Controller		INFO	sending to transmitter
21-02-2016 03:09:28	Transmitter		INFO	pushing into buff
21-02-2016 03:09:28	DataProcessor		INFO	polling
21-02-2016 03:09:28	CameraInterface		INFO	Read successful
21-02-2016 03:09:28	Controller		INFO	sending to transmitter
21-02-2016 03:09:28	Transmitter		INFO	pushing into buff
21-02-2016 03:09:28	DataProcessor		INFO	polling
21-02-2016 03:09:28	CameraInterface		INFO	Read successful
21-02-2016 03:09:28	Controller		INFO	sending to transmitter
21-02-2016 03:09:28	Transmitter		INFO	pushing into buff
21-02-2016 03:09:28	DataProcessor		INFO	polling
21-02-2016 03:09:28	CameraInterface		INFO	Read successful
21-02-2016 03:09:28	Controller		INFO	sending to transmitter
21-02-2016 03:09:28	Transmitter		INFO	pushing into buff
21-02-2016 03:09:28	DataProcessor		INFO	polling
21-02-2016 03:09:28	CameraInterface		INFO	Read successful
21-02-2016 03:09:28	Controller		INFO	sending to transmitter
21-02-2016 03:09:28	Transmitter		INFO	pushing into buff
21-02-2016 03:09:28	DataProcessor		INFO	polling
21-02-2016 03:09:29	CameraInterface		INFO	Read successful
21-02-2016 03:09:29	Controller		INFO	sending to transmitter
21-02-2016 03:09:29	Transmitter		INFO	pushing into buff
21-02-2016 03:09:29	DataProcessor		INFO	polling
21-02-2016 03:09:29	CameraInterface		INFO	Read successful
21-02-2016 03:09:29	Controller		INFO	sending to transmitter
21-02-2016 03:09:29	Transmitter		INFO	pushing into buff
21-02-2016 03:09:29	DataProcessor		INFO	polling
21-02-2016 03:09:29	CameraInterface		INFO	Read successful
21-02-2016 03:09:29	Controller		INFO	sending to transmitter
21-02-2016 03:09:29	Transmitter		INFO	pushing into buff
21-02-2016 03:09:29	DataProcessor		INFO	polling
21-02-2016 03:09:29	CameraInterface		INFO	Read successful
21-02-2016 03:09:29	Controller		INFO	sending to transmitter
21-02-2016 03:09:29	Transmitter		INFO	pushing into buff
21-02-2016 03:09:29	DataProcessor		INFO	polling
21-02-2016 03:09:30	CameraInterface		INFO	Read successful
21-02-2016 03:09:30	Controller		INFO	sending to transmitter
21-02-2016 03:09:30	Transmitter		INFO	pushing into buff
21-02-2016 03:09:30	DataProcessor		INFO	polling
21-02-2016 03:09:30	CameraInterface		INFO	Read successful
21-02-2016 03:09:30	Controller		INFO	sending to transmitter
21-02-2016 03:09:30	Transmitter		INFO	pushing into buff
21-02-2016 03:09:30	DataProcessor		INFO	polling
21-02-2016 03:09:30	CameraInterface		INFO	Read successful
21-02-2016 03:09:30	Controller		INFO	sending to transmitter
21-02-2016 03:09:30	Transmitter		INFO	pushing into buff
21-02-2016 03:09:30	DataProcessor		INFO	polling
21-02-2016 03:09:30	CameraInterface		INFO	Read successful
21-02-2016 03:09:30	Controller		INFO	sending to transmitter
21-02-2016 03:09:30	Transmitter		INFO	pushing into buff
21-02-2016 03:09:30	DataProcessor		INFO	polling
21-02-2016 03:09:31	CameraInterface		INFO	Read successful
21-02-2016 03:09:31	Controller		INFO	sending to transmitter
21-02-2016 03:09:31	Transmitter		INFO	pushing into buff
21-02-2016 03:09:31	DataProcessor		INFO	polling
21-02-2016 03:09:31	CameraInterface		INFO	Read successful
21-02-2016 03:09:31	Controller		INFO	sending to transmitter
21-02-2016 03:09:31	Transmitter		INFO	pushing into buff
21-02-2016 03:09:31	DataProcessor		INFO	polling
21-02-2016 03:09:31	CameraInterface		INFO	Read successful
21-02-2016 03:09:31	Controller		INFO	sending to transmitter
21-02-2016 03:09:31	Transmitter		INFO	pushing into buff
21-02-2016 03:09:31	DataProcessor		INFO	polling
21-02-2016 03:09:31	CameraInterface		INFO	Read successful
21-02-2016 03:09:31	Controller		INFO	sending to transmitter
21-02-2016 03:09:31	Transmitter		INFO	pushing into buff
21-02-2016 03:09:31	DataProcessor		INFO	polling
21-02-2016 03:09:31	CameraInterface		INFO	Read successful
21-02-2016 03:09:32	Controller		INFO	sending to transmitter
21-02-2016 03:09:32	Transmitter		INFO	pushing into buff
21-02-2016 03:09:32	DataProcessor		INFO	polling
21-02-2016 03:09:32	CameraInterface		INFO	Read successful
21-02-2016 03:09:32	Controller		INFO	sending to transmitter
21-02-2016 03:09:32	Transmitter		INFO	pushing into buff
21-02-2016 03:09:32	DataProcessor		INFO	polling
21-02-2016 03:09:32	CameraInterface		INFO	Read successful
21-02-2016 03:09:32	Controller		INFO	sending to transmitter
21-02-2016 03:09:32	Transmitter		INFO	pushing into buff
21-02-2016 03:09:32	DataProcessor		INFO	polling
21-02-2016 03:09:35	CameraInterface		INFO	Read successful
21-02-2016 03:09:35	Controller		INFO	sending to transmitter
21-02-2016 03:09:35	Transmitter		INFO	pushing into buff
21-02-2016 03:09:35	DataProcessor		INFO	polling
21-02-2016 03:09:35	CameraInterface		INFO	Read successful
21-02-2016 03:09:41	Controller		INFO	sending to transmitter
21-02-2016 03:09:41	Transmitter		INFO	pushing into buff
21-02-2016 03:09:41	DataProcessor		INFO	polling
21-02-2016 03:09:46	CameraInterface		INFO	Read successful
21-02-2016 03:09:47	Controller		INFO	sending to transmitter
21-02-2016 03:09:47	Transmitter		INFO	pushing into buff
21-02-2016 03:09:47	DataProcessor		INFO	polling
21-02-2016 03:09:47	CameraInterface		INFO	Read successful
21-02-2016 03:09:48	Controller		INFO	sending to transmitter
21-02-2016 03:09:48	Transmitter		INFO	pushing into buff
21-02-2016 03:09:48	DataProcessor		INFO	polling
21-02-2016 03:09:48	CameraInterface		INFO	Read successful
21-02-2016 03:09:48	Controller		INFO	sending to transmitter
21-02-2016 03:09:48	Transmitter		INFO	pushing into buff
21-02-2016 03:09:48	DataProcessor		INFO	polling
21-02-2016 03:09:48	CameraInterface		INFO	Read successful
21-02-2016 03:09:48	Controller		INFO	sending to transmitter
21-02-2016 03:09:48	Transmitter		INFO	pushing into buff
21-02-2016 03:09:48	DataProcessor		INFO	polling
21-02-2016 03:09:49	CameraInterface		INFO	Read successful
21-02-2016 03:09:49	Controller		INFO	sending to transmitter
21-02-2016 03:09:49	Transmitter		INFO	pushing into buff
21-02-2016 03:09:49	DataProcessor		INFO	polling
21-02-2016 03:09:49	CameraInterface		INFO	Read successful
21-02-2016 03:09:49	Controller		INFO	sending to transmitter
21-02-2016 03:09:49	Transmitter		INFO	pushing into buff
21-02-2016 03:09:49	DataProcessor		INFO	polling
21-02-2016 03:09:50	CameraInterface		INFO	Read successful
21-02-2016 03:09:50	Controller		INFO	sending to transmitter
21-02-2016 03:09:50	Transmitter		INFO	pushing into buff
21-02-2016 03:09:50	DataProcessor		INFO	polling
21-02-2016 03:09:50	CameraInterface		INFO	Read successful
21-02-2016 03:09:51	Controller		INFO	sending to transmitter
21-02-2016 03:09:51	Transmitter		INFO	pushing into buff
21-02-2016 03:09:51	DataProcessor		INFO	polling
21-02-2016 03:09:56	CameraInterface		INFO	Read successful
21-02-2016 03:09:59	Controller		INFO	sending to transmitter
21-02-2016 03:10:00	Transmitter		INFO	pushing into buff
21-02-2016 03:10:00	DataProcessor		INFO	polling
21-02-2016 03:10:02	CameraInterface		INFO	Read successful
21-02-2016 03:10:03	Controller		INFO	sending to transmitter
21-02-2016 03:10:03	Transmitter		INFO	pushing into buff
21-02-2016 03:10:03	DataProcessor		INFO	polling
21-02-2016 03:10:03	CameraInterface		INFO	Read successful
21-02-2016 03:10:03	Controller		INFO	sending to transmitter
21-02-2016 03:10:03	Transmitter		INFO	pushing into buff
21-02-2016 03:10:04	DataProcessor		INFO	polling
