17-03-2016 03:15:03	Main		TRACE	Logger initialized.
17-03-2016 03:15:03	PropertyReader		TRACE	Opening file: settings/settings.txt
17-03-2016 03:15:03	PropertyReader		INFO	File opened: settings/settings.txt
17-03-2016 03:15:03	PropertyReader		INFO	Loading properties file...
17-03-2016 03:15:03	PropertyReader		INFO	Mapped TRACE to LOGGING_LEVEL
17-03-2016 03:15:03	PropertyReader		INFO	Mapped 100 to CAM_BUFFER_SIZE
17-03-2016 03:15:03	PropertyReader		INFO	Mapped 15 to CAM_POLL_FREQUENCY
17-03-2016 03:15:03	PropertyReader		INFO	Mapped 0 to CAM_INDEX
17-03-2016 03:15:03	PropertyReader		DEBUG	Loaded 4 properties successfully
17-03-2016 03:15:03	Controller		INFO	Constructor controller
17-03-2016 03:15:03	Transmitter		INFO	socket retrieve success
17-03-2016 03:15:03	Transmitter		INFO	binding done
17-03-2016 03:15:03	Transmitter		INFO	done listening
17-03-2016 03:15:10	Transmitter		INFO	accepting
17-03-2016 03:15:10	Main		TRACE	intializing controller
17-03-2016 03:15:10	Controller		INFO	Initializing Controller
17-03-2016 03:15:10	Main		TRACE	initializing dataprocessor
17-03-2016 03:15:10	CameraInterface		INFO	Initializing camera
17-03-2016 03:15:10	CameraInterface		INFO	Opening video capture stream at position 0
17-03-2016 03:15:10	Receiver		INFO	Starting Receiver Thread execution loop
17-03-2016 03:15:10	Transmitter		INFO	Starting Receiver Thread execution loop
17-03-2016 03:15:10	ControllerThread		INFO	Starting Controller Thread execution loop
17-03-2016 03:15:10	Receiver		INFO	Received point: 393.45, 450.68
17-03-2016 03:15:10	Receiver		INFO	Received point: 100.0, 50.9
17-03-2016 03:15:10	Receiver		INFO	Received point: 170.784, 410.45
17-03-2016 03:15:10	Main		TRACE	running controller
17-03-2016 03:15:10	DataProcessor		INFO	polling
17-03-2016 03:15:11	CameraInterface		INFO	Read successful
17-03-2016 03:15:11	Controller		INFO	sending to transmitter
17-03-2016 03:15:11	Transmitter		INFO	pushing into buff
17-03-2016 03:15:11	DataProcessor		INFO	polling
17-03-2016 03:15:11	Transmitter		INFO	getting from buffer
17-03-2016 03:15:11	CameraInterface		INFO	Read successful
17-03-2016 03:15:11	Controller		INFO	sending to transmitter
17-03-2016 03:15:11	Transmitter		INFO	pushing into buff
17-03-2016 03:15:11	DataProcessor		INFO	polling
17-03-2016 03:15:11	CameraInterface		INFO	Read successful
17-03-2016 03:15:11	Controller		INFO	sending to transmitter
17-03-2016 03:15:11	Transmitter		INFO	pushing into buff
17-03-2016 03:15:11	DataProcessor		INFO	polling
17-03-2016 03:15:11	CameraInterface		INFO	Read successful
17-03-2016 03:15:11	Controller		INFO	sending to transmitter
17-03-2016 03:15:11	Transmitter		INFO	pushing into buff
17-03-2016 03:15:11	DataProcessor		INFO	polling
17-03-2016 03:15:12	CameraInterface		INFO	Read successful
17-03-2016 03:15:12	Controller		INFO	sending to transmitter
17-03-2016 03:15:12	Transmitter		INFO	pushing into buff
17-03-2016 03:15:12	DataProcessor		INFO	polling
17-03-2016 03:15:12	CameraInterface		INFO	Read successful
17-03-2016 03:15:12	Controller		INFO	sending to transmitter
17-03-2016 03:15:12	Transmitter		INFO	pushing into buff
17-03-2016 03:15:12	DataProcessor		INFO	polling
17-03-2016 03:15:12	CameraInterface		INFO	Read successful
17-03-2016 03:15:12	Controller		INFO	sending to transmitter
17-03-2016 03:15:12	Transmitter		INFO	pushing into buff
17-03-2016 03:15:12	DataProcessor		INFO	polling
17-03-2016 03:15:12	CameraInterface		INFO	Read successful
17-03-2016 03:15:12	Controller		INFO	sending to transmitter
17-03-2016 03:15:12	Transmitter		INFO	pushing into buff
17-03-2016 03:15:12	DataProcessor		INFO	polling
17-03-2016 03:15:12	CameraInterface		INFO	Read successful
17-03-2016 03:15:12	Controller		INFO	sending to transmitter
17-03-2016 03:15:12	Transmitter		INFO	pushing into buff
17-03-2016 03:15:12	DataProcessor		INFO	polling
17-03-2016 03:15:13	CameraInterface		INFO	Read successful
17-03-2016 03:15:13	Controller		INFO	sending to transmitter
17-03-2016 03:15:13	Transmitter		INFO	pushing into buff
17-03-2016 03:15:13	DataProcessor		INFO	polling
17-03-2016 03:15:13	CameraInterface		INFO	Read successful
17-03-2016 03:15:13	Controller		INFO	sending to transmitter
17-03-2016 03:15:13	Transmitter		INFO	pushing into buff
17-03-2016 03:15:13	DataProcessor		INFO	polling
17-03-2016 03:15:13	CameraInterface		INFO	Read successful
17-03-2016 03:15:13	Controller		INFO	sending to transmitter
17-03-2016 03:15:13	Transmitter		INFO	pushing into buff
17-03-2016 03:15:13	DataProcessor		INFO	polling
17-03-2016 03:15:13	CameraInterface		INFO	Read successful
17-03-2016 03:15:13	Controller		INFO	sending to transmitter
17-03-2016 03:15:13	Transmitter		INFO	pushing into buff
17-03-2016 03:15:13	DataProcessor		INFO	polling
17-03-2016 03:15:14	CameraInterface		INFO	Read successful
17-03-2016 03:15:14	Controller		INFO	sending to transmitter
17-03-2016 03:15:14	Transmitter		INFO	pushing into buff
17-03-2016 03:15:14	DataProcessor		INFO	polling
17-03-2016 03:15:14	CameraInterface		INFO	Read successful
17-03-2016 03:15:14	Controller		INFO	sending to transmitter
17-03-2016 03:15:14	Transmitter		INFO	pushing into buff
17-03-2016 03:15:14	DataProcessor		INFO	polling
17-03-2016 03:15:14	CameraInterface		INFO	Read successful
17-03-2016 03:15:14	Controller		INFO	sending to transmitter
17-03-2016 03:15:14	Transmitter		INFO	pushing into buff
17-03-2016 03:15:14	DataProcessor		INFO	polling
17-03-2016 03:15:14	CameraInterface		INFO	Read successful
17-03-2016 03:15:14	Controller		INFO	sending to transmitter
17-03-2016 03:15:14	Transmitter		INFO	pushing into buff
17-03-2016 03:15:14	DataProcessor		INFO	polling
17-03-2016 03:15:14	CameraInterface		INFO	Read successful
17-03-2016 03:15:14	Controller		INFO	sending to transmitter
17-03-2016 03:15:15	Transmitter		INFO	pushing into buff
17-03-2016 03:15:15	DataProcessor		INFO	polling
17-03-2016 03:15:15	CameraInterface		INFO	Read successful
17-03-2016 03:15:15	Controller		INFO	sending to transmitter
17-03-2016 03:15:15	Transmitter		INFO	pushing into buff
17-03-2016 03:15:15	DataProcessor		INFO	polling
17-03-2016 03:15:15	CameraInterface		INFO	Read successful
17-03-2016 03:15:15	Controller		INFO	sending to transmitter
17-03-2016 03:15:15	Transmitter		INFO	pushing into buff
17-03-2016 03:15:15	DataProcessor		INFO	polling
17-03-2016 03:15:15	CameraInterface		INFO	Read successful
17-03-2016 03:15:15	Controller		INFO	sending to transmitter
17-03-2016 03:15:15	Transmitter		INFO	pushing into buff
17-03-2016 03:15:15	DataProcessor		INFO	polling
17-03-2016 03:15:15	CameraInterface		INFO	Read successful
17-03-2016 03:15:15	Controller		INFO	sending to transmitter
17-03-2016 03:15:15	Transmitter		INFO	pushing into buff
17-03-2016 03:15:15	DataProcessor		INFO	polling
17-03-2016 03:15:16	CameraInterface		INFO	Read successful
17-03-2016 03:15:16	Controller		INFO	sending to transmitter
17-03-2016 03:15:16	Transmitter		INFO	pushing into buff
17-03-2016 03:15:16	DataProcessor		INFO	polling
17-03-2016 03:15:16	Transmitter		INFO	sending string: 3653
17-03-2016 03:15:16	Transmitter		INFO	getting from buffer
17-03-2016 03:15:16	CameraInterface		INFO	Read successful
17-03-2016 03:15:16	Controller		INFO	sending to transmitter
17-03-2016 03:15:16	Transmitter		INFO	pushing into buff
17-03-2016 03:15:16	DataProcessor		INFO	polling
17-03-2016 03:15:16	CameraInterface		INFO	Read successful
17-03-2016 03:15:16	Controller		INFO	sending to transmitter
17-03-2016 03:15:16	Transmitter		INFO	pushing into buff
17-03-2016 03:15:16	DataProcessor		INFO	polling
17-03-2016 03:15:16	CameraInterface		INFO	Read successful
17-03-2016 03:15:16	Controller		INFO	sending to transmitter
17-03-2016 03:15:16	Transmitter		INFO	pushing into buff
17-03-2016 03:15:16	DataProcessor		INFO	polling
17-03-2016 03:15:16	CameraInterface		INFO	Read successful
17-03-2016 03:15:16	Controller		INFO	sending to transmitter
17-03-2016 03:15:16	Transmitter		INFO	pushing into buff
17-03-2016 03:15:16	DataProcessor		INFO	polling
17-03-2016 03:15:17	CameraInterface		INFO	Read successful
17-03-2016 03:15:17	Controller		INFO	sending to transmitter
17-03-2016 03:15:17	Transmitter		INFO	pushing into buff
17-03-2016 03:15:17	DataProcessor		INFO	polling
17-03-2016 03:15:17	CameraInterface		INFO	Read successful
17-03-2016 03:15:17	Controller		INFO	sending to transmitter
17-03-2016 03:15:17	Transmitter		INFO	pushing into buff
17-03-2016 03:15:17	DataProcessor		INFO	polling
17-03-2016 03:15:17	CameraInterface		INFO	Read successful
17-03-2016 03:15:17	Controller		INFO	sending to transmitter
17-03-2016 03:15:17	Transmitter		INFO	pushing into buff
17-03-2016 03:15:17	DataProcessor		INFO	polling
17-03-2016 03:15:17	CameraInterface		INFO	Read successful
17-03-2016 03:15:17	Controller		INFO	sending to transmitter
17-03-2016 03:15:17	Transmitter		INFO	pushing into buff
17-03-2016 03:15:17	DataProcessor		INFO	polling
17-03-2016 03:15:18	CameraInterface		INFO	Read successful
17-03-2016 03:15:18	Controller		INFO	sending to transmitter
17-03-2016 03:15:18	Transmitter		INFO	pushing into buff
17-03-2016 03:15:18	DataProcessor		INFO	polling
17-03-2016 03:15:18	CameraInterface		INFO	Read successful
17-03-2016 03:15:18	Controller		INFO	sending to transmitter
17-03-2016 03:15:18	Transmitter		INFO	pushing into buff
17-03-2016 03:15:18	DataProcessor		INFO	polling
17-03-2016 03:15:18	CameraInterface		INFO	Read successful
17-03-2016 03:15:18	Controller		INFO	sending to transmitter
17-03-2016 03:15:18	Transmitter		INFO	pushing into buff
17-03-2016 03:15:18	DataProcessor		INFO	polling
17-03-2016 03:15:18	CameraInterface		INFO	Read successful
17-03-2016 03:15:18	Controller		INFO	sending to transmitter
17-03-2016 03:15:18	Transmitter		INFO	pushing into buff
17-03-2016 03:15:18	DataProcessor		INFO	polling
17-03-2016 03:15:18	CameraInterface		INFO	Read successful
17-03-2016 03:15:18	Controller		INFO	sending to transmitter
17-03-2016 03:15:18	Transmitter		INFO	pushing into buff
17-03-2016 03:15:18	DataProcessor		INFO	polling
17-03-2016 03:15:19	CameraInterface		INFO	Read successful
17-03-2016 03:15:19	Controller		INFO	sending to transmitter
17-03-2016 03:15:19	Transmitter		INFO	pushing into buff
17-03-2016 03:15:19	DataProcessor		INFO	polling
17-03-2016 03:15:19	CameraInterface		INFO	Read successful
17-03-2016 03:15:19	Controller		INFO	sending to transmitter
17-03-2016 03:15:19	Transmitter		INFO	pushing into buff
17-03-2016 03:15:19	DataProcessor		INFO	polling
17-03-2016 03:15:19	CameraInterface		INFO	Read successful
17-03-2016 03:15:19	Controller		INFO	sending to transmitter
17-03-2016 03:15:19	Transmitter		INFO	pushing into buff
17-03-2016 03:15:19	DataProcessor		INFO	polling
17-03-2016 03:15:19	CameraInterface		INFO	Read successful
17-03-2016 03:15:19	Controller		INFO	sending to transmitter
17-03-2016 03:15:19	Transmitter		INFO	pushing into buff
17-03-2016 03:15:19	DataProcessor		INFO	polling
17-03-2016 03:15:19	CameraInterface		INFO	Read successful
17-03-2016 03:15:19	Controller		INFO	sending to transmitter
17-03-2016 03:15:19	Transmitter		INFO	pushing into buff
17-03-2016 03:15:19	DataProcessor		INFO	polling
17-03-2016 03:15:20	CameraInterface		INFO	Read successful
17-03-2016 03:15:20	Controller		INFO	sending to transmitter
17-03-2016 03:15:20	Transmitter		INFO	pushing into buff
17-03-2016 03:15:20	DataProcessor		INFO	polling
17-03-2016 03:15:20	CameraInterface		INFO	Read successful
17-03-2016 03:15:20	Controller		INFO	sending to transmitter
17-03-2016 03:15:20	Transmitter		INFO	pushing into buff
17-03-2016 03:15:20	DataProcessor		INFO	polling
17-03-2016 03:15:20	CameraInterface		INFO	Read successful
17-03-2016 03:15:20	Controller		INFO	sending to transmitter
17-03-2016 03:15:20	Transmitter		INFO	pushing into buff
17-03-2016 03:15:20	DataProcessor		INFO	polling
17-03-2016 03:15:20	CameraInterface		INFO	Read successful
17-03-2016 03:15:20	Controller		INFO	sending to transmitter
17-03-2016 03:15:20	Transmitter		INFO	pushing into buff
17-03-2016 03:15:20	DataProcessor		INFO	polling
17-03-2016 03:15:21	CameraInterface		INFO	Read successful
17-03-2016 03:15:21	Controller		INFO	sending to transmitter
17-03-2016 03:15:21	Transmitter		INFO	pushing into buff
17-03-2016 03:15:21	DataProcessor		INFO	polling
17-03-2016 03:15:21	Transmitter		INFO	sending string: 3653
17-03-2016 03:15:21	Transmitter		INFO	getting from buffer
17-03-2016 03:15:21	CameraInterface		INFO	Read successful
17-03-2016 03:15:21	Controller		INFO	sending to transmitter
17-03-2016 03:15:21	Transmitter		INFO	pushing into buff
17-03-2016 03:15:21	DataProcessor		INFO	polling
17-03-2016 03:15:21	CameraInterface		INFO	Read successful
17-03-2016 03:15:21	Controller		INFO	sending to transmitter
17-03-2016 03:15:21	Transmitter		INFO	pushing into buff
17-03-2016 03:15:21	DataProcessor		INFO	polling
17-03-2016 03:15:21	CameraInterface		INFO	Read successful
17-03-2016 03:15:21	Controller		INFO	sending to transmitter
17-03-2016 03:15:21	Transmitter		INFO	pushing into buff
17-03-2016 03:15:21	DataProcessor		INFO	polling
17-03-2016 03:15:21	CameraInterface		INFO	Read successful
17-03-2016 03:15:21	Controller		INFO	sending to transmitter
17-03-2016 03:15:21	Transmitter		INFO	pushing into buff
17-03-2016 03:15:21	DataProcessor		INFO	polling
17-03-2016 03:15:22	CameraInterface		INFO	Read successful
17-03-2016 03:15:22	Controller		INFO	sending to transmitter
17-03-2016 03:15:22	Transmitter		INFO	pushing into buff
17-03-2016 03:15:22	DataProcessor		INFO	polling
17-03-2016 03:15:22	CameraInterface		INFO	Read successful
17-03-2016 03:15:22	Controller		INFO	sending to transmitter
17-03-2016 03:15:22	Transmitter		INFO	pushing into buff
17-03-2016 03:15:22	DataProcessor		INFO	polling
17-03-2016 03:15:22	CameraInterface		INFO	Read successful
17-03-2016 03:15:22	Controller		INFO	sending to transmitter
17-03-2016 03:15:22	Transmitter		INFO	pushing into buff
17-03-2016 03:15:22	DataProcessor		INFO	polling
17-03-2016 03:15:22	CameraInterface		INFO	Read successful
17-03-2016 03:15:22	Controller		INFO	sending to transmitter
17-03-2016 03:15:22	Transmitter		INFO	pushing into buff
17-03-2016 03:15:22	DataProcessor		INFO	polling
17-03-2016 03:15:23	CameraInterface		INFO	Read successful
17-03-2016 03:15:23	Controller		INFO	sending to transmitter
17-03-2016 03:15:23	Transmitter		INFO	pushing into buff
17-03-2016 03:15:23	DataProcessor		INFO	polling
17-03-2016 03:15:23	CameraInterface		INFO	Read successful
17-03-2016 03:15:23	Controller		INFO	sending to transmitter
17-03-2016 03:15:23	Transmitter		INFO	pushing into buff
17-03-2016 03:15:23	DataProcessor		INFO	polling
17-03-2016 03:15:23	CameraInterface		INFO	Read successful
17-03-2016 03:15:23	Controller		INFO	sending to transmitter
17-03-2016 03:15:23	Transmitter		INFO	pushing into buff
17-03-2016 03:15:23	DataProcessor		INFO	polling
17-03-2016 03:15:23	CameraInterface		INFO	Read successful
17-03-2016 03:15:23	Controller		INFO	sending to transmitter
17-03-2016 03:15:23	Transmitter		INFO	pushing into buff
17-03-2016 03:15:23	DataProcessor		INFO	polling
17-03-2016 03:15:23	CameraInterface		INFO	Read successful
17-03-2016 03:15:23	Controller		INFO	sending to transmitter
17-03-2016 03:15:23	Transmitter		INFO	pushing into buff
17-03-2016 03:15:23	DataProcessor		INFO	polling
17-03-2016 03:15:24	CameraInterface		INFO	Read successful
17-03-2016 03:15:24	Controller		INFO	sending to transmitter
17-03-2016 03:15:24	Transmitter		INFO	pushing into buff
17-03-2016 03:15:24	DataProcessor		INFO	polling
17-03-2016 03:15:24	CameraInterface		INFO	Read successful
17-03-2016 03:15:24	Controller		INFO	sending to transmitter
17-03-2016 03:15:24	Transmitter		INFO	pushing into buff
17-03-2016 03:15:24	DataProcessor		INFO	polling
17-03-2016 03:15:24	CameraInterface		INFO	Read successful
17-03-2016 03:15:24	Controller		INFO	sending to transmitter
17-03-2016 03:15:24	Transmitter		INFO	pushing into buff
17-03-2016 03:15:24	DataProcessor		INFO	polling
17-03-2016 03:15:24	CameraInterface		INFO	Read successful
17-03-2016 03:15:24	Controller		INFO	sending to transmitter
17-03-2016 03:15:24	Transmitter		INFO	pushing into buff
17-03-2016 03:15:24	DataProcessor		INFO	polling
17-03-2016 03:15:25	CameraInterface		INFO	Read successful
17-03-2016 03:15:25	Controller		INFO	sending to transmitter
17-03-2016 03:15:25	Transmitter		INFO	pushing into buff
17-03-2016 03:15:25	DataProcessor		INFO	polling
17-03-2016 03:15:25	CameraInterface		INFO	Read successful
17-03-2016 03:15:25	Controller		INFO	sending to transmitter
17-03-2016 03:15:25	Transmitter		INFO	pushing into buff
17-03-2016 03:15:25	DataProcessor		INFO	polling
17-03-2016 03:15:25	CameraInterface		INFO	Read successful
17-03-2016 03:15:25	Controller		INFO	sending to transmitter
17-03-2016 03:15:25	Transmitter		INFO	pushing into buff
17-03-2016 03:15:25	DataProcessor		INFO	polling
17-03-2016 03:15:25	CameraInterface		INFO	Read successful
17-03-2016 03:15:25	Controller		INFO	sending to transmitter
17-03-2016 03:15:25	Transmitter		INFO	pushing into buff
17-03-2016 03:15:25	DataProcessor		INFO	polling
17-03-2016 03:15:25	CameraInterface		INFO	Read successful
17-03-2016 03:15:26	Controller		INFO	sending to transmitter
17-03-2016 03:15:26	Transmitter		INFO	pushing into buff
17-03-2016 03:15:26	DataProcessor		INFO	polling
17-03-2016 03:15:26	CameraInterface		INFO	Read successful
17-03-2016 03:15:26	Controller		INFO	sending to transmitter
17-03-2016 03:15:26	Transmitter		INFO	pushing into buff
17-03-2016 03:15:26	DataProcessor		INFO	polling
17-03-2016 03:15:26	Transmitter		INFO	sending string: 3653
17-03-2016 03:15:26	Transmitter		INFO	getting from buffer
17-03-2016 03:15:26	CameraInterface		INFO	Read successful
17-03-2016 03:15:26	Controller		INFO	sending to transmitter
17-03-2016 03:15:26	Transmitter		INFO	pushing into buff
17-03-2016 03:15:26	DataProcessor		INFO	polling
17-03-2016 03:15:26	CameraInterface		INFO	Read successful
17-03-2016 03:15:26	Controller		INFO	sending to transmitter
17-03-2016 03:15:26	Transmitter		INFO	pushing into buff
17-03-2016 03:15:26	DataProcessor		INFO	polling
17-03-2016 03:15:26	CameraInterface		INFO	Read successful
17-03-2016 03:15:26	Controller		INFO	sending to transmitter
17-03-2016 03:15:26	Transmitter		INFO	pushing into buff
17-03-2016 03:15:26	DataProcessor		INFO	polling
17-03-2016 03:15:27	CameraInterface		INFO	Read successful
17-03-2016 03:15:27	Controller		INFO	sending to transmitter
17-03-2016 03:15:27	Transmitter		INFO	pushing into buff
17-03-2016 03:15:27	DataProcessor		INFO	polling
17-03-2016 03:15:27	CameraInterface		INFO	Read successful
17-03-2016 03:15:27	Controller		INFO	sending to transmitter
17-03-2016 03:15:27	Transmitter		INFO	pushing into buff
17-03-2016 03:15:27	DataProcessor		INFO	polling
17-03-2016 03:15:27	CameraInterface		INFO	Read successful
17-03-2016 03:15:27	Controller		INFO	sending to transmitter
17-03-2016 03:15:27	Transmitter		INFO	pushing into buff
17-03-2016 03:15:27	DataProcessor		INFO	polling
17-03-2016 03:15:27	CameraInterface		INFO	Read successful
17-03-2016 03:15:28	Controller		INFO	sending to transmitter
17-03-2016 03:15:28	Transmitter		INFO	pushing into buff
17-03-2016 03:15:28	DataProcessor		INFO	polling
17-03-2016 03:15:28	CameraInterface		INFO	Read successful
17-03-2016 03:15:28	Controller		INFO	sending to transmitter
17-03-2016 03:15:28	Transmitter		INFO	pushing into buff
17-03-2016 03:15:28	DataProcessor		INFO	polling
17-03-2016 03:15:28	CameraInterface		INFO	Read successful
17-03-2016 03:15:28	Controller		INFO	sending to transmitter
17-03-2016 03:15:28	Transmitter		INFO	pushing into buff
17-03-2016 03:15:28	DataProcessor		INFO	polling
17-03-2016 03:15:28	CameraInterface		INFO	Read successful
17-03-2016 03:15:28	Controller		INFO	sending to transmitter
17-03-2016 03:15:28	Transmitter		INFO	pushing into buff
17-03-2016 03:15:28	DataProcessor		INFO	polling
17-03-2016 03:15:29	CameraInterface		INFO	Read successful
17-03-2016 03:15:29	Controller		INFO	sending to transmitter
17-03-2016 03:15:29	Transmitter		INFO	pushing into buff
17-03-2016 03:15:29	DataProcessor		INFO	polling
17-03-2016 03:15:29	CameraInterface		INFO	Read successful
17-03-2016 03:15:30	Controller		INFO	sending to transmitter
17-03-2016 03:15:30	Transmitter		INFO	pushing into buff
17-03-2016 03:15:31	DataProcessor		INFO	polling
17-03-2016 03:15:34	Transmitter		INFO	sending string: 3653
17-03-2016 03:15:34	Transmitter		INFO	getting from buffer
17-03-2016 03:15:34	CameraInterface		INFO	Read successful
17-03-2016 03:15:35	Controller		INFO	sending to transmitter
17-03-2016 03:15:35	Transmitter		INFO	pushing into buff
17-03-2016 03:15:35	DataProcessor		INFO	polling
17-03-2016 03:15:36	CameraInterface		INFO	Read successful
17-03-2016 03:15:37	Controller		INFO	sending to transmitter
17-03-2016 03:15:37	Transmitter		INFO	pushing into buff
17-03-2016 03:15:37	DataProcessor		INFO	polling
17-03-2016 03:15:38	CameraInterface		INFO	Read successful
17-03-2016 03:15:38	Controller		INFO	sending to transmitter
17-03-2016 03:15:38	Transmitter		INFO	pushing into buff
17-03-2016 03:15:38	DataProcessor		INFO	polling
17-03-2016 03:15:38	CameraInterface		INFO	Read successful
17-03-2016 03:15:38	Controller		INFO	sending to transmitter
17-03-2016 03:15:38	Transmitter		INFO	pushing into buff
17-03-2016 03:15:38	DataProcessor		INFO	polling
17-03-2016 03:15:38	CameraInterface		INFO	Read successful
17-03-2016 03:15:39	Controller		INFO	sending to transmitter
17-03-2016 03:15:39	Transmitter		INFO	pushing into buff
17-03-2016 03:15:39	DataProcessor		INFO	polling
17-03-2016 03:15:39	CameraInterface		INFO	Read successful
17-03-2016 03:15:39	Controller		INFO	sending to transmitter
17-03-2016 03:15:39	Transmitter		INFO	pushing into buff
17-03-2016 03:15:39	DataProcessor		INFO	polling
17-03-2016 03:15:39	CameraInterface		INFO	Read successful
17-03-2016 03:15:39	Controller		INFO	sending to transmitter
17-03-2016 03:15:39	Transmitter		INFO	pushing into buff
17-03-2016 03:15:39	DataProcessor		INFO	polling
17-03-2016 03:15:40	CameraInterface		INFO	Read successful
17-03-2016 03:15:40	Controller		INFO	sending to transmitter
17-03-2016 03:15:40	Transmitter		INFO	pushing into buff
17-03-2016 03:15:40	DataProcessor		INFO	polling
17-03-2016 03:15:40	CameraInterface		INFO	Read successful
17-03-2016 03:15:40	Controller		INFO	sending to transmitter
17-03-2016 03:15:40	Transmitter		INFO	pushing into buff
17-03-2016 03:15:40	DataProcessor		INFO	polling
17-03-2016 03:15:41	CameraInterface		INFO	Read successful
17-03-2016 03:15:41	Controller		INFO	sending to transmitter
17-03-2016 03:15:41	Transmitter		INFO	pushing into buff
17-03-2016 03:15:41	DataProcessor		INFO	polling
17-03-2016 03:15:43	CameraInterface		INFO	Read successful
17-03-2016 03:15:44	Controller		INFO	sending to transmitter
17-03-2016 03:15:44	Transmitter		INFO	sending string: 3653
17-03-2016 03:15:44	Transmitter		INFO	pushing into buff
17-03-2016 03:15:44	DataProcessor		INFO	polling
17-03-2016 03:15:44	Transmitter		INFO	getting from buffer
17-03-2016 03:15:48	CameraInterface		INFO	Read successful
17-03-2016 03:15:54	Controller		INFO	sending to transmitter
17-03-2016 03:15:54	Transmitter		INFO	pushing into buff
17-03-2016 03:15:54	DataProcessor		INFO	polling
17-03-2016 03:15:58	CameraInterface		INFO	Read successful
17-03-2016 03:15:59	Controller		INFO	sending to transmitter
17-03-2016 03:16:00	Transmitter		INFO	pushing into buff
17-03-2016 03:16:02	DataProcessor		INFO	polling
17-03-2016 03:16:08	Transmitter		INFO	sending string: 3653
17-03-2016 03:16:08	Transmitter		INFO	sending string: 3653
17-03-2016 03:16:08	CameraInterface		INFO	Read successful
17-03-2016 03:16:08	Controller		INFO	sending to transmitter
17-03-2016 03:16:08	Transmitter		INFO	getting from buffer
17-03-2016 03:16:08	Controller		INFO	sending to transmitter
17-03-2016 03:16:08	Transmitter		INFO	pushing into buff
17-03-2016 03:16:08	DataProcessor		INFO	polling
17-03-2016 03:16:10	CameraInterface		INFO	Read successful
17-03-2016 03:16:11	Controller		INFO	sending to transmitter
17-03-2016 03:16:12	Transmitter		INFO	pushing into buff
17-03-2016 03:16:12	DataProcessor		INFO	polling
17-03-2016 03:16:13	CameraInterface		INFO	Read successful
17-03-2016 03:16:13	Controller		INFO	sending to transmitter
17-03-2016 03:16:13	Transmitter		INFO	pushing into buff
17-03-2016 03:16:13	DataProcessor		INFO	polling
17-03-2016 03:16:14	CameraInterface		INFO	Read successful
17-03-2016 03:16:14	Controller		INFO	sending to transmitter
17-03-2016 03:16:14	Transmitter		INFO	pushing into buff
17-03-2016 03:16:14	DataProcessor		INFO	polling
17-03-2016 03:16:14	CameraInterface		INFO	Read successful
17-03-2016 03:16:14	Controller		INFO	sending to transmitter
17-03-2016 03:16:14	Transmitter		INFO	pushing into buff
17-03-2016 03:16:14	DataProcessor		INFO	polling
17-03-2016 03:16:15	CameraInterface		INFO	Read successful
17-03-2016 03:16:20	Controller		INFO	sending to transmitter
17-03-2016 03:16:20	Transmitter		INFO	pushing into buff
17-03-2016 03:16:20	DataProcessor		INFO	polling
17-03-2016 03:16:20	CameraInterface		INFO	Read successful
17-03-2016 03:16:20	Controller		INFO	sending to transmitter
17-03-2016 03:16:20	Transmitter		INFO	pushing into buff
17-03-2016 03:16:20	DataProcessor		INFO	polling
17-03-2016 03:16:21	CameraInterface		INFO	Read successful
17-03-2016 03:16:21	Controller		INFO	sending to transmitter
17-03-2016 03:16:21	Transmitter		INFO	pushing into buff
17-03-2016 03:16:21	DataProcessor		INFO	polling
17-03-2016 03:16:21	CameraInterface		INFO	Read successful
17-03-2016 03:16:21	Controller		INFO	sending to transmitter
17-03-2016 03:16:21	Transmitter		INFO	pushing into buff
17-03-2016 03:16:21	DataProcessor		INFO	polling
17-03-2016 03:16:22	CameraInterface		INFO	Read successful
17-03-2016 03:16:22	Controller		INFO	sending to transmitter
17-03-2016 03:16:23	Transmitter		INFO	pushing into buff
17-03-2016 03:16:23	DataProcessor		INFO	polling
17-03-2016 03:16:23	CameraInterface		INFO	Read successful
17-03-2016 03:16:23	Controller		INFO	sending to transmitter
17-03-2016 03:16:23	Transmitter		INFO	pushing into buff
17-03-2016 03:16:23	DataProcessor		INFO	polling
17-03-2016 03:16:24	CameraInterface		INFO	Read successful
17-03-2016 03:16:24	Controller		INFO	sending to transmitter
17-03-2016 03:16:25	Transmitter		INFO	sending string: 3653
17-03-2016 03:16:25	Transmitter		INFO	pushing into buff
17-03-2016 03:16:25	DataProcessor		INFO	polling
17-03-2016 03:16:25	Transmitter		INFO	getting from buffer
