21-02-2016 04:34:07	Main		TRACE	Logger initialized.
21-02-2016 04:34:07	PropertyReader		TRACE	Opening file: settings/settings.txt
21-02-2016 04:34:07	PropertyReader		INFO	File opened: settings/settings.txt
21-02-2016 04:34:07	PropertyReader		INFO	Loading properties file...
21-02-2016 04:34:07	PropertyReader		INFO	Mapped TRACE to LOGGING_LEVEL
21-02-2016 04:34:07	PropertyReader		INFO	Mapped 100 to CAM_BUFFER_SIZE
21-02-2016 04:34:07	PropertyReader		INFO	Mapped 15 to CAM_POLL_FREQUENCY
21-02-2016 04:34:07	PropertyReader		INFO	Mapped 0 to CAM_INDEX
21-02-2016 04:34:07	PropertyReader		DEBUG	Loaded 4 properties successfully
21-02-2016 04:34:07	Controller		INFO	Constructor controller
21-02-2016 04:34:07	Transmitter		INFO	socket retrieve success
21-02-2016 04:34:07	Transmitter		INFO	binding done
21-02-2016 04:34:07	Transmitter		INFO	done listening
21-02-2016 04:35:46	Transmitter		INFO	accepting
21-02-2016 04:35:46	Main		TRACE	intializing controller
21-02-2016 04:35:46	Controller		INFO	Initializing Controller
21-02-2016 04:35:46	Main		TRACE	initializing dataprocessor
21-02-2016 04:35:46	CameraInterface		INFO	Initializing camera
21-02-2016 04:35:46	Transmitter		INFO	Starting Receiver Thread execution loop
21-02-2016 04:35:46	Receiver		INFO	Starting Receiver Thread execution loop
21-02-2016 04:35:46	ControllerThread		INFO	Starting Controller Thread execution loop
21-02-2016 04:35:46	CameraInterface		INFO	Opening video capture stream at position 0
21-02-2016 04:35:46	CameraInterface		INFO	Opening video capture stream at position 0
21-02-2016 04:35:46	Transmitter		INFO	running
21-02-2016 04:35:46	Transmitter		INFO	running
21-02-2016 04:35:46	Transmitter		INFO	running
21-02-2016 04:35:46	Transmitter		INFO	running
21-02-2016 04:35:46	Transmitter		INFO	running
21-02-2016 04:35:46	Transmitter		INFO	running
21-02-2016 04:35:46	Transmitter		INFO	running
21-02-2016 04:35:46	Transmitter		INFO	running
21-02-2016 04:35:46	Transmitter		INFO	running
21-02-2016 04:35:46	Transmitter		INFO	running
21-02-2016 04:35:46	Transmitter		INFO	running
21-02-2016 04:35:46	Transmitter		INFO	running
21-02-2016 04:35:46	Transmitter		INFO	running
21-02-2016 04:35:46	Transmitter		INFO	running
21-02-2016 04:35:46	Transmitter		INFO	running
21-02-2016 04:35:46	Transmitter		INFO	running
21-02-2016 04:35:46	Transmitter		INFO	running
21-02-2016 04:35:46	Transmitter		INFO	running
21-02-2016 04:35:46	Transmitter		INFO	running
21-02-2016 04:35:46	Transmitter		INFO	running
21-02-2016 04:35:46	Transmitter		INFO	running
21-02-2016 04:35:46	Transmitter		INFO	running
21-02-2016 04:35:46	Transmitter		INFO	running
21-02-2016 04:35:46	Transmitter		INFO	running
21-02-2016 04:35:46	Transmitter		INFO	running
21-02-2016 04:35:46	Transmitter		INFO	running
21-02-2016 04:35:46	Transmitter		INFO	running
21-02-2016 04:35:46	Transmitter		INFO	running
21-02-2016 04:35:46	Transmitter		INFO	running
21-02-2016 04:35:46	Transmitter		INFO	running
21-02-2016 04:35:46	Transmitter		INFO	running
21-02-2016 04:35:46	Transmitter		INFO	running
21-02-2016 04:35:46	Transmitter		INFO	running
21-02-2016 04:35:46	Transmitter		INFO	running
21-02-2016 04:35:46	Transmitter		INFO	running
21-02-2016 04:35:46	Transmitter		INFO	running
21-02-2016 04:35:46	Transmitter		INFO	running
21-02-2016 04:35:46	Transmitter		INFO	running
21-02-2016 04:35:46	Transmitter		INFO	running
21-02-2016 04:35:46	Transmitter		INFO	running
21-02-2016 04:35:46	Transmitter		INFO	running
21-02-2016 04:35:46	Transmitter		INFO	running
21-02-2016 04:35:46	Main		TRACE	running controller
21-02-2016 04:35:46	DataProcessor		INFO	polling
21-02-2016 04:35:46	Transmitter		INFO	running
21-02-2016 04:35:46	Transmitter		INFO	running
21-02-2016 04:35:46	Transmitter		INFO	running
21-02-2016 04:35:46	Transmitter		INFO	running
21-02-2016 04:35:46	Transmitter		INFO	running
21-02-2016 04:35:46	Transmitter		INFO	running
21-02-2016 04:35:46	Transmitter		INFO	running
21-02-2016 04:35:46	Transmitter		INFO	running
21-02-2016 04:35:46	Transmitter		INFO	running
21-02-2016 04:35:46	Transmitter		INFO	running
21-02-2016 04:35:46	Transmitter		INFO	running
21-02-2016 04:35:46	Transmitter		INFO	running
21-02-2016 04:35:46	Transmitter		INFO	running
21-02-2016 04:35:46	Transmitter		INFO	running
21-02-2016 04:35:46	Transmitter		INFO	running
21-02-2016 04:35:46	Transmitter		INFO	running
21-02-2016 04:35:46	Transmitter		INFO	running
21-02-2016 04:35:46	Transmitter		INFO	running
21-02-2016 04:35:46	Transmitter		INFO	running
21-02-2016 04:35:46	Transmitter		INFO	running
21-02-2016 04:35:46	Transmitter		INFO	running
21-02-2016 04:35:46	Transmitter		INFO	running
21-02-2016 04:35:46	Transmitter		INFO	running
21-02-2016 04:35:46	Transmitter		INFO	running
21-02-2016 04:35:46	Transmitter		INFO	running
21-02-2016 04:35:46	Transmitter		INFO	running
21-02-2016 04:35:46	Transmitter		INFO	running
21-02-2016 04:35:46	Transmitter		INFO	running
21-02-2016 04:35:46	Transmitter		INFO	running
21-02-2016 04:35:46	Transmitter		INFO	running
21-02-2016 04:35:46	Transmitter		INFO	running
21-02-2016 04:35:46	Transmitter		INFO	running
21-02-2016 04:35:46	Transmitter		INFO	running
21-02-2016 04:35:46	Transmitter		INFO	running
21-02-2016 04:35:46	Transmitter		INFO	running
21-02-2016 04:35:46	Transmitter		INFO	running
21-02-2016 04:35:46	Transmitter		INFO	running
21-02-2016 04:35:46	Transmitter		INFO	running
21-02-2016 04:35:46	Transmitter		INFO	running
21-02-2016 04:35:46	Transmitter		INFO	running
21-02-2016 04:35:46	Transmitter		INFO	running
21-02-2016 04:35:46	Transmitter		INFO	running
21-02-2016 04:35:46	Transmitter		INFO	running
21-02-2016 04:35:46	Transmitter		INFO	running
21-02-2016 04:35:46	Transmitter		INFO	running
21-02-2016 04:35:46	Transmitter		INFO	running
21-02-2016 04:35:47	Transmitter		INFO	running
21-02-2016 04:35:47	Transmitter		INFO	running
21-02-2016 04:35:47	Transmitter		INFO	running
21-02-2016 04:35:47	Transmitter		INFO	running
21-02-2016 04:35:47	Transmitter		INFO	running
21-02-2016 04:35:47	Transmitter		INFO	running
21-02-2016 04:35:47	Transmitter		INFO	running
21-02-2016 04:35:47	Transmitter		INFO	running
21-02-2016 04:35:47	Transmitter		INFO	running
21-02-2016 04:35:47	Transmitter		INFO	running
21-02-2016 04:35:47	Transmitter		INFO	running
21-02-2016 04:35:47	Transmitter		INFO	running
21-02-2016 04:35:47	Transmitter		INFO	running
21-02-2016 04:35:47	Transmitter		INFO	running
21-02-2016 04:35:47	Transmitter		INFO	running
21-02-2016 04:35:47	Transmitter		INFO	running
21-02-2016 04:35:47	Transmitter		INFO	running
21-02-2016 04:35:47	Transmitter		INFO	running
21-02-2016 04:35:47	Transmitter		INFO	running
21-02-2016 04:35:47	Transmitter		INFO	running
21-02-2016 04:35:47	Transmitter		INFO	running
21-02-2016 04:35:47	Transmitter		INFO	running
21-02-2016 04:35:47	Transmitter		INFO	running
21-02-2016 04:35:47	Transmitter		INFO	running
21-02-2016 04:35:47	Transmitter		INFO	running
21-02-2016 04:35:47	Transmitter		INFO	running
21-02-2016 04:35:47	Transmitter		INFO	running
21-02-2016 04:35:47	Transmitter		INFO	running
21-02-2016 04:35:47	Transmitter		INFO	running
21-02-2016 04:35:47	Transmitter		INFO	running
21-02-2016 04:35:47	Transmitter		INFO	running
21-02-2016 04:35:47	Transmitter		INFO	running
21-02-2016 04:35:47	Transmitter		INFO	running
21-02-2016 04:35:47	Transmitter		INFO	running
21-02-2016 04:35:47	Transmitter		INFO	running
21-02-2016 04:35:47	Transmitter		INFO	running
21-02-2016 04:35:47	Transmitter		INFO	running
21-02-2016 04:35:47	Transmitter		INFO	running
21-02-2016 04:35:47	Transmitter		INFO	running
21-02-2016 04:35:47	Transmitter		INFO	running
21-02-2016 04:35:47	Transmitter		INFO	running
21-02-2016 04:35:47	Transmitter		INFO	running
21-02-2016 04:35:47	Transmitter		INFO	running
21-02-2016 04:35:47	Transmitter		INFO	running
21-02-2016 04:35:47	Transmitter		INFO	running
21-02-2016 04:35:47	Transmitter		INFO	running
21-02-2016 04:35:47	Transmitter		INFO	running
21-02-2016 04:35:47	Transmitter		INFO	running
21-02-2016 04:35:47	Transmitter		INFO	running
21-02-2016 04:35:47	Transmitter		INFO	running
21-02-2016 04:35:47	Transmitter		INFO	running
21-02-2016 04:35:47	Transmitter		INFO	running
21-02-2016 04:35:47	Transmitter		INFO	running
21-02-2016 04:35:47	Transmitter		INFO	running
21-02-2016 04:35:47	CameraInterface		INFO	Read successful
21-02-2016 04:35:47	Controller		INFO	sending to transmitter
21-02-2016 04:35:47	Transmitter		INFO	pushing into buff
21-02-2016 04:35:47	Transmitter		INFO	running
21-02-2016 04:35:47	Transmitter		INFO	getting from buffer
21-02-2016 04:35:47	DataProcessor		INFO	polling
21-02-2016 04:35:47	CameraInterface		INFO	Read successful
21-02-2016 04:35:47	Controller		INFO	sending to transmitter
21-02-2016 04:35:47	Transmitter		INFO	pushing into buff
21-02-2016 04:35:47	DataProcessor		INFO	polling
21-02-2016 04:35:47	CameraInterface		INFO	Read successful
21-02-2016 04:35:47	Controller		INFO	sending to transmitter
21-02-2016 04:35:47	Transmitter		INFO	pushing into buff
21-02-2016 04:35:48	DataProcessor		INFO	polling
21-02-2016 04:35:48	CameraInterface		INFO	Read successful
21-02-2016 04:35:48	Controller		INFO	sending to transmitter
21-02-2016 04:35:48	Transmitter		INFO	pushing into buff
21-02-2016 04:35:48	DataProcessor		INFO	polling
21-02-2016 04:35:48	CameraInterface		INFO	Read successful
21-02-2016 04:35:48	Controller		INFO	sending to transmitter
21-02-2016 04:35:48	Transmitter		INFO	pushing into buff
21-02-2016 04:35:48	DataProcessor		INFO	polling
21-02-2016 04:35:48	CameraInterface		INFO	Read successful
21-02-2016 04:35:48	Controller		INFO	sending to transmitter
21-02-2016 04:35:48	Transmitter		INFO	pushing into buff
21-02-2016 04:35:48	DataProcessor		INFO	polling
21-02-2016 04:35:48	CameraInterface		INFO	Read successful
21-02-2016 04:35:48	Controller		INFO	sending to transmitter
21-02-2016 04:35:48	Transmitter		INFO	pushing into buff
21-02-2016 04:35:48	DataProcessor		INFO	polling
21-02-2016 04:35:48	CameraInterface		INFO	Read successful
21-02-2016 04:35:49	Controller		INFO	sending to transmitter
21-02-2016 04:35:49	Transmitter		INFO	pushing into buff
21-02-2016 04:35:49	DataProcessor		INFO	polling
21-02-2016 04:35:49	CameraInterface		INFO	Read successful
21-02-2016 04:35:49	Controller		INFO	sending to transmitter
21-02-2016 04:35:49	Transmitter		INFO	pushing into buff
21-02-2016 04:35:49	DataProcessor		INFO	polling
21-02-2016 04:35:49	CameraInterface		INFO	Read successful
21-02-2016 04:35:49	Controller		INFO	sending to transmitter
21-02-2016 04:35:49	Transmitter		INFO	pushing into buff
21-02-2016 04:35:49	DataProcessor		INFO	polling
21-02-2016 04:35:49	CameraInterface		INFO	Read successful
21-02-2016 04:35:49	Controller		INFO	sending to transmitter
21-02-2016 04:35:49	Transmitter		INFO	pushing into buff
21-02-2016 04:35:49	DataProcessor		INFO	polling
21-02-2016 04:35:49	CameraInterface		INFO	Read successful
21-02-2016 04:35:49	Controller		INFO	sending to transmitter
21-02-2016 04:35:49	Transmitter		INFO	pushing into buff
21-02-2016 04:35:49	DataProcessor		INFO	polling
21-02-2016 04:35:50	CameraInterface		INFO	Read successful
21-02-2016 04:35:50	Controller		INFO	sending to transmitter
21-02-2016 04:35:50	Transmitter		INFO	pushing into buff
21-02-2016 04:35:50	DataProcessor		INFO	polling
21-02-2016 04:35:50	CameraInterface		INFO	Read successful
21-02-2016 04:35:50	Controller		INFO	sending to transmitter
21-02-2016 04:35:50	Transmitter		INFO	pushing into buff
21-02-2016 04:35:50	DataProcessor		INFO	polling
21-02-2016 04:35:50	CameraInterface		INFO	Read successful
21-02-2016 04:35:50	Controller		INFO	sending to transmitter
21-02-2016 04:35:50	Transmitter		INFO	pushing into buff
21-02-2016 04:35:50	DataProcessor		INFO	polling
21-02-2016 04:35:50	CameraInterface		INFO	Read successful
21-02-2016 04:35:50	Controller		INFO	sending to transmitter
21-02-2016 04:35:50	Transmitter		INFO	pushing into buff
21-02-2016 04:35:50	DataProcessor		INFO	polling
21-02-2016 04:35:51	CameraInterface		INFO	Read successful
21-02-2016 04:35:51	Controller		INFO	sending to transmitter
21-02-2016 04:35:51	Transmitter		INFO	pushing into buff
21-02-2016 04:35:51	DataProcessor		INFO	polling
21-02-2016 04:35:51	CameraInterface		INFO	Read successful
21-02-2016 04:35:51	Controller		INFO	sending to transmitter
21-02-2016 04:35:51	Transmitter		INFO	pushing into buff
21-02-2016 04:35:51	DataProcessor		INFO	polling
21-02-2016 04:35:51	CameraInterface		INFO	Read successful
21-02-2016 04:35:51	Controller		INFO	sending to transmitter
21-02-2016 04:35:51	Transmitter		INFO	pushing into buff
21-02-2016 04:35:51	DataProcessor		INFO	polling
21-02-2016 04:35:51	CameraInterface		INFO	Read successful
21-02-2016 04:35:51	Controller		INFO	sending to transmitter
21-02-2016 04:35:51	Transmitter		INFO	pushing into buff
21-02-2016 04:35:51	DataProcessor		INFO	polling
21-02-2016 04:35:51	CameraInterface		INFO	Read successful
21-02-2016 04:35:51	Controller		INFO	sending to transmitter
21-02-2016 04:35:52	Transmitter		INFO	pushing into buff
21-02-2016 04:35:52	DataProcessor		INFO	polling
21-02-2016 04:35:52	CameraInterface		INFO	Read successful
21-02-2016 04:35:52	Controller		INFO	sending to transmitter
21-02-2016 04:35:52	Transmitter		INFO	pushing into buff
21-02-2016 04:35:52	DataProcessor		INFO	polling
21-02-2016 04:35:52	CameraInterface		INFO	Read successful
21-02-2016 04:35:52	Controller		INFO	sending to transmitter
21-02-2016 04:35:52	Transmitter		INFO	pushing into buff
21-02-2016 04:35:52	DataProcessor		INFO	polling
21-02-2016 04:35:52	CameraInterface		INFO	Read successful
21-02-2016 04:35:52	Controller		INFO	sending to transmitter
21-02-2016 04:35:52	Transmitter		INFO	pushing into buff
21-02-2016 04:35:52	DataProcessor		INFO	polling
21-02-2016 04:35:52	Transmitter		INFO	sending string: 
21-02-2016 04:35:52	CameraInterface		INFO	Read successful
21-02-2016 04:35:52	Controller		INFO	sending to transmitter
21-02-2016 04:35:52	Transmitter		INFO	pushing into buff
21-02-2016 04:35:52	DataProcessor		INFO	polling
21-02-2016 04:35:53	Transmitter		INFO	running
21-02-2016 04:35:53	Transmitter		INFO	getting from buffer
21-02-2016 04:35:53	CameraInterface		INFO	Read successful
21-02-2016 04:35:53	Controller		INFO	sending to transmitter
21-02-2016 04:35:53	Transmitter		INFO	pushing into buff
21-02-2016 04:35:53	DataProcessor		INFO	polling
21-02-2016 04:35:53	CameraInterface		INFO	Read successful
21-02-2016 04:35:53	Controller		INFO	sending to transmitter
21-02-2016 04:35:53	Transmitter		INFO	pushing into buff
21-02-2016 04:35:53	DataProcessor		INFO	polling
21-02-2016 04:35:53	CameraInterface		INFO	Read successful
21-02-2016 04:35:53	Controller		INFO	sending to transmitter
21-02-2016 04:35:53	Transmitter		INFO	pushing into buff
21-02-2016 04:35:53	DataProcessor		INFO	polling
21-02-2016 04:35:54	CameraInterface		INFO	Read successful
21-02-2016 04:35:54	Controller		INFO	sending to transmitter
21-02-2016 04:35:54	Transmitter		INFO	pushing into buff
21-02-2016 04:35:54	DataProcessor		INFO	polling
21-02-2016 04:35:54	CameraInterface		INFO	Read successful
21-02-2016 04:35:54	Controller		INFO	sending to transmitter
21-02-2016 04:35:54	Transmitter		INFO	pushing into buff
21-02-2016 04:35:54	DataProcessor		INFO	polling
21-02-2016 04:35:54	CameraInterface		INFO	Read successful
21-02-2016 04:35:54	Controller		INFO	sending to transmitter
21-02-2016 04:35:54	Transmitter		INFO	pushing into buff
21-02-2016 04:35:54	DataProcessor		INFO	polling
21-02-2016 04:35:54	CameraInterface		INFO	Read successful
21-02-2016 04:35:54	Controller		INFO	sending to transmitter
21-02-2016 04:35:54	Transmitter		INFO	pushing into buff
21-02-2016 04:35:54	DataProcessor		INFO	polling
21-02-2016 04:35:54	CameraInterface		INFO	Read successful
21-02-2016 04:35:55	Controller		INFO	sending to transmitter
21-02-2016 04:35:55	Transmitter		INFO	pushing into buff
21-02-2016 04:35:55	DataProcessor		INFO	polling
21-02-2016 04:35:55	CameraInterface		INFO	Read successful
21-02-2016 04:35:55	Controller		INFO	sending to transmitter
21-02-2016 04:35:55	Transmitter		INFO	pushing into buff
21-02-2016 04:35:55	DataProcessor		INFO	polling
21-02-2016 04:35:55	CameraInterface		INFO	Read successful
21-02-2016 04:35:55	Controller		INFO	sending to transmitter
21-02-2016 04:35:55	Transmitter		INFO	pushing into buff
21-02-2016 04:35:55	DataProcessor		INFO	polling
21-02-2016 04:35:55	CameraInterface		INFO	Read successful
21-02-2016 04:35:55	Controller		INFO	sending to transmitter
21-02-2016 04:35:55	Transmitter		INFO	pushing into buff
21-02-2016 04:35:55	DataProcessor		INFO	polling
21-02-2016 04:35:55	CameraInterface		INFO	Read successful
21-02-2016 04:35:55	Controller		INFO	sending to transmitter
21-02-2016 04:35:55	Transmitter		INFO	pushing into buff
21-02-2016 04:35:55	DataProcessor		INFO	polling
21-02-2016 04:35:56	CameraInterface		INFO	Read successful
21-02-2016 04:35:56	Controller		INFO	sending to transmitter
21-02-2016 04:35:56	Transmitter		INFO	pushing into buff
21-02-2016 04:35:56	DataProcessor		INFO	polling
21-02-2016 04:35:56	CameraInterface		INFO	Read successful
21-02-2016 04:35:56	Controller		INFO	sending to transmitter
21-02-2016 04:35:56	Transmitter		INFO	pushing into buff
21-02-2016 04:35:56	DataProcessor		INFO	polling
21-02-2016 04:35:56	CameraInterface		INFO	Read successful
21-02-2016 04:35:56	Controller		INFO	sending to transmitter
21-02-2016 04:35:56	Transmitter		INFO	pushing into buff
21-02-2016 04:35:56	DataProcessor		INFO	polling
21-02-2016 04:35:56	CameraInterface		INFO	Read successful
21-02-2016 04:35:56	Controller		INFO	sending to transmitter
21-02-2016 04:35:56	Transmitter		INFO	pushing into buff
21-02-2016 04:35:56	DataProcessor		INFO	polling
21-02-2016 04:35:56	CameraInterface		INFO	Read successful
21-02-2016 04:35:57	Controller		INFO	sending to transmitter
21-02-2016 04:35:57	Transmitter		INFO	pushing into buff
21-02-2016 04:35:57	DataProcessor		INFO	polling
21-02-2016 04:35:57	CameraInterface		INFO	Read successful
21-02-2016 04:35:57	Controller		INFO	sending to transmitter
21-02-2016 04:35:57	Transmitter		INFO	pushing into buff
21-02-2016 04:35:57	DataProcessor		INFO	polling
21-02-2016 04:35:57	CameraInterface		INFO	Read successful
21-02-2016 04:35:57	Controller		INFO	sending to transmitter
21-02-2016 04:35:57	Transmitter		INFO	pushing into buff
21-02-2016 04:35:57	DataProcessor		INFO	polling
21-02-2016 04:35:57	CameraInterface		INFO	Read successful
21-02-2016 04:35:57	Controller		INFO	sending to transmitter
21-02-2016 04:35:57	Transmitter		INFO	pushing into buff
21-02-2016 04:35:57	DataProcessor		INFO	polling
21-02-2016 04:35:57	CameraInterface		INFO	Read successful
21-02-2016 04:35:57	Controller		INFO	sending to transmitter
21-02-2016 04:35:57	Transmitter		INFO	pushing into buff
21-02-2016 04:35:57	DataProcessor		INFO	polling
21-02-2016 04:35:58	CameraInterface		INFO	Read successful
21-02-2016 04:35:58	Controller		INFO	sending to transmitter
21-02-2016 04:35:58	Transmitter		INFO	pushing into buff
21-02-2016 04:35:58	DataProcessor		INFO	polling
21-02-2016 04:35:58	CameraInterface		INFO	Read successful
21-02-2016 04:35:58	Controller		INFO	sending to transmitter
21-02-2016 04:35:58	Transmitter		INFO	pushing into buff
21-02-2016 04:35:58	DataProcessor		INFO	polling
21-02-2016 04:35:58	CameraInterface		INFO	Read successful
21-02-2016 04:35:58	Controller		INFO	sending to transmitter
21-02-2016 04:35:58	Transmitter		INFO	pushing into buff
21-02-2016 04:35:58	DataProcessor		INFO	polling
21-02-2016 04:35:58	CameraInterface		INFO	Read successful
21-02-2016 04:35:58	Controller		INFO	sending to transmitter
21-02-2016 04:35:58	Transmitter		INFO	pushing into buff
21-02-2016 04:35:58	DataProcessor		INFO	polling
21-02-2016 04:35:58	CameraInterface		INFO	Read successful
21-02-2016 04:35:59	Controller		INFO	sending to transmitter
21-02-2016 04:35:59	Transmitter		INFO	pushing into buff
21-02-2016 04:35:59	DataProcessor		INFO	polling
21-02-2016 04:35:59	CameraInterface		INFO	Read successful
21-02-2016 04:35:59	Controller		INFO	sending to transmitter
21-02-2016 04:35:59	Transmitter		INFO	pushing into buff
21-02-2016 04:35:59	DataProcessor		INFO	polling
21-02-2016 04:35:59	CameraInterface		INFO	Read successful
21-02-2016 04:35:59	Controller		INFO	sending to transmitter
21-02-2016 04:35:59	Transmitter		INFO	pushing into buff
21-02-2016 04:35:59	DataProcessor		INFO	polling
21-02-2016 04:35:59	CameraInterface		INFO	Read successful
21-02-2016 04:35:59	Controller		INFO	sending to transmitter
21-02-2016 04:35:59	Transmitter		INFO	pushing into buff
21-02-2016 04:35:59	DataProcessor		INFO	polling
21-02-2016 04:35:59	CameraInterface		INFO	Read successful
21-02-2016 04:35:59	Controller		INFO	sending to transmitter
21-02-2016 04:35:59	Transmitter		INFO	pushing into buff
21-02-2016 04:35:59	DataProcessor		INFO	polling
21-02-2016 04:36:00	CameraInterface		INFO	Read successful
21-02-2016 04:36:00	Controller		INFO	sending to transmitter
21-02-2016 04:36:00	Transmitter		INFO	pushing into buff
21-02-2016 04:36:00	DataProcessor		INFO	polling
21-02-2016 04:36:00	CameraInterface		INFO	Read successful
21-02-2016 04:36:00	Controller		INFO	sending to transmitter
21-02-2016 04:36:00	Transmitter		INFO	pushing into buff
21-02-2016 04:36:00	DataProcessor		INFO	polling
21-02-2016 04:36:00	CameraInterface		INFO	Read successful
21-02-2016 04:36:00	Controller		INFO	sending to transmitter
21-02-2016 04:36:00	Transmitter		INFO	pushing into buff
21-02-2016 04:36:00	DataProcessor		INFO	polling
21-02-2016 04:36:00	CameraInterface		INFO	Read successful
21-02-2016 04:36:00	Controller		INFO	sending to transmitter
21-02-2016 04:36:00	Transmitter		INFO	pushing into buff
21-02-2016 04:36:00	DataProcessor		INFO	polling
21-02-2016 04:36:00	CameraInterface		INFO	Read successful
21-02-2016 04:36:01	Controller		INFO	sending to transmitter
21-02-2016 04:36:01	Transmitter		INFO	pushing into buff
21-02-2016 04:36:01	DataProcessor		INFO	polling
21-02-2016 04:36:01	CameraInterface		INFO	Read successful
21-02-2016 04:36:01	Controller		INFO	sending to transmitter
21-02-2016 04:36:01	Transmitter		INFO	pushing into buff
21-02-2016 04:36:01	DataProcessor		INFO	polling
21-02-2016 04:36:01	CameraInterface		INFO	Read successful
21-02-2016 04:36:01	Controller		INFO	sending to transmitter
21-02-2016 04:36:01	Transmitter		INFO	pushing into buff
21-02-2016 04:36:01	DataProcessor		INFO	polling
21-02-2016 04:36:01	Transmitter		INFO	sending string: 
21-02-2016 04:36:01	CameraInterface		INFO	Read successful
21-02-2016 04:36:01	Controller		INFO	sending to transmitter
21-02-2016 04:36:01	Transmitter		INFO	pushing into buff
21-02-2016 04:36:01	DataProcessor		INFO	polling
21-02-2016 04:36:02	CameraInterface		INFO	Read successful
21-02-2016 04:36:02	Controller		INFO	sending to transmitter
21-02-2016 04:36:02	Transmitter		INFO	pushing into buff
21-02-2016 04:36:02	DataProcessor		INFO	polling
21-02-2016 04:36:02	CameraInterface		INFO	Read successful
21-02-2016 04:36:02	Controller		INFO	sending to transmitter
21-02-2016 04:36:02	Transmitter		INFO	pushing into buff
21-02-2016 04:36:02	DataProcessor		INFO	polling
21-02-2016 04:36:02	CameraInterface		INFO	Read successful
21-02-2016 04:36:02	Controller		INFO	sending to transmitter
21-02-2016 04:36:02	Transmitter		INFO	pushing into buff
21-02-2016 04:36:02	DataProcessor		INFO	polling
21-02-2016 04:36:03	Transmitter		INFO	running
21-02-2016 04:36:03	Transmitter		INFO	getting from buffer
21-02-2016 04:36:03	CameraInterface		INFO	Read successful
21-02-2016 04:36:03	Controller		INFO	sending to transmitter
21-02-2016 04:36:03	Transmitter		INFO	pushing into buff
21-02-2016 04:36:03	DataProcessor		INFO	polling
21-02-2016 04:36:03	CameraInterface		INFO	Read successful
21-02-2016 04:36:03	Controller		INFO	sending to transmitter
21-02-2016 04:36:03	Transmitter		INFO	pushing into buff
21-02-2016 04:36:03	DataProcessor		INFO	polling
21-02-2016 04:36:03	CameraInterface		INFO	Read successful
21-02-2016 04:36:03	Controller		INFO	sending to transmitter
21-02-2016 04:36:03	Transmitter		INFO	pushing into buff
21-02-2016 04:36:03	DataProcessor		INFO	polling
21-02-2016 04:36:03	CameraInterface		INFO	Read successful
21-02-2016 04:36:03	Controller		INFO	sending to transmitter
21-02-2016 04:36:03	Transmitter		INFO	pushing into buff
21-02-2016 04:36:03	DataProcessor		INFO	polling
21-02-2016 04:36:04	CameraInterface		INFO	Read successful
21-02-2016 04:36:04	Controller		INFO	sending to transmitter
21-02-2016 04:36:04	Transmitter		INFO	pushing into buff
21-02-2016 04:36:04	DataProcessor		INFO	polling
21-02-2016 04:36:04	CameraInterface		INFO	Read successful
21-02-2016 04:36:04	Controller		INFO	sending to transmitter
21-02-2016 04:36:04	Transmitter		INFO	pushing into buff
21-02-2016 04:36:04	DataProcessor		INFO	polling
21-02-2016 04:36:04	CameraInterface		INFO	Read successful
21-02-2016 04:36:04	Controller		INFO	sending to transmitter
21-02-2016 04:36:04	Transmitter		INFO	pushing into buff
21-02-2016 04:36:04	DataProcessor		INFO	polling
21-02-2016 04:36:04	CameraInterface		INFO	Read successful
21-02-2016 04:36:04	Controller		INFO	sending to transmitter
21-02-2016 04:36:04	Transmitter		INFO	pushing into buff
21-02-2016 04:36:04	DataProcessor		INFO	polling
21-02-2016 04:36:05	CameraInterface		INFO	Read successful
21-02-2016 04:36:05	Controller		INFO	sending to transmitter
21-02-2016 04:36:05	Transmitter		INFO	pushing into buff
21-02-2016 04:36:05	DataProcessor		INFO	polling
21-02-2016 04:36:05	CameraInterface		INFO	Read successful
21-02-2016 04:36:05	Controller		INFO	sending to transmitter
21-02-2016 04:36:05	Transmitter		INFO	pushing into buff
21-02-2016 04:36:05	DataProcessor		INFO	polling
21-02-2016 04:36:05	CameraInterface		INFO	Read successful
21-02-2016 04:36:05	Controller		INFO	sending to transmitter
21-02-2016 04:36:05	Transmitter		INFO	pushing into buff
21-02-2016 04:36:05	DataProcessor		INFO	polling
21-02-2016 04:36:05	CameraInterface		INFO	Read successful
21-02-2016 04:36:05	Controller		INFO	sending to transmitter
21-02-2016 04:36:05	Transmitter		INFO	pushing into buff
21-02-2016 04:36:05	DataProcessor		INFO	polling
21-02-2016 04:36:06	CameraInterface		INFO	Read successful
21-02-2016 04:36:06	Controller		INFO	sending to transmitter
21-02-2016 04:36:06	Transmitter		INFO	pushing into buff
21-02-2016 04:36:06	DataProcessor		INFO	polling
