13-03-2016 04:26:25	Main		TRACE	Logger initialized.
13-03-2016 04:26:25	PropertyReader		TRACE	Opening file: settings/settings.txt
13-03-2016 04:26:25	PropertyReader		INFO	File opened: settings/settings.txt
13-03-2016 04:26:25	PropertyReader		INFO	Loading properties file...
13-03-2016 04:26:25	PropertyReader		INFO	Mapped TRACE to LOGGING_LEVEL
13-03-2016 04:26:25	PropertyReader		INFO	Mapped 100 to CAM_BUFFER_SIZE
13-03-2016 04:26:25	PropertyReader		INFO	Mapped 15 to CAM_POLL_FREQUENCY
13-03-2016 04:26:25	PropertyReader		INFO	Mapped 0 to CAM_INDEX
13-03-2016 04:26:25	PropertyReader		DEBUG	Loaded 4 properties successfully
13-03-2016 04:26:25	Controller		INFO	Constructor controller
13-03-2016 04:26:25	Transmitter		INFO	socket retrieve success
13-03-2016 04:26:25	Transmitter		INFO	binding done
13-03-2016 04:26:25	Transmitter		INFO	done listening
13-03-2016 04:26:39	Transmitter		INFO	accepting
13-03-2016 04:26:39	Main		TRACE	intializing controller
13-03-2016 04:26:39	Controller		INFO	Initializing Controller
13-03-2016 04:26:39	Main		TRACE	initializing dataprocessor
13-03-2016 04:26:39	CameraInterface		INFO	Initializing camera
13-03-2016 04:26:39	CameraInterface		INFO	Opening video capture stream at position 0
13-03-2016 04:26:39	Receiver		INFO	Starting Receiver Thread execution loop
13-03-2016 04:26:39	ControllerThread		INFO	Starting Controller Thread execution loop
13-03-2016 04:26:39	Transmitter		INFO	Starting Receiver Thread execution loop
13-03-2016 04:26:39	Transmitter		INFO	running
13-03-2016 04:26:39	Transmitter		INFO	running
13-03-2016 04:26:39	Transmitter		INFO	running
13-03-2016 04:26:39	Transmitter		INFO	running
13-03-2016 04:26:39	Transmitter		INFO	running
13-03-2016 04:26:39	Transmitter		INFO	running
13-03-2016 04:26:39	Transmitter		INFO	running
13-03-2016 04:26:39	Transmitter		INFO	running
13-03-2016 04:26:39	Transmitter		INFO	running
13-03-2016 04:26:39	Transmitter		INFO	running
13-03-2016 04:26:39	Transmitter		INFO	running
13-03-2016 04:26:39	Transmitter		INFO	running
13-03-2016 04:26:39	Transmitter		INFO	running
13-03-2016 04:26:39	Transmitter		INFO	running
13-03-2016 04:26:39	Transmitter		INFO	running
13-03-2016 04:26:39	Transmitter		INFO	running
13-03-2016 04:26:39	Transmitter		INFO	running
13-03-2016 04:26:39	Transmitter		INFO	running
13-03-2016 04:26:39	Transmitter		INFO	running
13-03-2016 04:26:39	Transmitter		INFO	running
13-03-2016 04:26:39	Transmitter		INFO	running
13-03-2016 04:26:39	Transmitter		INFO	running
13-03-2016 04:26:39	Transmitter		INFO	running
13-03-2016 04:26:39	Transmitter		INFO	running
13-03-2016 04:26:39	Transmitter		INFO	running
13-03-2016 04:26:39	Transmitter		INFO	running
13-03-2016 04:26:39	Transmitter		INFO	running
13-03-2016 04:26:39	Transmitter		INFO	running
13-03-2016 04:26:39	Transmitter		INFO	running
13-03-2016 04:26:39	Main		TRACE	running controller
13-03-2016 04:26:39	DataProcessor		INFO	polling
13-03-2016 04:26:39	Transmitter		INFO	running
13-03-2016 04:26:39	Transmitter		INFO	running
13-03-2016 04:26:39	Transmitter		INFO	running
13-03-2016 04:26:39	Transmitter		INFO	running
13-03-2016 04:26:39	Transmitter		INFO	running
13-03-2016 04:26:39	Transmitter		INFO	running
13-03-2016 04:26:39	Transmitter		INFO	running
13-03-2016 04:26:39	Transmitter		INFO	running
13-03-2016 04:26:39	Transmitter		INFO	running
13-03-2016 04:26:39	Transmitter		INFO	running
13-03-2016 04:26:39	Transmitter		INFO	running
13-03-2016 04:26:39	Transmitter		INFO	running
13-03-2016 04:26:39	Transmitter		INFO	running
13-03-2016 04:26:39	Transmitter		INFO	running
13-03-2016 04:26:39	Transmitter		INFO	running
13-03-2016 04:26:39	Transmitter		INFO	running
13-03-2016 04:26:39	Transmitter		INFO	running
13-03-2016 04:26:39	Transmitter		INFO	running
13-03-2016 04:26:39	Transmitter		INFO	running
13-03-2016 04:26:39	Transmitter		INFO	running
13-03-2016 04:26:39	Transmitter		INFO	running
13-03-2016 04:26:39	Transmitter		INFO	running
13-03-2016 04:26:39	Transmitter		INFO	running
13-03-2016 04:26:39	Transmitter		INFO	running
13-03-2016 04:26:39	Transmitter		INFO	running
13-03-2016 04:26:39	Transmitter		INFO	running
13-03-2016 04:26:39	Transmitter		INFO	running
13-03-2016 04:26:39	Transmitter		INFO	running
13-03-2016 04:26:39	Transmitter		INFO	running
13-03-2016 04:26:39	Transmitter		INFO	running
13-03-2016 04:26:39	Transmitter		INFO	running
13-03-2016 04:26:39	Transmitter		INFO	running
13-03-2016 04:26:39	Transmitter		INFO	running
13-03-2016 04:26:39	Transmitter		INFO	running
13-03-2016 04:26:39	Transmitter		INFO	running
13-03-2016 04:26:39	Transmitter		INFO	running
13-03-2016 04:26:39	Transmitter		INFO	running
13-03-2016 04:26:39	Transmitter		INFO	running
13-03-2016 04:26:39	Transmitter		INFO	running
13-03-2016 04:26:39	Transmitter		INFO	running
13-03-2016 04:26:39	Transmitter		INFO	running
13-03-2016 04:26:39	Transmitter		INFO	running
13-03-2016 04:26:39	Transmitter		INFO	running
13-03-2016 04:26:39	Transmitter		INFO	running
13-03-2016 04:26:39	Transmitter		INFO	running
13-03-2016 04:26:39	Transmitter		INFO	running
13-03-2016 04:26:39	Transmitter		INFO	running
13-03-2016 04:26:39	Transmitter		INFO	running
13-03-2016 04:26:40	Transmitter		INFO	running
13-03-2016 04:26:40	Transmitter		INFO	running
13-03-2016 04:26:40	Transmitter		INFO	running
13-03-2016 04:26:40	Transmitter		INFO	running
13-03-2016 04:26:40	Transmitter		INFO	running
13-03-2016 04:26:40	Transmitter		INFO	running
13-03-2016 04:26:40	Transmitter		INFO	running
13-03-2016 04:26:40	Transmitter		INFO	running
13-03-2016 04:26:40	Transmitter		INFO	running
13-03-2016 04:26:40	Transmitter		INFO	running
13-03-2016 04:26:40	Transmitter		INFO	running
13-03-2016 04:26:40	Transmitter		INFO	running
13-03-2016 04:26:40	Transmitter		INFO	running
13-03-2016 04:26:40	Transmitter		INFO	running
13-03-2016 04:26:40	Transmitter		INFO	running
13-03-2016 04:26:40	Transmitter		INFO	running
13-03-2016 04:26:40	Transmitter		INFO	running
13-03-2016 04:26:40	Transmitter		INFO	running
13-03-2016 04:26:40	Transmitter		INFO	running
13-03-2016 04:26:40	Transmitter		INFO	running
13-03-2016 04:26:40	Transmitter		INFO	running
13-03-2016 04:26:40	Transmitter		INFO	running
13-03-2016 04:26:40	Transmitter		INFO	running
13-03-2016 04:26:40	Transmitter		INFO	running
13-03-2016 04:26:40	Transmitter		INFO	running
13-03-2016 04:26:40	Transmitter		INFO	running
13-03-2016 04:26:40	Transmitter		INFO	running
13-03-2016 04:26:40	Transmitter		INFO	running
13-03-2016 04:26:40	Transmitter		INFO	running
13-03-2016 04:26:40	Transmitter		INFO	running
13-03-2016 04:26:40	Transmitter		INFO	running
13-03-2016 04:26:40	Transmitter		INFO	running
13-03-2016 04:26:40	Transmitter		INFO	running
13-03-2016 04:26:40	Transmitter		INFO	running
13-03-2016 04:26:40	Transmitter		INFO	running
13-03-2016 04:26:40	Transmitter		INFO	running
13-03-2016 04:26:40	Transmitter		INFO	running
13-03-2016 04:26:40	Transmitter		INFO	running
13-03-2016 04:26:40	Transmitter		INFO	running
13-03-2016 04:26:40	Transmitter		INFO	running
13-03-2016 04:26:40	Transmitter		INFO	running
13-03-2016 04:26:40	Transmitter		INFO	running
13-03-2016 04:26:40	Transmitter		INFO	running
13-03-2016 04:26:40	Transmitter		INFO	running
13-03-2016 04:26:40	Transmitter		INFO	running
13-03-2016 04:26:40	CameraInterface		INFO	Read successful
13-03-2016 04:26:40	Controller		INFO	sending to transmitter13-03-2016 04:26:40	Transmitter		INFO	running

13-03-2016 04:26:40	Transmitter		INFO	running
13-03-2016 04:26:40	Transmitter		INFO	running
13-03-2016 04:26:40	Transmitter		INFO	pushing into buff
13-03-2016 04:26:40	Transmitter		INFO	running
13-03-2016 04:26:40	Transmitter		INFO	getting from buffer
13-03-2016 04:26:41	DataProcessor		INFO	polling
13-03-2016 04:26:42	CameraInterface		INFO	Read successful
13-03-2016 04:26:42	Controller		INFO	sending to transmitter
13-03-2016 04:26:42	Transmitter		INFO	pushing into buff
13-03-2016 04:26:43	DataProcessor		INFO	polling
13-03-2016 04:26:43	CameraInterface		INFO	Read successful
13-03-2016 04:26:43	Controller		INFO	sending to transmitter
13-03-2016 04:26:43	Transmitter		INFO	pushing into buff
13-03-2016 04:26:44	DataProcessor		INFO	polling
13-03-2016 04:26:44	Transmitter		INFO	sending string: 3653
13-03-2016 04:26:44	Transmitter		INFO	running
13-03-2016 04:26:44	Transmitter		INFO	getting from buffer
13-03-2016 04:26:44	CameraInterface		INFO	Read successful
13-03-2016 04:26:44	Controller		INFO	sending to transmitter
13-03-2016 04:26:44	Transmitter		INFO	pushing into buff
13-03-2016 04:26:45	DataProcessor		INFO	polling
13-03-2016 04:26:46	CameraInterface		INFO	Read successful
13-03-2016 04:26:46	Controller		INFO	sending to transmitter
13-03-2016 04:26:46	Transmitter		INFO	pushing into buff
13-03-2016 04:26:47	DataProcessor		INFO	polling
13-03-2016 04:26:47	CameraInterface		INFO	Read successful
13-03-2016 04:26:47	Controller		INFO	sending to transmitter
13-03-2016 04:26:47	Transmitter		INFO	pushing into buff
13-03-2016 04:26:48	DataProcessor		INFO	polling
13-03-2016 04:26:48	CameraInterface		INFO	Read successful
13-03-2016 04:26:48	Controller		INFO	sending to transmitter
13-03-2016 04:26:48	Transmitter		INFO	pushing into buff
13-03-2016 04:26:49	DataProcessor		INFO	polling
13-03-2016 04:26:49	CameraInterface		INFO	Read successful
13-03-2016 04:26:49	Controller		INFO	sending to transmitter
13-03-2016 04:26:49	Transmitter		INFO	pushing into buff
13-03-2016 04:26:50	Transmitter		INFO	sending string: 771154
13-03-2016 04:26:50	DataProcessor		INFO	polling
13-03-2016 04:26:51	Transmitter		INFO	running
13-03-2016 04:26:51	Transmitter		INFO	getting from buffer
13-03-2016 04:26:51	CameraInterface		INFO	Read successful
13-03-2016 04:26:51	Controller		INFO	sending to transmitter
13-03-2016 04:26:51	Transmitter		INFO	pushing into buff
13-03-2016 04:26:52	DataProcessor		INFO	polling
13-03-2016 04:26:52	CameraInterface		INFO	Read successful
13-03-2016 04:26:52	Controller		INFO	sending to transmitter
13-03-2016 04:26:52	Transmitter		INFO	pushing into buff
13-03-2016 04:26:53	DataProcessor		INFO	polling
13-03-2016 04:26:53	CameraInterface		INFO	Read successful
13-03-2016 04:26:53	Controller		INFO	sending to transmitter
13-03-2016 04:26:53	Transmitter		INFO	pushing into buff
13-03-2016 04:26:54	DataProcessor		INFO	polling
13-03-2016 04:26:55	CameraInterface		INFO	Read successful
13-03-2016 04:26:55	Controller		INFO	sending to transmitter
13-03-2016 04:26:55	Transmitter		INFO	pushing into buff
13-03-2016 04:26:56	DataProcessor		INFO	polling
13-03-2016 04:26:56	CameraInterface		INFO	Read successful
13-03-2016 04:26:56	Controller		INFO	sending to transmitter
13-03-2016 04:26:56	Transmitter		INFO	pushing into buff
13-03-2016 04:26:57	Transmitter		INFO	sending string: 829834
13-03-2016 04:26:57	DataProcessor		INFO	polling
13-03-2016 04:26:57	CameraInterface		INFO	Read successful
13-03-2016 04:26:58	Controller		INFO	sending to transmitter
13-03-2016 04:26:58	Transmitter		INFO	pushing into buff
13-03-2016 04:26:58	Transmitter		INFO	running
13-03-2016 04:26:58	Transmitter		INFO	getting from buffer
13-03-2016 04:26:59	DataProcessor		INFO	polling
13-03-2016 04:26:59	CameraInterface		INFO	Read successful
13-03-2016 04:26:59	Controller		INFO	sending to transmitter
13-03-2016 04:26:59	Transmitter		INFO	pushing into buff
13-03-2016 04:27:00	DataProcessor		INFO	polling
13-03-2016 04:27:00	CameraInterface		INFO	Read successful
13-03-2016 04:27:00	Controller		INFO	sending to transmitter
13-03-2016 04:27:00	Transmitter		INFO	pushing into buff
13-03-2016 04:27:01	DataProcessor		INFO	polling
13-03-2016 04:27:01	CameraInterface		INFO	Read successful
13-03-2016 04:27:01	Controller		INFO	sending to transmitter
13-03-2016 04:27:01	Transmitter		INFO	pushing into buff
13-03-2016 04:27:02	DataProcessor		INFO	polling
13-03-2016 04:27:03	CameraInterface		INFO	Read successful
13-03-2016 04:27:03	Controller		INFO	sending to transmitter
13-03-2016 04:27:03	Transmitter		INFO	pushing into buff
13-03-2016 04:27:04	DataProcessor		INFO	polling
13-03-2016 04:27:04	Transmitter		INFO	sending string: 825316
13-03-2016 04:27:04	CameraInterface		INFO	Read successful
13-03-2016 04:27:04	Controller		INFO	sending to transmitter
13-03-2016 04:27:04	Transmitter		INFO	pushing into buff
13-03-2016 04:27:04	Transmitter		INFO	running
13-03-2016 04:27:04	Transmitter		INFO	getting from buffer
13-03-2016 04:27:05	DataProcessor		INFO	polling
13-03-2016 04:27:05	CameraInterface		INFO	Read successful
13-03-2016 04:27:05	Controller		INFO	sending to transmitter
13-03-2016 04:27:05	Transmitter		INFO	pushing into buff
13-03-2016 04:27:06	DataProcessor		INFO	polling
13-03-2016 04:27:06	CameraInterface		INFO	Read successful
13-03-2016 04:27:06	Controller		INFO	sending to transmitter
13-03-2016 04:27:06	Transmitter		INFO	pushing into buff
13-03-2016 04:27:07	DataProcessor		INFO	polling
13-03-2016 04:27:08	CameraInterface		INFO	Read successful
13-03-2016 04:27:08	Controller		INFO	sending to transmitter
13-03-2016 04:27:08	Transmitter		INFO	pushing into buff
13-03-2016 04:27:09	DataProcessor		INFO	polling
13-03-2016 04:27:09	CameraInterface		INFO	Read successful
13-03-2016 04:27:09	Controller		INFO	sending to transmitter
13-03-2016 04:27:09	Transmitter		INFO	pushing into buff
13-03-2016 04:27:10	DataProcessor		INFO	polling
13-03-2016 04:27:10	CameraInterface		INFO	Read successful
13-03-2016 04:27:10	Controller		INFO	sending to transmitter
13-03-2016 04:27:10	Transmitter		INFO	pushing into buff
13-03-2016 04:27:10	Transmitter		INFO	sending string: 834784
13-03-2016 04:27:11	Transmitter		INFO	running
13-03-2016 04:27:11	Transmitter		INFO	getting from buffer
13-03-2016 04:27:11	DataProcessor		INFO	polling
13-03-2016 04:27:11	CameraInterface		INFO	Read successful
13-03-2016 04:27:11	Controller		INFO	sending to transmitter
13-03-2016 04:27:11	Transmitter		INFO	pushing into buff
13-03-2016 04:27:12	DataProcessor		INFO	polling
13-03-2016 04:27:13	CameraInterface		INFO	Read successful
13-03-2016 04:27:13	Controller		INFO	sending to transmitter
13-03-2016 04:27:13	Transmitter		INFO	pushing into buff
13-03-2016 04:27:14	DataProcessor		INFO	polling
13-03-2016 04:27:14	CameraInterface		INFO	Read successful
13-03-2016 04:27:14	Controller		INFO	sending to transmitter
13-03-2016 04:27:14	Transmitter		INFO	pushing into buff
13-03-2016 04:27:15	DataProcessor		INFO	polling
13-03-2016 04:27:15	CameraInterface		INFO	Read successful
13-03-2016 04:27:15	Controller		INFO	sending to transmitter
13-03-2016 04:27:15	Transmitter		INFO	pushing into buff
13-03-2016 04:27:16	DataProcessor		INFO	polling
13-03-2016 04:27:16	CameraInterface		INFO	Read successful
13-03-2016 04:27:16	Controller		INFO	sending to transmitter
13-03-2016 04:27:16	Transmitter		INFO	pushing into buff
13-03-2016 04:27:17	Transmitter		INFO	sending string: 844787
13-03-2016 04:27:17	DataProcessor		INFO	polling
13-03-2016 04:27:18	Transmitter		INFO	running
13-03-2016 04:27:18	Transmitter		INFO	getting from buffer
13-03-2016 04:27:18	CameraInterface		INFO	Read successful
13-03-2016 04:27:18	Controller		INFO	sending to transmitter
13-03-2016 04:27:18	Transmitter		INFO	pushing into buff
13-03-2016 04:27:19	DataProcessor		INFO	polling
13-03-2016 04:27:19	CameraInterface		INFO	Read successful
13-03-2016 04:27:19	Controller		INFO	sending to transmitter
13-03-2016 04:27:19	Transmitter		INFO	pushing into buff
13-03-2016 04:27:20	DataProcessor		INFO	polling
13-03-2016 04:27:20	CameraInterface		INFO	Read successful
13-03-2016 04:27:20	Controller		INFO	sending to transmitter
13-03-2016 04:27:20	Transmitter		INFO	pushing into buff
13-03-2016 04:27:21	DataProcessor		INFO	polling
13-03-2016 04:27:22	CameraInterface		INFO	Read successful
13-03-2016 04:27:22	Controller		INFO	sending to transmitter
13-03-2016 04:27:22	Transmitter		INFO	pushing into buff
13-03-2016 04:27:23	DataProcessor		INFO	polling
13-03-2016 04:27:23	CameraInterface		INFO	Read successful
13-03-2016 04:27:23	Controller		INFO	sending to transmitter
13-03-2016 04:27:23	Transmitter		INFO	pushing into buff
13-03-2016 04:27:24	Transmitter		INFO	sending string: 849599
13-03-2016 04:27:24	DataProcessor		INFO	polling
13-03-2016 04:27:24	Transmitter		INFO	running
13-03-2016 04:27:24	Transmitter		INFO	getting from buffer
13-03-2016 04:27:24	CameraInterface		INFO	Read successful
13-03-2016 04:27:24	Controller		INFO	sending to transmitter
13-03-2016 04:27:24	Transmitter		INFO	pushing into buff
13-03-2016 04:27:25	DataProcessor		INFO	polling
13-03-2016 04:27:26	CameraInterface		INFO	Read successful
13-03-2016 04:27:26	Controller		INFO	sending to transmitter
13-03-2016 04:27:26	Transmitter		INFO	pushing into buff
13-03-2016 04:27:27	DataProcessor		INFO	polling
13-03-2016 04:27:27	CameraInterface		INFO	Read successful
13-03-2016 04:27:27	Controller		INFO	sending to transmitter
13-03-2016 04:27:27	Transmitter		INFO	pushing into buff
13-03-2016 04:27:28	DataProcessor		INFO	polling
13-03-2016 04:27:28	CameraInterface		INFO	Read successful
13-03-2016 04:27:28	Controller		INFO	sending to transmitter
13-03-2016 04:27:28	Transmitter		INFO	pushing into buff
13-03-2016 04:27:29	DataProcessor		INFO	polling
13-03-2016 04:27:29	CameraInterface		INFO	Read successful
13-03-2016 04:27:29	Controller		INFO	sending to transmitter
13-03-2016 04:27:29	Transmitter		INFO	pushing into buff
13-03-2016 04:27:30	Transmitter		INFO	sending string: 841572
13-03-2016 04:27:30	DataProcessor		INFO	polling
13-03-2016 04:27:31	Transmitter		INFO	running
13-03-2016 04:27:31	Transmitter		INFO	getting from buffer
13-03-2016 04:27:31	CameraInterface		INFO	Read successful
13-03-2016 04:27:31	Controller		INFO	sending to transmitter
13-03-2016 04:27:31	Transmitter		INFO	pushing into buff
13-03-2016 04:27:32	DataProcessor		INFO	polling
13-03-2016 04:27:32	CameraInterface		INFO	Read successful
13-03-2016 04:27:32	Controller		INFO	sending to transmitter
13-03-2016 04:27:32	Transmitter		INFO	pushing into buff
13-03-2016 04:27:33	DataProcessor		INFO	polling
13-03-2016 04:27:33	CameraInterface		INFO	Read successful
13-03-2016 04:27:34	Controller		INFO	sending to transmitter
13-03-2016 04:27:34	Transmitter		INFO	pushing into buff
13-03-2016 04:27:35	DataProcessor		INFO	polling
13-03-2016 04:27:35	CameraInterface		INFO	Read successful
13-03-2016 04:27:35	Controller		INFO	sending to transmitter
13-03-2016 04:27:35	Transmitter		INFO	pushing into buff
13-03-2016 04:27:36	DataProcessor		INFO	polling
13-03-2016 04:27:36	CameraInterface		INFO	Read successful
13-03-2016 04:27:36	Controller		INFO	sending to transmitter
13-03-2016 04:27:36	Transmitter		INFO	pushing into buff
13-03-2016 04:27:37	DataProcessor		INFO	polling
13-03-2016 04:27:37	CameraInterface		INFO	Read successful
13-03-2016 04:27:37	Controller		INFO	sending to transmitter
13-03-2016 04:27:37	Transmitter		INFO	pushing into buff
13-03-2016 04:27:38	Transmitter		INFO	sending string: 860578
13-03-2016 04:27:38	Transmitter		INFO	running
13-03-2016 04:27:38	Transmitter		INFO	getting from buffer
13-03-2016 04:27:38	DataProcessor		INFO	polling
13-03-2016 04:27:39	CameraInterface		INFO	Read successful
13-03-2016 04:27:39	Controller		INFO	sending to transmitter
13-03-2016 04:27:39	Transmitter		INFO	pushing into buff
13-03-2016 04:27:40	DataProcessor		INFO	polling
13-03-2016 04:27:40	CameraInterface		INFO	Read successful
13-03-2016 04:27:40	Controller		INFO	sending to transmitter
13-03-2016 04:27:40	Transmitter		INFO	pushing into buff
13-03-2016 04:27:41	DataProcessor		INFO	polling
13-03-2016 04:27:41	CameraInterface		INFO	Read successful
13-03-2016 04:27:41	Controller		INFO	sending to transmitter
13-03-2016 04:27:41	Transmitter		INFO	pushing into buff
13-03-2016 04:27:42	DataProcessor		INFO	polling
13-03-2016 04:27:42	CameraInterface		INFO	Read successful
13-03-2016 04:27:42	Controller		INFO	sending to transmitter
13-03-2016 04:27:42	Transmitter		INFO	pushing into buff
13-03-2016 04:27:43	DataProcessor		INFO	polling
13-03-2016 04:27:44	CameraInterface		INFO	Read successful
13-03-2016 04:27:44	Controller		INFO	sending to transmitter
13-03-2016 04:27:44	Transmitter		INFO	pushing into buff
13-03-2016 04:27:44	Transmitter		INFO	sending string: 854542
13-03-2016 04:27:45	DataProcessor		INFO	polling
13-03-2016 04:27:45	Transmitter		INFO	running
13-03-2016 04:27:45	Transmitter		INFO	getting from buffer
13-03-2016 04:27:45	CameraInterface		INFO	Read successful
13-03-2016 04:27:45	Controller		INFO	sending to transmitter
13-03-2016 04:27:45	Transmitter		INFO	pushing into buff
13-03-2016 04:27:46	DataProcessor		INFO	polling
13-03-2016 04:27:46	CameraInterface		INFO	Read successful
13-03-2016 04:27:46	Controller		INFO	sending to transmitter
13-03-2016 04:27:46	Transmitter		INFO	pushing into buff
13-03-2016 04:27:47	DataProcessor		INFO	polling
13-03-2016 04:27:47	CameraInterface		INFO	Read successful
13-03-2016 04:27:47	Controller		INFO	sending to transmitter
13-03-2016 04:27:47	Transmitter		INFO	pushing into buff
13-03-2016 04:27:48	DataProcessor		INFO	polling
13-03-2016 04:27:49	CameraInterface		INFO	Read successful
13-03-2016 04:27:49	Controller		INFO	sending to transmitter
13-03-2016 04:27:49	Transmitter		INFO	pushing into buff
13-03-2016 04:27:50	DataProcessor		INFO	polling
13-03-2016 04:27:50	CameraInterface		INFO	Read successful
13-03-2016 04:27:50	Controller		INFO	sending to transmitter
13-03-2016 04:27:50	Transmitter		INFO	pushing into buff
13-03-2016 04:27:51	Transmitter		INFO	sending string: 802929
13-03-2016 04:27:51	DataProcessor		INFO	polling
13-03-2016 04:27:51	Transmitter		INFO	running
13-03-2016 04:27:51	Transmitter		INFO	getting from buffer
13-03-2016 04:27:51	CameraInterface		INFO	Read successful
13-03-2016 04:27:51	Controller		INFO	sending to transmitter
13-03-2016 04:27:51	Transmitter		INFO	pushing into buff
13-03-2016 04:27:52	DataProcessor		INFO	polling
13-03-2016 04:27:53	CameraInterface		INFO	Read successful
13-03-2016 04:27:53	Controller		INFO	sending to transmitter
13-03-2016 04:27:53	Transmitter		INFO	pushing into buff
13-03-2016 04:27:54	DataProcessor		INFO	polling
13-03-2016 04:27:54	CameraInterface		INFO	Read successful
13-03-2016 04:27:54	Controller		INFO	sending to transmitter
13-03-2016 04:27:54	Transmitter		INFO	pushing into buff
13-03-2016 04:27:55	DataProcessor		INFO	polling
13-03-2016 04:27:55	CameraInterface		INFO	Read successful
13-03-2016 04:27:55	Controller		INFO	sending to transmitter
13-03-2016 04:27:55	Transmitter		INFO	pushing into buff
13-03-2016 04:27:56	DataProcessor		INFO	polling
13-03-2016 04:27:56	CameraInterface		INFO	Read successful
13-03-2016 04:27:56	Controller		INFO	sending to transmitter
13-03-2016 04:27:57	Transmitter		INFO	pushing into buff
13-03-2016 04:27:57	Transmitter		INFO	sending string: 804743
13-03-2016 04:27:58	DataProcessor		INFO	polling
13-03-2016 04:27:58	CameraInterface		INFO	Read successful
13-03-2016 04:27:58	Controller		INFO	sending to transmitter
13-03-2016 04:27:58	Transmitter		INFO	running
13-03-2016 04:27:58	Transmitter		INFO	getting from buffer
13-03-2016 04:27:58	Transmitter		INFO	pushing into buff
13-03-2016 04:27:59	DataProcessor		INFO	polling
13-03-2016 04:27:59	CameraInterface		INFO	Read successful
13-03-2016 04:27:59	Controller		INFO	sending to transmitter
13-03-2016 04:27:59	Transmitter		INFO	pushing into buff
13-03-2016 04:28:00	DataProcessor		INFO	polling
13-03-2016 04:28:01	CameraInterface		INFO	Read successful
13-03-2016 04:28:01	Controller		INFO	sending to transmitter
13-03-2016 04:28:01	Transmitter		INFO	pushing into buff
13-03-2016 04:28:02	DataProcessor		INFO	polling
13-03-2016 04:28:02	CameraInterface		INFO	Read successful
13-03-2016 04:28:02	Controller		INFO	sending to transmitter
13-03-2016 04:28:02	Transmitter		INFO	pushing into buff
13-03-2016 04:28:03	DataProcessor		INFO	polling
13-03-2016 04:28:03	CameraInterface		INFO	Read successful
13-03-2016 04:28:03	Controller		INFO	sending to transmitter
13-03-2016 04:28:03	Transmitter		INFO	pushing into buff
13-03-2016 04:28:04	Transmitter		INFO	sending string: 769782
13-03-2016 04:28:04	DataProcessor		INFO	polling
13-03-2016 04:28:05	Transmitter		INFO	running
13-03-2016 04:28:05	Transmitter		INFO	getting from buffer
13-03-2016 04:28:05	CameraInterface		INFO	Read successful
13-03-2016 04:28:05	Controller		INFO	sending to transmitter
13-03-2016 04:28:05	Transmitter		INFO	pushing into buff
13-03-2016 04:28:06	DataProcessor		INFO	polling
13-03-2016 04:28:06	CameraInterface		INFO	Read successful
13-03-2016 04:28:06	Controller		INFO	sending to transmitter
13-03-2016 04:28:06	Transmitter		INFO	pushing into buff
13-03-2016 04:28:07	DataProcessor		INFO	polling
13-03-2016 04:28:07	CameraInterface		INFO	Read successful
13-03-2016 04:28:07	Controller		INFO	sending to transmitter
13-03-2016 04:28:07	Transmitter		INFO	pushing into buff
13-03-2016 04:28:08	DataProcessor		INFO	polling
13-03-2016 04:28:09	CameraInterface		INFO	Read successful
13-03-2016 04:28:09	Controller		INFO	sending to transmitter
13-03-2016 04:28:09	Transmitter		INFO	pushing into buff
13-03-2016 04:28:10	DataProcessor		INFO	polling
13-03-2016 04:28:10	CameraInterface		INFO	Read successful
13-03-2016 04:28:10	Controller		INFO	sending to transmitter
13-03-2016 04:28:10	Transmitter		INFO	pushing into buff
13-03-2016 04:28:11	Transmitter		INFO	sending string: 782023
13-03-2016 04:28:11	DataProcessor		INFO	polling
13-03-2016 04:28:11	CameraInterface		INFO	Read successful
13-03-2016 04:28:11	Controller		INFO	sending to transmitter
13-03-2016 04:28:11	Transmitter		INFO	pushing into buff
13-03-2016 04:28:12	Transmitter		INFO	running
13-03-2016 04:28:12	Transmitter		INFO	getting from buffer
13-03-2016 04:28:12	DataProcessor		INFO	polling
13-03-2016 04:28:13	CameraInterface		INFO	Read successful
13-03-2016 04:28:13	Controller		INFO	sending to transmitter
13-03-2016 04:28:13	Transmitter		INFO	pushing into buff
13-03-2016 04:28:14	DataProcessor		INFO	polling
13-03-2016 04:28:14	CameraInterface		INFO	Read successful
13-03-2016 04:28:14	Controller		INFO	sending to transmitter
13-03-2016 04:28:14	Transmitter		INFO	pushing into buff
13-03-2016 04:28:15	DataProcessor		INFO	polling
13-03-2016 04:28:15	CameraInterface		INFO	Read successful
13-03-2016 04:28:15	Controller		INFO	sending to transmitter
13-03-2016 04:28:15	Transmitter		INFO	pushing into buff
13-03-2016 04:28:16	DataProcessor		INFO	polling
13-03-2016 04:28:16	CameraInterface		INFO	Read successful
13-03-2016 04:28:16	Controller		INFO	sending to transmitter
13-03-2016 04:28:16	Transmitter		INFO	pushing into buff
13-03-2016 04:28:17	DataProcessor		INFO	polling
13-03-2016 04:28:18	CameraInterface		INFO	Read successful
13-03-2016 04:28:18	Controller		INFO	sending to transmitter
13-03-2016 04:28:18	Transmitter		INFO	pushing into buff
13-03-2016 04:28:18	Transmitter		INFO	sending string: 794128
13-03-2016 04:28:19	DataProcessor		INFO	polling
13-03-2016 04:28:19	CameraInterface		INFO	Read successful
13-03-2016 04:28:19	Controller		INFO	sending to transmitter
13-03-2016 04:28:19	Transmitter		INFO	pushing into buff
13-03-2016 04:28:20	Transmitter		INFO	running
13-03-2016 04:28:20	Transmitter		INFO	getting from buffer
13-03-2016 04:28:20	DataProcessor		INFO	polling
13-03-2016 04:28:21	CameraInterface		INFO	Read successful
13-03-2016 04:28:21	Controller		INFO	sending to transmitter
13-03-2016 04:28:21	Transmitter		INFO	pushing into buff
13-03-2016 04:28:22	DataProcessor		INFO	polling
13-03-2016 04:28:22	CameraInterface		INFO	Read successful
13-03-2016 04:28:22	Controller		INFO	sending to transmitter
13-03-2016 04:28:22	Transmitter		INFO	pushing into buff
13-03-2016 04:28:23	DataProcessor		INFO	polling
13-03-2016 04:28:23	CameraInterface		INFO	Read successful
13-03-2016 04:28:23	Controller		INFO	sending to transmitter
13-03-2016 04:28:23	Transmitter		INFO	pushing into buff
13-03-2016 04:28:24	DataProcessor		INFO	polling
13-03-2016 04:28:25	CameraInterface		INFO	Read successful
13-03-2016 04:28:25	Controller		INFO	sending to transmitter
13-03-2016 04:28:25	Transmitter		INFO	pushing into buff
13-03-2016 04:28:26	DataProcessor		INFO	polling
13-03-2016 04:28:26	CameraInterface		INFO	Read successful
13-03-2016 04:28:26	Controller		INFO	sending to transmitter
13-03-2016 04:28:26	Transmitter		INFO	pushing into buff
13-03-2016 04:28:26	Transmitter		INFO	sending string: 795608
13-03-2016 04:28:27	DataProcessor		INFO	polling
13-03-2016 04:28:28	CameraInterface		INFO	Read successful
13-03-2016 04:28:28	Controller		INFO	sending to transmitter
13-03-2016 04:28:28	Transmitter		INFO	pushing into buff
13-03-2016 04:28:29	DataProcessor		INFO	polling
13-03-2016 04:28:31	CameraInterface		INFO	Read successful
13-03-2016 04:28:35	Controller		INFO	sending to transmitter
13-03-2016 04:28:35	Transmitter		INFO	pushing into buff
13-03-2016 04:28:37	DataProcessor		INFO	polling
13-03-2016 04:28:37	CameraInterface		INFO	Read successful
13-03-2016 04:28:37	Controller		INFO	sending to transmitter
13-03-2016 04:28:37	Transmitter		INFO	pushing into buff
13-03-2016 04:28:38	DataProcessor		INFO	polling
13-03-2016 04:28:39	CameraInterface		INFO	Read successful
13-03-2016 04:28:39	Controller		INFO	sending to transmitter
13-03-2016 04:28:39	Transmitter		INFO	pushing into buff
13-03-2016 04:28:40	DataProcessor		INFO	polling
13-03-2016 04:28:41	CameraInterface		INFO	Read successful
13-03-2016 04:28:42	Controller		INFO	sending to transmitter
13-03-2016 04:28:42	Transmitter		INFO	pushing into buff
13-03-2016 04:28:43	Transmitter		INFO	running
13-03-2016 04:28:43	Transmitter		INFO	getting from buffer
13-03-2016 04:28:44	DataProcessor		INFO	polling
13-03-2016 04:28:44	CameraInterface		INFO	Read successful
13-03-2016 04:28:45	Controller		INFO	sending to transmitter
13-03-2016 04:28:45	Transmitter		INFO	pushing into buff
13-03-2016 04:28:46	DataProcessor		INFO	polling
13-03-2016 04:28:47	CameraInterface		INFO	Read successful
13-03-2016 04:28:47	Controller		INFO	sending to transmitter
13-03-2016 04:28:47	Transmitter		INFO	pushing into buff
13-03-2016 04:28:48	DataProcessor		INFO	polling
13-03-2016 04:28:49	CameraInterface		INFO	Read successful
13-03-2016 04:28:49	Controller		INFO	sending to transmitter
13-03-2016 04:28:50	Transmitter		INFO	pushing into buff
13-03-2016 04:28:51	DataProcessor		INFO	polling
13-03-2016 04:28:52	CameraInterface		INFO	Read successful
13-03-2016 04:28:53	Controller		INFO	sending to transmitter
13-03-2016 04:28:53	Transmitter		INFO	pushing into buff
13-03-2016 04:28:54	DataProcessor		INFO	polling
13-03-2016 04:28:55	CameraInterface		INFO	Read successful
13-03-2016 04:28:55	Controller		INFO	sending to transmitter
13-03-2016 04:28:55	Transmitter		INFO	pushing into buff
13-03-2016 04:28:57	DataProcessor		INFO	polling
13-03-2016 04:28:57	DataProcessor		INFO	polling
13-03-2016 04:28:57	Transmitter		INFO	sending string: 804860
