21-03-2016 05:28:51	Main		TRACE	Logger initialized.
21-03-2016 05:28:51	PropertyReader		TRACE	Opening file: settings/settings.txt
21-03-2016 05:28:51	PropertyReader		INFO	File opened: settings/settings.txt
21-03-2016 05:28:51	PropertyReader		INFO	Loading properties file...
21-03-2016 05:28:51	PropertyReader		INFO	Mapped TRACE to LOGGING_LEVEL
21-03-2016 05:28:51	PropertyReader		INFO	Mapped 100 to CAM_BUFFER_SIZE
21-03-2016 05:28:51	PropertyReader		INFO	Mapped 15 to CAM_POLL_FREQUENCY
21-03-2016 05:28:51	PropertyReader		INFO	Mapped 0 to CAM_INDEX
21-03-2016 05:28:51	PropertyReader		DEBUG	Loaded 4 properties successfully
21-03-2016 05:28:51	Controller		INFO	Constructor controller
21-03-2016 05:28:51	Controller		INFO	socket retrieve success
21-03-2016 05:28:51	Controller		INFO	binding done
21-03-2016 05:28:51	Controller		INFO	done listening
21-03-2016 05:28:55	Controller		INFO	accepting
21-03-2016 05:28:55	Main		TRACE	intializing controller
21-03-2016 05:28:55	Controller		INFO	Initializing Controller
21-03-2016 05:28:55	Main		TRACE	initializing dataprocessor
21-03-2016 05:28:55	CameraInterface		INFO	Initializing camera
21-03-2016 05:28:55	CameraInterface		INFO	Opening video capture stream at position 0
21-03-2016 05:28:55	Transmitter		INFO	Starting Receiver Thread execution loop
21-03-2016 05:28:55	ControllerThread		INFO	Starting Controller Thread execution loop
21-03-2016 05:28:55	Receiver		INFO	Starting Receiver Thread execution loop
21-03-2016 05:28:56	Main		TRACE	running controller
21-03-2016 05:28:56	DataProcessor		INFO	polling
21-03-2016 05:28:56	CameraInterface		INFO	Read successful
21-03-2016 05:28:58	Controller		INFO	sending to transmitter
21-03-2016 05:28:58	Transmitter		INFO	pushing into buff
21-03-2016 05:28:58	Transmitter		INFO	getting from buffer
21-03-2016 05:29:00	Transmitter		INFO	sending string: 3653
