23-01-2016 05:22:30	Main		TRACE	Logger initialized.
23-01-2016 05:22:30	PropertyReader		TRACE	Opening file: settings/settings.txt
23-01-2016 05:22:30	PropertyReader		INFO	File opened: settings/settings.txt
23-01-2016 05:22:30	PropertyReader		INFO	Loading properties file...
23-01-2016 05:22:31	PropertyReader		INFO	Mapped INFO to LOGGING_LEVEL
23-01-2016 05:22:31	PropertyReader		INFO	Mapped 100 to CAM_BUFFER_SIZE
23-01-2016 05:22:31	PropertyReader		INFO	Mapped 15 to CAM_POLL_FREQUENCY
23-01-2016 05:22:31	PropertyReader		INFO	Mapped 0 to CAM_INDEX
23-01-2016 05:22:31	PropertyReader		DEBUG	Loaded 4 properties successfully
23-01-2016 05:22:31	CameraInterface		INFO	Initializing camera
23-01-2016 05:22:31	CameraInterface		INFO	Opening video capture stream at position 0
23-01-2016 05:22:31	CameraInterface		INFO	Here1
23-01-2016 05:22:31	CameraInterface		INFO	Here3
23-01-2016 05:22:31	CameraInterface		INFO	Here5
23-01-2016 05:22:31	CameraInterface		INFO	Here1
23-01-2016 05:22:31	CameraInterface		INFO	Here3
23-01-2016 05:22:31	CameraInterface		INFO	Here5
23-01-2016 05:22:31	CameraInterface		INFO	Here1
23-01-2016 05:22:31	CameraInterface		INFO	Here3
23-01-2016 05:22:31	CameraInterface		INFO	Here5
23-01-2016 05:22:32	CameraInterface		INFO	Here1
23-01-2016 05:22:32	CameraInterface		INFO	Here3
23-01-2016 05:22:32	CameraInterface		INFO	Here5
23-01-2016 05:22:32	CameraInterface		INFO	Here1
23-01-2016 05:22:32	CameraInterface		INFO	Here3
23-01-2016 05:22:32	CameraInterface		INFO	Here5
23-01-2016 05:22:32	CameraInterface		INFO	Here1
23-01-2016 05:22:32	CameraInterface		INFO	Here3
23-01-2016 05:22:32	CameraInterface		INFO	Here5
23-01-2016 05:22:32	CameraInterface		INFO	Here1
23-01-2016 05:22:32	CameraInterface		INFO	Here3
23-01-2016 05:22:32	CameraInterface		INFO	Here5
23-01-2016 05:22:32	CameraInterface		INFO	Here1
23-01-2016 05:22:32	CameraInterface		INFO	Here3
23-01-2016 05:22:32	CameraInterface		INFO	Here5
23-01-2016 05:22:32	CameraInterface		INFO	Here1
23-01-2016 05:22:32	CameraInterface		INFO	Here3
23-01-2016 05:22:32	CameraInterface		INFO	Here5
23-01-2016 05:22:32	CameraInterface		INFO	Here1
23-01-2016 05:22:32	CameraInterface		INFO	Here3
23-01-2016 05:22:32	CameraInterface		INFO	Here5
23-01-2016 05:22:32	CameraInterface		INFO	Here1
23-01-2016 05:22:32	CameraInterface		INFO	Here3
23-01-2016 05:22:32	CameraInterface		INFO	Here5
23-01-2016 05:22:33	CameraInterface		INFO	Here1
23-01-2016 05:22:33	CameraInterface		INFO	Here3
23-01-2016 05:22:33	CameraInterface		INFO	Here5
23-01-2016 05:22:33	CameraInterface		INFO	Here1
23-01-2016 05:22:33	CameraInterface		INFO	Here3
23-01-2016 05:22:33	CameraInterface		INFO	Here5
23-01-2016 05:22:33	CameraInterface		INFO	Here1
23-01-2016 05:22:33	CameraInterface		INFO	Here3
23-01-2016 05:22:33	CameraInterface		INFO	Here5
23-01-2016 05:22:33	CameraInterface		INFO	Here1
23-01-2016 05:22:33	CameraInterface		INFO	Here3
23-01-2016 05:22:33	CameraInterface		INFO	Here5
23-01-2016 05:22:34	CameraInterface		INFO	Here1
23-01-2016 05:22:34	CameraInterface		INFO	Here3
23-01-2016 05:22:34	CameraInterface		INFO	Here5
23-01-2016 05:22:34	CameraInterface		INFO	Here1
23-01-2016 05:22:34	CameraInterface		INFO	Here3
23-01-2016 05:22:34	CameraInterface		INFO	Here5
23-01-2016 05:22:34	CameraInterface		INFO	Here1
23-01-2016 05:22:34	CameraInterface		INFO	Here3
23-01-2016 05:22:34	CameraInterface		INFO	Here5
23-01-2016 05:22:34	CameraInterface		INFO	Here1
23-01-2016 05:22:34	CameraInterface		INFO	Here3
23-01-2016 05:22:34	CameraInterface		INFO	Here5
23-01-2016 05:22:34	CameraInterface		INFO	Here1
23-01-2016 05:22:34	CameraInterface		INFO	Here3
23-01-2016 05:22:34	CameraInterface		INFO	Here5
23-01-2016 05:22:35	CameraInterface		INFO	Here1
23-01-2016 05:22:35	CameraInterface		INFO	Here3
23-01-2016 05:22:35	CameraInterface		INFO	Here5
23-01-2016 05:22:35	CameraInterface		INFO	Here1
23-01-2016 05:22:35	CameraInterface		INFO	Here3
23-01-2016 05:22:35	CameraInterface		INFO	Here5
23-01-2016 05:22:35	CameraInterface		INFO	Here1
23-01-2016 05:22:35	CameraInterface		INFO	Here3
23-01-2016 05:22:35	CameraInterface		INFO	Here5
23-01-2016 05:22:35	CameraInterface		INFO	Here1
23-01-2016 05:22:35	CameraInterface		INFO	Here3
23-01-2016 05:22:35	CameraInterface		INFO	Here5
23-01-2016 05:22:35	CameraInterface		INFO	Here1
23-01-2016 05:22:35	CameraInterface		INFO	Here3
23-01-2016 05:22:35	CameraInterface		INFO	Here5
23-01-2016 05:22:35	CameraInterface		INFO	Here1
23-01-2016 05:22:35	CameraInterface		INFO	Here3
23-01-2016 05:22:35	CameraInterface		INFO	Here5
23-01-2016 05:22:35	CameraInterface		INFO	Here1
23-01-2016 05:22:35	CameraInterface		INFO	Here3
23-01-2016 05:22:35	CameraInterface		INFO	Here5
23-01-2016 05:22:35	CameraInterface		INFO	Here1
23-01-2016 05:22:35	CameraInterface		INFO	Here3
23-01-2016 05:22:35	CameraInterface		INFO	Here5
23-01-2016 05:22:35	CameraInterface		INFO	Here1
23-01-2016 05:22:35	CameraInterface		INFO	Here3
23-01-2016 05:22:35	CameraInterface		INFO	Here5
23-01-2016 05:22:36	CameraInterface		INFO	Here1
23-01-2016 05:22:36	CameraInterface		INFO	Here3
23-01-2016 05:22:36	CameraInterface		INFO	Here5
23-01-2016 05:22:36	CameraInterface		INFO	Here1
23-01-2016 05:22:36	CameraInterface		INFO	Here3
23-01-2016 05:22:36	CameraInterface		INFO	Here5
23-01-2016 05:22:36	CameraInterface		INFO	Here1
23-01-2016 05:22:36	CameraInterface		INFO	Here3
23-01-2016 05:22:36	CameraInterface		INFO	Here5
23-01-2016 05:22:36	CameraInterface		INFO	Here1
23-01-2016 05:22:36	CameraInterface		INFO	Here3
23-01-2016 05:22:36	CameraInterface		INFO	Here5
23-01-2016 05:22:36	CameraInterface		INFO	Here1
23-01-2016 05:22:36	CameraInterface		INFO	Here3
23-01-2016 05:22:36	CameraInterface		INFO	Here5
23-01-2016 05:22:36	CameraInterface		INFO	Here1
23-01-2016 05:22:36	CameraInterface		INFO	Here3
23-01-2016 05:22:36	CameraInterface		INFO	Here5
23-01-2016 05:22:36	CameraInterface		INFO	Here1
23-01-2016 05:22:36	CameraInterface		INFO	Here3
23-01-2016 05:22:36	CameraInterface		INFO	Here5
23-01-2016 05:22:36	CameraInterface		INFO	Here1
23-01-2016 05:22:36	CameraInterface		INFO	Here3
23-01-2016 05:22:36	CameraInterface		INFO	Here5
23-01-2016 05:22:37	CameraInterface		INFO	Here1
23-01-2016 05:22:37	CameraInterface		INFO	Here3
23-01-2016 05:22:37	CameraInterface		INFO	Here5
23-01-2016 05:22:37	CameraInterface		INFO	Here1
23-01-2016 05:22:37	CameraInterface		INFO	Here3
23-01-2016 05:22:37	CameraInterface		INFO	Here5
23-01-2016 05:22:37	CameraInterface		INFO	Here1
23-01-2016 05:22:37	CameraInterface		INFO	Here3
23-01-2016 05:22:37	CameraInterface		INFO	Here5
23-01-2016 05:22:37	CameraInterface		INFO	Here1
23-01-2016 05:22:37	CameraInterface		INFO	Here3
23-01-2016 05:22:37	CameraInterface		INFO	Here5
23-01-2016 05:22:37	CameraInterface		INFO	Here1
23-01-2016 05:22:37	CameraInterface		INFO	Here3
23-01-2016 05:22:37	CameraInterface		INFO	Here5
23-01-2016 05:22:37	CameraInterface		INFO	Here1
23-01-2016 05:22:37	CameraInterface		INFO	Here3
23-01-2016 05:22:37	CameraInterface		INFO	Here5
23-01-2016 05:22:38	CameraInterface		INFO	Here1
23-01-2016 05:22:38	CameraInterface		INFO	Here3
23-01-2016 05:22:38	CameraInterface		INFO	Here5
23-01-2016 05:22:38	CameraInterface		INFO	Here1
23-01-2016 05:22:38	CameraInterface		INFO	Here3
23-01-2016 05:22:38	CameraInterface		INFO	Here5
