17-03-2016 05:51:36	Main		TRACE	Logger initialized.
17-03-2016 05:51:36	PropertyReader		TRACE	Opening file: settings/settings.txt
17-03-2016 05:51:36	PropertyReader		INFO	File opened: settings/settings.txt
17-03-2016 05:51:36	PropertyReader		INFO	Loading properties file...
17-03-2016 05:51:36	PropertyReader		INFO	Mapped TRACE to LOGGING_LEVEL
17-03-2016 05:51:36	PropertyReader		INFO	Mapped 100 to CAM_BUFFER_SIZE
17-03-2016 05:51:36	PropertyReader		INFO	Mapped 15 to CAM_POLL_FREQUENCY
17-03-2016 05:51:36	PropertyReader		INFO	Mapped 0 to CAM_INDEX
17-03-2016 05:51:36	PropertyReader		DEBUG	Loaded 4 properties successfully
17-03-2016 05:51:36	Controller		INFO	Constructor controller
17-03-2016 05:51:36	Transmitter		INFO	socket retrieve success
17-03-2016 05:51:36	Transmitter		INFO	binding done
17-03-2016 05:51:36	Transmitter		INFO	done listening
17-03-2016 05:51:39	Transmitter		INFO	accepting
17-03-2016 05:51:39	Main		TRACE	intializing controller
17-03-2016 05:51:39	Controller		INFO	Initializing Controller
17-03-2016 05:51:39	Main		TRACE	initializing dataprocessor
17-03-2016 05:51:39	CameraInterface		INFO	Initializing camera
17-03-2016 05:51:39	CameraInterface		INFO	Opening video capture stream at position 0
17-03-2016 05:51:39	Receiver		INFO	Starting Receiver Thread execution loop
17-03-2016 05:51:39	Transmitter		INFO	Starting Receiver Thread execution loop
17-03-2016 05:51:39	ControllerThread		INFO	Starting Controller Thread execution loop
17-03-2016 05:51:39	Receiver		INFO	Received point: 393.45, 450.68
17-03-2016 05:51:39	Receiver		INFO	Received point: 100.0, 50.9
17-03-2016 05:51:39	Receiver		INFO	Received point: 170.784, 410.45
17-03-2016 05:51:39	Main		TRACE	running controller
17-03-2016 05:51:39	DataProcessor		INFO	polling
17-03-2016 05:51:39	CameraInterface		INFO	Read successful
17-03-2016 05:51:40	Controller		INFO	sending to transmitter
17-03-2016 05:51:40	Transmitter		INFO	pushing into buff
17-03-2016 05:51:40	Transmitter		INFO	getting from buffer
17-03-2016 05:51:43	Transmitter		INFO	sending string: 3653
17-03-2016 05:51:45	DataProcessor		INFO	polling
17-03-2016 05:51:45	CameraInterface		INFO	Read successful
17-03-2016 05:51:45	Controller		INFO	sending to transmitter
17-03-2016 05:51:45	Transmitter		INFO	pushing into buff
17-03-2016 05:51:45	Transmitter		INFO	getting from buffer
17-03-2016 05:51:48	Transmitter		INFO	sending string: 3664
17-03-2016 05:51:50	DataProcessor		INFO	polling
17-03-2016 05:51:50	CameraInterface		INFO	Read successful
17-03-2016 05:51:50	Controller		INFO	sending to transmitter
17-03-2016 05:51:50	Transmitter		INFO	pushing into buff
17-03-2016 05:51:50	Transmitter		INFO	getting from buffer
