17-03-2016 06:04:33	Main		TRACE	Logger initialized.
17-03-2016 06:04:33	PropertyReader		TRACE	Opening file: settings/settings.txt
17-03-2016 06:04:33	PropertyReader		INFO	File opened: settings/settings.txt
17-03-2016 06:04:33	PropertyReader		INFO	Loading properties file...
17-03-2016 06:04:33	PropertyReader		INFO	Mapped TRACE to LOGGING_LEVEL
17-03-2016 06:04:33	PropertyReader		INFO	Mapped 100 to CAM_BUFFER_SIZE
17-03-2016 06:04:33	PropertyReader		INFO	Mapped 15 to CAM_POLL_FREQUENCY
17-03-2016 06:04:33	PropertyReader		INFO	Mapped 0 to CAM_INDEX
17-03-2016 06:04:33	PropertyReader		DEBUG	Loaded 4 properties successfully
17-03-2016 06:04:33	Controller		INFO	Constructor controller
17-03-2016 06:04:33	Transmitter		INFO	socket retrieve success
17-03-2016 06:04:33	Transmitter		INFO	binding done
17-03-2016 06:04:33	Transmitter		INFO	done listening
17-03-2016 06:04:35	Transmitter		INFO	accepting
17-03-2016 06:04:35	Main		TRACE	intializing controller
17-03-2016 06:04:35	Controller		INFO	Initializing Controller
17-03-2016 06:04:35	Main		TRACE	initializing dataprocessor
17-03-2016 06:04:35	CameraInterface		INFO	Initializing camera
17-03-2016 06:04:35	CameraInterface		INFO	Opening video capture stream at position 0
17-03-2016 06:04:35	Receiver		INFO	Starting Receiver Thread execution loop
17-03-2016 06:04:35	Receiver		INFO	Starting Receiver Thread execution loop
17-03-2016 06:04:35	Transmitter		INFO	Starting Receiver Thread execution loop
17-03-2016 06:04:35	Receiver		INFO	Starting Receiver Thread execution loop
17-03-2016 06:04:35	Transmitter		INFO	Starting Receiver Thread execution loop
17-03-2016 06:04:35	ControllerThread		INFO	Starting Controller Thread execution loop
17-03-2016 06:04:35	Receiver		INFO	Received point: 393.45, 450.68
17-03-2016 06:04:35	Receiver		INFO	Received point: 100.0, 50.9
17-03-2016 06:04:35	Receiver		INFO	Received point: 170.784, 410.45
17-03-2016 06:04:35	Main		TRACE	running controller
17-03-2016 06:04:35	DataProcessor		INFO	polling
17-03-2016 06:04:36	CameraInterface		INFO	Read successful
17-03-2016 06:04:39	Controller		INFO	sending to transmitter
17-03-2016 06:04:39	Transmitter		INFO	pushing into buff
17-03-2016 06:04:39	Transmitter		INFO	getting from buffer
17-03-2016 06:04:42	Transmitter		INFO	sending string: 3653
17-03-2016 06:04:44	DataProcessor		INFO	polling
17-03-2016 06:04:44	CameraInterface		INFO	Read successful
17-03-2016 06:04:47	Controller		INFO	sending to transmitter
17-03-2016 06:04:47	Transmitter		INFO	pushing into buff
17-03-2016 06:04:47	Transmitter		INFO	getting from buffer
17-03-2016 06:04:52	DataProcessor		INFO	polling
17-03-2016 06:04:52	CameraInterface		INFO	Read successful
17-03-2016 06:04:52	Transmitter		INFO	sending string: 1046926
17-03-2016 06:04:55	Controller		INFO	sending to transmitter
17-03-2016 06:04:55	Transmitter		INFO	pushing into buff
17-03-2016 06:04:55	Transmitter		INFO	getting from buffer
17-03-2016 06:05:00	DataProcessor		INFO	polling
17-03-2016 06:05:00	CameraInterface		INFO	Read successful
17-03-2016 06:05:00	Transmitter		INFO	sending string: 1049881
