16-03-2016 06:06:50	Main		TRACE	Logger initialized.
16-03-2016 06:06:50	PropertyReader		TRACE	Opening file: settings/settings.txt
16-03-2016 06:06:50	PropertyReader		INFO	File opened: settings/settings.txt
16-03-2016 06:06:50	PropertyReader		INFO	Loading properties file...
16-03-2016 06:06:50	PropertyReader		INFO	Mapped TRACE to LOGGING_LEVEL
16-03-2016 06:06:50	PropertyReader		INFO	Mapped 100 to CAM_BUFFER_SIZE
16-03-2016 06:06:50	PropertyReader		INFO	Mapped 15 to CAM_POLL_FREQUENCY
16-03-2016 06:06:50	PropertyReader		INFO	Mapped 0 to CAM_INDEX
16-03-2016 06:06:50	PropertyReader		DEBUG	Loaded 4 properties successfully
16-03-2016 06:06:50	Controller		INFO	Constructor controller
16-03-2016 06:06:50	Transmitter		INFO	socket retrieve success
16-03-2016 06:06:50	Transmitter		INFO	binding done
16-03-2016 06:06:50	Transmitter		INFO	done listening
16-03-2016 06:07:08	Transmitter		INFO	accepting
16-03-2016 06:07:08	Main		TRACE	intializing controller
16-03-2016 06:07:08	Controller		INFO	Initializing Controller
16-03-2016 06:07:08	Main		TRACE	initializing dataprocessor
16-03-2016 06:07:08	CameraInterface		INFO	Initializing camera
16-03-2016 06:07:08	CameraInterface		INFO	Opening video capture stream at position 0
16-03-2016 06:07:08	Transmitter		INFO	Starting Receiver Thread execution loop
16-03-2016 06:07:08	Transmitter		INFO	running
16-03-2016 06:07:08	Receiver		INFO	Starting Receiver Thread execution loop
16-03-2016 06:07:08	ControllerThread		INFO	Starting Controller Thread execution loop
16-03-2016 06:07:08	Transmitter		INFO	running
16-03-2016 06:07:08	Transmitter		INFO	running
16-03-2016 06:07:08	Transmitter		INFO	running
16-03-2016 06:07:08	Transmitter		INFO	running
16-03-2016 06:07:08	Transmitter		INFO	running
16-03-2016 06:07:08	Transmitter		INFO	running
16-03-2016 06:07:08	Transmitter		INFO	running
16-03-2016 06:07:08	Transmitter		INFO	running
16-03-2016 06:07:08	Transmitter		INFO	running
16-03-2016 06:07:08	Transmitter		INFO	running
16-03-2016 06:07:08	Transmitter		INFO	running
16-03-2016 06:07:08	Transmitter		INFO	running
16-03-2016 06:07:08	Transmitter		INFO	running
16-03-2016 06:07:08	Transmitter		INFO	running
16-03-2016 06:07:08	Transmitter		INFO	running
16-03-2016 06:07:08	Transmitter		INFO	running
16-03-2016 06:07:08	Transmitter		INFO	running
16-03-2016 06:07:08	Transmitter		INFO	running
16-03-2016 06:07:08	Transmitter		INFO	running
16-03-2016 06:07:08	Transmitter		INFO	running
16-03-2016 06:07:08	Transmitter		INFO	running
16-03-2016 06:07:08	Transmitter		INFO	running
16-03-2016 06:07:08	Transmitter		INFO	running
16-03-2016 06:07:08	Transmitter		INFO	running
16-03-2016 06:07:08	Transmitter		INFO	running
16-03-2016 06:07:08	Transmitter		INFO	running
16-03-2016 06:07:08	Transmitter		INFO	running
16-03-2016 06:07:08	Main		TRACE	running controller
16-03-2016 06:07:08	DataProcessor		INFO	polling
16-03-2016 06:07:08	Transmitter		INFO	running
16-03-2016 06:07:08	Transmitter		INFO	running
16-03-2016 06:07:08	Transmitter		INFO	running
16-03-2016 06:07:08	Transmitter		INFO	running
16-03-2016 06:07:08	Transmitter		INFO	running
16-03-2016 06:07:08	Transmitter		INFO	running
16-03-2016 06:07:08	Transmitter		INFO	running
16-03-2016 06:07:08	Transmitter		INFO	running
16-03-2016 06:07:08	Transmitter		INFO	running
16-03-2016 06:07:08	Transmitter		INFO	running
16-03-2016 06:07:08	Transmitter		INFO	running
16-03-2016 06:07:08	Transmitter		INFO	running
16-03-2016 06:07:08	Transmitter		INFO	running
16-03-2016 06:07:08	Transmitter		INFO	running
16-03-2016 06:07:08	Transmitter		INFO	running
16-03-2016 06:07:08	Transmitter		INFO	running
16-03-2016 06:07:08	Transmitter		INFO	running
16-03-2016 06:07:08	Transmitter		INFO	running
16-03-2016 06:07:08	Transmitter		INFO	running
16-03-2016 06:07:08	Transmitter		INFO	running
16-03-2016 06:07:08	Transmitter		INFO	running
16-03-2016 06:07:08	Transmitter		INFO	running
16-03-2016 06:07:08	Transmitter		INFO	running
16-03-2016 06:07:08	Transmitter		INFO	running
16-03-2016 06:07:08	Transmitter		INFO	running
16-03-2016 06:07:08	Transmitter		INFO	running
16-03-2016 06:07:08	Transmitter		INFO	running
16-03-2016 06:07:08	Transmitter		INFO	running
16-03-2016 06:07:08	Transmitter		INFO	running
16-03-2016 06:07:08	Transmitter		INFO	running
16-03-2016 06:07:08	Transmitter		INFO	running
16-03-2016 06:07:08	Transmitter		INFO	running
16-03-2016 06:07:08	Transmitter		INFO	running
16-03-2016 06:07:08	Transmitter		INFO	running
16-03-2016 06:07:08	Transmitter		INFO	running
16-03-2016 06:07:08	Transmitter		INFO	running
16-03-2016 06:07:08	Transmitter		INFO	running
16-03-2016 06:07:08	Transmitter		INFO	running
16-03-2016 06:07:08	Transmitter		INFO	running
16-03-2016 06:07:08	Transmitter		INFO	running
16-03-2016 06:07:08	Transmitter		INFO	running
16-03-2016 06:07:08	Transmitter		INFO	running
16-03-2016 06:07:08	Transmitter		INFO	running
16-03-2016 06:07:08	Transmitter		INFO	running
16-03-2016 06:07:08	Transmitter		INFO	running
16-03-2016 06:07:08	Transmitter		INFO	running
16-03-2016 06:07:08	Transmitter		INFO	running
16-03-2016 06:07:08	Transmitter		INFO	running
16-03-2016 06:07:08	Transmitter		INFO	running
16-03-2016 06:07:08	Transmitter		INFO	running
16-03-2016 06:07:08	Transmitter		INFO	running
16-03-2016 06:07:08	Transmitter		INFO	running
16-03-2016 06:07:08	Transmitter		INFO	running
16-03-2016 06:07:08	Transmitter		INFO	running
16-03-2016 06:07:08	Transmitter		INFO	running
16-03-2016 06:07:08	Transmitter		INFO	running
16-03-2016 06:07:08	Transmitter		INFO	running
16-03-2016 06:07:08	Transmitter		INFO	running
16-03-2016 06:07:08	Transmitter		INFO	running
16-03-2016 06:07:08	Transmitter		INFO	running
16-03-2016 06:07:08	Transmitter		INFO	running
16-03-2016 06:07:08	Transmitter		INFO	running
16-03-2016 06:07:08	Transmitter		INFO	running
16-03-2016 06:07:08	Transmitter		INFO	running
16-03-2016 06:07:08	Transmitter		INFO	running
16-03-2016 06:07:08	Transmitter		INFO	running
16-03-2016 06:07:09	Transmitter		INFO	running
16-03-2016 06:07:09	Transmitter		INFO	running
16-03-2016 06:07:09	Transmitter		INFO	running
16-03-2016 06:07:09	Transmitter		INFO	running
16-03-2016 06:07:09	Transmitter		INFO	running
16-03-2016 06:07:09	Transmitter		INFO	running
16-03-2016 06:07:09	Transmitter		INFO	running
16-03-2016 06:07:09	Transmitter		INFO	running
16-03-2016 06:07:09	Transmitter		INFO	running
16-03-2016 06:07:09	Transmitter		INFO	running
16-03-2016 06:07:09	Transmitter		INFO	running
16-03-2016 06:07:09	Transmitter		INFO	running
16-03-2016 06:07:09	Transmitter		INFO	running
16-03-2016 06:07:09	Transmitter		INFO	running
16-03-2016 06:07:09	Transmitter		INFO	running
16-03-2016 06:07:09	Transmitter		INFO	running
16-03-2016 06:07:09	Transmitter		INFO	running
16-03-2016 06:07:09	Transmitter		INFO	running
16-03-2016 06:07:09	Transmitter		INFO	running
16-03-2016 06:07:09	Transmitter		INFO	running
16-03-2016 06:07:09	Transmitter		INFO	running
16-03-2016 06:07:09	Transmitter		INFO	running
16-03-2016 06:07:09	Transmitter		INFO	running
16-03-2016 06:07:09	Transmitter		INFO	running
16-03-2016 06:07:09	Transmitter		INFO	running
16-03-2016 06:07:09	Transmitter		INFO	running
16-03-2016 06:07:09	Transmitter		INFO	running
16-03-2016 06:07:09	Transmitter		INFO	running
16-03-2016 06:07:09	Transmitter		INFO	running
16-03-2016 06:07:09	Transmitter		INFO	running
16-03-2016 06:07:09	Transmitter		INFO	running
16-03-2016 06:07:09	Transmitter		INFO	running
16-03-2016 06:07:09	Transmitter		INFO	running
16-03-2016 06:07:09	Transmitter		INFO	running
16-03-2016 06:07:09	Transmitter		INFO	running
16-03-2016 06:07:09	Transmitter		INFO	running
16-03-2016 06:07:09	Transmitter		INFO	running
16-03-2016 06:07:09	Transmitter		INFO	running
16-03-2016 06:07:09	Transmitter		INFO	running
16-03-2016 06:07:09	Transmitter		INFO	running
16-03-2016 06:07:09	Transmitter		INFO	running
16-03-2016 06:07:09	CameraInterface		INFO	Read successful
16-03-2016 06:07:09	Transmitter		INFO	running
16-03-2016 06:07:09	Transmitter		INFO	running
16-03-2016 06:07:09	Transmitter		INFO	running
16-03-2016 06:07:09	Transmitter		INFO	running
16-03-2016 06:07:09	Transmitter		INFO	running
16-03-2016 06:07:09	Transmitter		INFO	running
16-03-2016 06:07:09	Transmitter		INFO	running
16-03-2016 06:07:09	Transmitter		INFO	running
16-03-2016 06:07:09	Transmitter		INFO	running
16-03-2016 06:07:09	Transmitter		INFO	running
16-03-2016 06:07:09	Transmitter		INFO	running
16-03-2016 06:07:09	Transmitter		INFO	running
16-03-2016 06:07:09	Transmitter		INFO	running
16-03-2016 06:07:09	Transmitter		INFO	running
16-03-2016 06:07:09	Transmitter		INFO	running
16-03-2016 06:07:09	Transmitter		INFO	running
16-03-2016 06:07:09	Transmitter		INFO	running
16-03-2016 06:07:09	Transmitter		INFO	running
16-03-2016 06:07:09	Transmitter		INFO	running
16-03-2016 06:07:09	Transmitter		INFO	running
16-03-2016 06:07:09	Transmitter		INFO	running
16-03-2016 06:07:09	Transmitter		INFO	running
16-03-2016 06:07:09	Transmitter		INFO	running
16-03-2016 06:07:09	Transmitter		INFO	running
16-03-2016 06:07:09	Transmitter		INFO	running
16-03-2016 06:07:09	Transmitter		INFO	running
16-03-2016 06:07:09	Transmitter		INFO	running
16-03-2016 06:07:09	Transmitter		INFO	running
16-03-2016 06:07:09	Transmitter		INFO	running
16-03-2016 06:07:09	Transmitter		INFO	running
16-03-2016 06:07:09	Transmitter		INFO	running
16-03-2016 06:07:09	Transmitter		INFO	running
16-03-2016 06:07:09	Transmitter		INFO	running
16-03-2016 06:07:09	Transmitter		INFO	running
16-03-2016 06:07:09	Transmitter		INFO	running
16-03-2016 06:07:09	Transmitter		INFO	running
16-03-2016 06:07:09	Transmitter		INFO	running
16-03-2016 06:07:09	Transmitter		INFO	running
16-03-2016 06:07:09	Transmitter		INFO	running
16-03-2016 06:07:09	Transmitter		INFO	running
16-03-2016 06:07:09	Transmitter		INFO	running
16-03-2016 06:07:09	Transmitter		INFO	running
16-03-2016 06:07:09	Transmitter		INFO	running
16-03-2016 06:07:09	Transmitter		INFO	running
16-03-2016 06:07:09	Transmitter		INFO	running
16-03-2016 06:07:10	Transmitter		INFO	running
16-03-2016 06:07:10	Transmitter		INFO	running
16-03-2016 06:07:10	Transmitter		INFO	running
16-03-2016 06:07:10	Transmitter		INFO	running
16-03-2016 06:07:10	Transmitter		INFO	running
16-03-2016 06:07:10	Transmitter		INFO	running
16-03-2016 06:07:10	Transmitter		INFO	running
16-03-2016 06:07:10	Transmitter		INFO	running
16-03-2016 06:07:10	Transmitter		INFO	running
16-03-2016 06:07:10	Transmitter		INFO	running
16-03-2016 06:07:10	Transmitter		INFO	running
16-03-2016 06:07:10	Transmitter		INFO	running
16-03-2016 06:07:10	Transmitter		INFO	running
16-03-2016 06:07:10	Transmitter		INFO	running
16-03-2016 06:07:10	Transmitter		INFO	running
16-03-2016 06:07:10	Transmitter		INFO	running
16-03-2016 06:07:10	Transmitter		INFO	running
16-03-2016 06:07:10	Transmitter		INFO	running
16-03-2016 06:07:10	Transmitter		INFO	running
16-03-2016 06:07:10	Transmitter		INFO	running
16-03-2016 06:07:10	Transmitter		INFO	running
16-03-2016 06:07:10	Transmitter		INFO	running
16-03-2016 06:07:10	Transmitter		INFO	running
16-03-2016 06:07:10	Transmitter		INFO	running
16-03-2016 06:07:10	Transmitter		INFO	running
16-03-2016 06:07:10	Transmitter		INFO	running
16-03-2016 06:07:10	Transmitter		INFO	running
16-03-2016 06:07:10	Transmitter		INFO	running
16-03-2016 06:07:10	Transmitter		INFO	running
16-03-2016 06:07:10	Transmitter		INFO	running
16-03-2016 06:07:10	Transmitter		INFO	running
16-03-2016 06:07:10	Transmitter		INFO	running
16-03-2016 06:07:10	Transmitter		INFO	running
16-03-2016 06:07:10	Transmitter		INFO	running
16-03-2016 06:07:10	Transmitter		INFO	running
16-03-2016 06:07:10	Transmitter		INFO	running
16-03-2016 06:07:10	Transmitter		INFO	running
16-03-2016 06:07:10	Transmitter		INFO	running
16-03-2016 06:07:10	Transmitter		INFO	running
16-03-2016 06:07:10	Transmitter		INFO	running
16-03-2016 06:07:10	Transmitter		INFO	running
16-03-2016 06:07:10	Transmitter		INFO	running
16-03-2016 06:07:10	Transmitter		INFO	running
16-03-2016 06:07:10	Transmitter		INFO	running
16-03-2016 06:07:10	Transmitter		INFO	running
16-03-2016 06:07:10	Transmitter		INFO	running
16-03-2016 06:07:10	Transmitter		INFO	running
16-03-2016 06:07:10	Transmitter		INFO	running
16-03-2016 06:07:10	Transmitter		INFO	running
16-03-2016 06:07:10	Transmitter		INFO	running
16-03-2016 06:07:10	Transmitter		INFO	running
16-03-2016 06:07:10	Transmitter		INFO	running
16-03-2016 06:07:10	Transmitter		INFO	running
16-03-2016 06:07:10	Transmitter		INFO	running
16-03-2016 06:07:10	Transmitter		INFO	running
16-03-2016 06:07:10	Transmitter		INFO	running
16-03-2016 06:07:10	Transmitter		INFO	running
16-03-2016 06:07:10	Transmitter		INFO	running
16-03-2016 06:07:10	Transmitter		INFO	running
16-03-2016 06:07:10	Transmitter		INFO	running
16-03-2016 06:07:10	Transmitter		INFO	running
16-03-2016 06:07:10	Transmitter		INFO	running
16-03-2016 06:07:10	Transmitter		INFO	running
16-03-2016 06:07:10	Transmitter		INFO	running
16-03-2016 06:07:10	Transmitter		INFO	running
16-03-2016 06:07:10	Transmitter		INFO	running
16-03-2016 06:07:10	Transmitter		INFO	running
16-03-2016 06:07:10	Transmitter		INFO	running
16-03-2016 06:07:10	Transmitter		INFO	running
16-03-2016 06:07:10	Transmitter		INFO	running
16-03-2016 06:07:10	Transmitter		INFO	running
16-03-2016 06:07:10	Transmitter		INFO	running
16-03-2016 06:07:10	Transmitter		INFO	running
16-03-2016 06:07:10	Transmitter		INFO	running
16-03-2016 06:07:10	Transmitter		INFO	running
16-03-2016 06:07:10	Transmitter		INFO	running
16-03-2016 06:07:10	Transmitter		INFO	running
16-03-2016 06:07:10	Transmitter		INFO	running
16-03-2016 06:07:10	Transmitter		INFO	running
16-03-2016 06:07:10	Transmitter		INFO	running
16-03-2016 06:07:10	Transmitter		INFO	running
16-03-2016 06:07:10	Transmitter		INFO	running
16-03-2016 06:07:10	Transmitter		INFO	running
16-03-2016 06:07:10	Transmitter		INFO	running
16-03-2016 06:07:10	Transmitter		INFO	running
16-03-2016 06:07:10	Transmitter		INFO	running
16-03-2016 06:07:10	Transmitter		INFO	running
16-03-2016 06:07:10	Transmitter		INFO	running
16-03-2016 06:07:10	Transmitter		INFO	running
16-03-2016 06:07:10	Transmitter		INFO	running
16-03-2016 06:07:10	Transmitter		INFO	running
16-03-2016 06:07:10	Transmitter		INFO	running
16-03-2016 06:07:10	Transmitter		INFO	running
16-03-2016 06:07:10	Transmitter		INFO	running
16-03-2016 06:07:10	Transmitter		INFO	running
16-03-2016 06:07:11	Transmitter		INFO	running
16-03-2016 06:07:11	Transmitter		INFO	running
16-03-2016 06:07:11	Transmitter		INFO	running
16-03-2016 06:07:11	Transmitter		INFO	running
16-03-2016 06:07:11	Transmitter		INFO	running
16-03-2016 06:07:11	Transmitter		INFO	running
16-03-2016 06:07:11	Transmitter		INFO	running
16-03-2016 06:07:11	Transmitter		INFO	running
16-03-2016 06:07:11	Transmitter		INFO	running
16-03-2016 06:07:11	Transmitter		INFO	running
16-03-2016 06:07:11	Transmitter		INFO	running
16-03-2016 06:07:11	Transmitter		INFO	running
16-03-2016 06:07:11	Transmitter		INFO	running
16-03-2016 06:07:11	Transmitter		INFO	running
16-03-2016 06:07:11	Transmitter		INFO	running
16-03-2016 06:07:11	Transmitter		INFO	running
16-03-2016 06:07:11	Transmitter		INFO	running
16-03-2016 06:07:11	Transmitter		INFO	running
16-03-2016 06:07:11	Transmitter		INFO	running
16-03-2016 06:07:11	Transmitter		INFO	running
16-03-2016 06:07:11	Transmitter		INFO	running
16-03-2016 06:07:11	Transmitter		INFO	running
16-03-2016 06:07:11	Transmitter		INFO	running
16-03-2016 06:07:11	Transmitter		INFO	running
16-03-2016 06:07:11	Transmitter		INFO	running
16-03-2016 06:07:11	Transmitter		INFO	running
16-03-2016 06:07:11	Transmitter		INFO	running
16-03-2016 06:07:11	Transmitter		INFO	running
16-03-2016 06:07:11	Transmitter		INFO	running
16-03-2016 06:07:11	Transmitter		INFO	running
16-03-2016 06:07:11	Transmitter		INFO	running
16-03-2016 06:07:11	Transmitter		INFO	running
16-03-2016 06:07:11	Transmitter		INFO	running
16-03-2016 06:07:11	Transmitter		INFO	running
16-03-2016 06:07:11	Transmitter		INFO	running
16-03-2016 06:07:11	Transmitter		INFO	running
16-03-2016 06:07:11	Transmitter		INFO	running
16-03-2016 06:07:11	Transmitter		INFO	running
16-03-2016 06:07:11	Transmitter		INFO	running
16-03-2016 06:07:11	Transmitter		INFO	running
16-03-2016 06:07:11	Transmitter		INFO	running
16-03-2016 06:07:11	Transmitter		INFO	running
16-03-2016 06:07:11	Transmitter		INFO	running
16-03-2016 06:07:11	Transmitter		INFO	running
16-03-2016 06:07:11	Transmitter		INFO	running
16-03-2016 06:07:11	Transmitter		INFO	running
16-03-2016 06:07:11	Transmitter		INFO	running
16-03-2016 06:07:11	Transmitter		INFO	running
16-03-2016 06:07:11	Transmitter		INFO	running
16-03-2016 06:07:11	Transmitter		INFO	running
16-03-2016 06:07:11	Transmitter		INFO	running
16-03-2016 06:07:11	Transmitter		INFO	running
16-03-2016 06:07:11	Transmitter		INFO	running
16-03-2016 06:07:11	Transmitter		INFO	running
16-03-2016 06:07:11	Transmitter		INFO	running
16-03-2016 06:07:11	Transmitter		INFO	running
16-03-2016 06:07:11	Transmitter		INFO	running
16-03-2016 06:07:11	Transmitter		INFO	running
16-03-2016 06:07:11	Transmitter		INFO	running
16-03-2016 06:07:11	Transmitter		INFO	running
16-03-2016 06:07:11	Transmitter		INFO	running
16-03-2016 06:07:11	Transmitter		INFO	running
16-03-2016 06:07:11	Transmitter		INFO	running
16-03-2016 06:07:11	Transmitter		INFO	running
16-03-2016 06:07:11	Transmitter		INFO	running
16-03-2016 06:07:11	Transmitter		INFO	running
16-03-2016 06:07:11	Transmitter		INFO	running
16-03-2016 06:07:11	Transmitter		INFO	running
16-03-2016 06:07:11	Transmitter		INFO	running
16-03-2016 06:07:11	Transmitter		INFO	running
16-03-2016 06:07:11	Transmitter		INFO	running
16-03-2016 06:07:11	Transmitter		INFO	running
16-03-2016 06:07:11	Transmitter		INFO	running
16-03-2016 06:07:11	Transmitter		INFO	running
16-03-2016 06:07:11	Transmitter		INFO	running
16-03-2016 06:07:11	Transmitter		INFO	running
16-03-2016 06:07:11	Transmitter		INFO	running
16-03-2016 06:07:11	Transmitter		INFO	running
16-03-2016 06:07:11	Transmitter		INFO	running
16-03-2016 06:07:11	Transmitter		INFO	running
16-03-2016 06:07:11	Transmitter		INFO	running
16-03-2016 06:07:11	Transmitter		INFO	running
16-03-2016 06:07:11	Transmitter		INFO	running
16-03-2016 06:07:11	Transmitter		INFO	running
16-03-2016 06:07:11	Transmitter		INFO	running
16-03-2016 06:07:11	Transmitter		INFO	running
16-03-2016 06:07:11	Transmitter		INFO	running
16-03-2016 06:07:11	Transmitter		INFO	running
16-03-2016 06:07:11	Transmitter		INFO	running
16-03-2016 06:07:12	Transmitter		INFO	running
16-03-2016 06:07:12	Transmitter		INFO	running
16-03-2016 06:07:12	Transmitter		INFO	running
16-03-2016 06:07:12	Transmitter		INFO	running
16-03-2016 06:07:12	Transmitter		INFO	running
16-03-2016 06:07:12	Transmitter		INFO	running
16-03-2016 06:07:12	Transmitter		INFO	running
16-03-2016 06:07:12	Transmitter		INFO	running
16-03-2016 06:07:12	Transmitter		INFO	running
16-03-2016 06:07:12	Transmitter		INFO	running
16-03-2016 06:07:12	Transmitter		INFO	running
16-03-2016 06:07:12	Transmitter		INFO	running
16-03-2016 06:07:12	Transmitter		INFO	running
16-03-2016 06:07:12	Transmitter		INFO	running
16-03-2016 06:07:12	Transmitter		INFO	running
16-03-2016 06:07:12	Transmitter		INFO	running
16-03-2016 06:07:12	Transmitter		INFO	running
16-03-2016 06:07:12	Transmitter		INFO	running
16-03-2016 06:07:12	Transmitter		INFO	running
16-03-2016 06:07:12	Transmitter		INFO	running
16-03-2016 06:07:12	Transmitter		INFO	running
16-03-2016 06:07:12	Transmitter		INFO	running
16-03-2016 06:07:12	Transmitter		INFO	running
16-03-2016 06:07:12	Transmitter		INFO	running
16-03-2016 06:07:12	Transmitter		INFO	running
16-03-2016 06:07:12	Transmitter		INFO	running
16-03-2016 06:07:12	Transmitter		INFO	running
16-03-2016 06:07:12	Transmitter		INFO	running
16-03-2016 06:07:12	Transmitter		INFO	running
16-03-2016 06:07:12	Transmitter		INFO	running
16-03-2016 06:07:12	Transmitter		INFO	running
16-03-2016 06:07:12	Transmitter		INFO	running
16-03-2016 06:07:12	Transmitter		INFO	running
16-03-2016 06:07:12	Transmitter		INFO	running
16-03-2016 06:07:12	Transmitter		INFO	running
16-03-2016 06:07:12	Transmitter		INFO	running
16-03-2016 06:07:12	Transmitter		INFO	running
16-03-2016 06:07:12	Transmitter		INFO	running
16-03-2016 06:07:12	Transmitter		INFO	running
16-03-2016 06:07:12	Transmitter		INFO	running
16-03-2016 06:07:12	Transmitter		INFO	running
16-03-2016 06:07:12	Transmitter		INFO	running
16-03-2016 06:07:12	Transmitter		INFO	running
16-03-2016 06:07:12	Transmitter		INFO	running
16-03-2016 06:07:12	Transmitter		INFO	running
16-03-2016 06:07:12	Transmitter		INFO	running
16-03-2016 06:07:12	Transmitter		INFO	running
16-03-2016 06:07:12	Transmitter		INFO	running
16-03-2016 06:07:12	Transmitter		INFO	running
16-03-2016 06:07:12	Transmitter		INFO	running
16-03-2016 06:07:12	Transmitter		INFO	running
16-03-2016 06:07:12	Transmitter		INFO	running
16-03-2016 06:07:12	Transmitter		INFO	running
16-03-2016 06:07:12	Transmitter		INFO	running
16-03-2016 06:07:12	Transmitter		INFO	running
16-03-2016 06:07:12	Transmitter		INFO	running
16-03-2016 06:07:12	Transmitter		INFO	running
16-03-2016 06:07:12	Transmitter		INFO	running
16-03-2016 06:07:12	Transmitter		INFO	running
16-03-2016 06:07:12	Transmitter		INFO	running
16-03-2016 06:07:12	Transmitter		INFO	running
16-03-2016 06:07:12	Transmitter		INFO	running
16-03-2016 06:07:12	Transmitter		INFO	running
16-03-2016 06:07:12	Transmitter		INFO	running
16-03-2016 06:07:12	Transmitter		INFO	running
16-03-2016 06:07:12	Transmitter		INFO	running
16-03-2016 06:07:12	Transmitter		INFO	running
16-03-2016 06:07:12	Transmitter		INFO	running
16-03-2016 06:07:12	Transmitter		INFO	running
16-03-2016 06:07:12	Transmitter		INFO	running
16-03-2016 06:07:12	Transmitter		INFO	running
16-03-2016 06:07:12	Transmitter		INFO	running
16-03-2016 06:07:12	Transmitter		INFO	running
16-03-2016 06:07:12	Transmitter		INFO	running
16-03-2016 06:07:12	Transmitter		INFO	running
16-03-2016 06:07:12	Transmitter		INFO	running
16-03-2016 06:07:12	Transmitter		INFO	running
16-03-2016 06:07:12	Transmitter		INFO	running
16-03-2016 06:07:12	Transmitter		INFO	running
16-03-2016 06:07:12	Transmitter		INFO	running
16-03-2016 06:07:12	Transmitter		INFO	running
16-03-2016 06:07:12	Transmitter		INFO	running
16-03-2016 06:07:12	Transmitter		INFO	running
16-03-2016 06:07:12	Transmitter		INFO	running
16-03-2016 06:07:12	Transmitter		INFO	running
16-03-2016 06:07:12	Transmitter		INFO	running
16-03-2016 06:07:12	Transmitter		INFO	running
16-03-2016 06:07:12	Transmitter		INFO	running
16-03-2016 06:07:13	Transmitter		INFO	running
16-03-2016 06:07:13	Transmitter		INFO	running
16-03-2016 06:07:13	Transmitter		INFO	running
16-03-2016 06:07:13	Transmitter		INFO	running
16-03-2016 06:07:13	Transmitter		INFO	running
16-03-2016 06:07:13	Transmitter		INFO	running
16-03-2016 06:07:13	Transmitter		INFO	running
16-03-2016 06:07:13	Transmitter		INFO	running
16-03-2016 06:07:13	Transmitter		INFO	running
16-03-2016 06:07:13	Transmitter		INFO	running
16-03-2016 06:07:13	Transmitter		INFO	running
16-03-2016 06:07:13	Transmitter		INFO	running
16-03-2016 06:07:13	Transmitter		INFO	running
16-03-2016 06:07:13	Transmitter		INFO	running
16-03-2016 06:07:13	Transmitter		INFO	running
16-03-2016 06:07:13	Transmitter		INFO	running
16-03-2016 06:07:13	Transmitter		INFO	running
16-03-2016 06:07:13	Transmitter		INFO	running
16-03-2016 06:07:13	Transmitter		INFO	running
16-03-2016 06:07:13	Transmitter		INFO	running
16-03-2016 06:07:13	Transmitter		INFO	running
16-03-2016 06:07:13	Transmitter		INFO	running
16-03-2016 06:07:13	Transmitter		INFO	running
16-03-2016 06:07:13	Transmitter		INFO	running
16-03-2016 06:07:13	Transmitter		INFO	running
16-03-2016 06:07:13	Transmitter		INFO	running
16-03-2016 06:07:13	Transmitter		INFO	running
16-03-2016 06:07:13	Transmitter		INFO	running
16-03-2016 06:07:13	Transmitter		INFO	running
16-03-2016 06:07:13	Transmitter		INFO	running
16-03-2016 06:07:13	Transmitter		INFO	running
16-03-2016 06:07:13	Transmitter		INFO	running
16-03-2016 06:07:13	Transmitter		INFO	running
16-03-2016 06:07:13	Transmitter		INFO	running
16-03-2016 06:07:13	Transmitter		INFO	running
16-03-2016 06:07:13	Transmitter		INFO	running
16-03-2016 06:07:13	Transmitter		INFO	running
16-03-2016 06:07:13	Transmitter		INFO	running
16-03-2016 06:07:13	Transmitter		INFO	running
16-03-2016 06:07:13	Transmitter		INFO	running
16-03-2016 06:07:13	Transmitter		INFO	running
16-03-2016 06:07:13	Transmitter		INFO	running
16-03-2016 06:07:13	Transmitter		INFO	running
16-03-2016 06:07:13	Transmitter		INFO	running
16-03-2016 06:07:13	Transmitter		INFO	running
16-03-2016 06:07:13	Transmitter		INFO	running
16-03-2016 06:07:13	Transmitter		INFO	running
16-03-2016 06:07:13	Transmitter		INFO	running
16-03-2016 06:07:13	Transmitter		INFO	running
16-03-2016 06:07:13	Transmitter		INFO	running
16-03-2016 06:07:13	Transmitter		INFO	running
16-03-2016 06:07:13	Transmitter		INFO	running
16-03-2016 06:07:13	Transmitter		INFO	running
16-03-2016 06:07:13	Transmitter		INFO	running
16-03-2016 06:07:13	Transmitter		INFO	running
16-03-2016 06:07:13	Transmitter		INFO	running
16-03-2016 06:07:13	Transmitter		INFO	running
16-03-2016 06:07:13	Transmitter		INFO	running
16-03-2016 06:07:13	Transmitter		INFO	running
16-03-2016 06:07:13	Transmitter		INFO	running
16-03-2016 06:07:13	Transmitter		INFO	running
16-03-2016 06:07:13	Transmitter		INFO	running
16-03-2016 06:07:13	Transmitter		INFO	running
16-03-2016 06:07:13	Transmitter		INFO	running
16-03-2016 06:07:13	Transmitter		INFO	running
16-03-2016 06:07:13	Transmitter		INFO	running
16-03-2016 06:07:13	Transmitter		INFO	running
16-03-2016 06:07:13	Transmitter		INFO	running
16-03-2016 06:07:13	Transmitter		INFO	running
16-03-2016 06:07:13	Transmitter		INFO	running
16-03-2016 06:07:13	Transmitter		INFO	running
16-03-2016 06:07:13	Transmitter		INFO	running
16-03-2016 06:07:13	Transmitter		INFO	running
16-03-2016 06:07:13	Transmitter		INFO	running
16-03-2016 06:07:13	Transmitter		INFO	running
16-03-2016 06:07:13	Transmitter		INFO	running
16-03-2016 06:07:13	Transmitter		INFO	running
16-03-2016 06:07:13	Transmitter		INFO	running
16-03-2016 06:07:13	Transmitter		INFO	running
16-03-2016 06:07:13	Transmitter		INFO	running
16-03-2016 06:07:13	Transmitter		INFO	running
16-03-2016 06:07:13	Transmitter		INFO	running
16-03-2016 06:07:13	Transmitter		INFO	running
16-03-2016 06:07:13	Transmitter		INFO	running
16-03-2016 06:07:13	Transmitter		INFO	running
16-03-2016 06:07:13	Transmitter		INFO	running
16-03-2016 06:07:13	Transmitter		INFO	running
16-03-2016 06:07:14	Transmitter		INFO	running
16-03-2016 06:07:14	Transmitter		INFO	running
16-03-2016 06:07:14	Transmitter		INFO	running
16-03-2016 06:07:14	Transmitter		INFO	running
16-03-2016 06:07:14	Transmitter		INFO	running
16-03-2016 06:07:14	Transmitter		INFO	running
16-03-2016 06:07:14	Transmitter		INFO	running
16-03-2016 06:07:14	Transmitter		INFO	running
16-03-2016 06:07:14	Transmitter		INFO	running
16-03-2016 06:07:14	Transmitter		INFO	running
16-03-2016 06:07:14	Transmitter		INFO	running
16-03-2016 06:07:14	Transmitter		INFO	running
16-03-2016 06:07:14	Transmitter		INFO	running
16-03-2016 06:07:14	Transmitter		INFO	running
16-03-2016 06:07:14	Transmitter		INFO	running
16-03-2016 06:07:14	Transmitter		INFO	running
16-03-2016 06:07:14	Transmitter		INFO	running
16-03-2016 06:07:14	Transmitter		INFO	running
16-03-2016 06:07:14	Transmitter		INFO	running
16-03-2016 06:07:14	Transmitter		INFO	running
16-03-2016 06:07:14	Transmitter		INFO	running
16-03-2016 06:07:14	Transmitter		INFO	running
16-03-2016 06:07:14	Transmitter		INFO	running
16-03-2016 06:07:14	Transmitter		INFO	running
16-03-2016 06:07:14	Transmitter		INFO	running
16-03-2016 06:07:14	Transmitter		INFO	running
16-03-2016 06:07:14	Transmitter		INFO	running
16-03-2016 06:07:14	Transmitter		INFO	running
16-03-2016 06:07:14	Transmitter		INFO	running
16-03-2016 06:07:14	Transmitter		INFO	running
16-03-2016 06:07:14	Transmitter		INFO	running
16-03-2016 06:07:14	Transmitter		INFO	running
16-03-2016 06:07:14	Transmitter		INFO	running
16-03-2016 06:07:14	Transmitter		INFO	running
16-03-2016 06:07:14	Transmitter		INFO	running
16-03-2016 06:07:14	Transmitter		INFO	running
16-03-2016 06:07:14	Transmitter		INFO	running
16-03-2016 06:07:14	Transmitter		INFO	running
16-03-2016 06:07:14	Transmitter		INFO	running
16-03-2016 06:07:14	Transmitter		INFO	running
16-03-2016 06:07:14	Transmitter		INFO	running
16-03-2016 06:07:14	Transmitter		INFO	running
16-03-2016 06:07:14	Transmitter		INFO	running
16-03-2016 06:07:14	Transmitter		INFO	running
16-03-2016 06:07:14	Transmitter		INFO	running
16-03-2016 06:07:14	Transmitter		INFO	running
16-03-2016 06:07:14	Transmitter		INFO	running
16-03-2016 06:07:14	Transmitter		INFO	running
16-03-2016 06:07:14	Transmitter		INFO	running
16-03-2016 06:07:14	Transmitter		INFO	running
16-03-2016 06:07:14	Transmitter		INFO	running
16-03-2016 06:07:14	Transmitter		INFO	running
16-03-2016 06:07:14	Transmitter		INFO	running
16-03-2016 06:07:14	Transmitter		INFO	running
16-03-2016 06:07:14	Transmitter		INFO	running
16-03-2016 06:07:14	Transmitter		INFO	running
16-03-2016 06:07:14	Transmitter		INFO	running
16-03-2016 06:07:14	Transmitter		INFO	running
16-03-2016 06:07:14	Transmitter		INFO	running
16-03-2016 06:07:14	Transmitter		INFO	running
16-03-2016 06:07:14	Transmitter		INFO	running
16-03-2016 06:07:14	Transmitter		INFO	running
16-03-2016 06:07:14	Transmitter		INFO	running
16-03-2016 06:07:14	Transmitter		INFO	running
16-03-2016 06:07:14	Transmitter		INFO	running
16-03-2016 06:07:14	Transmitter		INFO	running
16-03-2016 06:07:14	Transmitter		INFO	running
16-03-2016 06:07:14	Transmitter		INFO	running
16-03-2016 06:07:14	Transmitter		INFO	running
16-03-2016 06:07:14	Transmitter		INFO	running
16-03-2016 06:07:14	Transmitter		INFO	running
16-03-2016 06:07:14	Transmitter		INFO	running
16-03-2016 06:07:14	Transmitter		INFO	running
16-03-2016 06:07:14	Transmitter		INFO	running
16-03-2016 06:07:14	Transmitter		INFO	running
16-03-2016 06:07:14	Transmitter		INFO	running
16-03-2016 06:07:14	Transmitter		INFO	running
16-03-2016 06:07:14	Transmitter		INFO	running
16-03-2016 06:07:14	Transmitter		INFO	running
16-03-2016 06:07:14	Transmitter		INFO	running
16-03-2016 06:07:14	Transmitter		INFO	running
16-03-2016 06:07:14	Transmitter		INFO	running
16-03-2016 06:07:14	Transmitter		INFO	running
16-03-2016 06:07:14	Transmitter		INFO	running
16-03-2016 06:07:14	Transmitter		INFO	running
16-03-2016 06:07:14	Transmitter		INFO	running
16-03-2016 06:07:14	Transmitter		INFO	running
16-03-2016 06:07:14	Transmitter		INFO	running
16-03-2016 06:07:14	Transmitter		INFO	running
16-03-2016 06:07:15	Transmitter		INFO	running
16-03-2016 06:07:15	Transmitter		INFO	running
16-03-2016 06:07:15	Transmitter		INFO	running
16-03-2016 06:07:15	Transmitter		INFO	running
16-03-2016 06:07:15	Transmitter		INFO	running
16-03-2016 06:07:15	Transmitter		INFO	running
16-03-2016 06:07:15	Transmitter		INFO	running
16-03-2016 06:07:15	Transmitter		INFO	running
16-03-2016 06:07:15	Transmitter		INFO	running
16-03-2016 06:07:15	Transmitter		INFO	running
16-03-2016 06:07:15	Transmitter		INFO	running
16-03-2016 06:07:15	Transmitter		INFO	running
16-03-2016 06:07:15	Transmitter		INFO	running
16-03-2016 06:07:15	Transmitter		INFO	running
16-03-2016 06:07:15	Transmitter		INFO	running
16-03-2016 06:07:15	Transmitter		INFO	running
16-03-2016 06:07:15	Transmitter		INFO	running
16-03-2016 06:07:15	Transmitter		INFO	running
16-03-2016 06:07:15	Transmitter		INFO	running
16-03-2016 06:07:15	Transmitter		INFO	running
16-03-2016 06:07:15	Transmitter		INFO	running
16-03-2016 06:07:15	Transmitter		INFO	running
16-03-2016 06:07:15	Transmitter		INFO	running
16-03-2016 06:07:15	Transmitter		INFO	running
16-03-2016 06:07:15	Transmitter		INFO	running
16-03-2016 06:07:15	Transmitter		INFO	running
16-03-2016 06:07:15	Transmitter		INFO	running
16-03-2016 06:07:15	Transmitter		INFO	running
16-03-2016 06:07:15	Transmitter		INFO	running
16-03-2016 06:07:15	Transmitter		INFO	running
16-03-2016 06:07:15	Transmitter		INFO	running
16-03-2016 06:07:15	Transmitter		INFO	running
16-03-2016 06:07:15	Transmitter		INFO	running
16-03-2016 06:07:15	Transmitter		INFO	running
16-03-2016 06:07:15	Transmitter		INFO	running
16-03-2016 06:07:15	Transmitter		INFO	running
16-03-2016 06:07:15	Transmitter		INFO	running
16-03-2016 06:07:15	Transmitter		INFO	running
16-03-2016 06:07:15	Transmitter		INFO	running
16-03-2016 06:07:15	Transmitter		INFO	running
16-03-2016 06:07:15	Transmitter		INFO	running
16-03-2016 06:07:15	Transmitter		INFO	running
16-03-2016 06:07:15	Transmitter		INFO	running
16-03-2016 06:07:15	Transmitter		INFO	running
16-03-2016 06:07:15	Transmitter		INFO	running
16-03-2016 06:07:15	Transmitter		INFO	running
16-03-2016 06:07:15	Transmitter		INFO	running
16-03-2016 06:07:15	Transmitter		INFO	running
16-03-2016 06:07:15	Transmitter		INFO	running
16-03-2016 06:07:15	Transmitter		INFO	running
16-03-2016 06:07:15	Transmitter		INFO	running
16-03-2016 06:07:15	Transmitter		INFO	running
16-03-2016 06:07:15	Transmitter		INFO	running
16-03-2016 06:07:15	Transmitter		INFO	running
16-03-2016 06:07:15	Transmitter		INFO	running
16-03-2016 06:07:15	Transmitter		INFO	running
16-03-2016 06:07:15	Transmitter		INFO	running
16-03-2016 06:07:15	Transmitter		INFO	running
16-03-2016 06:07:15	Transmitter		INFO	running
16-03-2016 06:07:15	Transmitter		INFO	running
16-03-2016 06:07:15	Transmitter		INFO	running
16-03-2016 06:07:15	Transmitter		INFO	running
16-03-2016 06:07:15	Transmitter		INFO	running
16-03-2016 06:07:15	Transmitter		INFO	running
16-03-2016 06:07:15	Transmitter		INFO	running
16-03-2016 06:07:15	Transmitter		INFO	running
16-03-2016 06:07:15	Transmitter		INFO	running
16-03-2016 06:07:15	Transmitter		INFO	running
16-03-2016 06:07:15	Transmitter		INFO	running
16-03-2016 06:07:15	Transmitter		INFO	running
16-03-2016 06:07:15	Transmitter		INFO	running
16-03-2016 06:07:15	Transmitter		INFO	running
16-03-2016 06:07:15	Transmitter		INFO	running
16-03-2016 06:07:15	Transmitter		INFO	running
16-03-2016 06:07:15	Transmitter		INFO	running
16-03-2016 06:07:15	Transmitter		INFO	running
16-03-2016 06:07:15	Transmitter		INFO	running
16-03-2016 06:07:15	Transmitter		INFO	running
16-03-2016 06:07:15	Transmitter		INFO	running
16-03-2016 06:07:15	Transmitter		INFO	running
16-03-2016 06:07:15	Transmitter		INFO	running
16-03-2016 06:07:15	Transmitter		INFO	running
16-03-2016 06:07:15	Transmitter		INFO	running
16-03-2016 06:07:15	Transmitter		INFO	running
16-03-2016 06:07:15	Transmitter		INFO	running
16-03-2016 06:07:15	Transmitter		INFO	running
16-03-2016 06:07:15	Transmitter		INFO	running
16-03-2016 06:07:16	Transmitter		INFO	running
16-03-2016 06:07:16	Transmitter		INFO	running
16-03-2016 06:07:16	Transmitter		INFO	running
16-03-2016 06:07:16	Transmitter		INFO	running
16-03-2016 06:07:16	Transmitter		INFO	running
16-03-2016 06:07:16	Transmitter		INFO	running
16-03-2016 06:07:16	Transmitter		INFO	running
16-03-2016 06:07:16	Transmitter		INFO	running
16-03-2016 06:07:16	Transmitter		INFO	running
16-03-2016 06:07:16	Transmitter		INFO	running
16-03-2016 06:07:16	Transmitter		INFO	running
16-03-2016 06:07:16	Transmitter		INFO	running
16-03-2016 06:07:16	Transmitter		INFO	running
16-03-2016 06:07:16	Transmitter		INFO	running
16-03-2016 06:07:16	Transmitter		INFO	running
16-03-2016 06:07:16	Transmitter		INFO	running
16-03-2016 06:07:16	Transmitter		INFO	running
16-03-2016 06:07:16	Transmitter		INFO	running
16-03-2016 06:07:16	Transmitter		INFO	running
16-03-2016 06:07:16	Transmitter		INFO	running
16-03-2016 06:07:16	Transmitter		INFO	running
16-03-2016 06:07:16	Transmitter		INFO	running
16-03-2016 06:07:16	Transmitter		INFO	running
16-03-2016 06:07:16	Transmitter		INFO	running
16-03-2016 06:07:16	Transmitter		INFO	running
16-03-2016 06:07:16	Transmitter		INFO	running
16-03-2016 06:07:16	Transmitter		INFO	running
16-03-2016 06:07:16	Transmitter		INFO	running
16-03-2016 06:07:16	Transmitter		INFO	running
16-03-2016 06:07:16	Transmitter		INFO	running
16-03-2016 06:07:16	Transmitter		INFO	running
16-03-2016 06:07:16	Transmitter		INFO	running
16-03-2016 06:07:16	Transmitter		INFO	running
16-03-2016 06:07:16	Transmitter		INFO	running
16-03-2016 06:07:16	Transmitter		INFO	running
16-03-2016 06:07:16	Transmitter		INFO	running
16-03-2016 06:07:16	Transmitter		INFO	running
16-03-2016 06:07:16	Transmitter		INFO	running
16-03-2016 06:07:16	Transmitter		INFO	running
16-03-2016 06:07:16	Transmitter		INFO	running
16-03-2016 06:07:16	Transmitter		INFO	running
16-03-2016 06:07:16	Transmitter		INFO	running
16-03-2016 06:07:16	Transmitter		INFO	running
16-03-2016 06:07:16	Transmitter		INFO	running
16-03-2016 06:07:16	Transmitter		INFO	running
16-03-2016 06:07:16	Transmitter		INFO	running
16-03-2016 06:07:16	Transmitter		INFO	running
16-03-2016 06:07:16	Transmitter		INFO	running
16-03-2016 06:07:16	Transmitter		INFO	running
16-03-2016 06:07:16	Transmitter		INFO	running
16-03-2016 06:07:16	Transmitter		INFO	running
16-03-2016 06:07:16	Transmitter		INFO	running
16-03-2016 06:07:16	Transmitter		INFO	running
16-03-2016 06:07:16	Transmitter		INFO	running
16-03-2016 06:07:16	Transmitter		INFO	running
16-03-2016 06:07:16	Transmitter		INFO	running
16-03-2016 06:07:16	Transmitter		INFO	running
16-03-2016 06:07:16	Transmitter		INFO	running
16-03-2016 06:07:16	Transmitter		INFO	running
16-03-2016 06:07:16	Transmitter		INFO	running
16-03-2016 06:07:16	Transmitter		INFO	running
16-03-2016 06:07:16	Transmitter		INFO	running
16-03-2016 06:07:16	Transmitter		INFO	running
16-03-2016 06:07:16	Transmitter		INFO	running
16-03-2016 06:07:16	Transmitter		INFO	running
16-03-2016 06:07:16	Transmitter		INFO	running
16-03-2016 06:07:16	Transmitter		INFO	running
16-03-2016 06:07:16	Transmitter		INFO	running
16-03-2016 06:07:16	Transmitter		INFO	running
16-03-2016 06:07:16	Transmitter		INFO	running
16-03-2016 06:07:16	Transmitter		INFO	running
16-03-2016 06:07:16	Transmitter		INFO	running
16-03-2016 06:07:16	Transmitter		INFO	running
16-03-2016 06:07:16	Transmitter		INFO	running
16-03-2016 06:07:16	Transmitter		INFO	running
16-03-2016 06:07:16	Transmitter		INFO	running
16-03-2016 06:07:16	Transmitter		INFO	running
16-03-2016 06:07:16	Transmitter		INFO	running
16-03-2016 06:07:16	Transmitter		INFO	running
16-03-2016 06:07:16	Transmitter		INFO	running
16-03-2016 06:07:16	Transmitter		INFO	running
16-03-2016 06:07:16	Transmitter		INFO	running
16-03-2016 06:07:16	Transmitter		INFO	running
16-03-2016 06:07:16	Transmitter		INFO	running
16-03-2016 06:07:16	Transmitter		INFO	running
16-03-2016 06:07:16	Transmitter		INFO	running
16-03-2016 06:07:16	Transmitter		INFO	running
16-03-2016 06:07:16	Transmitter		INFO	running
16-03-2016 06:07:16	Transmitter		INFO	running
16-03-2016 06:07:16	Transmitter		INFO	running
16-03-2016 06:07:17	Transmitter		INFO	running
16-03-2016 06:07:17	Transmitter		INFO	running
16-03-2016 06:07:17	Transmitter		INFO	running
16-03-2016 06:07:17	Transmitter		INFO	running
16-03-2016 06:07:17	Transmitter		INFO	running
16-03-2016 06:07:17	Transmitter		INFO	running
16-03-2016 06:07:17	Transmitter		INFO	running
16-03-2016 06:07:17	Transmitter		INFO	running
16-03-2016 06:07:17	Transmitter		INFO	running
16-03-2016 06:07:17	Transmitter		INFO	running
16-03-2016 06:07:17	Transmitter		INFO	running
16-03-2016 06:07:17	Transmitter		INFO	running
16-03-2016 06:07:17	Transmitter		INFO	running
16-03-2016 06:07:17	Transmitter		INFO	running
16-03-2016 06:07:17	Transmitter		INFO	running
16-03-2016 06:07:17	Transmitter		INFO	running
16-03-2016 06:07:17	Transmitter		INFO	running
16-03-2016 06:07:17	Transmitter		INFO	running
16-03-2016 06:07:17	Transmitter		INFO	running
16-03-2016 06:07:17	Transmitter		INFO	running
16-03-2016 06:07:17	Transmitter		INFO	running
16-03-2016 06:07:17	Transmitter		INFO	running
16-03-2016 06:07:17	Transmitter		INFO	running
16-03-2016 06:07:17	Transmitter		INFO	running
16-03-2016 06:07:17	Transmitter		INFO	running
16-03-2016 06:07:17	Transmitter		INFO	running
16-03-2016 06:07:17	Transmitter		INFO	running
16-03-2016 06:07:17	Transmitter		INFO	running
16-03-2016 06:07:17	Transmitter		INFO	running
16-03-2016 06:07:17	Transmitter		INFO	running
16-03-2016 06:07:17	Transmitter		INFO	running
16-03-2016 06:07:17	Transmitter		INFO	running
16-03-2016 06:07:17	Transmitter		INFO	running
16-03-2016 06:07:17	Transmitter		INFO	running
16-03-2016 06:07:17	Transmitter		INFO	running
16-03-2016 06:07:17	Transmitter		INFO	running
16-03-2016 06:07:17	Transmitter		INFO	running
16-03-2016 06:07:17	Transmitter		INFO	running
16-03-2016 06:07:17	Transmitter		INFO	running
16-03-2016 06:07:17	Transmitter		INFO	running
16-03-2016 06:07:17	Transmitter		INFO	running
16-03-2016 06:07:17	Transmitter		INFO	running
16-03-2016 06:07:17	Transmitter		INFO	running
16-03-2016 06:07:17	Transmitter		INFO	running
16-03-2016 06:07:17	Transmitter		INFO	running
16-03-2016 06:07:17	Transmitter		INFO	running
16-03-2016 06:07:17	Transmitter		INFO	running
16-03-2016 06:07:17	Transmitter		INFO	running
16-03-2016 06:07:17	Transmitter		INFO	running
16-03-2016 06:07:17	Transmitter		INFO	running
16-03-2016 06:07:17	Transmitter		INFO	running
16-03-2016 06:07:17	Transmitter		INFO	running
16-03-2016 06:07:17	Transmitter		INFO	running
16-03-2016 06:07:17	Transmitter		INFO	running
16-03-2016 06:07:17	Transmitter		INFO	running
16-03-2016 06:07:17	Transmitter		INFO	running
16-03-2016 06:07:17	Transmitter		INFO	running
16-03-2016 06:07:17	Transmitter		INFO	running
16-03-2016 06:07:17	Transmitter		INFO	running
16-03-2016 06:07:17	Transmitter		INFO	running
16-03-2016 06:07:17	Transmitter		INFO	running
16-03-2016 06:07:17	Transmitter		INFO	running
16-03-2016 06:07:17	Transmitter		INFO	running
16-03-2016 06:07:17	Transmitter		INFO	running
16-03-2016 06:07:17	Transmitter		INFO	running
16-03-2016 06:07:17	Transmitter		INFO	running
16-03-2016 06:07:17	Transmitter		INFO	running
16-03-2016 06:07:17	Transmitter		INFO	running
16-03-2016 06:07:17	Transmitter		INFO	running
16-03-2016 06:07:17	Transmitter		INFO	running
16-03-2016 06:07:17	Transmitter		INFO	running
16-03-2016 06:07:17	Transmitter		INFO	running
16-03-2016 06:07:17	Transmitter		INFO	running
16-03-2016 06:07:17	Transmitter		INFO	running
16-03-2016 06:07:17	Transmitter		INFO	running
16-03-2016 06:07:17	Controller		INFO	sending to transmitter
16-03-2016 06:07:17	Transmitter		INFO	pushing into buff
16-03-2016 06:07:17	Transmitter		INFO	running
16-03-2016 06:07:17	Transmitter		INFO	getting from buffer
16-03-2016 06:07:20	Transmitter		INFO	sending string: 130319
16-03-2016 06:07:21	Transmitter		INFO	running
16-03-2016 06:07:21	Transmitter		INFO	running
16-03-2016 06:07:21	Transmitter		INFO	running
16-03-2016 06:07:21	Transmitter		INFO	running
16-03-2016 06:07:21	Transmitter		INFO	running
16-03-2016 06:07:21	Transmitter		INFO	running
16-03-2016 06:07:21	Transmitter		INFO	running
16-03-2016 06:07:21	Transmitter		INFO	running
16-03-2016 06:07:21	Transmitter		INFO	running
16-03-2016 06:07:21	Transmitter		INFO	running
16-03-2016 06:07:21	Transmitter		INFO	running
16-03-2016 06:07:21	Transmitter		INFO	running
16-03-2016 06:07:21	Transmitter		INFO	running
16-03-2016 06:07:21	Transmitter		INFO	running
16-03-2016 06:07:21	Transmitter		INFO	running
16-03-2016 06:07:21	Transmitter		INFO	running
16-03-2016 06:07:21	Transmitter		INFO	running
16-03-2016 06:07:21	Transmitter		INFO	running
16-03-2016 06:07:21	Transmitter		INFO	running
16-03-2016 06:07:21	Transmitter		INFO	running
16-03-2016 06:07:21	Transmitter		INFO	running
16-03-2016 06:07:21	Transmitter		INFO	running
16-03-2016 06:07:21	Transmitter		INFO	running
16-03-2016 06:07:21	Transmitter		INFO	running
16-03-2016 06:07:21	Transmitter		INFO	running
16-03-2016 06:07:21	Transmitter		INFO	running
16-03-2016 06:07:21	Transmitter		INFO	running
16-03-2016 06:07:21	Transmitter		INFO	running
16-03-2016 06:07:21	Transmitter		INFO	running
16-03-2016 06:07:21	Transmitter		INFO	running
16-03-2016 06:07:21	Transmitter		INFO	running
16-03-2016 06:07:21	Transmitter		INFO	running
16-03-2016 06:07:21	Transmitter		INFO	running
16-03-2016 06:07:21	Transmitter		INFO	running
16-03-2016 06:07:21	Transmitter		INFO	running
16-03-2016 06:07:21	Transmitter		INFO	running
16-03-2016 06:07:21	Transmitter		INFO	running
16-03-2016 06:07:21	Transmitter		INFO	running
16-03-2016 06:07:21	Transmitter		INFO	running
16-03-2016 06:07:21	Transmitter		INFO	running
16-03-2016 06:07:21	Transmitter		INFO	running
16-03-2016 06:07:21	Transmitter		INFO	running
16-03-2016 06:07:21	Transmitter		INFO	running
16-03-2016 06:07:21	Transmitter		INFO	running
16-03-2016 06:07:21	Transmitter		INFO	running
16-03-2016 06:07:21	Transmitter		INFO	running
16-03-2016 06:07:21	Transmitter		INFO	running
16-03-2016 06:07:21	Transmitter		INFO	running
16-03-2016 06:07:21	Transmitter		INFO	running
16-03-2016 06:07:21	Transmitter		INFO	running
16-03-2016 06:07:21	Transmitter		INFO	running
16-03-2016 06:07:21	Transmitter		INFO	running
16-03-2016 06:07:21	Transmitter		INFO	running
16-03-2016 06:07:21	Transmitter		INFO	running
16-03-2016 06:07:21	Transmitter		INFO	running
16-03-2016 06:07:21	Transmitter		INFO	running
16-03-2016 06:07:21	Transmitter		INFO	running
16-03-2016 06:07:21	Transmitter		INFO	running
16-03-2016 06:07:21	Transmitter		INFO	running
16-03-2016 06:07:21	Transmitter		INFO	running
16-03-2016 06:07:21	Transmitter		INFO	running
16-03-2016 06:07:21	Transmitter		INFO	running
16-03-2016 06:07:21	Transmitter		INFO	running
16-03-2016 06:07:21	Transmitter		INFO	running
16-03-2016 06:07:21	Transmitter		INFO	running
16-03-2016 06:07:21	Transmitter		INFO	running
16-03-2016 06:07:21	Transmitter		INFO	running
16-03-2016 06:07:21	Transmitter		INFO	running
16-03-2016 06:07:21	Transmitter		INFO	running
16-03-2016 06:07:21	Transmitter		INFO	running
16-03-2016 06:07:21	Transmitter		INFO	running
16-03-2016 06:07:21	Transmitter		INFO	running
16-03-2016 06:07:21	Transmitter		INFO	running
16-03-2016 06:07:21	Transmitter		INFO	running
16-03-2016 06:07:21	Transmitter		INFO	running
16-03-2016 06:07:21	Transmitter		INFO	running
16-03-2016 06:07:21	Transmitter		INFO	running
16-03-2016 06:07:21	Transmitter		INFO	running
16-03-2016 06:07:21	Transmitter		INFO	running
16-03-2016 06:07:21	Transmitter		INFO	running
16-03-2016 06:07:21	Transmitter		INFO	running
16-03-2016 06:07:21	Transmitter		INFO	running
16-03-2016 06:07:21	Transmitter		INFO	running
16-03-2016 06:07:21	Transmitter		INFO	running
16-03-2016 06:07:21	Transmitter		INFO	running
16-03-2016 06:07:21	Transmitter		INFO	running
16-03-2016 06:07:21	Transmitter		INFO	running
16-03-2016 06:07:21	Transmitter		INFO	running
16-03-2016 06:07:21	Transmitter		INFO	running
16-03-2016 06:07:21	Transmitter		INFO	running
16-03-2016 06:07:21	Transmitter		INFO	running
16-03-2016 06:07:21	Transmitter		INFO	running
16-03-2016 06:07:21	Transmitter		INFO	running
16-03-2016 06:07:21	Transmitter		INFO	running
16-03-2016 06:07:21	Transmitter		INFO	running
16-03-2016 06:07:21	Transmitter		INFO	running
16-03-2016 06:07:21	Transmitter		INFO	running
16-03-2016 06:07:21	Transmitter		INFO	running
16-03-2016 06:07:21	Transmitter		INFO	running
16-03-2016 06:07:22	Transmitter		INFO	running
16-03-2016 06:07:22	Transmitter		INFO	running
16-03-2016 06:07:22	Transmitter		INFO	running
16-03-2016 06:07:22	Transmitter		INFO	running
16-03-2016 06:07:22	Transmitter		INFO	running
16-03-2016 06:07:22	Transmitter		INFO	running
16-03-2016 06:07:22	Transmitter		INFO	running
16-03-2016 06:07:22	Transmitter		INFO	running
16-03-2016 06:07:22	Transmitter		INFO	running
16-03-2016 06:07:22	Transmitter		INFO	running
16-03-2016 06:07:22	Transmitter		INFO	running
16-03-2016 06:07:22	Transmitter		INFO	running
16-03-2016 06:07:22	Transmitter		INFO	running
16-03-2016 06:07:22	Transmitter		INFO	running
16-03-2016 06:07:22	Transmitter		INFO	running
16-03-2016 06:07:22	Transmitter		INFO	running
16-03-2016 06:07:22	Transmitter		INFO	running
16-03-2016 06:07:22	Transmitter		INFO	running
16-03-2016 06:07:22	Transmitter		INFO	running
16-03-2016 06:07:22	Transmitter		INFO	running
16-03-2016 06:07:22	Transmitter		INFO	running
16-03-2016 06:07:22	Transmitter		INFO	running
16-03-2016 06:07:22	Transmitter		INFO	running
16-03-2016 06:07:22	Transmitter		INFO	running
16-03-2016 06:07:22	Transmitter		INFO	running
16-03-2016 06:07:22	Transmitter		INFO	running
16-03-2016 06:07:22	Transmitter		INFO	running
16-03-2016 06:07:22	Transmitter		INFO	running
16-03-2016 06:07:22	Transmitter		INFO	running
16-03-2016 06:07:22	Transmitter		INFO	running
16-03-2016 06:07:22	Transmitter		INFO	running
16-03-2016 06:07:22	Transmitter		INFO	running
16-03-2016 06:07:22	Transmitter		INFO	running
16-03-2016 06:07:22	Transmitter		INFO	running
16-03-2016 06:07:22	Transmitter		INFO	running
16-03-2016 06:07:22	Transmitter		INFO	running
16-03-2016 06:07:22	Transmitter		INFO	running
16-03-2016 06:07:22	Transmitter		INFO	running
16-03-2016 06:07:22	Transmitter		INFO	running
16-03-2016 06:07:22	Transmitter		INFO	running
16-03-2016 06:07:22	Transmitter		INFO	running
16-03-2016 06:07:22	Transmitter		INFO	running
16-03-2016 06:07:22	Transmitter		INFO	running
16-03-2016 06:07:22	Transmitter		INFO	running
16-03-2016 06:07:22	Transmitter		INFO	running
16-03-2016 06:07:22	Transmitter		INFO	running
16-03-2016 06:07:22	Transmitter		INFO	running
16-03-2016 06:07:22	Transmitter		INFO	running
16-03-2016 06:07:22	Transmitter		INFO	running
16-03-2016 06:07:22	Transmitter		INFO	running
16-03-2016 06:07:22	Transmitter		INFO	running
16-03-2016 06:07:22	Transmitter		INFO	running
16-03-2016 06:07:22	Transmitter		INFO	running
16-03-2016 06:07:22	Transmitter		INFO	running
16-03-2016 06:07:22	Transmitter		INFO	running
16-03-2016 06:07:22	Transmitter		INFO	running
16-03-2016 06:07:22	Transmitter		INFO	running
16-03-2016 06:07:22	Transmitter		INFO	running
16-03-2016 06:07:22	Transmitter		INFO	running
16-03-2016 06:07:22	Transmitter		INFO	running
16-03-2016 06:07:22	Transmitter		INFO	running
16-03-2016 06:07:22	Transmitter		INFO	running
16-03-2016 06:07:22	Transmitter		INFO	running
16-03-2016 06:07:22	Transmitter		INFO	running
16-03-2016 06:07:22	Transmitter		INFO	running
16-03-2016 06:07:22	Transmitter		INFO	running
16-03-2016 06:07:22	Transmitter		INFO	running
16-03-2016 06:07:22	Transmitter		INFO	running
16-03-2016 06:07:22	Transmitter		INFO	running
16-03-2016 06:07:22	Transmitter		INFO	running
16-03-2016 06:07:22	Transmitter		INFO	running
16-03-2016 06:07:22	Transmitter		INFO	running
16-03-2016 06:07:22	Transmitter		INFO	running
16-03-2016 06:07:22	Transmitter		INFO	running
16-03-2016 06:07:22	Transmitter		INFO	running
16-03-2016 06:07:22	Transmitter		INFO	running
16-03-2016 06:07:22	Transmitter		INFO	running
16-03-2016 06:07:22	Transmitter		INFO	running
16-03-2016 06:07:22	Transmitter		INFO	running
16-03-2016 06:07:22	Transmitter		INFO	running
16-03-2016 06:07:22	Transmitter		INFO	running
16-03-2016 06:07:22	Transmitter		INFO	running
16-03-2016 06:07:22	Transmitter		INFO	running
16-03-2016 06:07:22	Transmitter		INFO	running
16-03-2016 06:07:22	Transmitter		INFO	running
16-03-2016 06:07:22	Transmitter		INFO	running
16-03-2016 06:07:22	Transmitter		INFO	running
16-03-2016 06:07:22	Transmitter		INFO	running
16-03-2016 06:07:22	Transmitter		INFO	running
16-03-2016 06:07:22	Transmitter		INFO	running
16-03-2016 06:07:22	Transmitter		INFO	running
16-03-2016 06:07:22	Transmitter		INFO	running
16-03-2016 06:07:22	Transmitter		INFO	running
16-03-2016 06:07:22	Transmitter		INFO	running
16-03-2016 06:07:22	Transmitter		INFO	running
16-03-2016 06:07:22	Transmitter		INFO	running
16-03-2016 06:07:22	Transmitter		INFO	running
16-03-2016 06:07:22	Transmitter		INFO	running
16-03-2016 06:07:22	Transmitter		INFO	running
16-03-2016 06:07:22	Transmitter		INFO	running
16-03-2016 06:07:22	Transmitter		INFO	running
16-03-2016 06:07:22	Transmitter		INFO	running
16-03-2016 06:07:22	Transmitter		INFO	running
16-03-2016 06:07:22	Transmitter		INFO	running
16-03-2016 06:07:22	Transmitter		INFO	running
16-03-2016 06:07:22	DataProcessor		INFO	polling
16-03-2016 06:07:22	Transmitter		INFO	running
16-03-2016 06:07:22	Transmitter		INFO	running
16-03-2016 06:07:22	Transmitter		INFO	running
16-03-2016 06:07:22	Transmitter		INFO	running
16-03-2016 06:07:22	Transmitter		INFO	running
16-03-2016 06:07:22	Transmitter		INFO	running
16-03-2016 06:07:22	Transmitter		INFO	running
16-03-2016 06:07:22	Transmitter		INFO	running
16-03-2016 06:07:22	Transmitter		INFO	running
16-03-2016 06:07:23	Transmitter		INFO	running
16-03-2016 06:07:23	Transmitter		INFO	running
16-03-2016 06:07:23	Transmitter		INFO	running
16-03-2016 06:07:23	Transmitter		INFO	running
16-03-2016 06:07:23	Transmitter		INFO	running
16-03-2016 06:07:23	Transmitter		INFO	running
16-03-2016 06:07:23	Transmitter		INFO	running
16-03-2016 06:07:23	Transmitter		INFO	running
16-03-2016 06:07:23	Transmitter		INFO	running
16-03-2016 06:07:23	Transmitter		INFO	running
16-03-2016 06:07:23	Transmitter		INFO	running
16-03-2016 06:07:23	Transmitter		INFO	running
16-03-2016 06:07:23	Transmitter		INFO	running
16-03-2016 06:07:23	Transmitter		INFO	running
16-03-2016 06:07:23	Transmitter		INFO	running
16-03-2016 06:07:23	Transmitter		INFO	running
16-03-2016 06:07:23	Transmitter		INFO	running
16-03-2016 06:07:23	Transmitter		INFO	running
16-03-2016 06:07:23	Transmitter		INFO	running
16-03-2016 06:07:23	Transmitter		INFO	running
16-03-2016 06:07:23	Transmitter		INFO	running
16-03-2016 06:07:23	Transmitter		INFO	running
16-03-2016 06:07:23	Transmitter		INFO	running
16-03-2016 06:07:23	Transmitter		INFO	running
16-03-2016 06:07:23	Transmitter		INFO	running
16-03-2016 06:07:23	Transmitter		INFO	running
16-03-2016 06:07:23	Transmitter		INFO	running
16-03-2016 06:07:23	Transmitter		INFO	running
16-03-2016 06:07:23	Transmitter		INFO	running
16-03-2016 06:07:23	Transmitter		INFO	running
16-03-2016 06:07:23	Transmitter		INFO	running
16-03-2016 06:07:23	Transmitter		INFO	running
16-03-2016 06:07:23	Transmitter		INFO	running
16-03-2016 06:07:23	Transmitter		INFO	running
16-03-2016 06:07:23	Transmitter		INFO	running
16-03-2016 06:07:23	Transmitter		INFO	running
16-03-2016 06:07:23	CameraInterface		INFO	Read successful
16-03-2016 06:07:23	Transmitter		INFO	running
16-03-2016 06:07:23	Transmitter		INFO	running
16-03-2016 06:07:23	Transmitter		INFO	running
16-03-2016 06:07:23	Transmitter		INFO	running
16-03-2016 06:07:23	Transmitter		INFO	running
16-03-2016 06:07:23	Transmitter		INFO	running
16-03-2016 06:07:23	Transmitter		INFO	running
16-03-2016 06:07:23	Transmitter		INFO	running
16-03-2016 06:07:23	Transmitter		INFO	running
16-03-2016 06:07:23	Transmitter		INFO	running
16-03-2016 06:07:23	Transmitter		INFO	running
16-03-2016 06:07:23	Transmitter		INFO	running
16-03-2016 06:07:23	Transmitter		INFO	running
16-03-2016 06:07:23	Transmitter		INFO	running
16-03-2016 06:07:23	Transmitter		INFO	running
16-03-2016 06:07:23	Transmitter		INFO	running
16-03-2016 06:07:23	Transmitter		INFO	running
16-03-2016 06:07:23	Transmitter		INFO	running
16-03-2016 06:07:23	Transmitter		INFO	running
16-03-2016 06:07:23	Transmitter		INFO	running
16-03-2016 06:07:23	Transmitter		INFO	running
16-03-2016 06:07:23	Transmitter		INFO	running
16-03-2016 06:07:23	Transmitter		INFO	running
16-03-2016 06:07:23	Transmitter		INFO	running
16-03-2016 06:07:23	Transmitter		INFO	running
16-03-2016 06:07:23	Transmitter		INFO	running
16-03-2016 06:07:23	Transmitter		INFO	running
16-03-2016 06:07:23	Transmitter		INFO	running
16-03-2016 06:07:23	Transmitter		INFO	running
16-03-2016 06:07:23	Transmitter		INFO	running
16-03-2016 06:07:23	Transmitter		INFO	running
16-03-2016 06:07:23	Transmitter		INFO	running
16-03-2016 06:07:23	Transmitter		INFO	running
16-03-2016 06:07:23	Transmitter		INFO	running
16-03-2016 06:07:23	Transmitter		INFO	running
16-03-2016 06:07:23	Transmitter		INFO	running
16-03-2016 06:07:23	Transmitter		INFO	running
16-03-2016 06:07:23	Transmitter		INFO	running
16-03-2016 06:07:23	Transmitter		INFO	running
16-03-2016 06:07:23	Transmitter		INFO	running
16-03-2016 06:07:23	Transmitter		INFO	running
16-03-2016 06:07:23	Transmitter		INFO	running
16-03-2016 06:07:23	Transmitter		INFO	running
16-03-2016 06:07:23	Transmitter		INFO	running
16-03-2016 06:07:23	Transmitter		INFO	running
16-03-2016 06:07:23	Transmitter		INFO	running
16-03-2016 06:07:23	Transmitter		INFO	running
16-03-2016 06:07:24	Transmitter		INFO	running
16-03-2016 06:07:24	Transmitter		INFO	running
16-03-2016 06:07:24	Transmitter		INFO	running
16-03-2016 06:07:24	Transmitter		INFO	running
16-03-2016 06:07:24	Transmitter		INFO	running
16-03-2016 06:07:24	Transmitter		INFO	running
16-03-2016 06:07:24	Transmitter		INFO	running
16-03-2016 06:07:24	Transmitter		INFO	running
16-03-2016 06:07:24	Transmitter		INFO	running
16-03-2016 06:07:24	Transmitter		INFO	running
16-03-2016 06:07:24	Transmitter		INFO	running
16-03-2016 06:07:24	Transmitter		INFO	running
16-03-2016 06:07:24	Transmitter		INFO	running
16-03-2016 06:07:24	Transmitter		INFO	running
16-03-2016 06:07:24	Transmitter		INFO	running
16-03-2016 06:07:24	Transmitter		INFO	running
16-03-2016 06:07:24	Transmitter		INFO	running
16-03-2016 06:07:24	Transmitter		INFO	running
16-03-2016 06:07:24	Transmitter		INFO	running
16-03-2016 06:07:24	Transmitter		INFO	running
16-03-2016 06:07:24	Transmitter		INFO	running
16-03-2016 06:07:24	Transmitter		INFO	running
16-03-2016 06:07:24	Transmitter		INFO	running
16-03-2016 06:07:24	Transmitter		INFO	running
16-03-2016 06:07:24	Transmitter		INFO	running
16-03-2016 06:07:24	Transmitter		INFO	running
16-03-2016 06:07:24	Transmitter		INFO	running
16-03-2016 06:07:24	Transmitter		INFO	running
16-03-2016 06:07:24	Transmitter		INFO	running
16-03-2016 06:07:24	Transmitter		INFO	running
16-03-2016 06:07:24	Transmitter		INFO	running
16-03-2016 06:07:24	Transmitter		INFO	running
16-03-2016 06:07:24	Transmitter		INFO	running
16-03-2016 06:07:24	Transmitter		INFO	running
16-03-2016 06:07:24	Transmitter		INFO	running
16-03-2016 06:07:24	Transmitter		INFO	running
16-03-2016 06:07:24	Transmitter		INFO	running
16-03-2016 06:07:24	Transmitter		INFO	running
16-03-2016 06:07:24	Transmitter		INFO	running
16-03-2016 06:07:24	Transmitter		INFO	running
16-03-2016 06:07:24	Transmitter		INFO	running
16-03-2016 06:07:24	Transmitter		INFO	running
16-03-2016 06:07:24	Transmitter		INFO	running
16-03-2016 06:07:24	Transmitter		INFO	running
16-03-2016 06:07:24	Transmitter		INFO	running
16-03-2016 06:07:24	Transmitter		INFO	running
16-03-2016 06:07:24	Transmitter		INFO	running
16-03-2016 06:07:24	Transmitter		INFO	running
16-03-2016 06:07:24	Transmitter		INFO	running
16-03-2016 06:07:24	Transmitter		INFO	running
16-03-2016 06:07:24	Transmitter		INFO	running
16-03-2016 06:07:24	Transmitter		INFO	running
16-03-2016 06:07:24	Transmitter		INFO	running
16-03-2016 06:07:24	Transmitter		INFO	running
16-03-2016 06:07:24	Transmitter		INFO	running
16-03-2016 06:07:24	Transmitter		INFO	running
16-03-2016 06:07:24	Transmitter		INFO	running
16-03-2016 06:07:24	Transmitter		INFO	running
16-03-2016 06:07:24	Transmitter		INFO	running
16-03-2016 06:07:24	Transmitter		INFO	running
16-03-2016 06:07:24	Transmitter		INFO	running
16-03-2016 06:07:24	Transmitter		INFO	running
16-03-2016 06:07:24	Transmitter		INFO	running
16-03-2016 06:07:24	Transmitter		INFO	running
16-03-2016 06:07:24	Transmitter		INFO	running
16-03-2016 06:07:24	Transmitter		INFO	running
16-03-2016 06:07:24	Transmitter		INFO	running
16-03-2016 06:07:24	Transmitter		INFO	running
16-03-2016 06:07:24	Transmitter		INFO	running
16-03-2016 06:07:24	Transmitter		INFO	running
16-03-2016 06:07:24	Transmitter		INFO	running
16-03-2016 06:07:24	Transmitter		INFO	running
16-03-2016 06:07:24	Transmitter		INFO	running
16-03-2016 06:07:24	Transmitter		INFO	running
16-03-2016 06:07:24	Transmitter		INFO	running
16-03-2016 06:07:24	Transmitter		INFO	running
16-03-2016 06:07:24	Transmitter		INFO	running
16-03-2016 06:07:24	Transmitter		INFO	running
16-03-2016 06:07:24	Transmitter		INFO	running
16-03-2016 06:07:24	Transmitter		INFO	running
16-03-2016 06:07:24	Transmitter		INFO	running
16-03-2016 06:07:24	Transmitter		INFO	running
16-03-2016 06:07:24	Transmitter		INFO	running
16-03-2016 06:07:24	Transmitter		INFO	running
16-03-2016 06:07:24	Transmitter		INFO	running
16-03-2016 06:07:24	Transmitter		INFO	running
16-03-2016 06:07:24	Transmitter		INFO	running
16-03-2016 06:07:24	Transmitter		INFO	running
16-03-2016 06:07:24	Transmitter		INFO	running
16-03-2016 06:07:24	Transmitter		INFO	running
16-03-2016 06:07:24	Transmitter		INFO	running
16-03-2016 06:07:24	Transmitter		INFO	running
16-03-2016 06:07:24	Transmitter		INFO	running
16-03-2016 06:07:24	Transmitter		INFO	running
16-03-2016 06:07:25	Transmitter		INFO	running
16-03-2016 06:07:25	Transmitter		INFO	running
16-03-2016 06:07:25	Transmitter		INFO	running
16-03-2016 06:07:25	Transmitter		INFO	running
16-03-2016 06:07:25	Transmitter		INFO	running
16-03-2016 06:07:25	Transmitter		INFO	running
16-03-2016 06:07:25	Transmitter		INFO	running
16-03-2016 06:07:25	Transmitter		INFO	running
16-03-2016 06:07:25	Transmitter		INFO	running
16-03-2016 06:07:25	Transmitter		INFO	running
16-03-2016 06:07:25	Transmitter		INFO	running
16-03-2016 06:07:25	Transmitter		INFO	running
16-03-2016 06:07:25	Transmitter		INFO	running
16-03-2016 06:07:25	Transmitter		INFO	running
16-03-2016 06:07:25	Transmitter		INFO	running
16-03-2016 06:07:25	Transmitter		INFO	running
16-03-2016 06:07:25	Transmitter		INFO	running
16-03-2016 06:07:25	Transmitter		INFO	running
16-03-2016 06:07:25	Transmitter		INFO	running
16-03-2016 06:07:25	Transmitter		INFO	running
16-03-2016 06:07:25	Transmitter		INFO	running
16-03-2016 06:07:25	Transmitter		INFO	running
