21-03-2016 06:06:32	Main		TRACE	Logger initialized.
21-03-2016 06:06:32	PropertyReader		TRACE	Opening file: settings/settings.txt
21-03-2016 06:06:32	PropertyReader		INFO	File opened: settings/settings.txt
21-03-2016 06:06:32	PropertyReader		INFO	Loading properties file...
21-03-2016 06:06:32	PropertyReader		INFO	Mapped TRACE to LOGGING_LEVEL
21-03-2016 06:06:32	PropertyReader		INFO	Mapped 100 to CAM_BUFFER_SIZE
21-03-2016 06:06:32	PropertyReader		INFO	Mapped 15 to CAM_POLL_FREQUENCY
21-03-2016 06:06:32	PropertyReader		INFO	Mapped 0 to CAM_INDEX
21-03-2016 06:06:32	PropertyReader		DEBUG	Loaded 4 properties successfully
21-03-2016 06:06:32	Controller		INFO	Constructor controller
21-03-2016 06:06:32	Controller		INFO	socket retrieve success
21-03-2016 06:06:32	Controller		INFO	binding done
21-03-2016 06:06:32	Controller		INFO	done listening
21-03-2016 06:06:35	Controller		INFO	accepting
21-03-2016 06:06:35	Main		TRACE	intializing controller
21-03-2016 06:06:35	Controller		INFO	Initializing Controller
21-03-2016 06:06:35	Main		TRACE	initializing dataprocessor
21-03-2016 06:06:35	CameraInterface		INFO	Initializing camera
21-03-2016 06:06:35	CameraInterface		INFO	Opening video capture stream at position 0
21-03-2016 06:06:35	Transmitter		INFO	Starting Receiver Thread execution loop
21-03-2016 06:06:35	ControllerThread		INFO	Starting Controller Thread execution loop
21-03-2016 06:06:35	Receiver		INFO	Starting Receiver Thread execution loop
21-03-2016 06:06:35	Main		TRACE	running controller
21-03-2016 06:06:35	DataProcessor		INFO	polling
21-03-2016 06:06:36	CameraInterface		INFO	Read successful
21-03-2016 06:06:38	Controller		INFO	sending to transmitter
21-03-2016 06:06:38	Transmitter		INFO	pushing into buff
21-03-2016 06:06:38	Transmitter		INFO	getting from buffer
21-03-2016 06:06:41	Transmitter		INFO	sending string: 3653
21-03-2016 06:06:43	DataProcessor		INFO	polling
21-03-2016 06:06:43	CameraInterface		INFO	Read successful
21-03-2016 06:06:45	Controller		INFO	sending to transmitter
21-03-2016 06:06:45	Transmitter		INFO	pushing into buff
21-03-2016 06:06:45	Transmitter		INFO	getting from buffer
21-03-2016 06:06:48	Transmitter		INFO	sending string: 911271
21-03-2016 06:06:50	DataProcessor		INFO	polling
21-03-2016 06:06:50	CameraInterface		INFO	Read successful
21-03-2016 06:06:52	Controller		INFO	sending to transmitter
21-03-2016 06:06:52	Transmitter		INFO	pushing into buff
21-03-2016 06:06:53	Transmitter		INFO	getting from buffer
21-03-2016 06:06:56	Transmitter		INFO	sending string: 1023636
21-03-2016 06:06:58	DataProcessor		INFO	polling
21-03-2016 06:06:58	CameraInterface		INFO	Read successful
21-03-2016 06:07:00	Controller		INFO	sending to transmitter
21-03-2016 06:07:00	Transmitter		INFO	pushing into buff
21-03-2016 06:07:00	Transmitter		INFO	getting from buffer
21-03-2016 06:07:03	Transmitter		INFO	sending string: 996816
21-03-2016 06:07:05	DataProcessor		INFO	polling
21-03-2016 06:07:05	CameraInterface		INFO	Read successful
