25-01-2016 07:00:00	Main		TRACE	Logger initialized.
25-01-2016 07:00:00	PropertyReader		TRACE	Opening file: settings/settings.txt
25-01-2016 07:00:00	PropertyReader		INFO	File opened: settings/settings.txt
25-01-2016 07:00:00	PropertyReader		INFO	Loading properties file...
25-01-2016 07:00:00	PropertyReader		INFO	Mapped INFO to LOGGING_LEVEL
25-01-2016 07:00:00	PropertyReader		INFO	Mapped 100 to CAM_BUFFER_SIZE
25-01-2016 07:00:00	PropertyReader		INFO	Mapped 15 to CAM_POLL_FREQUENCY
25-01-2016 07:00:00	PropertyReader		INFO	Mapped 0 to CAM_INDEX
25-01-2016 07:00:00	PropertyReader		DEBUG	Loaded 4 properties successfully
25-01-2016 07:00:00	Transmitter		INFO	socket retrieve success
25-01-2016 07:00:23	Controller		INFO	Initializing Controller
25-01-2016 07:00:23	CameraInterface		INFO	Initializing camera
25-01-2016 07:00:23	CameraInterface		INFO	Opening video capture stream at position 0
25-01-2016 07:00:23	Receiver		INFO	Starting Receiver Thread execution loop
25-01-2016 07:00:23	Transmitter		INFO	Starting Receiver Thread execution loop
25-01-2016 07:00:23	ControllerThread		INFO	Starting Controller Thread execution loop
25-01-2016 07:00:23	CameraInterface		INFO	Read successful
25-01-2016 07:00:25	Transmitter		INFO	د؈
25-01-2016 07:00:26	CameraInterface		INFO	Read successful
25-01-2016 07:00:29	CameraInterface		INFO	Read successful
25-01-2016 07:00:29	Transmitter		INFO	د؈
25-01-2016 07:00:31	Transmitter		INFO	د؈
25-01-2016 07:00:32	CameraInterface		INFO	Read successful
25-01-2016 07:00:34	Transmitter		INFO	د؈
25-01-2016 07:00:34	CameraInterface		INFO	Read successful
25-01-2016 07:00:38	CameraInterface		INFO	Read successful
25-01-2016 07:00:38	Transmitter		INFO	د؈
25-01-2016 07:00:41	CameraInterface		INFO	Read successful
25-01-2016 07:00:41	Transmitter		INFO	د؈
