21-02-2016 07:52:14	Main		TRACE	Logger initialized.
21-02-2016 07:52:14	PropertyReader		TRACE	Opening file: settings/settings.txt
21-02-2016 07:52:14	PropertyReader		INFO	File opened: settings/settings.txt
21-02-2016 07:52:14	PropertyReader		INFO	Loading properties file...
21-02-2016 07:52:14	PropertyReader		INFO	Mapped TRACE to LOGGING_LEVEL
21-02-2016 07:52:14	PropertyReader		INFO	Mapped 100 to CAM_BUFFER_SIZE
21-02-2016 07:52:14	PropertyReader		INFO	Mapped 15 to CAM_POLL_FREQUENCY
21-02-2016 07:52:14	PropertyReader		INFO	Mapped 0 to CAM_INDEX
21-02-2016 07:52:14	PropertyReader		DEBUG	Loaded 4 properties successfully
21-02-2016 07:52:14	Controller		INFO	Constructor controller
21-02-2016 07:52:14	Transmitter		INFO	socket retrieve success
21-02-2016 07:52:14	Transmitter		INFO	binding done
21-02-2016 07:52:14	Transmitter		INFO	done listening
21-02-2016 07:54:08	Transmitter		INFO	accepting
21-02-2016 07:54:08	Main		TRACE	intializing controller
21-02-2016 07:54:08	Controller		INFO	Initializing Controller
21-02-2016 07:54:08	Main		TRACE	initializing dataprocessor
21-02-2016 07:54:08	Transmitter		INFO	Starting Receiver Thread execution loop
21-02-2016 07:54:08	Transmitter		INFO	running
21-02-2016 07:54:08	Transmitter		INFO	running
21-02-2016 07:54:08	Transmitter		INFO	running
21-02-2016 07:54:08	CameraInterface		INFO	Initializing camera
21-02-2016 07:54:08	CameraInterface		INFO	Opening video capture stream at position 0
21-02-2016 07:54:08	ControllerThread		INFO	Starting Controller Thread execution loop
21-02-2016 07:54:08	ControllerThread		INFO	Starting Controller Thread execution loop
21-02-2016 07:54:08	Receiver		INFO	Starting Receiver Thread execution loop
21-02-2016 07:54:08	Transmitter		INFO	running
21-02-2016 07:54:08	Transmitter		INFO	running
21-02-2016 07:54:08	Transmitter		INFO	running
21-02-2016 07:54:08	Transmitter		INFO	running
21-02-2016 07:54:08	Transmitter		INFO	running
21-02-2016 07:54:08	Transmitter		INFO	running
21-02-2016 07:54:08	Transmitter		INFO	running
21-02-2016 07:54:08	Transmitter		INFO	running
21-02-2016 07:54:08	Transmitter		INFO	running
21-02-2016 07:54:08	Transmitter		INFO	running
21-02-2016 07:54:08	Transmitter		INFO	running
21-02-2016 07:54:08	Transmitter		INFO	running
21-02-2016 07:54:08	Transmitter		INFO	running
21-02-2016 07:54:08	Transmitter		INFO	running
21-02-2016 07:54:08	Transmitter		INFO	running
21-02-2016 07:54:08	Transmitter		INFO	running
21-02-2016 07:54:08	Transmitter		INFO	running
21-02-2016 07:54:08	Transmitter		INFO	running
21-02-2016 07:54:08	Transmitter		INFO	running
21-02-2016 07:54:08	Transmitter		INFO	running
21-02-2016 07:54:08	Transmitter		INFO	running
21-02-2016 07:54:08	Transmitter		INFO	running
21-02-2016 07:54:08	Transmitter		INFO	running
21-02-2016 07:54:08	Transmitter		INFO	running
21-02-2016 07:54:08	Transmitter		INFO	running
21-02-2016 07:54:08	Transmitter		INFO	running
21-02-2016 07:54:08	Transmitter		INFO	running
21-02-2016 07:54:08	Transmitter		INFO	running
21-02-2016 07:54:08	Transmitter		INFO	running
21-02-2016 07:54:08	Transmitter		INFO	running
21-02-2016 07:54:08	Transmitter		INFO	running
21-02-2016 07:54:08	Transmitter		INFO	running
21-02-2016 07:54:08	Transmitter		INFO	running
21-02-2016 07:54:08	Transmitter		INFO	running
21-02-2016 07:54:08	Transmitter		INFO	running
21-02-2016 07:54:08	Transmitter		INFO	running
21-02-2016 07:54:08	Transmitter		INFO	running
21-02-2016 07:54:08	Main		TRACE	running controller
21-02-2016 07:54:08	DataProcessor		INFO	polling
21-02-2016 07:54:08	Transmitter		INFO	running
21-02-2016 07:54:08	Transmitter		INFO	running
21-02-2016 07:54:08	Transmitter		INFO	running
21-02-2016 07:54:08	Transmitter		INFO	running
21-02-2016 07:54:08	Transmitter		INFO	running
21-02-2016 07:54:08	Transmitter		INFO	running
21-02-2016 07:54:08	Transmitter		INFO	running
21-02-2016 07:54:08	Transmitter		INFO	running
21-02-2016 07:54:08	Transmitter		INFO	running
21-02-2016 07:54:08	Transmitter		INFO	running
21-02-2016 07:54:08	Transmitter		INFO	running
21-02-2016 07:54:08	Transmitter		INFO	running
21-02-2016 07:54:08	Transmitter		INFO	running
21-02-2016 07:54:08	Transmitter		INFO	running
21-02-2016 07:54:08	Transmitter		INFO	running
21-02-2016 07:54:08	Transmitter		INFO	running
21-02-2016 07:54:08	Transmitter		INFO	running
21-02-2016 07:54:08	Transmitter		INFO	running
21-02-2016 07:54:08	Transmitter		INFO	running
21-02-2016 07:54:08	Transmitter		INFO	running
21-02-2016 07:54:08	Transmitter		INFO	running
21-02-2016 07:54:08	Transmitter		INFO	running
21-02-2016 07:54:08	Transmitter		INFO	running
21-02-2016 07:54:08	Transmitter		INFO	running
21-02-2016 07:54:08	Transmitter		INFO	running
21-02-2016 07:54:08	Transmitter		INFO	running
21-02-2016 07:54:08	Transmitter		INFO	running
21-02-2016 07:54:08	Transmitter		INFO	running
21-02-2016 07:54:08	Transmitter		INFO	running
21-02-2016 07:54:08	Transmitter		INFO	running
21-02-2016 07:54:08	Transmitter		INFO	running
21-02-2016 07:54:08	Transmitter		INFO	running
21-02-2016 07:54:08	Transmitter		INFO	running
21-02-2016 07:54:08	Transmitter		INFO	running
21-02-2016 07:54:08	Transmitter		INFO	running
21-02-2016 07:54:08	Transmitter		INFO	running
21-02-2016 07:54:08	Transmitter		INFO	running
21-02-2016 07:54:08	Transmitter		INFO	running
21-02-2016 07:54:08	Transmitter		INFO	running
21-02-2016 07:54:08	Transmitter		INFO	running
21-02-2016 07:54:08	Transmitter		INFO	running
21-02-2016 07:54:08	Transmitter		INFO	running
21-02-2016 07:54:08	Transmitter		INFO	running
21-02-2016 07:54:08	Transmitter		INFO	running
21-02-2016 07:54:08	Transmitter		INFO	running
21-02-2016 07:54:08	Transmitter		INFO	running
21-02-2016 07:54:08	Transmitter		INFO	running
21-02-2016 07:54:08	Transmitter		INFO	running
21-02-2016 07:54:08	Transmitter		INFO	running
21-02-2016 07:54:08	Transmitter		INFO	running
21-02-2016 07:54:08	Transmitter		INFO	running
21-02-2016 07:54:08	Transmitter		INFO	running
21-02-2016 07:54:08	Transmitter		INFO	running
21-02-2016 07:54:08	Transmitter		INFO	running
21-02-2016 07:54:08	Transmitter		INFO	running
21-02-2016 07:54:08	Transmitter		INFO	running
21-02-2016 07:54:08	Transmitter		INFO	running
21-02-2016 07:54:08	Transmitter		INFO	running
21-02-2016 07:54:08	Transmitter		INFO	running
21-02-2016 07:54:08	Transmitter		INFO	running
21-02-2016 07:54:08	Transmitter		INFO	running
21-02-2016 07:54:08	Transmitter		INFO	running
21-02-2016 07:54:08	Transmitter		INFO	running
21-02-2016 07:54:09	Transmitter		INFO	running
21-02-2016 07:54:09	Transmitter		INFO	running
21-02-2016 07:54:09	Transmitter		INFO	running
21-02-2016 07:54:09	Transmitter		INFO	running
21-02-2016 07:54:09	Transmitter		INFO	running
21-02-2016 07:54:09	Transmitter		INFO	running
21-02-2016 07:54:09	Transmitter		INFO	running
21-02-2016 07:54:09	Transmitter		INFO	running
21-02-2016 07:54:09	Transmitter		INFO	running
21-02-2016 07:54:09	Transmitter		INFO	running
21-02-2016 07:54:09	Transmitter		INFO	running
21-02-2016 07:54:09	Transmitter		INFO	running
21-02-2016 07:54:09	Transmitter		INFO	running
21-02-2016 07:54:09	Transmitter		INFO	running
21-02-2016 07:54:09	Transmitter		INFO	running
21-02-2016 07:54:09	Transmitter		INFO	running
21-02-2016 07:54:09	Transmitter		INFO	running
21-02-2016 07:54:09	Transmitter		INFO	running
21-02-2016 07:54:09	Transmitter		INFO	running
21-02-2016 07:54:09	Transmitter		INFO	running
21-02-2016 07:54:09	Transmitter		INFO	running
21-02-2016 07:54:09	Transmitter		INFO	running
21-02-2016 07:54:09	Transmitter		INFO	running
21-02-2016 07:54:09	Transmitter		INFO	running
21-02-2016 07:54:09	Transmitter		INFO	running
21-02-2016 07:54:09	Transmitter		INFO	running
21-02-2016 07:54:09	Transmitter		INFO	running
21-02-2016 07:54:09	Transmitter		INFO	running
21-02-2016 07:54:09	Transmitter		INFO	running
21-02-2016 07:54:09	Transmitter		INFO	running
21-02-2016 07:54:09	CameraInterface		INFO	Read successful
21-02-2016 07:54:09	Controller		INFO	sending to transmitter
21-02-2016 07:54:09	Transmitter		INFO	pushing into buff
21-02-2016 07:54:09	Transmitter		INFO	pushing into buff
21-02-2016 07:54:09	Transmitter		INFO	running
21-02-2016 07:54:09	DataProcessor		INFO	polling
21-02-2016 07:54:09	Transmitter		INFO	getting from buffer
21-02-2016 07:54:09	CameraInterface		INFO	Read successful
21-02-2016 07:54:09	Controller		INFO	sending to transmitter
21-02-2016 07:54:09	Transmitter		INFO	pushing into buff
21-02-2016 07:54:09	DataProcessor		INFO	polling
21-02-2016 07:54:09	CameraInterface		INFO	Read successful
21-02-2016 07:54:09	Controller		INFO	sending to transmitter
21-02-2016 07:54:09	Transmitter		INFO	pushing into buff
21-02-2016 07:54:09	DataProcessor		INFO	polling
21-02-2016 07:54:10	CameraInterface		INFO	Read successful
21-02-2016 07:54:10	Controller		INFO	sending to transmitter
21-02-2016 07:54:10	Transmitter		INFO	pushing into buff
21-02-2016 07:54:10	DataProcessor		INFO	polling
21-02-2016 07:54:10	CameraInterface		INFO	Read successful
21-02-2016 07:54:10	Controller		INFO	sending to transmitter
21-02-2016 07:54:10	Transmitter		INFO	pushing into buff
21-02-2016 07:54:10	DataProcessor		INFO	polling
21-02-2016 07:54:10	CameraInterface		INFO	Read successful
21-02-2016 07:54:10	Controller		INFO	sending to transmitter
21-02-2016 07:54:10	Transmitter		INFO	pushing into buff
21-02-2016 07:54:10	DataProcessor		INFO	polling
21-02-2016 07:54:10	CameraInterface		INFO	Read successful
21-02-2016 07:54:10	Controller		INFO	sending to transmitter
21-02-2016 07:54:10	Transmitter		INFO	pushing into buff
21-02-2016 07:54:10	DataProcessor		INFO	polling
21-02-2016 07:54:10	CameraInterface		INFO	Read successful
21-02-2016 07:54:10	Controller		INFO	sending to transmitter
21-02-2016 07:54:10	Transmitter		INFO	pushing into buff
21-02-2016 07:54:10	DataProcessor		INFO	polling
21-02-2016 07:54:11	CameraInterface		INFO	Read successful
21-02-2016 07:54:11	Controller		INFO	sending to transmitter
21-02-2016 07:54:11	Transmitter		INFO	pushing into buff
21-02-2016 07:54:11	DataProcessor		INFO	polling
21-02-2016 07:54:11	CameraInterface		INFO	Read successful
21-02-2016 07:54:11	Controller		INFO	sending to transmitter
21-02-2016 07:54:11	Transmitter		INFO	pushing into buff
21-02-2016 07:54:11	DataProcessor		INFO	polling
21-02-2016 07:54:11	CameraInterface		INFO	Read successful
21-02-2016 07:54:11	Controller		INFO	sending to transmitter
21-02-2016 07:54:11	Transmitter		INFO	pushing into buff
21-02-2016 07:54:11	DataProcessor		INFO	polling
21-02-2016 07:54:11	CameraInterface		INFO	Read successful
21-02-2016 07:54:11	Controller		INFO	sending to transmitter
21-02-2016 07:54:11	Transmitter		INFO	pushing into buff
21-02-2016 07:54:11	DataProcessor		INFO	polling
21-02-2016 07:54:12	CameraInterface		INFO	Read successful
21-02-2016 07:54:12	Controller		INFO	sending to transmitter
21-02-2016 07:54:12	Transmitter		INFO	pushing into buff
21-02-2016 07:54:12	DataProcessor		INFO	polling
21-02-2016 07:54:12	CameraInterface		INFO	Read successful
21-02-2016 07:54:12	Controller		INFO	sending to transmitter
21-02-2016 07:54:12	Transmitter		INFO	pushing into buff
21-02-2016 07:54:12	DataProcessor		INFO	polling
21-02-2016 07:54:12	CameraInterface		INFO	Read successful
21-02-2016 07:54:12	Controller		INFO	sending to transmitter
21-02-2016 07:54:12	Transmitter		INFO	pushing into buff
21-02-2016 07:54:12	DataProcessor		INFO	polling
21-02-2016 07:54:12	CameraInterface		INFO	Read successful
21-02-2016 07:54:12	Controller		INFO	sending to transmitter
21-02-2016 07:54:12	Transmitter		INFO	pushing into buff
21-02-2016 07:54:12	DataProcessor		INFO	polling
21-02-2016 07:54:12	CameraInterface		INFO	Read successful
21-02-2016 07:54:12	Controller		INFO	sending to transmitter
21-02-2016 07:54:12	Transmitter		INFO	pushing into buff
21-02-2016 07:54:12	DataProcessor		INFO	polling
21-02-2016 07:54:13	CameraInterface		INFO	Read successful
21-02-2016 07:54:13	Controller		INFO	sending to transmitter
21-02-2016 07:54:13	Transmitter		INFO	pushing into buff
21-02-2016 07:54:13	DataProcessor		INFO	polling
21-02-2016 07:54:13	CameraInterface		INFO	Read successful
21-02-2016 07:54:13	Controller		INFO	sending to transmitter
21-02-2016 07:54:13	Transmitter		INFO	pushing into buff
21-02-2016 07:54:13	DataProcessor		INFO	polling
21-02-2016 07:54:13	CameraInterface		INFO	Read successful
21-02-2016 07:54:13	Controller		INFO	sending to transmitter
21-02-2016 07:54:13	Transmitter		INFO	pushing into buff
21-02-2016 07:54:13	DataProcessor		INFO	polling
21-02-2016 07:54:13	CameraInterface		INFO	Read successful
21-02-2016 07:54:13	Controller		INFO	sending to transmitter
21-02-2016 07:54:13	Transmitter		INFO	pushing into buff
21-02-2016 07:54:13	DataProcessor		INFO	polling
21-02-2016 07:54:14	CameraInterface		INFO	Read successful
21-02-2016 07:54:14	Controller		INFO	sending to transmitter
21-02-2016 07:54:14	Transmitter		INFO	pushing into buff
21-02-2016 07:54:14	DataProcessor		INFO	polling
21-02-2016 07:54:14	CameraInterface		INFO	Read successful
21-02-2016 07:54:14	Controller		INFO	sending to transmitter
21-02-2016 07:54:14	Transmitter		INFO	pushing into buff
21-02-2016 07:54:14	DataProcessor		INFO	polling
21-02-2016 07:54:14	Transmitter		INFO	sending string: 108405
21-02-2016 07:54:14	CameraInterface		INFO	Read successful
21-02-2016 07:54:14	Controller		INFO	sending to transmitter
21-02-2016 07:54:14	Transmitter		INFO	pushing into buff
21-02-2016 07:54:14	DataProcessor		INFO	polling
21-02-2016 07:54:14	CameraInterface		INFO	Read successful
21-02-2016 07:54:14	Controller		INFO	sending to transmitter
21-02-2016 07:54:14	Transmitter		INFO	pushing into buff
21-02-2016 07:54:14	DataProcessor		INFO	polling
21-02-2016 07:54:14	CameraInterface		INFO	Read successful
21-02-2016 07:54:14	Controller		INFO	sending to transmitter
21-02-2016 07:54:14	Transmitter		INFO	pushing into buff
21-02-2016 07:54:14	DataProcessor		INFO	polling
21-02-2016 07:54:15	CameraInterface		INFO	Read successful
21-02-2016 07:54:15	Controller		INFO	sending to transmitter
21-02-2016 07:54:15	Transmitter		INFO	pushing into buff
21-02-2016 07:54:15	DataProcessor		INFO	polling
21-02-2016 07:54:15	CameraInterface		INFO	Read successful
21-02-2016 07:54:15	Controller		INFO	sending to transmitter
21-02-2016 07:54:15	Transmitter		INFO	pushing into buff
21-02-2016 07:54:15	DataProcessor		INFO	polling
21-02-2016 07:54:15	CameraInterface		INFO	Read successful
21-02-2016 07:54:15	Controller		INFO	sending to transmitter
21-02-2016 07:54:15	Transmitter		INFO	pushing into buff
21-02-2016 07:54:15	DataProcessor		INFO	polling
21-02-2016 07:54:15	CameraInterface		INFO	Read successful
21-02-2016 07:54:15	Controller		INFO	sending to transmitter
21-02-2016 07:54:15	Transmitter		INFO	pushing into buff
21-02-2016 07:54:15	DataProcessor		INFO	polling
21-02-2016 07:54:15	CameraInterface		INFO	Read successful
21-02-2016 07:54:15	Controller		INFO	sending to transmitter
21-02-2016 07:54:15	Transmitter		INFO	pushing into buff
21-02-2016 07:54:15	DataProcessor		INFO	polling
21-02-2016 07:54:15	CameraInterface		INFO	Read successful
21-02-2016 07:54:16	Controller		INFO	sending to transmitter
21-02-2016 07:54:16	Transmitter		INFO	pushing into buff
21-02-2016 07:54:16	DataProcessor		INFO	polling
21-02-2016 07:54:16	Transmitter		INFO	running
21-02-2016 07:54:16	Transmitter		INFO	getting from buffer
21-02-2016 07:54:16	CameraInterface		INFO	Read successful
21-02-2016 07:54:16	Controller		INFO	sending to transmitter
21-02-2016 07:54:16	Transmitter		INFO	pushing into buff
21-02-2016 07:54:16	DataProcessor		INFO	polling
21-02-2016 07:54:16	CameraInterface		INFO	Read successful
21-02-2016 07:54:16	Controller		INFO	sending to transmitter
21-02-2016 07:54:16	Transmitter		INFO	pushing into buff
21-02-2016 07:54:16	DataProcessor		INFO	polling
21-02-2016 07:54:16	CameraInterface		INFO	Read successful
21-02-2016 07:54:16	Controller		INFO	sending to transmitter
21-02-2016 07:54:16	Transmitter		INFO	pushing into buff
21-02-2016 07:54:16	DataProcessor		INFO	polling
21-02-2016 07:54:16	CameraInterface		INFO	Read successful
21-02-2016 07:54:16	Controller		INFO	sending to transmitter
21-02-2016 07:54:17	Transmitter		INFO	pushing into buff
21-02-2016 07:54:17	DataProcessor		INFO	polling
21-02-2016 07:54:17	CameraInterface		INFO	Read successful
21-02-2016 07:54:17	Controller		INFO	sending to transmitter
21-02-2016 07:54:17	Transmitter		INFO	pushing into buff
21-02-2016 07:54:17	DataProcessor		INFO	polling
21-02-2016 07:54:17	CameraInterface		INFO	Read successful
21-02-2016 07:54:17	Controller		INFO	sending to transmitter
21-02-2016 07:54:17	Transmitter		INFO	pushing into buff
21-02-2016 07:54:17	DataProcessor		INFO	polling
21-02-2016 07:54:17	CameraInterface		INFO	Read successful
21-02-2016 07:54:17	Controller		INFO	sending to transmitter
21-02-2016 07:54:17	Transmitter		INFO	pushing into buff
21-02-2016 07:54:17	DataProcessor		INFO	polling
21-02-2016 07:54:17	CameraInterface		INFO	Read successful
21-02-2016 07:54:17	Controller		INFO	sending to transmitter
21-02-2016 07:54:17	Transmitter		INFO	pushing into buff
21-02-2016 07:54:17	DataProcessor		INFO	polling
21-02-2016 07:54:18	CameraInterface		INFO	Read successful
21-02-2016 07:54:18	Controller		INFO	sending to transmitter
21-02-2016 07:54:18	Transmitter		INFO	pushing into buff
21-02-2016 07:54:18	DataProcessor		INFO	polling
21-02-2016 07:54:18	CameraInterface		INFO	Read successful
21-02-2016 07:54:18	Controller		INFO	sending to transmitter
21-02-2016 07:54:18	Transmitter		INFO	pushing into buff
21-02-2016 07:54:18	DataProcessor		INFO	polling
21-02-2016 07:54:18	CameraInterface		INFO	Read successful
21-02-2016 07:54:18	Controller		INFO	sending to transmitter
21-02-2016 07:54:18	Transmitter		INFO	pushing into buff
21-02-2016 07:54:18	DataProcessor		INFO	polling
21-02-2016 07:54:18	CameraInterface		INFO	Read successful
21-02-2016 07:54:18	Controller		INFO	sending to transmitter
21-02-2016 07:54:18	Transmitter		INFO	pushing into buff
21-02-2016 07:54:18	DataProcessor		INFO	polling
21-02-2016 07:54:19	CameraInterface		INFO	Read successful
21-02-2016 07:54:19	Controller		INFO	sending to transmitter
21-02-2016 07:54:19	Transmitter		INFO	pushing into buff
21-02-2016 07:54:19	DataProcessor		INFO	polling
21-02-2016 07:54:19	CameraInterface		INFO	Read successful
21-02-2016 07:54:19	Controller		INFO	sending to transmitter
21-02-2016 07:54:19	Transmitter		INFO	pushing into buff
21-02-2016 07:54:19	DataProcessor		INFO	polling
21-02-2016 07:54:19	CameraInterface		INFO	Read successful
21-02-2016 07:54:19	Controller		INFO	sending to transmitter
21-02-2016 07:54:19	Transmitter		INFO	pushing into buff
21-02-2016 07:54:19	DataProcessor		INFO	polling
21-02-2016 07:54:19	CameraInterface		INFO	Read successful
21-02-2016 07:54:19	Controller		INFO	sending to transmitter
21-02-2016 07:54:19	Transmitter		INFO	pushing into buff
21-02-2016 07:54:19	DataProcessor		INFO	polling
21-02-2016 07:54:20	CameraInterface		INFO	Read successful
21-02-2016 07:54:20	Controller		INFO	sending to transmitter
21-02-2016 07:54:20	Transmitter		INFO	pushing into buff
21-02-2016 07:54:20	DataProcessor		INFO	polling
21-02-2016 07:54:20	CameraInterface		INFO	Read successful
21-02-2016 07:54:20	Controller		INFO	sending to transmitter
21-02-2016 07:54:20	Transmitter		INFO	pushing into buff
21-02-2016 07:54:20	DataProcessor		INFO	polling
21-02-2016 07:54:20	CameraInterface		INFO	Read successful
21-02-2016 07:54:20	Controller		INFO	sending to transmitter
21-02-2016 07:54:20	Transmitter		INFO	pushing into buff
21-02-2016 07:54:20	DataProcessor		INFO	polling
21-02-2016 07:54:20	CameraInterface		INFO	Read successful
21-02-2016 07:54:20	Controller		INFO	sending to transmitter
21-02-2016 07:54:20	Transmitter		INFO	pushing into buff
21-02-2016 07:54:20	DataProcessor		INFO	polling
21-02-2016 07:54:20	CameraInterface		INFO	Read successful
21-02-2016 07:54:20	Controller		INFO	sending to transmitter
21-02-2016 07:54:20	Transmitter		INFO	pushing into buff
21-02-2016 07:54:20	DataProcessor		INFO	polling
21-02-2016 07:54:21	CameraInterface		INFO	Read successful
21-02-2016 07:54:21	Controller		INFO	sending to transmitter
21-02-2016 07:54:21	Transmitter		INFO	pushing into buff
21-02-2016 07:54:21	DataProcessor		INFO	polling
21-02-2016 07:54:21	CameraInterface		INFO	Read successful
21-02-2016 07:54:21	Controller		INFO	sending to transmitter
21-02-2016 07:54:21	Transmitter		INFO	pushing into buff
21-02-2016 07:54:21	DataProcessor		INFO	polling
21-02-2016 07:54:21	CameraInterface		INFO	Read successful
21-02-2016 07:54:21	Controller		INFO	sending to transmitter
21-02-2016 07:54:21	Transmitter		INFO	pushing into buff
21-02-2016 07:54:21	DataProcessor		INFO	polling
21-02-2016 07:54:21	CameraInterface		INFO	Read successful
21-02-2016 07:54:21	Controller		INFO	sending to transmitter
21-02-2016 07:54:21	Transmitter		INFO	pushing into buff
21-02-2016 07:54:21	DataProcessor		INFO	polling
21-02-2016 07:54:21	CameraInterface		INFO	Read successful
21-02-2016 07:54:22	Controller		INFO	sending to transmitter
21-02-2016 07:54:22	Transmitter		INFO	pushing into buff
21-02-2016 07:54:22	DataProcessor		INFO	polling
21-02-2016 07:54:22	CameraInterface		INFO	Read successful
21-02-2016 07:54:22	Controller		INFO	sending to transmitter
21-02-2016 07:54:22	Transmitter		INFO	pushing into buff
21-02-2016 07:54:22	DataProcessor		INFO	polling
21-02-2016 07:54:22	CameraInterface		INFO	Read successful
21-02-2016 07:54:22	Controller		INFO	sending to transmitter
21-02-2016 07:54:22	Transmitter		INFO	pushing into buff
21-02-2016 07:54:22	DataProcessor		INFO	polling
21-02-2016 07:54:22	CameraInterface		INFO	Read successful
21-02-2016 07:54:22	Controller		INFO	sending to transmitter
21-02-2016 07:54:22	Transmitter		INFO	pushing into buff
21-02-2016 07:54:22	DataProcessor		INFO	polling
21-02-2016 07:54:22	CameraInterface		INFO	Read successful
21-02-2016 07:54:22	Controller		INFO	sending to transmitter
21-02-2016 07:54:22	Transmitter		INFO	pushing into buff
21-02-2016 07:54:22	DataProcessor		INFO	polling
21-02-2016 07:54:23	CameraInterface		INFO	Read successful
21-02-2016 07:54:23	Controller		INFO	sending to transmitter
21-02-2016 07:54:23	Transmitter		INFO	pushing into buff
21-02-2016 07:54:23	DataProcessor		INFO	polling
21-02-2016 07:54:23	CameraInterface		INFO	Read successful
21-02-2016 07:54:23	Controller		INFO	sending to transmitter
21-02-2016 07:54:23	Transmitter		INFO	pushing into buff
21-02-2016 07:54:23	DataProcessor		INFO	polling
21-02-2016 07:54:23	CameraInterface		INFO	Read successful
21-02-2016 07:54:23	Controller		INFO	sending to transmitter
21-02-2016 07:54:23	Transmitter		INFO	pushing into buff
21-02-2016 07:54:23	DataProcessor		INFO	polling
21-02-2016 07:54:23	CameraInterface		INFO	Read successful
21-02-2016 07:54:23	Controller		INFO	sending to transmitter
21-02-2016 07:54:23	Transmitter		INFO	pushing into buff
21-02-2016 07:54:23	DataProcessor		INFO	polling
21-02-2016 07:54:23	CameraInterface		INFO	Read successful
21-02-2016 07:54:23	Controller		INFO	sending to transmitter
21-02-2016 07:54:23	Transmitter		INFO	pushing into buff
21-02-2016 07:54:23	DataProcessor		INFO	polling
21-02-2016 07:54:24	CameraInterface		INFO	Read successful
21-02-2016 07:54:24	Controller		INFO	sending to transmitter
21-02-2016 07:54:24	Transmitter		INFO	pushing into buff
21-02-2016 07:54:24	DataProcessor		INFO	polling
21-02-2016 07:54:24	CameraInterface		INFO	Read successful
21-02-2016 07:54:24	Controller		INFO	sending to transmitter
21-02-2016 07:54:24	Transmitter		INFO	pushing into buff
21-02-2016 07:54:24	DataProcessor		INFO	polling
