21-02-2016 07:24:44	Main		TRACE	Logger initialized.
21-02-2016 07:24:44	PropertyReader		TRACE	Opening file: settings/settings.txt
21-02-2016 07:24:44	PropertyReader		INFO	File opened: settings/settings.txt
21-02-2016 07:24:44	PropertyReader		INFO	Loading properties file...
21-02-2016 07:24:44	PropertyReader		INFO	Mapped TRACE to LOGGING_LEVEL
21-02-2016 07:24:44	PropertyReader		INFO	Mapped 100 to CAM_BUFFER_SIZE
21-02-2016 07:24:44	PropertyReader		INFO	Mapped 15 to CAM_POLL_FREQUENCY
21-02-2016 07:24:44	PropertyReader		INFO	Mapped 0 to CAM_INDEX
21-02-2016 07:24:44	PropertyReader		DEBUG	Loaded 4 properties successfully
21-02-2016 07:24:44	Controller		INFO	Constructor controller
21-02-2016 07:24:44	Transmitter		INFO	socket retrieve success
21-02-2016 07:24:44	Transmitter		INFO	binding done
21-02-2016 07:24:44	Transmitter		INFO	done listening
21-02-2016 07:26:29	Transmitter		INFO	accepting
21-02-2016 07:26:29	Main		TRACE	intializing controller
21-02-2016 07:26:29	Controller		INFO	Initializing Controller
21-02-2016 07:26:29	Main		TRACE	initializing dataprocessor
21-02-2016 07:26:29	CameraInterface		INFO	Initializing camera
21-02-2016 07:26:29	CameraInterface		INFO	Opening video capture stream at position 0
21-02-2016 07:26:29	Transmitter		INFO	Starting Receiver Thread execution loop
21-02-2016 07:26:29	Transmitter		INFO	Starting Receiver Thread execution loop
21-02-2016 07:26:29	ControllerThread		INFO	Starting Controller Thread execution loop
21-02-2016 07:26:29	Transmitter		INFO	Starting Receiver Thread execution loop
21-02-2016 07:26:29	ControllerThread		INFO	Starting Controller Thread execution loop
21-02-2016 07:26:29	Receiver		INFO	Starting Receiver Thread execution loop
21-02-2016 07:26:29	Transmitter		INFO	running
21-02-2016 07:26:29	Transmitter		INFO	running
21-02-2016 07:26:29	Transmitter		INFO	running
21-02-2016 07:26:29	Transmitter		INFO	running
21-02-2016 07:26:29	Transmitter		INFO	running
21-02-2016 07:26:29	Transmitter		INFO	running
21-02-2016 07:26:29	Transmitter		INFO	running
21-02-2016 07:26:29	Transmitter		INFO	running
21-02-2016 07:26:29	Transmitter		INFO	running
21-02-2016 07:26:29	Transmitter		INFO	running
21-02-2016 07:26:29	Transmitter		INFO	running
21-02-2016 07:26:29	Transmitter		INFO	running
21-02-2016 07:26:29	Transmitter		INFO	running
21-02-2016 07:26:29	Transmitter		INFO	running
21-02-2016 07:26:29	Transmitter		INFO	running
21-02-2016 07:26:29	Transmitter		INFO	running
21-02-2016 07:26:29	Transmitter		INFO	running
21-02-2016 07:26:29	Transmitter		INFO	running
21-02-2016 07:26:29	Transmitter		INFO	running
21-02-2016 07:26:29	Transmitter		INFO	running
21-02-2016 07:26:29	Transmitter		INFO	running
21-02-2016 07:26:29	Transmitter		INFO	running
21-02-2016 07:26:29	Transmitter		INFO	running
21-02-2016 07:26:29	Transmitter		INFO	running
21-02-2016 07:26:29	Transmitter		INFO	running
21-02-2016 07:26:29	Transmitter		INFO	running
21-02-2016 07:26:29	Transmitter		INFO	running
21-02-2016 07:26:29	Transmitter		INFO	running
21-02-2016 07:26:29	Transmitter		INFO	running
21-02-2016 07:26:29	Transmitter		INFO	running
21-02-2016 07:26:29	Transmitter		INFO	running
21-02-2016 07:26:29	Transmitter		INFO	running
21-02-2016 07:26:29	Transmitter		INFO	running
21-02-2016 07:26:29	Transmitter		INFO	running
21-02-2016 07:26:29	Transmitter		INFO	running
21-02-2016 07:26:29	Transmitter		INFO	running
21-02-2016 07:26:29	Transmitter		INFO	running
21-02-2016 07:26:29	Transmitter		INFO	running
21-02-2016 07:26:29	Transmitter		INFO	running
21-02-2016 07:26:29	Transmitter		INFO	running
21-02-2016 07:26:29	Transmitter		INFO	running
21-02-2016 07:26:29	Transmitter		INFO	running
21-02-2016 07:26:29	Transmitter		INFO	running
21-02-2016 07:26:29	Transmitter		INFO	running
21-02-2016 07:26:29	Transmitter		INFO	running
21-02-2016 07:26:29	Transmitter		INFO	running
21-02-2016 07:26:29	Transmitter		INFO	running
21-02-2016 07:26:29	Transmitter		INFO	running
21-02-2016 07:26:29	Transmitter		INFO	running
21-02-2016 07:26:29	Transmitter		INFO	running
21-02-2016 07:26:29	Transmitter		INFO	running
21-02-2016 07:26:29	Transmitter		INFO	running
21-02-2016 07:26:29	Transmitter		INFO	running
21-02-2016 07:26:29	Transmitter		INFO	running
21-02-2016 07:26:29	Transmitter		INFO	running
21-02-2016 07:26:29	Transmitter		INFO	running
21-02-2016 07:26:29	Transmitter		INFO	running
21-02-2016 07:26:29	Transmitter		INFO	running
21-02-2016 07:26:29	Main		TRACE	running controller
21-02-2016 07:26:29	DataProcessor		INFO	polling
21-02-2016 07:26:29	Transmitter		INFO	running
21-02-2016 07:26:29	Transmitter		INFO	running
21-02-2016 07:26:29	Transmitter		INFO	running
21-02-2016 07:26:29	Transmitter		INFO	running
21-02-2016 07:26:29	Transmitter		INFO	running
21-02-2016 07:26:29	Transmitter		INFO	running
21-02-2016 07:26:29	Transmitter		INFO	running
21-02-2016 07:26:29	Transmitter		INFO	running
21-02-2016 07:26:29	Transmitter		INFO	running
21-02-2016 07:26:29	Transmitter		INFO	running
21-02-2016 07:26:29	Transmitter		INFO	running
21-02-2016 07:26:29	Transmitter		INFO	running
21-02-2016 07:26:29	Transmitter		INFO	running
21-02-2016 07:26:29	Transmitter		INFO	running
21-02-2016 07:26:29	Transmitter		INFO	running
21-02-2016 07:26:29	Transmitter		INFO	running
21-02-2016 07:26:29	Transmitter		INFO	running
21-02-2016 07:26:29	Transmitter		INFO	running
21-02-2016 07:26:29	Transmitter		INFO	running
21-02-2016 07:26:29	Transmitter		INFO	running
21-02-2016 07:26:29	Transmitter		INFO	running
21-02-2016 07:26:29	Transmitter		INFO	running
21-02-2016 07:26:29	Transmitter		INFO	running
21-02-2016 07:26:29	Transmitter		INFO	running
21-02-2016 07:26:29	Transmitter		INFO	running
21-02-2016 07:26:29	Transmitter		INFO	running
21-02-2016 07:26:29	Transmitter		INFO	running
21-02-2016 07:26:29	Transmitter		INFO	running
21-02-2016 07:26:29	Transmitter		INFO	running
21-02-2016 07:26:29	Transmitter		INFO	running
21-02-2016 07:26:29	Transmitter		INFO	running
21-02-2016 07:26:29	Transmitter		INFO	running
21-02-2016 07:26:29	Transmitter		INFO	running
21-02-2016 07:26:29	Transmitter		INFO	running
21-02-2016 07:26:29	Transmitter		INFO	running
21-02-2016 07:26:29	Transmitter		INFO	running
21-02-2016 07:26:29	Transmitter		INFO	running
21-02-2016 07:26:29	Transmitter		INFO	running
21-02-2016 07:26:29	Transmitter		INFO	running
21-02-2016 07:26:29	Transmitter		INFO	running
21-02-2016 07:26:29	Transmitter		INFO	running
21-02-2016 07:26:29	Transmitter		INFO	running
21-02-2016 07:26:29	Transmitter		INFO	running
21-02-2016 07:26:29	Transmitter		INFO	running
21-02-2016 07:26:29	Transmitter		INFO	running
21-02-2016 07:26:29	Transmitter		INFO	running
21-02-2016 07:26:29	Transmitter		INFO	running
21-02-2016 07:26:29	Transmitter		INFO	running
21-02-2016 07:26:29	Transmitter		INFO	running
21-02-2016 07:26:29	Transmitter		INFO	running
21-02-2016 07:26:29	Transmitter		INFO	running
21-02-2016 07:26:29	Transmitter		INFO	running
21-02-2016 07:26:29	Transmitter		INFO	running
21-02-2016 07:26:29	Transmitter		INFO	running
21-02-2016 07:26:29	Transmitter		INFO	running
21-02-2016 07:26:29	Transmitter		INFO	running
21-02-2016 07:26:29	Transmitter		INFO	running
21-02-2016 07:26:29	Transmitter		INFO	running
21-02-2016 07:26:29	Transmitter		INFO	running
21-02-2016 07:26:29	Transmitter		INFO	running
21-02-2016 07:26:29	Transmitter		INFO	running
21-02-2016 07:26:29	Transmitter		INFO	running
21-02-2016 07:26:29	Transmitter		INFO	running
21-02-2016 07:26:29	Transmitter		INFO	running
21-02-2016 07:26:29	Transmitter		INFO	running
21-02-2016 07:26:29	Transmitter		INFO	running
21-02-2016 07:26:29	Transmitter		INFO	running
21-02-2016 07:26:29	Transmitter		INFO	running
21-02-2016 07:26:29	Transmitter		INFO	running
21-02-2016 07:26:29	Transmitter		INFO	running
21-02-2016 07:26:29	Transmitter		INFO	running
21-02-2016 07:26:30	Transmitter		INFO	running
21-02-2016 07:26:30	Transmitter		INFO	running
21-02-2016 07:26:30	Transmitter		INFO	running
21-02-2016 07:26:30	Transmitter		INFO	running
21-02-2016 07:26:30	Transmitter		INFO	running
21-02-2016 07:26:30	Transmitter		INFO	running
21-02-2016 07:26:30	Transmitter		INFO	running
21-02-2016 07:26:30	Transmitter		INFO	running
21-02-2016 07:26:30	Transmitter		INFO	running
21-02-2016 07:26:30	Transmitter		INFO	running
21-02-2016 07:26:30	Transmitter		INFO	running
21-02-2016 07:26:30	Transmitter		INFO	running
21-02-2016 07:26:30	Transmitter		INFO	running
21-02-2016 07:26:30	Transmitter		INFO	running
21-02-2016 07:26:30	Transmitter		INFO	running
21-02-2016 07:26:30	Transmitter		INFO	running
21-02-2016 07:26:30	Transmitter		INFO	running
21-02-2016 07:26:30	Transmitter		INFO	running
21-02-2016 07:26:30	Transmitter		INFO	running
21-02-2016 07:26:30	CameraInterface		INFO	Read successful
21-02-2016 07:26:30	Controller		INFO	sending to transmitter
21-02-2016 07:26:30	Transmitter		INFO	pushing into buff
21-02-2016 07:26:30	DataProcessor		INFO	polling
21-02-2016 07:26:30	Transmitter		INFO	running
21-02-2016 07:26:30	Transmitter		INFO	getting from buffer
21-02-2016 07:26:30	CameraInterface		INFO	Read successful
21-02-2016 07:26:30	Controller		INFO	sending to transmitter
21-02-2016 07:26:30	Transmitter		INFO	pushing into buff
21-02-2016 07:26:30	DataProcessor		INFO	polling
21-02-2016 07:26:30	CameraInterface		INFO	Read successful
21-02-2016 07:26:30	Controller		INFO	sending to transmitter
21-02-2016 07:26:30	Transmitter		INFO	pushing into buff
21-02-2016 07:26:30	DataProcessor		INFO	polling
21-02-2016 07:26:30	CameraInterface		INFO	Read successful
21-02-2016 07:26:30	Controller		INFO	sending to transmitter
21-02-2016 07:26:30	Transmitter		INFO	pushing into buff
21-02-2016 07:26:30	DataProcessor		INFO	polling
21-02-2016 07:26:31	CameraInterface		INFO	Read successful
21-02-2016 07:26:31	Controller		INFO	sending to transmitter
21-02-2016 07:26:31	Transmitter		INFO	pushing into buff
21-02-2016 07:26:31	DataProcessor		INFO	polling
21-02-2016 07:26:31	CameraInterface		INFO	Read successful
21-02-2016 07:26:31	Controller		INFO	sending to transmitter
21-02-2016 07:26:31	Transmitter		INFO	pushing into buff
21-02-2016 07:26:31	DataProcessor		INFO	polling
21-02-2016 07:26:31	CameraInterface		INFO	Read successful
21-02-2016 07:26:31	Controller		INFO	sending to transmitter
21-02-2016 07:26:31	Transmitter		INFO	pushing into buff
21-02-2016 07:26:31	DataProcessor		INFO	polling
21-02-2016 07:26:31	CameraInterface		INFO	Read successful
21-02-2016 07:26:31	Controller		INFO	sending to transmitter
21-02-2016 07:26:31	Transmitter		INFO	pushing into buff
21-02-2016 07:26:31	DataProcessor		INFO	polling
21-02-2016 07:26:32	CameraInterface		INFO	Read successful
21-02-2016 07:26:32	Controller		INFO	sending to transmitter
21-02-2016 07:26:32	Transmitter		INFO	pushing into buff
21-02-2016 07:26:32	DataProcessor		INFO	polling
21-02-2016 07:26:32	CameraInterface		INFO	Read successful
21-02-2016 07:26:32	Controller		INFO	sending to transmitter
21-02-2016 07:26:32	Transmitter		INFO	pushing into buff
21-02-2016 07:26:32	DataProcessor		INFO	polling
21-02-2016 07:26:32	CameraInterface		INFO	Read successful
21-02-2016 07:26:32	Controller		INFO	sending to transmitter
21-02-2016 07:26:32	Transmitter		INFO	pushing into buff
21-02-2016 07:26:32	DataProcessor		INFO	polling
21-02-2016 07:26:32	CameraInterface		INFO	Read successful
21-02-2016 07:26:32	Controller		INFO	sending to transmitter
21-02-2016 07:26:32	Transmitter		INFO	pushing into buff
21-02-2016 07:26:32	DataProcessor		INFO	polling
21-02-2016 07:26:32	CameraInterface		INFO	Read successful
21-02-2016 07:26:32	Controller		INFO	sending to transmitter
21-02-2016 07:26:32	Transmitter		INFO	pushing into buff
21-02-2016 07:26:32	DataProcessor		INFO	polling
21-02-2016 07:26:33	CameraInterface		INFO	Read successful
21-02-2016 07:26:33	Controller		INFO	sending to transmitter
21-02-2016 07:26:33	Transmitter		INFO	pushing into buff
21-02-2016 07:26:33	DataProcessor		INFO	polling
21-02-2016 07:26:33	CameraInterface		INFO	Read successful
21-02-2016 07:26:33	Controller		INFO	sending to transmitter
21-02-2016 07:26:33	Transmitter		INFO	pushing into buff
21-02-2016 07:26:33	DataProcessor		INFO	polling
21-02-2016 07:26:33	CameraInterface		INFO	Read successful
21-02-2016 07:26:33	Controller		INFO	sending to transmitter
21-02-2016 07:26:33	Transmitter		INFO	pushing into buff
21-02-2016 07:26:33	DataProcessor		INFO	polling
21-02-2016 07:26:33	CameraInterface		INFO	Read successful
21-02-2016 07:26:33	Controller		INFO	sending to transmitter
21-02-2016 07:26:33	Transmitter		INFO	pushing into buff
21-02-2016 07:26:33	DataProcessor		INFO	polling
21-02-2016 07:26:33	CameraInterface		INFO	Read successful
21-02-2016 07:26:33	Controller		INFO	sending to transmitter
21-02-2016 07:26:33	Transmitter		INFO	pushing into buff
21-02-2016 07:26:33	DataProcessor		INFO	polling
21-02-2016 07:26:34	CameraInterface		INFO	Read successful
21-02-2016 07:26:34	Controller		INFO	sending to transmitter
21-02-2016 07:26:34	Transmitter		INFO	pushing into buff
21-02-2016 07:26:34	DataProcessor		INFO	polling
21-02-2016 07:26:34	CameraInterface		INFO	Read successful
21-02-2016 07:26:34	Controller		INFO	sending to transmitter
21-02-2016 07:26:34	Transmitter		INFO	pushing into buff
21-02-2016 07:26:34	DataProcessor		INFO	polling
21-02-2016 07:26:34	CameraInterface		INFO	Read successful
21-02-2016 07:26:34	Controller		INFO	sending to transmitter
21-02-2016 07:26:34	Transmitter		INFO	pushing into buff
21-02-2016 07:26:34	DataProcessor		INFO	polling
21-02-2016 07:26:34	CameraInterface		INFO	Read successful
21-02-2016 07:26:34	Controller		INFO	sending to transmitter
21-02-2016 07:26:34	Transmitter		INFO	pushing into buff
21-02-2016 07:26:34	DataProcessor		INFO	polling
21-02-2016 07:26:35	CameraInterface		INFO	Read successful
21-02-2016 07:26:35	Controller		INFO	sending to transmitter
21-02-2016 07:26:35	Transmitter		INFO	pushing into buff
21-02-2016 07:26:35	DataProcessor		INFO	polling
21-02-2016 07:26:35	Transmitter		INFO	sending string: 104601
21-02-2016 07:26:35	CameraInterface		INFO	Read successful
21-02-2016 07:26:35	Controller		INFO	sending to transmitter
21-02-2016 07:26:35	Transmitter		INFO	pushing into buff
21-02-2016 07:26:35	DataProcessor		INFO	polling
21-02-2016 07:26:35	Transmitter		INFO	running
21-02-2016 07:26:35	Transmitter		INFO	getting from buffer
21-02-2016 07:26:35	CameraInterface		INFO	Read successful
21-02-2016 07:26:35	Controller		INFO	sending to transmitter
21-02-2016 07:26:35	Transmitter		INFO	pushing into buff
21-02-2016 07:26:35	DataProcessor		INFO	polling
21-02-2016 07:26:35	CameraInterface		INFO	Read successful
21-02-2016 07:26:35	Controller		INFO	sending to transmitter
21-02-2016 07:26:35	Transmitter		INFO	pushing into buff
21-02-2016 07:26:35	DataProcessor		INFO	polling
21-02-2016 07:26:36	CameraInterface		INFO	Read successful
21-02-2016 07:26:36	Controller		INFO	sending to transmitter
21-02-2016 07:26:36	Transmitter		INFO	pushing into buff
21-02-2016 07:26:36	DataProcessor		INFO	polling
21-02-2016 07:26:36	CameraInterface		INFO	Read successful
21-02-2016 07:26:36	Controller		INFO	sending to transmitter
21-02-2016 07:26:36	Transmitter		INFO	pushing into buff
21-02-2016 07:26:36	DataProcessor		INFO	polling
21-02-2016 07:26:36	CameraInterface		INFO	Read successful
21-02-2016 07:26:36	Controller		INFO	sending to transmitter
21-02-2016 07:26:36	Transmitter		INFO	pushing into buff
21-02-2016 07:26:36	DataProcessor		INFO	polling
21-02-2016 07:26:36	CameraInterface		INFO	Read successful
21-02-2016 07:26:36	Controller		INFO	sending to transmitter
21-02-2016 07:26:36	Transmitter		INFO	pushing into buff
21-02-2016 07:26:36	DataProcessor		INFO	polling
21-02-2016 07:26:36	CameraInterface		INFO	Read successful
21-02-2016 07:26:36	Controller		INFO	sending to transmitter
21-02-2016 07:26:36	Transmitter		INFO	pushing into buff
21-02-2016 07:26:36	DataProcessor		INFO	polling
21-02-2016 07:26:37	CameraInterface		INFO	Read successful
21-02-2016 07:26:37	Controller		INFO	sending to transmitter
21-02-2016 07:26:37	Transmitter		INFO	pushing into buff
21-02-2016 07:26:37	DataProcessor		INFO	polling
21-02-2016 07:26:37	CameraInterface		INFO	Read successful
21-02-2016 07:26:37	Controller		INFO	sending to transmitter
21-02-2016 07:26:37	Transmitter		INFO	pushing into buff
21-02-2016 07:26:37	DataProcessor		INFO	polling
21-02-2016 07:26:37	CameraInterface		INFO	Read successful
21-02-2016 07:26:37	Controller		INFO	sending to transmitter
21-02-2016 07:26:37	Transmitter		INFO	pushing into buff
21-02-2016 07:26:37	DataProcessor		INFO	polling
21-02-2016 07:26:37	CameraInterface		INFO	Read successful
21-02-2016 07:26:37	Controller		INFO	sending to transmitter
21-02-2016 07:26:37	Transmitter		INFO	pushing into buff
21-02-2016 07:26:37	DataProcessor		INFO	polling
21-02-2016 07:26:38	CameraInterface		INFO	Read successful
21-02-2016 07:26:38	Controller		INFO	sending to transmitter
21-02-2016 07:26:38	Transmitter		INFO	pushing into buff
21-02-2016 07:26:38	DataProcessor		INFO	polling
21-02-2016 07:26:38	CameraInterface		INFO	Read successful
21-02-2016 07:26:38	Controller		INFO	sending to transmitter
21-02-2016 07:26:38	Transmitter		INFO	pushing into buff
21-02-2016 07:26:38	DataProcessor		INFO	polling
21-02-2016 07:26:38	CameraInterface		INFO	Read successful
21-02-2016 07:26:38	Controller		INFO	sending to transmitter
21-02-2016 07:26:38	Transmitter		INFO	pushing into buff
21-02-2016 07:26:38	DataProcessor		INFO	polling
21-02-2016 07:26:38	CameraInterface		INFO	Read successful
21-02-2016 07:26:38	Controller		INFO	sending to transmitter
21-02-2016 07:26:38	Transmitter		INFO	pushing into buff
21-02-2016 07:26:38	DataProcessor		INFO	polling
21-02-2016 07:26:38	CameraInterface		INFO	Read successful
21-02-2016 07:26:39	Controller		INFO	sending to transmitter
21-02-2016 07:26:39	Transmitter		INFO	pushing into buff
21-02-2016 07:26:39	DataProcessor		INFO	polling
21-02-2016 07:26:39	CameraInterface		INFO	Read successful
21-02-2016 07:26:39	Controller		INFO	sending to transmitter
21-02-2016 07:26:39	Transmitter		INFO	pushing into buff
21-02-2016 07:26:39	DataProcessor		INFO	polling
21-02-2016 07:26:39	CameraInterface		INFO	Read successful
21-02-2016 07:26:39	Controller		INFO	sending to transmitter
21-02-2016 07:26:39	Transmitter		INFO	pushing into buff
21-02-2016 07:26:39	DataProcessor		INFO	polling
21-02-2016 07:26:39	CameraInterface		INFO	Read successful
21-02-2016 07:26:39	Controller		INFO	sending to transmitter
21-02-2016 07:26:39	Transmitter		INFO	pushing into buff
21-02-2016 07:26:39	DataProcessor		INFO	polling
21-02-2016 07:26:39	CameraInterface		INFO	Read successful
21-02-2016 07:26:39	Controller		INFO	sending to transmitter
21-02-2016 07:26:39	Transmitter		INFO	pushing into buff
21-02-2016 07:26:39	DataProcessor		INFO	polling
21-02-2016 07:26:40	CameraInterface		INFO	Read successful
21-02-2016 07:26:40	Controller		INFO	sending to transmitter
21-02-2016 07:26:40	Transmitter		INFO	pushing into buff
21-02-2016 07:26:40	DataProcessor		INFO	polling
21-02-2016 07:26:40	CameraInterface		INFO	Read successful
21-02-2016 07:26:40	Controller		INFO	sending to transmitter
21-02-2016 07:26:40	Transmitter		INFO	pushing into buff
21-02-2016 07:26:40	DataProcessor		INFO	polling
21-02-2016 07:26:40	CameraInterface		INFO	Read successful
21-02-2016 07:26:40	Controller		INFO	sending to transmitter
21-02-2016 07:26:40	Transmitter		INFO	pushing into buff
21-02-2016 07:26:40	DataProcessor		INFO	polling
21-02-2016 07:26:40	CameraInterface		INFO	Read successful
21-02-2016 07:26:40	Controller		INFO	sending to transmitter
21-02-2016 07:26:40	Transmitter		INFO	pushing into buff
21-02-2016 07:26:40	DataProcessor		INFO	polling
21-02-2016 07:26:40	CameraInterface		INFO	Read successful
21-02-2016 07:26:40	Controller		INFO	sending to transmitter
21-02-2016 07:26:40	Transmitter		INFO	pushing into buff
21-02-2016 07:26:40	DataProcessor		INFO	polling
21-02-2016 07:26:41	CameraInterface		INFO	Read successful
21-02-2016 07:26:41	Controller		INFO	sending to transmitter
21-02-2016 07:26:41	Transmitter		INFO	pushing into buff
21-02-2016 07:26:41	DataProcessor		INFO	polling
21-02-2016 07:26:41	CameraInterface		INFO	Read successful
21-02-2016 07:26:41	Controller		INFO	sending to transmitter
21-02-2016 07:26:41	Transmitter		INFO	pushing into buff
21-02-2016 07:26:41	DataProcessor		INFO	polling
21-02-2016 07:26:41	CameraInterface		INFO	Read successful
21-02-2016 07:26:41	Controller		INFO	sending to transmitter
21-02-2016 07:26:41	Transmitter		INFO	pushing into buff
21-02-2016 07:26:41	DataProcessor		INFO	polling
21-02-2016 07:26:41	CameraInterface		INFO	Read successful
21-02-2016 07:26:41	Controller		INFO	sending to transmitter
21-02-2016 07:26:41	Transmitter		INFO	pushing into buff
21-02-2016 07:26:41	DataProcessor		INFO	polling
21-02-2016 07:26:41	CameraInterface		INFO	Read successful
21-02-2016 07:26:41	Controller		INFO	sending to transmitter
21-02-2016 07:26:42	Transmitter		INFO	pushing into buff
21-02-2016 07:26:42	DataProcessor		INFO	polling
21-02-2016 07:26:42	CameraInterface		INFO	Read successful
21-02-2016 07:26:42	Controller		INFO	sending to transmitter
21-02-2016 07:26:42	Transmitter		INFO	pushing into buff
21-02-2016 07:26:42	DataProcessor		INFO	polling
21-02-2016 07:26:42	CameraInterface		INFO	Read successful
21-02-2016 07:26:42	Controller		INFO	sending to transmitter
21-02-2016 07:26:42	Transmitter		INFO	pushing into buff
21-02-2016 07:26:42	DataProcessor		INFO	polling
21-02-2016 07:26:42	CameraInterface		INFO	Read successful
21-02-2016 07:26:42	Controller		INFO	sending to transmitter
21-02-2016 07:26:42	Transmitter		INFO	pushing into buff
21-02-2016 07:26:42	DataProcessor		INFO	polling
21-02-2016 07:26:42	CameraInterface		INFO	Read successful
21-02-2016 07:26:42	Controller		INFO	sending to transmitter
21-02-2016 07:26:42	Transmitter		INFO	pushing into buff
21-02-2016 07:26:42	DataProcessor		INFO	polling
21-02-2016 07:26:42	CameraInterface		INFO	Read successful
21-02-2016 07:26:43	Controller		INFO	sending to transmitter
21-02-2016 07:26:43	Transmitter		INFO	pushing into buff
21-02-2016 07:26:43	DataProcessor		INFO	polling
21-02-2016 07:26:43	CameraInterface		INFO	Read successful
21-02-2016 07:26:43	Controller		INFO	sending to transmitter
21-02-2016 07:26:43	Transmitter		INFO	pushing into buff
21-02-2016 07:26:43	DataProcessor		INFO	polling
21-02-2016 07:26:43	Transmitter		INFO	sending string: 1303754
21-02-2016 07:26:43	CameraInterface		INFO	Read successful
21-02-2016 07:26:43	Controller		INFO	sending to transmitter
21-02-2016 07:26:43	Transmitter		INFO	pushing into buff
21-02-2016 07:26:43	DataProcessor		INFO	polling
21-02-2016 07:26:43	CameraInterface		INFO	Read successful
21-02-2016 07:26:43	Controller		INFO	sending to transmitter
21-02-2016 07:26:43	Transmitter		INFO	pushing into buff
21-02-2016 07:26:43	DataProcessor		INFO	polling
21-02-2016 07:26:43	CameraInterface		INFO	Read successful
21-02-2016 07:26:44	Controller		INFO	sending to transmitter
21-02-2016 07:26:44	Transmitter		INFO	pushing into buff
21-02-2016 07:26:44	DataProcessor		INFO	polling
21-02-2016 07:26:44	CameraInterface		INFO	Read successful
21-02-2016 07:26:44	Controller		INFO	sending to transmitter
21-02-2016 07:26:44	Transmitter		INFO	pushing into buff
21-02-2016 07:26:44	DataProcessor		INFO	polling
21-02-2016 07:26:44	CameraInterface		INFO	Read successful
21-02-2016 07:26:44	Controller		INFO	sending to transmitter
21-02-2016 07:26:44	Transmitter		INFO	pushing into buff
21-02-2016 07:26:44	DataProcessor		INFO	polling
21-02-2016 07:26:44	CameraInterface		INFO	Read successful
21-02-2016 07:26:44	Controller		INFO	sending to transmitter
21-02-2016 07:26:44	Transmitter		INFO	pushing into buff
21-02-2016 07:26:44	DataProcessor		INFO	polling
21-02-2016 07:26:44	CameraInterface		INFO	Read successful
21-02-2016 07:26:44	Controller		INFO	sending to transmitter
21-02-2016 07:26:44	Transmitter		INFO	pushing into buff
21-02-2016 07:26:44	DataProcessor		INFO	polling
21-02-2016 07:26:45	CameraInterface		INFO	Read successful
21-02-2016 07:26:45	Controller		INFO	sending to transmitter
21-02-2016 07:26:45	Transmitter		INFO	pushing into buff
21-02-2016 07:26:45	DataProcessor		INFO	polling
21-02-2016 07:26:45	CameraInterface		INFO	Read successful
21-02-2016 07:26:45	Controller		INFO	sending to transmitter
21-02-2016 07:26:45	Transmitter		INFO	pushing into buff
21-02-2016 07:26:45	DataProcessor		INFO	polling
21-02-2016 07:26:45	CameraInterface		INFO	Read successful
21-02-2016 07:26:45	Controller		INFO	sending to transmitter
21-02-2016 07:26:45	Transmitter		INFO	pushing into buff
21-02-2016 07:26:45	DataProcessor		INFO	polling
21-02-2016 07:26:45	CameraInterface		INFO	Read successful
21-02-2016 07:26:45	Controller		INFO	sending to transmitter
21-02-2016 07:26:45	Transmitter		INFO	pushing into buff
21-02-2016 07:26:45	DataProcessor		INFO	polling
21-02-2016 07:26:45	CameraInterface		INFO	Read successful
21-02-2016 07:26:45	Controller		INFO	sending to transmitter
21-02-2016 07:26:45	Transmitter		INFO	pushing into buff
21-02-2016 07:26:45	DataProcessor		INFO	polling
21-02-2016 07:26:45	CameraInterface		INFO	Read successful
21-02-2016 07:26:45	Controller		INFO	sending to transmitter
21-02-2016 07:26:45	Transmitter		INFO	pushing into buff
21-02-2016 07:26:46	DataProcessor		INFO	polling
21-02-2016 07:26:46	CameraInterface		INFO	Read successful
21-02-2016 07:26:46	Controller		INFO	sending to transmitter
21-02-2016 07:26:46	Transmitter		INFO	pushing into buff
21-02-2016 07:26:46	DataProcessor		INFO	polling
21-02-2016 07:26:46	CameraInterface		INFO	Read successful
21-02-2016 07:26:46	Controller		INFO	sending to transmitter
21-02-2016 07:26:46	Transmitter		INFO	pushing into buff
21-02-2016 07:26:46	DataProcessor		INFO	polling
21-02-2016 07:26:46	CameraInterface		INFO	Read successful
21-02-2016 07:26:46	Controller		INFO	sending to transmitter
21-02-2016 07:26:46	Transmitter		INFO	pushing into buff
21-02-2016 07:26:46	DataProcessor		INFO	polling
21-02-2016 07:26:46	CameraInterface		INFO	Read successful
21-02-2016 07:26:46	Controller		INFO	sending to transmitter
21-02-2016 07:26:46	Transmitter		INFO	pushing into buff
21-02-2016 07:26:46	DataProcessor		INFO	polling
21-02-2016 07:26:46	CameraInterface		INFO	Read successful
21-02-2016 07:26:46	Controller		INFO	sending to transmitter
21-02-2016 07:26:46	Transmitter		INFO	pushing into buff
21-02-2016 07:26:46	DataProcessor		INFO	polling
21-02-2016 07:26:47	CameraInterface		INFO	Read successful
21-02-2016 07:26:47	Controller		INFO	sending to transmitter
21-02-2016 07:26:47	Transmitter		INFO	pushing into buff
21-02-2016 07:26:47	DataProcessor		INFO	polling
21-02-2016 07:26:47	CameraInterface		INFO	Read successful
21-02-2016 07:26:47	Controller		INFO	sending to transmitter
21-02-2016 07:26:47	Transmitter		INFO	pushing into buff
21-02-2016 07:26:47	DataProcessor		INFO	polling
21-02-2016 07:26:47	CameraInterface		INFO	Read successful
21-02-2016 07:26:47	Controller		INFO	sending to transmitter
21-02-2016 07:26:47	Transmitter		INFO	pushing into buff
21-02-2016 07:26:47	DataProcessor		INFO	polling
21-02-2016 07:26:47	CameraInterface		INFO	Read successful
21-02-2016 07:26:47	Controller		INFO	sending to transmitter
21-02-2016 07:26:47	Transmitter		INFO	pushing into buff
21-02-2016 07:26:47	DataProcessor		INFO	polling
21-02-2016 07:26:47	CameraInterface		INFO	Read successful
21-02-2016 07:26:47	Controller		INFO	sending to transmitter
21-02-2016 07:26:47	Transmitter		INFO	pushing into buff
21-02-2016 07:26:47	DataProcessor		INFO	polling
21-02-2016 07:26:48	CameraInterface		INFO	Read successful
21-02-2016 07:26:48	Controller		INFO	sending to transmitter
21-02-2016 07:26:48	Transmitter		INFO	pushing into buff
21-02-2016 07:26:48	DataProcessor		INFO	polling
21-02-2016 07:26:48	CameraInterface		INFO	Read successful
21-02-2016 07:26:48	Controller		INFO	sending to transmitter
21-02-2016 07:26:48	Transmitter		INFO	pushing into buff
21-02-2016 07:26:48	DataProcessor		INFO	polling
21-02-2016 07:26:48	CameraInterface		INFO	Read successful
21-02-2016 07:26:48	Controller		INFO	sending to transmitter
21-02-2016 07:26:48	Transmitter		INFO	pushing into buff
21-02-2016 07:26:48	DataProcessor		INFO	polling
21-02-2016 07:26:48	CameraInterface		INFO	Read successful
21-02-2016 07:26:48	Controller		INFO	sending to transmitter
21-02-2016 07:26:48	Transmitter		INFO	pushing into buff
21-02-2016 07:26:48	DataProcessor		INFO	polling
21-02-2016 07:26:48	CameraInterface		INFO	Read successful
21-02-2016 07:26:48	Controller		INFO	sending to transmitter
21-02-2016 07:26:49	Transmitter		INFO	pushing into buff
21-02-2016 07:26:49	DataProcessor		INFO	polling
21-02-2016 07:26:56	CameraInterface		INFO	Read successful
