21-02-2016 07:13:03	Main		TRACE	Logger initialized.
21-02-2016 07:13:03	PropertyReader		TRACE	Opening file: settings/settings.txt
21-02-2016 07:13:03	PropertyReader		INFO	File opened: settings/settings.txt
21-02-2016 07:13:03	PropertyReader		INFO	Loading properties file...
21-02-2016 07:13:03	PropertyReader		INFO	Mapped TRACE to LOGGING_LEVEL
21-02-2016 07:13:03	PropertyReader		INFO	Mapped 100 to CAM_BUFFER_SIZE
21-02-2016 07:13:03	PropertyReader		INFO	Mapped 15 to CAM_POLL_FREQUENCY
21-02-2016 07:13:03	PropertyReader		INFO	Mapped 0 to CAM_INDEX
21-02-2016 07:13:03	PropertyReader		DEBUG	Loaded 4 properties successfully
21-02-2016 07:13:03	Controller		INFO	Constructor controller
21-02-2016 07:13:03	Transmitter		INFO	socket retrieve success
21-02-2016 07:13:03	Transmitter		INFO	binding done
21-02-2016 07:13:03	Transmitter		INFO	done listening
21-02-2016 07:13:05	Transmitter		INFO	accepting
21-02-2016 07:13:05	Main		TRACE	intializing controller
21-02-2016 07:13:05	Controller		INFO	Initializing Controller
21-02-2016 07:13:05	Main		TRACE	initializing dataprocessor
21-02-2016 07:13:05	CameraInterface		INFO	Initializing camera
21-02-2016 07:13:05	CameraInterface		INFO	Opening video capture stream at position 0
21-02-2016 07:13:05	Transmitter		INFO	Starting Receiver Thread execution loop
21-02-2016 07:13:05	Transmitter		INFO	running
21-02-2016 07:13:05	Receiver		INFO	Starting Receiver Thread execution loop
21-02-2016 07:13:05	ControllerThread		INFO	Starting Controller Thread execution loop
21-02-2016 07:13:05	Transmitter		INFO	running
21-02-2016 07:13:05	Transmitter		INFO	running
21-02-2016 07:13:05	Transmitter		INFO	running
21-02-2016 07:13:05	Transmitter		INFO	running
21-02-2016 07:13:05	Transmitter		INFO	running
21-02-2016 07:13:05	Transmitter		INFO	running
21-02-2016 07:13:05	Transmitter		INFO	running
21-02-2016 07:13:05	Transmitter		INFO	running
21-02-2016 07:13:05	Transmitter		INFO	running
21-02-2016 07:13:05	Transmitter		INFO	running
21-02-2016 07:13:05	Transmitter		INFO	running
21-02-2016 07:13:05	Transmitter		INFO	running
21-02-2016 07:13:05	Transmitter		INFO	running
21-02-2016 07:13:05	Transmitter		INFO	running
21-02-2016 07:13:05	Transmitter		INFO	running
21-02-2016 07:13:05	Transmitter		INFO	running
21-02-2016 07:13:05	Transmitter		INFO	running
21-02-2016 07:13:05	Transmitter		INFO	running
21-02-2016 07:13:05	Transmitter		INFO	running
21-02-2016 07:13:05	Transmitter		INFO	running
21-02-2016 07:13:05	Transmitter		INFO	running
21-02-2016 07:13:05	Transmitter		INFO	running
21-02-2016 07:13:05	Transmitter		INFO	running
21-02-2016 07:13:05	Transmitter		INFO	running
21-02-2016 07:13:05	Transmitter		INFO	running
21-02-2016 07:13:05	Transmitter		INFO	running
21-02-2016 07:13:05	Transmitter		INFO	running
21-02-2016 07:13:05	Transmitter		INFO	running
21-02-2016 07:13:05	Transmitter		INFO	running
21-02-2016 07:13:05	Transmitter		INFO	running
21-02-2016 07:13:05	Transmitter		INFO	running
21-02-2016 07:13:05	Transmitter		INFO	running
21-02-2016 07:13:05	Transmitter		INFO	running
21-02-2016 07:13:05	Transmitter		INFO	running
21-02-2016 07:13:05	Transmitter		INFO	running
21-02-2016 07:13:05	Transmitter		INFO	running
21-02-2016 07:13:05	Transmitter		INFO	running
21-02-2016 07:13:05	Transmitter		INFO	running
21-02-2016 07:13:05	Main		TRACE	running controller
21-02-2016 07:13:05	DataProcessor		INFO	polling
21-02-2016 07:13:05	Transmitter		INFO	running
21-02-2016 07:13:05	Transmitter		INFO	running
21-02-2016 07:13:05	Transmitter		INFO	running
21-02-2016 07:13:05	Transmitter		INFO	running
21-02-2016 07:13:05	Transmitter		INFO	running
21-02-2016 07:13:05	Transmitter		INFO	running
21-02-2016 07:13:05	Transmitter		INFO	running
21-02-2016 07:13:05	Transmitter		INFO	running
21-02-2016 07:13:05	Transmitter		INFO	running
21-02-2016 07:13:05	Transmitter		INFO	running
21-02-2016 07:13:05	Transmitter		INFO	running
21-02-2016 07:13:05	Transmitter		INFO	running
21-02-2016 07:13:05	Transmitter		INFO	running
21-02-2016 07:13:05	Transmitter		INFO	running
21-02-2016 07:13:05	Transmitter		INFO	running
21-02-2016 07:13:05	Transmitter		INFO	running
21-02-2016 07:13:05	Transmitter		INFO	running
21-02-2016 07:13:05	Transmitter		INFO	running
21-02-2016 07:13:05	Transmitter		INFO	running
21-02-2016 07:13:05	Transmitter		INFO	running
21-02-2016 07:13:05	Transmitter		INFO	running
21-02-2016 07:13:05	Transmitter		INFO	running
21-02-2016 07:13:05	Transmitter		INFO	running
21-02-2016 07:13:05	Transmitter		INFO	running
21-02-2016 07:13:05	Transmitter		INFO	running
21-02-2016 07:13:05	Transmitter		INFO	running
21-02-2016 07:13:05	Transmitter		INFO	running
21-02-2016 07:13:05	Transmitter		INFO	running
21-02-2016 07:13:05	Transmitter		INFO	running
21-02-2016 07:13:05	Transmitter		INFO	running
21-02-2016 07:13:05	Transmitter		INFO	running
21-02-2016 07:13:05	Transmitter		INFO	running
21-02-2016 07:13:05	Transmitter		INFO	running
21-02-2016 07:13:05	Transmitter		INFO	running
21-02-2016 07:13:05	Transmitter		INFO	running
21-02-2016 07:13:06	Transmitter		INFO	running
21-02-2016 07:13:06	Transmitter		INFO	running
21-02-2016 07:13:06	Transmitter		INFO	running
21-02-2016 07:13:06	Transmitter		INFO	running
21-02-2016 07:13:06	Transmitter		INFO	running
21-02-2016 07:13:06	Transmitter		INFO	running
21-02-2016 07:13:06	Transmitter		INFO	running
21-02-2016 07:13:06	Transmitter		INFO	running
21-02-2016 07:13:06	Transmitter		INFO	running
21-02-2016 07:13:06	Transmitter		INFO	running
21-02-2016 07:13:06	Transmitter		INFO	running
21-02-2016 07:13:06	Transmitter		INFO	running
21-02-2016 07:13:06	Transmitter		INFO	running
21-02-2016 07:13:06	Transmitter		INFO	running
21-02-2016 07:13:06	Transmitter		INFO	running
21-02-2016 07:13:06	Transmitter		INFO	running
21-02-2016 07:13:06	Transmitter		INFO	running
21-02-2016 07:13:06	Transmitter		INFO	running
21-02-2016 07:13:06	Transmitter		INFO	running
21-02-2016 07:13:06	Transmitter		INFO	running
21-02-2016 07:13:06	Transmitter		INFO	running
21-02-2016 07:13:06	Transmitter		INFO	running
21-02-2016 07:13:06	Transmitter		INFO	running
21-02-2016 07:13:06	Transmitter		INFO	running
21-02-2016 07:13:06	Transmitter		INFO	running
21-02-2016 07:13:06	Transmitter		INFO	running
21-02-2016 07:13:06	Transmitter		INFO	running
21-02-2016 07:13:06	Transmitter		INFO	running
21-02-2016 07:13:06	Transmitter		INFO	running
21-02-2016 07:13:06	Transmitter		INFO	running
21-02-2016 07:13:06	Transmitter		INFO	running
21-02-2016 07:13:06	Transmitter		INFO	running
21-02-2016 07:13:06	Transmitter		INFO	running
21-02-2016 07:13:06	Transmitter		INFO	running
21-02-2016 07:13:06	Transmitter		INFO	running
21-02-2016 07:13:06	Transmitter		INFO	running
21-02-2016 07:13:06	Transmitter		INFO	running
21-02-2016 07:13:06	Transmitter		INFO	running
21-02-2016 07:13:06	Transmitter		INFO	running
21-02-2016 07:13:06	Transmitter		INFO	running
21-02-2016 07:13:06	Transmitter		INFO	running
21-02-2016 07:13:06	Transmitter		INFO	running
21-02-2016 07:13:06	Transmitter		INFO	running
21-02-2016 07:13:06	Transmitter		INFO	running
21-02-2016 07:13:06	Transmitter		INFO	running
21-02-2016 07:13:06	Transmitter		INFO	running
21-02-2016 07:13:06	Transmitter		INFO	running
21-02-2016 07:13:06	Transmitter		INFO	running
21-02-2016 07:13:06	Transmitter		INFO	running
21-02-2016 07:13:06	Transmitter		INFO	running
21-02-2016 07:13:06	Transmitter		INFO	running
21-02-2016 07:13:06	Transmitter		INFO	running
21-02-2016 07:13:06	Transmitter		INFO	running
21-02-2016 07:13:06	Transmitter		INFO	running
21-02-2016 07:13:06	Transmitter		INFO	running
21-02-2016 07:13:06	Transmitter		INFO	running
21-02-2016 07:13:06	Transmitter		INFO	running
21-02-2016 07:13:06	CameraInterface		INFO	Read successful
21-02-2016 07:13:06	Controller		INFO	sending to transmitter
21-02-2016 07:13:06	Transmitter		INFO	pushing into buff
21-02-2016 07:13:06	DataProcessor		INFO	polling
21-02-2016 07:13:06	Transmitter		INFO	running
21-02-2016 07:13:06	Transmitter		INFO	getting from buffer
21-02-2016 07:13:06	CameraInterface		INFO	Read successful
21-02-2016 07:13:06	Controller		INFO	sending to transmitter
21-02-2016 07:13:06	Transmitter		INFO	pushing into buff
21-02-2016 07:13:06	DataProcessor		INFO	polling
21-02-2016 07:13:06	CameraInterface		INFO	Read successful
21-02-2016 07:13:06	Controller		INFO	sending to transmitter
21-02-2016 07:13:06	Transmitter		INFO	pushing into buff
21-02-2016 07:13:07	DataProcessor		INFO	polling
21-02-2016 07:13:07	CameraInterface		INFO	Read successful
21-02-2016 07:13:07	Controller		INFO	sending to transmitter
21-02-2016 07:13:07	Transmitter		INFO	pushing into buff
21-02-2016 07:13:07	DataProcessor		INFO	polling
21-02-2016 07:13:07	CameraInterface		INFO	Read successful
21-02-2016 07:13:07	Controller		INFO	sending to transmitter
21-02-2016 07:13:07	Transmitter		INFO	pushing into buff
21-02-2016 07:13:07	DataProcessor		INFO	polling
21-02-2016 07:13:07	CameraInterface		INFO	Read successful
21-02-2016 07:13:07	Controller		INFO	sending to transmitter
21-02-2016 07:13:07	Transmitter		INFO	pushing into buff
21-02-2016 07:13:07	DataProcessor		INFO	polling
21-02-2016 07:13:07	CameraInterface		INFO	Read successful
21-02-2016 07:13:07	Controller		INFO	sending to transmitter
21-02-2016 07:13:07	Transmitter		INFO	pushing into buff
21-02-2016 07:13:07	DataProcessor		INFO	polling
21-02-2016 07:13:08	CameraInterface		INFO	Read successful
21-02-2016 07:13:08	Controller		INFO	sending to transmitter
21-02-2016 07:13:08	Transmitter		INFO	pushing into buff
21-02-2016 07:13:08	DataProcessor		INFO	polling
21-02-2016 07:13:08	CameraInterface		INFO	Read successful
21-02-2016 07:13:08	Controller		INFO	sending to transmitter
21-02-2016 07:13:08	Transmitter		INFO	pushing into buff
21-02-2016 07:13:08	DataProcessor		INFO	polling
21-02-2016 07:13:08	CameraInterface		INFO	Read successful
21-02-2016 07:13:08	Controller		INFO	sending to transmitter
21-02-2016 07:13:08	Transmitter		INFO	pushing into buff
21-02-2016 07:13:08	DataProcessor		INFO	polling
21-02-2016 07:13:08	CameraInterface		INFO	Read successful
21-02-2016 07:13:08	Controller		INFO	sending to transmitter
21-02-2016 07:13:08	Transmitter		INFO	pushing into buff
21-02-2016 07:13:08	DataProcessor		INFO	polling
21-02-2016 07:13:09	CameraInterface		INFO	Read successful
21-02-2016 07:13:09	Controller		INFO	sending to transmitter
21-02-2016 07:13:09	Transmitter		INFO	pushing into buff
21-02-2016 07:13:09	DataProcessor		INFO	polling
21-02-2016 07:13:09	CameraInterface		INFO	Read successful
21-02-2016 07:13:09	Controller		INFO	sending to transmitter
21-02-2016 07:13:09	Transmitter		INFO	pushing into buff
21-02-2016 07:13:09	DataProcessor		INFO	polling
21-02-2016 07:13:09	CameraInterface		INFO	Read successful
21-02-2016 07:13:09	Controller		INFO	sending to transmitter
21-02-2016 07:13:09	Transmitter		INFO	pushing into buff
21-02-2016 07:13:09	DataProcessor		INFO	polling
21-02-2016 07:13:09	CameraInterface		INFO	Read successful
21-02-2016 07:13:09	Controller		INFO	sending to transmitter
21-02-2016 07:13:09	Transmitter		INFO	pushing into buff
21-02-2016 07:13:09	DataProcessor		INFO	polling
21-02-2016 07:13:10	CameraInterface		INFO	Read successful
21-02-2016 07:13:10	Controller		INFO	sending to transmitter
21-02-2016 07:13:10	Transmitter		INFO	pushing into buff
21-02-2016 07:13:10	DataProcessor		INFO	polling
21-02-2016 07:13:10	CameraInterface		INFO	Read successful
21-02-2016 07:13:10	Controller		INFO	sending to transmitter
21-02-2016 07:13:10	Transmitter		INFO	pushing into buff
21-02-2016 07:13:10	DataProcessor		INFO	polling
21-02-2016 07:13:10	CameraInterface		INFO	Read successful
21-02-2016 07:13:10	Controller		INFO	sending to transmitter
21-02-2016 07:13:10	Transmitter		INFO	pushing into buff
21-02-2016 07:13:10	DataProcessor		INFO	polling
21-02-2016 07:13:10	CameraInterface		INFO	Read successful
21-02-2016 07:13:10	Controller		INFO	sending to transmitter
21-02-2016 07:13:10	Transmitter		INFO	pushing into buff
21-02-2016 07:13:10	DataProcessor		INFO	polling
21-02-2016 07:13:11	CameraInterface		INFO	Read successful
21-02-2016 07:13:11	Controller		INFO	sending to transmitter
21-02-2016 07:13:11	Transmitter		INFO	pushing into buff
21-02-2016 07:13:11	DataProcessor		INFO	polling
21-02-2016 07:13:11	CameraInterface		INFO	Read successful
21-02-2016 07:13:11	Controller		INFO	sending to transmitter
21-02-2016 07:13:11	Transmitter		INFO	pushing into buff
21-02-2016 07:13:11	DataProcessor		INFO	polling
21-02-2016 07:13:11	CameraInterface		INFO	Read successful
21-02-2016 07:13:11	Controller		INFO	sending to transmitter
21-02-2016 07:13:11	Transmitter		INFO	pushing into buff
21-02-2016 07:13:11	DataProcessor		INFO	polling
21-02-2016 07:13:11	CameraInterface		INFO	Read successful
21-02-2016 07:13:11	Controller		INFO	sending to transmitter
21-02-2016 07:13:11	Transmitter		INFO	pushing into buff
21-02-2016 07:13:11	DataProcessor		INFO	polling
21-02-2016 07:13:11	Transmitter		INFO	sending string: 103197
21-02-2016 07:13:11	CameraInterface		INFO	Read successful
21-02-2016 07:13:11	Controller		INFO	sending to transmitter
21-02-2016 07:13:11	Transmitter		INFO	pushing into buff
21-02-2016 07:13:12	DataProcessor		INFO	polling
21-02-2016 07:13:12	Transmitter		INFO	running
21-02-2016 07:13:12	Transmitter		INFO	getting from buffer
21-02-2016 07:13:12	CameraInterface		INFO	Read successful
21-02-2016 07:13:12	Controller		INFO	sending to transmitter
21-02-2016 07:13:12	Transmitter		INFO	pushing into buff
21-02-2016 07:13:12	DataProcessor		INFO	polling
21-02-2016 07:13:12	CameraInterface		INFO	Read successful
21-02-2016 07:13:12	Controller		INFO	sending to transmitter
21-02-2016 07:13:12	Transmitter		INFO	pushing into buff
21-02-2016 07:13:12	DataProcessor		INFO	polling
21-02-2016 07:13:12	CameraInterface		INFO	Read successful
21-02-2016 07:13:12	Controller		INFO	sending to transmitter
21-02-2016 07:13:12	Transmitter		INFO	pushing into buff
21-02-2016 07:13:12	DataProcessor		INFO	polling
21-02-2016 07:13:12	CameraInterface		INFO	Read successful
21-02-2016 07:13:12	Controller		INFO	sending to transmitter
21-02-2016 07:13:12	Transmitter		INFO	pushing into buff
21-02-2016 07:13:12	DataProcessor		INFO	polling
21-02-2016 07:13:13	CameraInterface		INFO	Read successful
21-02-2016 07:13:13	Controller		INFO	sending to transmitter
21-02-2016 07:13:13	Transmitter		INFO	pushing into buff
21-02-2016 07:13:13	DataProcessor		INFO	polling
21-02-2016 07:13:13	CameraInterface		INFO	Read successful
21-02-2016 07:13:13	Controller		INFO	sending to transmitter
21-02-2016 07:13:13	Transmitter		INFO	pushing into buff
21-02-2016 07:13:13	DataProcessor		INFO	polling
21-02-2016 07:13:13	CameraInterface		INFO	Read successful
21-02-2016 07:13:13	Controller		INFO	sending to transmitter
21-02-2016 07:13:13	Transmitter		INFO	pushing into buff
21-02-2016 07:13:13	DataProcessor		INFO	polling
21-02-2016 07:13:13	CameraInterface		INFO	Read successful
21-02-2016 07:13:13	Controller		INFO	sending to transmitter
21-02-2016 07:13:13	Transmitter		INFO	pushing into buff
21-02-2016 07:13:13	DataProcessor		INFO	polling
21-02-2016 07:13:13	CameraInterface		INFO	Read successful
21-02-2016 07:13:13	Controller		INFO	sending to transmitter
21-02-2016 07:13:13	Transmitter		INFO	pushing into buff
21-02-2016 07:13:13	DataProcessor		INFO	polling
21-02-2016 07:13:14	CameraInterface		INFO	Read successful
21-02-2016 07:13:14	Controller		INFO	sending to transmitter
21-02-2016 07:13:14	Transmitter		INFO	pushing into buff
21-02-2016 07:13:14	DataProcessor		INFO	polling
21-02-2016 07:13:14	CameraInterface		INFO	Read successful
21-02-2016 07:13:14	Controller		INFO	sending to transmitter
21-02-2016 07:13:14	Transmitter		INFO	pushing into buff
21-02-2016 07:13:14	DataProcessor		INFO	polling
21-02-2016 07:13:14	CameraInterface		INFO	Read successful
21-02-2016 07:13:14	Controller		INFO	sending to transmitter
21-02-2016 07:13:14	Transmitter		INFO	pushing into buff
21-02-2016 07:13:14	DataProcessor		INFO	polling
21-02-2016 07:13:14	CameraInterface		INFO	Read successful
21-02-2016 07:13:14	Controller		INFO	sending to transmitter
21-02-2016 07:13:14	Transmitter		INFO	pushing into buff
21-02-2016 07:13:14	DataProcessor		INFO	polling
21-02-2016 07:13:15	CameraInterface		INFO	Read successful
21-02-2016 07:13:15	Controller		INFO	sending to transmitter
21-02-2016 07:13:15	Transmitter		INFO	pushing into buff
21-02-2016 07:13:15	DataProcessor		INFO	polling
21-02-2016 07:13:15	CameraInterface		INFO	Read successful
21-02-2016 07:13:15	Controller		INFO	sending to transmitter
21-02-2016 07:13:15	Transmitter		INFO	pushing into buff
21-02-2016 07:13:15	DataProcessor		INFO	polling
21-02-2016 07:13:15	CameraInterface		INFO	Read successful
21-02-2016 07:13:15	Controller		INFO	sending to transmitter
21-02-2016 07:13:15	Transmitter		INFO	pushing into buff
21-02-2016 07:13:15	DataProcessor		INFO	polling
21-02-2016 07:13:15	CameraInterface		INFO	Read successful
21-02-2016 07:13:15	Controller		INFO	sending to transmitter
21-02-2016 07:13:15	Transmitter		INFO	pushing into buff
21-02-2016 07:13:15	DataProcessor		INFO	polling
21-02-2016 07:13:15	CameraInterface		INFO	Read successful
21-02-2016 07:13:15	Controller		INFO	sending to transmitter
21-02-2016 07:13:15	Transmitter		INFO	pushing into buff
21-02-2016 07:13:15	DataProcessor		INFO	polling
21-02-2016 07:13:16	CameraInterface		INFO	Read successful
21-02-2016 07:13:16	Controller		INFO	sending to transmitter
21-02-2016 07:13:16	Transmitter		INFO	pushing into buff
21-02-2016 07:13:16	DataProcessor		INFO	polling
21-02-2016 07:13:16	CameraInterface		INFO	Read successful
21-02-2016 07:13:16	Controller		INFO	sending to transmitter
21-02-2016 07:13:16	Transmitter		INFO	pushing into buff
21-02-2016 07:13:16	DataProcessor		INFO	polling
21-02-2016 07:13:16	CameraInterface		INFO	Read successful
21-02-2016 07:13:16	Controller		INFO	sending to transmitter
21-02-2016 07:13:16	Transmitter		INFO	pushing into buff
21-02-2016 07:13:16	DataProcessor		INFO	polling
21-02-2016 07:13:16	CameraInterface		INFO	Read successful
21-02-2016 07:13:16	Controller		INFO	sending to transmitter
21-02-2016 07:13:16	Transmitter		INFO	pushing into buff
21-02-2016 07:13:16	DataProcessor		INFO	polling
21-02-2016 07:13:16	CameraInterface		INFO	Read successful
21-02-2016 07:13:16	Controller		INFO	sending to transmitter
21-02-2016 07:13:17	Transmitter		INFO	pushing into buff
21-02-2016 07:13:17	DataProcessor		INFO	polling
21-02-2016 07:13:17	CameraInterface		INFO	Read successful
21-02-2016 07:13:17	Controller		INFO	sending to transmitter
21-02-2016 07:13:17	Transmitter		INFO	pushing into buff
21-02-2016 07:13:17	DataProcessor		INFO	polling
21-02-2016 07:13:17	CameraInterface		INFO	Read successful
21-02-2016 07:13:17	Controller		INFO	sending to transmitter
21-02-2016 07:13:17	Transmitter		INFO	pushing into buff
21-02-2016 07:13:17	DataProcessor		INFO	polling
21-02-2016 07:13:17	CameraInterface		INFO	Read successful
21-02-2016 07:13:17	Controller		INFO	sending to transmitter
21-02-2016 07:13:17	Transmitter		INFO	pushing into buff
21-02-2016 07:13:17	DataProcessor		INFO	polling
21-02-2016 07:13:17	CameraInterface		INFO	Read successful
21-02-2016 07:13:17	Controller		INFO	sending to transmitter
21-02-2016 07:13:17	Transmitter		INFO	pushing into buff
21-02-2016 07:13:17	DataProcessor		INFO	polling
21-02-2016 07:13:18	CameraInterface		INFO	Read successful
21-02-2016 07:13:18	Controller		INFO	sending to transmitter
21-02-2016 07:13:18	Transmitter		INFO	pushing into buff
21-02-2016 07:13:18	DataProcessor		INFO	polling
21-02-2016 07:13:18	CameraInterface		INFO	Read successful
21-02-2016 07:13:18	Controller		INFO	sending to transmitter
21-02-2016 07:13:18	Transmitter		INFO	pushing into buff
21-02-2016 07:13:18	DataProcessor		INFO	polling
21-02-2016 07:13:18	CameraInterface		INFO	Read successful
21-02-2016 07:13:18	Controller		INFO	sending to transmitter
21-02-2016 07:13:18	Transmitter		INFO	pushing into buff
21-02-2016 07:13:18	DataProcessor		INFO	polling
21-02-2016 07:13:18	CameraInterface		INFO	Read successful
21-02-2016 07:13:18	Controller		INFO	sending to transmitter
21-02-2016 07:13:18	Transmitter		INFO	pushing into buff
21-02-2016 07:13:18	DataProcessor		INFO	polling
21-02-2016 07:13:18	CameraInterface		INFO	Read successful
21-02-2016 07:13:18	Controller		INFO	sending to transmitter
21-02-2016 07:13:18	Transmitter		INFO	pushing into buff
21-02-2016 07:13:18	DataProcessor		INFO	polling
21-02-2016 07:13:19	CameraInterface		INFO	Read successful
21-02-2016 07:13:19	Controller		INFO	sending to transmitter
21-02-2016 07:13:19	Transmitter		INFO	pushing into buff
21-02-2016 07:13:19	DataProcessor		INFO	polling
21-02-2016 07:13:19	CameraInterface		INFO	Read successful
21-02-2016 07:13:19	Controller		INFO	sending to transmitter
21-02-2016 07:13:19	Transmitter		INFO	pushing into buff
21-02-2016 07:13:19	DataProcessor		INFO	polling
21-02-2016 07:13:19	CameraInterface		INFO	Read successful
21-02-2016 07:13:19	Controller		INFO	sending to transmitter
21-02-2016 07:13:19	Transmitter		INFO	pushing into buff
21-02-2016 07:13:19	DataProcessor		INFO	polling
21-02-2016 07:13:19	CameraInterface		INFO	Read successful
21-02-2016 07:13:19	Controller		INFO	sending to transmitter
21-02-2016 07:13:19	Transmitter		INFO	pushing into buff
21-02-2016 07:13:19	DataProcessor		INFO	polling
21-02-2016 07:13:19	CameraInterface		INFO	Read successful
21-02-2016 07:13:20	Controller		INFO	sending to transmitter
21-02-2016 07:13:20	Transmitter		INFO	pushing into buff
21-02-2016 07:13:20	DataProcessor		INFO	polling
21-02-2016 07:13:20	Transmitter		INFO	sending string: 1224861
21-02-2016 07:13:20	CameraInterface		INFO	Read successful
21-02-2016 07:13:20	Controller		INFO	sending to transmitter
21-02-2016 07:13:20	Transmitter		INFO	pushing into buff
21-02-2016 07:13:20	DataProcessor		INFO	polling
21-02-2016 07:13:20	CameraInterface		INFO	Read successful
21-02-2016 07:13:20	Controller		INFO	sending to transmitter
21-02-2016 07:13:20	Transmitter		INFO	pushing into buff
21-02-2016 07:13:20	DataProcessor		INFO	polling
21-02-2016 07:13:20	CameraInterface		INFO	Read successful
21-02-2016 07:13:20	Controller		INFO	sending to transmitter
21-02-2016 07:13:20	Transmitter		INFO	pushing into buff
21-02-2016 07:13:20	DataProcessor		INFO	polling
21-02-2016 07:13:20	CameraInterface		INFO	Read successful
21-02-2016 07:13:21	Controller		INFO	sending to transmitter
21-02-2016 07:13:21	Transmitter		INFO	pushing into buff
21-02-2016 07:13:21	DataProcessor		INFO	polling
21-02-2016 07:13:21	CameraInterface		INFO	Read successful
21-02-2016 07:13:21	Controller		INFO	sending to transmitter
21-02-2016 07:13:21	Transmitter		INFO	pushing into buff
21-02-2016 07:13:21	DataProcessor		INFO	polling
21-02-2016 07:13:21	CameraInterface		INFO	Read successful
21-02-2016 07:13:21	Controller		INFO	sending to transmitter
21-02-2016 07:13:21	Transmitter		INFO	pushing into buff
21-02-2016 07:13:21	DataProcessor		INFO	polling
21-02-2016 07:13:21	CameraInterface		INFO	Read successful
21-02-2016 07:13:21	Controller		INFO	sending to transmitter
21-02-2016 07:13:21	Transmitter		INFO	pushing into buff
21-02-2016 07:13:21	DataProcessor		INFO	polling
21-02-2016 07:13:21	CameraInterface		INFO	Read successful
21-02-2016 07:13:21	Controller		INFO	sending to transmitter
21-02-2016 07:13:21	Transmitter		INFO	pushing into buff
21-02-2016 07:13:21	DataProcessor		INFO	polling
21-02-2016 07:13:22	CameraInterface		INFO	Read successful
21-02-2016 07:13:22	Controller		INFO	sending to transmitter
21-02-2016 07:13:22	Transmitter		INFO	pushing into buff
21-02-2016 07:13:22	DataProcessor		INFO	polling
21-02-2016 07:13:22	CameraInterface		INFO	Read successful
21-02-2016 07:13:22	Controller		INFO	sending to transmitter
21-02-2016 07:13:22	Transmitter		INFO	pushing into buff
21-02-2016 07:13:22	DataProcessor		INFO	polling
21-02-2016 07:13:22	CameraInterface		INFO	Read successful
21-02-2016 07:13:22	Controller		INFO	sending to transmitter
21-02-2016 07:13:22	Transmitter		INFO	pushing into buff
21-02-2016 07:13:22	DataProcessor		INFO	polling
21-02-2016 07:13:22	CameraInterface		INFO	Read successful
21-02-2016 07:13:22	Controller		INFO	sending to transmitter
21-02-2016 07:13:22	Transmitter		INFO	pushing into buff
21-02-2016 07:13:22	DataProcessor		INFO	polling
21-02-2016 07:13:22	CameraInterface		INFO	Read successful
21-02-2016 07:13:22	Controller		INFO	sending to transmitter
21-02-2016 07:13:22	Transmitter		INFO	pushing into buff
21-02-2016 07:13:22	DataProcessor		INFO	polling
21-02-2016 07:13:22	CameraInterface		INFO	Read successful
21-02-2016 07:13:22	Controller		INFO	sending to transmitter
21-02-2016 07:13:23	Transmitter		INFO	pushing into buff
21-02-2016 07:13:23	DataProcessor		INFO	polling
21-02-2016 07:13:23	CameraInterface		INFO	Read successful
21-02-2016 07:13:23	Controller		INFO	sending to transmitter
21-02-2016 07:13:23	Transmitter		INFO	pushing into buff
21-02-2016 07:13:23	DataProcessor		INFO	polling
21-02-2016 07:13:23	CameraInterface		INFO	Read successful
21-02-2016 07:13:23	Controller		INFO	sending to transmitter
21-02-2016 07:13:23	Transmitter		INFO	pushing into buff
21-02-2016 07:13:23	DataProcessor		INFO	polling
21-02-2016 07:13:23	CameraInterface		INFO	Read successful
21-02-2016 07:13:23	Controller		INFO	sending to transmitter
21-02-2016 07:13:23	Transmitter		INFO	pushing into buff
21-02-2016 07:13:23	DataProcessor		INFO	polling
21-02-2016 07:13:23	CameraInterface		INFO	Read successful
21-02-2016 07:13:23	Controller		INFO	sending to transmitter
21-02-2016 07:13:23	Transmitter		INFO	pushing into buff
21-02-2016 07:13:23	DataProcessor		INFO	polling
21-02-2016 07:13:23	CameraInterface		INFO	Read successful
21-02-2016 07:13:24	Controller		INFO	sending to transmitter
21-02-2016 07:13:24	Transmitter		INFO	pushing into buff
21-02-2016 07:13:24	DataProcessor		INFO	polling
21-02-2016 07:13:24	CameraInterface		INFO	Read successful
21-02-2016 07:13:24	Controller		INFO	sending to transmitter
21-02-2016 07:13:24	Transmitter		INFO	pushing into buff
21-02-2016 07:13:24	DataProcessor		INFO	polling
