25-01-2016 07:39:53	Main		TRACE	Logger initialized.
25-01-2016 07:39:53	PropertyReader		TRACE	Opening file: settings/settings.txt
25-01-2016 07:39:53	PropertyReader		INFO	File opened: settings/settings.txt
25-01-2016 07:39:53	PropertyReader		INFO	Loading properties file...
25-01-2016 07:39:53	PropertyReader		INFO	Mapped INFO to LOGGING_LEVEL
25-01-2016 07:39:53	PropertyReader		INFO	Mapped 100 to CAM_BUFFER_SIZE
25-01-2016 07:39:53	PropertyReader		INFO	Mapped 15 to CAM_POLL_FREQUENCY
25-01-2016 07:39:53	PropertyReader		INFO	Mapped 0 to CAM_INDEX
25-01-2016 07:39:53	PropertyReader		DEBUG	Loaded 4 properties successfully
25-01-2016 07:39:53	Transmitter		INFO	socket retrieve success
25-01-2016 07:40:17	Controller		INFO	Initializing Controller
25-01-2016 07:40:17	CameraInterface		INFO	Initializing camera
25-01-2016 07:40:17	CameraInterface		INFO	Opening video capture stream at position 0
25-01-2016 07:40:17	Transmitter		INFO	Starting Receiver Thread execution loop
25-01-2016 07:40:17	Transmitter		INFO	Starting Receiver Thread execution loop
25-01-2016 07:40:17	Receiver		INFO	Starting Receiver Thread execution loop
25-01-2016 07:40:17	Transmitter		INFO	Starting Receiver Thread execution loop
25-01-2016 07:40:17	Receiver		INFO	Starting Receiver Thread execution loop
25-01-2016 07:40:17	ControllerThread		INFO	Starting Controller Thread execution loop
25-01-2016 07:40:17	CameraInterface		INFO	Read successful
25-01-2016 07:40:20	Transmitter		INFO	د؈
25-01-2016 07:40:20	CameraInterface		INFO	Read successful
25-01-2016 07:40:22	Transmitter		INFO	د؈
25-01-2016 07:40:22	CameraInterface		INFO	Read successful
25-01-2016 07:40:25	CameraInterface		INFO	Read successful
25-01-2016 07:40:26	Transmitter		INFO	د؈
25-01-2016 07:40:29	CameraInterface		INFO	Read successful
25-01-2016 07:40:29	Transmitter		INFO	د؈
25-01-2016 07:40:32	CameraInterface		INFO	Read successful
