25-01-2016 08:44:19	Main		TRACE	Logger initialized.
25-01-2016 08:44:19	PropertyReader		TRACE	Opening file: settings/settings.txt
25-01-2016 08:44:19	PropertyReader		INFO	File opened: settings/settings.txt
25-01-2016 08:44:19	PropertyReader		INFO	Loading properties file...
25-01-2016 08:44:19	PropertyReader		INFO	Mapped INFO to LOGGING_LEVEL
25-01-2016 08:44:19	PropertyReader		INFO	Mapped 100 to CAM_BUFFER_SIZE
25-01-2016 08:44:19	PropertyReader		INFO	Mapped 15 to CAM_POLL_FREQUENCY
25-01-2016 08:44:19	PropertyReader		INFO	Mapped 0 to CAM_INDEX
25-01-2016 08:44:19	PropertyReader		DEBUG	Loaded 4 properties successfully
25-01-2016 08:44:19	Transmitter		INFO	socket retrieve success
25-01-2016 08:45:42	Controller		INFO	Initializing Controller
25-01-2016 08:45:42	CameraInterface		INFO	Initializing camera
25-01-2016 08:45:42	CameraInterface		INFO	Opening video capture stream at position 0
25-01-2016 08:45:42	Transmitter		INFO	Starting Receiver Thread execution loop
25-01-2016 08:45:42	ControllerThread		INFO	Starting Controller Thread execution loop
25-01-2016 08:45:42	Receiver		INFO	Starting Receiver Thread execution loop
25-01-2016 08:45:42	CameraInterface		INFO	Read successful
25-01-2016 08:45:44	Transmitter		INFO	د؈
25-01-2016 08:45:45	CameraInterface		INFO	Read successful
25-01-2016 08:45:48	CameraInterface		INFO	Read successful
25-01-2016 08:45:48	Transmitter		INFO	د؈
25-01-2016 08:45:51	CameraInterface		INFO	Read successful
25-01-2016 08:45:51	Transmitter		INFO	د؈
