20-02-2016 08:36:54	Main		TRACE	Logger initialized.
20-02-2016 08:36:54	PropertyReader		TRACE	Opening file: settings/settings.txt
20-02-2016 08:36:54	PropertyReader		INFO	File opened: settings/settings.txt
20-02-2016 08:36:54	PropertyReader		INFO	Loading properties file...
20-02-2016 08:36:54	PropertyReader		INFO	Mapped TRACE to LOGGING_LEVEL
20-02-2016 08:36:54	PropertyReader		INFO	Mapped 100 to CAM_BUFFER_SIZE
20-02-2016 08:36:54	PropertyReader		INFO	Mapped 15 to CAM_POLL_FREQUENCY
20-02-2016 08:36:54	PropertyReader		INFO	Mapped 0 to CAM_INDEX
20-02-2016 08:36:54	PropertyReader		DEBUG	Loaded 4 properties successfully
20-02-2016 08:36:54	Controller		INFO	Constructor controller
20-02-2016 08:36:54	Transmitter		INFO	socket retrieve success
20-02-2016 08:36:54	Transmitter		INFO	binding done
20-02-2016 08:36:54	Transmitter		INFO	done listening
20-02-2016 08:36:56	Transmitter		INFO	accepting
20-02-2016 08:36:56	Main		TRACE	intializing controller
20-02-2016 08:36:56	Controller		INFO	Initializing Controller
20-02-2016 08:36:56	Main		TRACE	initializing dataprocessor
20-02-2016 08:36:56	CameraInterface		INFO	Initializing camera
20-02-2016 08:36:56	Receiver		INFO	Starting Receiver Thread execution loop
20-02-2016 08:36:56	ControllerThread		INFO	Starting Controller Thread execution loop
20-02-2016 08:36:56	Transmitter		INFO	Starting Receiver Thread execution loop
20-02-2016 08:36:56	Transmitter		INFO	running
20-02-2016 08:36:56	Transmitter		INFO	running
20-02-2016 08:36:56	CameraInterface		INFO	Opening video capture stream at position 0
20-02-2016 08:36:56	Transmitter		INFO	running
20-02-2016 08:36:56	Transmitter		INFO	running
20-02-2016 08:36:56	Transmitter		INFO	running
20-02-2016 08:36:56	Transmitter		INFO	running
20-02-2016 08:36:56	Transmitter		INFO	running
20-02-2016 08:36:56	Transmitter		INFO	running
20-02-2016 08:36:56	Transmitter		INFO	running
20-02-2016 08:36:56	Transmitter		INFO	running
20-02-2016 08:36:56	Transmitter		INFO	running
20-02-2016 08:36:56	Transmitter		INFO	running
20-02-2016 08:36:56	Transmitter		INFO	running
20-02-2016 08:36:56	Transmitter		INFO	running
20-02-2016 08:36:56	Transmitter		INFO	running
20-02-2016 08:36:56	Transmitter		INFO	running
20-02-2016 08:36:56	Transmitter		INFO	running
20-02-2016 08:36:56	Transmitter		INFO	running
20-02-2016 08:36:56	Transmitter		INFO	running
20-02-2016 08:36:56	Transmitter		INFO	running
20-02-2016 08:36:56	Transmitter		INFO	running
20-02-2016 08:36:56	Transmitter		INFO	running
20-02-2016 08:36:56	Transmitter		INFO	running
20-02-2016 08:36:56	Transmitter		INFO	running
20-02-2016 08:36:56	Transmitter		INFO	running
20-02-2016 08:36:56	Transmitter		INFO	running
20-02-2016 08:36:56	Transmitter		INFO	running
20-02-2016 08:36:56	Transmitter		INFO	running
20-02-2016 08:36:56	Transmitter		INFO	running
20-02-2016 08:36:56	Transmitter		INFO	running
20-02-2016 08:36:56	Transmitter		INFO	running
20-02-2016 08:36:56	Transmitter		INFO	running
20-02-2016 08:36:56	Transmitter		INFO	running
20-02-2016 08:36:56	Transmitter		INFO	running
20-02-2016 08:36:56	Transmitter		INFO	running
20-02-2016 08:36:56	Transmitter		INFO	running
20-02-2016 08:36:56	Transmitter		INFO	running
20-02-2016 08:36:56	Transmitter		INFO	running
20-02-2016 08:36:56	Transmitter		INFO	running
20-02-2016 08:36:56	Main		TRACE	running controller
20-02-2016 08:36:56	Transmitter		INFO	running
20-02-2016 08:36:56	DataProcessor		INFO	polling
20-02-2016 08:36:56	Transmitter		INFO	running
20-02-2016 08:36:56	Transmitter		INFO	running
20-02-2016 08:36:56	Transmitter		INFO	running
20-02-2016 08:36:56	Transmitter		INFO	running
20-02-2016 08:36:56	Transmitter		INFO	running
20-02-2016 08:36:56	Transmitter		INFO	running
20-02-2016 08:36:56	Transmitter		INFO	running
20-02-2016 08:36:56	Transmitter		INFO	running
20-02-2016 08:36:56	Transmitter		INFO	running
20-02-2016 08:36:56	Transmitter		INFO	running
20-02-2016 08:36:56	Transmitter		INFO	running
20-02-2016 08:36:56	Transmitter		INFO	running
20-02-2016 08:36:56	Transmitter		INFO	running
20-02-2016 08:36:56	Transmitter		INFO	running
20-02-2016 08:36:56	Transmitter		INFO	running
20-02-2016 08:36:56	Transmitter		INFO	running
20-02-2016 08:36:56	Transmitter		INFO	running
20-02-2016 08:36:56	Transmitter		INFO	running
20-02-2016 08:36:56	Transmitter		INFO	running
20-02-2016 08:36:56	Transmitter		INFO	running
20-02-2016 08:36:56	Transmitter		INFO	running
20-02-2016 08:36:56	Transmitter		INFO	running
20-02-2016 08:36:56	Transmitter		INFO	running
20-02-2016 08:36:56	Transmitter		INFO	running
20-02-2016 08:36:56	Transmitter		INFO	running
20-02-2016 08:36:56	Transmitter		INFO	running
20-02-2016 08:36:56	Transmitter		INFO	running
20-02-2016 08:36:56	Transmitter		INFO	running
20-02-2016 08:36:56	Transmitter		INFO	running
20-02-2016 08:36:56	Transmitter		INFO	running
20-02-2016 08:36:56	Transmitter		INFO	running
20-02-2016 08:36:56	Transmitter		INFO	running
20-02-2016 08:36:56	Transmitter		INFO	running
20-02-2016 08:36:56	Transmitter		INFO	running
20-02-2016 08:36:56	Transmitter		INFO	running
20-02-2016 08:36:56	Transmitter		INFO	running
20-02-2016 08:36:56	Transmitter		INFO	running
20-02-2016 08:36:56	Transmitter		INFO	running
20-02-2016 08:36:56	Transmitter		INFO	running
20-02-2016 08:36:56	Transmitter		INFO	running
20-02-2016 08:36:56	Transmitter		INFO	running
20-02-2016 08:36:56	Transmitter		INFO	running
20-02-2016 08:36:56	Transmitter		INFO	running
20-02-2016 08:36:56	Transmitter		INFO	running
20-02-2016 08:36:57	Transmitter		INFO	running
20-02-2016 08:36:57	Transmitter		INFO	running
20-02-2016 08:36:57	Transmitter		INFO	running
20-02-2016 08:36:57	Transmitter		INFO	running
20-02-2016 08:36:57	Transmitter		INFO	running
20-02-2016 08:36:57	Transmitter		INFO	running
20-02-2016 08:36:57	Transmitter		INFO	running
20-02-2016 08:36:57	Transmitter		INFO	running
20-02-2016 08:36:57	Transmitter		INFO	running
20-02-2016 08:36:57	Transmitter		INFO	running
20-02-2016 08:36:57	Transmitter		INFO	running
20-02-2016 08:36:57	Transmitter		INFO	running
20-02-2016 08:36:57	Transmitter		INFO	running
20-02-2016 08:36:57	Transmitter		INFO	running
20-02-2016 08:36:57	Transmitter		INFO	running
20-02-2016 08:36:57	Transmitter		INFO	running
20-02-2016 08:36:57	Transmitter		INFO	running
20-02-2016 08:36:57	Transmitter		INFO	running
20-02-2016 08:36:57	Transmitter		INFO	running
20-02-2016 08:36:57	Transmitter		INFO	running
20-02-2016 08:36:57	Transmitter		INFO	running
20-02-2016 08:36:57	Transmitter		INFO	running
20-02-2016 08:36:57	Transmitter		INFO	running
20-02-2016 08:36:57	Transmitter		INFO	running
20-02-2016 08:36:57	Transmitter		INFO	running
20-02-2016 08:36:57	Transmitter		INFO	running
20-02-2016 08:36:57	Transmitter		INFO	running
20-02-2016 08:36:57	Transmitter		INFO	running
20-02-2016 08:36:57	Transmitter		INFO	running
20-02-2016 08:36:57	Transmitter		INFO	running
20-02-2016 08:36:57	Transmitter		INFO	running
20-02-2016 08:36:57	Transmitter		INFO	running
20-02-2016 08:36:57	Transmitter		INFO	running
20-02-2016 08:36:57	Transmitter		INFO	running
20-02-2016 08:36:57	Transmitter		INFO	running
20-02-2016 08:36:57	Transmitter		INFO	running
20-02-2016 08:36:57	Transmitter		INFO	running
20-02-2016 08:36:57	Transmitter		INFO	running
20-02-2016 08:36:57	Transmitter		INFO	running
20-02-2016 08:36:57	Transmitter		INFO	running
20-02-2016 08:36:57	Transmitter		INFO	running
20-02-2016 08:36:57	Transmitter		INFO	running
20-02-2016 08:36:57	CameraInterface		INFO	Read successful
20-02-2016 08:36:57	Controller		INFO	sending to transmitter
20-02-2016 08:36:57	Transmitter		INFO	running
20-02-2016 08:36:57	Transmitter		INFO	running
20-02-2016 08:36:57	Transmitter		INFO	running
20-02-2016 08:36:57	Transmitter		INFO	pushing into buff
20-02-2016 08:36:57	DataProcessor		INFO	polling
20-02-2016 08:36:57	Transmitter		INFO	running
20-02-2016 08:36:57	Transmitter		INFO	getting from buffer
20-02-2016 08:36:57	CameraInterface		INFO	Read successful
20-02-2016 08:36:57	Controller		INFO	sending to transmitter
20-02-2016 08:36:57	Transmitter		INFO	pushing into buff
20-02-2016 08:36:57	DataProcessor		INFO	polling
20-02-2016 08:36:57	CameraInterface		INFO	Read successful
20-02-2016 08:36:57	Controller		INFO	sending to transmitter
20-02-2016 08:36:57	Transmitter		INFO	pushing into buff
20-02-2016 08:36:57	DataProcessor		INFO	polling
20-02-2016 08:36:58	CameraInterface		INFO	Read successful
20-02-2016 08:36:58	Controller		INFO	sending to transmitter
20-02-2016 08:36:58	Transmitter		INFO	pushing into buff
20-02-2016 08:36:58	DataProcessor		INFO	polling
20-02-2016 08:36:58	CameraInterface		INFO	Read successful
20-02-2016 08:36:58	Controller		INFO	sending to transmitter
20-02-2016 08:36:58	Transmitter		INFO	pushing into buff
20-02-2016 08:36:58	DataProcessor		INFO	polling
20-02-2016 08:36:58	CameraInterface		INFO	Read successful
20-02-2016 08:36:58	Controller		INFO	sending to transmitter
20-02-2016 08:36:58	Transmitter		INFO	pushing into buff
20-02-2016 08:36:58	DataProcessor		INFO	polling
20-02-2016 08:36:58	CameraInterface		INFO	Read successful
20-02-2016 08:36:58	Controller		INFO	sending to transmitter
20-02-2016 08:36:58	Transmitter		INFO	pushing into buff
20-02-2016 08:36:58	DataProcessor		INFO	polling
20-02-2016 08:36:58	CameraInterface		INFO	Read successful
20-02-2016 08:36:58	Controller		INFO	sending to transmitter
20-02-2016 08:36:58	Transmitter		INFO	pushing into buff
20-02-2016 08:36:58	DataProcessor		INFO	polling
20-02-2016 08:36:59	CameraInterface		INFO	Read successful
20-02-2016 08:36:59	Controller		INFO	sending to transmitter
20-02-2016 08:36:59	Transmitter		INFO	pushing into buff
20-02-2016 08:36:59	DataProcessor		INFO	polling
20-02-2016 08:36:59	CameraInterface		INFO	Read successful
20-02-2016 08:36:59	Controller		INFO	sending to transmitter
20-02-2016 08:36:59	Transmitter		INFO	pushing into buff
20-02-2016 08:36:59	DataProcessor		INFO	polling
20-02-2016 08:36:59	CameraInterface		INFO	Read successful
20-02-2016 08:36:59	Controller		INFO	sending to transmitter
20-02-2016 08:36:59	Transmitter		INFO	pushing into buff
20-02-2016 08:36:59	DataProcessor		INFO	polling
20-02-2016 08:36:59	CameraInterface		INFO	Read successful
20-02-2016 08:36:59	Controller		INFO	sending to transmitter
20-02-2016 08:36:59	Transmitter		INFO	pushing into buff
20-02-2016 08:36:59	DataProcessor		INFO	polling
20-02-2016 08:36:59	CameraInterface		INFO	Read successful
20-02-2016 08:36:59	Controller		INFO	sending to transmitter
20-02-2016 08:36:59	Transmitter		INFO	pushing into buff
20-02-2016 08:36:59	DataProcessor		INFO	polling
20-02-2016 08:37:00	CameraInterface		INFO	Read successful
20-02-2016 08:37:00	Controller		INFO	sending to transmitter
20-02-2016 08:37:00	Transmitter		INFO	pushing into buff
20-02-2016 08:37:00	DataProcessor		INFO	polling
20-02-2016 08:37:00	CameraInterface		INFO	Read successful
20-02-2016 08:37:00	Controller		INFO	sending to transmitter
20-02-2016 08:37:00	Transmitter		INFO	pushing into buff
20-02-2016 08:37:00	DataProcessor		INFO	polling
20-02-2016 08:37:00	CameraInterface		INFO	Read successful
20-02-2016 08:37:00	Controller		INFO	sending to transmitter
20-02-2016 08:37:00	Transmitter		INFO	pushing into buff
20-02-2016 08:37:00	DataProcessor		INFO	polling
20-02-2016 08:37:00	CameraInterface		INFO	Read successful
20-02-2016 08:37:00	Controller		INFO	sending to transmitter
20-02-2016 08:37:00	Transmitter		INFO	pushing into buff
20-02-2016 08:37:00	DataProcessor		INFO	polling
20-02-2016 08:37:00	CameraInterface		INFO	Read successful
20-02-2016 08:37:01	Controller		INFO	sending to transmitter
20-02-2016 08:37:01	Transmitter		INFO	pushing into buff
20-02-2016 08:37:01	DataProcessor		INFO	polling
20-02-2016 08:37:01	CameraInterface		INFO	Read successful
20-02-2016 08:37:01	Controller		INFO	sending to transmitter
20-02-2016 08:37:01	Transmitter		INFO	pushing into buff
20-02-2016 08:37:01	DataProcessor		INFO	polling
20-02-2016 08:37:01	CameraInterface		INFO	Read successful
20-02-2016 08:37:01	Controller		INFO	sending to transmitter
20-02-2016 08:37:01	Transmitter		INFO	pushing into buff
20-02-2016 08:37:01	DataProcessor		INFO	polling
20-02-2016 08:37:01	CameraInterface		INFO	Read successful
20-02-2016 08:37:01	Controller		INFO	sending to transmitter
20-02-2016 08:37:01	Transmitter		INFO	pushing into buff
20-02-2016 08:37:01	DataProcessor		INFO	polling
20-02-2016 08:37:01	CameraInterface		INFO	Read successful
20-02-2016 08:37:01	Controller		INFO	sending to transmitter
20-02-2016 08:37:01	Transmitter		INFO	pushing into buff
20-02-2016 08:37:01	DataProcessor		INFO	polling
20-02-2016 08:37:02	CameraInterface		INFO	Read successful
20-02-2016 08:37:02	Controller		INFO	sending to transmitter
20-02-2016 08:37:02	Transmitter		INFO	pushing into buff
20-02-2016 08:37:02	DataProcessor		INFO	polling
20-02-2016 08:37:02	CameraInterface		INFO	Read successful
20-02-2016 08:37:02	Controller		INFO	sending to transmitter
20-02-2016 08:37:02	Transmitter		INFO	pushing into buff
20-02-2016 08:37:02	DataProcessor		INFO	polling
20-02-2016 08:37:02	CameraInterface		INFO	Read successful
20-02-2016 08:37:02	Controller		INFO	sending to transmitter
20-02-2016 08:37:02	Transmitter		INFO	pushing into buff
20-02-2016 08:37:02	DataProcessor		INFO	polling
20-02-2016 08:37:02	CameraInterface		INFO	Read successful
20-02-2016 08:37:02	Controller		INFO	sending to transmitter
20-02-2016 08:37:02	Transmitter		INFO	pushing into buff
20-02-2016 08:37:02	DataProcessor		INFO	polling
20-02-2016 08:37:03	CameraInterface		INFO	Read successful
20-02-2016 08:37:03	Controller		INFO	sending to transmitter
20-02-2016 08:37:03	Transmitter		INFO	pushing into buff
20-02-2016 08:37:03	DataProcessor		INFO	polling
20-02-2016 08:37:03	CameraInterface		INFO	Read successful
20-02-2016 08:37:03	Controller		INFO	sending to transmitter
20-02-2016 08:37:03	Transmitter		INFO	pushing into buff
20-02-2016 08:37:03	DataProcessor		INFO	polling
20-02-2016 08:37:03	CameraInterface		INFO	Read successful
20-02-2016 08:37:03	Controller		INFO	sending to transmitter
20-02-2016 08:37:03	Transmitter		INFO	pushing into buff
20-02-2016 08:37:03	DataProcessor		INFO	polling
20-02-2016 08:37:03	CameraInterface		INFO	Read successful
20-02-2016 08:37:03	Controller		INFO	sending to transmitter
20-02-2016 08:37:03	Transmitter		INFO	pushing into buff
20-02-2016 08:37:03	DataProcessor		INFO	polling
20-02-2016 08:37:03	CameraInterface		INFO	Read successful
20-02-2016 08:37:03	Controller		INFO	sending to transmitter
20-02-2016 08:37:03	Transmitter		INFO	pushing into buff
20-02-2016 08:37:03	DataProcessor		INFO	polling
20-02-2016 08:37:04	CameraInterface		INFO	Read successful
20-02-2016 08:37:04	Controller		INFO	sending to transmitter
20-02-2016 08:37:04	Transmitter		INFO	pushing into buff
20-02-2016 08:37:04	DataProcessor		INFO	polling
20-02-2016 08:37:04	CameraInterface		INFO	Read successful
20-02-2016 08:37:04	Controller		INFO	sending to transmitter
20-02-2016 08:37:04	Transmitter		INFO	pushing into buff
20-02-2016 08:37:04	DataProcessor		INFO	polling
20-02-2016 08:37:04	CameraInterface		INFO	Read successful
20-02-2016 08:37:04	Controller		INFO	sending to transmitter
20-02-2016 08:37:04	Transmitter		INFO	pushing into buff
20-02-2016 08:37:04	DataProcessor		INFO	polling
20-02-2016 08:37:04	CameraInterface		INFO	Read successful
20-02-2016 08:37:04	Controller		INFO	sending to transmitter
20-02-2016 08:37:04	Transmitter		INFO	pushing into buff
20-02-2016 08:37:04	DataProcessor		INFO	polling
20-02-2016 08:37:04	CameraInterface		INFO	Read successful
20-02-2016 08:37:05	Controller		INFO	sending to transmitter
20-02-2016 08:37:05	Transmitter		INFO	pushing into buff
20-02-2016 08:37:05	DataProcessor		INFO	polling
20-02-2016 08:37:05	CameraInterface		INFO	Read successful
20-02-2016 08:37:05	Controller		INFO	sending to transmitter
20-02-2016 08:37:05	Transmitter		INFO	pushing into buff
20-02-2016 08:37:05	DataProcessor		INFO	polling
20-02-2016 08:37:05	CameraInterface		INFO	Read successful
20-02-2016 08:37:05	Controller		INFO	sending to transmitter
20-02-2016 08:37:05	Transmitter		INFO	pushing into buff
20-02-2016 08:37:05	DataProcessor		INFO	polling
20-02-2016 08:37:05	CameraInterface		INFO	Read successful
20-02-2016 08:37:05	Controller		INFO	sending to transmitter
20-02-2016 08:37:05	Transmitter		INFO	pushing into buff
20-02-2016 08:37:05	DataProcessor		INFO	polling
20-02-2016 08:37:05	CameraInterface		INFO	Read successful
20-02-2016 08:37:05	Controller		INFO	sending to transmitter
20-02-2016 08:37:05	Transmitter		INFO	pushing into buff
20-02-2016 08:37:05	DataProcessor		INFO	polling
20-02-2016 08:37:06	CameraInterface		INFO	Read successful
20-02-2016 08:37:06	Controller		INFO	sending to transmitter
20-02-2016 08:37:06	Transmitter		INFO	pushing into buff
20-02-2016 08:37:06	DataProcessor		INFO	polling
20-02-2016 08:37:06	CameraInterface		INFO	Read successful
20-02-2016 08:37:06	Controller		INFO	sending to transmitter
20-02-2016 08:37:06	Transmitter		INFO	pushing into buff
20-02-2016 08:37:06	DataProcessor		INFO	polling
20-02-2016 08:37:06	CameraInterface		INFO	Read successful
20-02-2016 08:37:06	Controller		INFO	sending to transmitter
20-02-2016 08:37:06	Transmitter		INFO	pushing into buff
20-02-2016 08:37:06	DataProcessor		INFO	polling
20-02-2016 08:37:06	CameraInterface		INFO	Read successful
20-02-2016 08:37:06	Controller		INFO	sending to transmitter
20-02-2016 08:37:06	Transmitter		INFO	pushing into buff
20-02-2016 08:37:06	DataProcessor		INFO	polling
20-02-2016 08:37:06	CameraInterface		INFO	Read successful
20-02-2016 08:37:07	Controller		INFO	sending to transmitter
20-02-2016 08:37:07	Transmitter		INFO	pushing into buff
20-02-2016 08:37:07	DataProcessor		INFO	polling
20-02-2016 08:37:07	CameraInterface		INFO	Read successful
20-02-2016 08:37:07	Controller		INFO	sending to transmitter
20-02-2016 08:37:07	Transmitter		INFO	pushing into buff
20-02-2016 08:37:07	DataProcessor		INFO	polling
20-02-2016 08:37:07	Transmitter		INFO	sending string
20-02-2016 08:37:07	Transmitter		INFO	running
20-02-2016 08:37:07	Transmitter		INFO	getting from buffer
20-02-2016 08:37:07	CameraInterface		INFO	Read successful
20-02-2016 08:37:07	Controller		INFO	sending to transmitter
20-02-2016 08:37:07	Transmitter		INFO	pushing into buff
20-02-2016 08:37:07	DataProcessor		INFO	polling
20-02-2016 08:37:07	CameraInterface		INFO	Read successful
20-02-2016 08:37:07	Controller		INFO	sending to transmitter
20-02-2016 08:37:07	Transmitter		INFO	pushing into buff
20-02-2016 08:37:07	DataProcessor		INFO	polling
20-02-2016 08:37:07	CameraInterface		INFO	Read successful
20-02-2016 08:37:07	Controller		INFO	sending to transmitter
20-02-2016 08:37:07	Transmitter		INFO	pushing into buff
20-02-2016 08:37:07	DataProcessor		INFO	polling
20-02-2016 08:37:08	CameraInterface		INFO	Read successful
20-02-2016 08:37:08	Controller		INFO	sending to transmitter
20-02-2016 08:37:08	Transmitter		INFO	pushing into buff
20-02-2016 08:37:08	DataProcessor		INFO	polling
20-02-2016 08:37:08	CameraInterface		INFO	Read successful
20-02-2016 08:37:08	Controller		INFO	sending to transmitter
20-02-2016 08:37:08	Transmitter		INFO	pushing into buff
20-02-2016 08:37:08	DataProcessor		INFO	polling
20-02-2016 08:37:08	CameraInterface		INFO	Read successful
20-02-2016 08:37:08	Controller		INFO	sending to transmitter
20-02-2016 08:37:08	Transmitter		INFO	pushing into buff
20-02-2016 08:37:08	DataProcessor		INFO	polling
20-02-2016 08:37:08	CameraInterface		INFO	Read successful
20-02-2016 08:37:08	Controller		INFO	sending to transmitter
20-02-2016 08:37:08	Transmitter		INFO	pushing into buff
20-02-2016 08:37:08	DataProcessor		INFO	polling
20-02-2016 08:37:09	CameraInterface		INFO	Read successful
20-02-2016 08:37:09	Controller		INFO	sending to transmitter
20-02-2016 08:37:09	Transmitter		INFO	pushing into buff
20-02-2016 08:37:09	DataProcessor		INFO	polling
20-02-2016 08:37:09	CameraInterface		INFO	Read successful
20-02-2016 08:37:09	Controller		INFO	sending to transmitter
20-02-2016 08:37:09	Transmitter		INFO	pushing into buff
20-02-2016 08:37:09	DataProcessor		INFO	polling
20-02-2016 08:37:09	CameraInterface		INFO	Read successful
20-02-2016 08:37:09	Controller		INFO	sending to transmitter
20-02-2016 08:37:09	Transmitter		INFO	pushing into buff
20-02-2016 08:37:09	DataProcessor		INFO	polling
20-02-2016 08:37:09	CameraInterface		INFO	Read successful
20-02-2016 08:37:09	Controller		INFO	sending to transmitter
20-02-2016 08:37:09	Transmitter		INFO	pushing into buff
20-02-2016 08:37:09	DataProcessor		INFO	polling
20-02-2016 08:37:09	CameraInterface		INFO	Read successful
20-02-2016 08:37:09	Controller		INFO	sending to transmitter
20-02-2016 08:37:09	Transmitter		INFO	pushing into buff
20-02-2016 08:37:09	DataProcessor		INFO	polling
20-02-2016 08:37:10	CameraInterface		INFO	Read successful
20-02-2016 08:37:10	Controller		INFO	sending to transmitter
20-02-2016 08:37:10	Transmitter		INFO	pushing into buff
20-02-2016 08:37:10	DataProcessor		INFO	polling
20-02-2016 08:37:10	CameraInterface		INFO	Read successful
20-02-2016 08:37:10	Controller		INFO	sending to transmitter
20-02-2016 08:37:10	Transmitter		INFO	pushing into buff
20-02-2016 08:37:10	DataProcessor		INFO	polling
20-02-2016 08:37:10	CameraInterface		INFO	Read successful
20-02-2016 08:37:10	Controller		INFO	sending to transmitter
20-02-2016 08:37:10	Transmitter		INFO	pushing into buff
20-02-2016 08:37:10	DataProcessor		INFO	polling
20-02-2016 08:37:10	CameraInterface		INFO	Read successful
20-02-2016 08:37:10	Controller		INFO	sending to transmitter
20-02-2016 08:37:10	Transmitter		INFO	pushing into buff
20-02-2016 08:37:10	DataProcessor		INFO	polling
20-02-2016 08:37:11	CameraInterface		INFO	Read successful
20-02-2016 08:37:11	Controller		INFO	sending to transmitter
20-02-2016 08:37:11	Transmitter		INFO	pushing into buff
20-02-2016 08:37:11	DataProcessor		INFO	polling
20-02-2016 08:37:11	CameraInterface		INFO	Read successful
20-02-2016 08:37:11	Controller		INFO	sending to transmitter
20-02-2016 08:37:11	Transmitter		INFO	pushing into buff
20-02-2016 08:37:11	DataProcessor		INFO	polling
20-02-2016 08:37:11	CameraInterface		INFO	Read successful
20-02-2016 08:37:11	Controller		INFO	sending to transmitter
20-02-2016 08:37:11	Transmitter		INFO	pushing into buff
20-02-2016 08:37:11	DataProcessor		INFO	polling
20-02-2016 08:37:11	CameraInterface		INFO	Read successful
20-02-2016 08:37:11	Controller		INFO	sending to transmitter
20-02-2016 08:37:11	Transmitter		INFO	pushing into buff
20-02-2016 08:37:11	DataProcessor		INFO	polling
20-02-2016 08:37:12	CameraInterface		INFO	Read successful
20-02-2016 08:37:12	Controller		INFO	sending to transmitter
20-02-2016 08:37:12	Transmitter		INFO	pushing into buff
20-02-2016 08:37:12	DataProcessor		INFO	polling
20-02-2016 08:37:12	CameraInterface		INFO	Read successful
20-02-2016 08:37:12	Controller		INFO	sending to transmitter
20-02-2016 08:37:12	Transmitter		INFO	pushing into buff
20-02-2016 08:37:12	DataProcessor		INFO	polling
20-02-2016 08:37:12	CameraInterface		INFO	Read successful
20-02-2016 08:37:12	Controller		INFO	sending to transmitter
20-02-2016 08:37:12	Transmitter		INFO	pushing into buff
20-02-2016 08:37:12	DataProcessor		INFO	polling
20-02-2016 08:37:12	CameraInterface		INFO	Read successful
20-02-2016 08:37:12	Controller		INFO	sending to transmitter
20-02-2016 08:37:12	Transmitter		INFO	pushing into buff
20-02-2016 08:37:12	DataProcessor		INFO	polling
20-02-2016 08:37:13	CameraInterface		INFO	Read successful
20-02-2016 08:37:13	Controller		INFO	sending to transmitter
20-02-2016 08:37:13	Transmitter		INFO	pushing into buff
20-02-2016 08:37:13	DataProcessor		INFO	polling
20-02-2016 08:37:13	CameraInterface		INFO	Read successful
20-02-2016 08:37:13	Controller		INFO	sending to transmitter
20-02-2016 08:37:13	Transmitter		INFO	pushing into buff
20-02-2016 08:37:13	DataProcessor		INFO	polling
20-02-2016 08:37:13	CameraInterface		INFO	Read successful
20-02-2016 08:37:13	Controller		INFO	sending to transmitter
20-02-2016 08:37:13	Transmitter		INFO	pushing into buff
20-02-2016 08:37:13	DataProcessor		INFO	polling
20-02-2016 08:37:13	CameraInterface		INFO	Read successful
20-02-2016 08:37:13	Controller		INFO	sending to transmitter
20-02-2016 08:37:13	Transmitter		INFO	pushing into buff
20-02-2016 08:37:13	DataProcessor		INFO	polling
20-02-2016 08:37:13	CameraInterface		INFO	Read successful
20-02-2016 08:37:13	Controller		INFO	sending to transmitter
20-02-2016 08:37:13	Transmitter		INFO	pushing into buff
20-02-2016 08:37:13	DataProcessor		INFO	polling
20-02-2016 08:37:14	CameraInterface		INFO	Read successful
20-02-2016 08:37:14	Controller		INFO	sending to transmitter
20-02-2016 08:37:14	Transmitter		INFO	pushing into buff
20-02-2016 08:37:14	DataProcessor		INFO	polling
20-02-2016 08:37:14	CameraInterface		INFO	Read successful
20-02-2016 08:37:14	Controller		INFO	sending to transmitter
20-02-2016 08:37:14	Transmitter		INFO	pushing into buff
20-02-2016 08:37:14	DataProcessor		INFO	polling
20-02-2016 08:37:14	CameraInterface		INFO	Read successful
20-02-2016 08:37:14	Controller		INFO	sending to transmitter
20-02-2016 08:37:14	Transmitter		INFO	pushing into buff
20-02-2016 08:37:14	DataProcessor		INFO	polling
20-02-2016 08:37:14	CameraInterface		INFO	Read successful
20-02-2016 08:37:14	Controller		INFO	sending to transmitter
20-02-2016 08:37:14	Transmitter		INFO	pushing into buff
20-02-2016 08:37:14	DataProcessor		INFO	polling
20-02-2016 08:37:15	CameraInterface		INFO	Read successful
20-02-2016 08:37:15	Controller		INFO	sending to transmitter
20-02-2016 08:37:15	Transmitter		INFO	pushing into buff
20-02-2016 08:37:15	DataProcessor		INFO	polling
20-02-2016 08:37:15	CameraInterface		INFO	Read successful
20-02-2016 08:37:15	Controller		INFO	sending to transmitter
20-02-2016 08:37:15	Transmitter		INFO	pushing into buff
20-02-2016 08:37:15	DataProcessor		INFO	polling
20-02-2016 08:37:15	CameraInterface		INFO	Read successful
20-02-2016 08:37:15	Controller		INFO	sending to transmitter
20-02-2016 08:37:15	Transmitter		INFO	pushing into buff
20-02-2016 08:37:15	DataProcessor		INFO	polling
20-02-2016 08:37:15	CameraInterface		INFO	Read successful
20-02-2016 08:37:15	Controller		INFO	sending to transmitter
20-02-2016 08:37:15	Transmitter		INFO	pushing into buff
20-02-2016 08:37:15	DataProcessor		INFO	polling
20-02-2016 08:37:16	CameraInterface		INFO	Read successful
20-02-2016 08:37:16	Controller		INFO	sending to transmitter
20-02-2016 08:37:16	Transmitter		INFO	pushing into buff
20-02-2016 08:37:16	DataProcessor		INFO	polling
20-02-2016 08:37:16	CameraInterface		INFO	Read successful
20-02-2016 08:37:16	Controller		INFO	sending to transmitter
20-02-2016 08:37:16	Transmitter		INFO	pushing into buff
20-02-2016 08:37:16	DataProcessor		INFO	polling
20-02-2016 08:37:16	CameraInterface		INFO	Read successful
20-02-2016 08:37:16	Controller		INFO	sending to transmitter
20-02-2016 08:37:16	Transmitter		INFO	pushing into buff
20-02-2016 08:37:16	DataProcessor		INFO	polling
20-02-2016 08:37:16	CameraInterface		INFO	Read successful
20-02-2016 08:37:16	Controller		INFO	sending to transmitter
20-02-2016 08:37:16	Transmitter		INFO	pushing into buff
20-02-2016 08:37:16	DataProcessor		INFO	polling
20-02-2016 08:37:18	CameraInterface		INFO	Read successful
20-02-2016 08:37:33	Controller		INFO	sending to transmitter
20-02-2016 08:37:39	Transmitter		INFO	pushing into buff
20-02-2016 08:37:36	Transmitter		INFO	sending string
20-02-2016 08:37:39	Transmitter		INFO	pushing into buff
