20-02-2016 08:41:39	Main		TRACE	Logger initialized.
20-02-2016 08:41:39	PropertyReader		TRACE	Opening file: settings/settings.txt
20-02-2016 08:41:39	PropertyReader		INFO	File opened: settings/settings.txt
20-02-2016 08:41:39	PropertyReader		INFO	Loading properties file...
20-02-2016 08:41:39	PropertyReader		INFO	Mapped TRACE to LOGGING_LEVEL
20-02-2016 08:41:39	PropertyReader		INFO	Mapped 100 to CAM_BUFFER_SIZE
20-02-2016 08:41:39	PropertyReader		INFO	Mapped 15 to CAM_POLL_FREQUENCY
20-02-2016 08:41:39	PropertyReader		INFO	Mapped 0 to CAM_INDEX
20-02-2016 08:41:39	PropertyReader		DEBUG	Loaded 4 properties successfully
20-02-2016 08:41:39	Controller		INFO	Constructor controller
20-02-2016 08:41:39	Transmitter		INFO	socket retrieve success
20-02-2016 08:41:39	Transmitter		INFO	binding done
20-02-2016 08:41:39	Transmitter		INFO	done listening
20-02-2016 08:41:54	Transmitter		INFO	accepting
20-02-2016 08:41:54	Main		TRACE	intializing controller
20-02-2016 08:41:54	Controller		INFO	Initializing Controller
20-02-2016 08:41:54	Main		TRACE	initializing dataprocessor
20-02-2016 08:41:54	CameraInterface		INFO	Initializing camera
20-02-2016 08:41:54	CameraInterface		INFO	Opening video capture stream at position 0
20-02-2016 08:41:54	Receiver		INFO	Starting Receiver Thread execution loop
20-02-2016 08:41:54	ControllerThread		INFO	Starting Controller Thread execution loop
20-02-2016 08:41:54	Transmitter		INFO	Starting Receiver Thread execution loop
20-02-2016 08:41:54	Transmitter		INFO	running
20-02-2016 08:41:54	Transmitter		INFO	running
20-02-2016 08:41:54	Transmitter		INFO	running
20-02-2016 08:41:54	Transmitter		INFO	running
20-02-2016 08:41:54	Transmitter		INFO	running
20-02-2016 08:41:54	Transmitter		INFO	running
20-02-2016 08:41:54	Transmitter		INFO	running
20-02-2016 08:41:54	Transmitter		INFO	running
20-02-2016 08:41:54	Transmitter		INFO	running
20-02-2016 08:41:54	Transmitter		INFO	running
20-02-2016 08:41:54	Transmitter		INFO	running
20-02-2016 08:41:54	Transmitter		INFO	running
20-02-2016 08:41:54	Transmitter		INFO	running
20-02-2016 08:41:54	Transmitter		INFO	running
20-02-2016 08:41:54	Transmitter		INFO	running
20-02-2016 08:41:54	Transmitter		INFO	running
20-02-2016 08:41:54	Transmitter		INFO	running
20-02-2016 08:41:54	Transmitter		INFO	running
20-02-2016 08:41:54	Transmitter		INFO	running
20-02-2016 08:41:54	Transmitter		INFO	running
20-02-2016 08:41:54	Transmitter		INFO	running
20-02-2016 08:41:54	Transmitter		INFO	running
20-02-2016 08:41:54	Transmitter		INFO	running
20-02-2016 08:41:54	Transmitter		INFO	running
20-02-2016 08:41:54	Transmitter		INFO	running
20-02-2016 08:41:54	Transmitter		INFO	running
20-02-2016 08:41:54	Transmitter		INFO	running
20-02-2016 08:41:54	Transmitter		INFO	running
20-02-2016 08:41:54	Transmitter		INFO	running
20-02-2016 08:41:54	Transmitter		INFO	running
20-02-2016 08:41:54	Transmitter		INFO	running
20-02-2016 08:41:54	Transmitter		INFO	running
20-02-2016 08:41:54	Transmitter		INFO	running
20-02-2016 08:41:54	Transmitter		INFO	running
20-02-2016 08:41:54	Transmitter		INFO	running
20-02-2016 08:41:54	Transmitter		INFO	running
20-02-2016 08:41:54	Transmitter		INFO	running
20-02-2016 08:41:54	Transmitter		INFO	running
20-02-2016 08:41:54	Transmitter		INFO	running
20-02-2016 08:41:54	Transmitter		INFO	running
20-02-2016 08:41:54	Transmitter		INFO	running
20-02-2016 08:41:54	Transmitter		INFO	running
20-02-2016 08:41:54	Transmitter		INFO	running
20-02-2016 08:41:54	Transmitter		INFO	running
20-02-2016 08:41:54	Transmitter		INFO	running
20-02-2016 08:41:54	Transmitter		INFO	running
20-02-2016 08:41:54	Transmitter		INFO	running
20-02-2016 08:41:54	Transmitter		INFO	running
20-02-2016 08:41:54	Transmitter		INFO	running
20-02-2016 08:41:54	Transmitter		INFO	running
20-02-2016 08:41:54	Transmitter		INFO	running
20-02-2016 08:41:54	Transmitter		INFO	running
20-02-2016 08:41:54	Transmitter		INFO	running
20-02-2016 08:41:54	Transmitter		INFO	running
20-02-2016 08:41:54	Transmitter		INFO	running
20-02-2016 08:41:54	Transmitter		INFO	running
20-02-2016 08:41:54	Transmitter		INFO	running
20-02-2016 08:41:54	Transmitter		INFO	running
20-02-2016 08:41:54	Transmitter		INFO	running
20-02-2016 08:41:54	Transmitter		INFO	running
20-02-2016 08:41:54	Transmitter		INFO	running
20-02-2016 08:41:54	Main		TRACE	running controller
20-02-2016 08:41:54	DataProcessor		INFO	polling
20-02-2016 08:41:54	Transmitter		INFO	running
20-02-2016 08:41:54	Transmitter		INFO	running
20-02-2016 08:41:54	Transmitter		INFO	running
20-02-2016 08:41:54	Transmitter		INFO	running
20-02-2016 08:41:54	Transmitter		INFO	running
20-02-2016 08:41:54	Transmitter		INFO	running
20-02-2016 08:41:54	Transmitter		INFO	running
20-02-2016 08:41:54	Transmitter		INFO	running
20-02-2016 08:41:54	Transmitter		INFO	running
20-02-2016 08:41:54	Transmitter		INFO	running
20-02-2016 08:41:54	Transmitter		INFO	running
20-02-2016 08:41:54	Transmitter		INFO	running
20-02-2016 08:41:54	Transmitter		INFO	running
20-02-2016 08:41:54	Transmitter		INFO	running
20-02-2016 08:41:54	Transmitter		INFO	running
20-02-2016 08:41:54	Transmitter		INFO	running
20-02-2016 08:41:54	Transmitter		INFO	running
20-02-2016 08:41:54	Transmitter		INFO	running
20-02-2016 08:41:54	Transmitter		INFO	running
20-02-2016 08:41:54	Transmitter		INFO	running
20-02-2016 08:41:54	Transmitter		INFO	running
20-02-2016 08:41:54	Transmitter		INFO	running
20-02-2016 08:41:54	Transmitter		INFO	running
20-02-2016 08:41:54	Transmitter		INFO	running
20-02-2016 08:41:54	Transmitter		INFO	running
20-02-2016 08:41:54	Transmitter		INFO	running
20-02-2016 08:41:54	Transmitter		INFO	running
20-02-2016 08:41:54	Transmitter		INFO	running
20-02-2016 08:41:54	Transmitter		INFO	running
20-02-2016 08:41:54	Transmitter		INFO	running
20-02-2016 08:41:54	Transmitter		INFO	running
20-02-2016 08:41:54	Transmitter		INFO	running
20-02-2016 08:41:54	Transmitter		INFO	running
20-02-2016 08:41:54	Transmitter		INFO	running
20-02-2016 08:41:54	Transmitter		INFO	running
20-02-2016 08:41:54	Transmitter		INFO	running
20-02-2016 08:41:54	Transmitter		INFO	running
20-02-2016 08:41:54	Transmitter		INFO	running
20-02-2016 08:41:54	Transmitter		INFO	running
20-02-2016 08:41:54	Transmitter		INFO	running
20-02-2016 08:41:54	Transmitter		INFO	running
20-02-2016 08:41:54	Transmitter		INFO	running
20-02-2016 08:41:54	Transmitter		INFO	running
20-02-2016 08:41:54	Transmitter		INFO	running
20-02-2016 08:41:54	Transmitter		INFO	running
20-02-2016 08:41:54	Transmitter		INFO	running
20-02-2016 08:41:54	Transmitter		INFO	running
20-02-2016 08:41:54	Transmitter		INFO	running
20-02-2016 08:41:54	Transmitter		INFO	running
20-02-2016 08:41:54	Transmitter		INFO	running
20-02-2016 08:41:54	Transmitter		INFO	running
20-02-2016 08:41:54	Transmitter		INFO	running
20-02-2016 08:41:54	Transmitter		INFO	running
20-02-2016 08:41:54	Transmitter		INFO	running
20-02-2016 08:41:54	Transmitter		INFO	running
20-02-2016 08:41:54	Transmitter		INFO	running
20-02-2016 08:41:54	Transmitter		INFO	running
20-02-2016 08:41:54	Transmitter		INFO	running
20-02-2016 08:41:54	Transmitter		INFO	running
20-02-2016 08:41:54	Transmitter		INFO	running
20-02-2016 08:41:54	Transmitter		INFO	running
20-02-2016 08:41:54	Transmitter		INFO	running
20-02-2016 08:41:54	Transmitter		INFO	running
20-02-2016 08:41:54	Transmitter		INFO	running
20-02-2016 08:41:54	Transmitter		INFO	running
20-02-2016 08:41:54	Transmitter		INFO	running
20-02-2016 08:41:54	Transmitter		INFO	running
20-02-2016 08:41:54	Transmitter		INFO	running
20-02-2016 08:41:54	Transmitter		INFO	running
20-02-2016 08:41:54	Transmitter		INFO	running
20-02-2016 08:41:54	Transmitter		INFO	running
20-02-2016 08:41:54	Transmitter		INFO	running
20-02-2016 08:41:54	Transmitter		INFO	running
20-02-2016 08:41:54	Transmitter		INFO	running
20-02-2016 08:41:54	Transmitter		INFO	running
20-02-2016 08:41:54	Transmitter		INFO	running
20-02-2016 08:41:54	Transmitter		INFO	running
20-02-2016 08:41:54	Transmitter		INFO	running
20-02-2016 08:41:54	Transmitter		INFO	running
20-02-2016 08:41:54	Transmitter		INFO	running
20-02-2016 08:41:54	Transmitter		INFO	running
20-02-2016 08:41:54	Transmitter		INFO	running
20-02-2016 08:41:54	Transmitter		INFO	running
20-02-2016 08:41:54	Transmitter		INFO	running
20-02-2016 08:41:54	Transmitter		INFO	running
20-02-2016 08:41:54	Transmitter		INFO	running
20-02-2016 08:41:54	Transmitter		INFO	running
20-02-2016 08:41:54	Transmitter		INFO	running
20-02-2016 08:41:54	Transmitter		INFO	running
20-02-2016 08:41:54	Transmitter		INFO	running
20-02-2016 08:41:54	Transmitter		INFO	running
20-02-2016 08:41:54	Transmitter		INFO	running
20-02-2016 08:41:54	Transmitter		INFO	running
20-02-2016 08:41:54	Transmitter		INFO	running
20-02-2016 08:41:54	Transmitter		INFO	running
20-02-2016 08:41:54	Transmitter		INFO	running
20-02-2016 08:41:55	Transmitter		INFO	running
20-02-2016 08:41:55	Transmitter		INFO	running
20-02-2016 08:41:55	Transmitter		INFO	running
20-02-2016 08:41:55	Transmitter		INFO	running
20-02-2016 08:41:55	Transmitter		INFO	running
20-02-2016 08:41:55	Transmitter		INFO	running
20-02-2016 08:41:55	Transmitter		INFO	running
20-02-2016 08:41:55	Transmitter		INFO	running
20-02-2016 08:41:55	Transmitter		INFO	running
20-02-2016 08:41:55	Transmitter		INFO	running
20-02-2016 08:41:55	Transmitter		INFO	running
20-02-2016 08:41:55	Transmitter		INFO	running
20-02-2016 08:41:55	Transmitter		INFO	running
20-02-2016 08:41:55	Transmitter		INFO	running
20-02-2016 08:41:55	Transmitter		INFO	running
20-02-2016 08:41:55	Transmitter		INFO	running
20-02-2016 08:41:55	Transmitter		INFO	running
20-02-2016 08:41:55	Transmitter		INFO	running
20-02-2016 08:41:55	Transmitter		INFO	running
20-02-2016 08:41:55	Transmitter		INFO	running
20-02-2016 08:41:55	Transmitter		INFO	running
20-02-2016 08:41:55	Transmitter		INFO	running
20-02-2016 08:41:55	Transmitter		INFO	running
20-02-2016 08:41:55	Transmitter		INFO	running
20-02-2016 08:41:55	Transmitter		INFO	running
20-02-2016 08:41:55	Transmitter		INFO	running
20-02-2016 08:41:55	Transmitter		INFO	running
20-02-2016 08:41:55	Transmitter		INFO	running
20-02-2016 08:41:55	Transmitter		INFO	running
20-02-2016 08:41:55	Transmitter		INFO	running
20-02-2016 08:41:55	CameraInterface		INFO	Read successful
20-02-2016 08:41:55	Controller		INFO	sending to transmitter
20-02-2016 08:41:55	Transmitter		INFO	pushing into buff
20-02-2016 08:41:55	Transmitter		INFO	running
20-02-2016 08:41:55	Transmitter		INFO	getting from buffer
20-02-2016 08:41:55	DataProcessor		INFO	polling
20-02-2016 08:41:55	CameraInterface		INFO	Read successful
20-02-2016 08:41:55	Controller		INFO	sending to transmitter
20-02-2016 08:41:55	Transmitter		INFO	pushing into buff
20-02-2016 08:41:55	DataProcessor		INFO	polling
20-02-2016 08:41:55	CameraInterface		INFO	Read successful
20-02-2016 08:41:55	Controller		INFO	sending to transmitter
20-02-2016 08:41:55	Transmitter		INFO	pushing into buff
20-02-2016 08:41:55	DataProcessor		INFO	polling
20-02-2016 08:41:55	CameraInterface		INFO	Read successful
20-02-2016 08:41:55	Controller		INFO	sending to transmitter
20-02-2016 08:41:55	Transmitter		INFO	pushing into buff
20-02-2016 08:41:55	DataProcessor		INFO	polling
20-02-2016 08:41:56	CameraInterface		INFO	Read successful
20-02-2016 08:41:56	Controller		INFO	sending to transmitter
20-02-2016 08:41:56	Transmitter		INFO	pushing into buff
20-02-2016 08:41:56	DataProcessor		INFO	polling
20-02-2016 08:41:56	CameraInterface		INFO	Read successful
20-02-2016 08:41:56	Controller		INFO	sending to transmitter
20-02-2016 08:41:56	Transmitter		INFO	pushing into buff
20-02-2016 08:41:56	DataProcessor		INFO	polling
20-02-2016 08:41:56	CameraInterface		INFO	Read successful
20-02-2016 08:41:56	Controller		INFO	sending to transmitter
20-02-2016 08:41:56	Transmitter		INFO	pushing into buff
20-02-2016 08:41:56	DataProcessor		INFO	polling
20-02-2016 08:41:56	CameraInterface		INFO	Read successful
20-02-2016 08:41:56	Controller		INFO	sending to transmitter
20-02-2016 08:41:56	Transmitter		INFO	pushing into buff
20-02-2016 08:41:56	DataProcessor		INFO	polling
20-02-2016 08:41:56	CameraInterface		INFO	Read successful
20-02-2016 08:41:57	Controller		INFO	sending to transmitter
20-02-2016 08:41:57	Transmitter		INFO	pushing into buff
20-02-2016 08:41:57	DataProcessor		INFO	polling
20-02-2016 08:41:57	CameraInterface		INFO	Read successful
20-02-2016 08:41:57	Controller		INFO	sending to transmitter
20-02-2016 08:41:57	Transmitter		INFO	pushing into buff
20-02-2016 08:41:57	DataProcessor		INFO	polling
20-02-2016 08:41:57	CameraInterface		INFO	Read successful
20-02-2016 08:41:57	Controller		INFO	sending to transmitter
20-02-2016 08:41:57	Transmitter		INFO	pushing into buff
20-02-2016 08:41:57	DataProcessor		INFO	polling
20-02-2016 08:41:57	CameraInterface		INFO	Read successful
20-02-2016 08:41:57	Controller		INFO	sending to transmitter
20-02-2016 08:41:57	Transmitter		INFO	pushing into buff
20-02-2016 08:41:57	DataProcessor		INFO	polling
20-02-2016 08:41:57	CameraInterface		INFO	Read successful
20-02-2016 08:41:57	Controller		INFO	sending to transmitter
20-02-2016 08:41:57	Transmitter		INFO	pushing into buff
20-02-2016 08:41:57	DataProcessor		INFO	polling
20-02-2016 08:41:58	CameraInterface		INFO	Read successful
20-02-2016 08:41:58	Controller		INFO	sending to transmitter
20-02-2016 08:41:58	Transmitter		INFO	pushing into buff
20-02-2016 08:41:58	DataProcessor		INFO	polling
20-02-2016 08:41:58	CameraInterface		INFO	Read successful
20-02-2016 08:41:58	Controller		INFO	sending to transmitter
20-02-2016 08:41:58	Transmitter		INFO	pushing into buff
20-02-2016 08:41:58	DataProcessor		INFO	polling
20-02-2016 08:41:58	CameraInterface		INFO	Read successful
20-02-2016 08:41:58	Controller		INFO	sending to transmitter
20-02-2016 08:41:58	Transmitter		INFO	pushing into buff
20-02-2016 08:41:58	DataProcessor		INFO	polling
20-02-2016 08:41:58	CameraInterface		INFO	Read successful
20-02-2016 08:41:58	Controller		INFO	sending to transmitter
20-02-2016 08:41:58	Transmitter		INFO	pushing into buff
20-02-2016 08:41:58	DataProcessor		INFO	polling
20-02-2016 08:41:58	CameraInterface		INFO	Read successful
20-02-2016 08:41:58	Controller		INFO	sending to transmitter
20-02-2016 08:41:58	Transmitter		INFO	pushing into buff
20-02-2016 08:41:58	DataProcessor		INFO	polling
20-02-2016 08:41:59	CameraInterface		INFO	Read successful
20-02-2016 08:41:59	Controller		INFO	sending to transmitter
20-02-2016 08:41:59	Transmitter		INFO	pushing into buff
20-02-2016 08:41:59	DataProcessor		INFO	polling
20-02-2016 08:41:59	CameraInterface		INFO	Read successful
20-02-2016 08:41:59	Controller		INFO	sending to transmitter
20-02-2016 08:41:59	Transmitter		INFO	pushing into buff
20-02-2016 08:41:59	DataProcessor		INFO	polling
20-02-2016 08:41:59	CameraInterface		INFO	Read successful
20-02-2016 08:41:59	Controller		INFO	sending to transmitter
20-02-2016 08:41:59	Transmitter		INFO	pushing into buff
20-02-2016 08:41:59	DataProcessor		INFO	polling
20-02-2016 08:41:59	CameraInterface		INFO	Read successful
20-02-2016 08:41:59	Controller		INFO	sending to transmitter
20-02-2016 08:41:59	Transmitter		INFO	pushing into buff
20-02-2016 08:41:59	DataProcessor		INFO	polling
20-02-2016 08:42:00	CameraInterface		INFO	Read successful
20-02-2016 08:42:00	Controller		INFO	sending to transmitter
20-02-2016 08:42:00	Transmitter		INFO	pushing into buff
20-02-2016 08:42:00	DataProcessor		INFO	polling
20-02-2016 08:42:00	CameraInterface		INFO	Read successful
20-02-2016 08:42:00	Controller		INFO	sending to transmitter
20-02-2016 08:42:00	Transmitter		INFO	pushing into buff
20-02-2016 08:42:00	DataProcessor		INFO	polling
20-02-2016 08:42:00	CameraInterface		INFO	Read successful
20-02-2016 08:42:00	Controller		INFO	sending to transmitter
20-02-2016 08:42:00	Transmitter		INFO	pushing into buff
20-02-2016 08:42:00	DataProcessor		INFO	polling
20-02-2016 08:42:00	CameraInterface		INFO	Read successful
20-02-2016 08:42:00	Controller		INFO	sending to transmitter
20-02-2016 08:42:00	Transmitter		INFO	pushing into buff
20-02-2016 08:42:00	DataProcessor		INFO	polling
20-02-2016 08:42:00	CameraInterface		INFO	Read successful
20-02-2016 08:42:00	Controller		INFO	sending to transmitter
20-02-2016 08:42:00	Transmitter		INFO	pushing into buff
20-02-2016 08:42:00	DataProcessor		INFO	polling
20-02-2016 08:42:01	CameraInterface		INFO	Read successful
20-02-2016 08:42:01	Controller		INFO	sending to transmitter
20-02-2016 08:42:01	Transmitter		INFO	pushing into buff
20-02-2016 08:42:01	DataProcessor		INFO	polling
20-02-2016 08:42:01	CameraInterface		INFO	Read successful
20-02-2016 08:42:01	Controller		INFO	sending to transmitter
20-02-2016 08:42:01	Transmitter		INFO	pushing into buff
20-02-2016 08:42:01	DataProcessor		INFO	polling
20-02-2016 08:42:01	CameraInterface		INFO	Read successful
20-02-2016 08:42:01	Controller		INFO	sending to transmitter
20-02-2016 08:42:01	Transmitter		INFO	pushing into buff
20-02-2016 08:42:01	DataProcessor		INFO	polling
20-02-2016 08:42:01	CameraInterface		INFO	Read successful
20-02-2016 08:42:01	Controller		INFO	sending to transmitter
20-02-2016 08:42:01	Transmitter		INFO	pushing into buff
20-02-2016 08:42:01	DataProcessor		INFO	polling
20-02-2016 08:42:02	CameraInterface		INFO	Read successful
20-02-2016 08:42:02	Controller		INFO	sending to transmitter
20-02-2016 08:42:02	Transmitter		INFO	pushing into buff
20-02-2016 08:42:02	DataProcessor		INFO	polling
20-02-2016 08:42:02	CameraInterface		INFO	Read successful
20-02-2016 08:42:02	Controller		INFO	sending to transmitter
20-02-2016 08:42:02	Transmitter		INFO	pushing into buff
20-02-2016 08:42:02	DataProcessor		INFO	polling
20-02-2016 08:42:02	CameraInterface		INFO	Read successful
20-02-2016 08:42:02	Controller		INFO	sending to transmitter
20-02-2016 08:42:02	Transmitter		INFO	pushing into buff
20-02-2016 08:42:02	DataProcessor		INFO	polling
20-02-2016 08:42:02	CameraInterface		INFO	Read successful
20-02-2016 08:42:02	Controller		INFO	sending to transmitter
20-02-2016 08:42:02	Transmitter		INFO	pushing into buff
20-02-2016 08:42:02	DataProcessor		INFO	polling
20-02-2016 08:42:02	CameraInterface		INFO	Read successful
20-02-2016 08:42:02	Controller		INFO	sending to transmitter
20-02-2016 08:42:02	Transmitter		INFO	pushing into buff
20-02-2016 08:42:02	DataProcessor		INFO	polling
20-02-2016 08:42:03	CameraInterface		INFO	Read successful
20-02-2016 08:42:03	Controller		INFO	sending to transmitter
20-02-2016 08:42:03	Transmitter		INFO	pushing into buff
20-02-2016 08:42:03	DataProcessor		INFO	polling
20-02-2016 08:42:03	CameraInterface		INFO	Read successful
20-02-2016 08:42:03	Controller		INFO	sending to transmitter
20-02-2016 08:42:03	Transmitter		INFO	pushing into buff
20-02-2016 08:42:03	DataProcessor		INFO	polling
20-02-2016 08:42:03	CameraInterface		INFO	Read successful
20-02-2016 08:42:03	Controller		INFO	sending to transmitter
20-02-2016 08:42:03	Transmitter		INFO	pushing into buff
20-02-2016 08:42:03	DataProcessor		INFO	polling
20-02-2016 08:42:03	CameraInterface		INFO	Read successful
20-02-2016 08:42:03	Controller		INFO	sending to transmitter
20-02-2016 08:42:03	Transmitter		INFO	pushing into buff
20-02-2016 08:42:03	DataProcessor		INFO	polling
20-02-2016 08:42:03	CameraInterface		INFO	Read successful
20-02-2016 08:42:03	Controller		INFO	sending to transmitter
20-02-2016 08:42:04	Transmitter		INFO	pushing into buff
20-02-2016 08:42:04	DataProcessor		INFO	polling
20-02-2016 08:42:04	CameraInterface		INFO	Read successful
20-02-2016 08:42:04	Controller		INFO	sending to transmitter
20-02-2016 08:42:04	Transmitter		INFO	pushing into buff
20-02-2016 08:42:04	DataProcessor		INFO	polling
20-02-2016 08:42:04	CameraInterface		INFO	Read successful
20-02-2016 08:42:04	Controller		INFO	sending to transmitter
20-02-2016 08:42:04	Transmitter		INFO	pushing into buff
20-02-2016 08:42:04	DataProcessor		INFO	polling
20-02-2016 08:42:04	CameraInterface		INFO	Read successful
20-02-2016 08:42:04	Controller		INFO	sending to transmitter
20-02-2016 08:42:04	Transmitter		INFO	pushing into buff
20-02-2016 08:42:04	DataProcessor		INFO	polling
20-02-2016 08:42:04	CameraInterface		INFO	Read successful
20-02-2016 08:42:04	Controller		INFO	sending to transmitter
20-02-2016 08:42:04	Transmitter		INFO	pushing into buff
20-02-2016 08:42:04	DataProcessor		INFO	polling
20-02-2016 08:42:05	CameraInterface		INFO	Read successful
20-02-2016 08:42:05	Controller		INFO	sending to transmitter
20-02-2016 08:42:05	Transmitter		INFO	pushing into buff
20-02-2016 08:42:05	DataProcessor		INFO	polling
20-02-2016 08:42:05	CameraInterface		INFO	Read successful
20-02-2016 08:42:05	Controller		INFO	sending to transmitter
20-02-2016 08:42:05	Transmitter		INFO	pushing into buff
20-02-2016 08:42:05	DataProcessor		INFO	polling
20-02-2016 08:42:05	Transmitter		INFO	sending string
20-02-2016 08:42:05	Transmitter		INFO	running
20-02-2016 08:42:05	Transmitter		INFO	getting from buffer
20-02-2016 08:42:05	CameraInterface		INFO	Read successful
20-02-2016 08:42:05	Controller		INFO	sending to transmitter
20-02-2016 08:42:05	Transmitter		INFO	pushing into buff
20-02-2016 08:42:05	DataProcessor		INFO	polling
20-02-2016 08:42:05	CameraInterface		INFO	Read successful
20-02-2016 08:42:05	Controller		INFO	sending to transmitter
20-02-2016 08:42:05	Transmitter		INFO	pushing into buff
20-02-2016 08:42:05	DataProcessor		INFO	polling
20-02-2016 08:42:06	CameraInterface		INFO	Read successful
20-02-2016 08:42:06	Controller		INFO	sending to transmitter
20-02-2016 08:42:06	Transmitter		INFO	pushing into buff
20-02-2016 08:42:06	DataProcessor		INFO	polling
20-02-2016 08:42:06	CameraInterface		INFO	Read successful
20-02-2016 08:42:06	Controller		INFO	sending to transmitter
20-02-2016 08:42:06	Transmitter		INFO	pushing into buff
20-02-2016 08:42:06	DataProcessor		INFO	polling
20-02-2016 08:42:06	CameraInterface		INFO	Read successful
20-02-2016 08:42:06	Controller		INFO	sending to transmitter
20-02-2016 08:42:06	Transmitter		INFO	pushing into buff
20-02-2016 08:42:06	DataProcessor		INFO	polling
20-02-2016 08:42:06	CameraInterface		INFO	Read successful
20-02-2016 08:42:06	Controller		INFO	sending to transmitter
20-02-2016 08:42:06	Transmitter		INFO	pushing into buff
20-02-2016 08:42:06	DataProcessor		INFO	polling
20-02-2016 08:42:06	CameraInterface		INFO	Read successful
20-02-2016 08:42:06	Controller		INFO	sending to transmitter
20-02-2016 08:42:06	Transmitter		INFO	pushing into buff
20-02-2016 08:42:06	DataProcessor		INFO	polling
20-02-2016 08:42:07	CameraInterface		INFO	Read successful
20-02-2016 08:42:07	Controller		INFO	sending to transmitter
20-02-2016 08:42:07	Transmitter		INFO	pushing into buff
20-02-2016 08:42:07	DataProcessor		INFO	polling
20-02-2016 08:42:07	CameraInterface		INFO	Read successful
20-02-2016 08:42:07	Controller		INFO	sending to transmitter
20-02-2016 08:42:07	Transmitter		INFO	pushing into buff
20-02-2016 08:42:07	DataProcessor		INFO	polling
20-02-2016 08:42:07	CameraInterface		INFO	Read successful
20-02-2016 08:42:07	Controller		INFO	sending to transmitter
20-02-2016 08:42:07	Transmitter		INFO	pushing into buff
20-02-2016 08:42:07	DataProcessor		INFO	polling
20-02-2016 08:42:07	CameraInterface		INFO	Read successful
20-02-2016 08:42:07	Controller		INFO	sending to transmitter
20-02-2016 08:42:07	Transmitter		INFO	pushing into buff
20-02-2016 08:42:07	DataProcessor		INFO	polling
20-02-2016 08:42:08	CameraInterface		INFO	Read successful
20-02-2016 08:42:08	Controller		INFO	sending to transmitter
20-02-2016 08:42:08	Transmitter		INFO	pushing into buff
20-02-2016 08:42:08	DataProcessor		INFO	polling
20-02-2016 08:42:08	CameraInterface		INFO	Read successful
20-02-2016 08:42:08	Controller		INFO	sending to transmitter
20-02-2016 08:42:08	Transmitter		INFO	pushing into buff
20-02-2016 08:42:08	DataProcessor		INFO	polling
20-02-2016 08:42:08	CameraInterface		INFO	Read successful
20-02-2016 08:42:08	Controller		INFO	sending to transmitter
20-02-2016 08:42:08	Transmitter		INFO	pushing into buff
20-02-2016 08:42:08	DataProcessor		INFO	polling
20-02-2016 08:42:08	CameraInterface		INFO	Read successful
20-02-2016 08:42:08	Controller		INFO	sending to transmitter
20-02-2016 08:42:08	Transmitter		INFO	pushing into buff
20-02-2016 08:42:08	DataProcessor		INFO	polling
20-02-2016 08:42:08	CameraInterface		INFO	Read successful
20-02-2016 08:42:08	Controller		INFO	sending to transmitter
20-02-2016 08:42:08	Transmitter		INFO	pushing into buff
20-02-2016 08:42:08	DataProcessor		INFO	polling
20-02-2016 08:42:09	CameraInterface		INFO	Read successful
20-02-2016 08:42:09	Controller		INFO	sending to transmitter
20-02-2016 08:42:09	Transmitter		INFO	pushing into buff
20-02-2016 08:42:09	DataProcessor		INFO	polling
20-02-2016 08:42:09	CameraInterface		INFO	Read successful
20-02-2016 08:42:09	Controller		INFO	sending to transmitter
20-02-2016 08:42:09	Transmitter		INFO	pushing into buff
20-02-2016 08:42:09	DataProcessor		INFO	polling
20-02-2016 08:42:09	CameraInterface		INFO	Read successful
20-02-2016 08:42:09	Controller		INFO	sending to transmitter
20-02-2016 08:42:09	Transmitter		INFO	pushing into buff
20-02-2016 08:42:09	DataProcessor		INFO	polling
20-02-2016 08:42:09	CameraInterface		INFO	Read successful
20-02-2016 08:42:09	Controller		INFO	sending to transmitter
20-02-2016 08:42:09	Transmitter		INFO	pushing into buff
20-02-2016 08:42:09	DataProcessor		INFO	polling
20-02-2016 08:42:09	CameraInterface		INFO	Read successful
20-02-2016 08:42:09	Controller		INFO	sending to transmitter
20-02-2016 08:42:09	Transmitter		INFO	pushing into buff
20-02-2016 08:42:10	DataProcessor		INFO	polling
20-02-2016 08:42:10	CameraInterface		INFO	Read successful
20-02-2016 08:42:10	Controller		INFO	sending to transmitter
20-02-2016 08:42:10	Transmitter		INFO	pushing into buff
20-02-2016 08:42:10	DataProcessor		INFO	polling
20-02-2016 08:42:10	CameraInterface		INFO	Read successful
20-02-2016 08:42:10	Controller		INFO	sending to transmitter
20-02-2016 08:42:10	Transmitter		INFO	pushing into buff
20-02-2016 08:42:10	DataProcessor		INFO	polling
20-02-2016 08:42:10	CameraInterface		INFO	Read successful
20-02-2016 08:42:10	Controller		INFO	sending to transmitter
20-02-2016 08:42:10	Transmitter		INFO	pushing into buff
20-02-2016 08:42:10	DataProcessor		INFO	polling
20-02-2016 08:42:10	CameraInterface		INFO	Read successful
20-02-2016 08:42:10	Controller		INFO	sending to transmitter
20-02-2016 08:42:10	Transmitter		INFO	pushing into buff
20-02-2016 08:42:10	DataProcessor		INFO	polling
20-02-2016 08:42:11	CameraInterface		INFO	Read successful
20-02-2016 08:42:11	Controller		INFO	sending to transmitter
20-02-2016 08:42:11	Transmitter		INFO	pushing into buff
20-02-2016 08:42:11	DataProcessor		INFO	polling
20-02-2016 08:42:11	CameraInterface		INFO	Read successful
20-02-2016 08:42:11	Controller		INFO	sending to transmitter
20-02-2016 08:42:11	Transmitter		INFO	pushing into buff
20-02-2016 08:42:11	DataProcessor		INFO	polling
20-02-2016 08:42:11	CameraInterface		INFO	Read successful
20-02-2016 08:42:11	Controller		INFO	sending to transmitter
20-02-2016 08:42:11	Transmitter		INFO	pushing into buff
20-02-2016 08:42:11	DataProcessor		INFO	polling
20-02-2016 08:42:11	CameraInterface		INFO	Read successful
20-02-2016 08:42:11	Controller		INFO	sending to transmitter
20-02-2016 08:42:11	Transmitter		INFO	pushing into buff
20-02-2016 08:42:11	DataProcessor		INFO	polling
20-02-2016 08:42:11	CameraInterface		INFO	Read successful
20-02-2016 08:42:11	Controller		INFO	sending to transmitter
20-02-2016 08:42:11	Transmitter		INFO	pushing into buff
20-02-2016 08:42:11	DataProcessor		INFO	polling
20-02-2016 08:42:12	CameraInterface		INFO	Read successful
20-02-2016 08:42:12	Controller		INFO	sending to transmitter
20-02-2016 08:42:12	Transmitter		INFO	pushing into buff
20-02-2016 08:42:12	DataProcessor		INFO	polling
20-02-2016 08:42:12	CameraInterface		INFO	Read successful
20-02-2016 08:42:12	Controller		INFO	sending to transmitter
20-02-2016 08:42:12	Transmitter		INFO	pushing into buff
20-02-2016 08:42:12	DataProcessor		INFO	polling
20-02-2016 08:42:12	CameraInterface		INFO	Read successful
20-02-2016 08:42:12	Controller		INFO	sending to transmitter
20-02-2016 08:42:12	Transmitter		INFO	pushing into buff
20-02-2016 08:42:12	DataProcessor		INFO	polling
20-02-2016 08:42:12	CameraInterface		INFO	Read successful
20-02-2016 08:42:12	Controller		INFO	sending to transmitter
20-02-2016 08:42:12	Transmitter		INFO	pushing into buff
20-02-2016 08:42:12	DataProcessor		INFO	polling
20-02-2016 08:42:13	CameraInterface		INFO	Read successful
20-02-2016 08:42:13	Controller		INFO	sending to transmitter
20-02-2016 08:42:13	Transmitter		INFO	pushing into buff
20-02-2016 08:42:13	DataProcessor		INFO	polling
20-02-2016 08:42:13	CameraInterface		INFO	Read successful
20-02-2016 08:42:13	Controller		INFO	sending to transmitter
20-02-2016 08:42:13	Transmitter		INFO	pushing into buff
20-02-2016 08:42:13	DataProcessor		INFO	polling
20-02-2016 08:42:13	CameraInterface		INFO	Read successful
20-02-2016 08:42:13	Controller		INFO	sending to transmitter
20-02-2016 08:42:13	Transmitter		INFO	pushing into buff
20-02-2016 08:42:13	DataProcessor		INFO	polling
20-02-2016 08:42:13	CameraInterface		INFO	Read successful
20-02-2016 08:42:13	Controller		INFO	sending to transmitter
20-02-2016 08:42:13	Transmitter		INFO	pushing into buff
20-02-2016 08:42:13	DataProcessor		INFO	polling
20-02-2016 08:42:14	CameraInterface		INFO	Read successful
20-02-2016 08:42:14	Controller		INFO	sending to transmitter
20-02-2016 08:42:14	Transmitter		INFO	pushing into buff
20-02-2016 08:42:14	DataProcessor		INFO	polling
20-02-2016 08:42:14	CameraInterface		INFO	Read successful
20-02-2016 08:42:14	Controller		INFO	sending to transmitter
20-02-2016 08:42:14	Transmitter		INFO	pushing into buff
20-02-2016 08:42:14	DataProcessor		INFO	polling
20-02-2016 08:42:14	CameraInterface		INFO	Read successful
20-02-2016 08:42:14	Controller		INFO	sending to transmitter
20-02-2016 08:42:14	Transmitter		INFO	pushing into buff
20-02-2016 08:42:14	DataProcessor		INFO	polling
20-02-2016 08:42:14	CameraInterface		INFO	Read successful
20-02-2016 08:42:15	Controller		INFO	sending to transmitter
20-02-2016 08:42:15	Transmitter		INFO	pushing into buff
20-02-2016 08:42:15	DataProcessor		INFO	polling
20-02-2016 08:42:15	CameraInterface		INFO	Read successful
20-02-2016 08:42:18	Controller		INFO	sending to transmitter
20-02-2016 08:42:18	Transmitter		INFO	pushing into buff
20-02-2016 08:42:19	DataProcessor		INFO	polling
20-02-2016 08:42:25	CameraInterface		INFO	Read successful
20-02-2016 08:42:25	Controller		INFO	sending to transmitter
20-02-2016 08:42:25	Transmitter		INFO	pushing into buff
20-02-2016 08:42:25	DataProcessor		INFO	polling
20-02-2016 08:42:25	CameraInterface		INFO	Read successful
20-02-2016 08:42:25	Controller		INFO	sending to transmitter
20-02-2016 08:42:25	Transmitter		INFO	pushing into buff
20-02-2016 08:42:25	DataProcessor		INFO	polling
20-02-2016 08:42:25	CameraInterface		INFO	Read successful
20-02-2016 08:42:26	Controller		INFO	sending to transmitter
20-02-2016 08:42:26	Transmitter		INFO	pushing into buff
20-02-2016 08:42:26	DataProcessor		INFO	polling
20-02-2016 08:42:27	CameraInterface		INFO	Read successful
20-02-2016 08:42:27	Controller		INFO	sending to transmitter
20-02-2016 08:42:27	Transmitter		INFO	pushing into buff
20-02-2016 08:42:27	DataProcessor		INFO	polling
20-02-2016 08:42:28	CameraInterface		INFO	Read successful
20-02-2016 08:42:28	Controller		INFO	sending to transmitter
20-02-2016 08:42:28	Transmitter		INFO	pushing into buff
20-02-2016 08:42:28	DataProcessor		INFO	polling
20-02-2016 08:42:28	CameraInterface		INFO	Read successful
20-02-2016 08:42:28	Controller		INFO	sending to transmitter
20-02-2016 08:42:28	Transmitter		INFO	pushing into buff
20-02-2016 08:42:28	DataProcessor		INFO	polling
20-02-2016 08:42:28	CameraInterface		INFO	Read successful
20-02-2016 08:42:28	Controller		INFO	sending to transmitter
20-02-2016 08:42:28	Transmitter		INFO	pushing into buff
20-02-2016 08:42:28	DataProcessor		INFO	polling
20-02-2016 08:42:30	CameraInterface		INFO	Read successful
20-02-2016 08:42:33	Controller		INFO	sending to transmitter
20-02-2016 08:42:33	Transmitter		INFO	pushing into buff
20-02-2016 08:42:33	DataProcessor		INFO	polling
20-02-2016 08:42:34	CameraInterface		INFO	Read successful
20-02-2016 08:42:34	Controller		INFO	sending to transmitter
20-02-2016 08:42:34	Transmitter		INFO	pushing into buff
20-02-2016 08:42:34	DataProcessor		INFO	polling
20-02-2016 08:42:34	CameraInterface		INFO	Read successful
20-02-2016 08:42:37	Controller		INFO	sending to transmitter
20-02-2016 08:42:38	Transmitter		INFO	sending string
20-02-2016 08:42:37	Transmitter		INFO	pushing into buff
20-02-2016 08:42:38	Transmitter		INFO	sending string
20-02-2016 08:42:38	DataProcessor		INFO	polling
