21-02-2016 08:26:36	Main		TRACE	Logger initialized.
21-02-2016 08:26:36	PropertyReader		TRACE	Opening file: settings/settings.txt
21-02-2016 08:26:36	PropertyReader		INFO	File opened: settings/settings.txt
21-02-2016 08:26:36	PropertyReader		INFO	Loading properties file...
21-02-2016 08:26:36	PropertyReader		INFO	Mapped TRACE to LOGGING_LEVEL
21-02-2016 08:26:36	PropertyReader		INFO	Mapped 100 to CAM_BUFFER_SIZE
21-02-2016 08:26:36	PropertyReader		INFO	Mapped 15 to CAM_POLL_FREQUENCY
21-02-2016 08:26:36	PropertyReader		INFO	Mapped 0 to CAM_INDEX
21-02-2016 08:26:36	PropertyReader		DEBUG	Loaded 4 properties successfully
21-02-2016 08:26:36	Controller		INFO	Constructor controller
21-02-2016 08:26:36	Transmitter		INFO	socket retrieve success
21-02-2016 08:26:36	Transmitter		INFO	binding done
21-02-2016 08:26:36	Transmitter		INFO	done listening
21-02-2016 08:28:07	Transmitter		INFO	accepting
21-02-2016 08:28:07	Main		TRACE	intializing controller
21-02-2016 08:28:07	Controller		INFO	Initializing Controller
21-02-2016 08:28:07	Main		TRACE	initializing dataprocessor
21-02-2016 08:28:07	CameraInterface		INFO	Initializing camera
21-02-2016 08:28:07	CameraInterface		INFO	Opening video capture stream at position 0
21-02-2016 08:28:07	Transmitter		INFO	Starting Receiver Thread execution loop
21-02-2016 08:28:07	Receiver		INFO	Starting Receiver Thread execution loop
21-02-2016 08:28:07	ControllerThread		INFO	Starting Controller Thread execution loop
21-02-2016 08:28:07	Transmitter		INFO	running
21-02-2016 08:28:07	Transmitter		INFO	running
21-02-2016 08:28:07	Transmitter		INFO	running
21-02-2016 08:28:07	Transmitter		INFO	running
21-02-2016 08:28:07	Transmitter		INFO	running
21-02-2016 08:28:07	Transmitter		INFO	running
21-02-2016 08:28:07	Transmitter		INFO	running
21-02-2016 08:28:07	Transmitter		INFO	running
21-02-2016 08:28:07	Transmitter		INFO	running
21-02-2016 08:28:07	Transmitter		INFO	running
21-02-2016 08:28:07	Transmitter		INFO	running
21-02-2016 08:28:07	Transmitter		INFO	running
21-02-2016 08:28:07	Transmitter		INFO	running
21-02-2016 08:28:07	Transmitter		INFO	running
21-02-2016 08:28:07	Transmitter		INFO	running
21-02-2016 08:28:07	Transmitter		INFO	running
21-02-2016 08:28:07	Transmitter		INFO	running
21-02-2016 08:28:07	Transmitter		INFO	running
21-02-2016 08:28:07	Transmitter		INFO	running
21-02-2016 08:28:07	Transmitter		INFO	running
21-02-2016 08:28:07	Transmitter		INFO	running
21-02-2016 08:28:07	Transmitter		INFO	running
21-02-2016 08:28:07	Transmitter		INFO	running
21-02-2016 08:28:07	Transmitter		INFO	running
21-02-2016 08:28:07	Transmitter		INFO	running
21-02-2016 08:28:07	Transmitter		INFO	running
21-02-2016 08:28:07	Transmitter		INFO	running
21-02-2016 08:28:07	Transmitter		INFO	running
21-02-2016 08:28:07	Transmitter		INFO	running
21-02-2016 08:28:07	Transmitter		INFO	running
21-02-2016 08:28:07	Main		TRACE	running controller
21-02-2016 08:28:07	DataProcessor		INFO	polling
21-02-2016 08:28:07	Transmitter		INFO	running
21-02-2016 08:28:07	Transmitter		INFO	running
21-02-2016 08:28:07	Transmitter		INFO	running
21-02-2016 08:28:07	Transmitter		INFO	running
21-02-2016 08:28:07	Transmitter		INFO	running
21-02-2016 08:28:07	Transmitter		INFO	running
21-02-2016 08:28:07	Transmitter		INFO	running
21-02-2016 08:28:07	Transmitter		INFO	running
21-02-2016 08:28:07	Transmitter		INFO	running
21-02-2016 08:28:07	Transmitter		INFO	running
21-02-2016 08:28:07	Transmitter		INFO	running
21-02-2016 08:28:07	Transmitter		INFO	running
21-02-2016 08:28:07	Transmitter		INFO	running
21-02-2016 08:28:07	Transmitter		INFO	running
21-02-2016 08:28:07	Transmitter		INFO	running
21-02-2016 08:28:07	Transmitter		INFO	running
21-02-2016 08:28:07	Transmitter		INFO	running
21-02-2016 08:28:07	Transmitter		INFO	running
21-02-2016 08:28:07	Transmitter		INFO	running
21-02-2016 08:28:07	Transmitter		INFO	running
21-02-2016 08:28:07	Transmitter		INFO	running
21-02-2016 08:28:07	Transmitter		INFO	running
21-02-2016 08:28:07	Transmitter		INFO	running
21-02-2016 08:28:07	Transmitter		INFO	running
21-02-2016 08:28:07	Transmitter		INFO	running
21-02-2016 08:28:07	Transmitter		INFO	running
21-02-2016 08:28:07	Transmitter		INFO	running
21-02-2016 08:28:07	Transmitter		INFO	running
21-02-2016 08:28:07	Transmitter		INFO	running
21-02-2016 08:28:07	Transmitter		INFO	running
21-02-2016 08:28:07	Transmitter		INFO	running
21-02-2016 08:28:07	Transmitter		INFO	running
21-02-2016 08:28:07	Transmitter		INFO	running
21-02-2016 08:28:07	Transmitter		INFO	running
21-02-2016 08:28:07	Transmitter		INFO	running
21-02-2016 08:28:07	Transmitter		INFO	running
21-02-2016 08:28:07	Transmitter		INFO	running
21-02-2016 08:28:07	Transmitter		INFO	running
21-02-2016 08:28:07	Transmitter		INFO	running
21-02-2016 08:28:07	Transmitter		INFO	running
21-02-2016 08:28:07	Transmitter		INFO	running
21-02-2016 08:28:07	Transmitter		INFO	running
21-02-2016 08:28:07	Transmitter		INFO	running
21-02-2016 08:28:07	Transmitter		INFO	running
21-02-2016 08:28:07	Transmitter		INFO	running
21-02-2016 08:28:07	Transmitter		INFO	running
21-02-2016 08:28:07	Transmitter		INFO	running
21-02-2016 08:28:07	Transmitter		INFO	running
21-02-2016 08:28:07	Transmitter		INFO	running
21-02-2016 08:28:07	Transmitter		INFO	running
21-02-2016 08:28:07	Transmitter		INFO	running
21-02-2016 08:28:07	Transmitter		INFO	running
21-02-2016 08:28:07	Transmitter		INFO	running
21-02-2016 08:28:07	Transmitter		INFO	running
21-02-2016 08:28:07	Transmitter		INFO	running
21-02-2016 08:28:07	Transmitter		INFO	running
21-02-2016 08:28:07	Transmitter		INFO	running
21-02-2016 08:28:07	Transmitter		INFO	running
21-02-2016 08:28:07	Transmitter		INFO	running
21-02-2016 08:28:07	Transmitter		INFO	running
21-02-2016 08:28:07	Transmitter		INFO	running
21-02-2016 08:28:07	Transmitter		INFO	running
21-02-2016 08:28:07	Transmitter		INFO	running
21-02-2016 08:28:07	Transmitter		INFO	running
21-02-2016 08:28:08	Transmitter		INFO	running
21-02-2016 08:28:08	Transmitter		INFO	running
21-02-2016 08:28:08	Transmitter		INFO	running
21-02-2016 08:28:08	Transmitter		INFO	running
21-02-2016 08:28:08	Transmitter		INFO	running
21-02-2016 08:28:08	Transmitter		INFO	running
21-02-2016 08:28:08	Transmitter		INFO	running
21-02-2016 08:28:08	Transmitter		INFO	running
21-02-2016 08:28:08	Transmitter		INFO	running
21-02-2016 08:28:08	Transmitter		INFO	running
21-02-2016 08:28:08	Transmitter		INFO	running
21-02-2016 08:28:08	Transmitter		INFO	running
21-02-2016 08:28:08	Transmitter		INFO	running
21-02-2016 08:28:08	Transmitter		INFO	running
21-02-2016 08:28:08	Transmitter		INFO	running
21-02-2016 08:28:08	Transmitter		INFO	running
21-02-2016 08:28:08	Transmitter		INFO	running
21-02-2016 08:28:08	Transmitter		INFO	running
21-02-2016 08:28:08	Transmitter		INFO	running
21-02-2016 08:28:08	Transmitter		INFO	running
21-02-2016 08:28:08	Transmitter		INFO	running
21-02-2016 08:28:08	Transmitter		INFO	running
21-02-2016 08:28:08	Transmitter		INFO	running
21-02-2016 08:28:08	Transmitter		INFO	running
21-02-2016 08:28:08	Transmitter		INFO	running
21-02-2016 08:28:08	Transmitter		INFO	running
21-02-2016 08:28:08	Transmitter		INFO	running
21-02-2016 08:28:08	Transmitter		INFO	running
21-02-2016 08:28:08	Transmitter		INFO	running
21-02-2016 08:28:08	Transmitter		INFO	running
21-02-2016 08:28:08	Transmitter		INFO	running
21-02-2016 08:28:08	Transmitter		INFO	running
21-02-2016 08:28:08	Transmitter		INFO	running
21-02-2016 08:28:08	Transmitter		INFO	running
21-02-2016 08:28:08	Transmitter		INFO	running
21-02-2016 08:28:08	Transmitter		INFO	running
21-02-2016 08:28:08	CameraInterface		INFO	Read successful
21-02-2016 08:28:08	Controller		INFO	sending to transmitter
21-02-2016 08:28:08	Transmitter		INFO	pushing into buff
21-02-2016 08:28:08	Transmitter		INFO	running
21-02-2016 08:28:08	Transmitter		INFO	getting from buffer
21-02-2016 08:28:08	DataProcessor		INFO	polling
21-02-2016 08:28:08	CameraInterface		INFO	Read successful
21-02-2016 08:28:08	Controller		INFO	sending to transmitter
21-02-2016 08:28:08	Transmitter		INFO	pushing into buff
21-02-2016 08:28:08	DataProcessor		INFO	polling
21-02-2016 08:28:08	CameraInterface		INFO	Read successful
21-02-2016 08:28:08	Controller		INFO	sending to transmitter
21-02-2016 08:28:08	Transmitter		INFO	pushing into buff
21-02-2016 08:28:08	DataProcessor		INFO	polling
21-02-2016 08:28:08	CameraInterface		INFO	Read successful
21-02-2016 08:28:08	Controller		INFO	sending to transmitter
21-02-2016 08:28:08	Transmitter		INFO	pushing into buff
21-02-2016 08:28:08	DataProcessor		INFO	polling
21-02-2016 08:28:09	CameraInterface		INFO	Read successful
21-02-2016 08:28:09	Controller		INFO	sending to transmitter
21-02-2016 08:28:09	Transmitter		INFO	pushing into buff
21-02-2016 08:28:09	DataProcessor		INFO	polling
21-02-2016 08:28:09	CameraInterface		INFO	Read successful
21-02-2016 08:28:09	Controller		INFO	sending to transmitter
21-02-2016 08:28:09	Transmitter		INFO	pushing into buff
21-02-2016 08:28:09	DataProcessor		INFO	polling
21-02-2016 08:28:09	CameraInterface		INFO	Read successful
21-02-2016 08:28:09	Controller		INFO	sending to transmitter
21-02-2016 08:28:09	Transmitter		INFO	pushing into buff
21-02-2016 08:28:09	DataProcessor		INFO	polling
21-02-2016 08:28:09	CameraInterface		INFO	Read successful
21-02-2016 08:28:09	Controller		INFO	sending to transmitter
21-02-2016 08:28:09	Transmitter		INFO	pushing into buff
21-02-2016 08:28:09	DataProcessor		INFO	polling
21-02-2016 08:28:10	CameraInterface		INFO	Read successful
21-02-2016 08:28:10	Controller		INFO	sending to transmitter
21-02-2016 08:28:10	Transmitter		INFO	pushing into buff
21-02-2016 08:28:10	DataProcessor		INFO	polling
21-02-2016 08:28:10	CameraInterface		INFO	Read successful
21-02-2016 08:28:10	Controller		INFO	sending to transmitter
21-02-2016 08:28:10	Transmitter		INFO	pushing into buff
21-02-2016 08:28:10	DataProcessor		INFO	polling
21-02-2016 08:28:10	CameraInterface		INFO	Read successful
21-02-2016 08:28:10	Controller		INFO	sending to transmitter
21-02-2016 08:28:10	Transmitter		INFO	pushing into buff
21-02-2016 08:28:10	DataProcessor		INFO	polling
21-02-2016 08:28:10	CameraInterface		INFO	Read successful
21-02-2016 08:28:10	Controller		INFO	sending to transmitter
21-02-2016 08:28:10	Transmitter		INFO	pushing into buff
21-02-2016 08:28:10	DataProcessor		INFO	polling
21-02-2016 08:28:10	CameraInterface		INFO	Read successful
21-02-2016 08:28:10	Controller		INFO	sending to transmitter
21-02-2016 08:28:11	Transmitter		INFO	pushing into buff
21-02-2016 08:28:11	DataProcessor		INFO	polling
21-02-2016 08:28:11	CameraInterface		INFO	Read successful
21-02-2016 08:28:11	Controller		INFO	sending to transmitter
21-02-2016 08:28:11	Transmitter		INFO	pushing into buff
21-02-2016 08:28:11	DataProcessor		INFO	polling
21-02-2016 08:28:11	CameraInterface		INFO	Read successful
21-02-2016 08:28:11	Controller		INFO	sending to transmitter
21-02-2016 08:28:11	Transmitter		INFO	pushing into buff
21-02-2016 08:28:11	DataProcessor		INFO	polling
21-02-2016 08:28:11	CameraInterface		INFO	Read successful
21-02-2016 08:28:11	Controller		INFO	sending to transmitter
21-02-2016 08:28:11	Transmitter		INFO	pushing into buff
21-02-2016 08:28:11	DataProcessor		INFO	polling
21-02-2016 08:28:11	CameraInterface		INFO	Read successful
21-02-2016 08:28:11	Controller		INFO	sending to transmitter
21-02-2016 08:28:11	Transmitter		INFO	pushing into buff
21-02-2016 08:28:11	DataProcessor		INFO	polling
21-02-2016 08:28:12	CameraInterface		INFO	Read successful
21-02-2016 08:28:12	Controller		INFO	sending to transmitter
21-02-2016 08:28:12	Transmitter		INFO	pushing into buff
21-02-2016 08:28:12	DataProcessor		INFO	polling
21-02-2016 08:28:12	CameraInterface		INFO	Read successful
21-02-2016 08:28:12	Controller		INFO	sending to transmitter
21-02-2016 08:28:12	Transmitter		INFO	pushing into buff
21-02-2016 08:28:12	DataProcessor		INFO	polling
21-02-2016 08:28:12	CameraInterface		INFO	Read successful
21-02-2016 08:28:12	Controller		INFO	sending to transmitter
21-02-2016 08:28:12	Transmitter		INFO	pushing into buff
21-02-2016 08:28:12	DataProcessor		INFO	polling
21-02-2016 08:28:12	CameraInterface		INFO	Read successful
21-02-2016 08:28:12	Controller		INFO	sending to transmitter
21-02-2016 08:28:12	Transmitter		INFO	pushing into buff
21-02-2016 08:28:12	DataProcessor		INFO	polling
21-02-2016 08:28:12	CameraInterface		INFO	Read successful
21-02-2016 08:28:12	Controller		INFO	sending to transmitter
21-02-2016 08:28:12	Transmitter		INFO	pushing into buff
21-02-2016 08:28:12	DataProcessor		INFO	polling
21-02-2016 08:28:13	CameraInterface		INFO	Read successful
21-02-2016 08:28:13	Controller		INFO	sending to transmitter
21-02-2016 08:28:13	Transmitter		INFO	pushing into buff
21-02-2016 08:28:13	DataProcessor		INFO	polling
21-02-2016 08:28:13	CameraInterface		INFO	Read successful
21-02-2016 08:28:13	Controller		INFO	sending to transmitter
21-02-2016 08:28:13	Transmitter		INFO	sending string: 84825
21-02-2016 08:28:13	Transmitter		INFO	sending string: 84825
21-02-2016 08:28:13	Transmitter		INFO	pushing into buff
21-02-2016 08:28:13	DataProcessor		INFO	polling
21-02-2016 08:28:13	Transmitter		INFO	running
21-02-2016 08:28:13	Transmitter		INFO	getting from buffer
21-02-2016 08:28:13	CameraInterface		INFO	Read successful
21-02-2016 08:28:13	Controller		INFO	sending to transmitter
21-02-2016 08:28:13	Transmitter		INFO	pushing into buff
21-02-2016 08:28:13	DataProcessor		INFO	polling
21-02-2016 08:28:13	CameraInterface		INFO	Read successful
21-02-2016 08:28:13	Controller		INFO	sending to transmitter
21-02-2016 08:28:13	Transmitter		INFO	pushing into buff
21-02-2016 08:28:13	DataProcessor		INFO	polling
21-02-2016 08:28:14	CameraInterface		INFO	Read successful
21-02-2016 08:28:14	Controller		INFO	sending to transmitter
21-02-2016 08:28:14	Transmitter		INFO	pushing into buff
21-02-2016 08:28:14	DataProcessor		INFO	polling
21-02-2016 08:28:14	CameraInterface		INFO	Read successful
21-02-2016 08:28:14	Controller		INFO	sending to transmitter
21-02-2016 08:28:14	Transmitter		INFO	pushing into buff
21-02-2016 08:28:14	DataProcessor		INFO	polling
21-02-2016 08:28:14	CameraInterface		INFO	Read successful
21-02-2016 08:28:14	Controller		INFO	sending to transmitter
21-02-2016 08:28:14	Transmitter		INFO	pushing into buff
21-02-2016 08:28:14	DataProcessor		INFO	polling
21-02-2016 08:28:14	CameraInterface		INFO	Read successful
21-02-2016 08:28:14	Controller		INFO	sending to transmitter
21-02-2016 08:28:14	Transmitter		INFO	pushing into buff
21-02-2016 08:28:14	DataProcessor		INFO	polling
21-02-2016 08:28:14	CameraInterface		INFO	Read successful
21-02-2016 08:28:14	Controller		INFO	sending to transmitter
21-02-2016 08:28:14	Transmitter		INFO	pushing into buff
21-02-2016 08:28:14	DataProcessor		INFO	polling
21-02-2016 08:28:15	CameraInterface		INFO	Read successful
21-02-2016 08:28:15	Controller		INFO	sending to transmitter
21-02-2016 08:28:15	Transmitter		INFO	pushing into buff
21-02-2016 08:28:15	DataProcessor		INFO	polling
21-02-2016 08:28:15	CameraInterface		INFO	Read successful
21-02-2016 08:28:15	Controller		INFO	sending to transmitter
21-02-2016 08:28:15	Transmitter		INFO	pushing into buff
21-02-2016 08:28:15	DataProcessor		INFO	polling
21-02-2016 08:28:15	CameraInterface		INFO	Read successful
21-02-2016 08:28:15	Controller		INFO	sending to transmitter
21-02-2016 08:28:15	Transmitter		INFO	pushing into buff
21-02-2016 08:28:15	DataProcessor		INFO	polling
21-02-2016 08:28:15	CameraInterface		INFO	Read successful
21-02-2016 08:28:15	Controller		INFO	sending to transmitter
21-02-2016 08:28:15	Transmitter		INFO	pushing into buff
21-02-2016 08:28:15	DataProcessor		INFO	polling
21-02-2016 08:28:16	CameraInterface		INFO	Read successful
21-02-2016 08:28:16	Controller		INFO	sending to transmitter
21-02-2016 08:28:16	Transmitter		INFO	pushing into buff
21-02-2016 08:28:16	DataProcessor		INFO	polling
21-02-2016 08:28:16	CameraInterface		INFO	Read successful
21-02-2016 08:28:16	Controller		INFO	sending to transmitter
21-02-2016 08:28:16	Transmitter		INFO	pushing into buff
21-02-2016 08:28:16	DataProcessor		INFO	polling
21-02-2016 08:28:16	CameraInterface		INFO	Read successful
21-02-2016 08:28:16	Controller		INFO	sending to transmitter
21-02-2016 08:28:16	Transmitter		INFO	pushing into buff
21-02-2016 08:28:16	DataProcessor		INFO	polling
21-02-2016 08:28:16	CameraInterface		INFO	Read successful
21-02-2016 08:28:16	Controller		INFO	sending to transmitter
21-02-2016 08:28:16	Transmitter		INFO	pushing into buff
21-02-2016 08:28:16	DataProcessor		INFO	polling
21-02-2016 08:28:16	CameraInterface		INFO	Read successful
21-02-2016 08:28:16	Controller		INFO	sending to transmitter
21-02-2016 08:28:16	Transmitter		INFO	pushing into buff
21-02-2016 08:28:16	DataProcessor		INFO	polling
21-02-2016 08:28:17	CameraInterface		INFO	Read successful
21-02-2016 08:28:17	Controller		INFO	sending to transmitter
21-02-2016 08:28:17	Transmitter		INFO	pushing into buff
21-02-2016 08:28:17	DataProcessor		INFO	polling
21-02-2016 08:28:17	CameraInterface		INFO	Read successful
21-02-2016 08:28:17	Controller		INFO	sending to transmitter
21-02-2016 08:28:17	Transmitter		INFO	pushing into buff
21-02-2016 08:28:17	DataProcessor		INFO	polling
21-02-2016 08:28:17	CameraInterface		INFO	Read successful
21-02-2016 08:28:17	Controller		INFO	sending to transmitter
21-02-2016 08:28:17	Transmitter		INFO	pushing into buff
21-02-2016 08:28:17	DataProcessor		INFO	polling
21-02-2016 08:28:17	CameraInterface		INFO	Read successful
21-02-2016 08:28:18	Controller		INFO	sending to transmitter
21-02-2016 08:28:18	Transmitter		INFO	pushing into buff
21-02-2016 08:28:18	DataProcessor		INFO	polling
21-02-2016 08:28:18	CameraInterface		INFO	Read successful
21-02-2016 08:28:18	Controller		INFO	sending to transmitter
21-02-2016 08:28:18	Transmitter		INFO	pushing into buff
21-02-2016 08:28:18	DataProcessor		INFO	polling
21-02-2016 08:28:18	CameraInterface		INFO	Read successful
21-02-2016 08:28:18	Controller		INFO	sending to transmitter
21-02-2016 08:28:18	Transmitter		INFO	pushing into buff
21-02-2016 08:28:18	DataProcessor		INFO	polling
21-02-2016 08:28:18	CameraInterface		INFO	Read successful
21-02-2016 08:28:18	Controller		INFO	sending to transmitter
21-02-2016 08:28:18	Transmitter		INFO	pushing into buff
21-02-2016 08:28:18	DataProcessor		INFO	polling
21-02-2016 08:28:18	CameraInterface		INFO	Read successful
21-02-2016 08:28:18	Controller		INFO	sending to transmitter
21-02-2016 08:28:18	Transmitter		INFO	pushing into buff
21-02-2016 08:28:19	DataProcessor		INFO	polling
21-02-2016 08:28:19	CameraInterface		INFO	Read successful
21-02-2016 08:28:19	Controller		INFO	sending to transmitter
21-02-2016 08:28:19	Transmitter		INFO	pushing into buff
21-02-2016 08:28:19	DataProcessor		INFO	polling
21-02-2016 08:28:19	CameraInterface		INFO	Read successful
21-02-2016 08:28:19	Controller		INFO	sending to transmitter
21-02-2016 08:28:19	Transmitter		INFO	pushing into buff
21-02-2016 08:28:19	DataProcessor		INFO	polling
21-02-2016 08:28:19	CameraInterface		INFO	Read successful
21-02-2016 08:28:19	Controller		INFO	sending to transmitter
21-02-2016 08:28:19	Transmitter		INFO	pushing into buff
21-02-2016 08:28:19	DataProcessor		INFO	polling
21-02-2016 08:28:19	CameraInterface		INFO	Read successful
21-02-2016 08:28:19	Controller		INFO	sending to transmitter
21-02-2016 08:28:19	Transmitter		INFO	pushing into buff
21-02-2016 08:28:19	DataProcessor		INFO	polling
21-02-2016 08:28:20	CameraInterface		INFO	Read successful
21-02-2016 08:28:20	Controller		INFO	sending to transmitter
21-02-2016 08:28:20	Transmitter		INFO	pushing into buff
21-02-2016 08:28:20	DataProcessor		INFO	polling
21-02-2016 08:28:20	CameraInterface		INFO	Read successful
21-02-2016 08:28:20	Controller		INFO	sending to transmitter
21-02-2016 08:28:20	Transmitter		INFO	pushing into buff
21-02-2016 08:28:20	DataProcessor		INFO	polling
21-02-2016 08:28:20	CameraInterface		INFO	Read successful
21-02-2016 08:28:20	Controller		INFO	sending to transmitter
21-02-2016 08:28:20	Transmitter		INFO	pushing into buff
21-02-2016 08:28:20	DataProcessor		INFO	polling
21-02-2016 08:28:20	CameraInterface		INFO	Read successful
21-02-2016 08:28:20	Controller		INFO	sending to transmitter
21-02-2016 08:28:20	Transmitter		INFO	pushing into buff
21-02-2016 08:28:20	DataProcessor		INFO	polling
21-02-2016 08:28:21	CameraInterface		INFO	Read successful
21-02-2016 08:28:21	Controller		INFO	sending to transmitter
21-02-2016 08:28:21	Transmitter		INFO	pushing into buff
21-02-2016 08:28:21	DataProcessor		INFO	polling
21-02-2016 08:28:21	CameraInterface		INFO	Read successful
21-02-2016 08:28:21	Controller		INFO	sending to transmitter
21-02-2016 08:28:21	Transmitter		INFO	pushing into buff
21-02-2016 08:28:21	DataProcessor		INFO	polling
21-02-2016 08:28:21	CameraInterface		INFO	Read successful
21-02-2016 08:28:21	Controller		INFO	sending to transmitter
21-02-2016 08:28:21	Transmitter		INFO	pushing into buff
21-02-2016 08:28:21	DataProcessor		INFO	polling
21-02-2016 08:28:21	Transmitter		INFO	sending string: 1195029
