21-02-2016 08:05:38	Main		TRACE	Logger initialized.
21-02-2016 08:05:38	PropertyReader		TRACE	Opening file: settings/settings.txt
21-02-2016 08:05:38	PropertyReader		INFO	File opened: settings/settings.txt
21-02-2016 08:05:38	PropertyReader		INFO	Loading properties file...
21-02-2016 08:05:38	PropertyReader		INFO	Mapped TRACE to LOGGING_LEVEL
21-02-2016 08:05:38	PropertyReader		INFO	Mapped 100 to CAM_BUFFER_SIZE
21-02-2016 08:05:38	PropertyReader		INFO	Mapped 15 to CAM_POLL_FREQUENCY
21-02-2016 08:05:38	PropertyReader		INFO	Mapped 0 to CAM_INDEX
21-02-2016 08:05:38	PropertyReader		DEBUG	Loaded 4 properties successfully
21-02-2016 08:05:38	Controller		INFO	Constructor controller
21-02-2016 08:05:38	Transmitter		INFO	socket retrieve success
21-02-2016 08:05:38	Transmitter		INFO	binding done
21-02-2016 08:05:38	Transmitter		INFO	done listening
21-02-2016 08:07:08	Transmitter		INFO	accepting
21-02-2016 08:07:08	Main		TRACE	intializing controller
21-02-2016 08:07:08	Controller		INFO	Initializing Controller
21-02-2016 08:07:08	Main		TRACE	initializing dataprocessor
21-02-2016 08:07:08	CameraInterface		INFO	Initializing camera
21-02-2016 08:07:08	CameraInterface		INFO	Opening video capture stream at position 0
21-02-2016 08:07:08	Receiver		INFO	Starting Receiver Thread execution loop
21-02-2016 08:07:08	ControllerThread		INFO	Starting Controller Thread execution loop
21-02-2016 08:07:08	Transmitter		INFO	Starting Receiver Thread execution loop
21-02-2016 08:07:08	Transmitter		INFO	running
21-02-2016 08:07:08	Transmitter		INFO	running
21-02-2016 08:07:08	Transmitter		INFO	running
21-02-2016 08:07:08	Transmitter		INFO	running
21-02-2016 08:07:08	Transmitter		INFO	running
21-02-2016 08:07:08	Transmitter		INFO	running
21-02-2016 08:07:08	Transmitter		INFO	running
21-02-2016 08:07:08	Transmitter		INFO	running
21-02-2016 08:07:08	Transmitter		INFO	running
21-02-2016 08:07:08	Transmitter		INFO	running
21-02-2016 08:07:08	Transmitter		INFO	running
21-02-2016 08:07:08	Transmitter		INFO	running
21-02-2016 08:07:08	Transmitter		INFO	running
21-02-2016 08:07:08	Transmitter		INFO	running
21-02-2016 08:07:08	Transmitter		INFO	running
21-02-2016 08:07:08	Transmitter		INFO	running
21-02-2016 08:07:08	Transmitter		INFO	running
21-02-2016 08:07:08	Transmitter		INFO	running
21-02-2016 08:07:08	Transmitter		INFO	running
21-02-2016 08:07:08	Transmitter		INFO	running
21-02-2016 08:07:08	Transmitter		INFO	running
21-02-2016 08:07:08	Transmitter		INFO	running
21-02-2016 08:07:08	Transmitter		INFO	running
21-02-2016 08:07:08	Transmitter		INFO	running
21-02-2016 08:07:08	Transmitter		INFO	running
21-02-2016 08:07:08	Transmitter		INFO	running
21-02-2016 08:07:08	Transmitter		INFO	running
21-02-2016 08:07:08	Transmitter		INFO	running
21-02-2016 08:07:08	Transmitter		INFO	running
21-02-2016 08:07:08	Transmitter		INFO	running
21-02-2016 08:07:08	Transmitter		INFO	running
21-02-2016 08:07:08	Transmitter		INFO	running
21-02-2016 08:07:09	Transmitter		INFO	running
21-02-2016 08:07:09	Transmitter		INFO	running
21-02-2016 08:07:09	Main		TRACE	running controller
21-02-2016 08:07:09	DataProcessor		INFO	polling
21-02-2016 08:07:09	Transmitter		INFO	running
21-02-2016 08:07:09	Transmitter		INFO	running
21-02-2016 08:07:09	Transmitter		INFO	running
21-02-2016 08:07:09	Transmitter		INFO	running
21-02-2016 08:07:09	Transmitter		INFO	running
21-02-2016 08:07:09	Transmitter		INFO	running
21-02-2016 08:07:09	Transmitter		INFO	running
21-02-2016 08:07:09	Transmitter		INFO	running
21-02-2016 08:07:09	Transmitter		INFO	running
21-02-2016 08:07:09	Transmitter		INFO	running
21-02-2016 08:07:09	Transmitter		INFO	running
21-02-2016 08:07:09	Transmitter		INFO	running
21-02-2016 08:07:09	Transmitter		INFO	running
21-02-2016 08:07:09	Transmitter		INFO	running
21-02-2016 08:07:09	Transmitter		INFO	running
21-02-2016 08:07:09	Transmitter		INFO	running
21-02-2016 08:07:09	Transmitter		INFO	running
21-02-2016 08:07:09	Transmitter		INFO	running
21-02-2016 08:07:09	Transmitter		INFO	running
21-02-2016 08:07:09	Transmitter		INFO	running
21-02-2016 08:07:09	Transmitter		INFO	running
21-02-2016 08:07:09	Transmitter		INFO	running
21-02-2016 08:07:09	Transmitter		INFO	running
21-02-2016 08:07:09	Transmitter		INFO	running
21-02-2016 08:07:09	Transmitter		INFO	running
21-02-2016 08:07:09	Transmitter		INFO	running
21-02-2016 08:07:09	Transmitter		INFO	running
21-02-2016 08:07:09	Transmitter		INFO	running
21-02-2016 08:07:09	Transmitter		INFO	running
21-02-2016 08:07:09	Transmitter		INFO	running
21-02-2016 08:07:09	Transmitter		INFO	running
21-02-2016 08:07:09	Transmitter		INFO	running
21-02-2016 08:07:09	Transmitter		INFO	running
21-02-2016 08:07:09	Transmitter		INFO	running
21-02-2016 08:07:09	Transmitter		INFO	running
21-02-2016 08:07:09	Transmitter		INFO	running
21-02-2016 08:07:09	Transmitter		INFO	running
21-02-2016 08:07:09	Transmitter		INFO	running
21-02-2016 08:07:09	Transmitter		INFO	running
21-02-2016 08:07:09	Transmitter		INFO	running
21-02-2016 08:07:09	Transmitter		INFO	running
21-02-2016 08:07:09	Transmitter		INFO	running
21-02-2016 08:07:09	Transmitter		INFO	running
21-02-2016 08:07:09	Transmitter		INFO	running
21-02-2016 08:07:09	Transmitter		INFO	running
21-02-2016 08:07:09	Transmitter		INFO	running
21-02-2016 08:07:09	Transmitter		INFO	running
21-02-2016 08:07:09	Transmitter		INFO	running
21-02-2016 08:07:09	Transmitter		INFO	running
21-02-2016 08:07:09	Transmitter		INFO	running
21-02-2016 08:07:09	Transmitter		INFO	running
21-02-2016 08:07:09	Transmitter		INFO	running
21-02-2016 08:07:09	Transmitter		INFO	running
21-02-2016 08:07:09	Transmitter		INFO	running
21-02-2016 08:07:09	Transmitter		INFO	running
21-02-2016 08:07:09	Transmitter		INFO	running
21-02-2016 08:07:09	Transmitter		INFO	running
21-02-2016 08:07:09	Transmitter		INFO	running
21-02-2016 08:07:09	Transmitter		INFO	running
21-02-2016 08:07:09	Transmitter		INFO	running
21-02-2016 08:07:09	Transmitter		INFO	running
21-02-2016 08:07:09	Transmitter		INFO	running
21-02-2016 08:07:09	Transmitter		INFO	running
21-02-2016 08:07:09	Transmitter		INFO	running
21-02-2016 08:07:09	Transmitter		INFO	running
21-02-2016 08:07:09	Transmitter		INFO	running
21-02-2016 08:07:09	Transmitter		INFO	running
21-02-2016 08:07:09	Transmitter		INFO	running
21-02-2016 08:07:09	Transmitter		INFO	running
21-02-2016 08:07:09	Transmitter		INFO	running
21-02-2016 08:07:09	Transmitter		INFO	running
21-02-2016 08:07:09	Transmitter		INFO	running
21-02-2016 08:07:09	Transmitter		INFO	running
21-02-2016 08:07:09	Transmitter		INFO	running
21-02-2016 08:07:09	Transmitter		INFO	running
21-02-2016 08:07:09	Transmitter		INFO	running
21-02-2016 08:07:09	Transmitter		INFO	running
21-02-2016 08:07:09	Transmitter		INFO	running
21-02-2016 08:07:09	Transmitter		INFO	running
21-02-2016 08:07:09	Transmitter		INFO	running
21-02-2016 08:07:09	Transmitter		INFO	running
21-02-2016 08:07:09	Transmitter		INFO	running
21-02-2016 08:07:09	Transmitter		INFO	running
21-02-2016 08:07:09	Transmitter		INFO	running
21-02-2016 08:07:09	Transmitter		INFO	running
21-02-2016 08:07:09	Transmitter		INFO	running
21-02-2016 08:07:09	Transmitter		INFO	running
21-02-2016 08:07:09	Transmitter		INFO	running
21-02-2016 08:07:09	Transmitter		INFO	running
21-02-2016 08:07:09	Transmitter		INFO	running
21-02-2016 08:07:09	Transmitter		INFO	running
21-02-2016 08:07:09	Transmitter		INFO	running
21-02-2016 08:07:09	Transmitter		INFO	running
21-02-2016 08:07:09	Transmitter		INFO	running
21-02-2016 08:07:09	Transmitter		INFO	running
21-02-2016 08:07:09	Transmitter		INFO	running
21-02-2016 08:07:09	Transmitter		INFO	running
21-02-2016 08:07:09	Transmitter		INFO	running
21-02-2016 08:07:09	Transmitter		INFO	running
21-02-2016 08:07:09	Transmitter		INFO	running
21-02-2016 08:07:09	Transmitter		INFO	running
21-02-2016 08:07:09	Transmitter		INFO	running
21-02-2016 08:07:09	Transmitter		INFO	running
21-02-2016 08:07:09	Transmitter		INFO	running
21-02-2016 08:07:09	Transmitter		INFO	running
21-02-2016 08:07:09	CameraInterface		INFO	Read successful
21-02-2016 08:07:09	CameraInterface		INFO	Read successful
21-02-2016 08:07:09	Transmitter		INFO	running
21-02-2016 08:07:09	Controller		INFO	sending to transmitter
21-02-2016 08:07:09	Transmitter		INFO	running
21-02-2016 08:07:09	Transmitter		INFO	running
21-02-2016 08:07:09	Transmitter		INFO	running
21-02-2016 08:07:09	Transmitter		INFO	running
21-02-2016 08:07:09	Transmitter		INFO	pushing into buff
21-02-2016 08:07:09	DataProcessor		INFO	polling
21-02-2016 08:07:09	Transmitter		INFO	running
21-02-2016 08:07:09	Transmitter		INFO	getting from buffer
21-02-2016 08:07:10	CameraInterface		INFO	Read successful
21-02-2016 08:07:10	Controller		INFO	sending to transmitter
21-02-2016 08:07:10	Transmitter		INFO	pushing into buff
21-02-2016 08:07:10	DataProcessor		INFO	polling
21-02-2016 08:07:10	CameraInterface		INFO	Read successful
21-02-2016 08:07:10	Controller		INFO	sending to transmitter
21-02-2016 08:07:10	Transmitter		INFO	pushing into buff
21-02-2016 08:07:10	DataProcessor		INFO	polling
21-02-2016 08:07:10	CameraInterface		INFO	Read successful
21-02-2016 08:07:10	Controller		INFO	sending to transmitter
21-02-2016 08:07:10	Transmitter		INFO	pushing into buff
21-02-2016 08:07:10	DataProcessor		INFO	polling
21-02-2016 08:07:10	CameraInterface		INFO	Read successful
21-02-2016 08:07:10	Controller		INFO	sending to transmitter
21-02-2016 08:07:10	Transmitter		INFO	pushing into buff
21-02-2016 08:07:10	DataProcessor		INFO	polling
21-02-2016 08:07:10	CameraInterface		INFO	Read successful
21-02-2016 08:07:10	Controller		INFO	sending to transmitter
21-02-2016 08:07:10	Transmitter		INFO	pushing into buff
21-02-2016 08:07:10	DataProcessor		INFO	polling
21-02-2016 08:07:11	CameraInterface		INFO	Read successful
21-02-2016 08:07:11	Controller		INFO	sending to transmitter
21-02-2016 08:07:11	Transmitter		INFO	pushing into buff
21-02-2016 08:07:11	DataProcessor		INFO	polling
21-02-2016 08:07:11	CameraInterface		INFO	Read successful
21-02-2016 08:07:11	Controller		INFO	sending to transmitter
21-02-2016 08:07:11	Transmitter		INFO	pushing into buff
21-02-2016 08:07:11	DataProcessor		INFO	polling
21-02-2016 08:07:11	CameraInterface		INFO	Read successful
21-02-2016 08:07:11	Controller		INFO	sending to transmitter
21-02-2016 08:07:11	Transmitter		INFO	pushing into buff
21-02-2016 08:07:11	DataProcessor		INFO	polling
21-02-2016 08:07:11	CameraInterface		INFO	Read successful
21-02-2016 08:07:11	Controller		INFO	sending to transmitter
21-02-2016 08:07:11	Transmitter		INFO	pushing into buff
21-02-2016 08:07:11	DataProcessor		INFO	polling
21-02-2016 08:07:11	CameraInterface		INFO	Read successful
21-02-2016 08:07:11	Controller		INFO	sending to transmitter
21-02-2016 08:07:11	Transmitter		INFO	pushing into buff
21-02-2016 08:07:11	DataProcessor		INFO	polling
21-02-2016 08:07:12	CameraInterface		INFO	Read successful
21-02-2016 08:07:12	Controller		INFO	sending to transmitter
21-02-2016 08:07:12	Transmitter		INFO	pushing into buff
21-02-2016 08:07:12	DataProcessor		INFO	polling
21-02-2016 08:07:12	CameraInterface		INFO	Read successful
21-02-2016 08:07:12	Controller		INFO	sending to transmitter
21-02-2016 08:07:12	Transmitter		INFO	pushing into buff
21-02-2016 08:07:12	DataProcessor		INFO	polling
21-02-2016 08:07:12	CameraInterface		INFO	Read successful
21-02-2016 08:07:12	Controller		INFO	sending to transmitter
21-02-2016 08:07:12	Transmitter		INFO	pushing into buff
21-02-2016 08:07:12	DataProcessor		INFO	polling
21-02-2016 08:07:12	CameraInterface		INFO	Read successful
21-02-2016 08:07:12	Controller		INFO	sending to transmitter
21-02-2016 08:07:12	Transmitter		INFO	pushing into buff
21-02-2016 08:07:12	DataProcessor		INFO	polling
21-02-2016 08:07:13	CameraInterface		INFO	Read successful
21-02-2016 08:07:13	Controller		INFO	sending to transmitter
21-02-2016 08:07:13	Transmitter		INFO	pushing into buff
21-02-2016 08:07:13	DataProcessor		INFO	polling
21-02-2016 08:07:13	CameraInterface		INFO	Read successful
21-02-2016 08:07:13	Controller		INFO	sending to transmitter
21-02-2016 08:07:13	Transmitter		INFO	pushing into buff
21-02-2016 08:07:13	DataProcessor		INFO	polling
21-02-2016 08:07:13	CameraInterface		INFO	Read successful
21-02-2016 08:07:13	Controller		INFO	sending to transmitter
21-02-2016 08:07:13	Transmitter		INFO	pushing into buff
21-02-2016 08:07:13	DataProcessor		INFO	polling
21-02-2016 08:07:13	CameraInterface		INFO	Read successful
21-02-2016 08:07:13	Controller		INFO	sending to transmitter
21-02-2016 08:07:13	Transmitter		INFO	pushing into buff
21-02-2016 08:07:13	DataProcessor		INFO	polling
21-02-2016 08:07:13	CameraInterface		INFO	Read successful
21-02-2016 08:07:13	Controller		INFO	sending to transmitter
21-02-2016 08:07:14	Transmitter		INFO	pushing into buff
21-02-2016 08:07:14	DataProcessor		INFO	polling
21-02-2016 08:07:14	CameraInterface		INFO	Read successful
21-02-2016 08:07:14	Controller		INFO	sending to transmitter
21-02-2016 08:07:14	Transmitter		INFO	pushing into buff
21-02-2016 08:07:14	DataProcessor		INFO	polling
21-02-2016 08:07:14	CameraInterface		INFO	Read successful
21-02-2016 08:07:14	Controller		INFO	sending to transmitter
21-02-2016 08:07:14	Transmitter		INFO	pushing into buff
21-02-2016 08:07:14	DataProcessor		INFO	polling
21-02-2016 08:07:14	CameraInterface		INFO	Read successful
21-02-2016 08:07:14	Controller		INFO	sending to transmitter
21-02-2016 08:07:14	Transmitter		INFO	pushing into buff
21-02-2016 08:07:14	DataProcessor		INFO	polling
21-02-2016 08:07:14	CameraInterface		INFO	Read successful
21-02-2016 08:07:14	Controller		INFO	sending to transmitter
21-02-2016 08:07:14	Transmitter		INFO	pushing into buff
21-02-2016 08:07:14	DataProcessor		INFO	polling
21-02-2016 08:07:14	Transmitter		INFO	sending string: 104472
21-02-2016 08:07:15	CameraInterface		INFO	Read successful
21-02-2016 08:07:15	Controller		INFO	sending to transmitter
21-02-2016 08:07:15	Transmitter		INFO	pushing into buff
21-02-2016 08:07:15	DataProcessor		INFO	polling
21-02-2016 08:07:15	Transmitter		INFO	running
21-02-2016 08:07:15	Transmitter		INFO	getting from buffer
21-02-2016 08:07:15	CameraInterface		INFO	Read successful
21-02-2016 08:07:15	Controller		INFO	sending to transmitter
21-02-2016 08:07:15	Transmitter		INFO	pushing into buff
21-02-2016 08:07:15	DataProcessor		INFO	polling
21-02-2016 08:07:15	CameraInterface		INFO	Read successful
21-02-2016 08:07:15	Controller		INFO	sending to transmitter
21-02-2016 08:07:15	Transmitter		INFO	pushing into buff
21-02-2016 08:07:15	DataProcessor		INFO	polling
21-02-2016 08:07:15	CameraInterface		INFO	Read successful
21-02-2016 08:07:15	Controller		INFO	sending to transmitter
21-02-2016 08:07:15	Transmitter		INFO	pushing into buff
21-02-2016 08:07:15	DataProcessor		INFO	polling
21-02-2016 08:07:16	CameraInterface		INFO	Read successful
21-02-2016 08:07:16	Controller		INFO	sending to transmitter
21-02-2016 08:07:16	Transmitter		INFO	pushing into buff
21-02-2016 08:07:16	DataProcessor		INFO	polling
21-02-2016 08:07:16	CameraInterface		INFO	Read successful
21-02-2016 08:07:16	Controller		INFO	sending to transmitter
21-02-2016 08:07:16	Transmitter		INFO	pushing into buff
21-02-2016 08:07:16	DataProcessor		INFO	polling
21-02-2016 08:07:16	CameraInterface		INFO	Read successful
21-02-2016 08:07:16	Controller		INFO	sending to transmitter
21-02-2016 08:07:16	Transmitter		INFO	pushing into buff
21-02-2016 08:07:16	DataProcessor		INFO	polling
21-02-2016 08:07:16	CameraInterface		INFO	Read successful
21-02-2016 08:07:16	Controller		INFO	sending to transmitter
21-02-2016 08:07:16	Transmitter		INFO	pushing into buff
21-02-2016 08:07:16	DataProcessor		INFO	polling
21-02-2016 08:07:16	CameraInterface		INFO	Read successful
21-02-2016 08:07:17	Controller		INFO	sending to transmitter
21-02-2016 08:07:17	Transmitter		INFO	pushing into buff
21-02-2016 08:07:17	DataProcessor		INFO	polling
21-02-2016 08:07:17	CameraInterface		INFO	Read successful
21-02-2016 08:07:17	Controller		INFO	sending to transmitter
21-02-2016 08:07:17	Transmitter		INFO	pushing into buff
21-02-2016 08:07:17	DataProcessor		INFO	polling
21-02-2016 08:07:17	CameraInterface		INFO	Read successful
21-02-2016 08:07:17	Controller		INFO	sending to transmitter
21-02-2016 08:07:17	Transmitter		INFO	pushing into buff
21-02-2016 08:07:17	DataProcessor		INFO	polling
21-02-2016 08:07:17	CameraInterface		INFO	Read successful
21-02-2016 08:07:17	Controller		INFO	sending to transmitter
21-02-2016 08:07:17	Transmitter		INFO	pushing into buff
21-02-2016 08:07:17	DataProcessor		INFO	polling
21-02-2016 08:07:17	CameraInterface		INFO	Read successful
21-02-2016 08:07:17	Controller		INFO	sending to transmitter
21-02-2016 08:07:17	Transmitter		INFO	pushing into buff
21-02-2016 08:07:17	DataProcessor		INFO	polling
21-02-2016 08:07:18	CameraInterface		INFO	Read successful
21-02-2016 08:07:18	Controller		INFO	sending to transmitter
21-02-2016 08:07:18	Transmitter		INFO	pushing into buff
21-02-2016 08:07:18	DataProcessor		INFO	polling
21-02-2016 08:07:18	CameraInterface		INFO	Read successful
21-02-2016 08:07:18	Controller		INFO	sending to transmitter
21-02-2016 08:07:18	Transmitter		INFO	pushing into buff
21-02-2016 08:07:18	DataProcessor		INFO	polling
21-02-2016 08:07:18	CameraInterface		INFO	Read successful
21-02-2016 08:07:18	Controller		INFO	sending to transmitter
21-02-2016 08:07:18	Transmitter		INFO	pushing into buff
21-02-2016 08:07:18	DataProcessor		INFO	polling
21-02-2016 08:07:18	CameraInterface		INFO	Read successful
21-02-2016 08:07:18	Controller		INFO	sending to transmitter
21-02-2016 08:07:18	Transmitter		INFO	pushing into buff
21-02-2016 08:07:18	DataProcessor		INFO	polling
21-02-2016 08:07:19	CameraInterface		INFO	Read successful
21-02-2016 08:07:19	Controller		INFO	sending to transmitter
21-02-2016 08:07:19	Transmitter		INFO	pushing into buff
21-02-2016 08:07:19	DataProcessor		INFO	polling
21-02-2016 08:07:19	CameraInterface		INFO	Read successful
21-02-2016 08:07:19	Controller		INFO	sending to transmitter
21-02-2016 08:07:19	Transmitter		INFO	pushing into buff
21-02-2016 08:07:19	DataProcessor		INFO	polling
21-02-2016 08:07:19	CameraInterface		INFO	Read successful
21-02-2016 08:07:19	Controller		INFO	sending to transmitter
21-02-2016 08:07:19	Transmitter		INFO	pushing into buff
21-02-2016 08:07:19	DataProcessor		INFO	polling
21-02-2016 08:07:19	CameraInterface		INFO	Read successful
21-02-2016 08:07:19	Controller		INFO	sending to transmitter
21-02-2016 08:07:19	Transmitter		INFO	pushing into buff
21-02-2016 08:07:19	DataProcessor		INFO	polling
21-02-2016 08:07:20	CameraInterface		INFO	Read successful
21-02-2016 08:07:20	Controller		INFO	sending to transmitter
21-02-2016 08:07:20	Transmitter		INFO	pushing into buff
21-02-2016 08:07:20	DataProcessor		INFO	polling
21-02-2016 08:07:20	CameraInterface		INFO	Read successful
21-02-2016 08:07:20	Controller		INFO	sending to transmitter
21-02-2016 08:07:20	Transmitter		INFO	pushing into buff
21-02-2016 08:07:20	DataProcessor		INFO	polling
21-02-2016 08:07:20	CameraInterface		INFO	Read successful
21-02-2016 08:07:20	Controller		INFO	sending to transmitter
21-02-2016 08:07:20	Transmitter		INFO	pushing into buff
21-02-2016 08:07:20	DataProcessor		INFO	polling
21-02-2016 08:07:20	CameraInterface		INFO	Read successful
21-02-2016 08:07:20	Controller		INFO	sending to transmitter
21-02-2016 08:07:20	Transmitter		INFO	pushing into buff
21-02-2016 08:07:20	DataProcessor		INFO	polling
21-02-2016 08:07:20	CameraInterface		INFO	Read successful
21-02-2016 08:07:20	Controller		INFO	sending to transmitter
21-02-2016 08:07:20	Transmitter		INFO	pushing into buff
21-02-2016 08:07:20	DataProcessor		INFO	polling
21-02-2016 08:07:21	CameraInterface		INFO	Read successful
21-02-2016 08:07:21	Controller		INFO	sending to transmitter
21-02-2016 08:07:21	Transmitter		INFO	pushing into buff
21-02-2016 08:07:21	DataProcessor		INFO	polling
21-02-2016 08:07:21	CameraInterface		INFO	Read successful
21-02-2016 08:07:21	Controller		INFO	sending to transmitter
21-02-2016 08:07:21	Transmitter		INFO	pushing into buff
21-02-2016 08:07:21	DataProcessor		INFO	polling
21-02-2016 08:07:21	CameraInterface		INFO	Read successful
21-02-2016 08:07:21	Controller		INFO	sending to transmitter
21-02-2016 08:07:21	Transmitter		INFO	pushing into buff
21-02-2016 08:07:21	DataProcessor		INFO	polling
21-02-2016 08:07:21	CameraInterface		INFO	Read successful
21-02-2016 08:07:21	Controller		INFO	sending to transmitter
21-02-2016 08:07:21	Transmitter		INFO	pushing into buff
21-02-2016 08:07:21	DataProcessor		INFO	polling
21-02-2016 08:07:22	CameraInterface		INFO	Read successful
21-02-2016 08:07:22	Controller		INFO	sending to transmitter
21-02-2016 08:07:22	Transmitter		INFO	pushing into buff
21-02-2016 08:07:22	DataProcessor		INFO	polling
21-02-2016 08:07:22	CameraInterface		INFO	Read successful
21-02-2016 08:07:22	Controller		INFO	sending to transmitter
21-02-2016 08:07:22	Transmitter		INFO	pushing into buff
21-02-2016 08:07:22	DataProcessor		INFO	polling
21-02-2016 08:07:22	CameraInterface		INFO	Read successful
21-02-2016 08:07:22	Controller		INFO	sending to transmitter
21-02-2016 08:07:22	Transmitter		INFO	pushing into buff
21-02-2016 08:07:22	DataProcessor		INFO	polling
21-02-2016 08:07:22	CameraInterface		INFO	Read successful
21-02-2016 08:07:22	Controller		INFO	sending to transmitter
21-02-2016 08:07:22	Transmitter		INFO	pushing into buff
21-02-2016 08:07:22	DataProcessor		INFO	polling
21-02-2016 08:07:23	CameraInterface		INFO	Read successful
21-02-2016 08:07:23	Controller		INFO	sending to transmitter
21-02-2016 08:07:23	Transmitter		INFO	pushing into buff
21-02-2016 08:07:23	DataProcessor		INFO	polling
21-02-2016 08:07:23	CameraInterface		INFO	Read successful
21-02-2016 08:07:23	Controller		INFO	sending to transmitter
21-02-2016 08:07:23	Transmitter		INFO	pushing into buff
21-02-2016 08:07:23	DataProcessor		INFO	polling
21-02-2016 08:07:23	CameraInterface		INFO	Read successful
21-02-2016 08:07:23	Controller		INFO	sending to transmitter
21-02-2016 08:07:23	Transmitter		INFO	pushing into buff
21-02-2016 08:07:23	DataProcessor		INFO	polling
21-02-2016 08:07:23	CameraInterface		INFO	Read successful
21-02-2016 08:07:23	Controller		INFO	sending to transmitter
21-02-2016 08:07:23	Transmitter		INFO	pushing into buff
21-02-2016 08:07:23	DataProcessor		INFO	polling
21-02-2016 08:07:23	Transmitter		INFO	sending string: 1218835
21-02-2016 08:07:24	CameraInterface		INFO	Read successful
21-02-2016 08:07:24	Controller		INFO	sending to transmitter
21-02-2016 08:07:24	Transmitter		INFO	pushing into buff
21-02-2016 08:07:24	DataProcessor		INFO	polling
21-02-2016 08:07:24	CameraInterface		INFO	Read successful
21-02-2016 08:07:24	Controller		INFO	sending to transmitter
21-02-2016 08:07:24	Transmitter		INFO	pushing into buff
21-02-2016 08:07:24	DataProcessor		INFO	polling
21-02-2016 08:07:24	CameraInterface		INFO	Read successful
21-02-2016 08:07:24	Controller		INFO	sending to transmitter
21-02-2016 08:07:24	Transmitter		INFO	pushing into buff
21-02-2016 08:07:24	DataProcessor		INFO	polling
21-02-2016 08:07:25	CameraInterface		INFO	Read successful
21-02-2016 08:07:25	Controller		INFO	sending to transmitter
21-02-2016 08:07:25	Transmitter		INFO	pushing into buff
21-02-2016 08:07:25	DataProcessor		INFO	polling
21-02-2016 08:07:25	Transmitter		INFO	running
21-02-2016 08:07:25	Transmitter		INFO	getting from buffer
21-02-2016 08:07:25	CameraInterface		INFO	Read successful
21-02-2016 08:07:25	Controller		INFO	sending to transmitter
21-02-2016 08:07:25	Transmitter		INFO	pushing into buff
21-02-2016 08:07:25	DataProcessor		INFO	polling
21-02-2016 08:07:25	CameraInterface		INFO	Read successful
21-02-2016 08:07:25	Controller		INFO	sending to transmitter
21-02-2016 08:07:25	Transmitter		INFO	pushing into buff
21-02-2016 08:07:25	DataProcessor		INFO	polling
21-02-2016 08:07:25	CameraInterface		INFO	Read successful
21-02-2016 08:07:25	Controller		INFO	sending to transmitter
21-02-2016 08:07:25	Transmitter		INFO	pushing into buff
21-02-2016 08:07:25	DataProcessor		INFO	polling
21-02-2016 08:07:26	CameraInterface		INFO	Read successful
21-02-2016 08:07:26	Controller		INFO	sending to transmitter
21-02-2016 08:07:26	Transmitter		INFO	pushing into buff
21-02-2016 08:07:26	DataProcessor		INFO	polling
21-02-2016 08:07:26	CameraInterface		INFO	Read successful
21-02-2016 08:07:26	Controller		INFO	sending to transmitter
21-02-2016 08:07:26	Transmitter		INFO	pushing into buff
21-02-2016 08:07:26	DataProcessor		INFO	polling
21-02-2016 08:07:26	CameraInterface		INFO	Read successful
21-02-2016 08:07:26	Controller		INFO	sending to transmitter
21-02-2016 08:07:26	Transmitter		INFO	pushing into buff
21-02-2016 08:07:26	DataProcessor		INFO	polling
21-02-2016 08:07:26	CameraInterface		INFO	Read successful
21-02-2016 08:07:26	Controller		INFO	sending to transmitter
21-02-2016 08:07:26	Transmitter		INFO	pushing into buff
21-02-2016 08:07:26	DataProcessor		INFO	polling
21-02-2016 08:07:26	CameraInterface		INFO	Read successful
21-02-2016 08:07:26	Controller		INFO	sending to transmitter
21-02-2016 08:07:26	Transmitter		INFO	pushing into buff
21-02-2016 08:07:27	DataProcessor		INFO	polling
21-02-2016 08:07:27	CameraInterface		INFO	Read successful
21-02-2016 08:07:27	Controller		INFO	sending to transmitter
21-02-2016 08:07:27	Transmitter		INFO	pushing into buff
21-02-2016 08:07:27	DataProcessor		INFO	polling
21-02-2016 08:07:27	CameraInterface		INFO	Read successful
21-02-2016 08:07:27	Controller		INFO	sending to transmitter
21-02-2016 08:07:27	Transmitter		INFO	pushing into buff
21-02-2016 08:07:27	DataProcessor		INFO	polling
21-02-2016 08:07:27	CameraInterface		INFO	Read successful
21-02-2016 08:07:27	Controller		INFO	sending to transmitter
21-02-2016 08:07:27	Transmitter		INFO	pushing into buff
21-02-2016 08:07:27	DataProcessor		INFO	polling
21-02-2016 08:07:27	CameraInterface		INFO	Read successful
21-02-2016 08:07:27	Controller		INFO	sending to transmitter
21-02-2016 08:07:27	Transmitter		INFO	pushing into buff
21-02-2016 08:07:28	DataProcessor		INFO	polling
21-02-2016 08:07:28	CameraInterface		INFO	Read successful
21-02-2016 08:07:28	Controller		INFO	sending to transmitter
21-02-2016 08:07:28	Transmitter		INFO	pushing into buff
21-02-2016 08:07:28	DataProcessor		INFO	polling
21-02-2016 08:07:28	CameraInterface		INFO	Read successful
21-02-2016 08:07:28	Controller		INFO	sending to transmitter
21-02-2016 08:07:28	Transmitter		INFO	pushing into buff
21-02-2016 08:07:28	DataProcessor		INFO	polling
21-02-2016 08:07:28	CameraInterface		INFO	Read successful
21-02-2016 08:07:28	Controller		INFO	sending to transmitter
21-02-2016 08:07:28	Transmitter		INFO	pushing into buff
21-02-2016 08:07:28	DataProcessor		INFO	polling
21-02-2016 08:07:28	CameraInterface		INFO	Read successful
21-02-2016 08:07:28	Controller		INFO	sending to transmitter
21-02-2016 08:07:28	Transmitter		INFO	pushing into buff
21-02-2016 08:07:28	DataProcessor		INFO	polling
21-02-2016 08:07:29	CameraInterface		INFO	Read successful
21-02-2016 08:07:29	Controller		INFO	sending to transmitter
21-02-2016 08:07:29	Transmitter		INFO	pushing into buff
21-02-2016 08:07:29	DataProcessor		INFO	polling
21-02-2016 08:07:29	CameraInterface		INFO	Read successful
21-02-2016 08:07:29	Controller		INFO	sending to transmitter
21-02-2016 08:07:29	Transmitter		INFO	pushing into buff
21-02-2016 08:07:29	DataProcessor		INFO	polling
21-02-2016 08:07:29	CameraInterface		INFO	Read successful
21-02-2016 08:07:29	Controller		INFO	sending to transmitter
21-02-2016 08:07:29	Transmitter		INFO	pushing into buff
21-02-2016 08:07:29	DataProcessor		INFO	polling
21-02-2016 08:07:29	CameraInterface		INFO	Read successful
21-02-2016 08:07:29	Controller		INFO	sending to transmitter
21-02-2016 08:07:29	Transmitter		INFO	pushing into buff
21-02-2016 08:07:29	DataProcessor		INFO	polling
21-02-2016 08:07:30	CameraInterface		INFO	Read successful
21-02-2016 08:07:30	Controller		INFO	sending to transmitter
21-02-2016 08:07:30	Transmitter		INFO	pushing into buff
21-02-2016 08:07:30	DataProcessor		INFO	polling
21-02-2016 08:07:30	CameraInterface		INFO	Read successful
21-02-2016 08:07:30	Controller		INFO	sending to transmitter
21-02-2016 08:07:30	Transmitter		INFO	pushing into buff
21-02-2016 08:07:30	DataProcessor		INFO	polling
21-02-2016 08:07:30	CameraInterface		INFO	Read successful
21-02-2016 08:07:30	Controller		INFO	sending to transmitter
21-02-2016 08:07:30	Transmitter		INFO	pushing into buff
21-02-2016 08:07:30	DataProcessor		INFO	polling
21-02-2016 08:07:32	CameraInterface		INFO	Read successful
21-02-2016 08:07:32	Controller		INFO	sending to transmitter
21-02-2016 08:07:32	Transmitter		INFO	pushing into buff
21-02-2016 08:07:33	DataProcessor		INFO	polling
21-02-2016 08:07:33	CameraInterface		INFO	Read successful
21-02-2016 08:07:33	Controller		INFO	sending to transmitter
21-02-2016 08:07:33	Transmitter		INFO	pushing into buff
21-02-2016 08:07:33	DataProcessor		INFO	polling
