21-02-2016 08:24:00	Main		TRACE	Logger initialized.
21-02-2016 08:24:00	PropertyReader		TRACE	Opening file: settings/settings.txt
21-02-2016 08:24:00	PropertyReader		INFO	File opened: settings/settings.txt
21-02-2016 08:24:00	PropertyReader		INFO	Loading properties file...
21-02-2016 08:24:00	PropertyReader		INFO	Mapped TRACE to LOGGING_LEVEL
21-02-2016 08:24:00	PropertyReader		INFO	Mapped 100 to CAM_BUFFER_SIZE
21-02-2016 08:24:00	PropertyReader		INFO	Mapped 15 to CAM_POLL_FREQUENCY
21-02-2016 08:24:00	PropertyReader		INFO	Mapped 0 to CAM_INDEX
21-02-2016 08:24:00	PropertyReader		DEBUG	Loaded 4 properties successfully
21-02-2016 08:24:00	Controller		INFO	Constructor controller
21-02-2016 08:24:00	Transmitter		INFO	socket retrieve success
21-02-2016 08:24:00	Transmitter		INFO	binding done
21-02-2016 08:24:00	Transmitter		INFO	done listening
21-02-2016 08:24:06	Transmitter		INFO	accepting
21-02-2016 08:24:06	Main		TRACE	intializing controller
21-02-2016 08:24:06	Controller		INFO	Initializing Controller
21-02-2016 08:24:06	Main		TRACE	initializing dataprocessor
21-02-2016 08:24:06	CameraInterface		INFO	Initializing camera
21-02-2016 08:24:06	CameraInterface		INFO	Opening video capture stream at position 0
21-02-2016 08:24:06	Transmitter		INFO	Starting Receiver Thread execution loop
21-02-2016 08:24:06	Transmitter		INFO	Starting Receiver Thread execution loop
21-02-2016 08:24:06	Receiver		INFO	Starting Receiver Thread execution loop
21-02-2016 08:24:06	Transmitter		INFO	Starting Receiver Thread execution loop
21-02-2016 08:24:06	Receiver		INFO	Starting Receiver Thread execution loop
21-02-2016 08:24:06	ControllerThread		INFO	Starting Controller Thread execution loop
21-02-2016 08:24:06	Transmitter		INFO	running
21-02-2016 08:24:06	Transmitter		INFO	running
21-02-2016 08:24:06	Transmitter		INFO	running
21-02-2016 08:24:06	Transmitter		INFO	running
21-02-2016 08:24:06	Transmitter		INFO	running
21-02-2016 08:24:06	Transmitter		INFO	running
21-02-2016 08:24:06	Transmitter		INFO	running
21-02-2016 08:24:06	Transmitter		INFO	running
21-02-2016 08:24:06	Transmitter		INFO	running
21-02-2016 08:24:06	Transmitter		INFO	running
21-02-2016 08:24:06	Transmitter		INFO	running
21-02-2016 08:24:06	Transmitter		INFO	running
21-02-2016 08:24:06	Transmitter		INFO	running
21-02-2016 08:24:06	Transmitter		INFO	running
21-02-2016 08:24:06	Transmitter		INFO	running
21-02-2016 08:24:06	Transmitter		INFO	running
21-02-2016 08:24:06	Transmitter		INFO	running
21-02-2016 08:24:06	Transmitter		INFO	running
21-02-2016 08:24:06	Transmitter		INFO	running
21-02-2016 08:24:06	Transmitter		INFO	running
21-02-2016 08:24:06	Transmitter		INFO	running
21-02-2016 08:24:06	Transmitter		INFO	running
21-02-2016 08:24:06	Transmitter		INFO	running
21-02-2016 08:24:06	Transmitter		INFO	running
21-02-2016 08:24:06	Transmitter		INFO	running
21-02-2016 08:24:06	Transmitter		INFO	running
21-02-2016 08:24:06	Transmitter		INFO	running
21-02-2016 08:24:06	Transmitter		INFO	running
21-02-2016 08:24:06	Transmitter		INFO	running
21-02-2016 08:24:06	Transmitter		INFO	running
21-02-2016 08:24:06	Transmitter		INFO	running
21-02-2016 08:24:06	Transmitter		INFO	running
21-02-2016 08:24:06	Transmitter		INFO	running
21-02-2016 08:24:06	Transmitter		INFO	running
21-02-2016 08:24:06	Main		TRACE	running controller
21-02-2016 08:24:06	DataProcessor		INFO	polling
21-02-2016 08:24:06	DataProcessor		INFO	polling
21-02-2016 08:24:06	Transmitter		INFO	running
21-02-2016 08:24:06	Transmitter		INFO	running
21-02-2016 08:24:06	Transmitter		INFO	running
21-02-2016 08:24:06	Transmitter		INFO	running
21-02-2016 08:24:06	Transmitter		INFO	running
21-02-2016 08:24:06	Transmitter		INFO	running
21-02-2016 08:24:06	Transmitter		INFO	running
21-02-2016 08:24:06	Transmitter		INFO	running
21-02-2016 08:24:06	Transmitter		INFO	running
21-02-2016 08:24:06	Transmitter		INFO	running
21-02-2016 08:24:06	Transmitter		INFO	running
21-02-2016 08:24:06	Transmitter		INFO	running
21-02-2016 08:24:06	Transmitter		INFO	running
21-02-2016 08:24:06	Transmitter		INFO	running
21-02-2016 08:24:06	Transmitter		INFO	running
21-02-2016 08:24:06	Transmitter		INFO	running
21-02-2016 08:24:06	Transmitter		INFO	running
21-02-2016 08:24:06	Transmitter		INFO	running
21-02-2016 08:24:06	Transmitter		INFO	running
21-02-2016 08:24:06	Transmitter		INFO	running
21-02-2016 08:24:06	Transmitter		INFO	running
21-02-2016 08:24:06	Transmitter		INFO	running
21-02-2016 08:24:06	Transmitter		INFO	running
21-02-2016 08:24:06	Transmitter		INFO	running
21-02-2016 08:24:06	Transmitter		INFO	running
21-02-2016 08:24:06	Transmitter		INFO	running
21-02-2016 08:24:06	Transmitter		INFO	running
21-02-2016 08:24:06	Transmitter		INFO	running
21-02-2016 08:24:06	Transmitter		INFO	running
21-02-2016 08:24:06	Transmitter		INFO	running
21-02-2016 08:24:06	Transmitter		INFO	running
21-02-2016 08:24:06	Transmitter		INFO	running
21-02-2016 08:24:06	Transmitter		INFO	running
21-02-2016 08:24:06	Transmitter		INFO	running
21-02-2016 08:24:06	Transmitter		INFO	running
21-02-2016 08:24:06	Transmitter		INFO	running
21-02-2016 08:24:06	Transmitter		INFO	running
21-02-2016 08:24:06	Transmitter		INFO	running
21-02-2016 08:24:06	Transmitter		INFO	running
21-02-2016 08:24:06	Transmitter		INFO	running
21-02-2016 08:24:06	Transmitter		INFO	running
21-02-2016 08:24:06	Transmitter		INFO	running
21-02-2016 08:24:06	Transmitter		INFO	running
21-02-2016 08:24:06	Transmitter		INFO	running
21-02-2016 08:24:06	Transmitter		INFO	running
21-02-2016 08:24:06	Transmitter		INFO	running
21-02-2016 08:24:06	Transmitter		INFO	running
21-02-2016 08:24:06	Transmitter		INFO	running
21-02-2016 08:24:06	Transmitter		INFO	running
21-02-2016 08:24:06	Transmitter		INFO	running
21-02-2016 08:24:06	Transmitter		INFO	running
21-02-2016 08:24:06	Transmitter		INFO	running
21-02-2016 08:24:06	Transmitter		INFO	running
21-02-2016 08:24:06	Transmitter		INFO	running
21-02-2016 08:24:06	Transmitter		INFO	running
21-02-2016 08:24:06	Transmitter		INFO	running
21-02-2016 08:24:06	Transmitter		INFO	running
21-02-2016 08:24:06	Transmitter		INFO	running
21-02-2016 08:24:06	Transmitter		INFO	running
21-02-2016 08:24:06	Transmitter		INFO	running
21-02-2016 08:24:06	Transmitter		INFO	running
21-02-2016 08:24:06	Transmitter		INFO	running
21-02-2016 08:24:06	Transmitter		INFO	running
21-02-2016 08:24:06	Transmitter		INFO	running
21-02-2016 08:24:06	Transmitter		INFO	running
21-02-2016 08:24:06	Transmitter		INFO	running
21-02-2016 08:24:06	Transmitter		INFO	running
21-02-2016 08:24:06	Transmitter		INFO	running
21-02-2016 08:24:06	Transmitter		INFO	running
21-02-2016 08:24:06	Transmitter		INFO	running
21-02-2016 08:24:06	Transmitter		INFO	running
21-02-2016 08:24:06	Transmitter		INFO	running
21-02-2016 08:24:06	Transmitter		INFO	running
21-02-2016 08:24:06	Transmitter		INFO	running
21-02-2016 08:24:06	Transmitter		INFO	running
21-02-2016 08:24:06	Transmitter		INFO	running
21-02-2016 08:24:06	Transmitter		INFO	running
21-02-2016 08:24:06	Transmitter		INFO	running
21-02-2016 08:24:06	Transmitter		INFO	running
21-02-2016 08:24:06	Transmitter		INFO	running
21-02-2016 08:24:06	Transmitter		INFO	running
21-02-2016 08:24:06	Transmitter		INFO	running
21-02-2016 08:24:07	Transmitter		INFO	running
21-02-2016 08:24:07	Transmitter		INFO	running
21-02-2016 08:24:07	Transmitter		INFO	running
21-02-2016 08:24:07	Transmitter		INFO	running
21-02-2016 08:24:07	Transmitter		INFO	running
21-02-2016 08:24:07	Transmitter		INFO	running
21-02-2016 08:24:07	Transmitter		INFO	running
21-02-2016 08:24:07	Transmitter		INFO	running
21-02-2016 08:24:07	Transmitter		INFO	running
21-02-2016 08:24:07	Transmitter		INFO	running
21-02-2016 08:24:07	Transmitter		INFO	running
21-02-2016 08:24:07	CameraInterface		INFO	Read successful
21-02-2016 08:24:07	Transmitter		INFO	running
21-02-2016 08:24:07	Controller		INFO	sending to transmitter
21-02-2016 08:24:07	Transmitter		INFO	running
21-02-2016 08:24:07	Transmitter		INFO	running
21-02-2016 08:24:07	Transmitter		INFO	running
21-02-2016 08:24:07	Transmitter		INFO	pushing into buff
21-02-2016 08:24:07	DataProcessor		INFO	polling
21-02-2016 08:24:07	Transmitter		INFO	running
21-02-2016 08:24:07	Transmitter		INFO	getting from buffer
21-02-2016 08:24:07	CameraInterface		INFO	Read successful
21-02-2016 08:24:07	Controller		INFO	sending to transmitter
21-02-2016 08:24:07	Transmitter		INFO	pushing into buff
21-02-2016 08:24:07	DataProcessor		INFO	polling
21-02-2016 08:24:07	CameraInterface		INFO	Read successful
21-02-2016 08:24:07	Controller		INFO	sending to transmitter
21-02-2016 08:24:07	Transmitter		INFO	pushing into buff
21-02-2016 08:24:07	DataProcessor		INFO	polling
21-02-2016 08:24:07	CameraInterface		INFO	Read successful
21-02-2016 08:24:07	Controller		INFO	sending to transmitter
21-02-2016 08:24:07	Transmitter		INFO	pushing into buff
21-02-2016 08:24:07	DataProcessor		INFO	polling
21-02-2016 08:24:08	CameraInterface		INFO	Read successful
21-02-2016 08:24:08	Controller		INFO	sending to transmitter
21-02-2016 08:24:08	Transmitter		INFO	pushing into buff
21-02-2016 08:24:08	DataProcessor		INFO	polling
21-02-2016 08:24:08	CameraInterface		INFO	Read successful
21-02-2016 08:24:08	Controller		INFO	sending to transmitter
21-02-2016 08:24:08	Transmitter		INFO	pushing into buff
21-02-2016 08:24:08	DataProcessor		INFO	polling
21-02-2016 08:24:08	CameraInterface		INFO	Read successful
21-02-2016 08:24:08	Controller		INFO	sending to transmitter
21-02-2016 08:24:08	Transmitter		INFO	pushing into buff
21-02-2016 08:24:08	DataProcessor		INFO	polling
21-02-2016 08:24:08	CameraInterface		INFO	Read successful
21-02-2016 08:24:08	Controller		INFO	sending to transmitter
21-02-2016 08:24:08	Transmitter		INFO	pushing into buff
21-02-2016 08:24:08	DataProcessor		INFO	polling
21-02-2016 08:24:08	CameraInterface		INFO	Read successful
21-02-2016 08:24:09	Controller		INFO	sending to transmitter
21-02-2016 08:24:09	Transmitter		INFO	pushing into buff
21-02-2016 08:24:09	DataProcessor		INFO	polling
21-02-2016 08:24:09	CameraInterface		INFO	Read successful
21-02-2016 08:24:09	Controller		INFO	sending to transmitter
21-02-2016 08:24:09	Transmitter		INFO	pushing into buff
21-02-2016 08:24:09	DataProcessor		INFO	polling
21-02-2016 08:24:09	CameraInterface		INFO	Read successful
21-02-2016 08:24:09	Controller		INFO	sending to transmitter
21-02-2016 08:24:09	Transmitter		INFO	pushing into buff
21-02-2016 08:24:09	DataProcessor		INFO	polling
21-02-2016 08:24:09	CameraInterface		INFO	Read successful
21-02-2016 08:24:09	Controller		INFO	sending to transmitter
21-02-2016 08:24:09	Transmitter		INFO	pushing into buff
21-02-2016 08:24:09	DataProcessor		INFO	polling
21-02-2016 08:24:09	CameraInterface		INFO	Read successful
21-02-2016 08:24:09	Controller		INFO	sending to transmitter
21-02-2016 08:24:09	Transmitter		INFO	pushing into buff
21-02-2016 08:24:09	DataProcessor		INFO	polling
21-02-2016 08:24:10	CameraInterface		INFO	Read successful
21-02-2016 08:24:10	Controller		INFO	sending to transmitter
21-02-2016 08:24:10	Transmitter		INFO	pushing into buff
21-02-2016 08:24:10	DataProcessor		INFO	polling
21-02-2016 08:24:10	CameraInterface		INFO	Read successful
21-02-2016 08:24:10	Controller		INFO	sending to transmitter
21-02-2016 08:24:10	Transmitter		INFO	pushing into buff
21-02-2016 08:24:10	DataProcessor		INFO	polling
21-02-2016 08:24:10	CameraInterface		INFO	Read successful
21-02-2016 08:24:10	Controller		INFO	sending to transmitter
21-02-2016 08:24:10	Transmitter		INFO	pushing into buff
21-02-2016 08:24:10	DataProcessor		INFO	polling
21-02-2016 08:24:10	CameraInterface		INFO	Read successful
21-02-2016 08:24:10	Controller		INFO	sending to transmitter
21-02-2016 08:24:10	Transmitter		INFO	pushing into buff
21-02-2016 08:24:10	DataProcessor		INFO	polling
21-02-2016 08:24:10	CameraInterface		INFO	Read successful
21-02-2016 08:24:10	Controller		INFO	sending to transmitter
21-02-2016 08:24:10	Transmitter		INFO	pushing into buff
21-02-2016 08:24:10	DataProcessor		INFO	polling
21-02-2016 08:24:11	CameraInterface		INFO	Read successful
21-02-2016 08:24:11	Controller		INFO	sending to transmitter
21-02-2016 08:24:11	Transmitter		INFO	pushing into buff
21-02-2016 08:24:11	DataProcessor		INFO	polling
21-02-2016 08:24:11	CameraInterface		INFO	Read successful
21-02-2016 08:24:11	Controller		INFO	sending to transmitter
21-02-2016 08:24:11	Transmitter		INFO	pushing into buff
21-02-2016 08:24:11	DataProcessor		INFO	polling
21-02-2016 08:24:11	CameraInterface		INFO	Read successful
21-02-2016 08:24:11	Controller		INFO	sending to transmitter
21-02-2016 08:24:11	Transmitter		INFO	pushing into buff
21-02-2016 08:24:11	DataProcessor		INFO	polling
21-02-2016 08:24:11	CameraInterface		INFO	Read successful
21-02-2016 08:24:11	Controller		INFO	sending to transmitter
21-02-2016 08:24:11	Transmitter		INFO	pushing into buff
21-02-2016 08:24:11	DataProcessor		INFO	polling
21-02-2016 08:24:11	CameraInterface		INFO	Read successful
21-02-2016 08:24:11	Controller		INFO	sending to transmitter
21-02-2016 08:24:11	Transmitter		INFO	pushing into buff
21-02-2016 08:24:11	DataProcessor		INFO	polling
21-02-2016 08:24:12	CameraInterface		INFO	Read successful
21-02-2016 08:24:12	Controller		INFO	sending to transmitter
21-02-2016 08:24:12	Transmitter		INFO	pushing into buff
21-02-2016 08:24:12	DataProcessor		INFO	polling
21-02-2016 08:24:12	Transmitter		INFO	sending string: 93166
21-02-2016 08:24:12	CameraInterface		INFO	Read successful
21-02-2016 08:24:12	Controller		INFO	sending to transmitter
21-02-2016 08:24:12	Transmitter		INFO	running
21-02-2016 08:24:12	Transmitter		INFO	getting from buffer
21-02-2016 08:24:12	Transmitter		INFO	pushing into buff
21-02-2016 08:24:12	DataProcessor		INFO	polling
21-02-2016 08:24:12	CameraInterface		INFO	Read successful
21-02-2016 08:24:12	Controller		INFO	sending to transmitter
21-02-2016 08:24:12	Transmitter		INFO	pushing into buff
21-02-2016 08:24:12	DataProcessor		INFO	polling
21-02-2016 08:24:12	CameraInterface		INFO	Read successful
21-02-2016 08:24:12	Controller		INFO	sending to transmitter
21-02-2016 08:24:12	Transmitter		INFO	pushing into buff
21-02-2016 08:24:12	DataProcessor		INFO	polling
21-02-2016 08:24:13	CameraInterface		INFO	Read successful
21-02-2016 08:24:13	Controller		INFO	sending to transmitter
21-02-2016 08:24:13	Transmitter		INFO	pushing into buff
21-02-2016 08:24:13	DataProcessor		INFO	polling
21-02-2016 08:24:13	CameraInterface		INFO	Read successful
21-02-2016 08:24:13	Controller		INFO	sending to transmitter
21-02-2016 08:24:13	Transmitter		INFO	pushing into buff
21-02-2016 08:24:13	DataProcessor		INFO	polling
21-02-2016 08:24:13	CameraInterface		INFO	Read successful
21-02-2016 08:24:13	Controller		INFO	sending to transmitter
21-02-2016 08:24:13	Transmitter		INFO	pushing into buff
21-02-2016 08:24:13	DataProcessor		INFO	polling
21-02-2016 08:24:13	CameraInterface		INFO	Read successful
21-02-2016 08:24:13	Controller		INFO	sending to transmitter
21-02-2016 08:24:13	Transmitter		INFO	pushing into buff
21-02-2016 08:24:13	DataProcessor		INFO	polling
21-02-2016 08:24:13	CameraInterface		INFO	Read successful
21-02-2016 08:24:13	Controller		INFO	sending to transmitter
21-02-2016 08:24:13	Transmitter		INFO	pushing into buff
21-02-2016 08:24:13	DataProcessor		INFO	polling
21-02-2016 08:24:14	CameraInterface		INFO	Read successful
21-02-2016 08:24:14	Controller		INFO	sending to transmitter
21-02-2016 08:24:14	Transmitter		INFO	pushing into buff
21-02-2016 08:24:14	DataProcessor		INFO	polling
21-02-2016 08:24:14	CameraInterface		INFO	Read successful
21-02-2016 08:24:14	Controller		INFO	sending to transmitter
21-02-2016 08:24:14	Transmitter		INFO	pushing into buff
21-02-2016 08:24:14	DataProcessor		INFO	polling
21-02-2016 08:24:14	CameraInterface		INFO	Read successful
21-02-2016 08:24:14	Controller		INFO	sending to transmitter
21-02-2016 08:24:14	Transmitter		INFO	pushing into buff
21-02-2016 08:24:14	DataProcessor		INFO	polling
21-02-2016 08:24:14	CameraInterface		INFO	Read successful
21-02-2016 08:24:14	Controller		INFO	sending to transmitter
21-02-2016 08:24:14	Transmitter		INFO	pushing into buff
21-02-2016 08:24:14	DataProcessor		INFO	polling
21-02-2016 08:24:14	CameraInterface		INFO	Read successful
21-02-2016 08:24:14	Controller		INFO	sending to transmitter
21-02-2016 08:24:14	Transmitter		INFO	pushing into buff
21-02-2016 08:24:14	DataProcessor		INFO	polling
21-02-2016 08:24:15	CameraInterface		INFO	Read successful
21-02-2016 08:24:15	Controller		INFO	sending to transmitter
21-02-2016 08:24:15	Transmitter		INFO	pushing into buff
21-02-2016 08:24:15	DataProcessor		INFO	polling
21-02-2016 08:24:15	CameraInterface		INFO	Read successful
21-02-2016 08:24:15	Controller		INFO	sending to transmitter
21-02-2016 08:24:15	Transmitter		INFO	pushing into buff
21-02-2016 08:24:15	DataProcessor		INFO	polling
21-02-2016 08:24:15	CameraInterface		INFO	Read successful
21-02-2016 08:24:15	Controller		INFO	sending to transmitter
21-02-2016 08:24:15	Transmitter		INFO	pushing into buff
21-02-2016 08:24:15	DataProcessor		INFO	polling
21-02-2016 08:24:15	CameraInterface		INFO	Read successful
21-02-2016 08:24:15	Controller		INFO	sending to transmitter
21-02-2016 08:24:15	Transmitter		INFO	pushing into buff
21-02-2016 08:24:15	DataProcessor		INFO	polling
21-02-2016 08:24:16	CameraInterface		INFO	Read successful
21-02-2016 08:24:16	Controller		INFO	sending to transmitter
21-02-2016 08:24:16	Transmitter		INFO	pushing into buff
21-02-2016 08:24:16	DataProcessor		INFO	polling
21-02-2016 08:24:16	CameraInterface		INFO	Read successful
21-02-2016 08:24:16	Controller		INFO	sending to transmitter
21-02-2016 08:24:16	Transmitter		INFO	pushing into buff
21-02-2016 08:24:16	DataProcessor		INFO	polling
21-02-2016 08:24:16	CameraInterface		INFO	Read successful
21-02-2016 08:24:16	Controller		INFO	sending to transmitter
21-02-2016 08:24:16	Transmitter		INFO	pushing into buff
21-02-2016 08:24:16	DataProcessor		INFO	polling
21-02-2016 08:24:16	CameraInterface		INFO	Read successful
21-02-2016 08:24:16	Controller		INFO	sending to transmitter
21-02-2016 08:24:16	Transmitter		INFO	pushing into buff
21-02-2016 08:24:16	DataProcessor		INFO	polling
21-02-2016 08:24:17	CameraInterface		INFO	Read successful
21-02-2016 08:24:17	Controller		INFO	sending to transmitter
21-02-2016 08:24:17	Transmitter		INFO	pushing into buff
21-02-2016 08:24:17	DataProcessor		INFO	polling
21-02-2016 08:24:17	CameraInterface		INFO	Read successful
21-02-2016 08:24:17	Controller		INFO	sending to transmitter
21-02-2016 08:24:17	Transmitter		INFO	pushing into buff
21-02-2016 08:24:17	DataProcessor		INFO	polling
21-02-2016 08:24:17	CameraInterface		INFO	Read successful
21-02-2016 08:24:17	Controller		INFO	sending to transmitter
21-02-2016 08:24:17	Transmitter		INFO	pushing into buff
21-02-2016 08:24:17	DataProcessor		INFO	polling
21-02-2016 08:24:17	CameraInterface		INFO	Read successful
21-02-2016 08:24:17	Controller		INFO	sending to transmitter
21-02-2016 08:24:17	Transmitter		INFO	pushing into buff
21-02-2016 08:24:17	DataProcessor		INFO	polling
21-02-2016 08:24:18	CameraInterface		INFO	Read successful
21-02-2016 08:24:18	Controller		INFO	sending to transmitter
21-02-2016 08:24:18	Transmitter		INFO	pushing into buff
21-02-2016 08:24:18	DataProcessor		INFO	polling
21-02-2016 08:24:18	CameraInterface		INFO	Read successful
21-02-2016 08:24:18	Controller		INFO	sending to transmitter
21-02-2016 08:24:18	Transmitter		INFO	pushing into buff
21-02-2016 08:24:18	DataProcessor		INFO	polling
21-02-2016 08:24:18	CameraInterface		INFO	Read successful
21-02-2016 08:24:18	Controller		INFO	sending to transmitter
21-02-2016 08:24:18	Transmitter		INFO	pushing into buff
21-02-2016 08:24:18	DataProcessor		INFO	polling
21-02-2016 08:24:18	CameraInterface		INFO	Read successful
21-02-2016 08:24:18	Controller		INFO	sending to transmitter
21-02-2016 08:24:18	Transmitter		INFO	pushing into buff
21-02-2016 08:24:19	DataProcessor		INFO	polling
21-02-2016 08:24:19	CameraInterface		INFO	Read successful
21-02-2016 08:24:19	Controller		INFO	sending to transmitter
21-02-2016 08:24:19	Transmitter		INFO	pushing into buff
21-02-2016 08:24:19	DataProcessor		INFO	polling
21-02-2016 08:24:19	CameraInterface		INFO	Read successful
21-02-2016 08:24:19	Controller		INFO	sending to transmitter
21-02-2016 08:24:19	Transmitter		INFO	pushing into buff
21-02-2016 08:24:19	DataProcessor		INFO	polling
21-02-2016 08:24:19	CameraInterface		INFO	Read successful
21-02-2016 08:24:19	Controller		INFO	sending to transmitter
21-02-2016 08:24:19	Transmitter		INFO	pushing into buff
21-02-2016 08:24:19	DataProcessor		INFO	polling
21-02-2016 08:24:19	CameraInterface		INFO	Read successful
21-02-2016 08:24:19	Controller		INFO	sending to transmitter
21-02-2016 08:24:19	Transmitter		INFO	pushing into buff
21-02-2016 08:24:19	DataProcessor		INFO	polling
21-02-2016 08:24:20	CameraInterface		INFO	Read successful
21-02-2016 08:24:20	Controller		INFO	sending to transmitter
21-02-2016 08:24:20	Transmitter		INFO	pushing into buff
21-02-2016 08:24:20	DataProcessor		INFO	polling
21-02-2016 08:24:20	CameraInterface		INFO	Read successful
21-02-2016 08:24:20	Controller		INFO	sending to transmitter
21-02-2016 08:24:20	Transmitter		INFO	pushing into buff
21-02-2016 08:24:20	DataProcessor		INFO	polling
21-02-2016 08:24:20	CameraInterface		INFO	Read successful
21-02-2016 08:24:20	Controller		INFO	sending to transmitter
21-02-2016 08:24:20	Transmitter		INFO	pushing into buff
21-02-2016 08:24:20	DataProcessor		INFO	polling
21-02-2016 08:24:20	Transmitter		INFO	sending string: 1191519
21-02-2016 08:24:20	CameraInterface		INFO	Read successful
21-02-2016 08:24:20	Controller		INFO	sending to transmitter
21-02-2016 08:24:21	Transmitter		INFO	pushing into buff
21-02-2016 08:24:21	DataProcessor		INFO	polling
21-02-2016 08:24:21	CameraInterface		INFO	Read successful
21-02-2016 08:24:21	Controller		INFO	sending to transmitter
21-02-2016 08:24:21	Transmitter		INFO	pushing into buff
21-02-2016 08:24:21	DataProcessor		INFO	polling
21-02-2016 08:24:21	CameraInterface		INFO	Read successful
21-02-2016 08:24:21	Controller		INFO	sending to transmitter
21-02-2016 08:24:21	Transmitter		INFO	pushing into buff
21-02-2016 08:24:21	DataProcessor		INFO	polling
21-02-2016 08:24:21	CameraInterface		INFO	Read successful
21-02-2016 08:24:21	Controller		INFO	sending to transmitter
21-02-2016 08:24:21	Transmitter		INFO	pushing into buff
21-02-2016 08:24:21	DataProcessor		INFO	polling
21-02-2016 08:24:21	CameraInterface		INFO	Read successful
21-02-2016 08:24:22	Controller		INFO	sending to transmitter
21-02-2016 08:24:22	Transmitter		INFO	pushing into buff
21-02-2016 08:24:22	DataProcessor		INFO	polling
21-02-2016 08:24:22	CameraInterface		INFO	Read successful
21-02-2016 08:24:22	Controller		INFO	sending to transmitter
21-02-2016 08:24:22	Transmitter		INFO	pushing into buff
21-02-2016 08:24:22	DataProcessor		INFO	polling
21-02-2016 08:24:22	Transmitter		INFO	running
21-02-2016 08:24:22	Transmitter		INFO	getting from buffer
21-02-2016 08:24:22	CameraInterface		INFO	Read successful
21-02-2016 08:24:22	Controller		INFO	sending to transmitter
21-02-2016 08:24:22	Transmitter		INFO	pushing into buff
21-02-2016 08:24:22	DataProcessor		INFO	polling
21-02-2016 08:24:22	CameraInterface		INFO	Read successful
21-02-2016 08:24:22	Controller		INFO	sending to transmitter
21-02-2016 08:24:22	Transmitter		INFO	pushing into buff
21-02-2016 08:24:22	DataProcessor		INFO	polling
21-02-2016 08:24:22	CameraInterface		INFO	Read successful
21-02-2016 08:24:22	Controller		INFO	sending to transmitter
21-02-2016 08:24:22	Transmitter		INFO	pushing into buff
21-02-2016 08:24:22	DataProcessor		INFO	polling
21-02-2016 08:24:23	CameraInterface		INFO	Read successful
21-02-2016 08:24:23	Controller		INFO	sending to transmitter
21-02-2016 08:24:23	Transmitter		INFO	pushing into buff
21-02-2016 08:24:23	DataProcessor		INFO	polling
21-02-2016 08:24:23	CameraInterface		INFO	Read successful
21-02-2016 08:24:23	Controller		INFO	sending to transmitter
21-02-2016 08:24:23	Transmitter		INFO	pushing into buff
21-02-2016 08:24:23	DataProcessor		INFO	polling
21-02-2016 08:24:23	CameraInterface		INFO	Read successful
21-02-2016 08:24:23	Controller		INFO	sending to transmitter
21-02-2016 08:24:23	Transmitter		INFO	pushing into buff
21-02-2016 08:24:23	DataProcessor		INFO	polling
21-02-2016 08:24:23	CameraInterface		INFO	Read successful
21-02-2016 08:24:23	Controller		INFO	sending to transmitter
21-02-2016 08:24:23	Transmitter		INFO	pushing into buff
21-02-2016 08:24:23	DataProcessor		INFO	polling
21-02-2016 08:24:24	CameraInterface		INFO	Read successful
21-02-2016 08:24:24	Controller		INFO	sending to transmitter
21-02-2016 08:24:24	Transmitter		INFO	pushing into buff
21-02-2016 08:24:24	DataProcessor		INFO	polling
21-02-2016 08:24:24	CameraInterface		INFO	Read successful
21-02-2016 08:24:24	Controller		INFO	sending to transmitter
21-02-2016 08:24:24	Transmitter		INFO	pushing into buff
21-02-2016 08:24:24	DataProcessor		INFO	polling
21-02-2016 08:24:24	CameraInterface		INFO	Read successful
21-02-2016 08:24:24	Controller		INFO	sending to transmitter
21-02-2016 08:24:24	Transmitter		INFO	pushing into buff
21-02-2016 08:24:24	DataProcessor		INFO	polling
21-02-2016 08:24:24	CameraInterface		INFO	Read successful
21-02-2016 08:24:24	Controller		INFO	sending to transmitter
21-02-2016 08:24:24	Transmitter		INFO	pushing into buff
21-02-2016 08:24:24	DataProcessor		INFO	polling
21-02-2016 08:24:24	CameraInterface		INFO	Read successful
21-02-2016 08:24:24	Controller		INFO	sending to transmitter
21-02-2016 08:24:25	Transmitter		INFO	pushing into buff
21-02-2016 08:24:25	DataProcessor		INFO	polling
