20-02-2016 10:28:26	Main		TRACE	Logger initialized.
20-02-2016 10:28:26	PropertyReader		TRACE	Opening file: settings/settings.txt
20-02-2016 10:28:26	PropertyReader		INFO	File opened: settings/settings.txt
20-02-2016 10:28:26	PropertyReader		INFO	Loading properties file...
20-02-2016 10:28:26	PropertyReader		INFO	Mapped TRACE to LOGGING_LEVEL
20-02-2016 10:28:26	PropertyReader		INFO	Mapped 100 to CAM_BUFFER_SIZE
20-02-2016 10:28:26	PropertyReader		INFO	Mapped 15 to CAM_POLL_FREQUENCY
20-02-2016 10:28:26	PropertyReader		INFO	Mapped 0 to CAM_INDEX
20-02-2016 10:28:26	PropertyReader		DEBUG	Loaded 4 properties successfully
20-02-2016 10:28:26	Controller		INFO	Constructor controller
20-02-2016 10:28:26	Transmitter		INFO	socket retrieve success
20-02-2016 10:28:26	Transmitter		INFO	binding done
20-02-2016 10:28:26	Transmitter		INFO	done listening
20-02-2016 10:30:00	Transmitter		INFO	accepting
20-02-2016 10:30:00	Main		TRACE	intializing controller
20-02-2016 10:30:00	Controller		INFO	Initializing Controller
20-02-2016 10:30:00	Main		TRACE	initializing dataprocessor
20-02-2016 10:30:00	CameraInterface		INFO	Initializing camera
20-02-2016 10:30:00	CameraInterface		INFO	Opening video capture stream at position 0
20-02-2016 10:30:00	Receiver		INFO	Starting Receiver Thread execution loop
20-02-2016 10:30:00	ControllerThread		INFO	Starting Controller Thread execution loop
20-02-2016 10:30:00	ControllerThread		INFO	Starting Controller Thread execution loop
20-02-2016 10:30:00	Transmitter		INFO	Starting Receiver Thread execution loop
20-02-2016 10:30:00	Transmitter		INFO	running
20-02-2016 10:30:00	Transmitter		INFO	running
20-02-2016 10:30:00	Transmitter		INFO	running
20-02-2016 10:30:00	Transmitter		INFO	running
20-02-2016 10:30:00	Transmitter		INFO	running
20-02-2016 10:30:00	Transmitter		INFO	running
20-02-2016 10:30:00	Transmitter		INFO	running
20-02-2016 10:30:00	Transmitter		INFO	running
20-02-2016 10:30:00	Transmitter		INFO	running
20-02-2016 10:30:00	Transmitter		INFO	running
20-02-2016 10:30:00	Transmitter		INFO	running
20-02-2016 10:30:00	Transmitter		INFO	running
20-02-2016 10:30:00	Transmitter		INFO	running
20-02-2016 10:30:00	Transmitter		INFO	running
20-02-2016 10:30:00	Transmitter		INFO	running
20-02-2016 10:30:00	Transmitter		INFO	running
20-02-2016 10:30:00	Transmitter		INFO	running
20-02-2016 10:30:00	Transmitter		INFO	running
20-02-2016 10:30:00	Transmitter		INFO	running
20-02-2016 10:30:00	Transmitter		INFO	running
20-02-2016 10:30:00	Transmitter		INFO	running
20-02-2016 10:30:00	Transmitter		INFO	running
20-02-2016 10:30:00	Transmitter		INFO	running
20-02-2016 10:30:00	Transmitter		INFO	running
20-02-2016 10:30:00	Transmitter		INFO	running
20-02-2016 10:30:00	Transmitter		INFO	running
20-02-2016 10:30:00	Transmitter		INFO	running
20-02-2016 10:30:00	Transmitter		INFO	running
20-02-2016 10:30:00	Transmitter		INFO	running
20-02-2016 10:30:00	Transmitter		INFO	running
20-02-2016 10:30:00	Main		TRACE	running controller
20-02-2016 10:30:00	DataProcessor		INFO	polling
20-02-2016 10:30:00	Transmitter		INFO	running
20-02-2016 10:30:00	Transmitter		INFO	running
20-02-2016 10:30:00	Transmitter		INFO	running
20-02-2016 10:30:00	Transmitter		INFO	running
20-02-2016 10:30:00	Transmitter		INFO	running
20-02-2016 10:30:00	Transmitter		INFO	running
20-02-2016 10:30:00	Transmitter		INFO	running
20-02-2016 10:30:00	Transmitter		INFO	running
20-02-2016 10:30:00	Transmitter		INFO	running
20-02-2016 10:30:00	Transmitter		INFO	running
20-02-2016 10:30:00	Transmitter		INFO	running
20-02-2016 10:30:00	Transmitter		INFO	running
20-02-2016 10:30:00	Transmitter		INFO	running
20-02-2016 10:30:00	Transmitter		INFO	running
20-02-2016 10:30:00	Transmitter		INFO	running
20-02-2016 10:30:00	Transmitter		INFO	running
20-02-2016 10:30:00	Transmitter		INFO	running
20-02-2016 10:30:00	Transmitter		INFO	running
20-02-2016 10:30:00	Transmitter		INFO	running
20-02-2016 10:30:00	Transmitter		INFO	running
20-02-2016 10:30:00	Transmitter		INFO	running
20-02-2016 10:30:00	Transmitter		INFO	running
20-02-2016 10:30:00	Transmitter		INFO	running
20-02-2016 10:30:00	Transmitter		INFO	running
20-02-2016 10:30:00	Transmitter		INFO	running
20-02-2016 10:30:00	Transmitter		INFO	running
20-02-2016 10:30:00	Transmitter		INFO	running
20-02-2016 10:30:00	Transmitter		INFO	running
20-02-2016 10:30:00	Transmitter		INFO	running
20-02-2016 10:30:00	Transmitter		INFO	running
20-02-2016 10:30:00	Transmitter		INFO	running
20-02-2016 10:30:00	Transmitter		INFO	running
20-02-2016 10:30:00	Transmitter		INFO	running
20-02-2016 10:30:00	Transmitter		INFO	running
20-02-2016 10:30:00	Transmitter		INFO	running
20-02-2016 10:30:00	Transmitter		INFO	running
20-02-2016 10:30:00	Transmitter		INFO	running
20-02-2016 10:30:00	Transmitter		INFO	running
20-02-2016 10:30:00	Transmitter		INFO	running
20-02-2016 10:30:00	Transmitter		INFO	running
20-02-2016 10:30:00	Transmitter		INFO	running
20-02-2016 10:30:00	Transmitter		INFO	running
20-02-2016 10:30:01	Transmitter		INFO	running
20-02-2016 10:30:01	Transmitter		INFO	running
20-02-2016 10:30:01	Transmitter		INFO	running
20-02-2016 10:30:01	Transmitter		INFO	running
20-02-2016 10:30:01	Transmitter		INFO	running
20-02-2016 10:30:01	Transmitter		INFO	running
20-02-2016 10:30:01	Transmitter		INFO	running
20-02-2016 10:30:01	Transmitter		INFO	running
20-02-2016 10:30:01	Transmitter		INFO	running
20-02-2016 10:30:01	Transmitter		INFO	running
20-02-2016 10:30:01	Transmitter		INFO	running
20-02-2016 10:30:01	Transmitter		INFO	running
20-02-2016 10:30:01	Transmitter		INFO	running
20-02-2016 10:30:01	Transmitter		INFO	running
20-02-2016 10:30:01	Transmitter		INFO	running
20-02-2016 10:30:01	Transmitter		INFO	running
20-02-2016 10:30:01	Transmitter		INFO	running
20-02-2016 10:30:01	Transmitter		INFO	running
20-02-2016 10:30:01	Transmitter		INFO	running
20-02-2016 10:30:01	Transmitter		INFO	running
20-02-2016 10:30:01	Transmitter		INFO	running
20-02-2016 10:30:01	Transmitter		INFO	running
20-02-2016 10:30:01	Transmitter		INFO	running
20-02-2016 10:30:01	Transmitter		INFO	running
20-02-2016 10:30:01	Transmitter		INFO	running
20-02-2016 10:30:01	Transmitter		INFO	running
20-02-2016 10:30:01	Transmitter		INFO	running
20-02-2016 10:30:01	Transmitter		INFO	running
20-02-2016 10:30:01	Transmitter		INFO	running
20-02-2016 10:30:01	Transmitter		INFO	running
20-02-2016 10:30:01	Transmitter		INFO	running
20-02-2016 10:30:01	Transmitter		INFO	running
20-02-2016 10:30:01	Transmitter		INFO	running
20-02-2016 10:30:01	Transmitter		INFO	running
20-02-2016 10:30:01	Transmitter		INFO	running
20-02-2016 10:30:01	Transmitter		INFO	running
20-02-2016 10:30:01	Transmitter		INFO	running
20-02-2016 10:30:01	Transmitter		INFO	running
20-02-2016 10:30:01	Transmitter		INFO	running
20-02-2016 10:30:01	Transmitter		INFO	running
20-02-2016 10:30:01	Transmitter		INFO	running
20-02-2016 10:30:01	Transmitter		INFO	running
20-02-2016 10:30:01	Transmitter		INFO	running
20-02-2016 10:30:01	Transmitter		INFO	running
20-02-2016 10:30:01	Transmitter		INFO	running
20-02-2016 10:30:01	Transmitter		INFO	running
20-02-2016 10:30:01	Transmitter		INFO	running
20-02-2016 10:30:01	Transmitter		INFO	running
20-02-2016 10:30:01	Transmitter		INFO	running
20-02-2016 10:30:01	Transmitter		INFO	running
20-02-2016 10:30:01	Transmitter		INFO	running
20-02-2016 10:30:01	Transmitter		INFO	running
20-02-2016 10:30:01	Transmitter		INFO	running
20-02-2016 10:30:01	Transmitter		INFO	running
20-02-2016 10:30:01	Transmitter		INFO	running
20-02-2016 10:30:01	Transmitter		INFO	running
20-02-2016 10:30:01	Transmitter		INFO	running
20-02-2016 10:30:01	Transmitter		INFO	running
20-02-2016 10:30:01	Transmitter		INFO	running
20-02-2016 10:30:01	CameraInterface		INFO	Read successful
20-02-2016 10:30:01	Transmitter		INFO	running
20-02-2016 10:30:01	Transmitter		INFO	running
20-02-2016 10:30:01	Transmitter		INFO	running
20-02-2016 10:30:01	Transmitter		INFO	running
20-02-2016 10:30:01	Transmitter		INFO	running
20-02-2016 10:30:01	Controller		INFO	sending to transmitter
20-02-2016 10:30:01	Transmitter		INFO	running
20-02-2016 10:30:01	Transmitter		INFO	pushing into buff
20-02-2016 10:30:01	DataProcessor		INFO	polling
20-02-2016 10:30:01	Transmitter		INFO	running
20-02-2016 10:30:01	Transmitter		INFO	getting from buffer
20-02-2016 10:30:01	CameraInterface		INFO	Read successful
20-02-2016 10:30:01	Controller		INFO	sending to transmitter
20-02-2016 10:30:01	Transmitter		INFO	pushing into buff
20-02-2016 10:30:01	DataProcessor		INFO	polling
20-02-2016 10:30:02	CameraInterface		INFO	Read successful
20-02-2016 10:30:02	Controller		INFO	sending to transmitter
20-02-2016 10:30:02	Transmitter		INFO	pushing into buff
20-02-2016 10:30:02	DataProcessor		INFO	polling
20-02-2016 10:30:02	CameraInterface		INFO	Read successful
20-02-2016 10:30:02	Controller		INFO	sending to transmitter
20-02-2016 10:30:02	Transmitter		INFO	pushing into buff
20-02-2016 10:30:02	DataProcessor		INFO	polling
20-02-2016 10:30:02	CameraInterface		INFO	Read successful
20-02-2016 10:30:02	Controller		INFO	sending to transmitter
20-02-2016 10:30:02	Transmitter		INFO	pushing into buff
20-02-2016 10:30:02	DataProcessor		INFO	polling
20-02-2016 10:30:02	CameraInterface		INFO	Read successful
20-02-2016 10:30:02	Controller		INFO	sending to transmitter
20-02-2016 10:30:02	Transmitter		INFO	pushing into buff
20-02-2016 10:30:02	DataProcessor		INFO	polling
20-02-2016 10:30:03	CameraInterface		INFO	Read successful
20-02-2016 10:30:03	Controller		INFO	sending to transmitter
20-02-2016 10:30:03	Transmitter		INFO	pushing into buff
20-02-2016 10:30:03	DataProcessor		INFO	polling
20-02-2016 10:30:03	CameraInterface		INFO	Read successful
20-02-2016 10:30:03	Controller		INFO	sending to transmitter
20-02-2016 10:30:03	Transmitter		INFO	pushing into buff
20-02-2016 10:30:03	DataProcessor		INFO	polling
20-02-2016 10:30:03	CameraInterface		INFO	Read successful
20-02-2016 10:30:03	Controller		INFO	sending to transmitter
20-02-2016 10:30:03	Transmitter		INFO	pushing into buff
20-02-2016 10:30:03	DataProcessor		INFO	polling
20-02-2016 10:30:03	CameraInterface		INFO	Read successful
20-02-2016 10:30:03	Controller		INFO	sending to transmitter
20-02-2016 10:30:03	Transmitter		INFO	pushing into buff
20-02-2016 10:30:03	DataProcessor		INFO	polling
20-02-2016 10:30:04	CameraInterface		INFO	Read successful
20-02-2016 10:30:04	Controller		INFO	sending to transmitter
20-02-2016 10:30:04	Transmitter		INFO	pushing into buff
20-02-2016 10:30:04	DataProcessor		INFO	polling
20-02-2016 10:30:04	CameraInterface		INFO	Read successful
20-02-2016 10:30:04	Controller		INFO	sending to transmitter
20-02-2016 10:30:04	Transmitter		INFO	pushing into buff
20-02-2016 10:30:04	DataProcessor		INFO	polling
20-02-2016 10:30:04	CameraInterface		INFO	Read successful
20-02-2016 10:30:04	Controller		INFO	sending to transmitter
20-02-2016 10:30:04	Transmitter		INFO	pushing into buff
20-02-2016 10:30:04	DataProcessor		INFO	polling
20-02-2016 10:30:04	CameraInterface		INFO	Read successful
20-02-2016 10:30:04	Controller		INFO	sending to transmitter
20-02-2016 10:30:04	Transmitter		INFO	pushing into buff
20-02-2016 10:30:04	DataProcessor		INFO	polling
20-02-2016 10:30:05	CameraInterface		INFO	Read successful
20-02-2016 10:30:05	Controller		INFO	sending to transmitter
20-02-2016 10:30:05	Transmitter		INFO	pushing into buff
20-02-2016 10:30:05	DataProcessor		INFO	polling
20-02-2016 10:30:05	CameraInterface		INFO	Read successful
20-02-2016 10:30:05	Controller		INFO	sending to transmitter
20-02-2016 10:30:05	Transmitter		INFO	pushing into buff
20-02-2016 10:30:05	DataProcessor		INFO	polling
20-02-2016 10:30:05	CameraInterface		INFO	Read successful
20-02-2016 10:30:05	Controller		INFO	sending to transmitter
20-02-2016 10:30:05	Transmitter		INFO	pushing into buff
20-02-2016 10:30:05	DataProcessor		INFO	polling
20-02-2016 10:30:05	CameraInterface		INFO	Read successful
20-02-2016 10:30:05	Controller		INFO	sending to transmitter
20-02-2016 10:30:05	Transmitter		INFO	pushing into buff
20-02-2016 10:30:05	DataProcessor		INFO	polling
20-02-2016 10:30:06	CameraInterface		INFO	Read successful
20-02-2016 10:30:06	Controller		INFO	sending to transmitter
20-02-2016 10:30:06	Transmitter		INFO	pushing into buff
20-02-2016 10:30:06	DataProcessor		INFO	polling
20-02-2016 10:30:06	CameraInterface		INFO	Read successful
20-02-2016 10:30:06	Controller		INFO	sending to transmitter
20-02-2016 10:30:06	Transmitter		INFO	pushing into buff
20-02-2016 10:30:06	DataProcessor		INFO	polling
20-02-2016 10:30:06	CameraInterface		INFO	Read successful
20-02-2016 10:30:06	Controller		INFO	sending to transmitter
20-02-2016 10:30:06	Transmitter		INFO	pushing into buff
20-02-2016 10:30:06	DataProcessor		INFO	polling
20-02-2016 10:30:06	CameraInterface		INFO	Read successful
20-02-2016 10:30:06	Controller		INFO	sending to transmitter
20-02-2016 10:30:06	Transmitter		INFO	pushing into buff
20-02-2016 10:30:06	DataProcessor		INFO	polling
20-02-2016 10:30:06	CameraInterface		INFO	Read successful
20-02-2016 10:30:06	Controller		INFO	sending to transmitter
20-02-2016 10:30:06	Transmitter		INFO	pushing into buff
20-02-2016 10:30:06	DataProcessor		INFO	polling
20-02-2016 10:30:07	CameraInterface		INFO	Read successful
20-02-2016 10:30:07	Controller		INFO	sending to transmitter
20-02-2016 10:30:07	Transmitter		INFO	pushing into buff
20-02-2016 10:30:07	DataProcessor		INFO	polling
20-02-2016 10:30:07	CameraInterface		INFO	Read successful
20-02-2016 10:30:07	Controller		INFO	sending to transmitter
20-02-2016 10:30:07	Transmitter		INFO	pushing into buff
20-02-2016 10:30:07	DataProcessor		INFO	polling
20-02-2016 10:30:07	CameraInterface		INFO	Read successful
20-02-2016 10:30:07	Controller		INFO	sending to transmitter
20-02-2016 10:30:07	Transmitter		INFO	pushing into buff
20-02-2016 10:30:07	DataProcessor		INFO	polling
20-02-2016 10:30:07	CameraInterface		INFO	Read successful
20-02-2016 10:30:07	Controller		INFO	sending to transmitter
20-02-2016 10:30:07	Transmitter		INFO	pushing into buff
20-02-2016 10:30:07	DataProcessor		INFO	polling
20-02-2016 10:30:07	CameraInterface		INFO	Read successful
20-02-2016 10:30:07	Controller		INFO	sending to transmitter
20-02-2016 10:30:07	Transmitter		INFO	pushing into buff
20-02-2016 10:30:07	DataProcessor		INFO	polling
20-02-2016 10:30:08	CameraInterface		INFO	Read successful
20-02-2016 10:30:08	Controller		INFO	sending to transmitter
20-02-2016 10:30:08	Transmitter		INFO	pushing into buff
20-02-2016 10:30:08	DataProcessor		INFO	polling
20-02-2016 10:30:08	CameraInterface		INFO	Read successful
20-02-2016 10:30:08	Controller		INFO	sending to transmitter
20-02-2016 10:30:08	Transmitter		INFO	pushing into buff
20-02-2016 10:30:08	DataProcessor		INFO	polling
20-02-2016 10:30:08	CameraInterface		INFO	Read successful
20-02-2016 10:30:08	Controller		INFO	sending to transmitter
20-02-2016 10:30:08	Transmitter		INFO	pushing into buff
20-02-2016 10:30:08	DataProcessor		INFO	polling
20-02-2016 10:30:08	CameraInterface		INFO	Read successful
20-02-2016 10:30:08	Controller		INFO	sending to transmitter
20-02-2016 10:30:08	Transmitter		INFO	pushing into buff
20-02-2016 10:30:08	DataProcessor		INFO	polling
20-02-2016 10:30:08	CameraInterface		INFO	Read successful
20-02-2016 10:30:09	Controller		INFO	sending to transmitter
20-02-2016 10:30:09	Transmitter		INFO	pushing into buff
20-02-2016 10:30:09	DataProcessor		INFO	polling
20-02-2016 10:30:09	CameraInterface		INFO	Read successful
20-02-2016 10:30:09	Controller		INFO	sending to transmitter
20-02-2016 10:30:09	Transmitter		INFO	pushing into buff
20-02-2016 10:30:09	DataProcessor		INFO	polling
20-02-2016 10:30:09	CameraInterface		INFO	Read successful
20-02-2016 10:30:09	Controller		INFO	sending to transmitter
20-02-2016 10:30:09	Transmitter		INFO	pushing into buff
20-02-2016 10:30:09	DataProcessor		INFO	polling
20-02-2016 10:30:09	CameraInterface		INFO	Read successful
20-02-2016 10:30:09	Controller		INFO	sending to transmitter
20-02-2016 10:30:09	Transmitter		INFO	pushing into buff
20-02-2016 10:30:09	DataProcessor		INFO	polling
20-02-2016 10:30:09	CameraInterface		INFO	Read successful
20-02-2016 10:30:09	Controller		INFO	sending to transmitter
20-02-2016 10:30:09	Transmitter		INFO	pushing into buff
20-02-2016 10:30:09	DataProcessor		INFO	polling
20-02-2016 10:30:10	CameraInterface		INFO	Read successful
20-02-2016 10:30:10	Controller		INFO	sending to transmitter
20-02-2016 10:30:10	Transmitter		INFO	pushing into buff
20-02-2016 10:30:10	DataProcessor		INFO	polling
20-02-2016 10:30:10	CameraInterface		INFO	Read successful
20-02-2016 10:30:10	Controller		INFO	sending to transmitter
20-02-2016 10:30:10	Transmitter		INFO	pushing into buff
20-02-2016 10:30:10	DataProcessor		INFO	polling
20-02-2016 10:30:10	CameraInterface		INFO	Read successful
20-02-2016 10:30:10	Controller		INFO	sending to transmitter
20-02-2016 10:30:10	Transmitter		INFO	pushing into buff
20-02-2016 10:30:10	DataProcessor		INFO	polling
20-02-2016 10:30:10	CameraInterface		INFO	Read successful
20-02-2016 10:30:10	Controller		INFO	sending to transmitter
20-02-2016 10:30:10	Transmitter		INFO	pushing into buff
20-02-2016 10:30:10	DataProcessor		INFO	polling
20-02-2016 10:30:10	CameraInterface		INFO	Read successful
20-02-2016 10:30:10	Controller		INFO	sending to transmitter
20-02-2016 10:30:10	Transmitter		INFO	pushing into buff
20-02-2016 10:30:10	DataProcessor		INFO	polling
20-02-2016 10:30:11	CameraInterface		INFO	Read successful
20-02-2016 10:30:11	Controller		INFO	sending to transmitter
20-02-2016 10:30:11	Transmitter		INFO	pushing into buff
20-02-2016 10:30:11	DataProcessor		INFO	polling
20-02-2016 10:30:11	CameraInterface		INFO	Read successful
20-02-2016 10:30:11	Controller		INFO	sending to transmitter
20-02-2016 10:30:11	Transmitter		INFO	pushing into buff
20-02-2016 10:30:11	DataProcessor		INFO	polling
20-02-2016 10:30:11	CameraInterface		INFO	Read successful
20-02-2016 10:30:11	Controller		INFO	sending to transmitter
20-02-2016 10:30:11	Transmitter		INFO	pushing into buff
20-02-2016 10:30:11	DataProcessor		INFO	polling
20-02-2016 10:30:11	CameraInterface		INFO	Read successful
20-02-2016 10:30:11	Controller		INFO	sending to transmitter
20-02-2016 10:30:11	Transmitter		INFO	pushing into buff
20-02-2016 10:30:11	DataProcessor		INFO	polling
20-02-2016 10:30:11	CameraInterface		INFO	Read successful
20-02-2016 10:30:12	Controller		INFO	sending to transmitter
20-02-2016 10:30:12	Transmitter		INFO	pushing into buff
20-02-2016 10:30:12	DataProcessor		INFO	polling
20-02-2016 10:30:12	CameraInterface		INFO	Read successful
20-02-2016 10:30:12	Controller		INFO	sending to transmitter
20-02-2016 10:30:12	Transmitter		INFO	pushing into buff
20-02-2016 10:30:12	DataProcessor		INFO	polling
20-02-2016 10:30:12	CameraInterface		INFO	Read successful
20-02-2016 10:30:12	Controller		INFO	sending to transmitter
20-02-2016 10:30:12	Transmitter		INFO	pushing into buff
20-02-2016 10:30:12	DataProcessor		INFO	polling
20-02-2016 10:30:12	CameraInterface		INFO	Read successful
20-02-2016 10:30:12	Controller		INFO	sending to transmitter
20-02-2016 10:30:12	Transmitter		INFO	pushing into buff
20-02-2016 10:30:12	DataProcessor		INFO	polling
20-02-2016 10:30:12	Transmitter		INFO	sending string: ‰PNG


20-02-2016 10:30:12	CameraInterface		INFO	Read successful
20-02-2016 10:30:12	Controller		INFO	sending to transmitter
20-02-2016 10:30:12	Transmitter		INFO	pushing into buff
20-02-2016 10:30:12	DataProcessor		INFO	polling
20-02-2016 10:30:13	Transmitter		INFO	running
20-02-2016 10:30:13	Transmitter		INFO	getting from buffer
20-02-2016 10:30:13	CameraInterface		INFO	Read successful
20-02-2016 10:30:13	Controller		INFO	sending to transmitter
20-02-2016 10:30:13	Transmitter		INFO	pushing into buff
20-02-2016 10:30:13	DataProcessor		INFO	polling
20-02-2016 10:30:13	CameraInterface		INFO	Read successful
20-02-2016 10:30:13	Controller		INFO	sending to transmitter
20-02-2016 10:30:13	Transmitter		INFO	pushing into buff
20-02-2016 10:30:13	DataProcessor		INFO	polling
20-02-2016 10:30:13	CameraInterface		INFO	Read successful
20-02-2016 10:30:13	Controller		INFO	sending to transmitter
20-02-2016 10:30:13	Transmitter		INFO	pushing into buff
20-02-2016 10:30:13	DataProcessor		INFO	polling
20-02-2016 10:30:13	CameraInterface		INFO	Read successful
20-02-2016 10:30:13	Controller		INFO	sending to transmitter
20-02-2016 10:30:13	Transmitter		INFO	pushing into buff
20-02-2016 10:30:13	DataProcessor		INFO	polling
20-02-2016 10:30:14	CameraInterface		INFO	Read successful
20-02-2016 10:30:14	Controller		INFO	sending to transmitter
20-02-2016 10:30:14	Transmitter		INFO	pushing into buff
20-02-2016 10:30:14	DataProcessor		INFO	polling
20-02-2016 10:30:14	CameraInterface		INFO	Read successful
20-02-2016 10:30:14	Controller		INFO	sending to transmitter
20-02-2016 10:30:14	Transmitter		INFO	pushing into buff
20-02-2016 10:30:14	DataProcessor		INFO	polling
20-02-2016 10:30:14	CameraInterface		INFO	Read successful
20-02-2016 10:30:14	Controller		INFO	sending to transmitter
20-02-2016 10:30:14	Transmitter		INFO	pushing into buff
20-02-2016 10:30:14	DataProcessor		INFO	polling
20-02-2016 10:30:14	CameraInterface		INFO	Read successful
20-02-2016 10:30:14	Controller		INFO	sending to transmitter
20-02-2016 10:30:14	Transmitter		INFO	pushing into buff
20-02-2016 10:30:14	DataProcessor		INFO	polling
20-02-2016 10:30:14	CameraInterface		INFO	Read successful
20-02-2016 10:30:14	Controller		INFO	sending to transmitter
20-02-2016 10:30:14	Transmitter		INFO	pushing into buff
20-02-2016 10:30:14	DataProcessor		INFO	polling
20-02-2016 10:30:15	CameraInterface		INFO	Read successful
20-02-2016 10:30:15	Controller		INFO	sending to transmitter
20-02-2016 10:30:15	Transmitter		INFO	pushing into buff
20-02-2016 10:30:15	DataProcessor		INFO	polling
20-02-2016 10:30:15	CameraInterface		INFO	Read successful
20-02-2016 10:30:15	Controller		INFO	sending to transmitter
20-02-2016 10:30:15	Transmitter		INFO	pushing into buff
20-02-2016 10:30:15	DataProcessor		INFO	polling
20-02-2016 10:30:15	CameraInterface		INFO	Read successful
20-02-2016 10:30:15	Controller		INFO	sending to transmitter
20-02-2016 10:30:15	Transmitter		INFO	pushing into buff
20-02-2016 10:30:15	DataProcessor		INFO	polling
20-02-2016 10:30:15	CameraInterface		INFO	Read successful
20-02-2016 10:30:15	Controller		INFO	sending to transmitter
20-02-2016 10:30:15	Transmitter		INFO	pushing into buff
20-02-2016 10:30:15	DataProcessor		INFO	polling
20-02-2016 10:30:15	CameraInterface		INFO	Read successful
20-02-2016 10:30:15	Controller		INFO	sending to transmitter
20-02-2016 10:30:15	Transmitter		INFO	pushing into buff
20-02-2016 10:30:15	DataProcessor		INFO	polling
20-02-2016 10:30:16	CameraInterface		INFO	Read successful
20-02-2016 10:30:16	Controller		INFO	sending to transmitter
20-02-2016 10:30:16	Transmitter		INFO	pushing into buff
20-02-2016 10:30:16	DataProcessor		INFO	polling
20-02-2016 10:30:16	CameraInterface		INFO	Read successful
20-02-2016 10:30:16	Controller		INFO	sending to transmitter
20-02-2016 10:30:16	Transmitter		INFO	pushing into buff
20-02-2016 10:30:16	DataProcessor		INFO	polling
20-02-2016 10:30:16	CameraInterface		INFO	Read successful
20-02-2016 10:30:16	Controller		INFO	sending to transmitter
20-02-2016 10:30:16	Transmitter		INFO	pushing into buff
20-02-2016 10:30:16	DataProcessor		INFO	polling
20-02-2016 10:30:16	CameraInterface		INFO	Read successful
20-02-2016 10:30:16	Controller		INFO	sending to transmitter
20-02-2016 10:30:16	Transmitter		INFO	pushing into buff
20-02-2016 10:30:16	DataProcessor		INFO	polling
20-02-2016 10:30:17	CameraInterface		INFO	Read successful
20-02-2016 10:30:17	Controller		INFO	sending to transmitter
20-02-2016 10:30:17	Transmitter		INFO	pushing into buff
20-02-2016 10:30:17	DataProcessor		INFO	polling
20-02-2016 10:30:17	CameraInterface		INFO	Read successful
20-02-2016 10:30:17	Controller		INFO	sending to transmitter
20-02-2016 10:30:17	Transmitter		INFO	pushing into buff
20-02-2016 10:30:17	DataProcessor		INFO	polling
20-02-2016 10:30:17	CameraInterface		INFO	Read successful
20-02-2016 10:30:17	Controller		INFO	sending to transmitter
20-02-2016 10:30:17	Transmitter		INFO	pushing into buff
20-02-2016 10:30:17	DataProcessor		INFO	polling
20-02-2016 10:30:17	CameraInterface		INFO	Read successful
20-02-2016 10:30:17	Controller		INFO	sending to transmitter
20-02-2016 10:30:17	Transmitter		INFO	pushing into buff
20-02-2016 10:30:17	DataProcessor		INFO	polling
20-02-2016 10:30:18	CameraInterface		INFO	Read successful
20-02-2016 10:30:18	Controller		INFO	sending to transmitter
20-02-2016 10:30:18	Transmitter		INFO	pushing into buff
20-02-2016 10:30:18	DataProcessor		INFO	polling
20-02-2016 10:30:18	CameraInterface		INFO	Read successful
20-02-2016 10:30:18	Controller		INFO	sending to transmitter
20-02-2016 10:30:18	Transmitter		INFO	pushing into buff
20-02-2016 10:30:18	DataProcessor		INFO	polling
20-02-2016 10:30:18	CameraInterface		INFO	Read successful
20-02-2016 10:30:18	Controller		INFO	sending to transmitter
20-02-2016 10:30:18	Transmitter		INFO	pushing into buff
20-02-2016 10:30:18	DataProcessor		INFO	polling
20-02-2016 10:30:18	CameraInterface		INFO	Read successful
20-02-2016 10:30:18	Controller		INFO	sending to transmitter
20-02-2016 10:30:18	Transmitter		INFO	pushing into buff
20-02-2016 10:30:18	DataProcessor		INFO	polling
20-02-2016 10:30:19	CameraInterface		INFO	Read successful
20-02-2016 10:30:19	Controller		INFO	sending to transmitter
20-02-2016 10:30:19	Transmitter		INFO	pushing into buff
20-02-2016 10:30:19	DataProcessor		INFO	polling
20-02-2016 10:30:19	CameraInterface		INFO	Read successful
20-02-2016 10:30:19	Controller		INFO	sending to transmitter
20-02-2016 10:30:19	Transmitter		INFO	pushing into buff
20-02-2016 10:30:19	DataProcessor		INFO	polling
20-02-2016 10:30:19	CameraInterface		INFO	Read successful
20-02-2016 10:30:19	Controller		INFO	sending to transmitter
20-02-2016 10:30:19	Transmitter		INFO	pushing into buff
20-02-2016 10:30:19	DataProcessor		INFO	polling
20-02-2016 10:30:19	CameraInterface		INFO	Read successful
20-02-2016 10:30:19	Controller		INFO	sending to transmitter
20-02-2016 10:30:19	Transmitter		INFO	pushing into buff
20-02-2016 10:30:19	DataProcessor		INFO	polling
20-02-2016 10:30:19	CameraInterface		INFO	Read successful
20-02-2016 10:30:20	Controller		INFO	sending to transmitter
20-02-2016 10:30:20	Transmitter		INFO	pushing into buff
20-02-2016 10:30:20	DataProcessor		INFO	polling
20-02-2016 10:30:20	CameraInterface		INFO	Read successful
20-02-2016 10:30:20	Controller		INFO	sending to transmitter
20-02-2016 10:30:20	Transmitter		INFO	pushing into buff
20-02-2016 10:30:20	DataProcessor		INFO	polling
20-02-2016 10:30:20	CameraInterface		INFO	Read successful
20-02-2016 10:30:20	Controller		INFO	sending to transmitter
20-02-2016 10:30:20	Transmitter		INFO	pushing into buff
20-02-2016 10:30:20	DataProcessor		INFO	polling
20-02-2016 10:30:20	CameraInterface		INFO	Read successful
20-02-2016 10:30:20	Controller		INFO	sending to transmitter
20-02-2016 10:30:20	Transmitter		INFO	pushing into buff
20-02-2016 10:30:20	DataProcessor		INFO	polling
20-02-2016 10:30:20	CameraInterface		INFO	Read successful
20-02-2016 10:30:20	Controller		INFO	sending to transmitter
20-02-2016 10:30:20	Transmitter		INFO	pushing into buff
20-02-2016 10:30:20	DataProcessor		INFO	polling
20-02-2016 10:30:21	CameraInterface		INFO	Read successful
20-02-2016 10:30:21	Controller		INFO	sending to transmitter
20-02-2016 10:30:21	Transmitter		INFO	pushing into buff
20-02-2016 10:30:21	DataProcessor		INFO	polling
20-02-2016 10:30:21	CameraInterface		INFO	Read successful
20-02-2016 10:30:21	Controller		INFO	sending to transmitter
20-02-2016 10:30:21	Transmitter		INFO	pushing into buff
20-02-2016 10:30:21	DataProcessor		INFO	polling
20-02-2016 10:30:29	CameraInterface		INFO	Read successful
20-02-2016 10:30:30	Controller		INFO	sending to transmitter
20-02-2016 10:30:30	Transmitter		INFO	pushing into buff
20-02-2016 10:30:30	DataProcessor		INFO	polling
20-02-2016 10:30:30	CameraInterface		INFO	Read successful
20-02-2016 10:30:30	Controller		INFO	sending to transmitter
20-02-2016 10:30:30	Transmitter		INFO	pushing into buff
20-02-2016 10:30:30	DataProcessor		INFO	polling
20-02-2016 10:30:30	CameraInterface		INFO	Read successful
20-02-2016 10:30:31	Controller		INFO	sending to transmitter
20-02-2016 10:30:31	Transmitter		INFO	pushing into buff
20-02-2016 10:30:31	DataProcessor		INFO	polling
20-02-2016 10:30:34	CameraInterface		INFO	Read successful
20-02-2016 10:30:35	Controller		INFO	sending to transmitter
20-02-2016 10:30:35	Transmitter		INFO	pushing into buff
20-02-2016 10:30:35	DataProcessor		INFO	polling
20-02-2016 10:30:36	CameraInterface		INFO	Read successful
20-02-2016 10:30:36	Controller		INFO	sending to transmitter
20-02-2016 10:30:36	Transmitter		INFO	pushing into buff
20-02-2016 10:30:36	DataProcessor		INFO	polling
20-02-2016 10:30:37	CameraInterface		INFO	Read successful
20-02-2016 10:30:37	Controller		INFO	sending to transmitter
20-02-2016 10:30:37	Transmitter		INFO	pushing into buff
20-02-2016 10:30:37	DataProcessor		INFO	polling
20-02-2016 10:30:37	CameraInterface		INFO	Read successful
20-02-2016 10:30:37	Controller		INFO	sending to transmitter
20-02-2016 10:30:37	Transmitter		INFO	pushing into buff
20-02-2016 10:30:37	DataProcessor		INFO	polling
20-02-2016 10:30:37	CameraInterface		INFO	Read successful
20-02-2016 10:30:37	Controller		INFO	sending to transmitter
20-02-2016 10:30:37	Transmitter		INFO	pushing into buff
20-02-2016 10:30:37	DataProcessor		INFO	polling
20-02-2016 10:30:38	CameraInterface		INFO	Read successful
20-02-2016 10:30:38	Controller		INFO	sending to transmitter
20-02-2016 10:30:38	Transmitter		INFO	pushing into buff
20-02-2016 10:30:38	DataProcessor		INFO	polling
20-02-2016 10:30:38	CameraInterface		INFO	Read successful
20-02-2016 10:30:38	Controller		INFO	sending to transmitter
20-02-2016 10:30:38	Transmitter		INFO	pushing into buff
20-02-2016 10:30:38	DataProcessor		INFO	polling
20-02-2016 10:30:39	CameraInterface		INFO	Read successful
20-02-2016 10:30:41	Controller		INFO	sending to transmitter
20-02-2016 10:30:41	Transmitter		INFO	pushing into buff
20-02-2016 10:30:41	DataProcessor		INFO	polling
20-02-2016 10:30:41	CameraInterface		INFO	Read successful
20-02-2016 10:30:42	Controller		INFO	sending to transmitter
20-02-2016 10:30:42	Transmitter		INFO	pushing into buff
20-02-2016 10:30:42	DataProcessor		INFO	polling
20-02-2016 10:30:43	CameraInterface		INFO	Read successful
20-02-2016 10:30:43	Controller		INFO	sending to transmitter
20-02-2016 10:30:43	Transmitter		INFO	pushing into buff
20-02-2016 10:30:43	DataProcessor		INFO	polling
20-02-2016 10:30:44	CameraInterface		INFO	Read successful
20-02-2016 10:30:45	Controller		INFO	sending to transmitter
20-02-2016 10:30:46	Transmitter		INFO	pushing into buff
20-02-2016 10:30:46	DataProcessor		INFO	polling
20-02-2016 10:30:48	CameraInterface		INFO	Read successful
20-02-2016 10:30:55	Controller		INFO	sending to transmitter
20-02-2016 10:30:59	Transmitter		INFO	pushing into buff
20-02-2016 10:31:01	DataProcessor		INFO	polling
20-02-2016 10:31:05	Transmitter		INFO	sending string: ‰PNG


