20-02-2016 10:11:06	Main		TRACE	Logger initialized.
20-02-2016 10:11:06	PropertyReader		TRACE	Opening file: settings/settings.txt
20-02-2016 10:11:06	PropertyReader		INFO	File opened: settings/settings.txt
20-02-2016 10:11:06	PropertyReader		INFO	Loading properties file...
20-02-2016 10:11:06	PropertyReader		INFO	Mapped TRACE to LOGGING_LEVEL
20-02-2016 10:11:06	PropertyReader		INFO	Mapped 100 to CAM_BUFFER_SIZE
20-02-2016 10:11:06	PropertyReader		INFO	Mapped 15 to CAM_POLL_FREQUENCY
20-02-2016 10:11:06	PropertyReader		INFO	Mapped 0 to CAM_INDEX
20-02-2016 10:11:06	PropertyReader		DEBUG	Loaded 4 properties successfully
20-02-2016 10:11:06	Controller		INFO	Constructor controller
20-02-2016 10:11:06	Transmitter		INFO	socket retrieve success
20-02-2016 10:11:06	Transmitter		INFO	binding done
20-02-2016 10:11:06	Transmitter		INFO	done listening
20-02-2016 10:11:16	Transmitter		INFO	accepting
20-02-2016 10:11:16	Main		TRACE	intializing controller
20-02-2016 10:11:16	Controller		INFO	Initializing Controller
20-02-2016 10:11:16	Main		TRACE	initializing dataprocessor
20-02-2016 10:11:16	CameraInterface		INFO	Initializing camera
20-02-2016 10:11:16	CameraInterface		INFO	Opening video capture stream at position 0
20-02-2016 10:11:16	Receiver		INFO	Starting Receiver Thread execution loop
20-02-2016 10:11:16	ControllerThread		INFO	Starting Controller Thread execution loop
20-02-2016 10:11:16	Transmitter		INFO	Starting Receiver Thread execution loop
20-02-2016 10:11:16	Transmitter		INFO	running
20-02-2016 10:11:16	Transmitter		INFO	running
20-02-2016 10:11:16	Transmitter		INFO	running
20-02-2016 10:11:16	Transmitter		INFO	running
20-02-2016 10:11:16	Transmitter		INFO	running
20-02-2016 10:11:16	Transmitter		INFO	running
20-02-2016 10:11:16	Transmitter		INFO	running
20-02-2016 10:11:16	Transmitter		INFO	running
20-02-2016 10:11:16	Transmitter		INFO	running
20-02-2016 10:11:16	Transmitter		INFO	running
20-02-2016 10:11:16	Transmitter		INFO	running
20-02-2016 10:11:16	Transmitter		INFO	running
20-02-2016 10:11:16	Transmitter		INFO	running
20-02-2016 10:11:16	Transmitter		INFO	running
20-02-2016 10:11:16	Transmitter		INFO	running
20-02-2016 10:11:16	Transmitter		INFO	running
20-02-2016 10:11:16	Transmitter		INFO	running
20-02-2016 10:11:16	Transmitter		INFO	running
20-02-2016 10:11:16	Transmitter		INFO	running
20-02-2016 10:11:16	Transmitter		INFO	running
20-02-2016 10:11:16	Transmitter		INFO	running
20-02-2016 10:11:16	Transmitter		INFO	running
20-02-2016 10:11:16	Transmitter		INFO	running
20-02-2016 10:11:16	Transmitter		INFO	running
20-02-2016 10:11:16	Transmitter		INFO	running
20-02-2016 10:11:16	Transmitter		INFO	running
20-02-2016 10:11:16	Transmitter		INFO	running
20-02-2016 10:11:16	Transmitter		INFO	running
20-02-2016 10:11:16	Transmitter		INFO	running
20-02-2016 10:11:16	Transmitter		INFO	running
20-02-2016 10:11:16	Transmitter		INFO	running
20-02-2016 10:11:16	Transmitter		INFO	running
20-02-2016 10:11:16	Main		TRACE	running controller
20-02-2016 10:11:16	DataProcessor		INFO	polling
20-02-2016 10:11:16	Transmitter		INFO	running
20-02-2016 10:11:16	Transmitter		INFO	running
20-02-2016 10:11:16	Transmitter		INFO	running
20-02-2016 10:11:16	Transmitter		INFO	running
20-02-2016 10:11:16	Transmitter		INFO	running
20-02-2016 10:11:16	Transmitter		INFO	running
20-02-2016 10:11:16	Transmitter		INFO	running
20-02-2016 10:11:16	Transmitter		INFO	running
20-02-2016 10:11:16	Transmitter		INFO	running
20-02-2016 10:11:16	Transmitter		INFO	running
20-02-2016 10:11:16	Transmitter		INFO	running
20-02-2016 10:11:16	Transmitter		INFO	running
20-02-2016 10:11:16	Transmitter		INFO	running
20-02-2016 10:11:16	Transmitter		INFO	running
20-02-2016 10:11:16	Transmitter		INFO	running
20-02-2016 10:11:16	Transmitter		INFO	running
20-02-2016 10:11:16	Transmitter		INFO	running
20-02-2016 10:11:16	Transmitter		INFO	running
20-02-2016 10:11:16	Transmitter		INFO	running
20-02-2016 10:11:16	Transmitter		INFO	running
20-02-2016 10:11:16	Transmitter		INFO	running
20-02-2016 10:11:16	Transmitter		INFO	running
20-02-2016 10:11:16	Transmitter		INFO	running
20-02-2016 10:11:16	Transmitter		INFO	running
20-02-2016 10:11:16	Transmitter		INFO	running
20-02-2016 10:11:16	Transmitter		INFO	running
20-02-2016 10:11:16	Transmitter		INFO	running
20-02-2016 10:11:16	Transmitter		INFO	running
20-02-2016 10:11:16	Transmitter		INFO	running
20-02-2016 10:11:16	Transmitter		INFO	running
20-02-2016 10:11:16	Transmitter		INFO	running
20-02-2016 10:11:16	Transmitter		INFO	running
20-02-2016 10:11:16	Transmitter		INFO	running
20-02-2016 10:11:16	Transmitter		INFO	running
20-02-2016 10:11:16	Transmitter		INFO	running
20-02-2016 10:11:16	Transmitter		INFO	running
20-02-2016 10:11:16	Transmitter		INFO	running
20-02-2016 10:11:16	Transmitter		INFO	running
20-02-2016 10:11:16	Transmitter		INFO	running
20-02-2016 10:11:17	Transmitter		INFO	running
20-02-2016 10:11:17	Transmitter		INFO	running
20-02-2016 10:11:17	Transmitter		INFO	running
20-02-2016 10:11:17	Transmitter		INFO	running
20-02-2016 10:11:17	Transmitter		INFO	running
20-02-2016 10:11:17	Transmitter		INFO	running
20-02-2016 10:11:17	Transmitter		INFO	running
20-02-2016 10:11:17	Transmitter		INFO	running
20-02-2016 10:11:17	Transmitter		INFO	running
20-02-2016 10:11:17	Transmitter		INFO	running
20-02-2016 10:11:17	Transmitter		INFO	running
20-02-2016 10:11:17	Transmitter		INFO	running
20-02-2016 10:11:17	Transmitter		INFO	running
20-02-2016 10:11:17	Transmitter		INFO	running
20-02-2016 10:11:17	Transmitter		INFO	running
20-02-2016 10:11:17	Transmitter		INFO	running
20-02-2016 10:11:17	Transmitter		INFO	running
20-02-2016 10:11:17	Transmitter		INFO	running
20-02-2016 10:11:17	Transmitter		INFO	running
20-02-2016 10:11:17	Transmitter		INFO	running
20-02-2016 10:11:17	Transmitter		INFO	running
20-02-2016 10:11:17	Transmitter		INFO	running
20-02-2016 10:11:17	Transmitter		INFO	running
20-02-2016 10:11:17	Transmitter		INFO	running
20-02-2016 10:11:17	Transmitter		INFO	running
20-02-2016 10:11:17	Transmitter		INFO	running
20-02-2016 10:11:17	Transmitter		INFO	running
20-02-2016 10:11:17	Transmitter		INFO	running
20-02-2016 10:11:17	Transmitter		INFO	running
20-02-2016 10:11:17	Transmitter		INFO	running
20-02-2016 10:11:17	Transmitter		INFO	running
20-02-2016 10:11:17	Transmitter		INFO	running
20-02-2016 10:11:17	Transmitter		INFO	running
20-02-2016 10:11:17	Transmitter		INFO	running
20-02-2016 10:11:17	Transmitter		INFO	running
20-02-2016 10:11:17	Transmitter		INFO	running
20-02-2016 10:11:17	Transmitter		INFO	running
20-02-2016 10:11:17	Transmitter		INFO	running
20-02-2016 10:11:17	Transmitter		INFO	running
20-02-2016 10:11:17	Transmitter		INFO	running
20-02-2016 10:11:17	Transmitter		INFO	running
20-02-2016 10:11:17	Transmitter		INFO	running
20-02-2016 10:11:17	Transmitter		INFO	running
20-02-2016 10:11:17	Transmitter		INFO	running
20-02-2016 10:11:17	Transmitter		INFO	running
20-02-2016 10:11:17	Transmitter		INFO	running
20-02-2016 10:11:17	Transmitter		INFO	running
20-02-2016 10:11:17	Transmitter		INFO	running
20-02-2016 10:11:17	Transmitter		INFO	running
20-02-2016 10:11:17	Transmitter		INFO	running
20-02-2016 10:11:17	Transmitter		INFO	running
20-02-2016 10:11:17	Transmitter		INFO	running
20-02-2016 10:11:17	Transmitter		INFO	running
20-02-2016 10:11:17	Transmitter		INFO	running
20-02-2016 10:11:17	Transmitter		INFO	running
20-02-2016 10:11:17	Transmitter		INFO	running
20-02-2016 10:11:17	Transmitter		INFO	running
20-02-2016 10:11:17	Transmitter		INFO	running
20-02-2016 10:11:17	Transmitter		INFO	running
20-02-2016 10:11:17	CameraInterface		INFO	Read successful
20-02-2016 10:11:17	Transmitter		INFO	running
20-02-2016 10:11:17	Transmitter		INFO	running
20-02-2016 10:11:17	Transmitter		INFO	running
20-02-2016 10:11:17	Controller		INFO	sending to transmitter
20-02-2016 10:11:17	Transmitter		INFO	running
20-02-2016 10:11:17	Transmitter		INFO	running
20-02-2016 10:11:17	Transmitter		INFO	pushing into buff
20-02-2016 10:11:17	Transmitter		INFO	running
20-02-2016 10:11:17	DataProcessor		INFO	polling
20-02-2016 10:11:17	Transmitter		INFO	getting from buffer
20-02-2016 10:11:17	CameraInterface		INFO	Read successful
20-02-2016 10:11:17	Controller		INFO	sending to transmitter
20-02-2016 10:11:17	Transmitter		INFO	pushing into buff
20-02-2016 10:11:17	DataProcessor		INFO	polling
20-02-2016 10:11:18	CameraInterface		INFO	Read successful
20-02-2016 10:11:18	Controller		INFO	sending to transmitter
20-02-2016 10:11:18	Transmitter		INFO	pushing into buff
20-02-2016 10:11:18	DataProcessor		INFO	polling
20-02-2016 10:11:18	CameraInterface		INFO	Read successful
20-02-2016 10:11:18	Controller		INFO	sending to transmitter
20-02-2016 10:11:18	Transmitter		INFO	pushing into buff
20-02-2016 10:11:18	DataProcessor		INFO	polling
20-02-2016 10:11:18	CameraInterface		INFO	Read successful
20-02-2016 10:11:18	Controller		INFO	sending to transmitter
20-02-2016 10:11:18	Transmitter		INFO	pushing into buff
20-02-2016 10:11:18	DataProcessor		INFO	polling
20-02-2016 10:11:18	CameraInterface		INFO	Read successful
20-02-2016 10:11:18	Controller		INFO	sending to transmitter
20-02-2016 10:11:18	Transmitter		INFO	pushing into buff
20-02-2016 10:11:18	DataProcessor		INFO	polling
20-02-2016 10:11:18	CameraInterface		INFO	Read successful
20-02-2016 10:11:18	Controller		INFO	sending to transmitter
20-02-2016 10:11:18	Transmitter		INFO	pushing into buff
20-02-2016 10:11:18	DataProcessor		INFO	polling
20-02-2016 10:11:19	CameraInterface		INFO	Read successful
20-02-2016 10:11:19	Controller		INFO	sending to transmitter
20-02-2016 10:11:19	Transmitter		INFO	pushing into buff
20-02-2016 10:11:19	DataProcessor		INFO	polling
20-02-2016 10:11:19	CameraInterface		INFO	Read successful
20-02-2016 10:11:19	Controller		INFO	sending to transmitter
20-02-2016 10:11:19	Transmitter		INFO	pushing into buff
20-02-2016 10:11:19	DataProcessor		INFO	polling
20-02-2016 10:11:19	CameraInterface		INFO	Read successful
20-02-2016 10:11:19	Controller		INFO	sending to transmitter
20-02-2016 10:11:19	Transmitter		INFO	pushing into buff
20-02-2016 10:11:19	DataProcessor		INFO	polling
20-02-2016 10:11:19	CameraInterface		INFO	Read successful
20-02-2016 10:11:19	Controller		INFO	sending to transmitter
20-02-2016 10:11:19	Transmitter		INFO	pushing into buff
20-02-2016 10:11:19	DataProcessor		INFO	polling
20-02-2016 10:11:19	CameraInterface		INFO	Read successful
20-02-2016 10:11:19	Controller		INFO	sending to transmitter
20-02-2016 10:11:19	Transmitter		INFO	pushing into buff
20-02-2016 10:11:20	DataProcessor		INFO	polling
20-02-2016 10:11:20	CameraInterface		INFO	Read successful
20-02-2016 10:11:20	Controller		INFO	sending to transmitter
20-02-2016 10:11:20	Transmitter		INFO	pushing into buff
20-02-2016 10:11:20	DataProcessor		INFO	polling
20-02-2016 10:11:20	CameraInterface		INFO	Read successful
20-02-2016 10:11:20	Controller		INFO	sending to transmitter
20-02-2016 10:11:20	Transmitter		INFO	pushing into buff
20-02-2016 10:11:20	DataProcessor		INFO	polling
20-02-2016 10:11:20	CameraInterface		INFO	Read successful
20-02-2016 10:11:20	Controller		INFO	sending to transmitter
20-02-2016 10:11:20	Transmitter		INFO	pushing into buff
20-02-2016 10:11:20	DataProcessor		INFO	polling
20-02-2016 10:11:20	CameraInterface		INFO	Read successful
20-02-2016 10:11:20	Controller		INFO	sending to transmitter
20-02-2016 10:11:20	Transmitter		INFO	pushing into buff
20-02-2016 10:11:20	DataProcessor		INFO	polling
20-02-2016 10:11:21	CameraInterface		INFO	Read successful
20-02-2016 10:11:21	Controller		INFO	sending to transmitter
20-02-2016 10:11:21	Transmitter		INFO	pushing into buff
20-02-2016 10:11:21	DataProcessor		INFO	polling
20-02-2016 10:11:21	CameraInterface		INFO	Read successful
20-02-2016 10:11:21	Controller		INFO	sending to transmitter
20-02-2016 10:11:21	Transmitter		INFO	pushing into buff
20-02-2016 10:11:21	DataProcessor		INFO	polling
20-02-2016 10:11:21	CameraInterface		INFO	Read successful
20-02-2016 10:11:21	Controller		INFO	sending to transmitter
20-02-2016 10:11:21	Transmitter		INFO	pushing into buff
20-02-2016 10:11:21	DataProcessor		INFO	polling
20-02-2016 10:11:21	CameraInterface		INFO	Read successful
20-02-2016 10:11:21	Controller		INFO	sending to transmitter
20-02-2016 10:11:21	Transmitter		INFO	pushing into buff
20-02-2016 10:11:21	DataProcessor		INFO	polling
20-02-2016 10:11:22	CameraInterface		INFO	Read successful
20-02-2016 10:11:22	Controller		INFO	sending to transmitter
20-02-2016 10:11:22	Transmitter		INFO	pushing into buff
20-02-2016 10:11:22	DataProcessor		INFO	polling
20-02-2016 10:11:22	CameraInterface		INFO	Read successful
20-02-2016 10:11:22	Controller		INFO	sending to transmitter
20-02-2016 10:11:22	Transmitter		INFO	pushing into buff
20-02-2016 10:11:22	DataProcessor		INFO	polling
20-02-2016 10:11:22	CameraInterface		INFO	Read successful
20-02-2016 10:11:22	Controller		INFO	sending to transmitter
20-02-2016 10:11:22	Transmitter		INFO	pushing into buff
20-02-2016 10:11:22	DataProcessor		INFO	polling
20-02-2016 10:11:22	CameraInterface		INFO	Read successful
20-02-2016 10:11:22	Controller		INFO	sending to transmitter
20-02-2016 10:11:22	Transmitter		INFO	pushing into buff
20-02-2016 10:11:22	DataProcessor		INFO	polling
20-02-2016 10:11:23	CameraInterface		INFO	Read successful
20-02-2016 10:11:23	Controller		INFO	sending to transmitter
20-02-2016 10:11:23	Transmitter		INFO	pushing into buff
20-02-2016 10:11:23	DataProcessor		INFO	polling
20-02-2016 10:11:23	CameraInterface		INFO	Read successful
20-02-2016 10:11:23	Controller		INFO	sending to transmitter
20-02-2016 10:11:23	Transmitter		INFO	pushing into buff
20-02-2016 10:11:23	DataProcessor		INFO	polling
20-02-2016 10:11:23	CameraInterface		INFO	Read successful
20-02-2016 10:11:23	Controller		INFO	sending to transmitter
20-02-2016 10:11:23	Transmitter		INFO	pushing into buff
20-02-2016 10:11:23	DataProcessor		INFO	polling
20-02-2016 10:11:23	CameraInterface		INFO	Read successful
20-02-2016 10:11:23	Controller		INFO	sending to transmitter
20-02-2016 10:11:23	Transmitter		INFO	pushing into buff
20-02-2016 10:11:23	DataProcessor		INFO	polling
20-02-2016 10:11:24	CameraInterface		INFO	Read successful
20-02-2016 10:11:24	Controller		INFO	sending to transmitter
20-02-2016 10:11:24	Transmitter		INFO	pushing into buff
20-02-2016 10:11:24	DataProcessor		INFO	polling
20-02-2016 10:11:24	CameraInterface		INFO	Read successful
20-02-2016 10:11:24	Controller		INFO	sending to transmitter
20-02-2016 10:11:24	Transmitter		INFO	pushing into buff
20-02-2016 10:11:24	DataProcessor		INFO	polling
20-02-2016 10:11:24	CameraInterface		INFO	Read successful
20-02-2016 10:11:24	Controller		INFO	sending to transmitter
20-02-2016 10:11:24	Transmitter		INFO	pushing into buff
20-02-2016 10:11:24	DataProcessor		INFO	polling
20-02-2016 10:11:24	CameraInterface		INFO	Read successful
20-02-2016 10:11:24	Controller		INFO	sending to transmitter
20-02-2016 10:11:24	Transmitter		INFO	pushing into buff
20-02-2016 10:11:24	DataProcessor		INFO	polling
20-02-2016 10:11:25	CameraInterface		INFO	Read successful
20-02-2016 10:11:25	Controller		INFO	sending to transmitter
20-02-2016 10:11:25	Transmitter		INFO	pushing into buff
20-02-2016 10:11:25	DataProcessor		INFO	polling
20-02-2016 10:11:25	CameraInterface		INFO	Read successful
20-02-2016 10:11:25	Controller		INFO	sending to transmitter
20-02-2016 10:11:25	Transmitter		INFO	pushing into buff
20-02-2016 10:11:25	DataProcessor		INFO	polling
20-02-2016 10:11:25	CameraInterface		INFO	Read successful
20-02-2016 10:11:25	Controller		INFO	sending to transmitter
20-02-2016 10:11:25	Transmitter		INFO	pushing into buff
20-02-2016 10:11:25	DataProcessor		INFO	polling
20-02-2016 10:11:25	CameraInterface		INFO	Read successful
20-02-2016 10:11:25	Controller		INFO	sending to transmitter
20-02-2016 10:11:25	Transmitter		INFO	pushing into buff
20-02-2016 10:11:25	DataProcessor		INFO	polling
20-02-2016 10:11:26	CameraInterface		INFO	Read successful
20-02-2016 10:11:26	Controller		INFO	sending to transmitter
20-02-2016 10:11:26	Transmitter		INFO	pushing into buff
20-02-2016 10:11:26	DataProcessor		INFO	polling
20-02-2016 10:11:26	CameraInterface		INFO	Read successful
20-02-2016 10:11:26	Controller		INFO	sending to transmitter
20-02-2016 10:11:26	Transmitter		INFO	pushing into buff
20-02-2016 10:11:26	DataProcessor		INFO	polling
20-02-2016 10:11:26	CameraInterface		INFO	Read successful
20-02-2016 10:11:26	Controller		INFO	sending to transmitter
20-02-2016 10:11:26	Transmitter		INFO	pushing into buff
20-02-2016 10:11:26	DataProcessor		INFO	polling
20-02-2016 10:11:26	CameraInterface		INFO	Read successful
20-02-2016 10:11:26	Controller		INFO	sending to transmitter
20-02-2016 10:11:26	Transmitter		INFO	pushing into buff
20-02-2016 10:11:26	DataProcessor		INFO	polling
20-02-2016 10:11:26	CameraInterface		INFO	Read successful
20-02-2016 10:11:26	Controller		INFO	sending to transmitter
20-02-2016 10:11:26	Transmitter		INFO	pushing into buff
20-02-2016 10:11:27	DataProcessor		INFO	polling
20-02-2016 10:11:27	CameraInterface		INFO	Read successful
20-02-2016 10:11:27	Controller		INFO	sending to transmitter
20-02-2016 10:11:27	Transmitter		INFO	pushing into buff
20-02-2016 10:11:27	DataProcessor		INFO	polling
20-02-2016 10:11:27	CameraInterface		INFO	Read successful
20-02-2016 10:11:27	Controller		INFO	sending to transmitter
20-02-2016 10:11:27	Transmitter		INFO	pushing into buff
20-02-2016 10:11:27	DataProcessor		INFO	polling
20-02-2016 10:11:27	CameraInterface		INFO	Read successful
20-02-2016 10:11:27	Controller		INFO	sending to transmitter
20-02-2016 10:11:27	Transmitter		INFO	pushing into buff
20-02-2016 10:11:27	DataProcessor		INFO	polling
20-02-2016 10:11:27	CameraInterface		INFO	Read successful
20-02-2016 10:11:27	Controller		INFO	sending to transmitter
20-02-2016 10:11:27	Transmitter		INFO	pushing into buff
20-02-2016 10:11:27	DataProcessor		INFO	polling
20-02-2016 10:11:27	Transmitter		INFO	sending string: ‰PNG


20-02-2016 10:11:28	Transmitter		INFO	running
20-02-2016 10:11:28	Transmitter		INFO	getting from buffer
20-02-2016 10:11:28	CameraInterface		INFO	Read successful
20-02-2016 10:11:28	Controller		INFO	sending to transmitter
20-02-2016 10:11:28	Transmitter		INFO	pushing into buff
20-02-2016 10:11:28	DataProcessor		INFO	polling
20-02-2016 10:11:28	CameraInterface		INFO	Read successful
20-02-2016 10:11:28	Controller		INFO	sending to transmitter
20-02-2016 10:11:28	Transmitter		INFO	pushing into buff
20-02-2016 10:11:28	DataProcessor		INFO	polling
20-02-2016 10:11:28	CameraInterface		INFO	Read successful
20-02-2016 10:11:28	Controller		INFO	sending to transmitter
20-02-2016 10:11:28	Transmitter		INFO	pushing into buff
20-02-2016 10:11:28	DataProcessor		INFO	polling
20-02-2016 10:11:28	CameraInterface		INFO	Read successful
20-02-2016 10:11:28	Controller		INFO	sending to transmitter
20-02-2016 10:11:28	Transmitter		INFO	pushing into buff
20-02-2016 10:11:28	DataProcessor		INFO	polling
20-02-2016 10:11:29	CameraInterface		INFO	Read successful
20-02-2016 10:11:29	Controller		INFO	sending to transmitter
20-02-2016 10:11:29	Transmitter		INFO	pushing into buff
20-02-2016 10:11:29	DataProcessor		INFO	polling
20-02-2016 10:11:29	CameraInterface		INFO	Read successful
20-02-2016 10:11:29	Controller		INFO	sending to transmitter
20-02-2016 10:11:29	Transmitter		INFO	pushing into buff
20-02-2016 10:11:29	DataProcessor		INFO	polling
20-02-2016 10:11:29	CameraInterface		INFO	Read successful
20-02-2016 10:11:29	Controller		INFO	sending to transmitter
20-02-2016 10:11:29	Transmitter		INFO	pushing into buff
20-02-2016 10:11:29	DataProcessor		INFO	polling
20-02-2016 10:11:29	CameraInterface		INFO	Read successful
20-02-2016 10:11:29	Controller		INFO	sending to transmitter
20-02-2016 10:11:29	Transmitter		INFO	pushing into buff
20-02-2016 10:11:29	DataProcessor		INFO	polling
20-02-2016 10:11:29	CameraInterface		INFO	Read successful
20-02-2016 10:11:29	Controller		INFO	sending to transmitter
20-02-2016 10:11:29	Transmitter		INFO	pushing into buff
20-02-2016 10:11:29	DataProcessor		INFO	polling
20-02-2016 10:11:30	CameraInterface		INFO	Read successful
20-02-2016 10:11:30	Controller		INFO	sending to transmitter
20-02-2016 10:11:30	Transmitter		INFO	pushing into buff
20-02-2016 10:11:30	DataProcessor		INFO	polling
20-02-2016 10:11:30	CameraInterface		INFO	Read successful
20-02-2016 10:11:30	Controller		INFO	sending to transmitter
20-02-2016 10:11:30	Transmitter		INFO	pushing into buff
20-02-2016 10:11:30	DataProcessor		INFO	polling
20-02-2016 10:11:30	CameraInterface		INFO	Read successful
20-02-2016 10:11:30	Controller		INFO	sending to transmitter
20-02-2016 10:11:30	Transmitter		INFO	pushing into buff
20-02-2016 10:11:30	DataProcessor		INFO	polling
20-02-2016 10:11:30	CameraInterface		INFO	Read successful
20-02-2016 10:11:30	Controller		INFO	sending to transmitter
20-02-2016 10:11:30	Transmitter		INFO	pushing into buff
20-02-2016 10:11:30	DataProcessor		INFO	polling
20-02-2016 10:11:30	CameraInterface		INFO	Read successful
20-02-2016 10:11:30	Controller		INFO	sending to transmitter
20-02-2016 10:11:30	Transmitter		INFO	pushing into buff
20-02-2016 10:11:31	DataProcessor		INFO	polling
20-02-2016 10:11:31	CameraInterface		INFO	Read successful
20-02-2016 10:11:31	Controller		INFO	sending to transmitter
20-02-2016 10:11:31	Transmitter		INFO	pushing into buff
20-02-2016 10:11:31	DataProcessor		INFO	polling
20-02-2016 10:11:31	CameraInterface		INFO	Read successful
20-02-2016 10:11:31	Controller		INFO	sending to transmitter
20-02-2016 10:11:31	Transmitter		INFO	pushing into buff
20-02-2016 10:11:31	DataProcessor		INFO	polling
20-02-2016 10:11:31	CameraInterface		INFO	Read successful
20-02-2016 10:11:31	Controller		INFO	sending to transmitter
20-02-2016 10:11:31	Transmitter		INFO	pushing into buff
20-02-2016 10:11:31	DataProcessor		INFO	polling
20-02-2016 10:11:31	CameraInterface		INFO	Read successful
20-02-2016 10:11:31	Controller		INFO	sending to transmitter
20-02-2016 10:11:31	Transmitter		INFO	pushing into buff
20-02-2016 10:11:31	DataProcessor		INFO	polling
20-02-2016 10:11:32	CameraInterface		INFO	Read successful
20-02-2016 10:11:32	Controller		INFO	sending to transmitter
20-02-2016 10:11:32	Transmitter		INFO	pushing into buff
20-02-2016 10:11:32	DataProcessor		INFO	polling
20-02-2016 10:11:32	CameraInterface		INFO	Read successful
20-02-2016 10:11:32	Controller		INFO	sending to transmitter
20-02-2016 10:11:32	Transmitter		INFO	pushing into buff
20-02-2016 10:11:32	DataProcessor		INFO	polling
20-02-2016 10:11:32	CameraInterface		INFO	Read successful
20-02-2016 10:11:32	Controller		INFO	sending to transmitter
20-02-2016 10:11:32	Transmitter		INFO	pushing into buff
20-02-2016 10:11:32	DataProcessor		INFO	polling
20-02-2016 10:11:32	CameraInterface		INFO	Read successful
20-02-2016 10:11:32	Controller		INFO	sending to transmitter
20-02-2016 10:11:32	Transmitter		INFO	pushing into buff
20-02-2016 10:11:32	DataProcessor		INFO	polling
20-02-2016 10:11:32	CameraInterface		INFO	Read successful
20-02-2016 10:11:32	Controller		INFO	sending to transmitter
20-02-2016 10:11:32	Transmitter		INFO	pushing into buff
20-02-2016 10:11:32	DataProcessor		INFO	polling
20-02-2016 10:11:33	CameraInterface		INFO	Read successful
20-02-2016 10:11:33	Controller		INFO	sending to transmitter
20-02-2016 10:11:33	Transmitter		INFO	pushing into buff
20-02-2016 10:11:33	DataProcessor		INFO	polling
20-02-2016 10:11:33	CameraInterface		INFO	Read successful
20-02-2016 10:11:33	Controller		INFO	sending to transmitter
20-02-2016 10:11:33	Transmitter		INFO	pushing into buff
20-02-2016 10:11:33	DataProcessor		INFO	polling
20-02-2016 10:11:33	CameraInterface		INFO	Read successful
20-02-2016 10:11:33	Controller		INFO	sending to transmitter
20-02-2016 10:11:33	Transmitter		INFO	pushing into buff
20-02-2016 10:11:33	DataProcessor		INFO	polling
20-02-2016 10:11:33	CameraInterface		INFO	Read successful
20-02-2016 10:11:33	Controller		INFO	sending to transmitter
20-02-2016 10:11:33	Transmitter		INFO	pushing into buff
20-02-2016 10:11:33	DataProcessor		INFO	polling
20-02-2016 10:11:33	CameraInterface		INFO	Read successful
20-02-2016 10:11:34	Controller		INFO	sending to transmitter
20-02-2016 10:11:34	Transmitter		INFO	pushing into buff
20-02-2016 10:11:34	DataProcessor		INFO	polling
20-02-2016 10:11:34	CameraInterface		INFO	Read successful
20-02-2016 10:11:34	Controller		INFO	sending to transmitter
20-02-2016 10:11:34	Transmitter		INFO	pushing into buff
20-02-2016 10:11:34	DataProcessor		INFO	polling
20-02-2016 10:11:34	CameraInterface		INFO	Read successful
20-02-2016 10:11:34	Controller		INFO	sending to transmitter
20-02-2016 10:11:34	Transmitter		INFO	pushing into buff
20-02-2016 10:11:34	DataProcessor		INFO	polling
20-02-2016 10:11:34	CameraInterface		INFO	Read successful
20-02-2016 10:11:34	Controller		INFO	sending to transmitter
20-02-2016 10:11:34	Transmitter		INFO	pushing into buff
20-02-2016 10:11:34	DataProcessor		INFO	polling
20-02-2016 10:11:34	CameraInterface		INFO	Read successful
20-02-2016 10:11:34	Controller		INFO	sending to transmitter
20-02-2016 10:11:35	Transmitter		INFO	pushing into buff
20-02-2016 10:11:35	DataProcessor		INFO	polling
20-02-2016 10:11:35	CameraInterface		INFO	Read successful
20-02-2016 10:11:35	Controller		INFO	sending to transmitter
20-02-2016 10:11:35	Transmitter		INFO	pushing into buff
20-02-2016 10:11:35	DataProcessor		INFO	polling
20-02-2016 10:11:35	CameraInterface		INFO	Read successful
20-02-2016 10:11:35	Controller		INFO	sending to transmitter
20-02-2016 10:11:35	Transmitter		INFO	pushing into buff
20-02-2016 10:11:35	DataProcessor		INFO	polling
20-02-2016 10:11:35	CameraInterface		INFO	Read successful
20-02-2016 10:11:35	Controller		INFO	sending to transmitter
20-02-2016 10:11:35	Transmitter		INFO	pushing into buff
20-02-2016 10:11:35	DataProcessor		INFO	polling
20-02-2016 10:11:35	CameraInterface		INFO	Read successful
20-02-2016 10:11:35	Controller		INFO	sending to transmitter
20-02-2016 10:11:35	Transmitter		INFO	pushing into buff
20-02-2016 10:11:35	DataProcessor		INFO	polling
20-02-2016 10:11:36	CameraInterface		INFO	Read successful
20-02-2016 10:11:36	Controller		INFO	sending to transmitter
20-02-2016 10:11:36	Transmitter		INFO	pushing into buff
20-02-2016 10:11:36	DataProcessor		INFO	polling
20-02-2016 10:11:36	CameraInterface		INFO	Read successful
20-02-2016 10:11:36	Controller		INFO	sending to transmitter
20-02-2016 10:11:36	Transmitter		INFO	pushing into buff
20-02-2016 10:11:36	DataProcessor		INFO	polling
20-02-2016 10:11:36	CameraInterface		INFO	Read successful
20-02-2016 10:11:36	Controller		INFO	sending to transmitter
20-02-2016 10:11:36	Transmitter		INFO	pushing into buff
20-02-2016 10:11:36	DataProcessor		INFO	polling
20-02-2016 10:11:36	CameraInterface		INFO	Read successful
20-02-2016 10:11:37	Controller		INFO	sending to transmitter
20-02-2016 10:11:37	Transmitter		INFO	pushing into buff
20-02-2016 10:11:37	DataProcessor		INFO	polling
20-02-2016 10:11:37	CameraInterface		INFO	Read successful
20-02-2016 10:11:37	Controller		INFO	sending to transmitter
20-02-2016 10:11:37	Transmitter		INFO	pushing into buff
20-02-2016 10:11:37	DataProcessor		INFO	polling
20-02-2016 10:11:37	CameraInterface		INFO	Read successful
20-02-2016 10:11:37	Controller		INFO	sending to transmitter
20-02-2016 10:11:37	Transmitter		INFO	pushing into buff
20-02-2016 10:11:37	DataProcessor		INFO	polling
20-02-2016 10:11:40	CameraInterface		INFO	Read successful
20-02-2016 10:11:45	Controller		INFO	sending to transmitter
20-02-2016 10:11:45	Transmitter		INFO	pushing into buff
20-02-2016 10:11:45	DataProcessor		INFO	polling
20-02-2016 10:11:45	CameraInterface		INFO	Read successful
20-02-2016 10:11:46	Controller		INFO	sending to transmitter
20-02-2016 10:11:46	Transmitter		INFO	pushing into buff
20-02-2016 10:11:46	DataProcessor		INFO	polling
20-02-2016 10:11:46	CameraInterface		INFO	Read successful
20-02-2016 10:11:47	Controller		INFO	sending to transmitter
20-02-2016 10:11:47	Transmitter		INFO	pushing into buff
20-02-2016 10:11:48	DataProcessor		INFO	polling
20-02-2016 10:11:49	CameraInterface		INFO	Read successful
20-02-2016 10:11:51	Controller		INFO	sending to transmitter
20-02-2016 10:11:51	Transmitter		INFO	pushing into buff
20-02-2016 10:11:51	DataProcessor		INFO	polling
20-02-2016 10:11:51	CameraInterface		INFO	Read successful
20-02-2016 10:11:52	Controller		INFO	sending to transmitter
20-02-2016 10:11:52	Transmitter		INFO	pushing into buff
20-02-2016 10:11:52	DataProcessor		INFO	polling
20-02-2016 10:11:52	Transmitter		INFO	sending string: ‰PNG


20-02-2016 10:11:52	CameraInterface		INFO	Read successful
20-02-2016 10:11:52	Transmitter		INFO	running
20-02-2016 10:11:52	Transmitter		INFO	getting from buffer
20-02-2016 10:11:52	Controller		INFO	sending to transmitter
20-02-2016 10:11:52	Transmitter		INFO	pushing into buff
20-02-2016 10:11:52	DataProcessor		INFO	polling
20-02-2016 10:11:52	CameraInterface		INFO	Read successful
20-02-2016 10:11:52	Controller		INFO	sending to transmitter
20-02-2016 10:11:52	Transmitter		INFO	pushing into buff
20-02-2016 10:11:52	DataProcessor		INFO	polling
20-02-2016 10:11:54	CameraInterface		INFO	Read successful
20-02-2016 10:11:56	Controller		INFO	sending to transmitter
20-02-2016 10:11:56	Transmitter		INFO	pushing into buff
20-02-2016 10:11:56	DataProcessor		INFO	polling
20-02-2016 10:11:59	CameraInterface		INFO	Read successful
20-02-2016 10:11:59	Controller		INFO	sending to transmitter
20-02-2016 10:11:59	Transmitter		INFO	pushing into buff
20-02-2016 10:11:59	DataProcessor		INFO	polling
20-02-2016 10:12:00	CameraInterface		INFO	Read successful
20-02-2016 10:12:03	Controller		INFO	sending to transmitter
20-02-2016 10:12:03	Transmitter		INFO	pushing into buff
20-02-2016 10:12:03	DataProcessor		INFO	polling
20-02-2016 10:12:06	CameraInterface		INFO	Read successful
20-02-2016 10:12:06	Controller		INFO	sending to transmitter
20-02-2016 10:12:07	Transmitter		INFO	pushing into buff
20-02-2016 10:12:07	DataProcessor		INFO	polling
20-02-2016 10:12:10	CameraInterface		INFO	Read successful
20-02-2016 10:12:10	Controller		INFO	sending to transmitter
20-02-2016 10:12:10	Transmitter		INFO	pushing into buff
20-02-2016 10:12:10	DataProcessor		INFO	polling
20-02-2016 10:12:10	CameraInterface		INFO	Read successful
20-02-2016 10:12:10	Controller		INFO	sending to transmitter
20-02-2016 10:12:10	Transmitter		INFO	pushing into buff
20-02-2016 10:12:10	DataProcessor		INFO	polling
