21-02-2016 10:52:55	Main		TRACE	Logger initialized.
21-02-2016 10:52:55	PropertyReader		TRACE	Opening file: settings/settings.txt
21-02-2016 10:52:55	PropertyReader		INFO	File opened: settings/settings.txt
21-02-2016 10:52:55	PropertyReader		INFO	Loading properties file...
21-02-2016 10:52:55	PropertyReader		INFO	Mapped TRACE to LOGGING_LEVEL
21-02-2016 10:52:55	PropertyReader		INFO	Mapped 100 to CAM_BUFFER_SIZE
21-02-2016 10:52:55	PropertyReader		INFO	Mapped 15 to CAM_POLL_FREQUENCY
21-02-2016 10:52:55	PropertyReader		INFO	Mapped 0 to CAM_INDEX
21-02-2016 10:52:55	PropertyReader		DEBUG	Loaded 4 properties successfully
21-02-2016 10:52:55	Controller		INFO	Constructor controller
21-02-2016 10:52:55	Transmitter		INFO	socket retrieve success
21-02-2016 10:52:55	Transmitter		INFO	binding done
21-02-2016 10:52:55	Transmitter		INFO	done listening
21-02-2016 10:54:59	Transmitter		INFO	accepting
21-02-2016 10:54:59	Main		TRACE	intializing controller
21-02-2016 10:54:59	Controller		INFO	Initializing Controller
21-02-2016 10:54:59	Main		TRACE	initializing dataprocessor
21-02-2016 10:54:59	CameraInterface		INFO	Initializing camera
21-02-2016 10:54:59	CameraInterface		INFO	Opening video capture stream at position 0
21-02-2016 10:54:59	Receiver		INFO	Starting Receiver Thread execution loop
21-02-2016 10:54:59	ControllerThread		INFO	Starting Controller Thread execution loop
21-02-2016 10:54:59	Transmitter		INFO	Starting Receiver Thread execution loop
21-02-2016 10:54:59	Transmitter		INFO	running
21-02-2016 10:54:59	Transmitter		INFO	running
21-02-2016 10:54:59	Transmitter		INFO	running
21-02-2016 10:54:59	Transmitter		INFO	running
21-02-2016 10:54:59	Transmitter		INFO	running
21-02-2016 10:54:59	Transmitter		INFO	running
21-02-2016 10:54:59	Transmitter		INFO	running
21-02-2016 10:54:59	Transmitter		INFO	running
21-02-2016 10:54:59	Transmitter		INFO	running
21-02-2016 10:54:59	Transmitter		INFO	running
21-02-2016 10:54:59	Transmitter		INFO	running
21-02-2016 10:54:59	Transmitter		INFO	running
21-02-2016 10:54:59	Transmitter		INFO	running
21-02-2016 10:54:59	Transmitter		INFO	running
21-02-2016 10:54:59	Transmitter		INFO	running
21-02-2016 10:54:59	Transmitter		INFO	running
21-02-2016 10:54:59	Transmitter		INFO	running
21-02-2016 10:54:59	Transmitter		INFO	running
21-02-2016 10:54:59	Transmitter		INFO	running
21-02-2016 10:54:59	Transmitter		INFO	running
21-02-2016 10:54:59	Transmitter		INFO	running
21-02-2016 10:54:59	Transmitter		INFO	running
21-02-2016 10:54:59	Transmitter		INFO	running
21-02-2016 10:54:59	Transmitter		INFO	running
21-02-2016 10:54:59	Transmitter		INFO	running
21-02-2016 10:54:59	Transmitter		INFO	running
21-02-2016 10:54:59	Transmitter		INFO	running
21-02-2016 10:54:59	Transmitter		INFO	running
21-02-2016 10:54:59	Transmitter		INFO	running
21-02-2016 10:54:59	Transmitter		INFO	running
21-02-2016 10:54:59	Transmitter		INFO	running
21-02-2016 10:54:59	Transmitter		INFO	running
21-02-2016 10:54:59	Transmitter		INFO	running
21-02-2016 10:54:59	Transmitter		INFO	running
21-02-2016 10:54:59	Transmitter		INFO	running
21-02-2016 10:54:59	Transmitter		INFO	running
21-02-2016 10:54:59	Transmitter		INFO	running
21-02-2016 10:54:59	Transmitter		INFO	running
21-02-2016 10:54:59	Transmitter		INFO	running
21-02-2016 10:54:59	Transmitter		INFO	running
21-02-2016 10:54:59	Transmitter		INFO	running
21-02-2016 10:54:59	Transmitter		INFO	running
21-02-2016 10:54:59	Transmitter		INFO	running
21-02-2016 10:54:59	Transmitter		INFO	running
21-02-2016 10:54:59	Transmitter		INFO	running
21-02-2016 10:54:59	Transmitter		INFO	running
21-02-2016 10:54:59	Transmitter		INFO	running
21-02-2016 10:54:59	Transmitter		INFO	running
21-02-2016 10:54:59	Main		TRACE	running controller
21-02-2016 10:54:59	DataProcessor		INFO	polling
21-02-2016 10:54:59	Transmitter		INFO	running
21-02-2016 10:54:59	Transmitter		INFO	running
21-02-2016 10:54:59	Transmitter		INFO	running
21-02-2016 10:54:59	Transmitter		INFO	running
21-02-2016 10:54:59	Transmitter		INFO	running
21-02-2016 10:54:59	Transmitter		INFO	running
21-02-2016 10:54:59	Transmitter		INFO	running
21-02-2016 10:54:59	Transmitter		INFO	running
21-02-2016 10:54:59	Transmitter		INFO	running
21-02-2016 10:54:59	Transmitter		INFO	running
21-02-2016 10:54:59	Transmitter		INFO	running
21-02-2016 10:54:59	Transmitter		INFO	running
21-02-2016 10:54:59	Transmitter		INFO	running
21-02-2016 10:54:59	Transmitter		INFO	running
21-02-2016 10:54:59	Transmitter		INFO	running
21-02-2016 10:54:59	Transmitter		INFO	running
21-02-2016 10:54:59	Transmitter		INFO	running
21-02-2016 10:54:59	Transmitter		INFO	running
21-02-2016 10:54:59	Transmitter		INFO	running
21-02-2016 10:54:59	Transmitter		INFO	running
21-02-2016 10:54:59	Transmitter		INFO	running
21-02-2016 10:54:59	Transmitter		INFO	running
21-02-2016 10:54:59	Transmitter		INFO	running
21-02-2016 10:54:59	Transmitter		INFO	running
21-02-2016 10:54:59	Transmitter		INFO	running
21-02-2016 10:54:59	Transmitter		INFO	running
21-02-2016 10:54:59	Transmitter		INFO	running
21-02-2016 10:54:59	Transmitter		INFO	running
21-02-2016 10:54:59	Transmitter		INFO	running
21-02-2016 10:54:59	Transmitter		INFO	running
21-02-2016 10:54:59	Transmitter		INFO	running
21-02-2016 10:54:59	Transmitter		INFO	running
21-02-2016 10:54:59	Transmitter		INFO	running
21-02-2016 10:54:59	Transmitter		INFO	running
21-02-2016 10:54:59	Transmitter		INFO	running
21-02-2016 10:54:59	Transmitter		INFO	running
21-02-2016 10:54:59	Transmitter		INFO	running
21-02-2016 10:54:59	Transmitter		INFO	running
21-02-2016 10:54:59	Transmitter		INFO	running
21-02-2016 10:54:59	Transmitter		INFO	running
21-02-2016 10:54:59	Transmitter		INFO	running
21-02-2016 10:54:59	Transmitter		INFO	running
21-02-2016 10:54:59	Transmitter		INFO	running
21-02-2016 10:54:59	Transmitter		INFO	running
21-02-2016 10:54:59	Transmitter		INFO	running
21-02-2016 10:54:59	Transmitter		INFO	running
21-02-2016 10:54:59	Transmitter		INFO	running
21-02-2016 10:54:59	Transmitter		INFO	running
21-02-2016 10:54:59	Transmitter		INFO	running
21-02-2016 10:54:59	Transmitter		INFO	running
21-02-2016 10:54:59	Transmitter		INFO	running
21-02-2016 10:54:59	Transmitter		INFO	running
21-02-2016 10:54:59	Transmitter		INFO	running
21-02-2016 10:54:59	Transmitter		INFO	running
21-02-2016 10:54:59	Transmitter		INFO	running
21-02-2016 10:54:59	Transmitter		INFO	running
21-02-2016 10:54:59	Transmitter		INFO	running
21-02-2016 10:54:59	Transmitter		INFO	running
21-02-2016 10:54:59	Transmitter		INFO	running
21-02-2016 10:54:59	Transmitter		INFO	running
21-02-2016 10:54:59	Transmitter		INFO	running
21-02-2016 10:54:59	Transmitter		INFO	running
21-02-2016 10:54:59	Transmitter		INFO	running
21-02-2016 10:54:59	Transmitter		INFO	running
21-02-2016 10:54:59	Transmitter		INFO	running
21-02-2016 10:54:59	Transmitter		INFO	running
21-02-2016 10:54:59	Transmitter		INFO	running
21-02-2016 10:54:59	Transmitter		INFO	running
21-02-2016 10:54:59	Transmitter		INFO	running
21-02-2016 10:54:59	Transmitter		INFO	running
21-02-2016 10:54:59	Transmitter		INFO	running
21-02-2016 10:54:59	Transmitter		INFO	running
21-02-2016 10:54:59	Transmitter		INFO	running
21-02-2016 10:54:59	Transmitter		INFO	running
21-02-2016 10:54:59	Transmitter		INFO	running
21-02-2016 10:54:59	Transmitter		INFO	running
21-02-2016 10:54:59	Transmitter		INFO	running
21-02-2016 10:54:59	Transmitter		INFO	running
21-02-2016 10:54:59	Transmitter		INFO	running
21-02-2016 10:54:59	Transmitter		INFO	running
21-02-2016 10:54:59	Transmitter		INFO	running
21-02-2016 10:54:59	Transmitter		INFO	running
21-02-2016 10:54:59	Transmitter		INFO	running
21-02-2016 10:54:59	Transmitter		INFO	running
21-02-2016 10:54:59	Transmitter		INFO	running
21-02-2016 10:54:59	Transmitter		INFO	running
21-02-2016 10:54:59	Transmitter		INFO	running
21-02-2016 10:54:59	Transmitter		INFO	running
21-02-2016 10:54:59	Transmitter		INFO	running
21-02-2016 10:54:59	Transmitter		INFO	running
21-02-2016 10:54:59	Transmitter		INFO	running
21-02-2016 10:54:59	Transmitter		INFO	running
21-02-2016 10:54:59	Transmitter		INFO	running
21-02-2016 10:54:59	Transmitter		INFO	running
21-02-2016 10:54:59	Transmitter		INFO	running
21-02-2016 10:54:59	Transmitter		INFO	running
21-02-2016 10:54:59	Transmitter		INFO	running
21-02-2016 10:54:59	Transmitter		INFO	running
21-02-2016 10:54:59	Transmitter		INFO	running
21-02-2016 10:54:59	Transmitter		INFO	running
21-02-2016 10:54:59	Transmitter		INFO	running
21-02-2016 10:54:59	Transmitter		INFO	running
21-02-2016 10:54:59	Transmitter		INFO	running
21-02-2016 10:54:59	Transmitter		INFO	running
21-02-2016 10:54:59	Transmitter		INFO	running
21-02-2016 10:55:00	Transmitter		INFO	running
21-02-2016 10:55:00	Transmitter		INFO	running
21-02-2016 10:55:00	Transmitter		INFO	running
21-02-2016 10:55:00	Transmitter		INFO	running
21-02-2016 10:55:00	Transmitter		INFO	running
21-02-2016 10:55:00	Transmitter		INFO	running
21-02-2016 10:55:00	Transmitter		INFO	running
21-02-2016 10:55:00	CameraInterface		INFO	Read successful
21-02-2016 10:55:00	Controller		INFO	sending to transmitter
21-02-2016 10:55:00	Transmitter		INFO	pushing into buff
21-02-2016 10:55:00	DataProcessor		INFO	polling
21-02-2016 10:55:00	Transmitter		INFO	running
21-02-2016 10:55:00	Transmitter		INFO	getting from buffer
21-02-2016 10:55:00	CameraInterface		INFO	Read successful
21-02-2016 10:55:00	Controller		INFO	sending to transmitter
21-02-2016 10:55:00	Transmitter		INFO	pushing into buff
21-02-2016 10:55:00	DataProcessor		INFO	polling
21-02-2016 10:55:00	CameraInterface		INFO	Read successful
21-02-2016 10:55:00	Controller		INFO	sending to transmitter
21-02-2016 10:55:00	Transmitter		INFO	pushing into buff
21-02-2016 10:55:00	DataProcessor		INFO	polling
21-02-2016 10:55:00	CameraInterface		INFO	Read successful
21-02-2016 10:55:00	Controller		INFO	sending to transmitter
21-02-2016 10:55:00	Transmitter		INFO	pushing into buff
21-02-2016 10:55:00	DataProcessor		INFO	polling
21-02-2016 10:55:00	CameraInterface		INFO	Read successful
21-02-2016 10:55:00	Controller		INFO	sending to transmitter
21-02-2016 10:55:00	Transmitter		INFO	pushing into buff
21-02-2016 10:55:00	DataProcessor		INFO	polling
21-02-2016 10:55:01	CameraInterface		INFO	Read successful
21-02-2016 10:55:01	Controller		INFO	sending to transmitter
21-02-2016 10:55:01	Transmitter		INFO	pushing into buff
21-02-2016 10:55:01	DataProcessor		INFO	polling
21-02-2016 10:55:01	CameraInterface		INFO	Read successful
21-02-2016 10:55:01	Controller		INFO	sending to transmitter
21-02-2016 10:55:01	Transmitter		INFO	pushing into buff
21-02-2016 10:55:01	DataProcessor		INFO	polling
21-02-2016 10:55:01	CameraInterface		INFO	Read successful
21-02-2016 10:55:01	Controller		INFO	sending to transmitter
21-02-2016 10:55:01	Transmitter		INFO	pushing into buff
21-02-2016 10:55:01	DataProcessor		INFO	polling
21-02-2016 10:55:01	CameraInterface		INFO	Read successful
21-02-2016 10:55:01	Controller		INFO	sending to transmitter
21-02-2016 10:55:01	Transmitter		INFO	pushing into buff
21-02-2016 10:55:01	DataProcessor		INFO	polling
21-02-2016 10:55:02	CameraInterface		INFO	Read successful
21-02-2016 10:55:02	Controller		INFO	sending to transmitter
21-02-2016 10:55:02	Transmitter		INFO	pushing into buff
21-02-2016 10:55:02	DataProcessor		INFO	polling
21-02-2016 10:55:02	CameraInterface		INFO	Read successful
21-02-2016 10:55:02	Controller		INFO	sending to transmitter
21-02-2016 10:55:02	Transmitter		INFO	pushing into buff
21-02-2016 10:55:02	DataProcessor		INFO	polling
21-02-2016 10:55:02	CameraInterface		INFO	Read successful
21-02-2016 10:55:02	Controller		INFO	sending to transmitter
21-02-2016 10:55:02	Transmitter		INFO	pushing into buff
21-02-2016 10:55:02	DataProcessor		INFO	polling
21-02-2016 10:55:02	CameraInterface		INFO	Read successful
21-02-2016 10:55:02	Controller		INFO	sending to transmitter
21-02-2016 10:55:02	Transmitter		INFO	pushing into buff
21-02-2016 10:55:02	DataProcessor		INFO	polling
21-02-2016 10:55:03	CameraInterface		INFO	Read successful
21-02-2016 10:55:03	Controller		INFO	sending to transmitter
21-02-2016 10:55:03	Transmitter		INFO	pushing into buff
21-02-2016 10:55:03	DataProcessor		INFO	polling
21-02-2016 10:55:03	CameraInterface		INFO	Read successful
21-02-2016 10:55:03	Controller		INFO	sending to transmitter
21-02-2016 10:55:03	Transmitter		INFO	pushing into buff
21-02-2016 10:55:03	DataProcessor		INFO	polling
21-02-2016 10:55:03	CameraInterface		INFO	Read successful
21-02-2016 10:55:03	Controller		INFO	sending to transmitter
21-02-2016 10:55:03	Transmitter		INFO	pushing into buff
21-02-2016 10:55:03	DataProcessor		INFO	polling
21-02-2016 10:55:03	CameraInterface		INFO	Read successful
21-02-2016 10:55:03	Controller		INFO	sending to transmitter
21-02-2016 10:55:03	Transmitter		INFO	pushing into buff
21-02-2016 10:55:03	DataProcessor		INFO	polling
21-02-2016 10:55:03	CameraInterface		INFO	Read successful
21-02-2016 10:55:04	Controller		INFO	sending to transmitter
21-02-2016 10:55:04	Transmitter		INFO	pushing into buff
21-02-2016 10:55:04	DataProcessor		INFO	polling
21-02-2016 10:55:04	CameraInterface		INFO	Read successful
21-02-2016 10:55:04	Controller		INFO	sending to transmitter
21-02-2016 10:55:04	Transmitter		INFO	pushing into buff
21-02-2016 10:55:04	DataProcessor		INFO	polling
21-02-2016 10:55:04	CameraInterface		INFO	Read successful
21-02-2016 10:55:04	Controller		INFO	sending to transmitter
21-02-2016 10:55:04	Transmitter		INFO	pushing into buff
21-02-2016 10:55:04	DataProcessor		INFO	polling
21-02-2016 10:55:04	CameraInterface		INFO	Read successful
21-02-2016 10:55:04	Controller		INFO	sending to transmitter
21-02-2016 10:55:04	Transmitter		INFO	pushing into buff
21-02-2016 10:55:04	DataProcessor		INFO	polling
21-02-2016 10:55:04	CameraInterface		INFO	Read successful
21-02-2016 10:55:04	Controller		INFO	sending to transmitter
21-02-2016 10:55:04	Transmitter		INFO	pushing into buff
21-02-2016 10:55:04	DataProcessor		INFO	polling
21-02-2016 10:55:04	Transmitter		INFO	sending string: 177415
21-02-2016 10:55:05	CameraInterface		INFO	Read successful
21-02-2016 10:55:05	Controller		INFO	sending to transmitter
21-02-2016 10:55:05	Transmitter		INFO	pushing into buff
21-02-2016 10:55:05	DataProcessor		INFO	polling
21-02-2016 10:55:05	Transmitter		INFO	running
21-02-2016 10:55:05	Transmitter		INFO	getting from buffer
21-02-2016 10:55:05	CameraInterface		INFO	Read successful
21-02-2016 10:55:05	Controller		INFO	sending to transmitter
21-02-2016 10:55:05	Transmitter		INFO	pushing into buff
21-02-2016 10:55:05	DataProcessor		INFO	polling
21-02-2016 10:55:05	CameraInterface		INFO	Read successful
21-02-2016 10:55:05	Controller		INFO	sending to transmitter
21-02-2016 10:55:05	Transmitter		INFO	pushing into buff
21-02-2016 10:55:05	DataProcessor		INFO	polling
21-02-2016 10:55:05	CameraInterface		INFO	Read successful
21-02-2016 10:55:05	Controller		INFO	sending to transmitter
21-02-2016 10:55:05	Transmitter		INFO	pushing into buff
21-02-2016 10:55:05	DataProcessor		INFO	polling
21-02-2016 10:55:05	CameraInterface		INFO	Read successful
21-02-2016 10:55:05	Controller		INFO	sending to transmitter
21-02-2016 10:55:06	Transmitter		INFO	pushing into buff
21-02-2016 10:55:06	DataProcessor		INFO	polling
21-02-2016 10:55:06	CameraInterface		INFO	Read successful
21-02-2016 10:55:06	Controller		INFO	sending to transmitter
21-02-2016 10:55:06	Transmitter		INFO	pushing into buff
21-02-2016 10:55:06	DataProcessor		INFO	polling
21-02-2016 10:55:06	CameraInterface		INFO	Read successful
21-02-2016 10:55:06	Controller		INFO	sending to transmitter
21-02-2016 10:55:06	Transmitter		INFO	pushing into buff
21-02-2016 10:55:06	DataProcessor		INFO	polling
21-02-2016 10:55:06	CameraInterface		INFO	Read successful
21-02-2016 10:55:06	Controller		INFO	sending to transmitter
21-02-2016 10:55:06	Transmitter		INFO	pushing into buff
21-02-2016 10:55:06	DataProcessor		INFO	polling
21-02-2016 10:55:06	CameraInterface		INFO	Read successful
21-02-2016 10:55:06	Controller		INFO	sending to transmitter
21-02-2016 10:55:06	Transmitter		INFO	pushing into buff
21-02-2016 10:55:06	DataProcessor		INFO	polling
21-02-2016 10:55:07	CameraInterface		INFO	Read successful
21-02-2016 10:55:07	Controller		INFO	sending to transmitter
21-02-2016 10:55:07	Transmitter		INFO	pushing into buff
21-02-2016 10:55:07	DataProcessor		INFO	polling
21-02-2016 10:55:07	CameraInterface		INFO	Read successful
21-02-2016 10:55:07	Controller		INFO	sending to transmitter
21-02-2016 10:55:07	Transmitter		INFO	pushing into buff
21-02-2016 10:55:07	DataProcessor		INFO	polling
21-02-2016 10:55:07	CameraInterface		INFO	Read successful
21-02-2016 10:55:07	Controller		INFO	sending to transmitter
21-02-2016 10:55:07	Transmitter		INFO	pushing into buff
21-02-2016 10:55:07	DataProcessor		INFO	polling
21-02-2016 10:55:07	CameraInterface		INFO	Read successful
21-02-2016 10:55:07	Controller		INFO	sending to transmitter
21-02-2016 10:55:07	Transmitter		INFO	pushing into buff
21-02-2016 10:55:07	DataProcessor		INFO	polling
21-02-2016 10:55:07	CameraInterface		INFO	Read successful
21-02-2016 10:55:07	Controller		INFO	sending to transmitter
21-02-2016 10:55:07	Transmitter		INFO	pushing into buff
21-02-2016 10:55:07	DataProcessor		INFO	polling
21-02-2016 10:55:08	CameraInterface		INFO	Read successful
21-02-2016 10:55:08	Controller		INFO	sending to transmitter
21-02-2016 10:55:08	Transmitter		INFO	pushing into buff
21-02-2016 10:55:08	DataProcessor		INFO	polling
21-02-2016 10:55:08	CameraInterface		INFO	Read successful
21-02-2016 10:55:08	Controller		INFO	sending to transmitter
21-02-2016 10:55:08	Transmitter		INFO	pushing into buff
21-02-2016 10:55:08	DataProcessor		INFO	polling
21-02-2016 10:55:08	CameraInterface		INFO	Read successful
21-02-2016 10:55:08	Controller		INFO	sending to transmitter
21-02-2016 10:55:08	Transmitter		INFO	pushing into buff
21-02-2016 10:55:08	DataProcessor		INFO	polling
21-02-2016 10:55:08	CameraInterface		INFO	Read successful
21-02-2016 10:55:08	Controller		INFO	sending to transmitter
21-02-2016 10:55:08	Transmitter		INFO	pushing into buff
21-02-2016 10:55:08	DataProcessor		INFO	polling
21-02-2016 10:55:09	CameraInterface		INFO	Read successful
21-02-2016 10:55:09	Controller		INFO	sending to transmitter
21-02-2016 10:55:09	Transmitter		INFO	pushing into buff
21-02-2016 10:55:09	DataProcessor		INFO	polling
21-02-2016 10:55:09	CameraInterface		INFO	Read successful
21-02-2016 10:55:09	Controller		INFO	sending to transmitter
21-02-2016 10:55:09	Transmitter		INFO	pushing into buff
21-02-2016 10:55:09	DataProcessor		INFO	polling
21-02-2016 10:55:09	CameraInterface		INFO	Read successful
21-02-2016 10:55:09	Controller		INFO	sending to transmitter
21-02-2016 10:55:09	Transmitter		INFO	pushing into buff
21-02-2016 10:55:09	DataProcessor		INFO	polling
21-02-2016 10:55:09	CameraInterface		INFO	Read successful
21-02-2016 10:55:09	Controller		INFO	sending to transmitter
21-02-2016 10:55:09	Transmitter		INFO	pushing into buff
21-02-2016 10:55:09	DataProcessor		INFO	polling
21-02-2016 10:55:09	CameraInterface		INFO	Read successful
21-02-2016 10:55:09	Controller		INFO	sending to transmitter
21-02-2016 10:55:09	Transmitter		INFO	pushing into buff
21-02-2016 10:55:09	DataProcessor		INFO	polling
21-02-2016 10:55:10	CameraInterface		INFO	Read successful
21-02-2016 10:55:10	Controller		INFO	sending to transmitter
21-02-2016 10:55:10	Transmitter		INFO	pushing into buff
21-02-2016 10:55:10	DataProcessor		INFO	polling
