21-02-2016 10:42:50	Main		TRACE	Logger initialized.
21-02-2016 10:42:50	PropertyReader		TRACE	Opening file: settings/settings.txt
21-02-2016 10:42:50	PropertyReader		INFO	File opened: settings/settings.txt
21-02-2016 10:42:50	PropertyReader		INFO	Loading properties file...
21-02-2016 10:42:50	PropertyReader		INFO	Mapped TRACE to LOGGING_LEVEL
21-02-2016 10:42:50	PropertyReader		INFO	Mapped 100 to CAM_BUFFER_SIZE
21-02-2016 10:42:50	PropertyReader		INFO	Mapped 15 to CAM_POLL_FREQUENCY
21-02-2016 10:42:50	PropertyReader		INFO	Mapped 0 to CAM_INDEX
21-02-2016 10:42:50	PropertyReader		DEBUG	Loaded 4 properties successfully
21-02-2016 10:42:50	Controller		INFO	Constructor controller
21-02-2016 10:42:50	Transmitter		INFO	socket retrieve success
21-02-2016 10:42:50	Transmitter		INFO	binding done
21-02-2016 10:42:50	Transmitter		INFO	done listening
21-02-2016 10:44:48	Transmitter		INFO	accepting
21-02-2016 10:44:48	Main		TRACE	intializing controller
21-02-2016 10:44:48	Controller		INFO	Initializing Controller
21-02-2016 10:44:48	Main		TRACE	initializing dataprocessor
21-02-2016 10:44:48	CameraInterface		INFO	Initializing camera
21-02-2016 10:44:48	CameraInterface		INFO	Opening video capture stream at position 0
21-02-2016 10:44:48	ControllerThread		INFO	Starting Controller Thread execution loop
21-02-2016 10:44:48	Receiver		INFO	Starting Receiver Thread execution loop
21-02-2016 10:44:48	Transmitter		INFO	Starting Receiver Thread execution loop
21-02-2016 10:44:48	Transmitter		INFO	running
21-02-2016 10:44:48	Transmitter		INFO	running
21-02-2016 10:44:48	Transmitter		INFO	running
21-02-2016 10:44:48	Transmitter		INFO	running
21-02-2016 10:44:48	Transmitter		INFO	running
21-02-2016 10:44:48	Transmitter		INFO	running
21-02-2016 10:44:48	Transmitter		INFO	running
21-02-2016 10:44:48	Transmitter		INFO	running
21-02-2016 10:44:48	Transmitter		INFO	running
21-02-2016 10:44:48	Transmitter		INFO	running
21-02-2016 10:44:48	Transmitter		INFO	running
21-02-2016 10:44:48	Transmitter		INFO	running
21-02-2016 10:44:48	Transmitter		INFO	running
21-02-2016 10:44:48	Transmitter		INFO	running
21-02-2016 10:44:48	Transmitter		INFO	running
21-02-2016 10:44:48	Transmitter		INFO	running
21-02-2016 10:44:48	Transmitter		INFO	running
21-02-2016 10:44:48	Transmitter		INFO	running
21-02-2016 10:44:48	Transmitter		INFO	running
21-02-2016 10:44:48	Transmitter		INFO	running
21-02-2016 10:44:48	Transmitter		INFO	running
21-02-2016 10:44:48	Transmitter		INFO	running
21-02-2016 10:44:48	Transmitter		INFO	running
21-02-2016 10:44:48	Transmitter		INFO	running
21-02-2016 10:44:48	Transmitter		INFO	running
21-02-2016 10:44:48	Transmitter		INFO	running
21-02-2016 10:44:48	Transmitter		INFO	running
21-02-2016 10:44:48	Transmitter		INFO	running
21-02-2016 10:44:48	Transmitter		INFO	running
21-02-2016 10:44:48	Transmitter		INFO	running
21-02-2016 10:44:48	Transmitter		INFO	running
21-02-2016 10:44:48	Transmitter		INFO	running
21-02-2016 10:44:48	Transmitter		INFO	running
21-02-2016 10:44:48	Transmitter		INFO	running
21-02-2016 10:44:48	Transmitter		INFO	running
21-02-2016 10:44:48	Transmitter		INFO	running
21-02-2016 10:44:48	Transmitter		INFO	running
21-02-2016 10:44:48	Main		TRACE	running controller
21-02-2016 10:44:48	DataProcessor		INFO	polling
21-02-2016 10:44:48	DataProcessor		INFO	polling
21-02-2016 10:44:48	Transmitter		INFO	running
21-02-2016 10:44:48	Transmitter		INFO	running
21-02-2016 10:44:48	Transmitter		INFO	running
21-02-2016 10:44:48	Transmitter		INFO	running
21-02-2016 10:44:48	Transmitter		INFO	running
21-02-2016 10:44:48	Transmitter		INFO	running
21-02-2016 10:44:48	Transmitter		INFO	running
21-02-2016 10:44:48	Transmitter		INFO	running
21-02-2016 10:44:48	Transmitter		INFO	running
21-02-2016 10:44:48	Transmitter		INFO	running
21-02-2016 10:44:48	Transmitter		INFO	running
21-02-2016 10:44:48	Transmitter		INFO	running
21-02-2016 10:44:48	Transmitter		INFO	running
21-02-2016 10:44:48	Transmitter		INFO	running
21-02-2016 10:44:48	Transmitter		INFO	running
21-02-2016 10:44:48	Transmitter		INFO	running
21-02-2016 10:44:48	Transmitter		INFO	running
21-02-2016 10:44:48	Transmitter		INFO	running
21-02-2016 10:44:48	Transmitter		INFO	running
21-02-2016 10:44:48	Transmitter		INFO	running
21-02-2016 10:44:48	Transmitter		INFO	running
21-02-2016 10:44:48	Transmitter		INFO	running
21-02-2016 10:44:48	Transmitter		INFO	running
21-02-2016 10:44:48	Transmitter		INFO	running
21-02-2016 10:44:48	Transmitter		INFO	running
21-02-2016 10:44:48	Transmitter		INFO	running
21-02-2016 10:44:48	Transmitter		INFO	running
21-02-2016 10:44:48	Transmitter		INFO	running
21-02-2016 10:44:48	Transmitter		INFO	running
21-02-2016 10:44:48	Transmitter		INFO	running
21-02-2016 10:44:48	Transmitter		INFO	running
21-02-2016 10:44:48	Transmitter		INFO	running
21-02-2016 10:44:48	Transmitter		INFO	running
21-02-2016 10:44:48	Transmitter		INFO	running
21-02-2016 10:44:48	Transmitter		INFO	running
21-02-2016 10:44:48	Transmitter		INFO	running
21-02-2016 10:44:48	Transmitter		INFO	running
21-02-2016 10:44:48	Transmitter		INFO	running
21-02-2016 10:44:48	Transmitter		INFO	running
21-02-2016 10:44:48	Transmitter		INFO	running
21-02-2016 10:44:48	Transmitter		INFO	running
21-02-2016 10:44:48	Transmitter		INFO	running
21-02-2016 10:44:48	Transmitter		INFO	running
21-02-2016 10:44:48	Transmitter		INFO	running
21-02-2016 10:44:48	Transmitter		INFO	running
21-02-2016 10:44:48	Transmitter		INFO	running
21-02-2016 10:44:48	Transmitter		INFO	running
21-02-2016 10:44:48	Transmitter		INFO	running
21-02-2016 10:44:48	Transmitter		INFO	running
21-02-2016 10:44:48	Transmitter		INFO	running
21-02-2016 10:44:48	Transmitter		INFO	running
21-02-2016 10:44:48	Transmitter		INFO	running
21-02-2016 10:44:48	Transmitter		INFO	running
21-02-2016 10:44:48	Transmitter		INFO	running
21-02-2016 10:44:48	Transmitter		INFO	running
21-02-2016 10:44:48	Transmitter		INFO	running
21-02-2016 10:44:48	Transmitter		INFO	running
21-02-2016 10:44:48	Transmitter		INFO	running
21-02-2016 10:44:48	Transmitter		INFO	running
21-02-2016 10:44:48	Transmitter		INFO	running
21-02-2016 10:44:49	Transmitter		INFO	running
21-02-2016 10:44:49	Transmitter		INFO	running
21-02-2016 10:44:49	Transmitter		INFO	running
21-02-2016 10:44:49	Transmitter		INFO	running
21-02-2016 10:44:49	Transmitter		INFO	running
21-02-2016 10:44:49	Transmitter		INFO	running
21-02-2016 10:44:49	Transmitter		INFO	running
21-02-2016 10:44:49	Transmitter		INFO	running
21-02-2016 10:44:49	Transmitter		INFO	running
21-02-2016 10:44:49	Transmitter		INFO	running
21-02-2016 10:44:49	Transmitter		INFO	running
21-02-2016 10:44:49	Transmitter		INFO	running
21-02-2016 10:44:49	Transmitter		INFO	running
21-02-2016 10:44:49	Transmitter		INFO	running
21-02-2016 10:44:49	Transmitter		INFO	running
21-02-2016 10:44:49	Transmitter		INFO	running
21-02-2016 10:44:49	Transmitter		INFO	running
21-02-2016 10:44:49	Transmitter		INFO	running
21-02-2016 10:44:49	Transmitter		INFO	running
21-02-2016 10:44:49	Transmitter		INFO	running
21-02-2016 10:44:49	Transmitter		INFO	running
21-02-2016 10:44:49	Transmitter		INFO	running
21-02-2016 10:44:49	Transmitter		INFO	running
21-02-2016 10:44:49	Transmitter		INFO	running
21-02-2016 10:44:49	Transmitter		INFO	running
21-02-2016 10:44:49	Transmitter		INFO	running
21-02-2016 10:44:49	Transmitter		INFO	running
21-02-2016 10:44:49	Transmitter		INFO	running
21-02-2016 10:44:49	Transmitter		INFO	running
21-02-2016 10:44:49	Transmitter		INFO	running
21-02-2016 10:44:49	Transmitter		INFO	running
21-02-2016 10:44:49	Transmitter		INFO	running
21-02-2016 10:44:49	Transmitter		INFO	running
21-02-2016 10:44:49	Transmitter		INFO	running
21-02-2016 10:44:49	Transmitter		INFO	running
21-02-2016 10:44:49	Transmitter		INFO	running
21-02-2016 10:44:49	Transmitter		INFO	running
21-02-2016 10:44:49	Transmitter		INFO	running
21-02-2016 10:44:49	Transmitter		INFO	running
21-02-2016 10:44:49	CameraInterface		INFO	Read successful
21-02-2016 10:44:49	Controller		INFO	sending to transmitter
21-02-2016 10:44:49	Controller		INFO	sending t21-02-2016 10:44:49	Transmitter		INFO	running
21-02-2016 10:44:49	Transmitter		INFO	running
21-02-2016 10:44:49	Transmitter		INFO	pushing into buff
21-02-2016 10:44:49	DataProcessor		INFO	polling
21-02-2016 10:44:49	DataProcessor		INFO	polling
21-02-2016 10:44:49	Transmitter		INFO	running
21-02-2016 10:44:49	Transmitter		INFO	getting from buffer
21-02-2016 10:44:49	CameraInterface		INFO	Read successful
21-02-2016 10:44:49	Controller		INFO	sending to transmitter
21-02-2016 10:44:49	Transmitter		INFO	pushing into buff
21-02-2016 10:44:49	DataProcessor		INFO	polling
21-02-2016 10:44:49	CameraInterface		INFO	Read successful
21-02-2016 10:44:49	Controller		INFO	sending to transmitter
21-02-2016 10:44:49	Transmitter		INFO	pushing into buff
21-02-2016 10:44:49	DataProcessor		INFO	polling
21-02-2016 10:44:50	CameraInterface		INFO	Read successful
21-02-2016 10:44:50	Controller		INFO	sending to transmitter
21-02-2016 10:44:50	Transmitter		INFO	pushing into buff
21-02-2016 10:44:50	DataProcessor		INFO	polling
21-02-2016 10:44:50	CameraInterface		INFO	Read successful
21-02-2016 10:44:50	Controller		INFO	sending to transmitter
21-02-2016 10:44:50	Transmitter		INFO	pushing into buff
21-02-2016 10:44:50	DataProcessor		INFO	polling
21-02-2016 10:44:50	CameraInterface		INFO	Read successful
21-02-2016 10:44:50	Controller		INFO	sending to transmitter
21-02-2016 10:44:50	Transmitter		INFO	pushing into buff
21-02-2016 10:44:50	DataProcessor		INFO	polling
21-02-2016 10:44:50	CameraInterface		INFO	Read successful
21-02-2016 10:44:50	Controller		INFO	sending to transmitter
21-02-2016 10:44:50	Transmitter		INFO	pushing into buff
21-02-2016 10:44:50	DataProcessor		INFO	polling
21-02-2016 10:44:50	CameraInterface		INFO	Read successful
21-02-2016 10:44:50	Controller		INFO	sending to transmitter
21-02-2016 10:44:50	Transmitter		INFO	pushing into buff
21-02-2016 10:44:50	DataProcessor		INFO	polling
21-02-2016 10:44:51	CameraInterface		INFO	Read successful
21-02-2016 10:44:51	Controller		INFO	sending to transmitter
21-02-2016 10:44:51	Transmitter		INFO	pushing into buff
21-02-2016 10:44:51	DataProcessor		INFO	polling
21-02-2016 10:44:51	CameraInterface		INFO	Read successful
21-02-2016 10:44:51	Controller		INFO	sending to transmitter
21-02-2016 10:44:51	Transmitter		INFO	pushing into buff
21-02-2016 10:44:51	DataProcessor		INFO	polling
21-02-2016 10:44:51	CameraInterface		INFO	Read successful
21-02-2016 10:44:51	Controller		INFO	sending to transmitter
21-02-2016 10:44:51	Transmitter		INFO	pushing into buff
21-02-2016 10:44:51	DataProcessor		INFO	polling
21-02-2016 10:44:51	CameraInterface		INFO	Read successful
21-02-2016 10:44:51	Controller		INFO	sending to transmitter
21-02-2016 10:44:51	Transmitter		INFO	pushing into buff
21-02-2016 10:44:51	DataProcessor		INFO	polling
21-02-2016 10:44:51	CameraInterface		INFO	Read successful
21-02-2016 10:44:51	Controller		INFO	sending to transmitter
21-02-2016 10:44:51	Transmitter		INFO	pushing into buff
21-02-2016 10:44:51	DataProcessor		INFO	polling
21-02-2016 10:44:52	CameraInterface		INFO	Read successful
21-02-2016 10:44:52	Controller		INFO	sending to transmitter
21-02-2016 10:44:52	Transmitter		INFO	pushing into buff
21-02-2016 10:44:52	DataProcessor		INFO	polling
21-02-2016 10:44:52	CameraInterface		INFO	Read successful
21-02-2016 10:44:52	Controller		INFO	sending to transmitter
21-02-2016 10:44:52	Transmitter		INFO	pushing into buff
21-02-2016 10:44:52	DataProcessor		INFO	polling
21-02-2016 10:44:52	CameraInterface		INFO	Read successful
21-02-2016 10:44:52	Controller		INFO	sending to transmitter
21-02-2016 10:44:52	Transmitter		INFO	pushing into buff
21-02-2016 10:44:52	DataProcessor		INFO	polling
21-02-2016 10:44:52	CameraInterface		INFO	Read successful
21-02-2016 10:44:52	Controller		INFO	sending to transmitter
21-02-2016 10:44:52	Transmitter		INFO	pushing into buff
21-02-2016 10:44:52	DataProcessor		INFO	polling
21-02-2016 10:44:53	CameraInterface		INFO	Read successful
21-02-2016 10:44:53	Controller		INFO	sending to transmitter
21-02-2016 10:44:53	Transmitter		INFO	pushing into buff
21-02-2016 10:44:53	DataProcessor		INFO	polling
21-02-2016 10:44:53	CameraInterface		INFO	Read successful
21-02-2016 10:44:53	Controller		INFO	sending to transmitter
21-02-2016 10:44:53	Transmitter		INFO	pushing into buff
21-02-2016 10:44:53	DataProcessor		INFO	polling
21-02-2016 10:44:53	CameraInterface		INFO	Read successful
21-02-2016 10:44:53	Controller		INFO	sending to transmitter
21-02-2016 10:44:53	Transmitter		INFO	pushing into buff
21-02-2016 10:44:53	DataProcessor		INFO	polling
21-02-2016 10:44:53	CameraInterface		INFO	Read successful
21-02-2016 10:44:53	Controller		INFO	sending to transmitter
21-02-2016 10:44:53	Transmitter		INFO	pushing into buff
21-02-2016 10:44:53	DataProcessor		INFO	polling
21-02-2016 10:44:53	CameraInterface		INFO	Read successful
21-02-2016 10:44:54	Controller		INFO	sending to transmitter
21-02-2016 10:44:54	Transmitter		INFO	pushing into buff
21-02-2016 10:44:54	DataProcessor		INFO	polling
21-02-2016 10:44:54	CameraInterface		INFO	Read successful
21-02-2016 10:44:54	Controller		INFO	sending to transmitter
21-02-2016 10:44:54	Transmitter		INFO	pushing into buff
21-02-2016 10:44:54	DataProcessor		INFO	polling
21-02-2016 10:44:54	Transmitter		INFO	sending string: 266523
21-02-2016 10:44:54	CameraInterface		INFO	Read successful
21-02-2016 10:44:54	Controller		INFO	sending to transmitter
21-02-2016 10:44:54	Transmitter		INFO	pushing into buff
21-02-2016 10:44:54	DataProcessor		INFO	polling
21-02-2016 10:44:54	CameraInterface		INFO	Read successful
21-02-2016 10:44:54	Controller		INFO	sending to transmitter
21-02-2016 10:44:54	Transmitter		INFO	pushing into buff
21-02-2016 10:44:54	DataProcessor		INFO	polling
21-02-2016 10:44:54	CameraInterface		INFO	Read successful
21-02-2016 10:44:54	Controller		INFO	sending to transmitter
21-02-2016 10:44:54	Transmitter		INFO	pushing into buff
21-02-2016 10:44:54	DataProcessor		INFO	polling
21-02-2016 10:44:55	Transmitter		INFO	running
21-02-2016 10:44:55	Transmitter		INFO	getting from buffer
21-02-2016 10:44:55	CameraInterface		INFO	Read successful
21-02-2016 10:44:55	Controller		INFO	sending to transmitter
21-02-2016 10:44:55	Transmitter		INFO	pushing into buff
21-02-2016 10:44:55	DataProcessor		INFO	polling
21-02-2016 10:44:55	CameraInterface		INFO	Read successful
21-02-2016 10:44:55	Controller		INFO	sending to transmitter
21-02-2016 10:44:55	Transmitter		INFO	pushing into buff
21-02-2016 10:44:55	DataProcessor		INFO	polling
21-02-2016 10:44:55	CameraInterface		INFO	Read successful
21-02-2016 10:44:55	Controller		INFO	sending to transmitter
21-02-2016 10:44:55	Transmitter		INFO	pushing into buff
21-02-2016 10:44:55	DataProcessor		INFO	polling
21-02-2016 10:44:55	CameraInterface		INFO	Read successful
21-02-2016 10:44:55	Controller		INFO	sending to transmitter
21-02-2016 10:44:55	Transmitter		INFO	pushing into buff
21-02-2016 10:44:55	DataProcessor		INFO	polling
21-02-2016 10:44:56	CameraInterface		INFO	Read successful
21-02-2016 10:44:56	Controller		INFO	sending to transmitter
21-02-2016 10:44:56	Transmitter		INFO	pushing into buff
21-02-2016 10:44:56	DataProcessor		INFO	polling
21-02-2016 10:44:56	CameraInterface		INFO	Read successful
21-02-2016 10:44:56	Controller		INFO	sending to transmitter
21-02-2016 10:44:56	Transmitter		INFO	pushing into buff
21-02-2016 10:44:56	DataProcessor		INFO	polling
21-02-2016 10:44:56	CameraInterface		INFO	Read successful
21-02-2016 10:44:56	Controller		INFO	sending to transmitter
21-02-2016 10:44:56	Transmitter		INFO	pushing into buff
21-02-2016 10:44:56	DataProcessor		INFO	polling
21-02-2016 10:44:56	CameraInterface		INFO	Read successful
21-02-2016 10:44:56	Controller		INFO	sending to transmitter
21-02-2016 10:44:56	Transmitter		INFO	pushing into buff
21-02-2016 10:44:56	DataProcessor		INFO	polling
21-02-2016 10:44:57	CameraInterface		INFO	Read successful
21-02-2016 10:44:57	Controller		INFO	sending to transmitter
21-02-2016 10:44:57	Transmitter		INFO	pushing into buff
21-02-2016 10:44:57	DataProcessor		INFO	polling
21-02-2016 10:44:57	CameraInterface		INFO	Read successful
21-02-2016 10:44:57	Controller		INFO	sending to transmitter
21-02-2016 10:44:57	Transmitter		INFO	pushing into buff
21-02-2016 10:44:57	DataProcessor		INFO	polling
21-02-2016 10:44:57	CameraInterface		INFO	Read successful
21-02-2016 10:44:57	Controller		INFO	sending to transmitter
21-02-2016 10:44:57	Transmitter		INFO	pushing into buff
21-02-2016 10:44:57	DataProcessor		INFO	polling
21-02-2016 10:44:57	CameraInterface		INFO	Read successful
21-02-2016 10:44:57	Controller		INFO	sending to transmitter
21-02-2016 10:44:57	Transmitter		INFO	pushing into buff
21-02-2016 10:44:57	DataProcessor		INFO	polling
21-02-2016 10:44:57	CameraInterface		INFO	Read successful
21-02-2016 10:44:58	Controller		INFO	sending to transmitter
21-02-2016 10:44:58	Transmitter		INFO	pushing into buff
21-02-2016 10:44:58	DataProcessor		INFO	polling
21-02-2016 10:44:58	CameraInterface		INFO	Read successful
21-02-2016 10:44:58	Controller		INFO	sending to transmitter
21-02-2016 10:44:58	Transmitter		INFO	pushing into buff
21-02-2016 10:44:58	DataProcessor		INFO	polling
21-02-2016 10:44:58	CameraInterface		INFO	Read successful
21-02-2016 10:44:58	Controller		INFO	sending to transmitter
21-02-2016 10:44:58	Transmitter		INFO	pushing into buff
21-02-2016 10:44:58	DataProcessor		INFO	polling
21-02-2016 10:44:58	CameraInterface		INFO	Read successful
21-02-2016 10:44:58	Controller		INFO	sending to transmitter
21-02-2016 10:44:58	Transmitter		INFO	pushing into buff
21-02-2016 10:44:58	DataProcessor		INFO	polling
21-02-2016 10:44:58	CameraInterface		INFO	Read successful
21-02-2016 10:44:58	Controller		INFO	sending to transmitter
21-02-2016 10:44:59	Transmitter		INFO	pushing into buff
21-02-2016 10:44:59	DataProcessor		INFO	polling
21-02-2016 10:44:59	CameraInterface		INFO	Read successful
21-02-2016 10:44:59	Controller		INFO	sending to transmitter
21-02-2016 10:44:59	Transmitter		INFO	pushing into buff
21-02-2016 10:44:59	DataProcessor		INFO	polling
21-02-2016 10:44:59	CameraInterface		INFO	Read successful
21-02-2016 10:44:59	Controller		INFO	sending to transmitter
21-02-2016 10:44:59	Transmitter		INFO	pushing into buff
21-02-2016 10:44:59	DataProcessor		INFO	polling
21-02-2016 10:44:59	CameraInterface		INFO	Read successful
21-02-2016 10:44:59	Controller		INFO	sending to transmitter
21-02-2016 10:44:59	Transmitter		INFO	pushing into buff
21-02-2016 10:44:59	DataProcessor		INFO	polling
21-02-2016 10:44:59	CameraInterface		INFO	Read successful
21-02-2016 10:44:59	Controller		INFO	sending to transmitter
21-02-2016 10:44:59	Transmitter		INFO	pushing into buff
21-02-2016 10:44:59	DataProcessor		INFO	polling
21-02-2016 10:45:00	CameraInterface		INFO	Read successful
21-02-2016 10:45:00	Controller		INFO	sending to transmitter
21-02-2016 10:45:00	Transmitter		INFO	pushing into buff
21-02-2016 10:45:00	DataProcessor		INFO	polling
21-02-2016 10:45:00	CameraInterface		INFO	Read successful
21-02-2016 10:45:00	Controller		INFO	sending to transmitter
21-02-2016 10:45:00	Transmitter		INFO	pushing into buff
21-02-2016 10:45:00	DataProcessor		INFO	polling
21-02-2016 10:45:00	CameraInterface		INFO	Read successful
21-02-2016 10:45:00	Controller		INFO	sending to transmitter
21-02-2016 10:45:00	Transmitter		INFO	pushing into buff
21-02-2016 10:45:00	DataProcessor		INFO	polling
21-02-2016 10:45:00	CameraInterface		INFO	Read successful
21-02-2016 10:45:00	Controller		INFO	sending to transmitter
21-02-2016 10:45:00	Transmitter		INFO	pushing into buff
21-02-2016 10:45:00	DataProcessor		INFO	polling
21-02-2016 10:45:01	CameraInterface		INFO	Read successful
21-02-2016 10:45:01	Controller		INFO	sending to transmitter
21-02-2016 10:45:01	Transmitter		INFO	pushing into buff
21-02-2016 10:45:01	DataProcessor		INFO	polling
21-02-2016 10:45:01	CameraInterface		INFO	Read successful
21-02-2016 10:45:01	Controller		INFO	sending to transmitter
21-02-2016 10:45:01	Transmitter		INFO	pushing into buff
21-02-2016 10:45:01	DataProcessor		INFO	polling
21-02-2016 10:45:01	CameraInterface		INFO	Read successful
21-02-2016 10:45:01	Controller		INFO	sending to transmitter
21-02-2016 10:45:01	Transmitter		INFO	pushing into buff
21-02-2016 10:45:01	DataProcessor		INFO	polling
21-02-2016 10:45:01	CameraInterface		INFO	Read successful
21-02-2016 10:45:01	Controller		INFO	sending to transmitter
21-02-2016 10:45:01	Transmitter		INFO	pushing into buff
21-02-2016 10:45:01	DataProcessor		INFO	polling
21-02-2016 10:45:02	CameraInterface		INFO	Read successful
21-02-2016 10:45:02	Controller		INFO	sending to transmitter
21-02-2016 10:45:02	Transmitter		INFO	pushing into buff
21-02-2016 10:45:02	DataProcessor		INFO	polling
21-02-2016 10:45:02	CameraInterface		INFO	Read successful
21-02-2016 10:45:02	Controller		INFO	sending to transmitter
21-02-2016 10:45:02	Transmitter		INFO	pushing into buff
21-02-2016 10:45:02	DataProcessor		INFO	polling
21-02-2016 10:45:02	CameraInterface		INFO	Read successful
21-02-2016 10:45:02	Controller		INFO	sending to transmitter
21-02-2016 10:45:02	Transmitter		INFO	pushing into buff
21-02-2016 10:45:02	DataProcessor		INFO	polling
21-02-2016 10:45:02	CameraInterface		INFO	Read successful
21-02-2016 10:45:02	Controller		INFO	sending to transmitter
21-02-2016 10:45:02	Transmitter		INFO	pushing into buff
21-02-2016 10:45:02	DataProcessor		INFO	polling
21-02-2016 10:45:03	CameraInterface		INFO	Read successful
21-02-2016 10:45:03	Controller		INFO	sending to transmitter
21-02-2016 10:45:03	Transmitter		INFO	pushing into buff
21-02-2016 10:45:03	DataProcessor		INFO	polling
21-02-2016 10:45:03	CameraInterface		INFO	Read successful
21-02-2016 10:45:03	Controller		INFO	sending to transmitter
21-02-2016 10:45:03	Transmitter		INFO	pushing into buff
21-02-2016 10:45:03	DataProcessor		INFO	polling
21-02-2016 10:45:03	CameraInterface		INFO	Read successful
21-02-2016 10:45:03	Controller		INFO	sending to transmitter
21-02-2016 10:45:03	Transmitter		INFO	pushing into buff
21-02-2016 10:45:03	DataProcessor		INFO	polling
21-02-2016 10:45:03	Transmitter		INFO	sending string: 1517374
21-02-2016 10:45:03	CameraInterface		INFO	Read successful
21-02-2016 10:45:03	Controller		INFO	sending to transmitter
21-02-2016 10:45:03	Transmitter		INFO	pushing into buff
21-02-2016 10:45:03	DataProcessor		INFO	polling
21-02-2016 10:45:03	CameraInterface		INFO	Read successful
21-02-2016 10:45:04	Controller		INFO	sending to transmitter
21-02-2016 10:45:04	Transmitter		INFO	pushing into buff
21-02-2016 10:45:04	DataProcessor		INFO	polling
21-02-2016 10:45:04	CameraInterface		INFO	Read successful
21-02-2016 10:45:04	Controller		INFO	sending to transmitter
21-02-2016 10:45:04	Transmitter		INFO	pushing into buff
21-02-2016 10:45:04	DataProcessor		INFO	polling
21-02-2016 10:45:04	CameraInterface		INFO	Read successful
21-02-2016 10:45:04	Controller		INFO	sending to transmitter
21-02-2016 10:45:04	Transmitter		INFO	pushing into buff
21-02-2016 10:45:04	DataProcessor		INFO	polling
21-02-2016 10:45:05	CameraInterface		INFO	Read successful
21-02-2016 10:45:05	Controller		INFO	sending to transmitter
21-02-2016 10:45:05	Transmitter		INFO	pushing into buff
21-02-2016 10:45:05	DataProcessor		INFO	polling
21-02-2016 10:45:05	CameraInterface		INFO	Read successful
21-02-2016 10:45:05	Controller		INFO	sending to transmitter
21-02-2016 10:45:05	Transmitter		INFO	pushing into buff
21-02-2016 10:45:05	DataProcessor		INFO	polling
21-02-2016 10:45:05	CameraInterface		INFO	Read successful
21-02-2016 10:45:05	Controller		INFO	sending to transmitter
21-02-2016 10:45:05	Transmitter		INFO	pushing into buff
21-02-2016 10:45:05	DataProcessor		INFO	polling
21-02-2016 10:45:05	CameraInterface		INFO	Read successful
21-02-2016 10:45:05	Controller		INFO	sending to transmitter
21-02-2016 10:45:05	Transmitter		INFO	pushing into buff
21-02-2016 10:45:05	DataProcessor		INFO	polling
21-02-2016 10:45:05	CameraInterface		INFO	Read successful
21-02-2016 10:45:05	Controller		INFO	sending to transmitter
21-02-2016 10:45:05	Transmitter		INFO	pushing into buff
21-02-2016 10:45:05	DataProcessor		INFO	polling
21-02-2016 10:45:05	CameraInterface		INFO	Read successful
21-02-2016 10:45:05	Controller		INFO	sending to transmitter
21-02-2016 10:45:05	Transmitter		INFO	pushing into buff
21-02-2016 10:45:05	DataProcessor		INFO	polling
21-02-2016 10:45:05	Transmitter		INFO	running
21-02-2016 10:45:05	Transmitter		INFO	getting from buffer
21-02-2016 10:45:06	CameraInterface		INFO	Read successful
21-02-2016 10:45:06	Controller		INFO	sending to transmitter
21-02-2016 10:45:06	Transmitter		INFO	pushing into buff
21-02-2016 10:45:06	DataProcessor		INFO	polling
21-02-2016 10:45:06	CameraInterface		INFO	Read successful
21-02-2016 10:45:06	Controller		INFO	sending to transmitter
21-02-2016 10:45:06	Transmitter		INFO	pushing into buff
21-02-2016 10:45:06	DataProcessor		INFO	polling
21-02-2016 10:45:06	CameraInterface		INFO	Read successful
21-02-2016 10:45:06	Controller		INFO	sending to transmitter
21-02-2016 10:45:06	Transmitter		INFO	pushing into buff
21-02-2016 10:45:06	DataProcessor		INFO	polling
21-02-2016 10:45:06	CameraInterface		INFO	Read successful
21-02-2016 10:45:06	Controller		INFO	sending to transmitter
21-02-2016 10:45:06	Transmitter		INFO	pushing into buff
21-02-2016 10:45:06	DataProcessor		INFO	polling
21-02-2016 10:45:07	CameraInterface		INFO	Read successful
21-02-2016 10:45:07	Controller		INFO	sending to transmitter
21-02-2016 10:45:07	Transmitter		INFO	pushing into buff
21-02-2016 10:45:07	DataProcessor		INFO	polling
21-02-2016 10:45:07	CameraInterface		INFO	Read successful
21-02-2016 10:45:07	Controller		INFO	sending to transmitter
21-02-2016 10:45:07	Transmitter		INFO	pushing into buff
21-02-2016 10:45:07	DataProcessor		INFO	polling
21-02-2016 10:45:07	CameraInterface		INFO	Read successful
21-02-2016 10:45:07	Controller		INFO	sending to transmitter
21-02-2016 10:45:07	Transmitter		INFO	pushing into buff
21-02-2016 10:45:07	DataProcessor		INFO	polling
21-02-2016 10:45:07	CameraInterface		INFO	Read successful
21-02-2016 10:45:07	Controller		INFO	sending to transmitter
21-02-2016 10:45:07	Transmitter		INFO	pushing into buff
21-02-2016 10:45:07	DataProcessor		INFO	polling
21-02-2016 10:45:08	CameraInterface		INFO	Read successful
21-02-2016 10:45:08	Controller		INFO	sending to transmitter
21-02-2016 10:45:08	Transmitter		INFO	pushing into buff
21-02-2016 10:45:08	DataProcessor		INFO	polling
21-02-2016 10:45:08	CameraInterface		INFO	Read successful
21-02-2016 10:45:08	Controller		INFO	sending to transmitter
21-02-2016 10:45:08	Transmitter		INFO	pushing into buff
21-02-2016 10:45:08	DataProcessor		INFO	polling
21-02-2016 10:45:08	CameraInterface		INFO	Read successful
21-02-2016 10:45:08	Controller		INFO	sending to transmitter
21-02-2016 10:45:08	Transmitter		INFO	pushing into buff
21-02-2016 10:45:08	DataProcessor		INFO	polling
21-02-2016 10:45:08	CameraInterface		INFO	Read successful
21-02-2016 10:45:08	Controller		INFO	sending to transmitter
21-02-2016 10:45:08	Transmitter		INFO	pushing into buff
21-02-2016 10:45:08	DataProcessor		INFO	polling
21-02-2016 10:45:09	CameraInterface		INFO	Read successful
21-02-2016 10:45:09	Controller		INFO	sending to transmitter
21-02-2016 10:45:09	Transmitter		INFO	pushing into buff
21-02-2016 10:45:09	DataProcessor		INFO	polling
21-02-2016 10:45:09	CameraInterface		INFO	Read successful
21-02-2016 10:45:09	Controller		INFO	sending to transmitter
21-02-2016 10:45:09	Transmitter		INFO	pushing into buff
21-02-2016 10:45:09	DataProcessor		INFO	polling
21-02-2016 10:45:09	CameraInterface		INFO	Read successful
21-02-2016 10:45:09	Controller		INFO	sending to transmitter
21-02-2016 10:45:09	Transmitter		INFO	pushing into buff
21-02-2016 10:45:09	DataProcessor		INFO	polling
21-02-2016 10:45:09	CameraInterface		INFO	Read successful
21-02-2016 10:45:09	Controller		INFO	sending to transmitter
21-02-2016 10:45:09	Transmitter		INFO	pushing into buff
21-02-2016 10:45:09	DataProcessor		INFO	polling
21-02-2016 10:45:12	CameraInterface		INFO	Read successful
21-02-2016 10:45:13	Controller		INFO	sending to transmitter
21-02-2016 10:45:13	Transmitter		INFO	pushing into buff
21-02-2016 10:45:13	DataProcessor		INFO	polling
21-02-2016 10:45:14	CameraInterface		INFO	Read successful
21-02-2016 10:45:21	Controller		INFO	sending to transmitter
21-02-2016 10:45:21	Transmitter		INFO	pushing into buff
21-02-2016 10:45:21	Transmitter		INFO	sending string: 1535217
21-02-2016 10:45:21	DataProcessor		INFO	polling
