21-02-2016 10:49:38	Main		TRACE	Logger initialized.
21-02-2016 10:49:38	PropertyReader		TRACE	Opening file: settings/settings.txt
21-02-2016 10:49:38	PropertyReader		INFO	File opened: settings/settings.txt
21-02-2016 10:49:38	PropertyReader		INFO	Loading properties file...
21-02-2016 10:49:38	PropertyReader		INFO	Mapped TRACE to LOGGING_LEVEL
21-02-2016 10:49:38	PropertyReader		INFO	Mapped 100 to CAM_BUFFER_SIZE
21-02-2016 10:49:38	PropertyReader		INFO	Mapped 15 to CAM_POLL_FREQUENCY
21-02-2016 10:49:38	PropertyReader		INFO	Mapped 0 to CAM_INDEX
21-02-2016 10:49:38	PropertyReader		DEBUG	Loaded 4 properties successfully
21-02-2016 10:49:38	Controller		INFO	Constructor controller
21-02-2016 10:49:38	Transmitter		INFO	socket retrieve success
21-02-2016 10:49:38	Transmitter		INFO	binding done
21-02-2016 10:49:38	Transmitter		INFO	done listening
21-02-2016 10:49:42	Transmitter		INFO	accepting
21-02-2016 10:49:42	Main		TRACE	intializing controller
21-02-2016 10:49:42	Controller		INFO	Initializing Controller
21-02-2016 10:49:42	Main		TRACE	initializing dataprocessor
21-02-2016 10:49:42	CameraInterface		INFO	Initializing camera
21-02-2016 10:49:42	CameraInterface		INFO	Opening video capture stream at position 0
21-02-2016 10:49:42	Receiver		INFO	Starting Receiver Thread execution loop
21-02-2016 10:49:42	Transmitter		INFO	Starting Receiver Thread execution loop
21-02-2016 10:49:42	Transmitter		INFO	running
21-02-2016 10:49:42	ControllerThread		INFO	Starting Controller Thread execution loop
21-02-2016 10:49:42	Transmitter		INFO	running
21-02-2016 10:49:42	Transmitter		INFO	running
21-02-2016 10:49:42	Transmitter		INFO	running
21-02-2016 10:49:42	Transmitter		INFO	running
21-02-2016 10:49:42	Transmitter		INFO	running
21-02-2016 10:49:42	Transmitter		INFO	running
21-02-2016 10:49:42	Transmitter		INFO	running
21-02-2016 10:49:42	Transmitter		INFO	running
21-02-2016 10:49:42	Transmitter		INFO	running
21-02-2016 10:49:42	Transmitter		INFO	running
21-02-2016 10:49:42	Transmitter		INFO	running
21-02-2016 10:49:42	Transmitter		INFO	running
21-02-2016 10:49:42	Transmitter		INFO	running
21-02-2016 10:49:42	Transmitter		INFO	running
21-02-2016 10:49:42	Transmitter		INFO	running
21-02-2016 10:49:42	Transmitter		INFO	running
21-02-2016 10:49:42	Transmitter		INFO	running
21-02-2016 10:49:42	Transmitter		INFO	running
21-02-2016 10:49:42	Transmitter		INFO	running
21-02-2016 10:49:42	Transmitter		INFO	running
21-02-2016 10:49:42	Transmitter		INFO	running
21-02-2016 10:49:42	Transmitter		INFO	running
21-02-2016 10:49:42	Transmitter		INFO	running
21-02-2016 10:49:42	Transmitter		INFO	running
21-02-2016 10:49:42	Transmitter		INFO	running
21-02-2016 10:49:42	Transmitter		INFO	running
21-02-2016 10:49:42	Transmitter		INFO	running
21-02-2016 10:49:42	Transmitter		INFO	running
21-02-2016 10:49:42	Transmitter		INFO	running
21-02-2016 10:49:42	Transmitter		INFO	running
21-02-2016 10:49:42	Transmitter		INFO	running
21-02-2016 10:49:42	Transmitter		INFO	running
21-02-2016 10:49:42	Transmitter		INFO	running
21-02-2016 10:49:42	Transmitter		INFO	running
21-02-2016 10:49:42	Transmitter		INFO	running
21-02-2016 10:49:42	Transmitter		INFO	running
21-02-2016 10:49:42	Transmitter		INFO	running
21-02-2016 10:49:42	Transmitter		INFO	running
21-02-2016 10:49:42	Transmitter		INFO	running
21-02-2016 10:49:42	Transmitter		INFO	running
21-02-2016 10:49:42	Transmitter		INFO	running
21-02-2016 10:49:42	Transmitter		INFO	running
21-02-2016 10:49:42	Transmitter		INFO	running
21-02-2016 10:49:42	Main		TRACE	running controller
21-02-2016 10:49:42	Transmitter		INFO	running
21-02-2016 10:49:42	DataProcessor		INFO	polling
21-02-2016 10:49:42	Transmitter		INFO	running
21-02-2016 10:49:42	Transmitter		INFO	running
21-02-2016 10:49:42	Transmitter		INFO	running
21-02-2016 10:49:42	Transmitter		INFO	running
21-02-2016 10:49:42	Transmitter		INFO	running
21-02-2016 10:49:42	Transmitter		INFO	running
21-02-2016 10:49:43	Transmitter		INFO	running
21-02-2016 10:49:43	Transmitter		INFO	running
21-02-2016 10:49:43	Transmitter		INFO	running
21-02-2016 10:49:43	Transmitter		INFO	running
21-02-2016 10:49:43	Transmitter		INFO	running
21-02-2016 10:49:43	Transmitter		INFO	running
21-02-2016 10:49:43	Transmitter		INFO	running
21-02-2016 10:49:43	Transmitter		INFO	running
21-02-2016 10:49:43	Transmitter		INFO	running
21-02-2016 10:49:43	Transmitter		INFO	running
21-02-2016 10:49:43	Transmitter		INFO	running
21-02-2016 10:49:43	Transmitter		INFO	running
21-02-2016 10:49:43	Transmitter		INFO	running
21-02-2016 10:49:43	Transmitter		INFO	running
21-02-2016 10:49:43	Transmitter		INFO	running
21-02-2016 10:49:43	Transmitter		INFO	running
21-02-2016 10:49:43	Transmitter		INFO	running
21-02-2016 10:49:43	Transmitter		INFO	running
21-02-2016 10:49:43	Transmitter		INFO	running
21-02-2016 10:49:43	Transmitter		INFO	running
21-02-2016 10:49:43	Transmitter		INFO	running
21-02-2016 10:49:43	Transmitter		INFO	running
21-02-2016 10:49:43	Transmitter		INFO	running
21-02-2016 10:49:43	Transmitter		INFO	running
21-02-2016 10:49:43	Transmitter		INFO	running
21-02-2016 10:49:43	Transmitter		INFO	running
21-02-2016 10:49:43	Transmitter		INFO	running
21-02-2016 10:49:43	Transmitter		INFO	running
21-02-2016 10:49:43	Transmitter		INFO	running
21-02-2016 10:49:43	Transmitter		INFO	running
21-02-2016 10:49:43	Transmitter		INFO	running
21-02-2016 10:49:43	Transmitter		INFO	running
21-02-2016 10:49:43	Transmitter		INFO	running
21-02-2016 10:49:43	Transmitter		INFO	running
21-02-2016 10:49:43	Transmitter		INFO	running
21-02-2016 10:49:43	Transmitter		INFO	running
21-02-2016 10:49:43	Transmitter		INFO	running
21-02-2016 10:49:43	Transmitter		INFO	running
21-02-2016 10:49:43	Transmitter		INFO	running
21-02-2016 10:49:43	Transmitter		INFO	running
21-02-2016 10:49:43	Transmitter		INFO	running
21-02-2016 10:49:43	Transmitter		INFO	running
21-02-2016 10:49:43	Transmitter		INFO	running
21-02-2016 10:49:43	Transmitter		INFO	running
21-02-2016 10:49:43	Transmitter		INFO	running
21-02-2016 10:49:43	Transmitter		INFO	running
21-02-2016 10:49:43	Transmitter		INFO	running
21-02-2016 10:49:43	Transmitter		INFO	running
21-02-2016 10:49:43	Transmitter		INFO	running
21-02-2016 10:49:43	Transmitter		INFO	running
21-02-2016 10:49:43	Transmitter		INFO	running
21-02-2016 10:49:43	Transmitter		INFO	running
21-02-2016 10:49:43	Transmitter		INFO	running
21-02-2016 10:49:43	Transmitter		INFO	running
21-02-2016 10:49:43	Transmitter		INFO	running
21-02-2016 10:49:43	Transmitter		INFO	running
21-02-2016 10:49:43	Transmitter		INFO	running
21-02-2016 10:49:43	Transmitter		INFO	running
21-02-2016 10:49:43	Transmitter		INFO	running
21-02-2016 10:49:43	Transmitter		INFO	running
21-02-2016 10:49:43	Transmitter		INFO	running
21-02-2016 10:49:43	Transmitter		INFO	running
21-02-2016 10:49:43	Transmitter		INFO	running
21-02-2016 10:49:43	Transmitter		INFO	running
21-02-2016 10:49:43	Transmitter		INFO	running
21-02-2016 10:49:43	Transmitter		INFO	running
21-02-2016 10:49:43	Transmitter		INFO	running
21-02-2016 10:49:43	Transmitter		INFO	running
21-02-2016 10:49:43	Transmitter		INFO	running
21-02-2016 10:49:43	Transmitter		INFO	running
21-02-2016 10:49:43	Transmitter		INFO	running
21-02-2016 10:49:43	Transmitter		INFO	running
21-02-2016 10:49:43	Transmitter		INFO	running
21-02-2016 10:49:43	Transmitter		INFO	running
21-02-2016 10:49:43	Transmitter		INFO	running
21-02-2016 10:49:43	Transmitter		INFO	running
21-02-2016 10:49:43	Transmitter		INFO	running
21-02-2016 10:49:43	Transmitter		INFO	running
21-02-2016 10:49:43	Transmitter		INFO	running
21-02-2016 10:49:43	Transmitter		INFO	running
21-02-2016 10:49:43	Transmitter		INFO	running
21-02-2016 10:49:43	Transmitter		INFO	running
21-02-2016 10:49:43	Transmitter		INFO	running
21-02-2016 10:49:43	Transmitter		INFO	running
21-02-2016 10:49:43	CameraInterface		INFO	Read successful
21-02-2016 10:49:43	Controller		INFO	sending to transmitter
21-02-2016 10:49:43	Transmitter		INFO	pushing into buff
21-02-2016 10:49:43	DataProcessor		INFO	polling
21-02-2016 10:49:43	DataProcessor		INFO	polling
21-02-2016 10:49:43	Transmitter		INFO	running
21-02-2016 10:49:43	Transmitter		INFO	getting from buffer
21-02-2016 10:49:43	CameraInterface		INFO	Read successful
21-02-2016 10:49:44	Controller		INFO	sending to transmitter
21-02-2016 10:49:44	Transmitter		INFO	pushing into buff
21-02-2016 10:49:44	DataProcessor		INFO	polling
21-02-2016 10:49:44	CameraInterface		INFO	Read successful
21-02-2016 10:49:44	Controller		INFO	sending to transmitter
21-02-2016 10:49:44	Transmitter		INFO	pushing into buff
21-02-2016 10:49:44	DataProcessor		INFO	polling
21-02-2016 10:49:44	CameraInterface		INFO	Read successful
21-02-2016 10:49:44	Controller		INFO	sending to transmitter
21-02-2016 10:49:44	Transmitter		INFO	pushing into buff
21-02-2016 10:49:44	DataProcessor		INFO	polling
21-02-2016 10:49:44	CameraInterface		INFO	Read successful
21-02-2016 10:49:44	Controller		INFO	sending to transmitter
21-02-2016 10:49:44	Transmitter		INFO	pushing into buff
21-02-2016 10:49:44	DataProcessor		INFO	polling
21-02-2016 10:49:44	CameraInterface		INFO	Read successful
21-02-2016 10:49:44	Controller		INFO	sending to transmitter
21-02-2016 10:49:44	Transmitter		INFO	pushing into buff
21-02-2016 10:49:44	DataProcessor		INFO	polling
21-02-2016 10:49:45	CameraInterface		INFO	Read successful
21-02-2016 10:49:45	Controller		INFO	sending to transmitter
21-02-2016 10:49:45	Transmitter		INFO	pushing into buff
21-02-2016 10:49:45	DataProcessor		INFO	polling
21-02-2016 10:49:45	CameraInterface		INFO	Read successful
21-02-2016 10:49:45	Controller		INFO	sending to transmitter
21-02-2016 10:49:45	Transmitter		INFO	pushing into buff
21-02-2016 10:49:45	DataProcessor		INFO	polling
21-02-2016 10:49:45	CameraInterface		INFO	Read successful
21-02-2016 10:49:45	Controller		INFO	sending to transmitter
21-02-2016 10:49:45	Transmitter		INFO	pushing into buff
21-02-2016 10:49:45	DataProcessor		INFO	polling
21-02-2016 10:49:45	CameraInterface		INFO	Read successful
21-02-2016 10:49:45	Controller		INFO	sending to transmitter
21-02-2016 10:49:45	Transmitter		INFO	pushing into buff
21-02-2016 10:49:45	DataProcessor		INFO	polling
21-02-2016 10:49:45	CameraInterface		INFO	Read successful
21-02-2016 10:49:45	Controller		INFO	sending to transmitter
21-02-2016 10:49:45	Transmitter		INFO	pushing into buff
21-02-2016 10:49:45	DataProcessor		INFO	polling
21-02-2016 10:49:46	CameraInterface		INFO	Read successful
21-02-2016 10:49:46	Controller		INFO	sending to transmitter
21-02-2016 10:49:46	Transmitter		INFO	pushing into buff
21-02-2016 10:49:46	DataProcessor		INFO	polling
21-02-2016 10:49:46	CameraInterface		INFO	Read successful
21-02-2016 10:49:46	Controller		INFO	sending to transmitter
21-02-2016 10:49:46	Transmitter		INFO	pushing into buff
21-02-2016 10:49:46	DataProcessor		INFO	polling
21-02-2016 10:49:46	CameraInterface		INFO	Read successful
21-02-2016 10:49:46	Controller		INFO	sending to transmitter
21-02-2016 10:49:46	Transmitter		INFO	pushing into buff
21-02-2016 10:49:46	DataProcessor		INFO	polling
21-02-2016 10:49:46	CameraInterface		INFO	Read successful
21-02-2016 10:49:46	Controller		INFO	sending to transmitter
21-02-2016 10:49:46	Transmitter		INFO	pushing into buff
21-02-2016 10:49:46	DataProcessor		INFO	polling
21-02-2016 10:49:47	CameraInterface		INFO	Read successful
21-02-2016 10:49:47	Controller		INFO	sending to transmitter
21-02-2016 10:49:47	Transmitter		INFO	pushing into buff
21-02-2016 10:49:47	DataProcessor		INFO	polling
21-02-2016 10:49:47	CameraInterface		INFO	Read successful
21-02-2016 10:49:47	Controller		INFO	sending to transmitter
21-02-2016 10:49:47	Transmitter		INFO	pushing into buff
21-02-2016 10:49:47	DataProcessor		INFO	polling
21-02-2016 10:49:47	CameraInterface		INFO	Read successful
21-02-2016 10:49:47	Controller		INFO	sending to transmitter
21-02-2016 10:49:47	Transmitter		INFO	pushing into buff
21-02-2016 10:49:47	DataProcessor		INFO	polling
21-02-2016 10:49:47	CameraInterface		INFO	Read successful
21-02-2016 10:49:47	Controller		INFO	sending to transmitter
21-02-2016 10:49:47	Transmitter		INFO	pushing into buff
21-02-2016 10:49:47	DataProcessor		INFO	polling
21-02-2016 10:49:47	CameraInterface		INFO	Read successful
21-02-2016 10:49:47	Controller		INFO	sending to transmitter
21-02-2016 10:49:47	Transmitter		INFO	pushing into buff
21-02-2016 10:49:47	DataProcessor		INFO	polling
21-02-2016 10:49:48	CameraInterface		INFO	Read successful
21-02-2016 10:49:48	Controller		INFO	sending to transmitter
21-02-2016 10:49:48	Transmitter		INFO	pushing into buff
21-02-2016 10:49:48	DataProcessor		INFO	polling
21-02-2016 10:49:48	CameraInterface		INFO	Read successful
21-02-2016 10:49:48	Controller		INFO	sending to transmitter
21-02-2016 10:49:48	Transmitter		INFO	pushing into buff
21-02-2016 10:49:48	DataProcessor		INFO	polling
21-02-2016 10:49:48	CameraInterface		INFO	Read successful
21-02-2016 10:49:48	Controller		INFO	sending to transmitter
21-02-2016 10:49:48	Transmitter		INFO	pushing into buff
21-02-2016 10:49:48	DataProcessor		INFO	polling
21-02-2016 10:49:48	Transmitter		INFO	sending string: 219898
21-02-2016 10:49:48	CameraInterface		INFO	Read successful
21-02-2016 10:49:48	Controller		INFO	sending to transmitter
21-02-2016 10:49:48	Transmitter		INFO	pushing into buff
21-02-2016 10:49:48	DataProcessor		INFO	polling
21-02-2016 10:49:48	CameraInterface		INFO	Read successful
21-02-2016 10:49:48	Controller		INFO	sending to transmitter
21-02-2016 10:49:48	Transmitter		INFO	pushing into buff
21-02-2016 10:49:49	DataProcessor		INFO	polling
21-02-2016 10:49:49	Transmitter		INFO	running
21-02-2016 10:49:49	Transmitter		INFO	getting from buffer
21-02-2016 10:49:49	CameraInterface		INFO	Read successful
21-02-2016 10:49:49	Controller		INFO	sending to transmitter
21-02-2016 10:49:49	Transmitter		INFO	pushing into buff
21-02-2016 10:49:49	DataProcessor		INFO	polling
21-02-2016 10:49:49	CameraInterface		INFO	Read successful
21-02-2016 10:49:49	Controller		INFO	sending to transmitter
21-02-2016 10:49:49	Transmitter		INFO	pushing into buff
21-02-2016 10:49:49	DataProcessor		INFO	polling
21-02-2016 10:49:49	CameraInterface		INFO	Read successful
21-02-2016 10:49:49	Controller		INFO	sending to transmitter
21-02-2016 10:49:49	Transmitter		INFO	pushing into buff
21-02-2016 10:49:49	DataProcessor		INFO	polling
21-02-2016 10:49:49	CameraInterface		INFO	Read successful
21-02-2016 10:49:49	Controller		INFO	sending to transmitter
21-02-2016 10:49:49	Transmitter		INFO	pushing into buff
21-02-2016 10:49:49	DataProcessor		INFO	polling
21-02-2016 10:49:50	CameraInterface		INFO	Read successful
21-02-2016 10:49:50	Controller		INFO	sending to transmitter
21-02-2016 10:49:50	Transmitter		INFO	pushing into buff
21-02-2016 10:49:50	DataProcessor		INFO	polling
21-02-2016 10:49:50	CameraInterface		INFO	Read successful
21-02-2016 10:49:50	Controller		INFO	sending to transmitter
21-02-2016 10:49:50	Transmitter		INFO	pushing into buff
21-02-2016 10:49:50	DataProcessor		INFO	polling
21-02-2016 10:49:50	CameraInterface		INFO	Read successful
21-02-2016 10:49:50	Controller		INFO	sending to transmitter
21-02-2016 10:49:50	Transmitter		INFO	pushing into buff
21-02-2016 10:49:50	DataProcessor		INFO	polling
21-02-2016 10:49:50	CameraInterface		INFO	Read successful
21-02-2016 10:49:50	Controller		INFO	sending to transmitter
21-02-2016 10:49:50	Transmitter		INFO	pushing into buff
21-02-2016 10:49:50	DataProcessor		INFO	polling
21-02-2016 10:49:51	CameraInterface		INFO	Read successful
21-02-2016 10:49:51	Controller		INFO	sending to transmitter
21-02-2016 10:49:51	Transmitter		INFO	pushing into buff
21-02-2016 10:49:51	DataProcessor		INFO	polling
21-02-2016 10:49:51	CameraInterface		INFO	Read successful
21-02-2016 10:49:51	Controller		INFO	sending to transmitter
21-02-2016 10:49:51	Transmitter		INFO	pushing into buff
21-02-2016 10:49:51	DataProcessor		INFO	polling
21-02-2016 10:49:51	CameraInterface		INFO	Read successful
21-02-2016 10:49:51	Controller		INFO	sending to transmitter
21-02-2016 10:49:51	Transmitter		INFO	pushing into buff
21-02-2016 10:49:51	DataProcessor		INFO	polling
21-02-2016 10:49:51	CameraInterface		INFO	Read successful
21-02-2016 10:49:51	Controller		INFO	sending to transmitter
21-02-2016 10:49:51	Transmitter		INFO	pushing into buff
21-02-2016 10:49:51	DataProcessor		INFO	polling
21-02-2016 10:49:52	CameraInterface		INFO	Read successful
21-02-2016 10:49:52	Controller		INFO	sending to transmitter
21-02-2016 10:49:52	Transmitter		INFO	pushing into buff
21-02-2016 10:49:52	DataProcessor		INFO	polling
21-02-2016 10:49:52	CameraInterface		INFO	Read successful
21-02-2016 10:49:52	Controller		INFO	sending to transmitter
21-02-2016 10:49:52	Transmitter		INFO	pushing into buff
21-02-2016 10:49:52	DataProcessor		INFO	polling
21-02-2016 10:49:52	CameraInterface		INFO	Read successful
21-02-2016 10:49:52	Controller		INFO	sending to transmitter
21-02-2016 10:49:52	Transmitter		INFO	pushing into buff
21-02-2016 10:49:52	DataProcessor		INFO	polling
21-02-2016 10:49:52	CameraInterface		INFO	Read successful
21-02-2016 10:49:52	Controller		INFO	sending to transmitter
21-02-2016 10:49:52	Transmitter		INFO	pushing into buff
21-02-2016 10:49:52	DataProcessor		INFO	polling
21-02-2016 10:49:52	CameraInterface		INFO	Read successful
21-02-2016 10:49:52	Controller		INFO	sending to transmitter
21-02-2016 10:49:52	Transmitter		INFO	pushing into buff
21-02-2016 10:49:52	DataProcessor		INFO	polling
21-02-2016 10:49:53	CameraInterface		INFO	Read successful
21-02-2016 10:49:53	Controller		INFO	sending to transmitter
21-02-2016 10:49:53	Transmitter		INFO	pushing into buff
21-02-2016 10:49:53	DataProcessor		INFO	polling
21-02-2016 10:49:53	CameraInterface		INFO	Read successful
21-02-2016 10:49:53	Controller		INFO	sending to transmitter
21-02-2016 10:49:53	Transmitter		INFO	pushing into buff
21-02-2016 10:49:53	DataProcessor		INFO	polling
21-02-2016 10:49:53	CameraInterface		INFO	Read successful
21-02-2016 10:49:53	Controller		INFO	sending to transmitter
21-02-2016 10:49:53	Transmitter		INFO	pushing into buff
21-02-2016 10:49:53	DataProcessor		INFO	polling
21-02-2016 10:49:53	CameraInterface		INFO	Read successful
21-02-2016 10:49:53	Controller		INFO	sending to transmitter
21-02-2016 10:49:53	Transmitter		INFO	pushing into buff
21-02-2016 10:49:53	DataProcessor		INFO	polling
21-02-2016 10:49:53	CameraInterface		INFO	Read successful
21-02-2016 10:49:53	Controller		INFO	sending to transmitter
21-02-2016 10:49:53	Transmitter		INFO	pushing into buff
21-02-2016 10:49:53	DataProcessor		INFO	polling
21-02-2016 10:49:54	CameraInterface		INFO	Read successful
21-02-2016 10:49:54	Controller		INFO	sending to transmitter
21-02-2016 10:49:54	Transmitter		INFO	pushing into buff
21-02-2016 10:49:54	DataProcessor		INFO	polling
21-02-2016 10:49:54	CameraInterface		INFO	Read successful
21-02-2016 10:49:54	Controller		INFO	sending to transmitter
21-02-2016 10:49:54	Transmitter		INFO	pushing into buff
21-02-2016 10:49:54	DataProcessor		INFO	polling
21-02-2016 10:49:54	CameraInterface		INFO	Read successful
21-02-2016 10:49:54	Controller		INFO	sending to transmitter
21-02-2016 10:49:54	Transmitter		INFO	pushing into buff
21-02-2016 10:49:54	DataProcessor		INFO	polling
21-02-2016 10:49:54	CameraInterface		INFO	Read successful
21-02-2016 10:49:54	Controller		INFO	sending to transmitter
21-02-2016 10:49:54	Transmitter		INFO	pushing into buff
21-02-2016 10:49:54	DataProcessor		INFO	polling
21-02-2016 10:49:55	CameraInterface		INFO	Read successful
21-02-2016 10:49:55	Controller		INFO	sending to transmitter
21-02-2016 10:49:55	Transmitter		INFO	pushing into buff
21-02-2016 10:49:55	DataProcessor		INFO	polling
21-02-2016 10:49:55	CameraInterface		INFO	Read successful
21-02-2016 10:49:55	Controller		INFO	sending to transmitter
21-02-2016 10:49:55	Transmitter		INFO	pushing into buff
21-02-2016 10:49:55	DataProcessor		INFO	polling
21-02-2016 10:49:55	CameraInterface		INFO	Read successful
21-02-2016 10:49:55	Controller		INFO	sending to transmitter
21-02-2016 10:49:55	Transmitter		INFO	pushing into buff
21-02-2016 10:49:55	DataProcessor		INFO	polling
21-02-2016 10:49:55	CameraInterface		INFO	Read successful
21-02-2016 10:49:55	Controller		INFO	sending to transmitter
21-02-2016 10:49:55	Transmitter		INFO	pushing into buff
21-02-2016 10:49:55	DataProcessor		INFO	polling
21-02-2016 10:49:55	CameraInterface		INFO	Read successful
21-02-2016 10:49:55	Controller		INFO	sending to transmitter
21-02-2016 10:49:55	Transmitter		INFO	pushing into buff
21-02-2016 10:49:55	DataProcessor		INFO	polling
21-02-2016 10:49:56	CameraInterface		INFO	Read successful
21-02-2016 10:49:56	Controller		INFO	sending to transmitter
21-02-2016 10:49:56	Transmitter		INFO	pushing into buff
21-02-2016 10:49:56	DataProcessor		INFO	polling
21-02-2016 10:49:56	CameraInterface		INFO	Read successful
21-02-2016 10:49:56	Controller		INFO	sending to transmitter
21-02-2016 10:49:56	Transmitter		INFO	pushing into buff
21-02-2016 10:49:56	DataProcessor		INFO	polling
21-02-2016 10:49:56	CameraInterface		INFO	Read successful
21-02-2016 10:49:56	Controller		INFO	sending to transmitter
21-02-2016 10:49:56	Transmitter		INFO	pushing into buff
21-02-2016 10:49:56	DataProcessor		INFO	polling
21-02-2016 10:49:56	CameraInterface		INFO	Read successful
21-02-2016 10:49:56	Controller		INFO	sending to transmitter
21-02-2016 10:49:56	Transmitter		INFO	pushing into buff
21-02-2016 10:49:56	DataProcessor		INFO	polling
