20-02-2016 11:51:02	Main		TRACE	Logger initialized.
20-02-2016 11:51:02	PropertyReader		TRACE	Opening file: settings/settings.txt
20-02-2016 11:51:02	PropertyReader		INFO	File opened: settings/settings.txt
20-02-2016 11:51:02	PropertyReader		INFO	Loading properties file...
20-02-2016 11:51:02	PropertyReader		INFO	Mapped TRACE to LOGGING_LEVEL
20-02-2016 11:51:02	PropertyReader		INFO	Mapped 100 to CAM_BUFFER_SIZE
20-02-2016 11:51:02	PropertyReader		INFO	Mapped 15 to CAM_POLL_FREQUENCY
20-02-2016 11:51:02	PropertyReader		INFO	Mapped 0 to CAM_INDEX
20-02-2016 11:51:02	PropertyReader		DEBUG	Loaded 4 properties successfully
20-02-2016 11:51:02	Controller		INFO	Constructor controller
20-02-2016 11:51:02	Transmitter		INFO	socket retrieve success
20-02-2016 11:51:02	Transmitter		INFO	binding done
20-02-2016 11:51:02	Transmitter		INFO	done listening
20-02-2016 11:52:48	Transmitter		INFO	accepting
20-02-2016 11:52:48	Main		TRACE	intializing controller
20-02-2016 11:52:48	Controller		INFO	Initializing Controller
20-02-2016 11:52:48	Main		TRACE	initializing dataprocessor
20-02-2016 11:52:48	CameraInterface		INFO	Initializing camera
20-02-2016 11:52:48	CameraInterface		INFO	Opening video capture stream at position 0
20-02-2016 11:52:48	ControllerThread		INFO	Starting Controller Thread execution loop
20-02-2016 11:52:48	Transmitter		INFO	Starting Receiver Thread execution loop
20-02-2016 11:52:48	Receiver		INFO	Starting Receiver Thread execution loop
20-02-2016 11:52:48	Transmitter		INFO	running
20-02-2016 11:52:48	Transmitter		INFO	running
20-02-2016 11:52:48	Transmitter		INFO	running
20-02-2016 11:52:48	Transmitter		INFO	running
20-02-2016 11:52:48	Transmitter		INFO	running
20-02-2016 11:52:48	Transmitter		INFO	running
20-02-2016 11:52:48	Transmitter		INFO	running
20-02-2016 11:52:48	Transmitter		INFO	running
20-02-2016 11:52:48	Transmitter		INFO	running
20-02-2016 11:52:48	Transmitter		INFO	running
20-02-2016 11:52:48	Transmitter		INFO	running
20-02-2016 11:52:49	Transmitter		INFO	running
20-02-2016 11:52:49	Transmitter		INFO	running
20-02-2016 11:52:49	Transmitter		INFO	running
20-02-2016 11:52:49	Transmitter		INFO	running
20-02-2016 11:52:49	Transmitter		INFO	running
20-02-2016 11:52:49	Transmitter		INFO	running
20-02-2016 11:52:49	Transmitter		INFO	running
20-02-2016 11:52:49	Transmitter		INFO	running
20-02-2016 11:52:49	Transmitter		INFO	running
20-02-2016 11:52:49	Transmitter		INFO	running
20-02-2016 11:52:49	Transmitter		INFO	running
20-02-2016 11:52:49	Transmitter		INFO	running
20-02-2016 11:52:49	Transmitter		INFO	running
20-02-2016 11:52:49	Transmitter		INFO	running
20-02-2016 11:52:49	Transmitter		INFO	running
20-02-2016 11:52:49	Transmitter		INFO	running
20-02-2016 11:52:49	Transmitter		INFO	running
20-02-2016 11:52:49	Transmitter		INFO	running
20-02-2016 11:52:49	Transmitter		INFO	running
20-02-2016 11:52:49	Transmitter		INFO	running
20-02-2016 11:52:49	Transmitter		INFO	running
20-02-2016 11:52:49	Transmitter		INFO	running
20-02-2016 11:52:49	Transmitter		INFO	running
20-02-2016 11:52:49	Main		TRACE	running controller
20-02-2016 11:52:49	DataProcessor		INFO	polling
20-02-2016 11:52:49	Transmitter		INFO	running
20-02-2016 11:52:49	Transmitter		INFO	running
20-02-2016 11:52:49	Transmitter		INFO	running
20-02-2016 11:52:49	Transmitter		INFO	running
20-02-2016 11:52:49	Transmitter		INFO	running
20-02-2016 11:52:49	Transmitter		INFO	running
20-02-2016 11:52:49	Transmitter		INFO	running
20-02-2016 11:52:49	Transmitter		INFO	running
20-02-2016 11:52:49	Transmitter		INFO	running
20-02-2016 11:52:49	Transmitter		INFO	running
20-02-2016 11:52:49	Transmitter		INFO	running
20-02-2016 11:52:49	Transmitter		INFO	running
20-02-2016 11:52:49	Transmitter		INFO	running
20-02-2016 11:52:49	Transmitter		INFO	running
20-02-2016 11:52:49	Transmitter		INFO	running
20-02-2016 11:52:49	Transmitter		INFO	running
20-02-2016 11:52:49	Transmitter		INFO	running
20-02-2016 11:52:49	Transmitter		INFO	running
20-02-2016 11:52:49	Transmitter		INFO	running
20-02-2016 11:52:49	Transmitter		INFO	running
20-02-2016 11:52:49	Transmitter		INFO	running
20-02-2016 11:52:49	Transmitter		INFO	running
20-02-2016 11:52:49	Transmitter		INFO	running
20-02-2016 11:52:49	Transmitter		INFO	running
20-02-2016 11:52:49	Transmitter		INFO	running
20-02-2016 11:52:49	Transmitter		INFO	running
20-02-2016 11:52:49	Transmitter		INFO	running
20-02-2016 11:52:49	Transmitter		INFO	running
20-02-2016 11:52:49	Transmitter		INFO	running
20-02-2016 11:52:49	Transmitter		INFO	running
20-02-2016 11:52:49	Transmitter		INFO	running
20-02-2016 11:52:49	Transmitter		INFO	running
20-02-2016 11:52:49	Transmitter		INFO	running
20-02-2016 11:52:49	Transmitter		INFO	running
20-02-2016 11:52:49	Transmitter		INFO	running
20-02-2016 11:52:49	Transmitter		INFO	running
20-02-2016 11:52:49	Transmitter		INFO	running
20-02-2016 11:52:49	Transmitter		INFO	running
20-02-2016 11:52:49	Transmitter		INFO	running
20-02-2016 11:52:49	Transmitter		INFO	running
20-02-2016 11:52:49	Transmitter		INFO	running
20-02-2016 11:52:49	Transmitter		INFO	running
20-02-2016 11:52:49	Transmitter		INFO	running
20-02-2016 11:52:49	Transmitter		INFO	running
20-02-2016 11:52:49	Transmitter		INFO	running
20-02-2016 11:52:49	Transmitter		INFO	running
20-02-2016 11:52:49	Transmitter		INFO	running
20-02-2016 11:52:49	Transmitter		INFO	running
20-02-2016 11:52:49	Transmitter		INFO	running
20-02-2016 11:52:49	Transmitter		INFO	running
20-02-2016 11:52:49	Transmitter		INFO	running
20-02-2016 11:52:49	Transmitter		INFO	running
20-02-2016 11:52:49	Transmitter		INFO	running
20-02-2016 11:52:49	Transmitter		INFO	running
20-02-2016 11:52:49	Transmitter		INFO	running
20-02-2016 11:52:49	Transmitter		INFO	running
20-02-2016 11:52:49	Transmitter		INFO	running
20-02-2016 11:52:49	Transmitter		INFO	running
20-02-2016 11:52:49	Transmitter		INFO	running
20-02-2016 11:52:49	Transmitter		INFO	running
20-02-2016 11:52:49	Transmitter		INFO	running
20-02-2016 11:52:49	Transmitter		INFO	running
20-02-2016 11:52:49	Transmitter		INFO	running
20-02-2016 11:52:49	Transmitter		INFO	running
20-02-2016 11:52:49	Transmitter		INFO	running
20-02-2016 11:52:49	Transmitter		INFO	running
20-02-2016 11:52:49	Transmitter		INFO	running
20-02-2016 11:52:49	Transmitter		INFO	running
20-02-2016 11:52:49	Transmitter		INFO	running
20-02-2016 11:52:49	Transmitter		INFO	running
20-02-2016 11:52:49	Transmitter		INFO	running
20-02-2016 11:52:49	Transmitter		INFO	running
20-02-2016 11:52:49	Transmitter		INFO	running
20-02-2016 11:52:49	Transmitter		INFO	running
20-02-2016 11:52:49	Transmitter		INFO	running
20-02-2016 11:52:49	Transmitter		INFO	running
20-02-2016 11:52:49	Transmitter		INFO	running
20-02-2016 11:52:49	Transmitter		INFO	running
20-02-2016 11:52:49	Transmitter		INFO	running
20-02-2016 11:52:49	Transmitter		INFO	running
20-02-2016 11:52:49	Transmitter		INFO	running
20-02-2016 11:52:49	Transmitter		INFO	running
20-02-2016 11:52:49	Transmitter		INFO	running
20-02-2016 11:52:49	Transmitter		INFO	running
20-02-2016 11:52:49	Transmitter		INFO	running
20-02-2016 11:52:49	Transmitter		INFO	running
20-02-2016 11:52:49	Transmitter		INFO	running
20-02-2016 11:52:49	Transmitter		INFO	running
20-02-2016 11:52:49	Transmitter		INFO	running
20-02-2016 11:52:49	Transmitter		INFO	running
20-02-2016 11:52:49	Transmitter		INFO	running
20-02-2016 11:52:49	Transmitter		INFO	running
20-02-2016 11:52:49	Transmitter		INFO	running
20-02-2016 11:52:50	Transmitter		INFO	running
20-02-2016 11:52:50	Transmitter		INFO	running
20-02-2016 11:52:50	Transmitter		INFO	running
20-02-2016 11:52:50	Transmitter		INFO	running
20-02-2016 11:52:50	CameraInterface		INFO	Read successful
20-02-2016 11:52:50	Transmitter		INFO	running
20-02-2016 11:52:50	Transmitter		INFO	running
20-02-2016 11:52:50	Controller		INFO	sending to transmitter
20-02-2016 11:52:50	Transmitter		INFO	pushing into buff
20-02-2016 11:52:50	DataProcessor		INFO	polling
20-02-2016 11:52:50	Transmitter		INFO	running
20-02-2016 11:52:50	Transmitter		INFO	getting from buffer
20-02-2016 11:52:50	CameraInterface		INFO	Read successful
20-02-2016 11:52:50	Controller		INFO	sending to transmitter
20-02-2016 11:52:50	Transmitter		INFO	pushing into buff
20-02-2016 11:52:50	DataProcessor		INFO	polling
20-02-2016 11:52:50	CameraInterface		INFO	Read successful
20-02-2016 11:52:50	Controller		INFO	sending to transmitter
20-02-2016 11:52:50	Transmitter		INFO	pushing into buff
20-02-2016 11:52:50	DataProcessor		INFO	polling
20-02-2016 11:52:50	CameraInterface		INFO	Read successful
20-02-2016 11:52:50	Controller		INFO	sending to transmitter
20-02-2016 11:52:50	Transmitter		INFO	pushing into buff
20-02-2016 11:52:50	DataProcessor		INFO	polling
20-02-2016 11:52:50	CameraInterface		INFO	Read successful
20-02-2016 11:52:50	Controller		INFO	sending to transmitter
20-02-2016 11:52:50	Transmitter		INFO	pushing into buff
20-02-2016 11:52:50	DataProcessor		INFO	polling
20-02-2016 11:52:51	CameraInterface		INFO	Read successful
20-02-2016 11:52:51	Controller		INFO	sending to transmitter
20-02-2016 11:52:51	Transmitter		INFO	pushing into buff
20-02-2016 11:52:51	DataProcessor		INFO	polling
20-02-2016 11:52:51	CameraInterface		INFO	Read successful
20-02-2016 11:52:51	Controller		INFO	sending to transmitter
20-02-2016 11:52:51	Transmitter		INFO	pushing into buff
20-02-2016 11:52:51	DataProcessor		INFO	polling
20-02-2016 11:52:51	CameraInterface		INFO	Read successful
20-02-2016 11:52:51	Controller		INFO	sending to transmitter
20-02-2016 11:52:51	Transmitter		INFO	pushing into buff
20-02-2016 11:52:51	DataProcessor		INFO	polling
20-02-2016 11:52:51	CameraInterface		INFO	Read successful
20-02-2016 11:52:51	Controller		INFO	sending to transmitter
20-02-2016 11:52:51	Transmitter		INFO	pushing into buff
20-02-2016 11:52:51	DataProcessor		INFO	polling
20-02-2016 11:52:52	CameraInterface		INFO	Read successful
20-02-2016 11:52:52	Controller		INFO	sending to transmitter
20-02-2016 11:52:52	Transmitter		INFO	pushing into buff
20-02-2016 11:52:52	DataProcessor		INFO	polling
20-02-2016 11:52:52	CameraInterface		INFO	Read successful
20-02-2016 11:52:52	Controller		INFO	sending to transmitter
20-02-2016 11:52:52	Transmitter		INFO	pushing into buff
20-02-2016 11:52:52	DataProcessor		INFO	polling
20-02-2016 11:52:52	CameraInterface		INFO	Read successful
20-02-2016 11:52:52	Controller		INFO	sending to transmitter
20-02-2016 11:52:52	Transmitter		INFO	pushing into buff
20-02-2016 11:52:52	DataProcessor		INFO	polling
20-02-2016 11:52:52	CameraInterface		INFO	Read successful
20-02-2016 11:52:52	Controller		INFO	sending to transmitter
20-02-2016 11:52:52	Transmitter		INFO	pushing into buff
20-02-2016 11:52:52	DataProcessor		INFO	polling
20-02-2016 11:52:52	CameraInterface		INFO	Read successful
20-02-2016 11:52:52	Controller		INFO	sending to transmitter
20-02-2016 11:52:52	Transmitter		INFO	pushing into buff
20-02-2016 11:52:52	DataProcessor		INFO	polling
20-02-2016 11:52:52	CameraInterface		INFO	Read successful
20-02-2016 11:52:53	Controller		INFO	sending to transmitter
20-02-2016 11:52:53	Transmitter		INFO	pushing into buff
20-02-2016 11:52:53	DataProcessor		INFO	polling
20-02-2016 11:52:53	CameraInterface		INFO	Read successful
20-02-2016 11:52:53	Controller		INFO	sending to transmitter
20-02-2016 11:52:53	Transmitter		INFO	pushing into buff
20-02-2016 11:52:53	DataProcessor		INFO	polling
20-02-2016 11:52:53	CameraInterface		INFO	Read successful
20-02-2016 11:52:53	Controller		INFO	sending to transmitter
20-02-2016 11:52:53	Transmitter		INFO	pushing into buff
20-02-2016 11:52:53	DataProcessor		INFO	polling
20-02-2016 11:52:53	CameraInterface		INFO	Read successful
20-02-2016 11:52:53	Controller		INFO	sending to transmitter
20-02-2016 11:52:53	Transmitter		INFO	pushing into buff
20-02-2016 11:52:53	DataProcessor		INFO	polling
20-02-2016 11:52:53	CameraInterface		INFO	Read successful
20-02-2016 11:52:53	Controller		INFO	sending to transmitter
20-02-2016 11:52:53	Transmitter		INFO	pushing into buff
20-02-2016 11:52:53	DataProcessor		INFO	polling
20-02-2016 11:52:54	CameraInterface		INFO	Read successful
20-02-2016 11:52:54	Controller		INFO	sending to transmitter
20-02-2016 11:52:54	Transmitter		INFO	pushing into buff
20-02-2016 11:52:54	DataProcessor		INFO	polling
20-02-2016 11:52:54	CameraInterface		INFO	Read successful
20-02-2016 11:52:54	Controller		INFO	sending to transmitter
20-02-2016 11:52:54	Transmitter		INFO	pushing into buff
20-02-2016 11:52:54	DataProcessor		INFO	polling
20-02-2016 11:52:54	CameraInterface		INFO	Read successful
20-02-2016 11:52:54	Controller		INFO	sending to transmitter
20-02-2016 11:52:54	Transmitter		INFO	pushing into buff
20-02-2016 11:52:54	DataProcessor		INFO	polling
20-02-2016 11:52:54	CameraInterface		INFO	Read successful
20-02-2016 11:52:54	Controller		INFO	sending to transmitter
20-02-2016 11:52:54	Transmitter		INFO	pushing into buff
20-02-2016 11:52:54	DataProcessor		INFO	polling
20-02-2016 11:52:54	CameraInterface		INFO	Read successful
20-02-2016 11:52:54	Controller		INFO	sending to transmitter
20-02-2016 11:52:54	Transmitter		INFO	pushing into buff
20-02-2016 11:52:54	DataProcessor		INFO	polling
20-02-2016 11:52:55	CameraInterface		INFO	Read successful
20-02-2016 11:52:55	Controller		INFO	sending to transmitter
20-02-2016 11:52:55	Transmitter		INFO	pushing into buff
20-02-2016 11:52:55	DataProcessor		INFO	polling
20-02-2016 11:52:55	CameraInterface		INFO	Read successful
20-02-2016 11:52:55	Controller		INFO	sending to transmitter
20-02-2016 11:52:55	Transmitter		INFO	pushing into buff
20-02-2016 11:52:55	DataProcessor		INFO	polling
20-02-2016 11:52:55	CameraInterface		INFO	Read successful
20-02-2016 11:52:55	Controller		INFO	sending to transmitter
20-02-2016 11:52:55	Transmitter		INFO	pushing into buff
20-02-2016 11:52:55	DataProcessor		INFO	polling
20-02-2016 11:52:55	CameraInterface		INFO	Read successful
20-02-2016 11:52:55	Controller		INFO	sending to transmitter
20-02-2016 11:52:55	Transmitter		INFO	pushing into buff
20-02-2016 11:52:55	DataProcessor		INFO	polling
20-02-2016 11:52:55	CameraInterface		INFO	Read successful
20-02-2016 11:52:56	Controller		INFO	sending to transmitter
20-02-2016 11:52:56	Transmitter		INFO	pushing into buff
20-02-2016 11:52:56	DataProcessor		INFO	polling
20-02-2016 11:52:56	CameraInterface		INFO	Read successful
20-02-2016 11:52:56	Controller		INFO	sending to transmitter
20-02-2016 11:52:56	Transmitter		INFO	pushing into buff
20-02-2016 11:52:56	DataProcessor		INFO	polling
20-02-2016 11:52:56	CameraInterface		INFO	Read successful
20-02-2016 11:52:56	Controller		INFO	sending to transmitter
20-02-2016 11:52:56	Transmitter		INFO	pushing into buff
20-02-2016 11:52:56	DataProcessor		INFO	polling
20-02-2016 11:52:56	CameraInterface		INFO	Read successful
20-02-2016 11:52:56	Controller		INFO	sending to transmitter
20-02-2016 11:52:56	Transmitter		INFO	pushing into buff
20-02-2016 11:52:56	DataProcessor		INFO	polling
20-02-2016 11:52:56	CameraInterface		INFO	Read successful
20-02-2016 11:52:56	Controller		INFO	sending to transmitter
20-02-2016 11:52:56	Transmitter		INFO	pushing into buff
20-02-2016 11:52:56	DataProcessor		INFO	polling
20-02-2016 11:52:57	CameraInterface		INFO	Read successful
20-02-2016 11:52:57	Controller		INFO	sending to transmitter
20-02-2016 11:52:57	Transmitter		INFO	pushing into buff
20-02-2016 11:52:57	DataProcessor		INFO	polling
20-02-2016 11:52:57	CameraInterface		INFO	Read successful
20-02-2016 11:52:57	Controller		INFO	sending to transmitter
20-02-2016 11:52:57	Transmitter		INFO	pushing into buff
20-02-2016 11:52:57	DataProcessor		INFO	polling
20-02-2016 11:52:57	CameraInterface		INFO	Read successful
20-02-2016 11:52:57	Controller		INFO	sending to transmitter
20-02-2016 11:52:57	Transmitter		INFO	pushing into buff
20-02-2016 11:52:57	DataProcessor		INFO	polling
20-02-2016 11:52:57	CameraInterface		INFO	Read successful
20-02-2016 11:52:57	Controller		INFO	sending to transmitter
20-02-2016 11:52:57	Transmitter		INFO	pushing into buff
20-02-2016 11:52:57	DataProcessor		INFO	polling
20-02-2016 11:52:57	CameraInterface		INFO	Read successful
20-02-2016 11:52:57	Controller		INFO	sending to transmitter
20-02-2016 11:52:57	Transmitter		INFO	pushing into buff
20-02-2016 11:52:57	DataProcessor		INFO	polling
20-02-2016 11:52:58	CameraInterface		INFO	Read successful
20-02-2016 11:52:58	Controller		INFO	sending to transmitter
20-02-2016 11:52:58	Transmitter		INFO	pushing into buff
20-02-2016 11:52:58	DataProcessor		INFO	polling
20-02-2016 11:52:58	CameraInterface		INFO	Read successful
20-02-2016 11:52:58	Controller		INFO	sending to transmitter
20-02-2016 11:52:58	Transmitter		INFO	pushing into buff
20-02-2016 11:52:58	DataProcessor		INFO	polling
20-02-2016 11:52:58	CameraInterface		INFO	Read successful
20-02-2016 11:52:58	Controller		INFO	sending to transmitter
20-02-2016 11:52:58	Transmitter		INFO	pushing into buff
20-02-2016 11:52:58	DataProcessor		INFO	polling
20-02-2016 11:52:58	CameraInterface		INFO	Read successful
20-02-2016 11:52:58	Controller		INFO	sending to transmitter
20-02-2016 11:52:58	Transmitter		INFO	pushing into buff
20-02-2016 11:52:58	DataProcessor		INFO	polling
20-02-2016 11:52:58	CameraInterface		INFO	Read successful
20-02-2016 11:52:59	Controller		INFO	sending to transmitter
20-02-2016 11:52:59	Transmitter		INFO	pushing into buff
20-02-2016 11:52:59	DataProcessor		INFO	polling
20-02-2016 11:52:59	CameraInterface		INFO	Read successful
20-02-2016 11:52:59	Controller		INFO	sending to transmitter
20-02-2016 11:52:59	Transmitter		INFO	pushing into buff
20-02-2016 11:52:59	DataProcessor		INFO	polling
20-02-2016 11:52:59	CameraInterface		INFO	Read successful
20-02-2016 11:52:59	Controller		INFO	sending to transmitter
20-02-2016 11:52:59	Transmitter		INFO	pushing into buff
20-02-2016 11:52:59	DataProcessor		INFO	polling
20-02-2016 11:52:59	CameraInterface		INFO	Read successful
20-02-2016 11:52:59	Controller		INFO	sending to transmitter
20-02-2016 11:52:59	Transmitter		INFO	pushing into buff
20-02-2016 11:52:59	DataProcessor		INFO	polling
20-02-2016 11:52:59	CameraInterface		INFO	Read successful
20-02-2016 11:52:59	Controller		INFO	sending to transmitter
20-02-2016 11:52:59	Transmitter		INFO	pushing into buff
20-02-2016 11:52:59	DataProcessor		INFO	polling
20-02-2016 11:53:00	CameraInterface		INFO	Read successful
20-02-2016 11:53:00	Controller		INFO	sending to transmitter
20-02-2016 11:53:00	Transmitter		INFO	pushing into buff
20-02-2016 11:53:00	DataProcessor		INFO	polling
20-02-2016 11:53:00	CameraInterface		INFO	Read successful
20-02-2016 11:53:00	Controller		INFO	sending to transmitter
20-02-2016 11:53:00	Transmitter		INFO	pushing into buff
20-02-2016 11:53:00	DataProcessor		INFO	polling
20-02-2016 11:53:00	CameraInterface		INFO	Read successful
20-02-2016 11:53:00	Controller		INFO	sending to transmitter
20-02-2016 11:53:00	Transmitter		INFO	pushing into buff
20-02-2016 11:53:00	DataProcessor		INFO	polling
20-02-2016 11:53:00	CameraInterface		INFO	Read successful
20-02-2016 11:53:00	Controller		INFO	sending to transmitter
20-02-2016 11:53:00	Transmitter		INFO	pushing into buff
20-02-2016 11:53:00	DataProcessor		INFO	polling
20-02-2016 11:53:00	CameraInterface		INFO	Read successful
20-02-2016 11:53:00	Controller		INFO	sending to transmitter
20-02-2016 11:53:00	Transmitter		INFO	pushing into buff
20-02-2016 11:53:00	DataProcessor		INFO	polling
20-02-2016 11:53:01	Transmitter		INFO	running
20-02-2016 11:53:01	Transmitter		INFO	getting from buffer
20-02-2016 11:53:01	CameraInterface		INFO	Read successful
20-02-2016 11:53:01	Controller		INFO	sending to transmitter
20-02-2016 11:53:01	Transmitter		INFO	pushing into buff
20-02-2016 11:53:01	DataProcessor		INFO	polling
20-02-2016 11:53:01	CameraInterface		INFO	Read successful
20-02-2016 11:53:01	Controller		INFO	sending to transmitter
20-02-2016 11:53:01	Transmitter		INFO	pushing into buff
20-02-2016 11:53:01	DataProcessor		INFO	polling
20-02-2016 11:53:01	CameraInterface		INFO	Read successful
20-02-2016 11:53:01	Controller		INFO	sending to transmitter
20-02-2016 11:53:01	Transmitter		INFO	pushing into buff
20-02-2016 11:53:01	DataProcessor		INFO	polling
20-02-2016 11:53:01	CameraInterface		INFO	Read successful
20-02-2016 11:53:01	Controller		INFO	sending to transmitter
20-02-2016 11:53:01	Transmitter		INFO	pushing into buff
20-02-2016 11:53:01	DataProcessor		INFO	polling
20-02-2016 11:53:02	CameraInterface		INFO	Read successful
20-02-2016 11:53:02	Controller		INFO	sending to transmitter
20-02-2016 11:53:02	Transmitter		INFO	pushing into buff
20-02-2016 11:53:02	DataProcessor		INFO	polling
20-02-2016 11:53:02	CameraInterface		INFO	Read successful
20-02-2016 11:53:02	Controller		INFO	sending to transmitter
20-02-2016 11:53:02	Transmitter		INFO	pushing into buff
20-02-2016 11:53:02	DataProcessor		INFO	polling
20-02-2016 11:53:02	CameraInterface		INFO	Read successful
20-02-2016 11:53:02	Controller		INFO	sending to transmitter
20-02-2016 11:53:02	Transmitter		INFO	pushing into buff
20-02-2016 11:53:02	DataProcessor		INFO	polling
20-02-2016 11:53:02	CameraInterface		INFO	Read successful
20-02-2016 11:53:02	Controller		INFO	sending to transmitter
20-02-2016 11:53:02	Transmitter		INFO	pushing into buff
20-02-2016 11:53:02	DataProcessor		INFO	polling
20-02-2016 11:53:02	CameraInterface		INFO	Read successful
20-02-2016 11:53:02	Controller		INFO	sending to transmitter
20-02-2016 11:53:02	Transmitter		INFO	pushing into buff
20-02-2016 11:53:02	DataProcessor		INFO	polling
20-02-2016 11:53:03	CameraInterface		INFO	Read successful
20-02-2016 11:53:03	Controller		INFO	sending to transmitter
20-02-2016 11:53:03	Transmitter		INFO	pushing into buff
20-02-2016 11:53:03	DataProcessor		INFO	polling
20-02-2016 11:53:03	CameraInterface		INFO	Read successful
20-02-2016 11:53:03	Controller		INFO	sending to transmitter
20-02-2016 11:53:03	Transmitter		INFO	pushing into buff
20-02-2016 11:53:03	DataProcessor		INFO	polling
20-02-2016 11:53:03	CameraInterface		INFO	Read successful
20-02-2016 11:53:03	Controller		INFO	sending to transmitter
20-02-2016 11:53:03	Transmitter		INFO	pushing into buff
20-02-2016 11:53:03	DataProcessor		INFO	polling
20-02-2016 11:53:03	CameraInterface		INFO	Read successful
20-02-2016 11:53:03	Controller		INFO	sending to transmitter
20-02-2016 11:53:03	Transmitter		INFO	pushing into buff
20-02-2016 11:53:03	DataProcessor		INFO	polling
20-02-2016 11:53:04	CameraInterface		INFO	Read successful
20-02-2016 11:53:04	Controller		INFO	sending to transmitter
20-02-2016 11:53:04	Transmitter		INFO	pushing into buff
20-02-2016 11:53:04	DataProcessor		INFO	polling
20-02-2016 11:53:04	CameraInterface		INFO	Read successful
20-02-2016 11:53:04	Controller		INFO	sending to transmitter
20-02-2016 11:53:04	Transmitter		INFO	pushing into buff
20-02-2016 11:53:04	DataProcessor		INFO	polling
20-02-2016 11:53:04	CameraInterface		INFO	Read successful
20-02-2016 11:53:04	Controller		INFO	sending to transmitter
20-02-2016 11:53:04	Transmitter		INFO	pushing into buff
20-02-2016 11:53:04	DataProcessor		INFO	polling
20-02-2016 11:53:04	CameraInterface		INFO	Read successful
20-02-2016 11:53:04	Controller		INFO	sending to transmitter
20-02-2016 11:53:04	Transmitter		INFO	pushing into buff
20-02-2016 11:53:04	DataProcessor		INFO	polling
20-02-2016 11:53:04	CameraInterface		INFO	Read successful
20-02-2016 11:53:04	Controller		INFO	sending to transmitter
20-02-2016 11:53:04	Transmitter		INFO	pushing into buff
20-02-2016 11:53:04	DataProcessor		INFO	polling
20-02-2016 11:53:05	CameraInterface		INFO	Read successful
20-02-2016 11:53:05	Controller		INFO	sending to transmitter
20-02-2016 11:53:05	Transmitter		INFO	pushing into buff
20-02-2016 11:53:05	DataProcessor		INFO	polling
20-02-2016 11:53:05	CameraInterface		INFO	Read successful
20-02-2016 11:53:05	Controller		INFO	sending to transmitter
20-02-2016 11:53:05	Transmitter		INFO	pushing into buff
20-02-2016 11:53:05	DataProcessor		INFO	polling
20-02-2016 11:53:05	CameraInterface		INFO	Read successful
20-02-2016 11:53:05	Controller		INFO	sending to transmitter
20-02-2016 11:53:05	Transmitter		INFO	pushing into buff
20-02-2016 11:53:05	DataProcessor		INFO	polling
20-02-2016 11:53:05	CameraInterface		INFO	Read successful
20-02-2016 11:53:05	Controller		INFO	sending to transmitter
20-02-2016 11:53:05	Transmitter		INFO	pushing into buff
20-02-2016 11:53:05	DataProcessor		INFO	polling
