21-02-2016 11:06:11	Main		TRACE	Logger initialized.
21-02-2016 11:06:11	PropertyReader		TRACE	Opening file: settings/settings.txt
21-02-2016 11:06:11	PropertyReader		INFO	File opened: settings/settings.txt
21-02-2016 11:06:11	PropertyReader		INFO	Loading properties file...
21-02-2016 11:06:11	PropertyReader		INFO	Mapped TRACE to LOGGING_LEVEL
21-02-2016 11:06:11	PropertyReader		INFO	Mapped 100 to CAM_BUFFER_SIZE
21-02-2016 11:06:11	PropertyReader		INFO	Mapped 15 to CAM_POLL_FREQUENCY
21-02-2016 11:06:11	PropertyReader		INFO	Mapped 0 to CAM_INDEX
21-02-2016 11:06:11	PropertyReader		DEBUG	Loaded 4 properties successfully
21-02-2016 11:06:11	Controller		INFO	Constructor controller
21-02-2016 11:06:11	Transmitter		INFO	socket retrieve success
21-02-2016 11:06:11	Transmitter		INFO	binding done
21-02-2016 11:06:11	Transmitter		INFO	done listening
21-02-2016 11:06:15	Transmitter		INFO	accepting
21-02-2016 11:06:15	Main		TRACE	intializing controller
21-02-2016 11:06:15	Controller		INFO	Initializing Controller
21-02-2016 11:06:15	Main		TRACE	initializing dataprocessor
21-02-2016 11:06:15	CameraInterface		INFO	Initializing camera
21-02-2016 11:06:15	CameraInterface		INFO	Opening video capture stream at position 0
21-02-2016 11:06:15	ControllerThread		INFO	Starting Controller Thread execution loop
21-02-2016 11:06:15	Transmitter		INFO	Starting Receiver Thread execution loop
21-02-2016 11:06:15	Transmitter		INFO	running
21-02-2016 11:06:15	Receiver		INFO	Starting Receiver Thread execution loop
21-02-2016 11:06:15	Transmitter		INFO	running
21-02-2016 11:06:15	Transmitter		INFO	running
21-02-2016 11:06:15	Transmitter		INFO	running
21-02-2016 11:06:15	Transmitter		INFO	running
21-02-2016 11:06:15	Transmitter		INFO	running
21-02-2016 11:06:15	Transmitter		INFO	running
21-02-2016 11:06:15	Transmitter		INFO	running
21-02-2016 11:06:15	Transmitter		INFO	running
21-02-2016 11:06:15	Transmitter		INFO	running
21-02-2016 11:06:15	Transmitter		INFO	running
21-02-2016 11:06:15	Transmitter		INFO	running
21-02-2016 11:06:15	Transmitter		INFO	running
21-02-2016 11:06:15	Transmitter		INFO	running
21-02-2016 11:06:15	Transmitter		INFO	running
21-02-2016 11:06:15	Transmitter		INFO	running
21-02-2016 11:06:15	Transmitter		INFO	running
21-02-2016 11:06:15	Transmitter		INFO	running
21-02-2016 11:06:15	Transmitter		INFO	running
21-02-2016 11:06:15	Transmitter		INFO	running
21-02-2016 11:06:15	Transmitter		INFO	running
21-02-2016 11:06:15	Transmitter		INFO	running
21-02-2016 11:06:15	Transmitter		INFO	running
21-02-2016 11:06:15	Transmitter		INFO	running
21-02-2016 11:06:15	Transmitter		INFO	running
21-02-2016 11:06:15	Transmitter		INFO	running
21-02-2016 11:06:15	Transmitter		INFO	running
21-02-2016 11:06:15	Transmitter		INFO	running
21-02-2016 11:06:15	Transmitter		INFO	running
21-02-2016 11:06:15	Transmitter		INFO	running
21-02-2016 11:06:15	Transmitter		INFO	running
21-02-2016 11:06:15	Transmitter		INFO	running
21-02-2016 11:06:15	Transmitter		INFO	running
21-02-2016 11:06:15	Transmitter		INFO	running
21-02-2016 11:06:15	Transmitter		INFO	running
21-02-2016 11:06:15	Transmitter		INFO	running
21-02-2016 11:06:15	Transmitter		INFO	running
21-02-2016 11:06:15	Transmitter		INFO	running
21-02-2016 11:06:15	Transmitter		INFO	running
21-02-2016 11:06:15	Transmitter		INFO	running
21-02-2016 11:06:15	Transmitter		INFO	running
21-02-2016 11:06:15	Transmitter		INFO	running
21-02-2016 11:06:15	Transmitter		INFO	running
21-02-2016 11:06:15	Transmitter		INFO	running
21-02-2016 11:06:15	Transmitter		INFO	running
21-02-2016 11:06:15	Transmitter		INFO	running
21-02-2016 11:06:15	Transmitter		INFO	running
21-02-2016 11:06:15	Main		TRACE	running controller
21-02-2016 11:06:15	Transmitter		INFO	running
21-02-2016 11:06:15	DataProcessor		INFO	polling
21-02-2016 11:06:15	Transmitter		INFO	running
21-02-2016 11:06:15	Transmitter		INFO	running
21-02-2016 11:06:15	Transmitter		INFO	running
21-02-2016 11:06:15	Transmitter		INFO	running
21-02-2016 11:06:15	Transmitter		INFO	running
21-02-2016 11:06:15	Transmitter		INFO	running
21-02-2016 11:06:15	Transmitter		INFO	running
21-02-2016 11:06:15	Transmitter		INFO	running
21-02-2016 11:06:15	Transmitter		INFO	running
21-02-2016 11:06:15	Transmitter		INFO	running
21-02-2016 11:06:15	Transmitter		INFO	running
21-02-2016 11:06:15	Transmitter		INFO	running
21-02-2016 11:06:15	Transmitter		INFO	running
21-02-2016 11:06:15	Transmitter		INFO	running
21-02-2016 11:06:15	Transmitter		INFO	running
21-02-2016 11:06:15	Transmitter		INFO	running
21-02-2016 11:06:15	Transmitter		INFO	running
21-02-2016 11:06:15	Transmitter		INFO	running
21-02-2016 11:06:15	Transmitter		INFO	running
21-02-2016 11:06:15	Transmitter		INFO	running
21-02-2016 11:06:15	Transmitter		INFO	running
21-02-2016 11:06:15	Transmitter		INFO	running
21-02-2016 11:06:15	Transmitter		INFO	running
21-02-2016 11:06:15	Transmitter		INFO	running
21-02-2016 11:06:15	Transmitter		INFO	running
21-02-2016 11:06:15	Transmitter		INFO	running
21-02-2016 11:06:15	Transmitter		INFO	running
21-02-2016 11:06:15	Transmitter		INFO	running
21-02-2016 11:06:15	Transmitter		INFO	running
21-02-2016 11:06:15	Transmitter		INFO	running
21-02-2016 11:06:15	Transmitter		INFO	running
21-02-2016 11:06:15	Transmitter		INFO	running
21-02-2016 11:06:15	Transmitter		INFO	running
21-02-2016 11:06:15	Transmitter		INFO	running
21-02-2016 11:06:15	Transmitter		INFO	running
21-02-2016 11:06:15	Transmitter		INFO	running
21-02-2016 11:06:15	Transmitter		INFO	running
21-02-2016 11:06:15	Transmitter		INFO	running
21-02-2016 11:06:15	Transmitter		INFO	running
21-02-2016 11:06:15	Transmitter		INFO	running
21-02-2016 11:06:15	Transmitter		INFO	running
21-02-2016 11:06:15	Transmitter		INFO	running
21-02-2016 11:06:15	Transmitter		INFO	running
21-02-2016 11:06:15	Transmitter		INFO	running
21-02-2016 11:06:15	Transmitter		INFO	running
21-02-2016 11:06:15	Transmitter		INFO	running
21-02-2016 11:06:15	Transmitter		INFO	running
21-02-2016 11:06:15	Transmitter		INFO	running
21-02-2016 11:06:15	Transmitter		INFO	running
21-02-2016 11:06:15	Transmitter		INFO	running
21-02-2016 11:06:15	Transmitter		INFO	running
21-02-2016 11:06:15	Transmitter		INFO	running
21-02-2016 11:06:15	Transmitter		INFO	running
21-02-2016 11:06:15	Transmitter		INFO	running
21-02-2016 11:06:15	Transmitter		INFO	running
21-02-2016 11:06:15	Transmitter		INFO	running
21-02-2016 11:06:15	Transmitter		INFO	running
21-02-2016 11:06:15	Transmitter		INFO	running
21-02-2016 11:06:15	Transmitter		INFO	running
21-02-2016 11:06:15	Transmitter		INFO	running
21-02-2016 11:06:15	Transmitter		INFO	running
21-02-2016 11:06:15	Transmitter		INFO	running
21-02-2016 11:06:15	Transmitter		INFO	running
21-02-2016 11:06:15	Transmitter		INFO	running
21-02-2016 11:06:15	Transmitter		INFO	running
21-02-2016 11:06:15	Transmitter		INFO	running
21-02-2016 11:06:15	Transmitter		INFO	running
21-02-2016 11:06:15	Transmitter		INFO	running
21-02-2016 11:06:15	Transmitter		INFO	running
21-02-2016 11:06:15	Transmitter		INFO	running
21-02-2016 11:06:15	Transmitter		INFO	running
21-02-2016 11:06:15	Transmitter		INFO	running
21-02-2016 11:06:15	Transmitter		INFO	running
21-02-2016 11:06:15	Transmitter		INFO	running
21-02-2016 11:06:15	Transmitter		INFO	running
21-02-2016 11:06:15	Transmitter		INFO	running
21-02-2016 11:06:15	Transmitter		INFO	running
21-02-2016 11:06:15	Transmitter		INFO	running
21-02-2016 11:06:15	Transmitter		INFO	running
21-02-2016 11:06:15	Transmitter		INFO	running
21-02-2016 11:06:15	Transmitter		INFO	running
21-02-2016 11:06:16	Transmitter		INFO	running
21-02-2016 11:06:16	Transmitter		INFO	running
21-02-2016 11:06:16	Transmitter		INFO	running
21-02-2016 11:06:16	Transmitter		INFO	running
21-02-2016 11:06:16	Transmitter		INFO	running
21-02-2016 11:06:16	Transmitter		INFO	running
21-02-2016 11:06:16	Transmitter		INFO	running
21-02-2016 11:06:16	Transmitter		INFO	running
21-02-2016 11:06:16	Transmitter		INFO	running
21-02-2016 11:06:16	CameraInterface		INFO	Read successful
21-02-2016 11:06:16	Transmitter		INFO	running
21-02-2016 11:06:16	Controller		INFO	sending to transmitter
21-02-2016 11:06:16	Transmitter		INFO	running
21-02-2016 11:06:16	Transmitter		INFO	running
21-02-2016 11:06:16	Transmitter		INFO	running
21-02-2016 11:06:16	Transmitter		INFO	pushing into buff
21-02-2016 11:06:16	DataProcessor		INFO	polling
21-02-2016 11:06:16	Transmitter		INFO	running
21-02-2016 11:06:16	Transmitter		INFO	getting from buffer
21-02-2016 11:06:16	CameraInterface		INFO	Read successful
21-02-2016 11:06:16	Controller		INFO	sending to transmitter
21-02-2016 11:06:16	Transmitter		INFO	pushing into buff
21-02-2016 11:06:16	DataProcessor		INFO	polling
21-02-2016 11:06:16	CameraInterface		INFO	Read successful
21-02-2016 11:06:16	Controller		INFO	sending to transmitter
21-02-2016 11:06:16	Transmitter		INFO	pushing into buff
21-02-2016 11:06:16	DataProcessor		INFO	polling
21-02-2016 11:06:16	CameraInterface		INFO	Read successful
21-02-2016 11:06:16	Controller		INFO	sending to transmitter
21-02-2016 11:06:16	Transmitter		INFO	pushing into buff
21-02-2016 11:06:16	DataProcessor		INFO	polling
21-02-2016 11:06:17	CameraInterface		INFO	Read successful
21-02-2016 11:06:17	Controller		INFO	sending to transmitter
21-02-2016 11:06:17	Transmitter		INFO	pushing into buff
21-02-2016 11:06:17	DataProcessor		INFO	polling
21-02-2016 11:06:17	CameraInterface		INFO	Read successful
21-02-2016 11:06:17	Controller		INFO	sending to transmitter
21-02-2016 11:06:17	Transmitter		INFO	pushing into buff
21-02-2016 11:06:17	DataProcessor		INFO	polling
21-02-2016 11:06:17	CameraInterface		INFO	Read successful
21-02-2016 11:06:17	Controller		INFO	sending to transmitter
21-02-2016 11:06:17	Transmitter		INFO	pushing into buff
21-02-2016 11:06:17	DataProcessor		INFO	polling
21-02-2016 11:06:17	CameraInterface		INFO	Read successful
21-02-2016 11:06:17	Controller		INFO	sending to transmitter
21-02-2016 11:06:17	Transmitter		INFO	pushing into buff
21-02-2016 11:06:17	DataProcessor		INFO	polling
21-02-2016 11:06:17	CameraInterface		INFO	Read successful
21-02-2016 11:06:17	Controller		INFO	sending to transmitter
21-02-2016 11:06:17	Transmitter		INFO	pushing into buff
21-02-2016 11:06:17	DataProcessor		INFO	polling
21-02-2016 11:06:18	CameraInterface		INFO	Read successful
21-02-2016 11:06:18	Controller		INFO	sending to transmitter
21-02-2016 11:06:18	Transmitter		INFO	pushing into buff
21-02-2016 11:06:18	DataProcessor		INFO	polling
21-02-2016 11:06:18	CameraInterface		INFO	Read successful
21-02-2016 11:06:18	Controller		INFO	sending to transmitter
21-02-2016 11:06:18	Transmitter		INFO	pushing into buff
21-02-2016 11:06:18	DataProcessor		INFO	polling
21-02-2016 11:06:18	CameraInterface		INFO	Read successful
21-02-2016 11:06:18	Controller		INFO	sending to transmitter
21-02-2016 11:06:18	Transmitter		INFO	pushing into buff
21-02-2016 11:06:18	DataProcessor		INFO	polling
21-02-2016 11:06:18	CameraInterface		INFO	Read successful
21-02-2016 11:06:18	Controller		INFO	sending to transmitter
21-02-2016 11:06:18	Transmitter		INFO	pushing into buff
21-02-2016 11:06:18	DataProcessor		INFO	polling
21-02-2016 11:06:18	CameraInterface		INFO	Read successful
21-02-2016 11:06:18	Controller		INFO	sending to transmitter
21-02-2016 11:06:18	Transmitter		INFO	pushing into buff
21-02-2016 11:06:18	DataProcessor		INFO	polling
21-02-2016 11:06:19	CameraInterface		INFO	Read successful
21-02-2016 11:06:19	Controller		INFO	sending to transmitter
21-02-2016 11:06:19	Transmitter		INFO	pushing into buff
21-02-2016 11:06:19	DataProcessor		INFO	polling
21-02-2016 11:06:19	CameraInterface		INFO	Read successful
21-02-2016 11:06:19	Controller		INFO	sending to transmitter
21-02-2016 11:06:19	Transmitter		INFO	pushing into buff
21-02-2016 11:06:19	DataProcessor		INFO	polling
21-02-2016 11:06:19	CameraInterface		INFO	Read successful
21-02-2016 11:06:19	Controller		INFO	sending to transmitter
21-02-2016 11:06:19	Transmitter		INFO	pushing into buff
21-02-2016 11:06:19	DataProcessor		INFO	polling
21-02-2016 11:06:19	CameraInterface		INFO	Read successful
21-02-2016 11:06:19	Controller		INFO	sending to transmitter
21-02-2016 11:06:19	Transmitter		INFO	pushing into buff
21-02-2016 11:06:19	DataProcessor		INFO	polling
21-02-2016 11:06:19	CameraInterface		INFO	Read successful
21-02-2016 11:06:19	Controller		INFO	sending to transmitter
21-02-2016 11:06:19	Transmitter		INFO	pushing into buff
21-02-2016 11:06:19	DataProcessor		INFO	polling
21-02-2016 11:06:20	CameraInterface		INFO	Read successful
21-02-2016 11:06:20	Controller		INFO	sending to transmitter
21-02-2016 11:06:20	Transmitter		INFO	pushing into buff
21-02-2016 11:06:20	DataProcessor		INFO	polling
21-02-2016 11:06:20	CameraInterface		INFO	Read successful
21-02-2016 11:06:20	Controller		INFO	sending to transmitter
21-02-2016 11:06:20	Transmitter		INFO	pushing into buff
21-02-2016 11:06:20	DataProcessor		INFO	polling
21-02-2016 11:06:20	CameraInterface		INFO	Read successful
21-02-2016 11:06:20	Controller		INFO	sending to transmitter
21-02-2016 11:06:20	Transmitter		INFO	pushing into buff
21-02-2016 11:06:20	DataProcessor		INFO	polling
21-02-2016 11:06:20	CameraInterface		INFO	Read successful
21-02-2016 11:06:20	Controller		INFO	sending to transmitter
21-02-2016 11:06:20	Transmitter		INFO	pushing into buff
21-02-2016 11:06:20	DataProcessor		INFO	polling
21-02-2016 11:06:21	CameraInterface		INFO	Read successful
21-02-2016 11:06:21	Controller		INFO	sending to transmitter
21-02-2016 11:06:21	Transmitter		INFO	pushing into buff
21-02-2016 11:06:21	DataProcessor		INFO	polling
21-02-2016 11:06:21	Transmitter		INFO	sending string: 54320
21-02-2016 11:06:21	CameraInterface		INFO	Read successful
21-02-2016 11:06:21	Controller		INFO	sending to transmitter
21-02-2016 11:06:21	Transmitter		INFO	pushing into buff
21-02-2016 11:06:21	DataProcessor		INFO	polling
21-02-2016 11:06:21	Transmitter		INFO	running
21-02-2016 11:06:21	Transmitter		INFO	getting from buffer
21-02-2016 11:06:21	CameraInterface		INFO	Read successful
21-02-2016 11:06:21	Controller		INFO	sending to transmitter
21-02-2016 11:06:21	Transmitter		INFO	pushing into buff
21-02-2016 11:06:21	DataProcessor		INFO	polling
21-02-2016 11:06:21	CameraInterface		INFO	Read successful
21-02-2016 11:06:21	Controller		INFO	sending to transmitter
21-02-2016 11:06:21	Transmitter		INFO	pushing into buff
21-02-2016 11:06:21	DataProcessor		INFO	polling
21-02-2016 11:06:21	CameraInterface		INFO	Read successful
21-02-2016 11:06:21	Controller		INFO	sending to transmitter
21-02-2016 11:06:21	Transmitter		INFO	pushing into buff
21-02-2016 11:06:21	DataProcessor		INFO	polling
21-02-2016 11:06:22	CameraInterface		INFO	Read successful
21-02-2016 11:06:22	Controller		INFO	sending to transmitter
21-02-2016 11:06:22	Transmitter		INFO	pushing into buff
21-02-2016 11:06:22	DataProcessor		INFO	polling
21-02-2016 11:06:22	CameraInterface		INFO	Read successful
21-02-2016 11:06:22	Controller		INFO	sending to transmitter
21-02-2016 11:06:22	Transmitter		INFO	pushing into buff
21-02-2016 11:06:22	DataProcessor		INFO	polling
21-02-2016 11:06:22	CameraInterface		INFO	Read successful
21-02-2016 11:06:22	Controller		INFO	sending to transmitter
21-02-2016 11:06:22	Transmitter		INFO	pushing into buff
21-02-2016 11:06:22	DataProcessor		INFO	polling
21-02-2016 11:06:22	CameraInterface		INFO	Read successful
21-02-2016 11:06:22	Controller		INFO	sending to transmitter
21-02-2016 11:06:22	Transmitter		INFO	pushing into buff
21-02-2016 11:06:22	DataProcessor		INFO	polling
21-02-2016 11:06:23	CameraInterface		INFO	Read successful
21-02-2016 11:06:23	Controller		INFO	sending to transmitter
21-02-2016 11:06:23	Transmitter		INFO	pushing into buff
21-02-2016 11:06:23	DataProcessor		INFO	polling
21-02-2016 11:06:23	CameraInterface		INFO	Read successful
21-02-2016 11:06:23	Controller		INFO	sending to transmitter
21-02-2016 11:06:23	Transmitter		INFO	pushing into buff
21-02-2016 11:06:23	DataProcessor		INFO	polling
21-02-2016 11:06:23	CameraInterface		INFO	Read successful
21-02-2016 11:06:23	Controller		INFO	sending to transmitter
21-02-2016 11:06:23	Transmitter		INFO	pushing into buff
21-02-2016 11:06:23	DataProcessor		INFO	polling
21-02-2016 11:06:23	CameraInterface		INFO	Read successful
21-02-2016 11:06:23	Controller		INFO	sending to transmitter
21-02-2016 11:06:23	Transmitter		INFO	pushing into buff
21-02-2016 11:06:23	DataProcessor		INFO	polling
21-02-2016 11:06:23	CameraInterface		INFO	Read successful
21-02-2016 11:06:23	Controller		INFO	sending to transmitter
21-02-2016 11:06:23	Transmitter		INFO	pushing into buff
21-02-2016 11:06:23	DataProcessor		INFO	polling
21-02-2016 11:06:24	CameraInterface		INFO	Read successful
21-02-2016 11:06:24	Controller		INFO	sending to transmitter
21-02-2016 11:06:24	Transmitter		INFO	pushing into buff
21-02-2016 11:06:24	DataProcessor		INFO	polling
21-02-2016 11:06:24	CameraInterface		INFO	Read successful
21-02-2016 11:06:24	Controller		INFO	sending to transmitter
21-02-2016 11:06:24	Transmitter		INFO	pushing into buff
21-02-2016 11:06:24	DataProcessor		INFO	polling
21-02-2016 11:06:24	CameraInterface		INFO	Read successful
21-02-2016 11:06:24	Controller		INFO	sending to transmitter
21-02-2016 11:06:24	Transmitter		INFO	pushing into buff
21-02-2016 11:06:24	DataProcessor		INFO	polling
21-02-2016 11:06:24	CameraInterface		INFO	Read successful
21-02-2016 11:06:24	Controller		INFO	sending to transmitter
21-02-2016 11:06:24	Transmitter		INFO	pushing into buff
21-02-2016 11:06:24	DataProcessor		INFO	polling
21-02-2016 11:06:25	CameraInterface		INFO	Read successful
21-02-2016 11:06:25	Controller		INFO	sending to transmitter
21-02-2016 11:06:25	Transmitter		INFO	pushing into buff
21-02-2016 11:06:25	DataProcessor		INFO	polling
21-02-2016 11:06:25	CameraInterface		INFO	Read successful
21-02-2016 11:06:25	Controller		INFO	sending to transmitter
21-02-2016 11:06:25	Transmitter		INFO	pushing into buff
21-02-2016 11:06:25	DataProcessor		INFO	polling
21-02-2016 11:06:25	CameraInterface		INFO	Read successful
21-02-2016 11:06:25	Controller		INFO	sending to transmitter
21-02-2016 11:06:25	Transmitter		INFO	pushing into buff
21-02-2016 11:06:25	DataProcessor		INFO	polling
21-02-2016 11:06:25	CameraInterface		INFO	Read successful
21-02-2016 11:06:25	Controller		INFO	sending to transmitter
21-02-2016 11:06:25	Transmitter		INFO	pushing into buff
21-02-2016 11:06:25	DataProcessor		INFO	polling
21-02-2016 11:06:25	CameraInterface		INFO	Read successful
21-02-2016 11:06:25	Controller		INFO	sending to transmitter
21-02-2016 11:06:25	Transmitter		INFO	pushing into buff
21-02-2016 11:06:25	DataProcessor		INFO	polling
21-02-2016 11:06:26	CameraInterface		INFO	Read successful
21-02-2016 11:06:26	Controller		INFO	sending to transmitter
21-02-2016 11:06:26	Transmitter		INFO	pushing into buff
21-02-2016 11:06:26	DataProcessor		INFO	polling
21-02-2016 11:06:26	CameraInterface		INFO	Read successful
21-02-2016 11:06:26	Controller		INFO	sending to transmitter
21-02-2016 11:06:26	Transmitter		INFO	pushing into buff
21-02-2016 11:06:26	DataProcessor		INFO	polling
21-02-2016 11:06:26	CameraInterface		INFO	Read successful
21-02-2016 11:06:26	Controller		INFO	sending to transmitter
21-02-2016 11:06:26	Transmitter		INFO	pushing into buff
21-02-2016 11:06:26	DataProcessor		INFO	polling
21-02-2016 11:06:26	CameraInterface		INFO	Read successful
21-02-2016 11:06:26	Controller		INFO	sending to transmitter
21-02-2016 11:06:26	Transmitter		INFO	pushing into buff
21-02-2016 11:06:26	DataProcessor		INFO	polling
21-02-2016 11:06:26	CameraInterface		INFO	Read successful
21-02-2016 11:06:26	Controller		INFO	sending to transmitter
21-02-2016 11:06:27	Transmitter		INFO	pushing into buff
21-02-2016 11:06:27	DataProcessor		INFO	polling
21-02-2016 11:06:27	CameraInterface		INFO	Read successful
21-02-2016 11:06:27	Controller		INFO	sending to transmitter
21-02-2016 11:06:27	Transmitter		INFO	pushing into buff
21-02-2016 11:06:27	DataProcessor		INFO	polling
21-02-2016 11:06:27	CameraInterface		INFO	Read successful
21-02-2016 11:06:27	Controller		INFO	sending to transmitter
21-02-2016 11:06:27	Transmitter		INFO	pushing into buff
21-02-2016 11:06:27	DataProcessor		INFO	polling
21-02-2016 11:06:27	CameraInterface		INFO	Read successful
21-02-2016 11:06:27	Controller		INFO	sending to transmitter
21-02-2016 11:06:27	Transmitter		INFO	pushing into buff
21-02-2016 11:06:27	DataProcessor		INFO	polling
21-02-2016 11:06:27	CameraInterface		INFO	Read successful
21-02-2016 11:06:27	Controller		INFO	sending to transmitter
21-02-2016 11:06:27	Transmitter		INFO	pushing into buff
21-02-2016 11:06:27	DataProcessor		INFO	polling
21-02-2016 11:06:27	Transmitter		INFO	sending string: 651878
21-02-2016 11:06:28	CameraInterface		INFO	Read successful
21-02-2016 11:06:28	Controller		INFO	sending to transmitter
21-02-2016 11:06:28	Transmitter		INFO	pushing into buff
21-02-2016 11:06:28	DataProcessor		INFO	polling
21-02-2016 11:06:28	CameraInterface		INFO	Read successful
21-02-2016 11:06:28	Controller		INFO	sending to transmitter
21-02-2016 11:06:28	Transmitter		INFO	pushing into buff
21-02-2016 11:06:28	DataProcessor		INFO	polling
21-02-2016 11:06:28	CameraInterface		INFO	Read successful
21-02-2016 11:06:28	Controller		INFO	sending to transmitter
21-02-2016 11:06:28	Transmitter		INFO	pushing into buff
21-02-2016 11:06:28	DataProcessor		INFO	polling
21-02-2016 11:06:28	CameraInterface		INFO	Read successful
21-02-2016 11:06:28	Controller		INFO	sending to transmitter
21-02-2016 11:06:28	Transmitter		INFO	pushing into buff
21-02-2016 11:06:28	DataProcessor		INFO	polling
21-02-2016 11:06:29	CameraInterface		INFO	Read successful
21-02-2016 11:06:29	Controller		INFO	sending to transmitter
21-02-2016 11:06:29	Transmitter		INFO	pushing into buff
21-02-2016 11:06:29	DataProcessor		INFO	polling
21-02-2016 11:06:29	CameraInterface		INFO	Read successful
21-02-2016 11:06:29	Controller		INFO	sending to transmitter
21-02-2016 11:06:29	Transmitter		INFO	pushing into buff
21-02-2016 11:06:29	DataProcessor		INFO	polling
21-02-2016 11:06:29	CameraInterface		INFO	Read successful
21-02-2016 11:06:29	Controller		INFO	sending to transmitter
21-02-2016 11:06:29	Transmitter		INFO	pushing into buff
21-02-2016 11:06:29	DataProcessor		INFO	polling
21-02-2016 11:06:29	CameraInterface		INFO	Read successful
21-02-2016 11:06:29	Controller		INFO	sending to transmitter
21-02-2016 11:06:29	Transmitter		INFO	pushing into buff
21-02-2016 11:06:29	DataProcessor		INFO	polling
21-02-2016 11:06:29	CameraInterface		INFO	Read successful
21-02-2016 11:06:29	Controller		INFO	sending to transmitter
21-02-2016 11:06:29	Transmitter		INFO	pushing into buff
21-02-2016 11:06:29	DataProcessor		INFO	polling
21-02-2016 11:06:30	CameraInterface		INFO	Read successful
21-02-2016 11:06:30	Controller		INFO	sending to transmitter
21-02-2016 11:06:30	Transmitter		INFO	pushing into buff
21-02-2016 11:06:30	DataProcessor		INFO	polling
21-02-2016 11:06:30	CameraInterface		INFO	Read successful
21-02-2016 11:06:30	Controller		INFO	sending to transmitter
21-02-2016 11:06:30	Transmitter		INFO	pushing into buff
21-02-2016 11:06:30	DataProcessor		INFO	polling
21-02-2016 11:06:30	Transmitter		INFO	running
21-02-2016 11:06:30	Transmitter		INFO	getting from buffer
21-02-2016 11:06:30	CameraInterface		INFO	Read successful
21-02-2016 11:06:30	Controller		INFO	sending to transmitter
21-02-2016 11:06:30	Transmitter		INFO	pushing into buff
21-02-2016 11:06:30	DataProcessor		INFO	polling
21-02-2016 11:06:30	CameraInterface		INFO	Read successful
21-02-2016 11:06:30	Controller		INFO	sending to transmitter
21-02-2016 11:06:30	Transmitter		INFO	pushing into buff
21-02-2016 11:06:30	DataProcessor		INFO	polling
21-02-2016 11:06:30	CameraInterface		INFO	Read successful
21-02-2016 11:06:30	Controller		INFO	sending to transmitter
21-02-2016 11:06:30	Transmitter		INFO	pushing into buff
21-02-2016 11:06:30	DataProcessor		INFO	polling
21-02-2016 11:06:31	CameraInterface		INFO	Read successful
21-02-2016 11:06:31	Controller		INFO	sending to transmitter
21-02-2016 11:06:31	Transmitter		INFO	pushing into buff
21-02-2016 11:06:31	DataProcessor		INFO	polling
21-02-2016 11:06:31	CameraInterface		INFO	Read successful
21-02-2016 11:06:31	Controller		INFO	sending to transmitter
21-02-2016 11:06:31	Transmitter		INFO	pushing into buff
21-02-2016 11:06:31	DataProcessor		INFO	polling
21-02-2016 11:06:31	CameraInterface		INFO	Read successful
21-02-2016 11:06:31	Controller		INFO	sending to transmitter
21-02-2016 11:06:31	Transmitter		INFO	pushing into buff
21-02-2016 11:06:31	DataProcessor		INFO	polling
21-02-2016 11:06:31	CameraInterface		INFO	Read successful
21-02-2016 11:06:31	Controller		INFO	sending to transmitter
21-02-2016 11:06:31	Transmitter		INFO	pushing into buff
21-02-2016 11:06:31	DataProcessor		INFO	polling
21-02-2016 11:06:32	CameraInterface		INFO	Read successful
21-02-2016 11:06:32	Controller		INFO	sending to transmitter
21-02-2016 11:06:32	Transmitter		INFO	pushing into buff
21-02-2016 11:06:32	DataProcessor		INFO	polling
21-02-2016 11:06:32	CameraInterface		INFO	Read successful
21-02-2016 11:06:32	Controller		INFO	sending to transmitter
21-02-2016 11:06:32	Transmitter		INFO	pushing into buff
21-02-2016 11:06:32	DataProcessor		INFO	polling
