21-02-2016 11:58:57	Main		TRACE	Logger initialized.
21-02-2016 11:58:57	PropertyReader		TRACE	Opening file: settings/settings.txt
21-02-2016 11:58:57	PropertyReader		INFO	File opened: settings/settings.txt
21-02-2016 11:58:57	PropertyReader		INFO	Loading properties file...
21-02-2016 11:58:57	PropertyReader		INFO	Mapped TRACE to LOGGING_LEVEL
21-02-2016 11:58:57	PropertyReader		INFO	Mapped 100 to CAM_BUFFER_SIZE
21-02-2016 11:58:57	PropertyReader		INFO	Mapped 15 to CAM_POLL_FREQUENCY
21-02-2016 11:58:57	PropertyReader		INFO	Mapped 0 to CAM_INDEX
21-02-2016 11:58:57	PropertyReader		DEBUG	Loaded 4 properties successfully
21-02-2016 11:58:57	Controller		INFO	Constructor controller
21-02-2016 11:58:57	Transmitter		INFO	socket retrieve success
21-02-2016 11:58:57	Transmitter		INFO	binding done
21-02-2016 11:58:57	Transmitter		INFO	done listening
21-02-2016 11:58:59	Transmitter		INFO	accepting
21-02-2016 11:58:59	Main		TRACE	intializing controller
21-02-2016 11:58:59	Controller		INFO	Initializing Controller
21-02-2016 11:58:59	Main		TRACE	initializing dataprocessor
21-02-2016 11:58:59	CameraInterface		INFO	Initializing camera
21-02-2016 11:58:59	CameraInterface		INFO	Opening video capture stream at position 0
21-02-2016 11:58:59	Transmitter		INFO	Starting Receiver Thread execution loop
21-02-2016 11:58:59	Transmitter		INFO	running
21-02-2016 11:58:59	ControllerThread		INFO	Starting Controller Thread execution loop
21-02-2016 11:58:59	Receiver		INFO	Starting Receiver Thread execution loop
21-02-2016 11:58:59	Transmitter		INFO	running
21-02-2016 11:58:59	Transmitter		INFO	running
21-02-2016 11:58:59	Transmitter		INFO	running
21-02-2016 11:58:59	Transmitter		INFO	running
21-02-2016 11:58:59	Transmitter		INFO	running
21-02-2016 11:58:59	Transmitter		INFO	running
21-02-2016 11:58:59	Transmitter		INFO	running
21-02-2016 11:58:59	Transmitter		INFO	running
21-02-2016 11:58:59	Transmitter		INFO	running
21-02-2016 11:58:59	Transmitter		INFO	running
21-02-2016 11:58:59	Transmitter		INFO	running
21-02-2016 11:58:59	Transmitter		INFO	running
21-02-2016 11:58:59	Transmitter		INFO	running
21-02-2016 11:58:59	Transmitter		INFO	running
21-02-2016 11:58:59	Transmitter		INFO	running
21-02-2016 11:58:59	Transmitter		INFO	running
21-02-2016 11:58:59	Transmitter		INFO	running
21-02-2016 11:58:59	Transmitter		INFO	running
21-02-2016 11:58:59	Transmitter		INFO	running
21-02-2016 11:58:59	Transmitter		INFO	running
21-02-2016 11:58:59	Transmitter		INFO	running
21-02-2016 11:58:59	Transmitter		INFO	running
21-02-2016 11:58:59	Transmitter		INFO	running
21-02-2016 11:58:59	Transmitter		INFO	running
21-02-2016 11:58:59	Transmitter		INFO	running
21-02-2016 11:58:59	Transmitter		INFO	running
21-02-2016 11:58:59	Transmitter		INFO	running
21-02-2016 11:58:59	Transmitter		INFO	running
21-02-2016 11:58:59	Transmitter		INFO	running
21-02-2016 11:58:59	Transmitter		INFO	running
21-02-2016 11:58:59	Transmitter		INFO	running
21-02-2016 11:58:59	Transmitter		INFO	running
21-02-2016 11:58:59	Main		TRACE	running controller
21-02-2016 11:58:59	Transmitter		INFO	running
21-02-2016 11:58:59	DataProcessor		INFO	polling
21-02-2016 11:58:59	Transmitter		INFO	running
21-02-2016 11:58:59	Transmitter		INFO	running
21-02-2016 11:58:59	Transmitter		INFO	running
21-02-2016 11:58:59	Transmitter		INFO	running
21-02-2016 11:58:59	Transmitter		INFO	running
21-02-2016 11:58:59	Transmitter		INFO	running
21-02-2016 11:58:59	Transmitter		INFO	running
21-02-2016 11:58:59	Transmitter		INFO	running
21-02-2016 11:58:59	Transmitter		INFO	running
21-02-2016 11:58:59	Transmitter		INFO	running
21-02-2016 11:58:59	Transmitter		INFO	running
21-02-2016 11:58:59	Transmitter		INFO	running
21-02-2016 11:58:59	Transmitter		INFO	running
21-02-2016 11:58:59	Transmitter		INFO	running
21-02-2016 11:58:59	Transmitter		INFO	running
21-02-2016 11:58:59	Transmitter		INFO	running
21-02-2016 11:58:59	Transmitter		INFO	running
21-02-2016 11:58:59	Transmitter		INFO	running
21-02-2016 11:58:59	Transmitter		INFO	running
21-02-2016 11:58:59	Transmitter		INFO	running
21-02-2016 11:58:59	Transmitter		INFO	running
21-02-2016 11:58:59	Transmitter		INFO	running
21-02-2016 11:58:59	Transmitter		INFO	running
21-02-2016 11:58:59	Transmitter		INFO	running
21-02-2016 11:58:59	Transmitter		INFO	running
21-02-2016 11:58:59	Transmitter		INFO	running
21-02-2016 11:58:59	Transmitter		INFO	running
21-02-2016 11:58:59	Transmitter		INFO	running
21-02-2016 11:58:59	Transmitter		INFO	running
21-02-2016 11:59:00	Transmitter		INFO	running
21-02-2016 11:59:00	Transmitter		INFO	running
21-02-2016 11:59:00	Transmitter		INFO	running
21-02-2016 11:59:00	Transmitter		INFO	running
21-02-2016 11:59:00	Transmitter		INFO	running
21-02-2016 11:59:00	Transmitter		INFO	running
21-02-2016 11:59:00	Transmitter		INFO	running
21-02-2016 11:59:00	Transmitter		INFO	running
21-02-2016 11:59:00	Transmitter		INFO	running
21-02-2016 11:59:00	Transmitter		INFO	running
21-02-2016 11:59:00	Transmitter		INFO	running
21-02-2016 11:59:00	Transmitter		INFO	running
21-02-2016 11:59:00	Transmitter		INFO	running
21-02-2016 11:59:00	Transmitter		INFO	running
21-02-2016 11:59:00	Transmitter		INFO	running
21-02-2016 11:59:00	Transmitter		INFO	running
21-02-2016 11:59:00	Transmitter		INFO	running
21-02-2016 11:59:00	Transmitter		INFO	running
21-02-2016 11:59:00	Transmitter		INFO	running
21-02-2016 11:59:00	Transmitter		INFO	running
21-02-2016 11:59:00	Transmitter		INFO	running
21-02-2016 11:59:00	Transmitter		INFO	running
21-02-2016 11:59:00	Transmitter		INFO	running
21-02-2016 11:59:00	Transmitter		INFO	running
21-02-2016 11:59:00	Transmitter		INFO	running
21-02-2016 11:59:00	Transmitter		INFO	running
21-02-2016 11:59:00	Transmitter		INFO	running
21-02-2016 11:59:00	Transmitter		INFO	running
21-02-2016 11:59:00	Transmitter		INFO	running
21-02-2016 11:59:00	Transmitter		INFO	running
21-02-2016 11:59:00	Transmitter		INFO	running
21-02-2016 11:59:00	Transmitter		INFO	running
21-02-2016 11:59:00	Transmitter		INFO	running
21-02-2016 11:59:00	Transmitter		INFO	running
21-02-2016 11:59:00	Transmitter		INFO	running
21-02-2016 11:59:00	Transmitter		INFO	running
21-02-2016 11:59:00	Transmitter		INFO	running
21-02-2016 11:59:00	Transmitter		INFO	running
21-02-2016 11:59:00	Transmitter		INFO	running
21-02-2016 11:59:00	Transmitter		INFO	running
21-02-2016 11:59:00	Transmitter		INFO	running
21-02-2016 11:59:00	Transmitter		INFO	running
21-02-2016 11:59:00	Transmitter		INFO	running
21-02-2016 11:59:00	Transmitter		INFO	running
21-02-2016 11:59:00	Transmitter		INFO	running
21-02-2016 11:59:00	Transmitter		INFO	running
21-02-2016 11:59:00	Transmitter		INFO	running
21-02-2016 11:59:00	Transmitter		INFO	running
21-02-2016 11:59:00	Transmitter		INFO	running
21-02-2016 11:59:00	Transmitter		INFO	running
21-02-2016 11:59:00	Transmitter		INFO	running
21-02-2016 11:59:00	Transmitter		INFO	running
21-02-2016 11:59:00	Transmitter		INFO	running
21-02-2016 11:59:00	Transmitter		INFO	running
21-02-2016 11:59:00	Transmitter		INFO	running
21-02-2016 11:59:00	Transmitter		INFO	running
21-02-2016 11:59:00	Transmitter		INFO	running
21-02-2016 11:59:00	Transmitter		INFO	running
21-02-2016 11:59:00	Transmitter		INFO	running
21-02-2016 11:59:00	Transmitter		INFO	running
21-02-2016 11:59:00	Transmitter		INFO	running
21-02-2016 11:59:00	Transmitter		INFO	running
21-02-2016 11:59:00	Transmitter		INFO	running
21-02-2016 11:59:00	Transmitter		INFO	running
21-02-2016 11:59:00	Transmitter		INFO	running
21-02-2016 11:59:00	Transmitter		INFO	running
21-02-2016 11:59:00	Transmitter		INFO	running
21-02-2016 11:59:00	Transmitter		INFO	running
21-02-2016 11:59:00	Transmitter		INFO	running
21-02-2016 11:59:00	Transmitter		INFO	running
21-02-2016 11:59:00	Transmitter		INFO	running
21-02-2016 11:59:00	Transmitter		INFO	running
21-02-2016 11:59:00	CameraInterface		INFO	Read successful
21-02-2016 11:59:00	Controller		INFO	sending to transmitter
21-02-2016 11:59:00	Transmitter		INFO	pushing into buff
21-02-2016 11:59:00	Transmitter		INFO	running
21-02-2016 11:59:00	Transmitter		INFO	getting from buffer
21-02-2016 11:59:00	DataProcessor		INFO	polling
21-02-2016 11:59:00	CameraInterface		INFO	Read successful
21-02-2016 11:59:00	Controller		INFO	sending to transmitter
21-02-2016 11:59:00	Transmitter		INFO	pushing into buff
21-02-2016 11:59:01	DataProcessor		INFO	polling
21-02-2016 11:59:01	CameraInterface		INFO	Read successful
21-02-2016 11:59:01	Controller		INFO	sending to transmitter
21-02-2016 11:59:01	Transmitter		INFO	pushing into buff
21-02-2016 11:59:01	DataProcessor		INFO	polling
21-02-2016 11:59:01	CameraInterface		INFO	Read successful
21-02-2016 11:59:01	Controller		INFO	sending to transmitter
21-02-2016 11:59:01	Transmitter		INFO	pushing into buff
21-02-2016 11:59:01	DataProcessor		INFO	polling
21-02-2016 11:59:01	CameraInterface		INFO	Read successful
21-02-2016 11:59:01	Controller		INFO	sending to transmitter
21-02-2016 11:59:01	Transmitter		INFO	pushing into buff
21-02-2016 11:59:01	DataProcessor		INFO	polling
21-02-2016 11:59:01	CameraInterface		INFO	Read successful
21-02-2016 11:59:01	Controller		INFO	sending to transmitter
21-02-2016 11:59:01	Transmitter		INFO	pushing into buff
21-02-2016 11:59:01	DataProcessor		INFO	polling
21-02-2016 11:59:02	CameraInterface		INFO	Read successful
21-02-2016 11:59:02	Controller		INFO	sending to transmitter
21-02-2016 11:59:02	Transmitter		INFO	pushing into buff
21-02-2016 11:59:02	DataProcessor		INFO	polling
21-02-2016 11:59:02	CameraInterface		INFO	Read successful
21-02-2016 11:59:02	Controller		INFO	sending to transmitter
21-02-2016 11:59:02	Transmitter		INFO	pushing into buff
21-02-2016 11:59:02	DataProcessor		INFO	polling
21-02-2016 11:59:02	CameraInterface		INFO	Read successful
21-02-2016 11:59:02	Controller		INFO	sending to transmitter
21-02-2016 11:59:02	Transmitter		INFO	pushing into buff
21-02-2016 11:59:02	DataProcessor		INFO	polling
21-02-2016 11:59:02	CameraInterface		INFO	Read successful
21-02-2016 11:59:02	Controller		INFO	sending to transmitter
21-02-2016 11:59:02	Transmitter		INFO	pushing into buff
21-02-2016 11:59:02	DataProcessor		INFO	polling
21-02-2016 11:59:03	CameraInterface		INFO	Read successful
21-02-2016 11:59:03	Controller		INFO	sending to transmitter
21-02-2016 11:59:03	Transmitter		INFO	pushing into buff
21-02-2016 11:59:03	DataProcessor		INFO	polling
21-02-2016 11:59:03	CameraInterface		INFO	Read successful
21-02-2016 11:59:03	Controller		INFO	sending to transmitter
21-02-2016 11:59:03	Transmitter		INFO	pushing into buff
21-02-2016 11:59:03	DataProcessor		INFO	polling
21-02-2016 11:59:03	CameraInterface		INFO	Read successful
21-02-2016 11:59:03	Controller		INFO	sending to transmitter
21-02-2016 11:59:03	Transmitter		INFO	pushing into buff
21-02-2016 11:59:03	DataProcessor		INFO	polling
21-02-2016 11:59:03	CameraInterface		INFO	Read successful
21-02-2016 11:59:03	Controller		INFO	sending to transmitter
21-02-2016 11:59:03	Transmitter		INFO	pushing into buff
21-02-2016 11:59:03	DataProcessor		INFO	polling
21-02-2016 11:59:03	CameraInterface		INFO	Read successful
21-02-2016 11:59:03	Controller		INFO	sending to transmitter
21-02-2016 11:59:03	Transmitter		INFO	pushing into buff
21-02-2016 11:59:03	DataProcessor		INFO	polling
21-02-2016 11:59:04	CameraInterface		INFO	Read successful
21-02-2016 11:59:04	Controller		INFO	sending to transmitter
21-02-2016 11:59:04	Transmitter		INFO	pushing into buff
21-02-2016 11:59:04	DataProcessor		INFO	polling
21-02-2016 11:59:04	CameraInterface		INFO	Read successful
21-02-2016 11:59:04	Controller		INFO	sending to transmitter
21-02-2016 11:59:04	Transmitter		INFO	pushing into buff
21-02-2016 11:59:04	DataProcessor		INFO	polling
21-02-2016 11:59:04	CameraInterface		INFO	Read successful
21-02-2016 11:59:04	Controller		INFO	sending to transmitter
21-02-2016 11:59:04	Transmitter		INFO	pushing into buff
21-02-2016 11:59:04	DataProcessor		INFO	polling
21-02-2016 11:59:04	CameraInterface		INFO	Read successful
21-02-2016 11:59:04	Controller		INFO	sending to transmitter
21-02-2016 11:59:04	Transmitter		INFO	pushing into buff
21-02-2016 11:59:04	DataProcessor		INFO	polling
21-02-2016 11:59:04	CameraInterface		INFO	Read successful
21-02-2016 11:59:04	Controller		INFO	sending to transmitter
21-02-2016 11:59:04	Transmitter		INFO	pushing into buff
21-02-2016 11:59:04	DataProcessor		INFO	polling
21-02-2016 11:59:05	CameraInterface		INFO	Read successful
21-02-2016 11:59:05	Controller		INFO	sending to transmitter
21-02-2016 11:59:05	Transmitter		INFO	pushing into buff
21-02-2016 11:59:05	DataProcessor		INFO	polling
21-02-2016 11:59:05	CameraInterface		INFO	Read successful
21-02-2016 11:59:05	Controller		INFO	sending to transmitter
21-02-2016 11:59:05	Transmitter		INFO	pushing into buff
21-02-2016 11:59:05	DataProcessor		INFO	polling
21-02-2016 11:59:05	CameraInterface		INFO	Read successful
21-02-2016 11:59:05	Controller		INFO	sending to transmitter
21-02-2016 11:59:05	Transmitter		INFO	pushing into buff
21-02-2016 11:59:05	DataProcessor		INFO	polling
21-02-2016 11:59:05	CameraInterface		INFO	Read successful
21-02-2016 11:59:05	Controller		INFO	sending to transmitter
21-02-2016 11:59:05	Transmitter		INFO	pushing into buff
21-02-2016 11:59:05	DataProcessor		INFO	polling
21-02-2016 11:59:06	CameraInterface		INFO	Read successful
21-02-2016 11:59:06	Controller		INFO	sending to transmitter
21-02-2016 11:59:06	Transmitter		INFO	pushing into buff
21-02-2016 11:59:06	DataProcessor		INFO	polling
21-02-2016 11:59:06	Transmitter		INFO	sending string: 160576
21-02-2016 11:59:06	Transmitter		INFO	running
21-02-2016 11:59:06	Transmitter		INFO	getting from buffer
21-02-2016 11:59:06	CameraInterface		INFO	Read successful
21-02-2016 11:59:06	Controller		INFO	sending to transmitter
21-02-2016 11:59:06	Transmitter		INFO	pushing into buff
21-02-2016 11:59:06	DataProcessor		INFO	polling
21-02-2016 11:59:06	CameraInterface		INFO	Read successful
21-02-2016 11:59:06	Controller		INFO	sending to transmitter
21-02-2016 11:59:06	Transmitter		INFO	pushing into buff
21-02-2016 11:59:06	DataProcessor		INFO	polling
21-02-2016 11:59:07	CameraInterface		INFO	Read successful
21-02-2016 11:59:07	Controller		INFO	sending to transmitter
21-02-2016 11:59:07	Transmitter		INFO	pushing into buff
21-02-2016 11:59:07	DataProcessor		INFO	polling
21-02-2016 11:59:07	CameraInterface		INFO	Read successful
21-02-2016 11:59:07	Controller		INFO	sending to transmitter
21-02-2016 11:59:07	Transmitter		INFO	pushing into buff
21-02-2016 11:59:07	DataProcessor		INFO	polling
21-02-2016 11:59:07	CameraInterface		INFO	Read successful
21-02-2016 11:59:07	Controller		INFO	sending to transmitter
21-02-2016 11:59:07	Transmitter		INFO	pushing into buff
21-02-2016 11:59:07	DataProcessor		INFO	polling
21-02-2016 11:59:07	CameraInterface		INFO	Read successful
21-02-2016 11:59:07	Controller		INFO	sending to transmitter
21-02-2016 11:59:07	Transmitter		INFO	pushing into buff
21-02-2016 11:59:07	DataProcessor		INFO	polling
21-02-2016 11:59:08	CameraInterface		INFO	Read successful
21-02-2016 11:59:08	Controller		INFO	sending to transmitter
21-02-2016 11:59:08	Transmitter		INFO	pushing into buff
21-02-2016 11:59:08	DataProcessor		INFO	polling
21-02-2016 11:59:08	CameraInterface		INFO	Read successful
21-02-2016 11:59:08	Controller		INFO	sending to transmitter
21-02-2016 11:59:08	Transmitter		INFO	pushing into buff
21-02-2016 11:59:08	DataProcessor		INFO	polling
21-02-2016 11:59:08	CameraInterface		INFO	Read successful
21-02-2016 11:59:08	Controller		INFO	sending to transmitter
21-02-2016 11:59:08	Transmitter		INFO	pushing into buff
21-02-2016 11:59:08	DataProcessor		INFO	polling
21-02-2016 11:59:08	CameraInterface		INFO	Read successful
21-02-2016 11:59:08	Controller		INFO	sending to transmitter
21-02-2016 11:59:08	Transmitter		INFO	pushing into buff
21-02-2016 11:59:08	DataProcessor		INFO	polling
21-02-2016 11:59:09	CameraInterface		INFO	Read successful
21-02-2016 11:59:09	Controller		INFO	sending to transmitter
21-02-2016 11:59:09	Transmitter		INFO	pushing into buff
21-02-2016 11:59:09	DataProcessor		INFO	polling
21-02-2016 11:59:09	CameraInterface		INFO	Read successful
21-02-2016 11:59:09	Controller		INFO	sending to transmitter
21-02-2016 11:59:09	Transmitter		INFO	pushing into buff
21-02-2016 11:59:09	DataProcessor		INFO	polling
21-02-2016 11:59:09	CameraInterface		INFO	Read successful
21-02-2016 11:59:09	Controller		INFO	sending to transmitter
21-02-2016 11:59:09	Transmitter		INFO	pushing into buff
21-02-2016 11:59:09	DataProcessor		INFO	polling
21-02-2016 11:59:09	CameraInterface		INFO	Read successful
21-02-2016 11:59:10	Controller		INFO	sending to transmitter
21-02-2016 11:59:10	Transmitter		INFO	pushing into buff
21-02-2016 11:59:10	DataProcessor		INFO	polling
21-02-2016 11:59:10	CameraInterface		INFO	Read successful
21-02-2016 11:59:10	Controller		INFO	sending to transmitter
21-02-2016 11:59:10	Transmitter		INFO	pushing into buff
21-02-2016 11:59:10	DataProcessor		INFO	polling
21-02-2016 11:59:10	CameraInterface		INFO	Read successful
21-02-2016 11:59:10	Controller		INFO	sending to transmitter
21-02-2016 11:59:10	Transmitter		INFO	pushing into buff
21-02-2016 11:59:10	DataProcessor		INFO	polling
21-02-2016 11:59:10	CameraInterface		INFO	Read successful
21-02-2016 11:59:10	Controller		INFO	sending to transmitter
21-02-2016 11:59:10	Transmitter		INFO	pushing into buff
21-02-2016 11:59:10	DataProcessor		INFO	polling
21-02-2016 11:59:10	CameraInterface		INFO	Read successful
21-02-2016 11:59:10	Controller		INFO	sending to transmitter
21-02-2016 11:59:10	Transmitter		INFO	pushing into buff
21-02-2016 11:59:10	DataProcessor		INFO	polling
21-02-2016 11:59:11	CameraInterface		INFO	Read successful
21-02-2016 11:59:11	Controller		INFO	sending to transmitter
21-02-2016 11:59:11	Transmitter		INFO	pushing into buff
21-02-2016 11:59:11	DataProcessor		INFO	polling
21-02-2016 11:59:11	CameraInterface		INFO	Read successful
21-02-2016 11:59:11	Controller		INFO	sending to transmitter
21-02-2016 11:59:11	Transmitter		INFO	pushing into buff
21-02-2016 11:59:11	DataProcessor		INFO	polling
21-02-2016 11:59:11	CameraInterface		INFO	Read successful
21-02-2016 11:59:11	Controller		INFO	sending to transmitter
21-02-2016 11:59:11	Transmitter		INFO	pushing into buff
21-02-2016 11:59:11	DataProcessor		INFO	polling
21-02-2016 11:59:11	CameraInterface		INFO	Read successful
21-02-2016 11:59:11	Controller		INFO	sending to transmitter
21-02-2016 11:59:11	Transmitter		INFO	pushing into buff
21-02-2016 11:59:11	DataProcessor		INFO	polling
21-02-2016 11:59:11	CameraInterface		INFO	Read successful
21-02-2016 11:59:11	Controller		INFO	sending to transmitter
21-02-2016 11:59:11	Transmitter		INFO	pushing into buff
21-02-2016 11:59:11	DataProcessor		INFO	polling
21-02-2016 11:59:12	CameraInterface		INFO	Read successful
21-02-2016 11:59:12	Controller		INFO	sending to transmitter
21-02-2016 11:59:12	Transmitter		INFO	pushing into buff
21-02-2016 11:59:12	DataProcessor		INFO	polling
21-02-2016 11:59:12	CameraInterface		INFO	Read successful
21-02-2016 11:59:12	Controller		INFO	sending to transmitter
21-02-2016 11:59:12	Transmitter		INFO	pushing into buff
21-02-2016 11:59:12	DataProcessor		INFO	polling
21-02-2016 11:59:12	CameraInterface		INFO	Read successful
21-02-2016 11:59:12	Controller		INFO	sending to transmitter
21-02-2016 11:59:12	Transmitter		INFO	pushing into buff
21-02-2016 11:59:12	DataProcessor		INFO	polling
21-02-2016 11:59:12	CameraInterface		INFO	Read successful
21-02-2016 11:59:12	Controller		INFO	sending to transmitter
21-02-2016 11:59:12	Transmitter		INFO	pushing into buff
21-02-2016 11:59:12	DataProcessor		INFO	polling
21-02-2016 11:59:13	CameraInterface		INFO	Read successful
21-02-2016 11:59:13	Controller		INFO	sending to transmitter
21-02-2016 11:59:13	Transmitter		INFO	pushing into buff
21-02-2016 11:59:13	DataProcessor		INFO	polling
21-02-2016 11:59:13	CameraInterface		INFO	Read successful
21-02-2016 11:59:13	Controller		INFO	sending to transmitter
21-02-2016 11:59:13	Transmitter		INFO	pushing into buff
21-02-2016 11:59:13	DataProcessor		INFO	polling
21-02-2016 11:59:13	CameraInterface		INFO	Read successful
21-02-2016 11:59:13	Controller		INFO	sending to transmitter
21-02-2016 11:59:13	Transmitter		INFO	pushing into buff
21-02-2016 11:59:13	DataProcessor		INFO	polling
21-02-2016 11:59:13	CameraInterface		INFO	Read successful
21-02-2016 11:59:13	Controller		INFO	sending to transmitter
21-02-2016 11:59:13	Transmitter		INFO	pushing into buff
21-02-2016 11:59:13	DataProcessor		INFO	polling
21-02-2016 11:59:13	CameraInterface		INFO	Read successful
21-02-2016 11:59:13	Controller		INFO	sending to transmitter
21-02-2016 11:59:13	Transmitter		INFO	pushing into buff
21-02-2016 11:59:13	DataProcessor		INFO	polling
21-02-2016 11:59:14	CameraInterface		INFO	Read successful
21-02-2016 11:59:14	Controller		INFO	sending to transmitter
21-02-2016 11:59:14	Transmitter		INFO	pushing into buff
21-02-2016 11:59:14	DataProcessor		INFO	polling
21-02-2016 11:59:14	CameraInterface		INFO	Read successful
21-02-2016 11:59:14	Controller		INFO	sending to transmitter
21-02-2016 11:59:14	Transmitter		INFO	pushing into buff
21-02-2016 11:59:14	DataProcessor		INFO	polling
21-02-2016 11:59:14	CameraInterface		INFO	Read successful
21-02-2016 11:59:14	Controller		INFO	sending to transmitter
21-02-2016 11:59:14	Transmitter		INFO	pushing into buff
21-02-2016 11:59:14	DataProcessor		INFO	polling
21-02-2016 11:59:14	CameraInterface		INFO	Read successful
21-02-2016 11:59:14	Controller		INFO	sending to transmitter
21-02-2016 11:59:14	Transmitter		INFO	pushing into buff
21-02-2016 11:59:14	DataProcessor		INFO	polling
21-02-2016 11:59:14	Transmitter		INFO	sending string: 1235855
21-02-2016 11:59:14	CameraInterface		INFO	Read successful
21-02-2016 11:59:14	Controller		INFO	sending to transmitter
21-02-2016 11:59:14	Transmitter		INFO	pushing into buff
21-02-2016 11:59:14	DataProcessor		INFO	polling
21-02-2016 11:59:15	CameraInterface		INFO	Read successful
21-02-2016 11:59:15	Controller		INFO	sending to transmitter
21-02-2016 11:59:15	Transmitter		INFO	pushing into buff
21-02-2016 11:59:15	DataProcessor		INFO	polling
21-02-2016 11:59:15	CameraInterface		INFO	Read successful
21-02-2016 11:59:15	Controller		INFO	sending to transmitter
21-02-2016 11:59:15	Transmitter		INFO	pushing into buff
21-02-2016 11:59:15	DataProcessor		INFO	polling
21-02-2016 11:59:15	CameraInterface		INFO	Read successful
21-02-2016 11:59:15	Controller		INFO	sending to transmitter
21-02-2016 11:59:16	Transmitter		INFO	pushing into buff
21-02-2016 11:59:16	DataProcessor		INFO	polling
21-02-2016 11:59:16	Transmitter		INFO	running
21-02-2016 11:59:16	Transmitter		INFO	getting from buffer
21-02-2016 11:59:16	CameraInterface		INFO	Read successful
21-02-2016 11:59:16	Controller		INFO	sending to transmitter
21-02-2016 11:59:16	Transmitter		INFO	pushing into buff
21-02-2016 11:59:16	DataProcessor		INFO	polling
21-02-2016 11:59:16	CameraInterface		INFO	Read successful
21-02-2016 11:59:16	Controller		INFO	sending to transmitter
21-02-2016 11:59:16	Transmitter		INFO	pushing into buff
21-02-2016 11:59:16	DataProcessor		INFO	polling
21-02-2016 11:59:16	CameraInterface		INFO	Read successful
21-02-2016 11:59:16	Controller		INFO	sending to transmitter
21-02-2016 11:59:16	Transmitter		INFO	pushing into buff
21-02-2016 11:59:16	DataProcessor		INFO	polling
21-02-2016 11:59:17	CameraInterface		INFO	Read successful
21-02-2016 11:59:17	Controller		INFO	sending to transmitter
21-02-2016 11:59:17	Transmitter		INFO	pushing into buff
21-02-2016 11:59:17	DataProcessor		INFO	polling
21-02-2016 11:59:17	CameraInterface		INFO	Read successful
21-02-2016 11:59:17	Controller		INFO	sending to transmitter
21-02-2016 11:59:17	Transmitter		INFO	pushing into buff
21-02-2016 11:59:17	DataProcessor		INFO	polling
21-02-2016 11:59:17	CameraInterface		INFO	Read successful
21-02-2016 11:59:17	Controller		INFO	sending to transmitter
21-02-2016 11:59:17	Transmitter		INFO	pushing into buff
21-02-2016 11:59:17	DataProcessor		INFO	polling
21-02-2016 11:59:17	CameraInterface		INFO	Read successful
21-02-2016 11:59:17	Controller		INFO	sending to transmitter
21-02-2016 11:59:17	Transmitter		INFO	pushing into buff
21-02-2016 11:59:17	DataProcessor		INFO	polling
21-02-2016 11:59:17	CameraInterface		INFO	Read successful
21-02-2016 11:59:17	Controller		INFO	sending to transmitter
21-02-2016 11:59:17	Transmitter		INFO	pushing into buff
21-02-2016 11:59:17	DataProcessor		INFO	polling
21-02-2016 11:59:18	CameraInterface		INFO	Read successful
21-02-2016 11:59:18	Controller		INFO	sending to transmitter
21-02-2016 11:59:18	Transmitter		INFO	pushing into buff
21-02-2016 11:59:18	DataProcessor		INFO	polling
21-02-2016 11:59:18	CameraInterface		INFO	Read successful
21-02-2016 11:59:18	Controller		INFO	sending to transmitter
21-02-2016 11:59:18	Transmitter		INFO	pushing into buff
21-02-2016 11:59:18	DataProcessor		INFO	polling
21-02-2016 11:59:18	CameraInterface		INFO	Read successful
21-02-2016 11:59:18	Controller		INFO	sending to transmitter
21-02-2016 11:59:18	Transmitter		INFO	pushing into buff
21-02-2016 11:59:18	DataProcessor		INFO	polling
21-02-2016 11:59:18	CameraInterface		INFO	Read successful
21-02-2016 11:59:18	Controller		INFO	sending to transmitter
21-02-2016 11:59:18	Transmitter		INFO	pushing into buff
21-02-2016 11:59:18	DataProcessor		INFO	polling
21-02-2016 11:59:19	CameraInterface		INFO	Read successful
21-02-2016 11:59:19	Controller		INFO	sending to transmitter
21-02-2016 11:59:19	Transmitter		INFO	pushing into buff
21-02-2016 11:59:19	DataProcessor		INFO	polling
21-02-2016 11:59:19	CameraInterface		INFO	Read successful
21-02-2016 11:59:19	Controller		INFO	sending to transmitter
21-02-2016 11:59:19	Transmitter		INFO	pushing into buff
21-02-2016 11:59:19	DataProcessor		INFO	polling
21-02-2016 11:59:19	CameraInterface		INFO	Read successful
21-02-2016 11:59:19	Controller		INFO	sending to transmitter
21-02-2016 11:59:19	Transmitter		INFO	pushing into buff
21-02-2016 11:59:19	DataProcessor		INFO	polling
21-02-2016 11:59:19	CameraInterface		INFO	Read successful
21-02-2016 11:59:19	Controller		INFO	sending to transmitter
21-02-2016 11:59:19	Transmitter		INFO	pushing into buff
21-02-2016 11:59:19	DataProcessor		INFO	polling
21-02-2016 11:59:20	CameraInterface		INFO	Read successful
21-02-2016 11:59:20	Controller		INFO	sending to transmitter
21-02-2016 11:59:20	Transmitter		INFO	pushing into buff
21-02-2016 11:59:20	DataProcessor		INFO	polling
21-02-2016 11:59:20	CameraInterface		INFO	Read successful
21-02-2016 11:59:20	Controller		INFO	sending to transmitter
21-02-2016 11:59:20	Transmitter		INFO	pushing into buff
21-02-2016 11:59:20	DataProcessor		INFO	polling
21-02-2016 11:59:20	CameraInterface		INFO	Read successful
21-02-2016 11:59:20	Controller		INFO	sending to transmitter
21-02-2016 11:59:20	Transmitter		INFO	pushing into buff
21-02-2016 11:59:20	DataProcessor		INFO	polling
21-02-2016 11:59:20	CameraInterface		INFO	Read successful
21-02-2016 11:59:20	Controller		INFO	sending to transmitter
21-02-2016 11:59:21	Transmitter		INFO	pushing into buff
21-02-2016 11:59:21	DataProcessor		INFO	polling
21-02-2016 11:59:21	CameraInterface		INFO	Read successful
21-02-2016 11:59:21	Controller		INFO	sending to transmitter
21-02-2016 11:59:21	Transmitter		INFO	pushing into buff
21-02-2016 11:59:21	DataProcessor		INFO	polling
21-02-2016 11:59:21	CameraInterface		INFO	Read successful
21-02-2016 11:59:21	Controller		INFO	sending to transmitter
21-02-2016 11:59:21	Transmitter		INFO	pushing into buff
21-02-2016 11:59:21	DataProcessor		INFO	polling
21-02-2016 11:59:21	CameraInterface		INFO	Read successful
21-02-2016 11:59:21	Controller		INFO	sending to transmitter
21-02-2016 11:59:21	Transmitter		INFO	pushing into buff
21-02-2016 11:59:21	DataProcessor		INFO	polling
21-02-2016 11:59:22	CameraInterface		INFO	Read successful
21-02-2016 11:59:23	Controller		INFO	sending to transmitter
21-02-2016 11:59:24	Transmitter		INFO	pushing into buff
21-02-2016 11:59:24	DataProcessor		INFO	polling
