21-02-2016 11:07:24	Main		TRACE	Logger initialized.
21-02-2016 11:07:24	PropertyReader		TRACE	Opening file: settings/settings.txt
21-02-2016 11:07:24	PropertyReader		INFO	File opened: settings/settings.txt
21-02-2016 11:07:24	PropertyReader		INFO	Loading properties file...
21-02-2016 11:07:24	PropertyReader		INFO	Mapped TRACE to LOGGING_LEVEL
21-02-2016 11:07:24	PropertyReader		INFO	Mapped 100 to CAM_BUFFER_SIZE
21-02-2016 11:07:24	PropertyReader		INFO	Mapped 15 to CAM_POLL_FREQUENCY
21-02-2016 11:07:24	PropertyReader		INFO	Mapped 0 to CAM_INDEX
21-02-2016 11:07:24	PropertyReader		DEBUG	Loaded 4 properties successfully
21-02-2016 11:07:24	Controller		INFO	Constructor controller
21-02-2016 11:07:24	Transmitter		INFO	socket retrieve success
21-02-2016 11:07:24	Transmitter		INFO	binding done
21-02-2016 11:07:24	Transmitter		INFO	done listening
21-02-2016 11:07:36	Transmitter		INFO	accepting
21-02-2016 11:07:36	Main		TRACE	intializing controller
21-02-2016 11:07:36	Controller		INFO	Initializing Controller
21-02-2016 11:07:36	Main		TRACE	initializing dataprocessor
21-02-2016 11:07:36	CameraInterface		INFO	Initializing camera
21-02-2016 11:07:36	CameraInterface		INFO	Opening video capture stream at position 0
21-02-2016 11:07:36	Receiver		INFO	Starting Receiver Thread execution loop
21-02-2016 11:07:36	Transmitter		INFO	Starting Receiver Thread execution loop
21-02-2016 11:07:36	Transmitter		INFO	running
21-02-2016 11:07:36	ControllerThread		INFO	Starting Controller Thread execution loop
21-02-2016 11:07:36	Transmitter		INFO	running
21-02-2016 11:07:36	Transmitter		INFO	running
21-02-2016 11:07:36	Transmitter		INFO	running
21-02-2016 11:07:36	Transmitter		INFO	running
21-02-2016 11:07:36	Transmitter		INFO	running
21-02-2016 11:07:36	Transmitter		INFO	running
21-02-2016 11:07:36	Transmitter		INFO	running
21-02-2016 11:07:36	Transmitter		INFO	running
21-02-2016 11:07:36	Transmitter		INFO	running
21-02-2016 11:07:36	Transmitter		INFO	running
21-02-2016 11:07:36	Transmitter		INFO	running
21-02-2016 11:07:36	Transmitter		INFO	running
21-02-2016 11:07:36	Transmitter		INFO	running
21-02-2016 11:07:36	Transmitter		INFO	running
21-02-2016 11:07:36	Transmitter		INFO	running
21-02-2016 11:07:36	Transmitter		INFO	running
21-02-2016 11:07:36	Transmitter		INFO	running
21-02-2016 11:07:36	Transmitter		INFO	running
21-02-2016 11:07:36	Transmitter		INFO	running
21-02-2016 11:07:36	Transmitter		INFO	running
21-02-2016 11:07:36	Transmitter		INFO	running
21-02-2016 11:07:36	Transmitter		INFO	running
21-02-2016 11:07:36	Transmitter		INFO	running
21-02-2016 11:07:36	Transmitter		INFO	running
21-02-2016 11:07:36	Transmitter		INFO	running
21-02-2016 11:07:36	Transmitter		INFO	running
21-02-2016 11:07:36	Transmitter		INFO	running
21-02-2016 11:07:36	Transmitter		INFO	running
21-02-2016 11:07:36	Main		TRACE	running controller
21-02-2016 11:07:36	Transmitter		INFO	running
21-02-2016 11:07:36	DataProcessor		INFO	polling
21-02-2016 11:07:36	Transmitter		INFO	running
21-02-2016 11:07:36	Transmitter		INFO	running
21-02-2016 11:07:36	Transmitter		INFO	running
21-02-2016 11:07:36	Transmitter		INFO	running
21-02-2016 11:07:36	Transmitter		INFO	running
21-02-2016 11:07:36	Transmitter		INFO	running
21-02-2016 11:07:36	Transmitter		INFO	running
21-02-2016 11:07:36	Transmitter		INFO	running
21-02-2016 11:07:36	Transmitter		INFO	running
21-02-2016 11:07:36	Transmitter		INFO	running
21-02-2016 11:07:36	Transmitter		INFO	running
21-02-2016 11:07:36	Transmitter		INFO	running
21-02-2016 11:07:36	Transmitter		INFO	running
21-02-2016 11:07:36	Transmitter		INFO	running
21-02-2016 11:07:36	Transmitter		INFO	running
21-02-2016 11:07:36	Transmitter		INFO	running
21-02-2016 11:07:36	Transmitter		INFO	running
21-02-2016 11:07:36	Transmitter		INFO	running
21-02-2016 11:07:36	Transmitter		INFO	running
21-02-2016 11:07:36	Transmitter		INFO	running
21-02-2016 11:07:36	Transmitter		INFO	running
21-02-2016 11:07:36	Transmitter		INFO	running
21-02-2016 11:07:36	Transmitter		INFO	running
21-02-2016 11:07:36	Transmitter		INFO	running
21-02-2016 11:07:36	Transmitter		INFO	running
21-02-2016 11:07:36	Transmitter		INFO	running
21-02-2016 11:07:36	Transmitter		INFO	running
21-02-2016 11:07:36	Transmitter		INFO	running
21-02-2016 11:07:36	Transmitter		INFO	running
21-02-2016 11:07:36	Transmitter		INFO	running
21-02-2016 11:07:36	Transmitter		INFO	running
21-02-2016 11:07:36	Transmitter		INFO	running
21-02-2016 11:07:36	Transmitter		INFO	running
21-02-2016 11:07:36	Transmitter		INFO	running
21-02-2016 11:07:36	Transmitter		INFO	running
21-02-2016 11:07:36	Transmitter		INFO	running
21-02-2016 11:07:36	Transmitter		INFO	running
21-02-2016 11:07:36	Transmitter		INFO	running
21-02-2016 11:07:36	Transmitter		INFO	running
21-02-2016 11:07:36	Transmitter		INFO	running
21-02-2016 11:07:36	Transmitter		INFO	running
21-02-2016 11:07:36	Transmitter		INFO	running
21-02-2016 11:07:36	Transmitter		INFO	running
21-02-2016 11:07:36	Transmitter		INFO	running
21-02-2016 11:07:36	Transmitter		INFO	running
21-02-2016 11:07:36	Transmitter		INFO	running
21-02-2016 11:07:36	Transmitter		INFO	running
21-02-2016 11:07:36	Transmitter		INFO	running
21-02-2016 11:07:36	Transmitter		INFO	running
21-02-2016 11:07:36	Transmitter		INFO	running
21-02-2016 11:07:36	Transmitter		INFO	running
21-02-2016 11:07:36	Transmitter		INFO	running
21-02-2016 11:07:36	Transmitter		INFO	running
21-02-2016 11:07:36	Transmitter		INFO	running
21-02-2016 11:07:36	Transmitter		INFO	running
21-02-2016 11:07:36	Transmitter		INFO	running
21-02-2016 11:07:36	Transmitter		INFO	running
21-02-2016 11:07:36	Transmitter		INFO	running
21-02-2016 11:07:36	Transmitter		INFO	running
21-02-2016 11:07:36	Transmitter		INFO	running
21-02-2016 11:07:36	Transmitter		INFO	running
21-02-2016 11:07:36	Transmitter		INFO	running
21-02-2016 11:07:36	Transmitter		INFO	running
21-02-2016 11:07:36	Transmitter		INFO	running
21-02-2016 11:07:36	Transmitter		INFO	running
21-02-2016 11:07:36	Transmitter		INFO	running
21-02-2016 11:07:36	Transmitter		INFO	running
21-02-2016 11:07:36	Transmitter		INFO	running
21-02-2016 11:07:36	Transmitter		INFO	running
21-02-2016 11:07:36	Transmitter		INFO	running
21-02-2016 11:07:36	Transmitter		INFO	running
21-02-2016 11:07:36	Transmitter		INFO	running
21-02-2016 11:07:36	Transmitter		INFO	running
21-02-2016 11:07:36	Transmitter		INFO	running
21-02-2016 11:07:36	Transmitter		INFO	running
21-02-2016 11:07:36	Transmitter		INFO	running
21-02-2016 11:07:36	Transmitter		INFO	running
21-02-2016 11:07:36	Transmitter		INFO	running
21-02-2016 11:07:36	Transmitter		INFO	running
21-02-2016 11:07:36	Transmitter		INFO	running
21-02-2016 11:07:36	Transmitter		INFO	running
21-02-2016 11:07:36	Transmitter		INFO	running
21-02-2016 11:07:37	Transmitter		INFO	running
21-02-2016 11:07:37	Transmitter		INFO	running
21-02-2016 11:07:37	Transmitter		INFO	running
21-02-2016 11:07:37	Transmitter		INFO	running
21-02-2016 11:07:37	Transmitter		INFO	running
21-02-2016 11:07:37	Transmitter		INFO	running
21-02-2016 11:07:37	Transmitter		INFO	running
21-02-2016 11:07:37	Transmitter		INFO	running
21-02-2016 11:07:37	Transmitter		INFO	running
21-02-2016 11:07:37	Transmitter		INFO	running
21-02-2016 11:07:37	CameraInterface		INFO	Read successful
21-02-2016 11:07:37	Controller		INFO	sending to transmitter
21-02-2016 11:07:37	Transmitter		INFO	pushing into buff
21-02-2016 11:07:37	Transmitter		INFO	running
21-02-2016 11:07:37	Transmitter		INFO	getting from buffer
21-02-2016 11:07:37	Transmitter		INFO	getting from buffer
21-02-2016 11:07:37	DataProcessor		INFO	polling
21-02-2016 11:07:37	CameraInterface		INFO	Read successful
21-02-2016 11:07:37	Controller		INFO	sending to transmitter
21-02-2016 11:07:37	Transmitter		INFO	pushing into buff
21-02-2016 11:07:37	DataProcessor		INFO	polling
21-02-2016 11:07:37	CameraInterface		INFO	Read successful
21-02-2016 11:07:37	Controller		INFO	sending to transmitter
21-02-2016 11:07:37	Transmitter		INFO	pushing into buff
21-02-2016 11:07:37	DataProcessor		INFO	polling
21-02-2016 11:07:37	CameraInterface		INFO	Read successful
21-02-2016 11:07:37	Controller		INFO	sending to transmitter
21-02-2016 11:07:37	Transmitter		INFO	pushing into buff
21-02-2016 11:07:37	DataProcessor		INFO	polling
21-02-2016 11:07:37	CameraInterface		INFO	Read successful
21-02-2016 11:07:37	Controller		INFO	sending to transmitter
21-02-2016 11:07:37	Transmitter		INFO	pushing into buff
21-02-2016 11:07:37	DataProcessor		INFO	polling
21-02-2016 11:07:38	CameraInterface		INFO	Read successful
21-02-2016 11:07:38	Controller		INFO	sending to transmitter
21-02-2016 11:07:38	Transmitter		INFO	pushing into buff
21-02-2016 11:07:38	DataProcessor		INFO	polling
21-02-2016 11:07:38	CameraInterface		INFO	Read successful
21-02-2016 11:07:38	Controller		INFO	sending to transmitter
21-02-2016 11:07:38	Transmitter		INFO	pushing into buff
21-02-2016 11:07:38	DataProcessor		INFO	polling
21-02-2016 11:07:38	CameraInterface		INFO	Read successful
21-02-2016 11:07:38	Controller		INFO	sending to transmitter
21-02-2016 11:07:38	Transmitter		INFO	pushing into buff
21-02-2016 11:07:38	DataProcessor		INFO	polling
21-02-2016 11:07:38	CameraInterface		INFO	Read successful
21-02-2016 11:07:38	Controller		INFO	sending to transmitter
21-02-2016 11:07:38	Transmitter		INFO	pushing into buff
21-02-2016 11:07:38	DataProcessor		INFO	polling
21-02-2016 11:07:39	CameraInterface		INFO	Read successful
21-02-2016 11:07:39	Controller		INFO	sending to transmitter
21-02-2016 11:07:39	Transmitter		INFO	pushing into buff
21-02-2016 11:07:39	DataProcessor		INFO	polling
21-02-2016 11:07:39	CameraInterface		INFO	Read successful
21-02-2016 11:07:39	Controller		INFO	sending to transmitter
21-02-2016 11:07:39	Transmitter		INFO	pushing into buff
21-02-2016 11:07:39	DataProcessor		INFO	polling
21-02-2016 11:07:39	CameraInterface		INFO	Read successful
21-02-2016 11:07:39	Controller		INFO	sending to transmitter
21-02-2016 11:07:39	Transmitter		INFO	pushing into buff
21-02-2016 11:07:39	DataProcessor		INFO	polling
21-02-2016 11:07:39	CameraInterface		INFO	Read successful
21-02-2016 11:07:39	Controller		INFO	sending to transmitter
21-02-2016 11:07:39	Transmitter		INFO	pushing into buff
21-02-2016 11:07:39	DataProcessor		INFO	polling
21-02-2016 11:07:39	CameraInterface		INFO	Read successful
21-02-2016 11:07:39	Controller		INFO	sending to transmitter
21-02-2016 11:07:39	Transmitter		INFO	pushing into buff
21-02-2016 11:07:39	DataProcessor		INFO	polling
21-02-2016 11:07:40	CameraInterface		INFO	Read successful
21-02-2016 11:07:40	Controller		INFO	sending to transmitter
21-02-2016 11:07:40	Transmitter		INFO	pushing into buff
21-02-2016 11:07:40	DataProcessor		INFO	polling
21-02-2016 11:07:40	CameraInterface		INFO	Read successful
21-02-2016 11:07:40	Controller		INFO	sending to transmitter
21-02-2016 11:07:40	Transmitter		INFO	pushing into buff
21-02-2016 11:07:40	DataProcessor		INFO	polling
21-02-2016 11:07:40	CameraInterface		INFO	Read successful
21-02-2016 11:07:40	Controller		INFO	sending to transmitter
21-02-2016 11:07:40	Transmitter		INFO	pushing into buff
21-02-2016 11:07:40	DataProcessor		INFO	polling
21-02-2016 11:07:40	CameraInterface		INFO	Read successful
21-02-2016 11:07:40	Controller		INFO	sending to transmitter
21-02-2016 11:07:40	Transmitter		INFO	pushing into buff
21-02-2016 11:07:40	DataProcessor		INFO	polling
21-02-2016 11:07:40	CameraInterface		INFO	Read successful
21-02-2016 11:07:40	Controller		INFO	sending to transmitter
21-02-2016 11:07:40	Transmitter		INFO	pushing into buff
21-02-2016 11:07:40	DataProcessor		INFO	polling
21-02-2016 11:07:41	CameraInterface		INFO	Read successful
21-02-2016 11:07:41	Controller		INFO	sending to transmitter
21-02-2016 11:07:41	Transmitter		INFO	pushing into buff
21-02-2016 11:07:41	DataProcessor		INFO	polling
21-02-2016 11:07:41	CameraInterface		INFO	Read successful
21-02-2016 11:07:41	Controller		INFO	sending to transmitter
21-02-2016 11:07:41	Transmitter		INFO	pushing into buff
21-02-2016 11:07:41	DataProcessor		INFO	polling
21-02-2016 11:07:41	CameraInterface		INFO	Read successful
21-02-2016 11:07:41	Controller		INFO	sending to transmitter
21-02-2016 11:07:41	Transmitter		INFO	pushing into buff
21-02-2016 11:07:41	DataProcessor		INFO	polling
21-02-2016 11:07:41	CameraInterface		INFO	Read successful
21-02-2016 11:07:41	Controller		INFO	sending to transmitter
21-02-2016 11:07:41	Transmitter		INFO	pushing into buff
21-02-2016 11:07:41	DataProcessor		INFO	polling
21-02-2016 11:07:41	Transmitter		INFO	sending string: 37577
21-02-2016 11:07:41	CameraInterface		INFO	Read successful
21-02-2016 11:07:41	Controller		INFO	sending to transmitter
21-02-2016 11:07:41	Transmitter		INFO	pushing into buff
21-02-2016 11:07:41	DataProcessor		INFO	polling
21-02-2016 11:07:42	Transmitter		INFO	running
21-02-2016 11:07:42	Transmitter		INFO	getting from buffer
21-02-2016 11:07:42	CameraInterface		INFO	Read successful
21-02-2016 11:07:42	Controller		INFO	sending to transmitter
21-02-2016 11:07:42	Transmitter		INFO	pushing into buff
21-02-2016 11:07:42	DataProcessor		INFO	polling
21-02-2016 11:07:42	CameraInterface		INFO	Read successful
21-02-2016 11:07:42	Controller		INFO	sending to transmitter
21-02-2016 11:07:42	Transmitter		INFO	pushing into buff
21-02-2016 11:07:42	DataProcessor		INFO	polling
21-02-2016 11:07:42	CameraInterface		INFO	Read successful
21-02-2016 11:07:42	Controller		INFO	sending to transmitter
21-02-2016 11:07:42	Transmitter		INFO	pushing into buff
21-02-2016 11:07:42	DataProcessor		INFO	polling
21-02-2016 11:07:42	CameraInterface		INFO	Read successful
21-02-2016 11:07:42	Controller		INFO	sending to transmitter
21-02-2016 11:07:42	Transmitter		INFO	pushing into buff
21-02-2016 11:07:42	DataProcessor		INFO	polling
21-02-2016 11:07:43	CameraInterface		INFO	Read successful
21-02-2016 11:07:43	Controller		INFO	sending to transmitter
21-02-2016 11:07:43	Transmitter		INFO	pushing into buff
21-02-2016 11:07:43	DataProcessor		INFO	polling
21-02-2016 11:07:43	CameraInterface		INFO	Read successful
21-02-2016 11:07:43	Controller		INFO	sending to transmitter
21-02-2016 11:07:43	Transmitter		INFO	pushing into buff
21-02-2016 11:07:43	DataProcessor		INFO	polling
21-02-2016 11:07:43	CameraInterface		INFO	Read successful
21-02-2016 11:07:43	Controller		INFO	sending to transmitter
21-02-2016 11:07:43	Transmitter		INFO	pushing into buff
21-02-2016 11:07:43	DataProcessor		INFO	polling
21-02-2016 11:07:43	CameraInterface		INFO	Read successful
21-02-2016 11:07:43	Controller		INFO	sending to transmitter
21-02-2016 11:07:43	Transmitter		INFO	pushing into buff
21-02-2016 11:07:43	DataProcessor		INFO	polling
21-02-2016 11:07:44	CameraInterface		INFO	Read successful
21-02-2016 11:07:44	Controller		INFO	sending to transmitter
21-02-2016 11:07:44	Transmitter		INFO	pushing into buff
21-02-2016 11:07:44	DataProcessor		INFO	polling
21-02-2016 11:07:44	CameraInterface		INFO	Read successful
21-02-2016 11:07:44	Controller		INFO	sending to transmitter
21-02-2016 11:07:44	Transmitter		INFO	pushing into buff
21-02-2016 11:07:44	DataProcessor		INFO	polling
21-02-2016 11:07:44	CameraInterface		INFO	Read successful
21-02-2016 11:07:44	Controller		INFO	sending to transmitter
21-02-2016 11:07:44	Transmitter		INFO	pushing into buff
21-02-2016 11:07:44	DataProcessor		INFO	polling
21-02-2016 11:07:44	CameraInterface		INFO	Read successful
21-02-2016 11:07:44	Controller		INFO	sending to transmitter
21-02-2016 11:07:44	Transmitter		INFO	pushing into buff
21-02-2016 11:07:44	DataProcessor		INFO	polling
21-02-2016 11:07:44	CameraInterface		INFO	Read successful
21-02-2016 11:07:44	Controller		INFO	sending to transmitter
21-02-2016 11:07:44	Transmitter		INFO	pushing into buff
21-02-2016 11:07:44	DataProcessor		INFO	polling
21-02-2016 11:07:45	CameraInterface		INFO	Read successful
21-02-2016 11:07:45	Controller		INFO	sending to transmitter
21-02-2016 11:07:45	Transmitter		INFO	pushing into buff
21-02-2016 11:07:45	DataProcessor		INFO	polling
21-02-2016 11:07:45	CameraInterface		INFO	Read successful
21-02-2016 11:07:45	Controller		INFO	sending to transmitter
21-02-2016 11:07:45	Transmitter		INFO	pushing into buff
21-02-2016 11:07:45	DataProcessor		INFO	polling
21-02-2016 11:07:45	CameraInterface		INFO	Read successful
21-02-2016 11:07:45	Controller		INFO	sending to transmitter
21-02-2016 11:07:45	Transmitter		INFO	pushing into buff
21-02-2016 11:07:45	DataProcessor		INFO	polling
21-02-2016 11:07:45	CameraInterface		INFO	Read successful
21-02-2016 11:07:45	Controller		INFO	sending to transmitter
21-02-2016 11:07:45	Transmitter		INFO	pushing into buff
21-02-2016 11:07:45	DataProcessor		INFO	polling
