20-03-2016 11:04:22	Main		TRACE	Logger initialized.
20-03-2016 11:04:22	PropertyReader		TRACE	Opening file: settings/settings.txt
20-03-2016 11:04:22	PropertyReader		INFO	File opened: settings/settings.txt
20-03-2016 11:04:22	PropertyReader		INFO	Loading properties file...
20-03-2016 11:04:22	PropertyReader		INFO	Mapped TRACE to LOGGING_LEVEL
20-03-2016 11:04:22	PropertyReader		INFO	Mapped 100 to CAM_BUFFER_SIZE
20-03-2016 11:04:22	PropertyReader		INFO	Mapped 15 to CAM_POLL_FREQUENCY
20-03-2016 11:04:22	PropertyReader		INFO	Mapped 0 to CAM_INDEX
20-03-2016 11:04:22	PropertyReader		DEBUG	Loaded 4 properties successfully
20-03-2016 11:04:22	Controller		INFO	Constructor controller
20-03-2016 11:04:22	Controller		INFO	socket retrieve success
20-03-2016 11:04:22	Controller		INFO	binding done
20-03-2016 11:04:22	Controller		INFO	done listening
20-03-2016 11:04:27	Controller		INFO	accepting
20-03-2016 11:04:27	Main		TRACE	intializing controller
20-03-2016 11:04:27	Controller		INFO	Initializing Controller
20-03-2016 11:04:27	Main		TRACE	initializing dataprocessor
20-03-2016 11:04:27	CameraInterface		INFO	Initializing camera
20-03-2016 11:04:27	CameraInterface		INFO	Opening video capture stream at position 0
20-03-2016 11:04:27	Receiver		INFO	Starting Receiver Thread execution loop
20-03-2016 11:04:27	ControllerThread		INFO	Starting Controller Thread execution loop
20-03-2016 11:04:27	Transmitter		INFO	Starting Receiver Thread execution loop
20-03-2016 11:04:28	Main		TRACE	running controller
20-03-2016 11:04:28	DataProcessor		INFO	polling
20-03-2016 11:04:28	CameraInterface		INFO	Read successful
20-03-2016 11:04:28	Receiver		INFO	428.0, 510.0

20-03-2016 11:04:28	Receiver		INFO	428.0, 510.0

20-03-2016 11:04:30	Receiver		INFO	462.0, 485.0

20-03-2016 11:04:30	Receiver		INFO	462.0, 485.0

20-03-2016 11:04:30	Controller		INFO	sending to transmitter
20-03-2016 11:04:30	Transmitter		INFO	pushing into buff
20-03-2016 11:04:30	Transmitter		INFO	getting from buffer
20-03-2016 11:04:32	Transmitter		INFO	sending string: 3653
20-03-2016 11:04:35	DataProcessor		INFO	polling
20-03-2016 11:04:35	CameraInterface		INFO	Read successful
20-03-2016 11:04:37	Receiver		INFO	698.0, 898.0

20-03-2016 11:04:37	Receiver		INFO	702.8724, 896.78186

20-03-2016 11:04:37	Receiver		INFO	707.0, 899.0
.78186

20-03-2016 11:04:37	Receiver		INFO	707.0, 899.0
.78186

