20-02-2016 11:43:53	Main		TRACE	Logger initialized.
20-02-2016 11:43:53	PropertyReader		TRACE	Opening file: settings/settings.txt
20-02-2016 11:43:53	PropertyReader		INFO	File opened: settings/settings.txt
20-02-2016 11:43:53	PropertyReader		INFO	Loading properties file...
20-02-2016 11:43:53	PropertyReader		INFO	Mapped TRACE to LOGGING_LEVEL
20-02-2016 11:43:53	PropertyReader		INFO	Mapped 100 to CAM_BUFFER_SIZE
20-02-2016 11:43:53	PropertyReader		INFO	Mapped 15 to CAM_POLL_FREQUENCY
20-02-2016 11:43:53	PropertyReader		INFO	Mapped 0 to CAM_INDEX
20-02-2016 11:43:53	PropertyReader		DEBUG	Loaded 4 properties successfully
20-02-2016 11:43:53	Controller		INFO	Constructor controller
20-02-2016 11:43:53	Transmitter		INFO	socket retrieve success
20-02-2016 11:43:53	Transmitter		INFO	binding done
20-02-2016 11:43:53	Transmitter		INFO	done listening
20-02-2016 11:44:17	Transmitter		INFO	accepting
20-02-2016 11:44:17	Main		TRACE	intializing controller
20-02-2016 11:44:17	Controller		INFO	Initializing Controller
20-02-2016 11:44:17	Main		TRACE	initializing dataprocessor
20-02-2016 11:44:17	CameraInterface		INFO	Initializing camera
20-02-2016 11:44:17	CameraInterface		INFO	Opening video capture stream at position 0
20-02-2016 11:44:17	Receiver		INFO	Starting Receiver Thread execution loop
20-02-2016 11:44:17	ControllerThread		INFO	Starting Controller Thread execution loop
20-02-2016 11:44:17	Transmitter		INFO	Starting Receiver Thread execution loop
20-02-2016 11:44:17	Transmitter		INFO	running
20-02-2016 11:44:17	Transmitter		INFO	running
20-02-2016 11:44:17	Transmitter		INFO	running
20-02-2016 11:44:17	Transmitter		INFO	running
20-02-2016 11:44:17	Transmitter		INFO	running
20-02-2016 11:44:17	Transmitter		INFO	running
20-02-2016 11:44:17	Transmitter		INFO	running
20-02-2016 11:44:17	Transmitter		INFO	running
20-02-2016 11:44:17	Transmitter		INFO	running
20-02-2016 11:44:17	Transmitter		INFO	running
20-02-2016 11:44:17	Transmitter		INFO	running
20-02-2016 11:44:17	Transmitter		INFO	running
20-02-2016 11:44:17	Transmitter		INFO	running
20-02-2016 11:44:17	Transmitter		INFO	running
20-02-2016 11:44:17	Transmitter		INFO	running
20-02-2016 11:44:17	Transmitter		INFO	running
20-02-2016 11:44:17	Transmitter		INFO	running
20-02-2016 11:44:17	Transmitter		INFO	running
20-02-2016 11:44:17	Transmitter		INFO	running
20-02-2016 11:44:17	Transmitter		INFO	running
20-02-2016 11:44:17	Transmitter		INFO	running
20-02-2016 11:44:17	Transmitter		INFO	running
20-02-2016 11:44:17	Transmitter		INFO	running
20-02-2016 11:44:17	Transmitter		INFO	running
20-02-2016 11:44:17	Transmitter		INFO	running
20-02-2016 11:44:17	Transmitter		INFO	running
20-02-2016 11:44:17	Transmitter		INFO	running
20-02-2016 11:44:17	Transmitter		INFO	running
20-02-2016 11:44:17	Transmitter		INFO	running
20-02-2016 11:44:17	Transmitter		INFO	running
20-02-2016 11:44:17	Transmitter		INFO	running
20-02-2016 11:44:17	Transmitter		INFO	running
20-02-2016 11:44:17	Transmitter		INFO	running
20-02-2016 11:44:17	Transmitter		INFO	running
20-02-2016 11:44:17	Transmitter		INFO	running
20-02-2016 11:44:17	Transmitter		INFO	running
20-02-2016 11:44:17	Transmitter		INFO	running
20-02-2016 11:44:17	Transmitter		INFO	running
20-02-2016 11:44:17	Transmitter		INFO	running
20-02-2016 11:44:17	Transmitter		INFO	running
20-02-2016 11:44:17	Transmitter		INFO	running
20-02-2016 11:44:17	Transmitter		INFO	running
20-02-2016 11:44:17	Transmitter		INFO	running
20-02-2016 11:44:17	Transmitter		INFO	running
20-02-2016 11:44:17	Transmitter		INFO	running
20-02-2016 11:44:17	Transmitter		INFO	running
20-02-2016 11:44:17	Transmitter		INFO	running
20-02-2016 11:44:17	Transmitter		INFO	running
20-02-2016 11:44:17	Transmitter		INFO	running
20-02-2016 11:44:17	Transmitter		INFO	running
20-02-2016 11:44:17	Transmitter		INFO	running
20-02-2016 11:44:17	Transmitter		INFO	running
20-02-2016 11:44:17	Transmitter		INFO	running
20-02-2016 11:44:17	Transmitter		INFO	running
20-02-2016 11:44:17	Transmitter		INFO	running
20-02-2016 11:44:17	Transmitter		INFO	running
20-02-2016 11:44:17	Main		TRACE	running controller
20-02-2016 11:44:17	Transmitter		INFO	running
20-02-2016 11:44:17	DataProcessor		INFO	polling
20-02-2016 11:44:17	Transmitter		INFO	running
20-02-2016 11:44:17	Transmitter		INFO	running
20-02-2016 11:44:17	Transmitter		INFO	running
20-02-2016 11:44:17	Transmitter		INFO	running
20-02-2016 11:44:17	Transmitter		INFO	running
20-02-2016 11:44:17	Transmitter		INFO	running
20-02-2016 11:44:17	Transmitter		INFO	running
20-02-2016 11:44:17	Transmitter		INFO	running
20-02-2016 11:44:17	Transmitter		INFO	running
20-02-2016 11:44:17	Transmitter		INFO	running
20-02-2016 11:44:17	Transmitter		INFO	running
20-02-2016 11:44:17	Transmitter		INFO	running
20-02-2016 11:44:17	Transmitter		INFO	running
20-02-2016 11:44:17	Transmitter		INFO	running
20-02-2016 11:44:17	Transmitter		INFO	running
20-02-2016 11:44:17	Transmitter		INFO	running
20-02-2016 11:44:17	Transmitter		INFO	running
20-02-2016 11:44:17	Transmitter		INFO	running
20-02-2016 11:44:17	Transmitter		INFO	running
20-02-2016 11:44:17	Transmitter		INFO	running
20-02-2016 11:44:17	Transmitter		INFO	running
20-02-2016 11:44:17	Transmitter		INFO	running
20-02-2016 11:44:17	Transmitter		INFO	running
20-02-2016 11:44:17	Transmitter		INFO	running
20-02-2016 11:44:17	Transmitter		INFO	running
20-02-2016 11:44:17	Transmitter		INFO	running
20-02-2016 11:44:17	Transmitter		INFO	running
20-02-2016 11:44:17	Transmitter		INFO	running
20-02-2016 11:44:17	Transmitter		INFO	running
20-02-2016 11:44:17	Transmitter		INFO	running
20-02-2016 11:44:18	Transmitter		INFO	running
20-02-2016 11:44:18	Transmitter		INFO	running
20-02-2016 11:44:18	Transmitter		INFO	running
20-02-2016 11:44:18	Transmitter		INFO	running
20-02-2016 11:44:18	Transmitter		INFO	running
20-02-2016 11:44:18	Transmitter		INFO	running
20-02-2016 11:44:18	Transmitter		INFO	running
20-02-2016 11:44:18	Transmitter		INFO	running
20-02-2016 11:44:18	Transmitter		INFO	running
20-02-2016 11:44:18	Transmitter		INFO	running
20-02-2016 11:44:18	Transmitter		INFO	running
20-02-2016 11:44:18	Transmitter		INFO	running
20-02-2016 11:44:18	Transmitter		INFO	running
20-02-2016 11:44:18	Transmitter		INFO	running
20-02-2016 11:44:18	Transmitter		INFO	running
20-02-2016 11:44:18	Transmitter		INFO	running
20-02-2016 11:44:18	Transmitter		INFO	running
20-02-2016 11:44:18	Transmitter		INFO	running
20-02-2016 11:44:18	Transmitter		INFO	running
20-02-2016 11:44:18	Transmitter		INFO	running
20-02-2016 11:44:18	Transmitter		INFO	running
20-02-2016 11:44:18	Transmitter		INFO	running
20-02-2016 11:44:18	Transmitter		INFO	running
20-02-2016 11:44:18	Transmitter		INFO	running
20-02-2016 11:44:18	Transmitter		INFO	running
20-02-2016 11:44:18	Transmitter		INFO	running
20-02-2016 11:44:18	Transmitter		INFO	running
20-02-2016 11:44:18	Transmitter		INFO	running
20-02-2016 11:44:18	Transmitter		INFO	running
20-02-2016 11:44:18	Transmitter		INFO	running
20-02-2016 11:44:18	Transmitter		INFO	running
20-02-2016 11:44:18	Transmitter		INFO	running
20-02-2016 11:44:18	Transmitter		INFO	running
20-02-2016 11:44:18	Transmitter		INFO	running
20-02-2016 11:44:18	Transmitter		INFO	running
20-02-2016 11:44:18	Transmitter		INFO	running
20-02-2016 11:44:18	Transmitter		INFO	running
20-02-2016 11:44:18	Transmitter		INFO	running
20-02-2016 11:44:18	Transmitter		INFO	running
20-02-2016 11:44:18	Transmitter		INFO	running
20-02-2016 11:44:18	Transmitter		INFO	running
20-02-2016 11:44:18	Transmitter		INFO	running
20-02-2016 11:44:18	Transmitter		INFO	running
20-02-2016 11:44:18	Transmitter		INFO	running
20-02-2016 11:44:18	Transmitter		INFO	running
20-02-2016 11:44:18	Transmitter		INFO	running
20-02-2016 11:44:18	Transmitter		INFO	running
20-02-2016 11:44:18	Transmitter		INFO	running
20-02-2016 11:44:18	Transmitter		INFO	running
20-02-2016 11:44:18	Transmitter		INFO	running
20-02-2016 11:44:18	Transmitter		INFO	running
20-02-2016 11:44:18	Transmitter		INFO	running
20-02-2016 11:44:18	Transmitter		INFO	running
20-02-2016 11:44:18	Transmitter		INFO	running
20-02-2016 11:44:18	Transmitter		INFO	running
20-02-2016 11:44:18	Transmitter		INFO	running
20-02-2016 11:44:18	Transmitter		INFO	running
20-02-2016 11:44:18	Transmitter		INFO	running
20-02-2016 11:44:18	Transmitter		INFO	running
20-02-2016 11:44:18	Transmitter		INFO	running
20-02-2016 11:44:18	Transmitter		INFO	running
20-02-2016 11:44:18	Transmitter		INFO	running
20-02-2016 11:44:18	Transmitter		INFO	running
20-02-2016 11:44:18	Transmitter		INFO	running
20-02-2016 11:44:18	Transmitter		INFO	running
20-02-2016 11:44:18	Transmitter		INFO	running
20-02-2016 11:44:18	CameraInterface		INFO	Read successful
20-02-2016 11:44:18	Controller		INFO	sending to transmitter
20-02-2016 11:44:18	Transmitter		INFO	pushing into buff
20-02-2016 11:44:18	DataProcessor		INFO	polling
20-02-2016 11:44:18	Transmitter		INFO	running
20-02-2016 11:44:18	Transmitter		INFO	getting from buffer
20-02-2016 11:44:18	CameraInterface		INFO	Read successful
20-02-2016 11:44:18	Controller		INFO	sending to transmitter
20-02-2016 11:44:18	Transmitter		INFO	pushing into buff
20-02-2016 11:44:18	DataProcessor		INFO	polling
20-02-2016 11:44:19	CameraInterface		INFO	Read successful
20-02-2016 11:44:19	Controller		INFO	sending to transmitter
20-02-2016 11:44:19	Transmitter		INFO	pushing into buff
20-02-2016 11:44:19	DataProcessor		INFO	polling
20-02-2016 11:44:19	CameraInterface		INFO	Read successful
20-02-2016 11:44:19	Controller		INFO	sending to transmitter
20-02-2016 11:44:19	Transmitter		INFO	pushing into buff
20-02-2016 11:44:19	DataProcessor		INFO	polling
20-02-2016 11:44:19	CameraInterface		INFO	Read successful
20-02-2016 11:44:19	Controller		INFO	sending to transmitter
20-02-2016 11:44:19	Transmitter		INFO	pushing into buff
20-02-2016 11:44:19	DataProcessor		INFO	polling
20-02-2016 11:44:19	CameraInterface		INFO	Read successful
20-02-2016 11:44:19	Controller		INFO	sending to transmitter
20-02-2016 11:44:19	Transmitter		INFO	pushing into buff
20-02-2016 11:44:19	DataProcessor		INFO	polling
20-02-2016 11:44:19	CameraInterface		INFO	Read successful
20-02-2016 11:44:19	Controller		INFO	sending to transmitter
20-02-2016 11:44:19	Transmitter		INFO	pushing into buff
20-02-2016 11:44:19	DataProcessor		INFO	polling
20-02-2016 11:44:20	CameraInterface		INFO	Read successful
20-02-2016 11:44:20	Controller		INFO	sending to transmitter
20-02-2016 11:44:20	Transmitter		INFO	pushing into buff
20-02-2016 11:44:20	DataProcessor		INFO	polling
20-02-2016 11:44:20	CameraInterface		INFO	Read successful
20-02-2016 11:44:20	Controller		INFO	sending to transmitter
20-02-2016 11:44:20	Transmitter		INFO	pushing into buff
20-02-2016 11:44:20	DataProcessor		INFO	polling
20-02-2016 11:44:20	CameraInterface		INFO	Read successful
20-02-2016 11:44:20	Controller		INFO	sending to transmitter
20-02-2016 11:44:20	Transmitter		INFO	pushing into buff
20-02-2016 11:44:20	DataProcessor		INFO	polling
20-02-2016 11:44:20	CameraInterface		INFO	Read successful
20-02-2016 11:44:20	Controller		INFO	sending to transmitter
20-02-2016 11:44:20	Transmitter		INFO	pushing into buff
20-02-2016 11:44:20	DataProcessor		INFO	polling
20-02-2016 11:44:20	CameraInterface		INFO	Read successful
20-02-2016 11:44:21	Controller		INFO	sending to transmitter
20-02-2016 11:44:21	Transmitter		INFO	pushing into buff
20-02-2016 11:44:21	DataProcessor		INFO	polling
20-02-2016 11:44:21	CameraInterface		INFO	Read successful
20-02-2016 11:44:21	Controller		INFO	sending to transmitter
20-02-2016 11:44:21	Transmitter		INFO	pushing into buff
20-02-2016 11:44:21	DataProcessor		INFO	polling
20-02-2016 11:44:21	CameraInterface		INFO	Read successful
20-02-2016 11:44:21	Controller		INFO	sending to transmitter
20-02-2016 11:44:21	Transmitter		INFO	pushing into buff
20-02-2016 11:44:21	DataProcessor		INFO	polling
20-02-2016 11:44:21	CameraInterface		INFO	Read successful
20-02-2016 11:44:21	Controller		INFO	sending to transmitter
20-02-2016 11:44:21	Transmitter		INFO	pushing into buff
20-02-2016 11:44:21	DataProcessor		INFO	polling
20-02-2016 11:44:21	CameraInterface		INFO	Read successful
20-02-2016 11:44:21	Controller		INFO	sending to transmitter
20-02-2016 11:44:21	Transmitter		INFO	pushing into buff
20-02-2016 11:44:21	DataProcessor		INFO	polling
20-02-2016 11:44:22	CameraInterface		INFO	Read successful
20-02-2016 11:44:22	Controller		INFO	sending to transmitter
20-02-2016 11:44:22	Transmitter		INFO	pushing into buff
20-02-2016 11:44:22	DataProcessor		INFO	polling
20-02-2016 11:44:22	CameraInterface		INFO	Read successful
20-02-2016 11:44:22	Controller		INFO	sending to transmitter
20-02-2016 11:44:22	Transmitter		INFO	pushing into buff
20-02-2016 11:44:22	DataProcessor		INFO	polling
20-02-2016 11:44:22	CameraInterface		INFO	Read successful
20-02-2016 11:44:22	Controller		INFO	sending to transmitter
20-02-2016 11:44:22	Transmitter		INFO	pushing into buff
20-02-2016 11:44:22	DataProcessor		INFO	polling
20-02-2016 11:44:22	CameraInterface		INFO	Read successful
20-02-2016 11:44:22	Controller		INFO	sending to transmitter
20-02-2016 11:44:22	Transmitter		INFO	pushing into buff
20-02-2016 11:44:22	DataProcessor		INFO	polling
20-02-2016 11:44:23	CameraInterface		INFO	Read successful
20-02-2016 11:44:23	Controller		INFO	sending to transmitter
20-02-2016 11:44:23	Transmitter		INFO	pushing into buff
20-02-2016 11:44:23	DataProcessor		INFO	polling
20-02-2016 11:44:23	CameraInterface		INFO	Read successful
20-02-2016 11:44:23	Controller		INFO	sending to transmitter
20-02-2016 11:44:23	Transmitter		INFO	pushing into buff
20-02-2016 11:44:23	DataProcessor		INFO	polling
20-02-2016 11:44:23	CameraInterface		INFO	Read successful
20-02-2016 11:44:23	Controller		INFO	sending to transmitter
20-02-2016 11:44:23	Transmitter		INFO	pushing into buff
20-02-2016 11:44:23	DataProcessor		INFO	polling
20-02-2016 11:44:23	CameraInterface		INFO	Read successful
20-02-2016 11:44:23	Controller		INFO	sending to transmitter
20-02-2016 11:44:23	Transmitter		INFO	pushing into buff
20-02-2016 11:44:23	DataProcessor		INFO	polling
20-02-2016 11:44:23	CameraInterface		INFO	Read successful
20-02-2016 11:44:23	Controller		INFO	sending to transmitter
20-02-2016 11:44:23	Transmitter		INFO	pushing into buff
20-02-2016 11:44:23	DataProcessor		INFO	polling
20-02-2016 11:44:24	CameraInterface		INFO	Read successful
20-02-2016 11:44:24	Controller		INFO	sending to transmitter
20-02-2016 11:44:24	Transmitter		INFO	pushing into buff
20-02-2016 11:44:24	DataProcessor		INFO	polling
20-02-2016 11:44:24	CameraInterface		INFO	Read successful
20-02-2016 11:44:24	Controller		INFO	sending to transmitter
20-02-2016 11:44:24	Transmitter		INFO	pushing into buff
20-02-2016 11:44:24	DataProcessor		INFO	polling
20-02-2016 11:44:24	CameraInterface		INFO	Read successful
20-02-2016 11:44:24	Controller		INFO	sending to transmitter
20-02-2016 11:44:24	Transmitter		INFO	pushing into buff
20-02-2016 11:44:24	DataProcessor		INFO	polling
20-02-2016 11:44:24	CameraInterface		INFO	Read successful
20-02-2016 11:44:24	Controller		INFO	sending to transmitter
20-02-2016 11:44:24	Transmitter		INFO	pushing into buff
20-02-2016 11:44:24	DataProcessor		INFO	polling
20-02-2016 11:44:24	CameraInterface		INFO	Read successful
20-02-2016 11:44:25	Controller		INFO	sending to transmitter
20-02-2016 11:44:25	Transmitter		INFO	pushing into buff
20-02-2016 11:44:25	DataProcessor		INFO	polling
20-02-2016 11:44:25	CameraInterface		INFO	Read successful
20-02-2016 11:44:25	Controller		INFO	sending to transmitter
20-02-2016 11:44:25	Transmitter		INFO	pushing into buff
20-02-2016 11:44:25	DataProcessor		INFO	polling
20-02-2016 11:44:25	CameraInterface		INFO	Read successful
20-02-2016 11:44:25	Controller		INFO	sending to transmitter
20-02-2016 11:44:25	Transmitter		INFO	pushing into buff
20-02-2016 11:44:25	DataProcessor		INFO	polling
20-02-2016 11:44:25	CameraInterface		INFO	Read successful
20-02-2016 11:44:25	Controller		INFO	sending to transmitter
20-02-2016 11:44:25	Transmitter		INFO	pushing into buff
20-02-2016 11:44:25	DataProcessor		INFO	polling
20-02-2016 11:44:25	CameraInterface		INFO	Read successful
20-02-2016 11:44:25	Controller		INFO	sending to transmitter
20-02-2016 11:44:25	Transmitter		INFO	pushing into buff
20-02-2016 11:44:25	DataProcessor		INFO	polling
20-02-2016 11:44:26	CameraInterface		INFO	Read successful
20-02-2016 11:44:26	Controller		INFO	sending to transmitter
20-02-2016 11:44:26	Transmitter		INFO	pushing into buff
20-02-2016 11:44:26	DataProcessor		INFO	polling
20-02-2016 11:44:26	CameraInterface		INFO	Read successful
20-02-2016 11:44:26	Controller		INFO	sending to transmitter
20-02-2016 11:44:26	Transmitter		INFO	pushing into buff
20-02-2016 11:44:26	DataProcessor		INFO	polling
20-02-2016 11:44:26	CameraInterface		INFO	Read successful
20-02-2016 11:44:26	Controller		INFO	sending to transmitter
20-02-2016 11:44:26	Transmitter		INFO	pushing into buff
20-02-2016 11:44:26	DataProcessor		INFO	polling
20-02-2016 11:44:26	CameraInterface		INFO	Read successful
20-02-2016 11:44:26	Controller		INFO	sending to transmitter
20-02-2016 11:44:26	Transmitter		INFO	pushing into buff
20-02-2016 11:44:26	DataProcessor		INFO	polling
20-02-2016 11:44:26	CameraInterface		INFO	Read successful
20-02-2016 11:44:26	Controller		INFO	sending to transmitter
20-02-2016 11:44:26	Transmitter		INFO	pushing into buff
20-02-2016 11:44:26	DataProcessor		INFO	polling
20-02-2016 11:44:27	CameraInterface		INFO	Read successful
20-02-2016 11:44:27	Controller		INFO	sending to transmitter
20-02-2016 11:44:27	Transmitter		INFO	pushing into buff
20-02-2016 11:44:27	DataProcessor		INFO	polling
20-02-2016 11:44:27	CameraInterface		INFO	Read successful
20-02-2016 11:44:27	Controller		INFO	sending to transmitter
20-02-2016 11:44:27	Transmitter		INFO	pushing into buff
20-02-2016 11:44:27	DataProcessor		INFO	polling
20-02-2016 11:44:27	CameraInterface		INFO	Read successful
20-02-2016 11:44:27	Controller		INFO	sending to transmitter
20-02-2016 11:44:27	Transmitter		INFO	pushing into buff
20-02-2016 11:44:27	DataProcessor		INFO	polling
20-02-2016 11:44:27	CameraInterface		INFO	Read successful
20-02-2016 11:44:27	Controller		INFO	sending to transmitter
20-02-2016 11:44:27	Transmitter		INFO	pushing into buff
20-02-2016 11:44:27	DataProcessor		INFO	polling
20-02-2016 11:44:28	CameraInterface		INFO	Read successful
20-02-2016 11:44:28	Controller		INFO	sending to transmitter
20-02-2016 11:44:28	Transmitter		INFO	pushing into buff
20-02-2016 11:44:28	DataProcessor		INFO	polling
20-02-2016 11:44:28	CameraInterface		INFO	Read successful
20-02-2016 11:44:28	Controller		INFO	sending to transmitter
20-02-2016 11:44:28	Transmitter		INFO	pushing into buff
20-02-2016 11:44:28	DataProcessor		INFO	polling
20-02-2016 11:44:28	CameraInterface		INFO	Read successful
20-02-2016 11:44:28	Controller		INFO	sending to transmitter
20-02-2016 11:44:28	Transmitter		INFO	pushing into buff
20-02-2016 11:44:28	DataProcessor		INFO	polling
20-02-2016 11:44:28	CameraInterface		INFO	Read successful
20-02-2016 11:44:28	Controller		INFO	sending to transmitter
20-02-2016 11:44:28	Transmitter		INFO	pushing into buff
20-02-2016 11:44:28	DataProcessor		INFO	polling
20-02-2016 11:44:28	CameraInterface		INFO	Read successful
20-02-2016 11:44:28	Controller		INFO	sending to transmitter
20-02-2016 11:44:28	Transmitter		INFO	pushing into buff
20-02-2016 11:44:28	DataProcessor		INFO	polling
20-02-2016 11:44:29	CameraInterface		INFO	Read successful
20-02-2016 11:44:29	Controller		INFO	sending to transmitter
20-02-2016 11:44:29	Transmitter		INFO	pushing into buff
20-02-2016 11:44:29	DataProcessor		INFO	polling
20-02-2016 11:44:29	CameraInterface		INFO	Read successful
20-02-2016 11:44:29	Controller		INFO	sending to transmitter
20-02-2016 11:44:29	Transmitter		INFO	pushing into buff
20-02-2016 11:44:29	DataProcessor		INFO	polling
20-02-2016 11:44:29	CameraInterface		INFO	Read successful
20-02-2016 11:44:29	Controller		INFO	sending to transmitter
20-02-2016 11:44:29	Transmitter		INFO	pushing into buff
20-02-2016 11:44:29	DataProcessor		INFO	polling
20-02-2016 11:44:29	Transmitter		INFO	running
20-02-2016 11:44:29	Transmitter		INFO	getting from buffer
20-02-2016 11:44:29	CameraInterface		INFO	Read successful
20-02-2016 11:44:29	Controller		INFO	sending to transmitter
20-02-2016 11:44:29	Transmitter		INFO	pushing into buff
20-02-2016 11:44:29	DataProcessor		INFO	polling
20-02-2016 11:44:30	CameraInterface		INFO	Read successful
20-02-2016 11:44:30	Controller		INFO	sending to transmitter
20-02-2016 11:44:30	Transmitter		INFO	pushing into buff
20-02-2016 11:44:30	DataProcessor		INFO	polling
20-02-2016 11:44:30	CameraInterface		INFO	Read successful
20-02-2016 11:44:30	Controller		INFO	sending to transmitter
20-02-2016 11:44:30	Transmitter		INFO	pushing into buff
20-02-2016 11:44:30	DataProcessor		INFO	polling
20-02-2016 11:44:30	CameraInterface		INFO	Read successful
20-02-2016 11:44:30	Controller		INFO	sending to transmitter
20-02-2016 11:44:30	Transmitter		INFO	pushing into buff
20-02-2016 11:44:30	DataProcessor		INFO	polling
20-02-2016 11:44:30	CameraInterface		INFO	Read successful
20-02-2016 11:44:30	Controller		INFO	sending to transmitter
20-02-2016 11:44:30	Transmitter		INFO	pushing into buff
20-02-2016 11:44:30	DataProcessor		INFO	polling
20-02-2016 11:44:30	CameraInterface		INFO	Read successful
20-02-2016 11:44:31	Controller		INFO	sending to transmitter
20-02-2016 11:44:31	Transmitter		INFO	pushing into buff
20-02-2016 11:44:31	DataProcessor		INFO	polling
20-02-2016 11:44:31	CameraInterface		INFO	Read successful
20-02-2016 11:44:31	Controller		INFO	sending to transmitter
20-02-2016 11:44:31	Transmitter		INFO	pushing into buff
20-02-2016 11:44:31	DataProcessor		INFO	polling
20-02-2016 11:44:31	CameraInterface		INFO	Read successful
20-02-2016 11:44:31	Controller		INFO	sending to transmitter
20-02-2016 11:44:31	Transmitter		INFO	pushing into buff
20-02-2016 11:44:31	DataProcessor		INFO	polling
20-02-2016 11:44:31	CameraInterface		INFO	Read successful
20-02-2016 11:44:31	Controller		INFO	sending to transmitter
20-02-2016 11:44:31	Transmitter		INFO	pushing into buff
20-02-2016 11:44:31	DataProcessor		INFO	polling
20-02-2016 11:44:31	CameraInterface		INFO	Read successful
20-02-2016 11:44:31	Controller		INFO	sending to transmitter
20-02-2016 11:44:31	Transmitter		INFO	pushing into buff
20-02-2016 11:44:31	DataProcessor		INFO	polling
20-02-2016 11:44:32	CameraInterface		INFO	Read successful
20-02-2016 11:44:32	Controller		INFO	sending to transmitter
20-02-2016 11:44:32	Transmitter		INFO	pushing into buff
20-02-2016 11:44:32	DataProcessor		INFO	polling
20-02-2016 11:44:32	CameraInterface		INFO	Read successful
20-02-2016 11:44:32	Controller		INFO	sending to transmitter
20-02-2016 11:44:32	Transmitter		INFO	pushing into buff
20-02-2016 11:44:32	DataProcessor		INFO	polling
20-02-2016 11:44:32	CameraInterface		INFO	Read successful
20-02-2016 11:44:32	Controller		INFO	sending to transmitter
20-02-2016 11:44:32	Transmitter		INFO	pushing into buff
20-02-2016 11:44:32	DataProcessor		INFO	polling
20-02-2016 11:44:32	CameraInterface		INFO	Read successful
20-02-2016 11:44:32	Controller		INFO	sending to transmitter
20-02-2016 11:44:32	Transmitter		INFO	pushing into buff
20-02-2016 11:44:32	DataProcessor		INFO	polling
20-02-2016 11:44:33	CameraInterface		INFO	Read successful
20-02-2016 11:44:33	Controller		INFO	sending to transmitter
20-02-2016 11:44:33	Transmitter		INFO	pushing into buff
20-02-2016 11:44:33	DataProcessor		INFO	polling
20-02-2016 11:44:33	CameraInterface		INFO	Read successful
20-02-2016 11:44:33	Controller		INFO	sending to transmitter
20-02-2016 11:44:33	Transmitter		INFO	pushing into buff
20-02-2016 11:44:33	DataProcessor		INFO	polling
20-02-2016 11:44:33	CameraInterface		INFO	Read successful
20-02-2016 11:44:33	Controller		INFO	sending to transmitter
20-02-2016 11:44:33	Transmitter		INFO	pushing into buff
20-02-2016 11:44:33	DataProcessor		INFO	polling
20-02-2016 11:44:33	CameraInterface		INFO	Read successful
20-02-2016 11:44:33	Controller		INFO	sending to transmitter
20-02-2016 11:44:33	Transmitter		INFO	pushing into buff
20-02-2016 11:44:33	DataProcessor		INFO	polling
20-02-2016 11:44:34	CameraInterface		INFO	Read successful
20-02-2016 11:44:34	Controller		INFO	sending to transmitter
20-02-2016 11:44:34	Transmitter		INFO	pushing into buff
20-02-2016 11:44:34	DataProcessor		INFO	polling
20-02-2016 11:44:34	CameraInterface		INFO	Read successful
20-02-2016 11:44:34	Controller		INFO	sending to transmitter
20-02-2016 11:44:34	Transmitter		INFO	pushing into buff
20-02-2016 11:44:34	DataProcessor		INFO	polling
20-02-2016 11:44:34	CameraInterface		INFO	Read successful
20-02-2016 11:44:34	Controller		INFO	sending to transmitter
20-02-2016 11:44:34	Transmitter		INFO	pushing into buff
20-02-2016 11:44:34	DataProcessor		INFO	polling
20-02-2016 11:44:34	CameraInterface		INFO	Read successful
20-02-2016 11:44:34	Controller		INFO	sending to transmitter
20-02-2016 11:44:34	Transmitter		INFO	pushing into buff
20-02-2016 11:44:34	DataProcessor		INFO	polling
20-02-2016 11:44:35	CameraInterface		INFO	Read successful
20-02-2016 11:44:35	Controller		INFO	sending to transmitter
20-02-2016 11:44:35	Transmitter		INFO	pushing into buff
20-02-2016 11:44:35	DataProcessor		INFO	polling
20-02-2016 11:44:35	CameraInterface		INFO	Read successful
20-02-2016 11:44:35	Controller		INFO	sending to transmitter
20-02-2016 11:44:35	Transmitter		INFO	pushing into buff
20-02-2016 11:44:35	DataProcessor		INFO	polling
20-02-2016 11:44:35	CameraInterface		INFO	Read successful
20-02-2016 11:44:35	Controller		INFO	sending to transmitter
20-02-2016 11:44:35	Transmitter		INFO	pushing into buff
20-02-2016 11:44:35	DataProcessor		INFO	polling
20-02-2016 11:44:35	CameraInterface		INFO	Read successful
20-02-2016 11:44:35	Controller		INFO	sending to transmitter
20-02-2016 11:44:35	Transmitter		INFO	pushing into buff
20-02-2016 11:44:35	DataProcessor		INFO	polling
20-02-2016 11:44:36	CameraInterface		INFO	Read successful
20-02-2016 11:44:36	Controller		INFO	sending to transmitter
20-02-2016 11:44:36	Transmitter		INFO	pushing into buff
20-02-2016 11:44:36	DataProcessor		INFO	polling
20-02-2016 11:44:36	CameraInterface		INFO	Read successful
20-02-2016 11:44:36	Controller		INFO	sending to transmitter
20-02-2016 11:44:36	Transmitter		INFO	pushing into buff
20-02-2016 11:44:36	DataProcessor		INFO	polling
20-02-2016 11:44:36	CameraInterface		INFO	Read successful
20-02-2016 11:44:36	Controller		INFO	sending to transmitter
20-02-2016 11:44:36	Transmitter		INFO	pushing into buff
20-02-2016 11:44:36	DataProcessor		INFO	polling
20-02-2016 11:44:36	CameraInterface		INFO	Read successful
20-02-2016 11:44:36	Controller		INFO	sending to transmitter
20-02-2016 11:44:36	Transmitter		INFO	pushing into buff
20-02-2016 11:44:36	DataProcessor		INFO	polling
20-02-2016 11:44:37	CameraInterface		INFO	Read successful
20-02-2016 11:44:37	Controller		INFO	sending to transmitter
20-02-2016 11:44:37	Transmitter		INFO	pushing into buff
20-02-2016 11:44:37	DataProcessor		INFO	polling
20-02-2016 11:44:37	CameraInterface		INFO	Read successful
20-02-2016 11:44:37	Controller		INFO	sending to transmitter
20-02-2016 11:44:37	Transmitter		INFO	pushing into buff
20-02-2016 11:44:37	DataProcessor		INFO	polling
20-02-2016 11:44:37	CameraInterface		INFO	Read successful
20-02-2016 11:44:37	Controller		INFO	sending to transmitter
20-02-2016 11:44:37	Transmitter		INFO	pushing into buff
20-02-2016 11:44:37	DataProcessor		INFO	polling
20-02-2016 11:44:37	CameraInterface		INFO	Read successful
20-02-2016 11:44:37	Controller		INFO	sending to transmitter
20-02-2016 11:44:37	Transmitter		INFO	pushing into buff
20-02-2016 11:44:37	DataProcessor		INFO	polling
20-02-2016 11:44:38	CameraInterface		INFO	Read successful
20-02-2016 11:44:38	Controller		INFO	sending to transmitter
20-02-2016 11:44:38	Transmitter		INFO	pushing into buff
20-02-2016 11:44:38	DataProcessor		INFO	polling
20-02-2016 11:44:38	CameraInterface		INFO	Read successful
20-02-2016 11:44:38	Controller		INFO	sending to transmitter
20-02-2016 11:44:38	Transmitter		INFO	pushing into buff
20-02-2016 11:44:38	DataProcessor		INFO	polling
20-02-2016 11:44:38	CameraInterface		INFO	Read successful
20-02-2016 11:44:42	Controller		INFO	sending to transmitter
20-02-2016 11:44:42	Transmitter		INFO	pushing into buff
20-02-2016 11:44:42	DataProcessor		INFO	polling
20-02-2016 11:44:42	CameraInterface		INFO	Read successful
20-02-2016 11:44:42	Controller		INFO	sending to transmitter
20-02-2016 11:44:42	Transmitter		INFO	pushing into buff
20-02-2016 11:44:46	DataProcessor		INFO	polling
20-02-2016 11:44:47	CameraInterface		INFO	Read successful
20-02-2016 11:44:47	Controller		INFO	sending to transmitter
20-02-2016 11:44:47	Transmitter		INFO	pushing into buff
20-02-2016 11:44:47	DataProcessor		INFO	polling
20-02-2016 11:44:47	CameraInterface		INFO	Read successful
20-02-2016 11:44:47	Controller		INFO	sending to transmitter
20-02-2016 11:44:47	Transmitter		INFO	pushing into buff
20-02-2016 11:44:47	DataProcessor		INFO	polling
20-02-2016 11:44:47	CameraInterface		INFO	Read successful
20-02-2016 11:44:47	Controller		INFO	sending to transmitter
20-02-2016 11:44:47	Transmitter		INFO	pushing into buff
20-02-2016 11:44:47	DataProcessor		INFO	polling
20-02-2016 11:44:48	CameraInterface		INFO	Read successful
20-02-2016 11:44:48	Controller		INFO	sending to transmitter
20-02-2016 11:44:48	Transmitter		INFO	pushing into buff
20-02-2016 11:44:48	DataProcessor		INFO	polling
20-02-2016 11:44:48	CameraInterface		INFO	Read successful
20-02-2016 11:44:48	Controller		INFO	sending to transmitter
20-02-2016 11:44:48	Transmitter		INFO	pushing into buff
20-02-2016 11:44:48	DataProcessor		INFO	polling
20-02-2016 11:44:49	CameraInterface		INFO	Read successful
20-02-2016 11:44:49	Controller		INFO	sending to transmitter
20-02-2016 11:44:49	Transmitter		INFO	pushing into buff
20-02-2016 11:44:49	DataProcessor		INFO	polling
20-02-2016 11:44:49	CameraInterface		INFO	Read successful
20-02-2016 11:44:49	Controller		INFO	sending to transmitter
20-02-2016 11:44:49	Transmitter		INFO	pushing into buff
20-02-2016 11:44:49	DataProcessor		INFO	polling
20-02-2016 11:44:50	CameraInterface		INFO	Read successful
20-02-2016 11:44:50	Controller		INFO	sending to transmitter
20-02-2016 11:44:50	Transmitter		INFO	pushing into buff
20-02-2016 11:44:50	DataProcessor		INFO	polling
20-02-2016 11:44:50	CameraInterface		INFO	Read successful
20-02-2016 11:44:50	Controller		INFO	sending to transmitter
20-02-2016 11:44:50	Transmitter		INFO	pushing into buff
20-02-2016 11:44:50	DataProcessor		INFO	polling
20-02-2016 11:44:50	CameraInterface		INFO	Read successful
20-02-2016 11:44:50	Controller		INFO	sending to transmitter
20-02-2016 11:44:50	Transmitter		INFO	pushing into buff
20-02-2016 11:44:50	DataProcessor		INFO	polling
20-02-2016 11:44:50	CameraInterface		INFO	Read successful
20-02-2016 11:44:51	Controller		INFO	sending to transmitter
20-02-2016 11:44:51	Transmitter		INFO	pushing into buff
20-02-2016 11:44:51	DataProcessor		INFO	polling
20-02-2016 11:44:54	CameraInterface		INFO	Read successful
20-02-2016 11:44:58	Controller		INFO	sending to transmitter
20-02-2016 11:44:58	Transmitter		INFO	pushing into buff
20-02-2016 11:44:59	DataProcessor		INFO	polling
20-02-2016 11:45:00	CameraInterface		INFO	Read successful
20-02-2016 11:45:09	Controller		INFO	sending to transmitter
20-02-2016 11:45:09	Transmitter		INFO	pushing into buff
20-02-2016 11:45:09	DataProcessor		INFO	polling
