21-02-2016 11:04:49	Main		TRACE	Logger initialized.
21-02-2016 11:04:49	PropertyReader		TRACE	Opening file: settings/settings.txt
21-02-2016 11:04:49	PropertyReader		INFO	File opened: settings/settings.txt
21-02-2016 11:04:49	PropertyReader		INFO	Loading properties file...
21-02-2016 11:04:49	PropertyReader		INFO	Mapped TRACE to LOGGING_LEVEL
21-02-2016 11:04:49	PropertyReader		INFO	Mapped 100 to CAM_BUFFER_SIZE
21-02-2016 11:04:49	PropertyReader		INFO	Mapped 15 to CAM_POLL_FREQUENCY
21-02-2016 11:04:49	PropertyReader		INFO	Mapped 0 to CAM_INDEX
21-02-2016 11:04:49	PropertyReader		DEBUG	Loaded 4 properties successfully
21-02-2016 11:04:49	Controller		INFO	Constructor controller
21-02-2016 11:04:49	Transmitter		INFO	socket retrieve success
21-02-2016 11:04:49	Transmitter		INFO	binding done
21-02-2016 11:04:49	Transmitter		INFO	done listening
21-02-2016 11:04:56	Transmitter		INFO	accepting
21-02-2016 11:04:56	Main		TRACE	intializing controller
21-02-2016 11:04:56	Controller		INFO	Initializing Controller
21-02-2016 11:04:56	Main		TRACE	initializing dataprocessor
21-02-2016 11:04:56	CameraInterface		INFO	Initializing camera
21-02-2016 11:04:56	Receiver		INFO	Starting Receiver Thread execution loop
21-02-2016 11:04:56	Transmitter		INFO	Starting Receiver Thread execution loop
21-02-2016 11:04:56	CameraInterface		INFO	Opening video capture stream at position 0
21-02-2016 11:04:56	CameraInterface		INFO	Opening video capture stream at position 0
21-02-2016 11:04:56	ControllerThread		INFO	Starting Controller Thread execution loop
21-02-2016 11:04:56	Transmitter		INFO	running
21-02-2016 11:04:56	Transmitter		INFO	running
21-02-2016 11:04:56	Transmitter		INFO	running
21-02-2016 11:04:56	Transmitter		INFO	running
21-02-2016 11:04:56	Transmitter		INFO	running
21-02-2016 11:04:56	Transmitter		INFO	running
21-02-2016 11:04:56	Transmitter		INFO	running
21-02-2016 11:04:56	Transmitter		INFO	running
21-02-2016 11:04:56	Transmitter		INFO	running
21-02-2016 11:04:56	Transmitter		INFO	running
21-02-2016 11:04:56	Transmitter		INFO	running
21-02-2016 11:04:56	Transmitter		INFO	running
21-02-2016 11:04:56	Transmitter		INFO	running
21-02-2016 11:04:56	Transmitter		INFO	running
21-02-2016 11:04:56	Transmitter		INFO	running
21-02-2016 11:04:56	Transmitter		INFO	running
21-02-2016 11:04:56	Transmitter		INFO	running
21-02-2016 11:04:56	Transmitter		INFO	running
21-02-2016 11:04:56	Transmitter		INFO	running
21-02-2016 11:04:56	Transmitter		INFO	running
21-02-2016 11:04:56	Transmitter		INFO	running
21-02-2016 11:04:56	Transmitter		INFO	running
21-02-2016 11:04:56	Transmitter		INFO	running
21-02-2016 11:04:56	Transmitter		INFO	running
21-02-2016 11:04:56	Transmitter		INFO	running
21-02-2016 11:04:56	Transmitter		INFO	running
21-02-2016 11:04:56	Transmitter		INFO	running
21-02-2016 11:04:56	Transmitter		INFO	running
21-02-2016 11:04:56	Transmitter		INFO	running
21-02-2016 11:04:56	Transmitter		INFO	running
21-02-2016 11:04:56	Transmitter		INFO	running
21-02-2016 11:04:56	Transmitter		INFO	running
21-02-2016 11:04:56	Transmitter		INFO	running
21-02-2016 11:04:56	Transmitter		INFO	running
21-02-2016 11:04:56	Transmitter		INFO	running
21-02-2016 11:04:56	Transmitter		INFO	running
21-02-2016 11:04:56	Transmitter		INFO	running
21-02-2016 11:04:56	Transmitter		INFO	running
21-02-2016 11:04:56	Transmitter		INFO	running
21-02-2016 11:04:56	Transmitter		INFO	running
21-02-2016 11:04:56	Transmitter		INFO	running
21-02-2016 11:04:56	Transmitter		INFO	running
21-02-2016 11:04:56	Main		TRACE	running controller
21-02-2016 11:04:56	DataProcessor		INFO	polling
21-02-2016 11:04:56	Transmitter		INFO	running
21-02-2016 11:04:56	Transmitter		INFO	running
21-02-2016 11:04:56	Transmitter		INFO	running
21-02-2016 11:04:56	Transmitter		INFO	running
21-02-2016 11:04:56	Transmitter		INFO	running
21-02-2016 11:04:56	Transmitter		INFO	running
21-02-2016 11:04:56	Transmitter		INFO	running
21-02-2016 11:04:56	Transmitter		INFO	running
21-02-2016 11:04:56	Transmitter		INFO	running
21-02-2016 11:04:56	Transmitter		INFO	running
21-02-2016 11:04:56	Transmitter		INFO	running
21-02-2016 11:04:56	Transmitter		INFO	running
21-02-2016 11:04:56	Transmitter		INFO	running
21-02-2016 11:04:56	Transmitter		INFO	running
21-02-2016 11:04:56	Transmitter		INFO	running
21-02-2016 11:04:56	Transmitter		INFO	running
21-02-2016 11:04:56	Transmitter		INFO	running
21-02-2016 11:04:56	Transmitter		INFO	running
21-02-2016 11:04:56	Transmitter		INFO	running
21-02-2016 11:04:56	Transmitter		INFO	running
21-02-2016 11:04:56	Transmitter		INFO	running
21-02-2016 11:04:56	Transmitter		INFO	running
21-02-2016 11:04:57	Transmitter		INFO	running
21-02-2016 11:04:57	Transmitter		INFO	running
21-02-2016 11:04:57	Transmitter		INFO	running
21-02-2016 11:04:57	Transmitter		INFO	running
21-02-2016 11:04:57	Transmitter		INFO	running
21-02-2016 11:04:57	Transmitter		INFO	running
21-02-2016 11:04:57	Transmitter		INFO	running
21-02-2016 11:04:57	Transmitter		INFO	running
21-02-2016 11:04:57	Transmitter		INFO	running
21-02-2016 11:04:57	Transmitter		INFO	running
21-02-2016 11:04:57	Transmitter		INFO	running
21-02-2016 11:04:57	Transmitter		INFO	running
21-02-2016 11:04:57	Transmitter		INFO	running
21-02-2016 11:04:57	Transmitter		INFO	running
21-02-2016 11:04:57	Transmitter		INFO	running
21-02-2016 11:04:57	Transmitter		INFO	running
21-02-2016 11:04:57	Transmitter		INFO	running
21-02-2016 11:04:57	Transmitter		INFO	running
21-02-2016 11:04:57	Transmitter		INFO	running
21-02-2016 11:04:57	Transmitter		INFO	running
21-02-2016 11:04:57	Transmitter		INFO	running
21-02-2016 11:04:57	Transmitter		INFO	running
21-02-2016 11:04:57	Transmitter		INFO	running
21-02-2016 11:04:57	Transmitter		INFO	running
21-02-2016 11:04:57	Transmitter		INFO	running
21-02-2016 11:04:57	Transmitter		INFO	running
21-02-2016 11:04:57	Transmitter		INFO	running
21-02-2016 11:04:57	Transmitter		INFO	running
21-02-2016 11:04:57	Transmitter		INFO	running
21-02-2016 11:04:57	Transmitter		INFO	running
21-02-2016 11:04:57	Transmitter		INFO	running
21-02-2016 11:04:57	Transmitter		INFO	running
21-02-2016 11:04:57	Transmitter		INFO	running
21-02-2016 11:04:57	Transmitter		INFO	running
21-02-2016 11:04:57	Transmitter		INFO	running
21-02-2016 11:04:57	Transmitter		INFO	running
21-02-2016 11:04:57	Transmitter		INFO	running
21-02-2016 11:04:57	Transmitter		INFO	running
21-02-2016 11:04:57	Transmitter		INFO	running
21-02-2016 11:04:57	Transmitter		INFO	running
21-02-2016 11:04:57	Transmitter		INFO	running
21-02-2016 11:04:57	Transmitter		INFO	running
21-02-2016 11:04:57	Transmitter		INFO	running
21-02-2016 11:04:57	Transmitter		INFO	running
21-02-2016 11:04:57	Transmitter		INFO	running
21-02-2016 11:04:57	Transmitter		INFO	running
21-02-2016 11:04:57	Transmitter		INFO	running
21-02-2016 11:04:57	Transmitter		INFO	running
21-02-2016 11:04:57	Transmitter		INFO	running
21-02-2016 11:04:57	Transmitter		INFO	running
21-02-2016 11:04:57	Transmitter		INFO	running
21-02-2016 11:04:57	Transmitter		INFO	running
21-02-2016 11:04:57	Transmitter		INFO	running
21-02-2016 11:04:57	Transmitter		INFO	running
21-02-2016 11:04:57	Transmitter		INFO	running
21-02-2016 11:04:57	Transmitter		INFO	running
21-02-2016 11:04:57	Transmitter		INFO	running
21-02-2016 11:04:57	Transmitter		INFO	running
21-02-2016 11:04:57	Transmitter		INFO	running21-02-2016 11:04:57	CameraInterface		INFO	Read successful

21-02-2016 11:04:57	Transmitter		INFO	running
21-02-2016 11:04:57	Transmitter		INFO	running
21-02-2016 11:04:57	Transmitter		INFO	running
21-02-2016 11:04:57	Controller		INFO	sending to transmitter
21-02-2016 11:04:57	Transmitter		INFO	pushing into buff
21-02-2016 11:04:57	DataProcessor		INFO	polling
21-02-2016 11:04:57	Transmitter		INFO	getting from buffer
21-02-2016 11:04:57	CameraInterface		INFO	Read successful
21-02-2016 11:04:57	Controller		INFO	sending to transmitter
21-02-2016 11:04:57	Transmitter		INFO	pushing into buff
21-02-2016 11:04:57	DataProcessor		INFO	polling
21-02-2016 11:04:57	CameraInterface		INFO	Read successful
21-02-2016 11:04:57	Controller		INFO	sending to transmitter
21-02-2016 11:04:57	Transmitter		INFO	pushing into buff
21-02-2016 11:04:57	DataProcessor		INFO	polling
21-02-2016 11:04:58	CameraInterface		INFO	Read successful
21-02-2016 11:04:58	Controller		INFO	sending to transmitter
21-02-2016 11:04:58	Transmitter		INFO	pushing into buff
21-02-2016 11:04:58	DataProcessor		INFO	polling
21-02-2016 11:04:58	CameraInterface		INFO	Read successful
21-02-2016 11:04:58	Controller		INFO	sending to transmitter
21-02-2016 11:04:58	Transmitter		INFO	pushing into buff
21-02-2016 11:04:58	DataProcessor		INFO	polling
21-02-2016 11:04:58	CameraInterface		INFO	Read successful
21-02-2016 11:04:58	Controller		INFO	sending to transmitter
21-02-2016 11:04:58	Transmitter		INFO	pushing into buff
21-02-2016 11:04:58	DataProcessor		INFO	polling
21-02-2016 11:04:58	CameraInterface		INFO	Read successful
21-02-2016 11:04:58	Controller		INFO	sending to transmitter
21-02-2016 11:04:58	Transmitter		INFO	pushing into buff
21-02-2016 11:04:58	DataProcessor		INFO	polling
21-02-2016 11:04:59	CameraInterface		INFO	Read successful
21-02-2016 11:04:59	Controller		INFO	sending to transmitter
21-02-2016 11:04:59	Transmitter		INFO	pushing into buff
21-02-2016 11:04:59	DataProcessor		INFO	polling
21-02-2016 11:04:59	CameraInterface		INFO	Read successful
21-02-2016 11:04:59	Controller		INFO	sending to transmitter
21-02-2016 11:04:59	Transmitter		INFO	pushing into buff
21-02-2016 11:04:59	DataProcessor		INFO	polling
21-02-2016 11:04:59	CameraInterface		INFO	Read successful
21-02-2016 11:04:59	Controller		INFO	sending to transmitter
21-02-2016 11:04:59	Transmitter		INFO	pushing into buff
21-02-2016 11:04:59	DataProcessor		INFO	polling
21-02-2016 11:04:59	CameraInterface		INFO	Read successful
21-02-2016 11:04:59	Controller		INFO	sending to transmitter
21-02-2016 11:04:59	Transmitter		INFO	pushing into buff
21-02-2016 11:04:59	DataProcessor		INFO	polling
21-02-2016 11:04:59	CameraInterface		INFO	Read successful
21-02-2016 11:04:59	Controller		INFO	sending to transmitter
21-02-2016 11:05:00	Transmitter		INFO	pushing into buff
21-02-2016 11:05:00	DataProcessor		INFO	polling
21-02-2016 11:05:00	CameraInterface		INFO	Read successful
21-02-2016 11:05:00	Controller		INFO	sending to transmitter
21-02-2016 11:05:00	Transmitter		INFO	pushing into buff
21-02-2016 11:05:00	DataProcessor		INFO	polling
21-02-2016 11:05:00	CameraInterface		INFO	Read successful
21-02-2016 11:05:00	Controller		INFO	sending to transmitter
21-02-2016 11:05:00	Transmitter		INFO	pushing into buff
21-02-2016 11:05:00	DataProcessor		INFO	polling
21-02-2016 11:05:00	CameraInterface		INFO	Read successful
21-02-2016 11:05:00	Controller		INFO	sending to transmitter
21-02-2016 11:05:00	Transmitter		INFO	pushing into buff
21-02-2016 11:05:00	DataProcessor		INFO	polling
21-02-2016 11:05:01	CameraInterface		INFO	Read successful
21-02-2016 11:05:01	Controller		INFO	sending to transmitter
21-02-2016 11:05:01	Transmitter		INFO	pushing into buff
21-02-2016 11:05:01	DataProcessor		INFO	polling
21-02-2016 11:05:01	CameraInterface		INFO	Read successful
21-02-2016 11:05:01	Controller		INFO	sending to transmitter
21-02-2016 11:05:01	Transmitter		INFO	pushing into buff
21-02-2016 11:05:01	DataProcessor		INFO	polling
21-02-2016 11:05:01	CameraInterface		INFO	Read successful
21-02-2016 11:05:01	Controller		INFO	sending to transmitter
21-02-2016 11:05:01	Transmitter		INFO	pushing into buff
21-02-2016 11:05:01	DataProcessor		INFO	polling
21-02-2016 11:05:01	CameraInterface		INFO	Read successful
21-02-2016 11:05:01	Controller		INFO	sending to transmitter
21-02-2016 11:05:01	Transmitter		INFO	pushing into buff
21-02-2016 11:05:01	DataProcessor		INFO	polling
21-02-2016 11:05:02	CameraInterface		INFO	Read successful
21-02-2016 11:05:02	Controller		INFO	sending to transmitter
21-02-2016 11:05:02	Transmitter		INFO	pushing into buff
21-02-2016 11:05:02	DataProcessor		INFO	polling
21-02-2016 11:05:02	CameraInterface		INFO	Read successful
21-02-2016 11:05:02	Controller		INFO	sending to transmitter
21-02-2016 11:05:02	Transmitter		INFO	pushing into buff
21-02-2016 11:05:02	DataProcessor		INFO	polling
21-02-2016 11:05:02	Transmitter		INFO	sending string: 68172
21-02-2016 11:05:02	CameraInterface		INFO	Read successful
21-02-2016 11:05:02	Controller		INFO	sending to transmitter
21-02-2016 11:05:02	Transmitter		INFO	pushing into buff
21-02-2016 11:05:02	Transmitter		INFO	running
21-02-2016 11:05:02	Transmitter		INFO	getting from buffer
21-02-2016 11:05:02	DataProcessor		INFO	polling
21-02-2016 11:05:02	CameraInterface		INFO	Read successful
21-02-2016 11:05:03	Controller		INFO	sending to transmitter
21-02-2016 11:05:03	Transmitter		INFO	pushing into buff
21-02-2016 11:05:03	DataProcessor		INFO	polling
21-02-2016 11:05:03	CameraInterface		INFO	Read successful
21-02-2016 11:05:03	Controller		INFO	sending to transmitter
21-02-2016 11:05:03	Transmitter		INFO	pushing into buff
21-02-2016 11:05:03	DataProcessor		INFO	polling
21-02-2016 11:05:03	CameraInterface		INFO	Read successful
21-02-2016 11:05:03	Controller		INFO	sending to transmitter
21-02-2016 11:05:03	Transmitter		INFO	pushing into buff
21-02-2016 11:05:03	DataProcessor		INFO	polling
21-02-2016 11:05:03	CameraInterface		INFO	Read successful
21-02-2016 11:05:03	Controller		INFO	sending to transmitter
21-02-2016 11:05:03	Transmitter		INFO	pushing into buff
21-02-2016 11:05:03	DataProcessor		INFO	polling
21-02-2016 11:05:03	CameraInterface		INFO	Read successful
21-02-2016 11:05:03	Controller		INFO	sending to transmitter
21-02-2016 11:05:03	Transmitter		INFO	pushing into buff
21-02-2016 11:05:03	DataProcessor		INFO	polling
21-02-2016 11:05:04	CameraInterface		INFO	Read successful
21-02-2016 11:05:04	Controller		INFO	sending to transmitter
21-02-2016 11:05:04	Transmitter		INFO	pushing into buff
21-02-2016 11:05:04	DataProcessor		INFO	polling
21-02-2016 11:05:04	CameraInterface		INFO	Read successful
21-02-2016 11:05:04	Controller		INFO	sending to transmitter
21-02-2016 11:05:04	Transmitter		INFO	pushing into buff
21-02-2016 11:05:04	DataProcessor		INFO	polling
21-02-2016 11:05:04	CameraInterface		INFO	Read successful
21-02-2016 11:05:04	Controller		INFO	sending to transmitter
21-02-2016 11:05:04	Transmitter		INFO	pushing into buff
21-02-2016 11:05:04	DataProcessor		INFO	polling
21-02-2016 11:05:04	CameraInterface		INFO	Read successful
21-02-2016 11:05:04	Controller		INFO	sending to transmitter
21-02-2016 11:05:04	Transmitter		INFO	pushing into buff
21-02-2016 11:05:04	DataProcessor		INFO	polling
21-02-2016 11:05:05	CameraInterface		INFO	Read successful
21-02-2016 11:05:05	Controller		INFO	sending to transmitter
21-02-2016 11:05:05	Transmitter		INFO	pushing into buff
21-02-2016 11:05:05	DataProcessor		INFO	polling
21-02-2016 11:05:05	CameraInterface		INFO	Read successful
21-02-2016 11:05:05	Controller		INFO	sending to transmitter
21-02-2016 11:05:05	Transmitter		INFO	pushing into buff
21-02-2016 11:05:05	DataProcessor		INFO	polling
21-02-2016 11:05:05	CameraInterface		INFO	Read successful
21-02-2016 11:05:05	Controller		INFO	sending to transmitter
21-02-2016 11:05:05	Transmitter		INFO	pushing into buff
21-02-2016 11:05:05	DataProcessor		INFO	polling
21-02-2016 11:05:05	CameraInterface		INFO	Read successful
21-02-2016 11:05:05	Controller		INFO	sending to transmitter
21-02-2016 11:05:05	Transmitter		INFO	pushing into buff
21-02-2016 11:05:05	DataProcessor		INFO	polling
21-02-2016 11:05:05	CameraInterface		INFO	Read successful
21-02-2016 11:05:05	Controller		INFO	sending to transmitter
21-02-2016 11:05:05	Transmitter		INFO	pushing into buff
21-02-2016 11:05:05	DataProcessor		INFO	polling
21-02-2016 11:05:06	CameraInterface		INFO	Read successful
21-02-2016 11:05:06	Controller		INFO	sending to transmitter
21-02-2016 11:05:06	Transmitter		INFO	pushing into buff
21-02-2016 11:05:06	DataProcessor		INFO	polling
21-02-2016 11:05:06	CameraInterface		INFO	Read successful
21-02-2016 11:05:06	Controller		INFO	sending to transmitter
21-02-2016 11:05:06	Transmitter		INFO	pushing into buff
21-02-2016 11:05:06	DataProcessor		INFO	polling
21-02-2016 11:05:06	CameraInterface		INFO	Read successful
21-02-2016 11:05:06	Controller		INFO	sending to transmitter
21-02-2016 11:05:06	Transmitter		INFO	pushing into buff
21-02-2016 11:05:06	DataProcessor		INFO	polling
21-02-2016 11:05:06	CameraInterface		INFO	Read successful
21-02-2016 11:05:06	Controller		INFO	sending to transmitter
21-02-2016 11:05:06	Transmitter		INFO	pushing into buff
21-02-2016 11:05:06	DataProcessor		INFO	polling
21-02-2016 11:05:06	CameraInterface		INFO	Read successful
21-02-2016 11:05:07	Controller		INFO	sending to transmitter
21-02-2016 11:05:07	Transmitter		INFO	pushing into buff
21-02-2016 11:05:07	DataProcessor		INFO	polling
21-02-2016 11:05:07	CameraInterface		INFO	Read successful
21-02-2016 11:05:07	Controller		INFO	sending to transmitter
21-02-2016 11:05:07	Transmitter		INFO	pushing into buff
21-02-2016 11:05:07	DataProcessor		INFO	polling
