21-02-2016 11:11:58	Main		TRACE	Logger initialized.
21-02-2016 11:11:58	PropertyReader		TRACE	Opening file: settings/settings.txt
21-02-2016 11:11:58	PropertyReader		INFO	File opened: settings/settings.txt
21-02-2016 11:11:58	PropertyReader		INFO	Loading properties file...
21-02-2016 11:11:58	PropertyReader		INFO	Mapped TRACE to LOGGING_LEVEL
21-02-2016 11:11:58	PropertyReader		INFO	Mapped 100 to CAM_BUFFER_SIZE
21-02-2016 11:11:58	PropertyReader		INFO	Mapped 15 to CAM_POLL_FREQUENCY
21-02-2016 11:11:58	PropertyReader		INFO	Mapped 0 to CAM_INDEX
21-02-2016 11:11:58	PropertyReader		DEBUG	Loaded 4 properties successfully
21-02-2016 11:11:58	Controller		INFO	Constructor controller
21-02-2016 11:11:58	Transmitter		INFO	socket retrieve success
21-02-2016 11:11:58	Transmitter		INFO	binding done
21-02-2016 11:11:58	Transmitter		INFO	done listening
21-02-2016 11:12:00	Transmitter		INFO	accepting
21-02-2016 11:12:00	Main		TRACE	intializing controller
21-02-2016 11:12:00	Controller		INFO	Initializing Controller
21-02-2016 11:12:00	Main		TRACE	initializing dataprocessor
21-02-2016 11:12:00	CameraInterface		INFO	Initializing camera
21-02-2016 11:12:00	CameraInterface		INFO	Opening video capture stream at position 0
21-02-2016 11:12:00	Receiver		INFO	Starting Receiver Thread execution loop
21-02-2016 11:12:00	Receiver		INFO	Starting Receiver Thread execution loop
21-02-2016 11:12:00	ControllerThread		INFO	Starting Controller Thread execution loop
21-02-2016 11:12:00	Receiver		INFO	Starting Receiver Thread execution loop
21-02-2016 11:12:00	ControllerThread		INFO	Starting Controller Thread execution loop
21-02-2016 11:12:00	Transmitter		INFO	Starting Receiver Thread execution loop
21-02-2016 11:12:00	Transmitter		INFO	running
21-02-2016 11:12:00	Transmitter		INFO	running
21-02-2016 11:12:01	Transmitter		INFO	running
21-02-2016 11:12:01	Transmitter		INFO	running
21-02-2016 11:12:01	Transmitter		INFO	running
21-02-2016 11:12:01	Transmitter		INFO	running
21-02-2016 11:12:01	Transmitter		INFO	running
21-02-2016 11:12:01	Transmitter		INFO	running
21-02-2016 11:12:01	Transmitter		INFO	running
21-02-2016 11:12:01	Transmitter		INFO	running
21-02-2016 11:12:01	Transmitter		INFO	running
21-02-2016 11:12:01	Transmitter		INFO	running
21-02-2016 11:12:01	Transmitter		INFO	running
21-02-2016 11:12:01	Transmitter		INFO	running
21-02-2016 11:12:01	Transmitter		INFO	running
21-02-2016 11:12:01	Transmitter		INFO	running
21-02-2016 11:12:01	Transmitter		INFO	running
21-02-2016 11:12:01	Transmitter		INFO	running
21-02-2016 11:12:01	Transmitter		INFO	running
21-02-2016 11:12:01	Transmitter		INFO	running
21-02-2016 11:12:01	Transmitter		INFO	running
21-02-2016 11:12:01	Transmitter		INFO	running
21-02-2016 11:12:01	Transmitter		INFO	running
21-02-2016 11:12:01	Transmitter		INFO	running
21-02-2016 11:12:01	Transmitter		INFO	running
21-02-2016 11:12:01	Transmitter		INFO	running
21-02-2016 11:12:01	Transmitter		INFO	running
21-02-2016 11:12:01	Transmitter		INFO	running
21-02-2016 11:12:01	Transmitter		INFO	running
21-02-2016 11:12:01	Transmitter		INFO	running
21-02-2016 11:12:01	Transmitter		INFO	running
21-02-2016 11:12:01	Transmitter		INFO	running
21-02-2016 11:12:01	Transmitter		INFO	running
21-02-2016 11:12:01	Transmitter		INFO	running
21-02-2016 11:12:01	Transmitter		INFO	running
21-02-2016 11:12:01	Transmitter		INFO	running
21-02-2016 11:12:01	Transmitter		INFO	running
21-02-2016 11:12:01	Main		TRACE	running controller
21-02-2016 11:12:01	Transmitter		INFO	running
21-02-2016 11:12:01	DataProcessor		INFO	polling
21-02-2016 11:12:01	Transmitter		INFO	running
21-02-2016 11:12:01	Transmitter		INFO	running
21-02-2016 11:12:01	Transmitter		INFO	running
21-02-2016 11:12:01	Transmitter		INFO	running
21-02-2016 11:12:01	Transmitter		INFO	running
21-02-2016 11:12:01	Transmitter		INFO	running
21-02-2016 11:12:01	Transmitter		INFO	running
21-02-2016 11:12:01	Transmitter		INFO	running
21-02-2016 11:12:01	Transmitter		INFO	running
21-02-2016 11:12:01	Transmitter		INFO	running
21-02-2016 11:12:01	Transmitter		INFO	running
21-02-2016 11:12:01	Transmitter		INFO	running
21-02-2016 11:12:01	Transmitter		INFO	running
21-02-2016 11:12:01	Transmitter		INFO	running
21-02-2016 11:12:01	Transmitter		INFO	running
21-02-2016 11:12:01	Transmitter		INFO	running
21-02-2016 11:12:01	Transmitter		INFO	running
21-02-2016 11:12:01	Transmitter		INFO	running
21-02-2016 11:12:01	Transmitter		INFO	running
21-02-2016 11:12:01	Transmitter		INFO	running
21-02-2016 11:12:01	Transmitter		INFO	running
21-02-2016 11:12:01	Transmitter		INFO	running
21-02-2016 11:12:01	Transmitter		INFO	running
21-02-2016 11:12:01	Transmitter		INFO	running
21-02-2016 11:12:01	Transmitter		INFO	running
21-02-2016 11:12:01	Transmitter		INFO	running
21-02-2016 11:12:01	Transmitter		INFO	running
21-02-2016 11:12:01	Transmitter		INFO	running
21-02-2016 11:12:01	Transmitter		INFO	running
21-02-2016 11:12:01	Transmitter		INFO	running
21-02-2016 11:12:01	Transmitter		INFO	running
21-02-2016 11:12:01	Transmitter		INFO	running
21-02-2016 11:12:01	Transmitter		INFO	running
21-02-2016 11:12:01	Transmitter		INFO	running
21-02-2016 11:12:01	Transmitter		INFO	running
21-02-2016 11:12:01	Transmitter		INFO	running
21-02-2016 11:12:01	Transmitter		INFO	running
21-02-2016 11:12:01	Transmitter		INFO	running
21-02-2016 11:12:01	Transmitter		INFO	running
21-02-2016 11:12:01	Transmitter		INFO	running
21-02-2016 11:12:01	Transmitter		INFO	running
21-02-2016 11:12:01	Transmitter		INFO	running
21-02-2016 11:12:01	Transmitter		INFO	running
21-02-2016 11:12:01	Transmitter		INFO	running
21-02-2016 11:12:01	Transmitter		INFO	running
21-02-2016 11:12:01	Transmitter		INFO	running
21-02-2016 11:12:01	Transmitter		INFO	running
21-02-2016 11:12:01	Transmitter		INFO	running
21-02-2016 11:12:01	Transmitter		INFO	running
21-02-2016 11:12:01	Transmitter		INFO	running
21-02-2016 11:12:01	Transmitter		INFO	running
21-02-2016 11:12:01	Transmitter		INFO	running
21-02-2016 11:12:01	Transmitter		INFO	running
21-02-2016 11:12:01	Transmitter		INFO	running
21-02-2016 11:12:01	Transmitter		INFO	running
21-02-2016 11:12:01	Transmitter		INFO	running
21-02-2016 11:12:01	Transmitter		INFO	running
21-02-2016 11:12:01	Transmitter		INFO	running
21-02-2016 11:12:01	Transmitter		INFO	running
21-02-2016 11:12:01	Transmitter		INFO	running
21-02-2016 11:12:01	Transmitter		INFO	running
21-02-2016 11:12:01	Transmitter		INFO	running
21-02-2016 11:12:01	Transmitter		INFO	running
21-02-2016 11:12:01	Transmitter		INFO	running
21-02-2016 11:12:01	Transmitter		INFO	running
21-02-2016 11:12:01	Transmitter		INFO	running
21-02-2016 11:12:01	Transmitter		INFO	running
21-02-2016 11:12:01	Transmitter		INFO	running
21-02-2016 11:12:01	Transmitter		INFO	running
21-02-2016 11:12:01	Transmitter		INFO	running
21-02-2016 11:12:01	Transmitter		INFO	running
21-02-2016 11:12:01	Transmitter		INFO	running
21-02-2016 11:12:01	Transmitter		INFO	running
21-02-2016 11:12:01	Transmitter		INFO	running
21-02-2016 11:12:01	Transmitter		INFO	running
21-02-2016 11:12:01	Transmitter		INFO	running
21-02-2016 11:12:01	Transmitter		INFO	running
21-02-2016 11:12:01	Transmitter		INFO	running
21-02-2016 11:12:01	Transmitter		INFO	running
21-02-2016 11:12:01	Transmitter		INFO	running
21-02-2016 11:12:01	Transmitter		INFO	running
21-02-2016 11:12:01	Transmitter		INFO	running
21-02-2016 11:12:01	Transmitter		INFO	running
21-02-2016 11:12:01	Transmitter		INFO	running
21-02-2016 11:12:01	Transmitter		INFO	running
21-02-2016 11:12:01	Transmitter		INFO	running
21-02-2016 11:12:01	Transmitter		INFO	running
21-02-2016 11:12:01	CameraInterface		INFO	Read successful
21-02-2016 11:12:01	Controller		INFO	sending to transmitter
21-02-2016 11:12:01	Transmitter		INFO	running
21-02-2016 11:12:01	Transmitter		INFO	running
21-02-2016 11:12:01	Transmitter		INFO	pushing into buff
21-02-2016 11:12:01	Transmitter		INFO	running
21-02-2016 11:12:01	DataProcessor		INFO	polling
21-02-2016 11:12:01	Transmitter		INFO	getting from buffer
21-02-2016 11:12:02	CameraInterface		INFO	Read successful
21-02-2016 11:12:02	Controller		INFO	sending to transmitter
21-02-2016 11:12:02	Transmitter		INFO	pushing into buff
21-02-2016 11:12:02	DataProcessor		INFO	polling
21-02-2016 11:12:02	CameraInterface		INFO	Read successful
21-02-2016 11:12:02	Controller		INFO	sending to transmitter
21-02-2016 11:12:02	Transmitter		INFO	pushing into buff
21-02-2016 11:12:02	DataProcessor		INFO	polling
21-02-2016 11:12:02	CameraInterface		INFO	Read successful
21-02-2016 11:12:02	Controller		INFO	sending to transmitter
21-02-2016 11:12:02	Transmitter		INFO	pushing into buff
21-02-2016 11:12:02	DataProcessor		INFO	polling
21-02-2016 11:12:02	CameraInterface		INFO	Read successful
21-02-2016 11:12:02	Controller		INFO	sending to transmitter
21-02-2016 11:12:02	Transmitter		INFO	pushing into buff
21-02-2016 11:12:02	DataProcessor		INFO	polling
21-02-2016 11:12:03	CameraInterface		INFO	Read successful
21-02-2016 11:12:03	Controller		INFO	sending to transmitter
21-02-2016 11:12:03	Transmitter		INFO	pushing into buff
21-02-2016 11:12:03	DataProcessor		INFO	polling
21-02-2016 11:12:03	CameraInterface		INFO	Read successful
21-02-2016 11:12:03	Controller		INFO	sending to transmitter
21-02-2016 11:12:03	Transmitter		INFO	pushing into buff
21-02-2016 11:12:03	DataProcessor		INFO	polling
21-02-2016 11:12:03	CameraInterface		INFO	Read successful
21-02-2016 11:12:03	Controller		INFO	sending to transmitter
21-02-2016 11:12:03	Transmitter		INFO	pushing into buff
21-02-2016 11:12:03	DataProcessor		INFO	polling
21-02-2016 11:12:03	CameraInterface		INFO	Read successful
21-02-2016 11:12:03	Controller		INFO	sending to transmitter
21-02-2016 11:12:03	Transmitter		INFO	pushing into buff
21-02-2016 11:12:03	DataProcessor		INFO	polling
21-02-2016 11:12:03	CameraInterface		INFO	Read successful
21-02-2016 11:12:03	Controller		INFO	sending to transmitter
21-02-2016 11:12:03	Transmitter		INFO	pushing into buff
21-02-2016 11:12:04	DataProcessor		INFO	polling
21-02-2016 11:12:04	CameraInterface		INFO	Read successful
21-02-2016 11:12:04	Controller		INFO	sending to transmitter
21-02-2016 11:12:04	Transmitter		INFO	pushing into buff
21-02-2016 11:12:04	DataProcessor		INFO	polling
21-02-2016 11:12:04	CameraInterface		INFO	Read successful
21-02-2016 11:12:04	Controller		INFO	sending to transmitter
21-02-2016 11:12:04	Transmitter		INFO	pushing into buff
21-02-2016 11:12:04	DataProcessor		INFO	polling
21-02-2016 11:12:04	CameraInterface		INFO	Read successful
21-02-2016 11:12:04	Controller		INFO	sending to transmitter
21-02-2016 11:12:04	Transmitter		INFO	pushing into buff
21-02-2016 11:12:04	DataProcessor		INFO	polling
21-02-2016 11:12:04	CameraInterface		INFO	Read successful
21-02-2016 11:12:04	Controller		INFO	sending to transmitter
21-02-2016 11:12:04	Transmitter		INFO	pushing into buff
21-02-2016 11:12:04	DataProcessor		INFO	polling
21-02-2016 11:12:05	CameraInterface		INFO	Read successful
21-02-2016 11:12:05	Controller		INFO	sending to transmitter
21-02-2016 11:12:05	Transmitter		INFO	pushing into buff
21-02-2016 11:12:05	DataProcessor		INFO	polling
21-02-2016 11:12:05	CameraInterface		INFO	Read successful
21-02-2016 11:12:05	Controller		INFO	sending to transmitter
21-02-2016 11:12:05	Transmitter		INFO	pushing into buff
21-02-2016 11:12:05	DataProcessor		INFO	polling
21-02-2016 11:12:05	CameraInterface		INFO	Read successful
21-02-2016 11:12:05	Controller		INFO	sending to transmitter
21-02-2016 11:12:05	Transmitter		INFO	pushing into buff
21-02-2016 11:12:05	DataProcessor		INFO	polling
21-02-2016 11:12:05	CameraInterface		INFO	Read successful
21-02-2016 11:12:05	Controller		INFO	sending to transmitter
21-02-2016 11:12:05	Transmitter		INFO	pushing into buff
21-02-2016 11:12:05	DataProcessor		INFO	polling
21-02-2016 11:12:05	CameraInterface		INFO	Read successful
21-02-2016 11:12:05	Controller		INFO	sending to transmitter
21-02-2016 11:12:05	Transmitter		INFO	pushing into buff
21-02-2016 11:12:05	DataProcessor		INFO	polling
21-02-2016 11:12:06	CameraInterface		INFO	Read successful
21-02-2016 11:12:06	Controller		INFO	sending to transmitter
21-02-2016 11:12:06	Transmitter		INFO	pushing into buff
21-02-2016 11:12:06	DataProcessor		INFO	polling
21-02-2016 11:12:06	CameraInterface		INFO	Read successful
21-02-2016 11:12:06	Controller		INFO	sending to transmitter
21-02-2016 11:12:06	Transmitter		INFO	pushing into buff
21-02-2016 11:12:06	DataProcessor		INFO	polling
21-02-2016 11:12:06	CameraInterface		INFO	Read successful
21-02-2016 11:12:06	Controller		INFO	sending to transmitter
21-02-2016 11:12:06	Transmitter		INFO	pushing into buff
21-02-2016 11:12:06	DataProcessor		INFO	polling
21-02-2016 11:12:06	CameraInterface		INFO	Read successful
21-02-2016 11:12:06	Controller		INFO	sending to transmitter
21-02-2016 11:12:06	Transmitter		INFO	pushing into buff
21-02-2016 11:12:06	DataProcessor		INFO	polling
21-02-2016 11:12:06	CameraInterface		INFO	Read successful
21-02-2016 11:12:06	Controller		INFO	sending to transmitter
21-02-2016 11:12:06	Transmitter		INFO	pushing into buff
21-02-2016 11:12:06	DataProcessor		INFO	polling
21-02-2016 11:12:06	Transmitter		INFO	sending string: 6645
21-02-2016 11:12:06	Transmitter		INFO	running
21-02-2016 11:12:06	Transmitter		INFO	getting from buffer
21-02-2016 11:12:07	CameraInterface		INFO	Read successful
21-02-2016 11:12:07	Controller		INFO	sending to transmitter
21-02-2016 11:12:07	Transmitter		INFO	pushing into buff
21-02-2016 11:12:07	DataProcessor		INFO	polling
21-02-2016 11:12:07	CameraInterface		INFO	Read successful
21-02-2016 11:12:07	Controller		INFO	sending to transmitter
21-02-2016 11:12:07	Transmitter		INFO	pushing into buff
21-02-2016 11:12:07	DataProcessor		INFO	polling
21-02-2016 11:12:07	CameraInterface		INFO	Read successful
21-02-2016 11:12:07	Controller		INFO	sending to transmitter
21-02-2016 11:12:07	Transmitter		INFO	pushing into buff
21-02-2016 11:12:07	DataProcessor		INFO	polling
21-02-2016 11:12:07	CameraInterface		INFO	Read successful
21-02-2016 11:12:07	Controller		INFO	sending to transmitter
21-02-2016 11:12:07	Transmitter		INFO	pushing into buff
21-02-2016 11:12:07	DataProcessor		INFO	polling
21-02-2016 11:12:07	CameraInterface		INFO	Read successful
21-02-2016 11:12:08	Controller		INFO	sending to transmitter
21-02-2016 11:12:08	Transmitter		INFO	pushing into buff
21-02-2016 11:12:08	DataProcessor		INFO	polling
21-02-2016 11:12:08	CameraInterface		INFO	Read successful
21-02-2016 11:12:08	Controller		INFO	sending to transmitter
21-02-2016 11:12:08	Transmitter		INFO	pushing into buff
21-02-2016 11:12:08	DataProcessor		INFO	polling
21-02-2016 11:12:08	CameraInterface		INFO	Read successful
21-02-2016 11:12:08	Controller		INFO	sending to transmitter
21-02-2016 11:12:08	Transmitter		INFO	pushing into buff
21-02-2016 11:12:08	DataProcessor		INFO	polling
21-02-2016 11:12:08	CameraInterface		INFO	Read successful
21-02-2016 11:12:08	Controller		INFO	sending to transmitter
21-02-2016 11:12:08	Transmitter		INFO	pushing into buff
21-02-2016 11:12:08	DataProcessor		INFO	polling
21-02-2016 11:12:08	CameraInterface		INFO	Read successful
21-02-2016 11:12:08	Controller		INFO	sending to transmitter
21-02-2016 11:12:09	Transmitter		INFO	pushing into buff
21-02-2016 11:12:09	DataProcessor		INFO	polling
21-02-2016 11:12:09	CameraInterface		INFO	Read successful
21-02-2016 11:12:09	Controller		INFO	sending to transmitter
21-02-2016 11:12:09	Transmitter		INFO	pushing into buff
21-02-2016 11:12:09	DataProcessor		INFO	polling
21-02-2016 11:12:09	CameraInterface		INFO	Read successful
21-02-2016 11:12:09	Controller		INFO	sending to transmitter
21-02-2016 11:12:09	Transmitter		INFO	pushing into buff
21-02-2016 11:12:09	DataProcessor		INFO	polling
21-02-2016 11:12:09	CameraInterface		INFO	Read successful
21-02-2016 11:12:09	Controller		INFO	sending to transmitter
21-02-2016 11:12:09	Transmitter		INFO	pushing into buff
21-02-2016 11:12:09	DataProcessor		INFO	polling
21-02-2016 11:12:09	CameraInterface		INFO	Read successful
21-02-2016 11:12:09	Controller		INFO	sending to transmitter
21-02-2016 11:12:09	Transmitter		INFO	pushing into buff
21-02-2016 11:12:09	DataProcessor		INFO	polling
21-02-2016 11:12:10	CameraInterface		INFO	Read successful
21-02-2016 11:12:10	Controller		INFO	sending to transmitter
21-02-2016 11:12:10	Transmitter		INFO	pushing into buff
21-02-2016 11:12:10	DataProcessor		INFO	polling
21-02-2016 11:12:10	CameraInterface		INFO	Read successful
21-02-2016 11:12:10	Controller		INFO	sending to transmitter
21-02-2016 11:12:10	Transmitter		INFO	pushing into buff
21-02-2016 11:12:10	DataProcessor		INFO	polling
21-02-2016 11:12:10	CameraInterface		INFO	Read successful
21-02-2016 11:12:10	Controller		INFO	sending to transmitter
21-02-2016 11:12:10	Transmitter		INFO	pushing into buff
21-02-2016 11:12:10	DataProcessor		INFO	polling
21-02-2016 11:12:10	CameraInterface		INFO	Read successful
21-02-2016 11:12:10	Controller		INFO	sending to transmitter
21-02-2016 11:12:10	Transmitter		INFO	pushing into buff
21-02-2016 11:12:10	DataProcessor		INFO	polling
21-02-2016 11:12:10	CameraInterface		INFO	Read successful
21-02-2016 11:12:10	Controller		INFO	sending to transmitter
21-02-2016 11:12:10	Transmitter		INFO	pushing into buff
21-02-2016 11:12:10	DataProcessor		INFO	polling
21-02-2016 11:12:11	CameraInterface		INFO	Read successful
21-02-2016 11:12:11	Controller		INFO	sending to transmitter
21-02-2016 11:12:11	Transmitter		INFO	pushing into buff
21-02-2016 11:12:11	DataProcessor		INFO	polling
21-02-2016 11:12:11	CameraInterface		INFO	Read successful
21-02-2016 11:12:11	Controller		INFO	sending to transmitter
21-02-2016 11:12:11	Transmitter		INFO	pushing into buff
21-02-2016 11:12:11	DataProcessor		INFO	polling
21-02-2016 11:12:11	CameraInterface		INFO	Read successful
21-02-2016 11:12:11	Controller		INFO	sending to transmitter
21-02-2016 11:12:11	Transmitter		INFO	pushing into buff
21-02-2016 11:12:11	DataProcessor		INFO	polling
21-02-2016 11:12:11	CameraInterface		INFO	Read successful
21-02-2016 11:12:11	Controller		INFO	sending to transmitter
21-02-2016 11:12:11	Transmitter		INFO	pushing into buff
21-02-2016 11:12:11	DataProcessor		INFO	polling
21-02-2016 11:12:12	CameraInterface		INFO	Read successful
21-02-2016 11:12:12	Controller		INFO	sending to transmitter
21-02-2016 11:12:12	Transmitter		INFO	pushing into buff
21-02-2016 11:12:12	DataProcessor		INFO	polling
21-02-2016 11:12:12	CameraInterface		INFO	Read successful
21-02-2016 11:12:12	Controller		INFO	sending to transmitter
21-02-2016 11:12:12	Transmitter		INFO	pushing into buff
21-02-2016 11:12:12	DataProcessor		INFO	polling
21-02-2016 11:12:12	CameraInterface		INFO	Read successful
21-02-2016 11:12:12	Controller		INFO	sending to transmitter
21-02-2016 11:12:12	Transmitter		INFO	pushing into buff
21-02-2016 11:12:12	DataProcessor		INFO	polling
21-02-2016 11:12:12	CameraInterface		INFO	Read successful
21-02-2016 11:12:12	Controller		INFO	sending to transmitter
21-02-2016 11:12:12	Transmitter		INFO	pushing into buff
21-02-2016 11:12:12	DataProcessor		INFO	polling
21-02-2016 11:12:13	CameraInterface		INFO	Read successful
21-02-2016 11:12:13	Controller		INFO	sending to transmitter
21-02-2016 11:12:13	Transmitter		INFO	pushing into buff
21-02-2016 11:12:13	DataProcessor		INFO	polling
21-02-2016 11:12:13	CameraInterface		INFO	Read successful
21-02-2016 11:12:13	Controller		INFO	sending to transmitter
21-02-2016 11:12:13	Transmitter		INFO	pushing into buff
21-02-2016 11:12:13	DataProcessor		INFO	polling
21-02-2016 11:12:13	CameraInterface		INFO	Read successful
21-02-2016 11:12:13	Controller		INFO	sending to transmitter
21-02-2016 11:12:13	Transmitter		INFO	pushing into buff
21-02-2016 11:12:13	DataProcessor		INFO	polling
21-02-2016 11:12:13	CameraInterface		INFO	Read successful
21-02-2016 11:12:13	Controller		INFO	sending to transmitter
21-02-2016 11:12:13	Transmitter		INFO	pushing into buff
21-02-2016 11:12:13	DataProcessor		INFO	polling
21-02-2016 11:12:13	CameraInterface		INFO	Read successful
21-02-2016 11:12:13	Controller		INFO	sending to transmitter
21-02-2016 11:12:13	Transmitter		INFO	pushing into buff
21-02-2016 11:12:13	DataProcessor		INFO	polling
21-02-2016 11:12:14	CameraInterface		INFO	Read successful
21-02-2016 11:12:14	Controller		INFO	sending to transmitter
21-02-2016 11:12:14	Transmitter		INFO	pushing into buff
21-02-2016 11:12:14	DataProcessor		INFO	polling
21-02-2016 11:12:14	CameraInterface		INFO	Read successful
21-02-2016 11:12:14	Controller		INFO	sending to transmitter
21-02-2016 11:12:14	Transmitter		INFO	pushing into buff
21-02-2016 11:12:14	DataProcessor		INFO	polling
21-02-2016 11:12:14	CameraInterface		INFO	Read successful
21-02-2016 11:12:14	Controller		INFO	sending to transmitter
21-02-2016 11:12:14	Transmitter		INFO	pushing into buff
21-02-2016 11:12:14	DataProcessor		INFO	polling
21-02-2016 11:12:14	CameraInterface		INFO	Read successful
21-02-2016 11:12:14	Controller		INFO	sending to transmitter
21-02-2016 11:12:14	Transmitter		INFO	pushing into buff
21-02-2016 11:12:14	DataProcessor		INFO	polling
21-02-2016 11:12:14	CameraInterface		INFO	Read successful
21-02-2016 11:12:14	Controller		INFO	sending to transmitter
21-02-2016 11:12:14	Transmitter		INFO	pushing into buff
21-02-2016 11:12:14	DataProcessor		INFO	polling
21-02-2016 11:12:15	Transmitter		INFO	sending string: 1217042
21-02-2016 11:12:15	CameraInterface		INFO	Read successful
21-02-2016 11:12:15	Controller		INFO	sending to transmitter
21-02-2016 11:12:15	Transmitter		INFO	pushing into buff
21-02-2016 11:12:15	DataProcessor		INFO	polling
21-02-2016 11:12:15	CameraInterface		INFO	Read successful
21-02-2016 11:12:15	Controller		INFO	sending to transmitter
21-02-2016 11:12:15	Transmitter		INFO	pushing into buff
21-02-2016 11:12:15	DataProcessor		INFO	polling
21-02-2016 11:12:15	CameraInterface		INFO	Read successful
21-02-2016 11:12:15	Controller		INFO	sending to transmitter
21-02-2016 11:12:15	Transmitter		INFO	pushing into buff
21-02-2016 11:12:15	DataProcessor		INFO	polling
21-02-2016 11:12:16	CameraInterface		INFO	Read successful
21-02-2016 11:12:16	Controller		INFO	sending to transmitter
21-02-2016 11:12:16	Transmitter		INFO	pushing into buff
21-02-2016 11:12:16	DataProcessor		INFO	polling
21-02-2016 11:12:16	CameraInterface		INFO	Read successful
21-02-2016 11:12:16	Controller		INFO	sending to transmitter
21-02-2016 11:12:16	Transmitter		INFO	pushing into buff
21-02-2016 11:12:16	DataProcessor		INFO	polling
21-02-2016 11:12:16	CameraInterface		INFO	Read successful
21-02-2016 11:12:16	Controller		INFO	sending to transmitter
21-02-2016 11:12:16	Transmitter		INFO	pushing into buff
21-02-2016 11:12:16	DataProcessor		INFO	polling
21-02-2016 11:12:16	CameraInterface		INFO	Read successful
21-02-2016 11:12:16	Controller		INFO	sending to transmitter
21-02-2016 11:12:16	Transmitter		INFO	pushing into buff
21-02-2016 11:12:16	DataProcessor		INFO	polling
21-02-2016 11:12:16	CameraInterface		INFO	Read successful
21-02-2016 11:12:16	Controller		INFO	sending to transmitter
21-02-2016 11:12:16	Transmitter		INFO	pushing into buff
21-02-2016 11:12:16	DataProcessor		INFO	polling
21-02-2016 11:12:17	CameraInterface		INFO	Read successful
21-02-2016 11:12:17	Controller		INFO	sending to transmitter
21-02-2016 11:12:17	Transmitter		INFO	pushing into buff
21-02-2016 11:12:17	DataProcessor		INFO	polling
21-02-2016 11:12:17	CameraInterface		INFO	Read successful
21-02-2016 11:12:17	Controller		INFO	sending to transmitter
21-02-2016 11:12:17	Transmitter		INFO	pushing into buff
21-02-2016 11:12:17	DataProcessor		INFO	polling
21-02-2016 11:12:17	CameraInterface		INFO	Read successful
21-02-2016 11:12:17	Controller		INFO	sending to transmitter
21-02-2016 11:12:17	Transmitter		INFO	pushing into buff
21-02-2016 11:12:17	DataProcessor		INFO	polling
21-02-2016 11:12:17	CameraInterface		INFO	Read successful
21-02-2016 11:12:17	Controller		INFO	sending to transmitter
21-02-2016 11:12:17	Transmitter		INFO	pushing into buff
21-02-2016 11:12:17	DataProcessor		INFO	polling
21-02-2016 11:12:17	CameraInterface		INFO	Read successful
21-02-2016 11:12:17	Controller		INFO	sending to transmitter
21-02-2016 11:12:17	Transmitter		INFO	pushing into buff
21-02-2016 11:12:17	DataProcessor		INFO	polling
21-02-2016 11:12:18	CameraInterface		INFO	Read successful
21-02-2016 11:12:18	Controller		INFO	sending to transmitter
21-02-2016 11:12:18	Transmitter		INFO	pushing into buff
21-02-2016 11:12:18	DataProcessor		INFO	polling
21-02-2016 11:12:18	CameraInterface		INFO	Read successful
21-02-2016 11:12:18	Controller		INFO	sending to transmitter
21-02-2016 11:12:18	Transmitter		INFO	pushing into buff
21-02-2016 11:12:18	DataProcessor		INFO	polling
21-02-2016 11:12:18	CameraInterface		INFO	Read successful
21-02-2016 11:12:18	Controller		INFO	sending to transmitter
21-02-2016 11:12:18	Transmitter		INFO	pushing into buff
21-02-2016 11:12:18	DataProcessor		INFO	polling
21-02-2016 11:12:18	CameraInterface		INFO	Read successful
21-02-2016 11:12:18	Controller		INFO	sending to transmitter
21-02-2016 11:12:18	Transmitter		INFO	pushing into buff
21-02-2016 11:12:18	DataProcessor		INFO	polling
21-02-2016 11:12:18	CameraInterface		INFO	Read successful
21-02-2016 11:12:18	Controller		INFO	sending to transmitter
21-02-2016 11:12:18	Transmitter		INFO	pushing into buff
21-02-2016 11:12:18	DataProcessor		INFO	polling
21-02-2016 11:12:18	CameraInterface		INFO	Read successful
21-02-2016 11:12:18	Controller		INFO	sending to transmitter
21-02-2016 11:12:18	Transmitter		INFO	pushing into buff
21-02-2016 11:12:19	DataProcessor		INFO	polling
21-02-2016 11:12:19	CameraInterface		INFO	Read successful
21-02-2016 11:12:19	Controller		INFO	sending to transmitter
21-02-2016 11:12:19	Transmitter		INFO	pushing into buff
21-02-2016 11:12:19	DataProcessor		INFO	polling
21-02-2016 11:12:19	CameraInterface		INFO	Read successful
21-02-2016 11:12:19	Controller		INFO	sending to transmitter
21-02-2016 11:12:19	Transmitter		INFO	pushing into buff
21-02-2016 11:12:19	DataProcessor		INFO	polling
21-02-2016 11:12:19	CameraInterface		INFO	Read successful
21-02-2016 11:12:19	Controller		INFO	sending to transmitter
21-02-2016 11:12:19	Transmitter		INFO	pushing into buff
21-02-2016 11:12:19	DataProcessor		INFO	polling
21-02-2016 11:12:19	CameraInterface		INFO	Read successful
21-02-2016 11:12:19	Controller		INFO	sending to transmitter
21-02-2016 11:12:19	Transmitter		INFO	pushing into buff
21-02-2016 11:12:19	DataProcessor		INFO	polling
21-02-2016 11:12:20	CameraInterface		INFO	Read successful
21-02-2016 11:12:20	Controller		INFO	sending to transmitter
21-02-2016 11:12:20	Transmitter		INFO	pushing into buff
21-02-2016 11:12:20	DataProcessor		INFO	polling
