21-02-2016 11:00:03	Main		TRACE	Logger initialized.
21-02-2016 11:00:03	PropertyReader		TRACE	Opening file: settings/settings.txt
21-02-2016 11:00:03	PropertyReader		INFO	File opened: settings/settings.txt
21-02-2016 11:00:03	PropertyReader		INFO	Loading properties file...
21-02-2016 11:00:03	PropertyReader		INFO	Mapped TRACE to LOGGING_LEVEL
21-02-2016 11:00:03	PropertyReader		INFO	Mapped 100 to CAM_BUFFER_SIZE
21-02-2016 11:00:03	PropertyReader		INFO	Mapped 15 to CAM_POLL_FREQUENCY
21-02-2016 11:00:03	PropertyReader		INFO	Mapped 0 to CAM_INDEX
21-02-2016 11:00:03	PropertyReader		DEBUG	Loaded 4 properties successfully
21-02-2016 11:00:03	Controller		INFO	Constructor controller
21-02-2016 11:00:03	Transmitter		INFO	socket retrieve success
21-02-2016 11:00:03	Transmitter		INFO	binding done
21-02-2016 11:00:03	Transmitter		INFO	done listening
21-02-2016 11:00:05	Transmitter		INFO	accepting
21-02-2016 11:00:05	Main		TRACE	intializing controller
21-02-2016 11:00:05	Controller		INFO	Initializing Controller
21-02-2016 11:00:05	Main		TRACE	initializing dataprocessor
21-02-2016 11:00:05	CameraInterface		INFO	Initializing camera
21-02-2016 11:00:05	CameraInterface		INFO	Opening video capture stream at position 0
21-02-2016 11:00:05	Transmitter		INFO	Starting Receiver Thread execution loop
21-02-2016 11:00:05	Transmitter		INFO	Starting Receiver Thread execution loop
21-02-2016 11:00:05	ControllerThread		INFO	Starting Controller Thread execution loop
21-02-2016 11:00:05	Receiver		INFO	Starting Receiver Thread execution loop
21-02-2016 11:00:05	Transmitter		INFO	running
21-02-2016 11:00:05	Transmitter		INFO	running
21-02-2016 11:00:05	Transmitter		INFO	running
21-02-2016 11:00:05	Transmitter		INFO	running
21-02-2016 11:00:05	Transmitter		INFO	running
21-02-2016 11:00:05	Transmitter		INFO	running
21-02-2016 11:00:05	Transmitter		INFO	running
21-02-2016 11:00:05	Transmitter		INFO	running
21-02-2016 11:00:05	Transmitter		INFO	running
21-02-2016 11:00:05	Transmitter		INFO	running
21-02-2016 11:00:05	Transmitter		INFO	running
21-02-2016 11:00:05	Transmitter		INFO	running
21-02-2016 11:00:05	Transmitter		INFO	running
21-02-2016 11:00:05	Transmitter		INFO	running
21-02-2016 11:00:05	Transmitter		INFO	running
21-02-2016 11:00:05	Transmitter		INFO	running
21-02-2016 11:00:05	Transmitter		INFO	running
21-02-2016 11:00:05	Transmitter		INFO	running
21-02-2016 11:00:05	Transmitter		INFO	running
21-02-2016 11:00:05	Transmitter		INFO	running
21-02-2016 11:00:05	Transmitter		INFO	running
21-02-2016 11:00:05	Transmitter		INFO	running
21-02-2016 11:00:05	Transmitter		INFO	running
21-02-2016 11:00:05	Transmitter		INFO	running
21-02-2016 11:00:05	Transmitter		INFO	running
21-02-2016 11:00:05	Transmitter		INFO	running
21-02-2016 11:00:05	Transmitter		INFO	running
21-02-2016 11:00:05	Transmitter		INFO	running
21-02-2016 11:00:05	Transmitter		INFO	running
21-02-2016 11:00:05	Transmitter		INFO	running
21-02-2016 11:00:05	Transmitter		INFO	running
21-02-2016 11:00:05	Transmitter		INFO	running
21-02-2016 11:00:05	Transmitter		INFO	running
21-02-2016 11:00:05	Transmitter		INFO	running
21-02-2016 11:00:05	Main		TRACE	running controller
21-02-2016 11:00:05	DataProcessor		INFO	polling
21-02-2016 11:00:05	Transmitter		INFO	running
21-02-2016 11:00:05	Transmitter		INFO	running
21-02-2016 11:00:05	Transmitter		INFO	running
21-02-2016 11:00:05	Transmitter		INFO	running
21-02-2016 11:00:05	Transmitter		INFO	running
21-02-2016 11:00:05	Transmitter		INFO	running
21-02-2016 11:00:05	Transmitter		INFO	running
21-02-2016 11:00:05	Transmitter		INFO	running
21-02-2016 11:00:05	Transmitter		INFO	running
21-02-2016 11:00:05	Transmitter		INFO	running
21-02-2016 11:00:05	Transmitter		INFO	running
21-02-2016 11:00:05	Transmitter		INFO	running
21-02-2016 11:00:05	Transmitter		INFO	running
21-02-2016 11:00:05	Transmitter		INFO	running
21-02-2016 11:00:05	Transmitter		INFO	running
21-02-2016 11:00:05	Transmitter		INFO	running
21-02-2016 11:00:05	Transmitter		INFO	running
21-02-2016 11:00:05	Transmitter		INFO	running
21-02-2016 11:00:05	Transmitter		INFO	running
21-02-2016 11:00:05	Transmitter		INFO	running
21-02-2016 11:00:05	Transmitter		INFO	running
21-02-2016 11:00:05	Transmitter		INFO	running
21-02-2016 11:00:05	Transmitter		INFO	running
21-02-2016 11:00:05	Transmitter		INFO	running
21-02-2016 11:00:05	Transmitter		INFO	running
21-02-2016 11:00:05	Transmitter		INFO	running
21-02-2016 11:00:05	Transmitter		INFO	running
21-02-2016 11:00:05	Transmitter		INFO	running
21-02-2016 11:00:05	Transmitter		INFO	running
21-02-2016 11:00:05	Transmitter		INFO	running
21-02-2016 11:00:05	Transmitter		INFO	running
21-02-2016 11:00:05	Transmitter		INFO	running
21-02-2016 11:00:05	Transmitter		INFO	running
21-02-2016 11:00:05	Transmitter		INFO	running
21-02-2016 11:00:05	Transmitter		INFO	running
21-02-2016 11:00:05	Transmitter		INFO	running
21-02-2016 11:00:05	Transmitter		INFO	running
21-02-2016 11:00:05	Transmitter		INFO	running
21-02-2016 11:00:05	Transmitter		INFO	running
21-02-2016 11:00:05	Transmitter		INFO	running
21-02-2016 11:00:05	Transmitter		INFO	running
21-02-2016 11:00:05	Transmitter		INFO	running
21-02-2016 11:00:05	Transmitter		INFO	running
21-02-2016 11:00:05	Transmitter		INFO	running
21-02-2016 11:00:05	Transmitter		INFO	running
21-02-2016 11:00:05	Transmitter		INFO	running
21-02-2016 11:00:05	Transmitter		INFO	running
21-02-2016 11:00:05	Transmitter		INFO	running
21-02-2016 11:00:05	Transmitter		INFO	running
21-02-2016 11:00:05	Transmitter		INFO	running
21-02-2016 11:00:05	Transmitter		INFO	running
21-02-2016 11:00:05	Transmitter		INFO	running
21-02-2016 11:00:06	Transmitter		INFO	running
21-02-2016 11:00:06	Transmitter		INFO	running
21-02-2016 11:00:06	Transmitter		INFO	running
21-02-2016 11:00:06	Transmitter		INFO	running
21-02-2016 11:00:06	Transmitter		INFO	running
21-02-2016 11:00:06	Transmitter		INFO	running
21-02-2016 11:00:06	Transmitter		INFO	running
21-02-2016 11:00:06	Transmitter		INFO	running
21-02-2016 11:00:06	Transmitter		INFO	running
21-02-2016 11:00:06	Transmitter		INFO	running
21-02-2016 11:00:06	Transmitter		INFO	running
21-02-2016 11:00:06	Transmitter		INFO	running
21-02-2016 11:00:06	Transmitter		INFO	running
21-02-2016 11:00:06	Transmitter		INFO	running
21-02-2016 11:00:06	Transmitter		INFO	running
21-02-2016 11:00:06	Transmitter		INFO	running
21-02-2016 11:00:06	Transmitter		INFO	running
21-02-2016 11:00:06	Transmitter		INFO	running
21-02-2016 11:00:06	Transmitter		INFO	running
21-02-2016 11:00:06	Transmitter		INFO	running
21-02-2016 11:00:06	Transmitter		INFO	running
21-02-2016 11:00:06	Transmitter		INFO	running
21-02-2016 11:00:06	Transmitter		INFO	running
21-02-2016 11:00:06	Transmitter		INFO	running
21-02-2016 11:00:06	Transmitter		INFO	running
21-02-2016 11:00:06	Transmitter		INFO	running
21-02-2016 11:00:06	Transmitter		INFO	running
21-02-2016 11:00:06	Transmitter		INFO	running
21-02-2016 11:00:06	Transmitter		INFO	running
21-02-2016 11:00:06	Transmitter		INFO	running
21-02-2016 11:00:06	Transmitter		INFO	running
21-02-2016 11:00:06	Transmitter		INFO	running
21-02-2016 11:00:06	Transmitter		INFO	running
21-02-2016 11:00:06	Transmitter		INFO	running
21-02-2016 11:00:06	Transmitter		INFO	running
21-02-2016 11:00:06	Transmitter		INFO	running
21-02-2016 11:00:06	Transmitter		INFO	running
21-02-2016 11:00:06	CameraInterface		INFO	Read successful
21-02-2016 11:00:06	Transmitter		INFO	running
21-02-2016 11:00:06	Controller		INFO	sending to transmitter
21-02-2016 11:00:06	Transmitter		INFO	pushing into buff
21-02-2016 11:00:06	DataProcessor		INFO	polling
21-02-2016 11:00:06	Transmitter		INFO	running
21-02-2016 11:00:06	Transmitter		INFO	getting from buffer
21-02-2016 11:00:06	CameraInterface		INFO	Read successful
21-02-2016 11:00:06	Controller		INFO	sending to transmitter
21-02-2016 11:00:06	Transmitter		INFO	pushing into buff
21-02-2016 11:00:06	DataProcessor		INFO	polling
21-02-2016 11:00:06	CameraInterface		INFO	Read successful
21-02-2016 11:00:06	Controller		INFO	sending to transmitter
21-02-2016 11:00:06	Transmitter		INFO	pushing into buff
21-02-2016 11:00:06	DataProcessor		INFO	polling
21-02-2016 11:00:07	CameraInterface		INFO	Read successful
21-02-2016 11:00:07	Controller		INFO	sending to transmitter
21-02-2016 11:00:07	Transmitter		INFO	pushing into buff
21-02-2016 11:00:07	DataProcessor		INFO	polling
21-02-2016 11:00:07	CameraInterface		INFO	Read successful
21-02-2016 11:00:07	Controller		INFO	sending to transmitter
21-02-2016 11:00:07	Transmitter		INFO	pushing into buff
21-02-2016 11:00:07	DataProcessor		INFO	polling
21-02-2016 11:00:07	CameraInterface		INFO	Read successful
21-02-2016 11:00:07	Controller		INFO	sending to transmitter
21-02-2016 11:00:07	Transmitter		INFO	pushing into buff
21-02-2016 11:00:07	DataProcessor		INFO	polling
21-02-2016 11:00:07	CameraInterface		INFO	Read successful
21-02-2016 11:00:07	Controller		INFO	sending to transmitter
21-02-2016 11:00:07	Transmitter		INFO	pushing into buff
21-02-2016 11:00:07	DataProcessor		INFO	polling
21-02-2016 11:00:07	CameraInterface		INFO	Read successful
21-02-2016 11:00:08	Controller		INFO	sending to transmitter
21-02-2016 11:00:08	Transmitter		INFO	pushing into buff
21-02-2016 11:00:08	DataProcessor		INFO	polling
21-02-2016 11:00:08	CameraInterface		INFO	Read successful
21-02-2016 11:00:08	Controller		INFO	sending to transmitter
21-02-2016 11:00:08	Transmitter		INFO	pushing into buff
21-02-2016 11:00:08	DataProcessor		INFO	polling
21-02-2016 11:00:08	CameraInterface		INFO	Read successful
21-02-2016 11:00:08	Controller		INFO	sending to transmitter
21-02-2016 11:00:08	Transmitter		INFO	pushing into buff
21-02-2016 11:00:08	DataProcessor		INFO	polling
21-02-2016 11:00:08	CameraInterface		INFO	Read successful
21-02-2016 11:00:08	Controller		INFO	sending to transmitter
21-02-2016 11:00:08	Transmitter		INFO	pushing into buff
21-02-2016 11:00:08	DataProcessor		INFO	polling
21-02-2016 11:00:08	CameraInterface		INFO	Read successful
21-02-2016 11:00:08	Controller		INFO	sending to transmitter
21-02-2016 11:00:08	Transmitter		INFO	pushing into buff
21-02-2016 11:00:08	DataProcessor		INFO	polling
21-02-2016 11:00:09	CameraInterface		INFO	Read successful
21-02-2016 11:00:09	Controller		INFO	sending to transmitter
21-02-2016 11:00:09	Transmitter		INFO	pushing into buff
21-02-2016 11:00:09	DataProcessor		INFO	polling
21-02-2016 11:00:09	CameraInterface		INFO	Read successful
21-02-2016 11:00:09	Controller		INFO	sending to transmitter
21-02-2016 11:00:09	Transmitter		INFO	pushing into buff
21-02-2016 11:00:09	DataProcessor		INFO	polling
21-02-2016 11:00:09	CameraInterface		INFO	Read successful
21-02-2016 11:00:09	Controller		INFO	sending to transmitter
21-02-2016 11:00:09	Transmitter		INFO	pushing into buff
21-02-2016 11:00:09	DataProcessor		INFO	polling
21-02-2016 11:00:09	CameraInterface		INFO	Read successful
21-02-2016 11:00:09	Controller		INFO	sending to transmitter
21-02-2016 11:00:09	Transmitter		INFO	pushing into buff
21-02-2016 11:00:09	DataProcessor		INFO	polling
21-02-2016 11:00:09	CameraInterface		INFO	Read successful
21-02-2016 11:00:09	Controller		INFO	sending to transmitter
21-02-2016 11:00:09	Transmitter		INFO	pushing into buff
21-02-2016 11:00:10	DataProcessor		INFO	polling
21-02-2016 11:00:10	CameraInterface		INFO	Read successful
21-02-2016 11:00:10	Controller		INFO	sending to transmitter
21-02-2016 11:00:10	Transmitter		INFO	pushing into buff
21-02-2016 11:00:10	DataProcessor		INFO	polling
21-02-2016 11:00:10	CameraInterface		INFO	Read successful
21-02-2016 11:00:10	Controller		INFO	sending to transmitter
21-02-2016 11:00:10	Transmitter		INFO	pushing into buff
21-02-2016 11:00:10	DataProcessor		INFO	polling
21-02-2016 11:00:10	CameraInterface		INFO	Read successful
21-02-2016 11:00:10	Controller		INFO	sending to transmitter
21-02-2016 11:00:10	Transmitter		INFO	pushing into buff
21-02-2016 11:00:10	DataProcessor		INFO	polling
21-02-2016 11:00:10	CameraInterface		INFO	Read successful
21-02-2016 11:00:10	Controller		INFO	sending to transmitter
21-02-2016 11:00:10	Transmitter		INFO	pushing into buff
21-02-2016 11:00:10	DataProcessor		INFO	polling
21-02-2016 11:00:10	Transmitter		INFO	sending string: 158925
21-02-2016 11:00:11	CameraInterface		INFO	Read successful
21-02-2016 11:00:11	Controller		INFO	sending to transmitter
21-02-2016 11:00:11	Transmitter		INFO	pushing into buff
21-02-2016 11:00:11	DataProcessor		INFO	polling
21-02-2016 11:00:11	Transmitter		INFO	running
21-02-2016 11:00:11	Transmitter		INFO	getting from buffer
21-02-2016 11:00:11	CameraInterface		INFO	Read successful
21-02-2016 11:00:11	Controller		INFO	sending to transmitter
21-02-2016 11:00:11	Transmitter		INFO	pushing into buff
21-02-2016 11:00:11	DataProcessor		INFO	polling
21-02-2016 11:00:11	CameraInterface		INFO	Read successful
21-02-2016 11:00:11	Controller		INFO	sending to transmitter
21-02-2016 11:00:11	Transmitter		INFO	pushing into buff
21-02-2016 11:00:11	DataProcessor		INFO	polling
21-02-2016 11:00:11	CameraInterface		INFO	Read successful
21-02-2016 11:00:11	Controller		INFO	sending to transmitter
21-02-2016 11:00:11	Transmitter		INFO	pushing into buff
21-02-2016 11:00:11	DataProcessor		INFO	polling
21-02-2016 11:00:12	CameraInterface		INFO	Read successful
21-02-2016 11:00:12	Controller		INFO	sending to transmitter
21-02-2016 11:00:12	Transmitter		INFO	pushing into buff
21-02-2016 11:00:12	DataProcessor		INFO	polling
21-02-2016 11:00:12	CameraInterface		INFO	Read successful
21-02-2016 11:00:12	Controller		INFO	sending to transmitter
21-02-2016 11:00:12	Transmitter		INFO	pushing into buff
21-02-2016 11:00:12	DataProcessor		INFO	polling
21-02-2016 11:00:12	CameraInterface		INFO	Read successful
21-02-2016 11:00:12	Controller		INFO	sending to transmitter
21-02-2016 11:00:12	Transmitter		INFO	pushing into buff
21-02-2016 11:00:12	DataProcessor		INFO	polling
21-02-2016 11:00:12	CameraInterface		INFO	Read successful
21-02-2016 11:00:12	Controller		INFO	sending to transmitter
21-02-2016 11:00:12	Transmitter		INFO	pushing into buff
21-02-2016 11:00:12	DataProcessor		INFO	polling
21-02-2016 11:00:12	CameraInterface		INFO	Read successful
21-02-2016 11:00:12	Controller		INFO	sending to transmitter
21-02-2016 11:00:12	Transmitter		INFO	pushing into buff
21-02-2016 11:00:12	DataProcessor		INFO	polling
21-02-2016 11:00:13	CameraInterface		INFO	Read successful
21-02-2016 11:00:13	Controller		INFO	sending to transmitter
21-02-2016 11:00:13	Transmitter		INFO	pushing into buff
21-02-2016 11:00:13	DataProcessor		INFO	polling
21-02-2016 11:00:13	CameraInterface		INFO	Read successful
21-02-2016 11:00:13	Controller		INFO	sending to transmitter
21-02-2016 11:00:13	Transmitter		INFO	pushing into buff
21-02-2016 11:00:13	DataProcessor		INFO	polling
21-02-2016 11:00:13	CameraInterface		INFO	Read successful
21-02-2016 11:00:13	Controller		INFO	sending to transmitter
21-02-2016 11:00:13	Transmitter		INFO	pushing into buff
21-02-2016 11:00:13	DataProcessor		INFO	polling
21-02-2016 11:00:13	CameraInterface		INFO	Read successful
21-02-2016 11:00:13	Controller		INFO	sending to transmitter
21-02-2016 11:00:13	Transmitter		INFO	pushing into buff
21-02-2016 11:00:13	DataProcessor		INFO	polling
21-02-2016 11:00:13	CameraInterface		INFO	Read successful
21-02-2016 11:00:13	Controller		INFO	sending to transmitter
21-02-2016 11:00:13	Transmitter		INFO	pushing into buff
21-02-2016 11:00:13	DataProcessor		INFO	polling
21-02-2016 11:00:14	CameraInterface		INFO	Read successful
21-02-2016 11:00:14	Controller		INFO	sending to transmitter
21-02-2016 11:00:14	Transmitter		INFO	pushing into buff
21-02-2016 11:00:14	DataProcessor		INFO	polling
21-02-2016 11:00:14	CameraInterface		INFO	Read successful
21-02-2016 11:00:14	Controller		INFO	sending to transmitter
21-02-2016 11:00:14	Transmitter		INFO	pushing into buff
21-02-2016 11:00:14	DataProcessor		INFO	polling
21-02-2016 11:00:14	CameraInterface		INFO	Read successful
21-02-2016 11:00:14	Controller		INFO	sending to transmitter
21-02-2016 11:00:14	Transmitter		INFO	pushing into buff
21-02-2016 11:00:14	DataProcessor		INFO	polling
21-02-2016 11:00:14	CameraInterface		INFO	Read successful
21-02-2016 11:00:14	Controller		INFO	sending to transmitter
21-02-2016 11:00:14	Transmitter		INFO	pushing into buff
21-02-2016 11:00:14	DataProcessor		INFO	polling
21-02-2016 11:00:14	CameraInterface		INFO	Read successful
21-02-2016 11:00:14	Controller		INFO	sending to transmitter
21-02-2016 11:00:14	Transmitter		INFO	pushing into buff
21-02-2016 11:00:14	DataProcessor		INFO	polling
21-02-2016 11:00:15	CameraInterface		INFO	Read successful
21-02-2016 11:00:15	Controller		INFO	sending to transmitter
21-02-2016 11:00:15	Transmitter		INFO	pushing into buff
21-02-2016 11:00:15	DataProcessor		INFO	polling
21-02-2016 11:00:15	CameraInterface		INFO	Read successful
21-02-2016 11:00:15	Controller		INFO	sending to transmitter
21-02-2016 11:00:15	Transmitter		INFO	pushing into buff
21-02-2016 11:00:15	DataProcessor		INFO	polling
21-02-2016 11:00:15	CameraInterface		INFO	Read successful
21-02-2016 11:00:15	Controller		INFO	sending to transmitter
21-02-2016 11:00:15	Transmitter		INFO	pushing into buff
21-02-2016 11:00:15	DataProcessor		INFO	polling
21-02-2016 11:00:15	CameraInterface		INFO	Read successful
21-02-2016 11:00:15	Controller		INFO	sending to transmitter
21-02-2016 11:00:15	Transmitter		INFO	pushing into buff
21-02-2016 11:00:15	DataProcessor		INFO	polling
21-02-2016 11:00:15	CameraInterface		INFO	Read successful
21-02-2016 11:00:16	Controller		INFO	sending to transmitter
21-02-2016 11:00:16	Transmitter		INFO	pushing into buff
21-02-2016 11:00:16	DataProcessor		INFO	polling
21-02-2016 11:00:16	CameraInterface		INFO	Read successful
21-02-2016 11:00:16	Controller		INFO	sending to transmitter
21-02-2016 11:00:16	Transmitter		INFO	pushing into buff
21-02-2016 11:00:16	DataProcessor		INFO	polling
21-02-2016 11:00:16	CameraInterface		INFO	Read successful
21-02-2016 11:00:16	Controller		INFO	sending to transmitter
21-02-2016 11:00:16	Transmitter		INFO	pushing into buff
21-02-2016 11:00:16	DataProcessor		INFO	polling
21-02-2016 11:00:16	CameraInterface		INFO	Read successful
21-02-2016 11:00:16	Controller		INFO	sending to transmitter
21-02-2016 11:00:16	Transmitter		INFO	pushing into buff
21-02-2016 11:00:16	DataProcessor		INFO	polling
21-02-2016 11:00:16	CameraInterface		INFO	Read successful
21-02-2016 11:00:16	Controller		INFO	sending to transmitter
21-02-2016 11:00:16	Transmitter		INFO	pushing into buff
21-02-2016 11:00:16	DataProcessor		INFO	polling
21-02-2016 11:00:17	CameraInterface		INFO	Read successful
21-02-2016 11:00:17	Controller		INFO	sending to transmitter
21-02-2016 11:00:17	Transmitter		INFO	pushing into buff
21-02-2016 11:00:17	DataProcessor		INFO	polling
21-02-2016 11:00:17	CameraInterface		INFO	Read successful
21-02-2016 11:00:17	Controller		INFO	sending to transmitter
21-02-2016 11:00:17	Transmitter		INFO	pushing into buff
21-02-2016 11:00:17	DataProcessor		INFO	polling
21-02-2016 11:00:17	CameraInterface		INFO	Read successful
21-02-2016 11:00:17	Controller		INFO	sending to transmitter
21-02-2016 11:00:17	Transmitter		INFO	pushing into buff
21-02-2016 11:00:17	DataProcessor		INFO	polling
21-02-2016 11:00:17	CameraInterface		INFO	Read successful
21-02-2016 11:00:17	Controller		INFO	sending to transmitter
21-02-2016 11:00:17	Transmitter		INFO	pushing into buff
21-02-2016 11:00:17	DataProcessor		INFO	polling
21-02-2016 11:00:17	CameraInterface		INFO	Read successful
