16-03-2016 11:14:10	Main		TRACE	Logger initialized.
16-03-2016 11:14:10	PropertyReader		TRACE	Opening file: settings/settings.txt
16-03-2016 11:14:10	PropertyReader		INFO	File opened: settings/settings.txt
16-03-2016 11:14:10	PropertyReader		INFO	Loading properties file...
16-03-2016 11:14:10	PropertyReader		INFO	Mapped TRACE to LOGGING_LEVEL
16-03-2016 11:14:10	PropertyReader		INFO	Mapped 100 to CAM_BUFFER_SIZE
16-03-2016 11:14:10	PropertyReader		INFO	Mapped 15 to CAM_POLL_FREQUENCY
16-03-2016 11:14:10	PropertyReader		INFO	Mapped 0 to CAM_INDEX
16-03-2016 11:14:10	PropertyReader		DEBUG	Loaded 4 properties successfully
16-03-2016 11:14:10	Controller		INFO	Constructor controller
16-03-2016 11:14:10	Transmitter		INFO	socket retrieve success
16-03-2016 11:14:10	Transmitter		INFO	binding done
16-03-2016 11:14:10	Transmitter		INFO	done listening
16-03-2016 11:14:20	Transmitter		INFO	accepting
16-03-2016 11:14:20	Main		TRACE	intializing controller
16-03-2016 11:14:20	Controller		INFO	Initializing Controller
16-03-2016 11:14:20	Main		TRACE	initializing dataprocessor
16-03-2016 11:14:20	CameraInterface		INFO	Initializing camera
16-03-2016 11:14:20	CameraInterface		INFO	Opening video capture stream at position 0
16-03-2016 11:14:20	ControllerThread		INFO	Starting Controller Thread execution loop
16-03-2016 11:14:20	Receiver		INFO	Starting Receiver Thread execution loop
16-03-2016 11:14:20	Transmitter		INFO	Starting Receiver Thread execution loop
16-03-2016 11:14:20	Transmitter		INFO	running
16-03-2016 11:14:20	Transmitter		INFO	running
16-03-2016 11:14:20	Transmitter		INFO	running
16-03-2016 11:14:20	Transmitter		INFO	running
16-03-2016 11:14:20	Transmitter		INFO	running
16-03-2016 11:14:20	Transmitter		INFO	running
16-03-2016 11:14:20	Transmitter		INFO	running
16-03-2016 11:14:20	Transmitter		INFO	running
16-03-2016 11:14:20	Transmitter		INFO	running
16-03-2016 11:14:20	Transmitter		INFO	running
16-03-2016 11:14:20	Transmitter		INFO	running
16-03-2016 11:14:20	Transmitter		INFO	running
16-03-2016 11:14:20	Transmitter		INFO	running
16-03-2016 11:14:20	Transmitter		INFO	running
16-03-2016 11:14:20	Transmitter		INFO	running
16-03-2016 11:14:20	Transmitter		INFO	running
16-03-2016 11:14:20	Transmitter		INFO	running
16-03-2016 11:14:20	Transmitter		INFO	running
16-03-2016 11:14:20	Transmitter		INFO	running
16-03-2016 11:14:20	Transmitter		INFO	running
16-03-2016 11:14:20	Transmitter		INFO	running
16-03-2016 11:14:20	Transmitter		INFO	running
16-03-2016 11:14:20	Transmitter		INFO	running
16-03-2016 11:14:20	Transmitter		INFO	running
16-03-2016 11:14:20	Transmitter		INFO	running
16-03-2016 11:14:20	Transmitter		INFO	running
16-03-2016 11:14:20	Transmitter		INFO	running
16-03-2016 11:14:20	Transmitter		INFO	running
16-03-2016 11:14:20	Transmitter		INFO	running
16-03-2016 11:14:20	Transmitter		INFO	running
16-03-2016 11:14:20	Transmitter		INFO	running
16-03-2016 11:14:20	Transmitter		INFO	running
16-03-2016 11:14:20	Main		TRACE	running controller
16-03-2016 11:14:20	Main		TRACE	running controller
16-03-2016 11:14:20	Transmitter		INFO	running
16-03-2016 11:14:20	DataProcessor		INFO	polling
16-03-2016 11:14:20	Transmitter		INFO	running
16-03-2016 11:14:20	Transmitter		INFO	running
16-03-2016 11:14:20	Transmitter		INFO	running
16-03-2016 11:14:20	Transmitter		INFO	running
16-03-2016 11:14:20	Transmitter		INFO	running
16-03-2016 11:14:20	Transmitter		INFO	running
16-03-2016 11:14:20	Transmitter		INFO	running
16-03-2016 11:14:20	Transmitter		INFO	running
16-03-2016 11:14:20	Transmitter		INFO	running
16-03-2016 11:14:20	Transmitter		INFO	running
16-03-2016 11:14:20	Transmitter		INFO	running
16-03-2016 11:14:20	Transmitter		INFO	running
16-03-2016 11:14:20	Transmitter		INFO	running
16-03-2016 11:14:20	Transmitter		INFO	running
16-03-2016 11:14:20	Transmitter		INFO	running
16-03-2016 11:14:20	Transmitter		INFO	running
16-03-2016 11:14:20	Transmitter		INFO	running
16-03-2016 11:14:20	Transmitter		INFO	running
16-03-2016 11:14:20	Transmitter		INFO	running
16-03-2016 11:14:20	Transmitter		INFO	running
16-03-2016 11:14:20	Transmitter		INFO	running
16-03-2016 11:14:20	Transmitter		INFO	running
16-03-2016 11:14:20	Transmitter		INFO	running
16-03-2016 11:14:20	Transmitter		INFO	running
16-03-2016 11:14:20	Transmitter		INFO	running
16-03-2016 11:14:20	Transmitter		INFO	running
16-03-2016 11:14:20	Transmitter		INFO	running
16-03-2016 11:14:20	Transmitter		INFO	running
16-03-2016 11:14:20	Transmitter		INFO	running
16-03-2016 11:14:20	Transmitter		INFO	running
16-03-2016 11:14:20	Transmitter		INFO	running
16-03-2016 11:14:20	Transmitter		INFO	running
16-03-2016 11:14:20	Transmitter		INFO	running
16-03-2016 11:14:20	Transmitter		INFO	running
16-03-2016 11:14:20	Transmitter		INFO	running
16-03-2016 11:14:20	Transmitter		INFO	running
16-03-2016 11:14:20	Transmitter		INFO	running
16-03-2016 11:14:20	Transmitter		INFO	running
16-03-2016 11:14:20	Transmitter		INFO	running
16-03-2016 11:14:20	Transmitter		INFO	running
16-03-2016 11:14:20	Transmitter		INFO	running
16-03-2016 11:14:20	Transmitter		INFO	running
16-03-2016 11:14:20	Transmitter		INFO	running
16-03-2016 11:14:20	Transmitter		INFO	running
16-03-2016 11:14:20	Transmitter		INFO	running
16-03-2016 11:14:20	Transmitter		INFO	running
16-03-2016 11:14:20	Transmitter		INFO	running
16-03-2016 11:14:20	Transmitter		INFO	running
16-03-2016 11:14:20	Transmitter		INFO	running
16-03-2016 11:14:20	Transmitter		INFO	running
16-03-2016 11:14:20	Transmitter		INFO	running
16-03-2016 11:14:20	Transmitter		INFO	running
16-03-2016 11:14:20	Transmitter		INFO	running
16-03-2016 11:14:20	Transmitter		INFO	running
16-03-2016 11:14:20	Transmitter		INFO	running
16-03-2016 11:14:20	Transmitter		INFO	running
16-03-2016 11:14:20	Transmitter		INFO	running
16-03-2016 11:14:20	Transmitter		INFO	running
16-03-2016 11:14:20	Transmitter		INFO	running
16-03-2016 11:14:20	Transmitter		INFO	running
16-03-2016 11:14:20	Transmitter		INFO	running
16-03-2016 11:14:20	Transmitter		INFO	running
16-03-2016 11:14:20	Transmitter		INFO	running
16-03-2016 11:14:20	Transmitter		INFO	running
16-03-2016 11:14:20	Transmitter		INFO	running
16-03-2016 11:14:20	Transmitter		INFO	running
16-03-2016 11:14:20	Transmitter		INFO	running
16-03-2016 11:14:20	Transmitter		INFO	running
16-03-2016 11:14:20	Transmitter		INFO	running
16-03-2016 11:14:20	Transmitter		INFO	running
16-03-2016 11:14:20	Transmitter		INFO	running
16-03-2016 11:14:21	Transmitter		INFO	running
16-03-2016 11:14:21	Transmitter		INFO	running
16-03-2016 11:14:21	Transmitter		INFO	running
16-03-2016 11:14:21	Transmitter		INFO	running
16-03-2016 11:14:21	Transmitter		INFO	running
16-03-2016 11:14:21	Transmitter		INFO	running
16-03-2016 11:14:21	Transmitter		INFO	running
16-03-2016 11:14:21	Transmitter		INFO	running
16-03-2016 11:14:21	Transmitter		INFO	running
16-03-2016 11:14:21	Transmitter		INFO	running
16-03-2016 11:14:21	Transmitter		INFO	running
16-03-2016 11:14:21	Transmitter		INFO	running
16-03-2016 11:14:21	Transmitter		INFO	running
16-03-2016 11:14:21	Transmitter		INFO	running
16-03-2016 11:14:21	Transmitter		INFO	running
16-03-2016 11:14:21	Transmitter		INFO	running
16-03-2016 11:14:21	Transmitter		INFO	running
16-03-2016 11:14:21	Transmitter		INFO	running
16-03-2016 11:14:21	Transmitter		INFO	running
16-03-2016 11:14:21	Transmitter		INFO	running
16-03-2016 11:14:21	Transmitter		INFO	running
16-03-2016 11:14:21	Transmitter		INFO	running
16-03-2016 11:14:21	Transmitter		INFO	running
16-03-2016 11:14:21	Transmitter		INFO	running
16-03-2016 11:14:21	Transmitter		INFO	running
16-03-2016 11:14:21	Transmitter		INFO	running
16-03-2016 11:14:21	Transmitter		INFO	running
16-03-2016 11:14:21	CameraInterface		INFO	Read successful
16-03-2016 11:14:21	Transmitter		INFO	running
16-03-2016 11:14:21	Transmitter		INFO	running
16-03-2016 11:14:21	Transmitter		INFO	running
16-03-2016 11:14:21	Transmitter		INFO	running
16-03-2016 11:14:21	Transmitter		INFO	running
16-03-2016 11:14:21	Transmitter		INFO	running
16-03-2016 11:14:21	Transmitter		INFO	running
16-03-2016 11:14:21	Transmitter		INFO	running
16-03-2016 11:14:21	Transmitter		INFO	running
16-03-2016 11:14:21	Transmitter		INFO	running
16-03-2016 11:14:21	Transmitter		INFO	running
16-03-2016 11:14:21	Transmitter		INFO	running
16-03-2016 11:14:21	Transmitter		INFO	running
16-03-2016 11:14:21	Transmitter		INFO	running
16-03-2016 11:14:21	Transmitter		INFO	running
16-03-2016 11:14:21	Transmitter		INFO	running
16-03-2016 11:14:21	Transmitter		INFO	running
16-03-2016 11:14:21	Transmitter		INFO	running
16-03-2016 11:14:21	Transmitter		INFO	running
16-03-2016 11:14:21	Transmitter		INFO	running
16-03-2016 11:14:21	Transmitter		INFO	running
16-03-2016 11:14:21	Transmitter		INFO	running
16-03-2016 11:14:21	Transmitter		INFO	running
16-03-2016 11:14:21	Transmitter		INFO	running
16-03-2016 11:14:21	Transmitter		INFO	running
16-03-2016 11:14:21	Transmitter		INFO	running
16-03-2016 11:14:21	Transmitter		INFO	running
16-03-2016 11:14:21	Transmitter		INFO	running
16-03-2016 11:14:21	Transmitter		INFO	running
16-03-2016 11:14:21	Transmitter		INFO	running
16-03-2016 11:14:21	Transmitter		INFO	running
16-03-2016 11:14:21	Transmitter		INFO	running
16-03-2016 11:14:21	Transmitter		INFO	running
16-03-2016 11:14:21	Transmitter		INFO	running
16-03-2016 11:14:21	Transmitter		INFO	running
16-03-2016 11:14:21	Transmitter		INFO	running
16-03-2016 11:14:21	Transmitter		INFO	running
16-03-2016 11:14:21	Transmitter		INFO	running
16-03-2016 11:14:21	Transmitter		INFO	running
16-03-2016 11:14:21	Transmitter		INFO	running
16-03-2016 11:14:21	Transmitter		INFO	running
16-03-2016 11:14:21	Transmitter		INFO	running
16-03-2016 11:14:21	Transmitter		INFO	running
16-03-2016 11:14:21	Transmitter		INFO	running
16-03-2016 11:14:21	Transmitter		INFO	running
16-03-2016 11:14:21	Transmitter		INFO	running
16-03-2016 11:14:21	Transmitter		INFO	running
16-03-2016 11:14:21	Transmitter		INFO	running
16-03-2016 11:14:21	Transmitter		INFO	running
16-03-2016 11:14:22	Transmitter		INFO	running
16-03-2016 11:14:22	Transmitter		INFO	running
16-03-2016 11:14:22	Transmitter		INFO	running
16-03-2016 11:14:22	Transmitter		INFO	running
16-03-2016 11:14:22	Transmitter		INFO	running
16-03-2016 11:14:22	Transmitter		INFO	running
16-03-2016 11:14:22	Transmitter		INFO	running
16-03-2016 11:14:22	Transmitter		INFO	running
16-03-2016 11:14:22	Transmitter		INFO	running
16-03-2016 11:14:22	Transmitter		INFO	running
16-03-2016 11:14:22	Transmitter		INFO	running
16-03-2016 11:14:22	Transmitter		INFO	running
16-03-2016 11:14:22	Transmitter		INFO	running
16-03-2016 11:14:22	Transmitter		INFO	running
16-03-2016 11:14:22	Transmitter		INFO	running
16-03-2016 11:14:22	Transmitter		INFO	running
16-03-2016 11:14:22	Transmitter		INFO	running
16-03-2016 11:14:22	Transmitter		INFO	running
16-03-2016 11:14:22	Transmitter		INFO	running
16-03-2016 11:14:22	Transmitter		INFO	running
16-03-2016 11:14:22	Transmitter		INFO	running
16-03-2016 11:14:22	Transmitter		INFO	running
16-03-2016 11:14:22	Transmitter		INFO	running
16-03-2016 11:14:22	Transmitter		INFO	running
16-03-2016 11:14:22	Transmitter		INFO	running
16-03-2016 11:14:22	Transmitter		INFO	running
16-03-2016 11:14:22	Transmitter		INFO	running
16-03-2016 11:14:22	Transmitter		INFO	running
16-03-2016 11:14:22	Transmitter		INFO	running
16-03-2016 11:14:22	Transmitter		INFO	running
16-03-2016 11:14:22	Transmitter		INFO	running
16-03-2016 11:14:22	Transmitter		INFO	running
16-03-2016 11:14:22	Transmitter		INFO	running
16-03-2016 11:14:22	Transmitter		INFO	running
16-03-2016 11:14:22	Transmitter		INFO	running
16-03-2016 11:14:22	Transmitter		INFO	running
16-03-2016 11:14:22	Transmitter		INFO	running
16-03-2016 11:14:22	Transmitter		INFO	running
16-03-2016 11:14:22	Transmitter		INFO	running
16-03-2016 11:14:22	Transmitter		INFO	running
16-03-2016 11:14:22	Transmitter		INFO	running
16-03-2016 11:14:22	Transmitter		INFO	running
16-03-2016 11:14:22	Transmitter		INFO	running
16-03-2016 11:14:22	Transmitter		INFO	running
16-03-2016 11:14:22	Transmitter		INFO	running
16-03-2016 11:14:22	Transmitter		INFO	running
16-03-2016 11:14:22	Transmitter		INFO	running
16-03-2016 11:14:22	Transmitter		INFO	running
16-03-2016 11:14:22	Transmitter		INFO	running
16-03-2016 11:14:22	Transmitter		INFO	running
16-03-2016 11:14:22	Transmitter		INFO	running
16-03-2016 11:14:22	Transmitter		INFO	running
16-03-2016 11:14:22	Transmitter		INFO	running
16-03-2016 11:14:22	Transmitter		INFO	running
16-03-2016 11:14:22	Transmitter		INFO	running
16-03-2016 11:14:22	Transmitter		INFO	running
16-03-2016 11:14:22	Transmitter		INFO	running
16-03-2016 11:14:22	Transmitter		INFO	running
16-03-2016 11:14:22	Transmitter		INFO	running
16-03-2016 11:14:22	Transmitter		INFO	running
16-03-2016 11:14:22	Transmitter		INFO	running
16-03-2016 11:14:22	Transmitter		INFO	running
16-03-2016 11:14:22	Transmitter		INFO	running
16-03-2016 11:14:22	Transmitter		INFO	running
16-03-2016 11:14:22	Transmitter		INFO	running
16-03-2016 11:14:22	Transmitter		INFO	running
16-03-2016 11:14:22	Transmitter		INFO	running
16-03-2016 11:14:22	Transmitter		INFO	running
16-03-2016 11:14:22	Transmitter		INFO	running
16-03-2016 11:14:22	Transmitter		INFO	running
16-03-2016 11:14:22	Transmitter		INFO	running
16-03-2016 11:14:22	Transmitter		INFO	running
16-03-2016 11:14:22	Transmitter		INFO	running
16-03-2016 11:14:22	Transmitter		INFO	running
16-03-2016 11:14:22	Transmitter		INFO	running
16-03-2016 11:14:22	Transmitter		INFO	running
16-03-2016 11:14:22	Transmitter		INFO	running
16-03-2016 11:14:22	Transmitter		INFO	running
16-03-2016 11:14:22	Transmitter		INFO	running
16-03-2016 11:14:22	Transmitter		INFO	running
16-03-2016 11:14:22	Transmitter		INFO	running
16-03-2016 11:14:22	Transmitter		INFO	running
16-03-2016 11:14:22	Transmitter		INFO	running
16-03-2016 11:14:23	Transmitter		INFO	running
16-03-2016 11:14:23	Transmitter		INFO	running
16-03-2016 11:14:23	Transmitter		INFO	running
16-03-2016 11:14:23	Transmitter		INFO	running
16-03-2016 11:14:23	Transmitter		INFO	running
16-03-2016 11:14:23	Transmitter		INFO	running
16-03-2016 11:14:23	Transmitter		INFO	running
16-03-2016 11:14:23	Transmitter		INFO	running
16-03-2016 11:14:23	Transmitter		INFO	running
16-03-2016 11:14:23	Transmitter		INFO	running
16-03-2016 11:14:23	Transmitter		INFO	running
16-03-2016 11:14:23	Transmitter		INFO	running
16-03-2016 11:14:23	Transmitter		INFO	running
16-03-2016 11:14:23	Transmitter		INFO	running
16-03-2016 11:14:23	Transmitter		INFO	running
16-03-2016 11:14:23	Transmitter		INFO	running
16-03-2016 11:14:23	Transmitter		INFO	running
16-03-2016 11:14:23	Transmitter		INFO	running
16-03-2016 11:14:23	Transmitter		INFO	running
16-03-2016 11:14:23	Transmitter		INFO	running
16-03-2016 11:14:23	Transmitter		INFO	running
16-03-2016 11:14:23	Transmitter		INFO	running
16-03-2016 11:14:23	Transmitter		INFO	running
16-03-2016 11:14:23	Transmitter		INFO	running
16-03-2016 11:14:23	Transmitter		INFO	running
16-03-2016 11:14:23	Transmitter		INFO	running
16-03-2016 11:14:23	Transmitter		INFO	running
16-03-2016 11:14:23	Transmitter		INFO	running
16-03-2016 11:14:23	Transmitter		INFO	running
16-03-2016 11:14:23	Transmitter		INFO	running
16-03-2016 11:14:23	Transmitter		INFO	running
16-03-2016 11:14:23	Transmitter		INFO	running
16-03-2016 11:14:23	Transmitter		INFO	running
16-03-2016 11:14:23	Transmitter		INFO	running
16-03-2016 11:14:23	Transmitter		INFO	running
16-03-2016 11:14:23	Transmitter		INFO	running
16-03-2016 11:14:23	Transmitter		INFO	running
16-03-2016 11:14:23	Transmitter		INFO	running
16-03-2016 11:14:23	Transmitter		INFO	running
16-03-2016 11:14:23	Transmitter		INFO	running
16-03-2016 11:14:23	Transmitter		INFO	running
16-03-2016 11:14:23	Transmitter		INFO	running
16-03-2016 11:14:23	Transmitter		INFO	running
16-03-2016 11:14:23	Transmitter		INFO	running
16-03-2016 11:14:23	Transmitter		INFO	running
16-03-2016 11:14:23	Transmitter		INFO	running
16-03-2016 11:14:23	Transmitter		INFO	running
16-03-2016 11:14:23	Transmitter		INFO	running
16-03-2016 11:14:23	Transmitter		INFO	running
16-03-2016 11:14:23	Transmitter		INFO	running
16-03-2016 11:14:23	Transmitter		INFO	running
16-03-2016 11:14:23	Transmitter		INFO	running
16-03-2016 11:14:23	Transmitter		INFO	running
16-03-2016 11:14:23	Transmitter		INFO	running
16-03-2016 11:14:23	Transmitter		INFO	running
16-03-2016 11:14:23	Transmitter		INFO	running
16-03-2016 11:14:23	Transmitter		INFO	running
16-03-2016 11:14:23	Transmitter		INFO	running
16-03-2016 11:14:23	Transmitter		INFO	running
16-03-2016 11:14:23	Transmitter		INFO	running
16-03-2016 11:14:23	Transmitter		INFO	running
16-03-2016 11:14:23	Transmitter		INFO	running
16-03-2016 11:14:23	Transmitter		INFO	running
16-03-2016 11:14:23	Transmitter		INFO	running
16-03-2016 11:14:23	Transmitter		INFO	running
16-03-2016 11:14:23	Transmitter		INFO	running
16-03-2016 11:14:23	Transmitter		INFO	running
16-03-2016 11:14:23	Transmitter		INFO	running
16-03-2016 11:14:23	Transmitter		INFO	running
16-03-2016 11:14:23	Transmitter		INFO	running
16-03-2016 11:14:23	Transmitter		INFO	running
16-03-2016 11:14:23	Transmitter		INFO	running
16-03-2016 11:14:23	Transmitter		INFO	running
16-03-2016 11:14:23	Transmitter		INFO	running
16-03-2016 11:14:23	Transmitter		INFO	running
16-03-2016 11:14:23	Transmitter		INFO	running
16-03-2016 11:14:23	Transmitter		INFO	running
16-03-2016 11:14:23	Transmitter		INFO	running
16-03-2016 11:14:23	Transmitter		INFO	running
16-03-2016 11:14:23	Transmitter		INFO	running
16-03-2016 11:14:23	Transmitter		INFO	running
16-03-2016 11:14:23	Transmitter		INFO	running
16-03-2016 11:14:23	Transmitter		INFO	running
16-03-2016 11:14:23	Transmitter		INFO	running
16-03-2016 11:14:23	Transmitter		INFO	running
16-03-2016 11:14:23	Transmitter		INFO	running
16-03-2016 11:14:23	Transmitter		INFO	running
16-03-2016 11:14:23	Transmitter		INFO	running
16-03-2016 11:14:23	Transmitter		INFO	running
16-03-2016 11:14:23	Transmitter		INFO	running
16-03-2016 11:14:23	Transmitter		INFO	running
16-03-2016 11:14:23	Transmitter		INFO	running
16-03-2016 11:14:23	Transmitter		INFO	running
16-03-2016 11:14:24	Transmitter		INFO	running
16-03-2016 11:14:24	Transmitter		INFO	running
16-03-2016 11:14:24	Transmitter		INFO	running
16-03-2016 11:14:24	Transmitter		INFO	running
16-03-2016 11:14:24	Transmitter		INFO	running
16-03-2016 11:14:24	Transmitter		INFO	running
16-03-2016 11:14:24	Transmitter		INFO	running
16-03-2016 11:14:24	Transmitter		INFO	running
16-03-2016 11:14:24	Transmitter		INFO	running
16-03-2016 11:14:24	Transmitter		INFO	running
16-03-2016 11:14:24	Transmitter		INFO	running
16-03-2016 11:14:24	Transmitter		INFO	running
16-03-2016 11:14:24	Transmitter		INFO	running
16-03-2016 11:14:24	Transmitter		INFO	running
16-03-2016 11:14:24	Transmitter		INFO	running
16-03-2016 11:14:24	Transmitter		INFO	running
16-03-2016 11:14:24	Transmitter		INFO	running
16-03-2016 11:14:24	Transmitter		INFO	running
16-03-2016 11:14:24	Transmitter		INFO	running
16-03-2016 11:14:24	Transmitter		INFO	running
16-03-2016 11:14:24	Transmitter		INFO	running
16-03-2016 11:14:24	Transmitter		INFO	running
16-03-2016 11:14:24	Transmitter		INFO	running
16-03-2016 11:14:24	Transmitter		INFO	running
16-03-2016 11:14:24	Transmitter		INFO	running
16-03-2016 11:14:24	Transmitter		INFO	running
16-03-2016 11:14:24	Transmitter		INFO	running
16-03-2016 11:14:24	Transmitter		INFO	running
16-03-2016 11:14:24	Transmitter		INFO	running
16-03-2016 11:14:24	Transmitter		INFO	running
16-03-2016 11:14:24	Transmitter		INFO	running
16-03-2016 11:14:24	Transmitter		INFO	running
16-03-2016 11:14:24	Transmitter		INFO	running
16-03-2016 11:14:24	Transmitter		INFO	running
16-03-2016 11:14:24	Transmitter		INFO	running
16-03-2016 11:14:24	Transmitter		INFO	running
16-03-2016 11:14:24	Transmitter		INFO	running
16-03-2016 11:14:24	Transmitter		INFO	running
16-03-2016 11:14:24	Transmitter		INFO	running
16-03-2016 11:14:24	Transmitter		INFO	running
16-03-2016 11:14:24	Transmitter		INFO	running
16-03-2016 11:14:24	Transmitter		INFO	running
16-03-2016 11:14:24	Transmitter		INFO	running
16-03-2016 11:14:24	Transmitter		INFO	running
16-03-2016 11:14:24	Transmitter		INFO	running
16-03-2016 11:14:24	Transmitter		INFO	running
16-03-2016 11:14:24	Transmitter		INFO	running
16-03-2016 11:14:24	Transmitter		INFO	running
16-03-2016 11:14:24	Transmitter		INFO	running
16-03-2016 11:14:24	Transmitter		INFO	running
16-03-2016 11:14:24	Transmitter		INFO	running
16-03-2016 11:14:24	Transmitter		INFO	running
16-03-2016 11:14:24	Transmitter		INFO	running
16-03-2016 11:14:24	Transmitter		INFO	running
16-03-2016 11:14:24	Transmitter		INFO	running
16-03-2016 11:14:24	Transmitter		INFO	running
16-03-2016 11:14:24	Transmitter		INFO	running
16-03-2016 11:14:24	Transmitter		INFO	running
16-03-2016 11:14:24	Transmitter		INFO	running
16-03-2016 11:14:24	Transmitter		INFO	running
16-03-2016 11:14:24	Transmitter		INFO	running
16-03-2016 11:14:24	Transmitter		INFO	running
16-03-2016 11:14:24	Transmitter		INFO	running
16-03-2016 11:14:24	Transmitter		INFO	running
16-03-2016 11:14:24	Transmitter		INFO	running
16-03-2016 11:14:24	Transmitter		INFO	running
16-03-2016 11:14:24	Transmitter		INFO	running
16-03-2016 11:14:24	Transmitter		INFO	running
16-03-2016 11:14:24	Transmitter		INFO	running
16-03-2016 11:14:24	Transmitter		INFO	running
16-03-2016 11:14:24	Transmitter		INFO	running
16-03-2016 11:14:24	Transmitter		INFO	running
16-03-2016 11:14:24	Transmitter		INFO	running
16-03-2016 11:14:24	Transmitter		INFO	running
16-03-2016 11:14:24	Transmitter		INFO	running
16-03-2016 11:14:24	Transmitter		INFO	running
16-03-2016 11:14:24	Transmitter		INFO	running
16-03-2016 11:14:24	Transmitter		INFO	running
16-03-2016 11:14:24	Transmitter		INFO	running
16-03-2016 11:14:24	Transmitter		INFO	running
16-03-2016 11:14:24	Transmitter		INFO	running
16-03-2016 11:14:24	Transmitter		INFO	running
16-03-2016 11:14:24	Transmitter		INFO	running
16-03-2016 11:14:24	Transmitter		INFO	running
16-03-2016 11:14:24	Transmitter		INFO	running
16-03-2016 11:14:24	Transmitter		INFO	running
16-03-2016 11:14:24	Transmitter		INFO	running
16-03-2016 11:14:24	Transmitter		INFO	running
16-03-2016 11:14:24	Transmitter		INFO	running
16-03-2016 11:14:24	Transmitter		INFO	running
16-03-2016 11:14:24	Transmitter		INFO	running
16-03-2016 11:14:24	Transmitter		INFO	running
16-03-2016 11:14:24	Transmitter		INFO	running
16-03-2016 11:14:24	Transmitter		INFO	running
16-03-2016 11:14:25	Transmitter		INFO	running
16-03-2016 11:14:25	Transmitter		INFO	running
16-03-2016 11:14:25	Transmitter		INFO	running
16-03-2016 11:14:25	Transmitter		INFO	running
16-03-2016 11:14:25	Transmitter		INFO	running
16-03-2016 11:14:25	Transmitter		INFO	running
16-03-2016 11:14:25	Transmitter		INFO	running
16-03-2016 11:14:25	Transmitter		INFO	running
16-03-2016 11:14:25	Transmitter		INFO	running
16-03-2016 11:14:25	Transmitter		INFO	running
16-03-2016 11:14:25	Transmitter		INFO	running
16-03-2016 11:14:25	Transmitter		INFO	running
16-03-2016 11:14:25	Transmitter		INFO	running
16-03-2016 11:14:25	Transmitter		INFO	running
16-03-2016 11:14:25	Transmitter		INFO	running
16-03-2016 11:14:25	Transmitter		INFO	running
16-03-2016 11:14:25	Transmitter		INFO	running
16-03-2016 11:14:25	Transmitter		INFO	running
16-03-2016 11:14:25	Transmitter		INFO	running
16-03-2016 11:14:25	Transmitter		INFO	running
16-03-2016 11:14:25	Transmitter		INFO	running
16-03-2016 11:14:25	Transmitter		INFO	running
16-03-2016 11:14:25	Transmitter		INFO	running
16-03-2016 11:14:25	Transmitter		INFO	running
16-03-2016 11:14:25	Transmitter		INFO	running
16-03-2016 11:14:25	Transmitter		INFO	running
16-03-2016 11:14:25	Transmitter		INFO	running
16-03-2016 11:14:25	Transmitter		INFO	running
16-03-2016 11:14:25	Transmitter		INFO	running
16-03-2016 11:14:25	Transmitter		INFO	running
16-03-2016 11:14:25	Transmitter		INFO	running
16-03-2016 11:14:25	Transmitter		INFO	running
16-03-2016 11:14:25	Transmitter		INFO	running
16-03-2016 11:14:25	Transmitter		INFO	running
16-03-2016 11:14:25	Transmitter		INFO	running
16-03-2016 11:14:25	Transmitter		INFO	running
16-03-2016 11:14:25	Transmitter		INFO	running
16-03-2016 11:14:25	Transmitter		INFO	running
16-03-2016 11:14:25	Transmitter		INFO	running
16-03-2016 11:14:25	Transmitter		INFO	running
16-03-2016 11:14:25	Transmitter		INFO	running
16-03-2016 11:14:25	Transmitter		INFO	running
16-03-2016 11:14:25	Transmitter		INFO	running
16-03-2016 11:14:25	Transmitter		INFO	running
16-03-2016 11:14:25	Transmitter		INFO	running
16-03-2016 11:14:25	Transmitter		INFO	running
16-03-2016 11:14:25	Transmitter		INFO	running
16-03-2016 11:14:25	Transmitter		INFO	running
16-03-2016 11:14:25	Transmitter		INFO	running
16-03-2016 11:14:25	Transmitter		INFO	running
16-03-2016 11:14:25	Transmitter		INFO	running
16-03-2016 11:14:25	Transmitter		INFO	running
16-03-2016 11:14:25	Transmitter		INFO	running
16-03-2016 11:14:25	Transmitter		INFO	running
16-03-2016 11:14:25	Transmitter		INFO	running
16-03-2016 11:14:25	Transmitter		INFO	running
16-03-2016 11:14:25	Transmitter		INFO	running
16-03-2016 11:14:25	Transmitter		INFO	running
16-03-2016 11:14:25	Transmitter		INFO	running
16-03-2016 11:14:25	Transmitter		INFO	running
16-03-2016 11:14:25	Transmitter		INFO	running
16-03-2016 11:14:25	Transmitter		INFO	running
16-03-2016 11:14:25	Transmitter		INFO	running
16-03-2016 11:14:25	Transmitter		INFO	running
16-03-2016 11:14:25	Transmitter		INFO	running
16-03-2016 11:14:25	Transmitter		INFO	running
16-03-2016 11:14:25	Transmitter		INFO	running
16-03-2016 11:14:25	Transmitter		INFO	running
16-03-2016 11:14:25	Transmitter		INFO	running
16-03-2016 11:14:25	Transmitter		INFO	running
16-03-2016 11:14:25	Transmitter		INFO	running
16-03-2016 11:14:25	Transmitter		INFO	running
16-03-2016 11:14:25	Transmitter		INFO	running
16-03-2016 11:14:25	Transmitter		INFO	running
16-03-2016 11:14:25	Transmitter		INFO	running
16-03-2016 11:14:25	Transmitter		INFO	running
16-03-2016 11:14:25	Transmitter		INFO	running
16-03-2016 11:14:25	Transmitter		INFO	running
16-03-2016 11:14:25	Transmitter		INFO	running
16-03-2016 11:14:25	Transmitter		INFO	running
16-03-2016 11:14:25	Transmitter		INFO	running
16-03-2016 11:14:25	Transmitter		INFO	running
16-03-2016 11:14:25	Transmitter		INFO	running
16-03-2016 11:14:25	Transmitter		INFO	running
16-03-2016 11:14:25	Transmitter		INFO	running
16-03-2016 11:14:25	Transmitter		INFO	running
16-03-2016 11:14:25	Transmitter		INFO	running
16-03-2016 11:14:25	Transmitter		INFO	running
16-03-2016 11:14:25	Transmitter		INFO	running
16-03-2016 11:14:25	Transmitter		INFO	running
16-03-2016 11:14:25	Transmitter		INFO	running
16-03-2016 11:14:25	Transmitter		INFO	running
16-03-2016 11:14:25	Transmitter		INFO	running
16-03-2016 11:14:25	Transmitter		INFO	running
16-03-2016 11:14:25	Transmitter		INFO	running
16-03-2016 11:14:25	Transmitter		INFO	running
16-03-2016 11:14:25	Transmitter		INFO	running
16-03-2016 11:14:25	Transmitter		INFO	running
16-03-2016 11:14:25	Transmitter		INFO	running
16-03-2016 11:14:26	Transmitter		INFO	running
16-03-2016 11:14:26	Transmitter		INFO	running
16-03-2016 11:14:26	Transmitter		INFO	running
16-03-2016 11:14:26	Transmitter		INFO	running
16-03-2016 11:14:26	Transmitter		INFO	running
16-03-2016 11:14:26	Transmitter		INFO	running
16-03-2016 11:14:26	Transmitter		INFO	running
16-03-2016 11:14:26	Transmitter		INFO	running
16-03-2016 11:14:26	Transmitter		INFO	running
16-03-2016 11:14:26	Transmitter		INFO	running
16-03-2016 11:14:26	Transmitter		INFO	running
16-03-2016 11:14:26	Transmitter		INFO	running
16-03-2016 11:14:26	Transmitter		INFO	running
16-03-2016 11:14:26	Transmitter		INFO	running
16-03-2016 11:14:26	Transmitter		INFO	running
16-03-2016 11:14:26	Transmitter		INFO	running
16-03-2016 11:14:26	Transmitter		INFO	running
16-03-2016 11:14:26	Transmitter		INFO	running
16-03-2016 11:14:26	Transmitter		INFO	running
16-03-2016 11:14:26	Transmitter		INFO	running
16-03-2016 11:14:26	Transmitter		INFO	running
16-03-2016 11:14:26	Transmitter		INFO	running
16-03-2016 11:14:26	Transmitter		INFO	running
16-03-2016 11:14:26	Transmitter		INFO	running
16-03-2016 11:14:26	Transmitter		INFO	running
16-03-2016 11:14:26	Transmitter		INFO	running
16-03-2016 11:14:26	Transmitter		INFO	running
16-03-2016 11:14:26	Transmitter		INFO	running
16-03-2016 11:14:26	Transmitter		INFO	running
16-03-2016 11:14:26	Transmitter		INFO	running
16-03-2016 11:14:26	Transmitter		INFO	running
16-03-2016 11:14:26	Transmitter		INFO	running
16-03-2016 11:14:26	Transmitter		INFO	running
16-03-2016 11:14:26	Transmitter		INFO	running
16-03-2016 11:14:26	Transmitter		INFO	running
16-03-2016 11:14:26	Transmitter		INFO	running
16-03-2016 11:14:26	Transmitter		INFO	running
16-03-2016 11:14:26	Transmitter		INFO	running
16-03-2016 11:14:26	Transmitter		INFO	running
16-03-2016 11:14:26	Transmitter		INFO	running
16-03-2016 11:14:26	Transmitter		INFO	running
16-03-2016 11:14:26	Transmitter		INFO	running
16-03-2016 11:14:26	Transmitter		INFO	running
16-03-2016 11:14:26	Transmitter		INFO	running
16-03-2016 11:14:26	Transmitter		INFO	running
16-03-2016 11:14:26	Transmitter		INFO	running
16-03-2016 11:14:26	Transmitter		INFO	running
16-03-2016 11:14:26	Transmitter		INFO	running
16-03-2016 11:14:26	Transmitter		INFO	running
16-03-2016 11:14:26	Transmitter		INFO	running
16-03-2016 11:14:26	Transmitter		INFO	running
16-03-2016 11:14:26	Transmitter		INFO	running
16-03-2016 11:14:26	Transmitter		INFO	running
16-03-2016 11:14:26	Transmitter		INFO	running
16-03-2016 11:14:26	Transmitter		INFO	running
16-03-2016 11:14:26	Transmitter		INFO	running
16-03-2016 11:14:26	Transmitter		INFO	running
16-03-2016 11:14:26	Transmitter		INFO	running
16-03-2016 11:14:26	Transmitter		INFO	running
16-03-2016 11:14:26	Transmitter		INFO	running
16-03-2016 11:14:26	Transmitter		INFO	running
16-03-2016 11:14:26	Transmitter		INFO	running
16-03-2016 11:14:26	Transmitter		INFO	running
16-03-2016 11:14:26	Transmitter		INFO	running
16-03-2016 11:14:26	Transmitter		INFO	running
16-03-2016 11:14:26	Transmitter		INFO	running
16-03-2016 11:14:26	Transmitter		INFO	running
16-03-2016 11:14:26	Transmitter		INFO	running
16-03-2016 11:14:26	Transmitter		INFO	running
16-03-2016 11:14:26	Transmitter		INFO	running
16-03-2016 11:14:26	Transmitter		INFO	running
16-03-2016 11:14:26	Transmitter		INFO	running
16-03-2016 11:14:26	Transmitter		INFO	running
16-03-2016 11:14:26	Transmitter		INFO	running
16-03-2016 11:14:26	Transmitter		INFO	running
16-03-2016 11:14:26	Transmitter		INFO	running
16-03-2016 11:14:26	Transmitter		INFO	running
16-03-2016 11:14:26	Transmitter		INFO	running
16-03-2016 11:14:26	Transmitter		INFO	running
16-03-2016 11:14:26	Transmitter		INFO	running
16-03-2016 11:14:26	Transmitter		INFO	running
16-03-2016 11:14:26	Transmitter		INFO	running
16-03-2016 11:14:26	Transmitter		INFO	running
16-03-2016 11:14:26	Transmitter		INFO	running
16-03-2016 11:14:26	Transmitter		INFO	running
16-03-2016 11:14:26	Transmitter		INFO	running
16-03-2016 11:14:26	Transmitter		INFO	running
16-03-2016 11:14:26	Transmitter		INFO	running
16-03-2016 11:14:26	Transmitter		INFO	running
16-03-2016 11:14:26	Transmitter		INFO	running
16-03-2016 11:14:26	Transmitter		INFO	running
16-03-2016 11:14:26	Transmitter		INFO	running
16-03-2016 11:14:26	Transmitter		INFO	running
16-03-2016 11:14:26	Transmitter		INFO	running
16-03-2016 11:14:26	Transmitter		INFO	running
16-03-2016 11:14:26	Transmitter		INFO	running
16-03-2016 11:14:26	Transmitter		INFO	running
16-03-2016 11:14:26	Transmitter		INFO	running
16-03-2016 11:14:26	Transmitter		INFO	running
16-03-2016 11:14:26	Transmitter		INFO	running
16-03-2016 11:14:27	Transmitter		INFO	running
16-03-2016 11:14:27	Transmitter		INFO	running
16-03-2016 11:14:27	Transmitter		INFO	running
16-03-2016 11:14:27	Transmitter		INFO	running
16-03-2016 11:14:27	Transmitter		INFO	running
16-03-2016 11:14:27	Transmitter		INFO	running
16-03-2016 11:14:27	Transmitter		INFO	running
16-03-2016 11:14:27	Transmitter		INFO	running
16-03-2016 11:14:27	Transmitter		INFO	running
16-03-2016 11:14:27	Transmitter		INFO	running
16-03-2016 11:14:27	Transmitter		INFO	running
16-03-2016 11:14:27	Transmitter		INFO	running
16-03-2016 11:14:27	Transmitter		INFO	running
16-03-2016 11:14:27	Transmitter		INFO	running
16-03-2016 11:14:27	Transmitter		INFO	running
16-03-2016 11:14:27	Transmitter		INFO	running
16-03-2016 11:14:27	Transmitter		INFO	running
16-03-2016 11:14:27	Transmitter		INFO	running
16-03-2016 11:14:27	Transmitter		INFO	running
16-03-2016 11:14:27	Transmitter		INFO	running
16-03-2016 11:14:27	Transmitter		INFO	running
16-03-2016 11:14:27	Transmitter		INFO	running
16-03-2016 11:14:27	Transmitter		INFO	running
16-03-2016 11:14:27	Transmitter		INFO	running
16-03-2016 11:14:27	Transmitter		INFO	running
16-03-2016 11:14:27	Transmitter		INFO	running
16-03-2016 11:14:27	Transmitter		INFO	running
16-03-2016 11:14:27	Transmitter		INFO	running
16-03-2016 11:14:27	Transmitter		INFO	running
16-03-2016 11:14:27	Transmitter		INFO	running
16-03-2016 11:14:27	Transmitter		INFO	running
16-03-2016 11:14:27	Transmitter		INFO	running
16-03-2016 11:14:27	Transmitter		INFO	running
16-03-2016 11:14:27	Transmitter		INFO	running
16-03-2016 11:14:27	Transmitter		INFO	running
16-03-2016 11:14:27	Transmitter		INFO	running
16-03-2016 11:14:27	Transmitter		INFO	running
16-03-2016 11:14:27	Transmitter		INFO	running
16-03-2016 11:14:27	Transmitter		INFO	running
16-03-2016 11:14:27	Transmitter		INFO	running
16-03-2016 11:14:27	Transmitter		INFO	running
16-03-2016 11:14:27	Transmitter		INFO	running
16-03-2016 11:14:27	Transmitter		INFO	running
16-03-2016 11:14:27	Transmitter		INFO	running
16-03-2016 11:14:27	Transmitter		INFO	running
16-03-2016 11:14:27	Transmitter		INFO	running
16-03-2016 11:14:27	Transmitter		INFO	running
16-03-2016 11:14:27	Transmitter		INFO	running
16-03-2016 11:14:27	Transmitter		INFO	running
16-03-2016 11:14:27	Transmitter		INFO	running
16-03-2016 11:14:27	Transmitter		INFO	running
16-03-2016 11:14:27	Transmitter		INFO	running
16-03-2016 11:14:27	Transmitter		INFO	running
16-03-2016 11:14:27	Transmitter		INFO	running
16-03-2016 11:14:27	Transmitter		INFO	running
16-03-2016 11:14:27	Transmitter		INFO	running
16-03-2016 11:14:27	Transmitter		INFO	running
16-03-2016 11:14:27	Transmitter		INFO	running
16-03-2016 11:14:27	Transmitter		INFO	running
16-03-2016 11:14:27	Transmitter		INFO	running
16-03-2016 11:14:27	Transmitter		INFO	running
16-03-2016 11:14:27	Transmitter		INFO	running
16-03-2016 11:14:27	Transmitter		INFO	running
16-03-2016 11:14:27	Transmitter		INFO	running
16-03-2016 11:14:27	Transmitter		INFO	running
16-03-2016 11:14:27	Transmitter		INFO	running
16-03-2016 11:14:27	Transmitter		INFO	running
16-03-2016 11:14:27	Transmitter		INFO	running
16-03-2016 11:14:27	Transmitter		INFO	running
16-03-2016 11:14:27	Transmitter		INFO	running
16-03-2016 11:14:27	Transmitter		INFO	running
16-03-2016 11:14:27	Transmitter		INFO	running
16-03-2016 11:14:27	Transmitter		INFO	running
16-03-2016 11:14:27	Transmitter		INFO	running
16-03-2016 11:14:27	Transmitter		INFO	running
16-03-2016 11:14:27	Transmitter		INFO	running
16-03-2016 11:14:27	Transmitter		INFO	running
16-03-2016 11:14:27	Transmitter		INFO	running
16-03-2016 11:14:27	Transmitter		INFO	running
16-03-2016 11:14:27	Transmitter		INFO	running
16-03-2016 11:14:27	Transmitter		INFO	running
16-03-2016 11:14:27	Transmitter		INFO	running
16-03-2016 11:14:27	Transmitter		INFO	running
16-03-2016 11:14:27	Transmitter		INFO	running
16-03-2016 11:14:27	Transmitter		INFO	running
16-03-2016 11:14:27	Transmitter		INFO	running
16-03-2016 11:14:27	Transmitter		INFO	running
16-03-2016 11:14:28	Transmitter		INFO	running
16-03-2016 11:14:28	Transmitter		INFO	running
16-03-2016 11:14:28	Transmitter		INFO	running
16-03-2016 11:14:28	Transmitter		INFO	running
16-03-2016 11:14:28	Transmitter		INFO	running
16-03-2016 11:14:28	Transmitter		INFO	running
16-03-2016 11:14:28	Transmitter		INFO	running
16-03-2016 11:14:28	Transmitter		INFO	running
16-03-2016 11:14:28	Transmitter		INFO	running
16-03-2016 11:14:28	Transmitter		INFO	running
16-03-2016 11:14:28	Transmitter		INFO	running
16-03-2016 11:14:28	Transmitter		INFO	running
16-03-2016 11:14:28	Transmitter		INFO	running
16-03-2016 11:14:28	Transmitter		INFO	running
16-03-2016 11:14:28	Transmitter		INFO	running
16-03-2016 11:14:28	Transmitter		INFO	running
16-03-2016 11:14:28	Transmitter		INFO	running
16-03-2016 11:14:28	Transmitter		INFO	running
16-03-2016 11:14:28	Transmitter		INFO	running
16-03-2016 11:14:28	Transmitter		INFO	running
16-03-2016 11:14:28	Transmitter		INFO	running
16-03-2016 11:14:28	Transmitter		INFO	running
16-03-2016 11:14:28	Transmitter		INFO	running
16-03-2016 11:14:28	Transmitter		INFO	running
16-03-2016 11:14:28	Transmitter		INFO	running
16-03-2016 11:14:28	Transmitter		INFO	running
16-03-2016 11:14:28	Transmitter		INFO	running
16-03-2016 11:14:28	Transmitter		INFO	running
16-03-2016 11:14:28	Transmitter		INFO	running
16-03-2016 11:14:28	Transmitter		INFO	running
16-03-2016 11:14:28	Transmitter		INFO	running
16-03-2016 11:14:28	Transmitter		INFO	running
16-03-2016 11:14:28	Transmitter		INFO	running
16-03-2016 11:14:28	Transmitter		INFO	running
16-03-2016 11:14:28	Transmitter		INFO	running
16-03-2016 11:14:28	Transmitter		INFO	running
16-03-2016 11:14:28	Transmitter		INFO	running
16-03-2016 11:14:28	Transmitter		INFO	running
16-03-2016 11:14:28	Transmitter		INFO	running
16-03-2016 11:14:28	Transmitter		INFO	running
16-03-2016 11:14:28	Transmitter		INFO	running
16-03-2016 11:14:28	Transmitter		INFO	running
16-03-2016 11:14:28	Transmitter		INFO	running
16-03-2016 11:14:28	Transmitter		INFO	running
16-03-2016 11:14:28	Transmitter		INFO	running
16-03-2016 11:14:28	Transmitter		INFO	running
16-03-2016 11:14:28	Transmitter		INFO	running
16-03-2016 11:14:28	Transmitter		INFO	running
16-03-2016 11:14:28	Transmitter		INFO	running
16-03-2016 11:14:28	Transmitter		INFO	running
16-03-2016 11:14:28	Transmitter		INFO	running
16-03-2016 11:14:28	Transmitter		INFO	running
16-03-2016 11:14:28	Transmitter		INFO	running
16-03-2016 11:14:28	Transmitter		INFO	running
16-03-2016 11:14:28	Transmitter		INFO	running
16-03-2016 11:14:28	Transmitter		INFO	running
16-03-2016 11:14:28	Transmitter		INFO	running
16-03-2016 11:14:28	Transmitter		INFO	running
16-03-2016 11:14:28	Transmitter		INFO	running
16-03-2016 11:14:28	Transmitter		INFO	running
16-03-2016 11:14:28	Transmitter		INFO	running
16-03-2016 11:14:28	Transmitter		INFO	running
16-03-2016 11:14:28	Transmitter		INFO	running
16-03-2016 11:14:28	Transmitter		INFO	running
16-03-2016 11:14:28	Transmitter		INFO	running
16-03-2016 11:14:28	Transmitter		INFO	running
16-03-2016 11:14:28	Transmitter		INFO	running
16-03-2016 11:14:28	Transmitter		INFO	running
16-03-2016 11:14:28	Transmitter		INFO	running
16-03-2016 11:14:28	Transmitter		INFO	running
16-03-2016 11:14:28	Transmitter		INFO	running
16-03-2016 11:14:28	Transmitter		INFO	running
16-03-2016 11:14:28	Transmitter		INFO	running
16-03-2016 11:14:28	Transmitter		INFO	running
16-03-2016 11:14:28	Transmitter		INFO	running
16-03-2016 11:14:28	Transmitter		INFO	running
16-03-2016 11:14:28	Transmitter		INFO	running
16-03-2016 11:14:28	Transmitter		INFO	running
16-03-2016 11:14:28	Transmitter		INFO	running
16-03-2016 11:14:28	Transmitter		INFO	running
16-03-2016 11:14:28	Transmitter		INFO	running
16-03-2016 11:14:28	Transmitter		INFO	running
16-03-2016 11:14:28	Transmitter		INFO	running
16-03-2016 11:14:28	Transmitter		INFO	running
16-03-2016 11:14:28	Transmitter		INFO	running
16-03-2016 11:14:28	Transmitter		INFO	running
16-03-2016 11:14:28	Transmitter		INFO	running
16-03-2016 11:14:29	Transmitter		INFO	running
16-03-2016 11:14:29	Transmitter		INFO	running
16-03-2016 11:14:29	Transmitter		INFO	running
16-03-2016 11:14:29	Transmitter		INFO	running
16-03-2016 11:14:29	Transmitter		INFO	running
16-03-2016 11:14:29	Transmitter		INFO	running
16-03-2016 11:14:29	Transmitter		INFO	running
16-03-2016 11:14:29	Transmitter		INFO	running
16-03-2016 11:14:29	Transmitter		INFO	running
16-03-2016 11:14:29	Transmitter		INFO	running
16-03-2016 11:14:29	Transmitter		INFO	running
16-03-2016 11:14:29	Transmitter		INFO	running
16-03-2016 11:14:29	Transmitter		INFO	running
16-03-2016 11:14:29	Transmitter		INFO	running
16-03-2016 11:14:29	Transmitter		INFO	running
16-03-2016 11:14:29	Transmitter		INFO	running
16-03-2016 11:14:29	Transmitter		INFO	running
16-03-2016 11:14:29	Transmitter		INFO	running
16-03-2016 11:14:29	Transmitter		INFO	running
16-03-2016 11:14:29	Transmitter		INFO	running
16-03-2016 11:14:29	Transmitter		INFO	running
16-03-2016 11:14:29	Transmitter		INFO	running
16-03-2016 11:14:29	Transmitter		INFO	running
16-03-2016 11:14:29	Transmitter		INFO	running
16-03-2016 11:14:29	Transmitter		INFO	running
16-03-2016 11:14:29	Transmitter		INFO	running
16-03-2016 11:14:29	Controller		INFO	sending to transmitter
16-03-2016 11:14:29	Transmitter		INFO	running
16-03-2016 11:14:29	Transmitter		INFO	pushing into buff
16-03-2016 11:14:29	Transmitter		INFO	running
16-03-2016 11:14:29	Transmitter		INFO	getting from buffer
16-03-2016 11:14:32	Transmitter		INFO	sending string: 61977
16-03-2016 11:14:32	Transmitter		INFO	running
16-03-2016 11:14:32	Transmitter		INFO	running
16-03-2016 11:14:32	Transmitter		INFO	running
16-03-2016 11:14:32	Transmitter		INFO	running
16-03-2016 11:14:32	Transmitter		INFO	running
16-03-2016 11:14:32	Transmitter		INFO	running
16-03-2016 11:14:32	Transmitter		INFO	running
16-03-2016 11:14:32	Transmitter		INFO	running
16-03-2016 11:14:32	Transmitter		INFO	running
16-03-2016 11:14:32	Transmitter		INFO	running
16-03-2016 11:14:32	Transmitter		INFO	running
16-03-2016 11:14:32	Transmitter		INFO	running
16-03-2016 11:14:32	Transmitter		INFO	running
16-03-2016 11:14:32	Transmitter		INFO	running
16-03-2016 11:14:32	Transmitter		INFO	running
16-03-2016 11:14:32	Transmitter		INFO	running
16-03-2016 11:14:32	Transmitter		INFO	running
16-03-2016 11:14:32	Transmitter		INFO	running
16-03-2016 11:14:32	Transmitter		INFO	running
16-03-2016 11:14:32	Transmitter		INFO	running
16-03-2016 11:14:32	Transmitter		INFO	running
16-03-2016 11:14:32	Transmitter		INFO	running
16-03-2016 11:14:32	Transmitter		INFO	running
16-03-2016 11:14:32	Transmitter		INFO	running
16-03-2016 11:14:32	Transmitter		INFO	running
16-03-2016 11:14:32	Transmitter		INFO	running
16-03-2016 11:14:32	Transmitter		INFO	running
16-03-2016 11:14:32	Transmitter		INFO	running
16-03-2016 11:14:32	Transmitter		INFO	running
16-03-2016 11:14:32	Transmitter		INFO	running
16-03-2016 11:14:32	Transmitter		INFO	running
16-03-2016 11:14:32	Transmitter		INFO	running
16-03-2016 11:14:32	Transmitter		INFO	running
16-03-2016 11:14:32	Transmitter		INFO	running
16-03-2016 11:14:32	Transmitter		INFO	running
16-03-2016 11:14:32	Transmitter		INFO	running
16-03-2016 11:14:32	Transmitter		INFO	running
16-03-2016 11:14:32	Transmitter		INFO	running
16-03-2016 11:14:33	Transmitter		INFO	running
16-03-2016 11:14:33	Transmitter		INFO	running
16-03-2016 11:14:33	Transmitter		INFO	running
16-03-2016 11:14:33	Transmitter		INFO	running
16-03-2016 11:14:33	Transmitter		INFO	running
16-03-2016 11:14:33	Transmitter		INFO	running
16-03-2016 11:14:33	Transmitter		INFO	running
16-03-2016 11:14:33	Transmitter		INFO	running
16-03-2016 11:14:33	Transmitter		INFO	running
16-03-2016 11:14:33	Transmitter		INFO	running
16-03-2016 11:14:33	Transmitter		INFO	running
16-03-2016 11:14:33	Transmitter		INFO	running
16-03-2016 11:14:33	Transmitter		INFO	running
16-03-2016 11:14:33	Transmitter		INFO	running
16-03-2016 11:14:33	Transmitter		INFO	running
16-03-2016 11:14:33	Transmitter		INFO	running
16-03-2016 11:14:33	Transmitter		INFO	running
16-03-2016 11:14:33	Transmitter		INFO	running
16-03-2016 11:14:33	Transmitter		INFO	running
16-03-2016 11:14:33	Transmitter		INFO	running
16-03-2016 11:14:33	Transmitter		INFO	running
16-03-2016 11:14:33	Transmitter		INFO	running
16-03-2016 11:14:33	Transmitter		INFO	running
16-03-2016 11:14:33	Transmitter		INFO	running
16-03-2016 11:14:33	Transmitter		INFO	running
16-03-2016 11:14:33	Transmitter		INFO	running
16-03-2016 11:14:33	Transmitter		INFO	running
16-03-2016 11:14:33	Transmitter		INFO	running
16-03-2016 11:14:33	Transmitter		INFO	running
16-03-2016 11:14:33	Transmitter		INFO	running
16-03-2016 11:14:33	Transmitter		INFO	running
16-03-2016 11:14:33	Transmitter		INFO	running
16-03-2016 11:14:33	Transmitter		INFO	running
16-03-2016 11:14:33	Transmitter		INFO	running
16-03-2016 11:14:33	Transmitter		INFO	running
16-03-2016 11:14:33	Transmitter		INFO	running
16-03-2016 11:14:33	Transmitter		INFO	running
16-03-2016 11:14:33	Transmitter		INFO	running
16-03-2016 11:14:33	Transmitter		INFO	running
16-03-2016 11:14:33	Transmitter		INFO	running
16-03-2016 11:14:33	Transmitter		INFO	running
16-03-2016 11:14:33	Transmitter		INFO	running
16-03-2016 11:14:33	Transmitter		INFO	running
16-03-2016 11:14:33	Transmitter		INFO	running
16-03-2016 11:14:33	Transmitter		INFO	running
16-03-2016 11:14:33	Transmitter		INFO	running
16-03-2016 11:14:33	Transmitter		INFO	running
16-03-2016 11:14:33	Transmitter		INFO	running
16-03-2016 11:14:33	Transmitter		INFO	running
16-03-2016 11:14:33	Transmitter		INFO	running
16-03-2016 11:14:33	Transmitter		INFO	running
16-03-2016 11:14:33	Transmitter		INFO	running
16-03-2016 11:14:33	Transmitter		INFO	running
16-03-2016 11:14:33	Transmitter		INFO	running
16-03-2016 11:14:33	Transmitter		INFO	running
16-03-2016 11:14:33	Transmitter		INFO	running
16-03-2016 11:14:33	Transmitter		INFO	running
16-03-2016 11:14:33	Transmitter		INFO	running
16-03-2016 11:14:33	Transmitter		INFO	running
16-03-2016 11:14:33	Transmitter		INFO	running
16-03-2016 11:14:33	Transmitter		INFO	running
16-03-2016 11:14:33	Transmitter		INFO	running
16-03-2016 11:14:33	Transmitter		INFO	running
16-03-2016 11:14:33	Transmitter		INFO	running
16-03-2016 11:14:33	Transmitter		INFO	running
16-03-2016 11:14:33	Transmitter		INFO	running
16-03-2016 11:14:33	Transmitter		INFO	running
16-03-2016 11:14:33	Transmitter		INFO	running
16-03-2016 11:14:33	Transmitter		INFO	running
16-03-2016 11:14:33	Transmitter		INFO	running
16-03-2016 11:14:33	Transmitter		INFO	running
16-03-2016 11:14:33	Transmitter		INFO	running
16-03-2016 11:14:33	Transmitter		INFO	running
16-03-2016 11:14:33	Transmitter		INFO	running
16-03-2016 11:14:33	Transmitter		INFO	running
16-03-2016 11:14:33	Transmitter		INFO	running
16-03-2016 11:14:33	Transmitter		INFO	running
16-03-2016 11:14:33	Transmitter		INFO	running
16-03-2016 11:14:33	Transmitter		INFO	running
16-03-2016 11:14:33	Transmitter		INFO	running
16-03-2016 11:14:33	Transmitter		INFO	running
16-03-2016 11:14:33	Transmitter		INFO	running
16-03-2016 11:14:33	Transmitter		INFO	running
16-03-2016 11:14:33	Transmitter		INFO	running
16-03-2016 11:14:33	Transmitter		INFO	running
16-03-2016 11:14:33	Transmitter		INFO	running
16-03-2016 11:14:33	Transmitter		INFO	running
16-03-2016 11:14:33	Transmitter		INFO	running
16-03-2016 11:14:33	Transmitter		INFO	running
16-03-2016 11:14:33	Transmitter		INFO	running
16-03-2016 11:14:33	Transmitter		INFO	running
16-03-2016 11:14:33	Transmitter		INFO	running
16-03-2016 11:14:33	Transmitter		INFO	running
16-03-2016 11:14:33	Transmitter		INFO	running
16-03-2016 11:14:33	Transmitter		INFO	running
16-03-2016 11:14:33	Transmitter		INFO	running
16-03-2016 11:14:33	Transmitter		INFO	running
16-03-2016 11:14:33	Transmitter		INFO	running
16-03-2016 11:14:33	Transmitter		INFO	running
16-03-2016 11:14:33	Transmitter		INFO	running
16-03-2016 11:14:33	Transmitter		INFO	running
16-03-2016 11:14:33	Transmitter		INFO	running
16-03-2016 11:14:33	Transmitter		INFO	running
16-03-2016 11:14:33	Transmitter		INFO	running
16-03-2016 11:14:33	Transmitter		INFO	running
16-03-2016 11:14:34	Transmitter		INFO	running
16-03-2016 11:14:34	Transmitter		INFO	running
16-03-2016 11:14:34	Transmitter		INFO	running
16-03-2016 11:14:34	Transmitter		INFO	running
16-03-2016 11:14:34	Transmitter		INFO	running
16-03-2016 11:14:34	Transmitter		INFO	running
16-03-2016 11:14:34	Transmitter		INFO	running
16-03-2016 11:14:34	Transmitter		INFO	running
16-03-2016 11:14:34	Transmitter		INFO	running
16-03-2016 11:14:34	Transmitter		INFO	running
16-03-2016 11:14:34	Transmitter		INFO	running
16-03-2016 11:14:34	Transmitter		INFO	running
16-03-2016 11:14:34	Transmitter		INFO	running
16-03-2016 11:14:34	Transmitter		INFO	running
16-03-2016 11:14:34	Transmitter		INFO	running
16-03-2016 11:14:34	Transmitter		INFO	running
16-03-2016 11:14:34	Transmitter		INFO	running
16-03-2016 11:14:34	Transmitter		INFO	running
16-03-2016 11:14:34	Transmitter		INFO	running
16-03-2016 11:14:34	Transmitter		INFO	running
16-03-2016 11:14:34	Transmitter		INFO	running
16-03-2016 11:14:34	Transmitter		INFO	running
16-03-2016 11:14:34	Transmitter		INFO	running
16-03-2016 11:14:34	Transmitter		INFO	running
16-03-2016 11:14:34	Transmitter		INFO	running
16-03-2016 11:14:34	Transmitter		INFO	running
16-03-2016 11:14:34	Transmitter		INFO	running
16-03-2016 11:14:34	Transmitter		INFO	running
16-03-2016 11:14:34	Transmitter		INFO	running
16-03-2016 11:14:34	Transmitter		INFO	running
16-03-2016 11:14:34	Transmitter		INFO	running
16-03-2016 11:14:34	Transmitter		INFO	running
16-03-2016 11:14:34	Transmitter		INFO	running
16-03-2016 11:14:34	Transmitter		INFO	running
16-03-2016 11:14:34	Transmitter		INFO	running
16-03-2016 11:14:34	Transmitter		INFO	running
16-03-2016 11:14:34	Transmitter		INFO	running
16-03-2016 11:14:34	Transmitter		INFO	running
16-03-2016 11:14:34	Transmitter		INFO	running
16-03-2016 11:14:34	DataProcessor		INFO	polling
16-03-2016 11:14:34	Transmitter		INFO	running
16-03-2016 11:14:34	Transmitter		INFO	running
16-03-2016 11:14:34	Transmitter		INFO	running
16-03-2016 11:14:34	Transmitter		INFO	running
16-03-2016 11:14:34	Transmitter		INFO	running
16-03-2016 11:14:34	Transmitter		INFO	running
16-03-2016 11:14:34	Transmitter		INFO	running
16-03-2016 11:14:34	Transmitter		INFO	running
16-03-2016 11:14:34	Transmitter		INFO	running
16-03-2016 11:14:34	Transmitter		INFO	running
16-03-2016 11:14:34	Transmitter		INFO	running
16-03-2016 11:14:34	Transmitter		INFO	running
16-03-2016 11:14:34	Transmitter		INFO	running
16-03-2016 11:14:34	Transmitter		INFO	running
16-03-2016 11:14:34	Transmitter		INFO	running
16-03-2016 11:14:34	Transmitter		INFO	running
16-03-2016 11:14:34	Transmitter		INFO	running
16-03-2016 11:14:34	Transmitter		INFO	running
16-03-2016 11:14:34	Transmitter		INFO	running
16-03-2016 11:14:34	Transmitter		INFO	running
16-03-2016 11:14:34	Transmitter		INFO	running
16-03-2016 11:14:34	Transmitter		INFO	running
16-03-2016 11:14:34	Transmitter		INFO	running
16-03-2016 11:14:34	Transmitter		INFO	running
16-03-2016 11:14:34	Transmitter		INFO	running
16-03-2016 11:14:34	Transmitter		INFO	running
16-03-2016 11:14:34	Transmitter		INFO	running
16-03-2016 11:14:34	Transmitter		INFO	running
16-03-2016 11:14:34	Transmitter		INFO	running
16-03-2016 11:14:34	Transmitter		INFO	running
16-03-2016 11:14:34	Transmitter		INFO	running
16-03-2016 11:14:34	Transmitter		INFO	running
16-03-2016 11:14:34	Transmitter		INFO	running
16-03-2016 11:14:34	Transmitter		INFO	running
16-03-2016 11:14:34	Transmitter		INFO	running
16-03-2016 11:14:34	Transmitter		INFO	running
16-03-2016 11:14:34	Transmitter		INFO	running
16-03-2016 11:14:34	Transmitter		INFO	running
16-03-2016 11:14:34	Transmitter		INFO	running
16-03-2016 11:14:34	Transmitter		INFO	running
16-03-2016 11:14:34	CameraInterface		INFO	Read successful
16-03-2016 11:14:34	Transmitter		INFO	running
16-03-2016 11:14:34	Transmitter		INFO	running
16-03-2016 11:14:34	Transmitter		INFO	running
16-03-2016 11:14:34	Transmitter		INFO	running
16-03-2016 11:14:34	Transmitter		INFO	running
16-03-2016 11:14:34	Transmitter		INFO	running
16-03-2016 11:14:34	Transmitter		INFO	running
16-03-2016 11:14:34	Transmitter		INFO	running
16-03-2016 11:14:34	Transmitter		INFO	running
16-03-2016 11:14:34	Transmitter		INFO	running
16-03-2016 11:14:34	Transmitter		INFO	running
16-03-2016 11:14:34	Transmitter		INFO	running
16-03-2016 11:14:34	Transmitter		INFO	running
16-03-2016 11:14:34	Transmitter		INFO	running
16-03-2016 11:14:34	Transmitter		INFO	running
16-03-2016 11:14:34	Transmitter		INFO	running
16-03-2016 11:14:34	Transmitter		INFO	running
16-03-2016 11:14:34	Transmitter		INFO	running
16-03-2016 11:14:34	Transmitter		INFO	running
16-03-2016 11:14:34	Transmitter		INFO	running
16-03-2016 11:14:34	Transmitter		INFO	running
16-03-2016 11:14:34	Transmitter		INFO	running
16-03-2016 11:14:34	Transmitter		INFO	running
16-03-2016 11:14:35	Transmitter		INFO	running
16-03-2016 11:14:35	Transmitter		INFO	running
16-03-2016 11:14:35	Transmitter		INFO	running
16-03-2016 11:14:35	Transmitter		INFO	running
16-03-2016 11:14:35	Transmitter		INFO	running
16-03-2016 11:14:35	Transmitter		INFO	running
16-03-2016 11:14:35	Transmitter		INFO	running
16-03-2016 11:14:35	Transmitter		INFO	running
16-03-2016 11:14:35	Transmitter		INFO	running
16-03-2016 11:14:35	Transmitter		INFO	running
16-03-2016 11:14:35	Transmitter		INFO	running
16-03-2016 11:14:35	Transmitter		INFO	running
16-03-2016 11:14:35	Transmitter		INFO	running
16-03-2016 11:14:35	Transmitter		INFO	running
16-03-2016 11:14:35	Transmitter		INFO	running
16-03-2016 11:14:35	Transmitter		INFO	running
16-03-2016 11:14:35	Transmitter		INFO	running
16-03-2016 11:14:35	Transmitter		INFO	running
16-03-2016 11:14:35	Transmitter		INFO	running
16-03-2016 11:14:35	Transmitter		INFO	running
16-03-2016 11:14:35	Transmitter		INFO	running
16-03-2016 11:14:35	Transmitter		INFO	running
16-03-2016 11:14:35	Transmitter		INFO	running
16-03-2016 11:14:35	Transmitter		INFO	running
16-03-2016 11:14:35	Transmitter		INFO	running
16-03-2016 11:14:35	Transmitter		INFO	running
16-03-2016 11:14:35	Transmitter		INFO	running
16-03-2016 11:14:35	Transmitter		INFO	running
16-03-2016 11:14:35	Transmitter		INFO	running
16-03-2016 11:14:35	Transmitter		INFO	running
16-03-2016 11:14:35	Transmitter		INFO	running
16-03-2016 11:14:35	Transmitter		INFO	running
16-03-2016 11:14:35	Transmitter		INFO	running
16-03-2016 11:14:35	Transmitter		INFO	running
16-03-2016 11:14:35	Transmitter		INFO	running
16-03-2016 11:14:35	Transmitter		INFO	running
16-03-2016 11:14:35	Transmitter		INFO	running
16-03-2016 11:14:35	Transmitter		INFO	running
16-03-2016 11:14:35	Transmitter		INFO	running
16-03-2016 11:14:35	Transmitter		INFO	running
16-03-2016 11:14:35	Transmitter		INFO	running
16-03-2016 11:14:35	Transmitter		INFO	running
16-03-2016 11:14:35	Transmitter		INFO	running
16-03-2016 11:14:35	Transmitter		INFO	running
16-03-2016 11:14:35	Transmitter		INFO	running
16-03-2016 11:14:35	Transmitter		INFO	running
16-03-2016 11:14:35	Transmitter		INFO	running
16-03-2016 11:14:35	Transmitter		INFO	running
16-03-2016 11:14:35	Transmitter		INFO	running
16-03-2016 11:14:35	Transmitter		INFO	running
16-03-2016 11:14:35	Transmitter		INFO	running
16-03-2016 11:14:35	Transmitter		INFO	running
16-03-2016 11:14:35	Transmitter		INFO	running
16-03-2016 11:14:35	Transmitter		INFO	running
16-03-2016 11:14:35	Transmitter		INFO	running
16-03-2016 11:14:35	Transmitter		INFO	running
16-03-2016 11:14:35	Transmitter		INFO	running
16-03-2016 11:14:35	Transmitter		INFO	running
16-03-2016 11:14:35	Transmitter		INFO	running
16-03-2016 11:14:35	Transmitter		INFO	running
16-03-2016 11:14:35	Transmitter		INFO	running
16-03-2016 11:14:35	Transmitter		INFO	running
16-03-2016 11:14:35	Transmitter		INFO	running
16-03-2016 11:14:35	Transmitter		INFO	running
16-03-2016 11:14:35	Transmitter		INFO	running
16-03-2016 11:14:35	Transmitter		INFO	running
16-03-2016 11:14:35	Transmitter		INFO	running
16-03-2016 11:14:35	Transmitter		INFO	running
16-03-2016 11:14:35	Transmitter		INFO	running
16-03-2016 11:14:35	Transmitter		INFO	running
16-03-2016 11:14:35	Transmitter		INFO	running
16-03-2016 11:14:35	Transmitter		INFO	running
16-03-2016 11:14:35	Transmitter		INFO	running
16-03-2016 11:14:35	Transmitter		INFO	running
16-03-2016 11:14:35	Transmitter		INFO	running
16-03-2016 11:14:35	Transmitter		INFO	running
16-03-2016 11:14:35	Transmitter		INFO	running
16-03-2016 11:14:35	Transmitter		INFO	running
16-03-2016 11:14:35	Transmitter		INFO	running
16-03-2016 11:14:35	Transmitter		INFO	running
16-03-2016 11:14:35	Transmitter		INFO	running
16-03-2016 11:14:35	Transmitter		INFO	running
16-03-2016 11:14:35	Transmitter		INFO	running
16-03-2016 11:14:35	Transmitter		INFO	running
16-03-2016 11:14:35	Transmitter		INFO	running
16-03-2016 11:14:35	Transmitter		INFO	running
16-03-2016 11:14:35	Transmitter		INFO	running
16-03-2016 11:14:35	Transmitter		INFO	running
16-03-2016 11:14:35	Transmitter		INFO	running
16-03-2016 11:14:35	Transmitter		INFO	running
16-03-2016 11:14:35	Transmitter		INFO	running
16-03-2016 11:14:35	Transmitter		INFO	running
16-03-2016 11:14:36	Transmitter		INFO	running
16-03-2016 11:14:36	Transmitter		INFO	running
16-03-2016 11:14:36	Transmitter		INFO	running
16-03-2016 11:14:36	Transmitter		INFO	running
16-03-2016 11:14:36	Transmitter		INFO	running
16-03-2016 11:14:36	Transmitter		INFO	running
16-03-2016 11:14:36	Transmitter		INFO	running
16-03-2016 11:14:36	Transmitter		INFO	running
16-03-2016 11:14:36	Transmitter		INFO	running
16-03-2016 11:14:36	Transmitter		INFO	running
16-03-2016 11:14:36	Transmitter		INFO	running
16-03-2016 11:14:36	Transmitter		INFO	running
16-03-2016 11:14:36	Transmitter		INFO	running
16-03-2016 11:14:36	Transmitter		INFO	running
16-03-2016 11:14:36	Transmitter		INFO	running
16-03-2016 11:14:36	Transmitter		INFO	running
16-03-2016 11:14:36	Transmitter		INFO	running
16-03-2016 11:14:36	Transmitter		INFO	running
16-03-2016 11:14:36	Transmitter		INFO	running
16-03-2016 11:14:36	Transmitter		INFO	running
16-03-2016 11:14:36	Transmitter		INFO	running
16-03-2016 11:14:36	Transmitter		INFO	running
16-03-2016 11:14:36	Transmitter		INFO	running
16-03-2016 11:14:36	Transmitter		INFO	running
16-03-2016 11:14:36	Transmitter		INFO	running
16-03-2016 11:14:36	Transmitter		INFO	running
16-03-2016 11:14:36	Transmitter		INFO	running
16-03-2016 11:14:36	Transmitter		INFO	running
16-03-2016 11:14:36	Transmitter		INFO	running
16-03-2016 11:14:36	Transmitter		INFO	running
16-03-2016 11:14:36	Transmitter		INFO	running
16-03-2016 11:14:36	Transmitter		INFO	running
16-03-2016 11:14:36	Transmitter		INFO	running
16-03-2016 11:14:36	Transmitter		INFO	running
16-03-2016 11:14:36	Transmitter		INFO	running
16-03-2016 11:14:36	Transmitter		INFO	running
16-03-2016 11:14:36	Transmitter		INFO	running
16-03-2016 11:14:36	Transmitter		INFO	running
16-03-2016 11:14:36	Transmitter		INFO	running
16-03-2016 11:14:36	Transmitter		INFO	running
16-03-2016 11:14:36	Transmitter		INFO	running
16-03-2016 11:14:36	Transmitter		INFO	running
16-03-2016 11:14:36	Transmitter		INFO	running
16-03-2016 11:14:36	Transmitter		INFO	running
16-03-2016 11:14:36	Transmitter		INFO	running
16-03-2016 11:14:36	Transmitter		INFO	running
16-03-2016 11:14:36	Transmitter		INFO	running
16-03-2016 11:14:36	Transmitter		INFO	running
16-03-2016 11:14:36	Transmitter		INFO	running
16-03-2016 11:14:36	Transmitter		INFO	running
16-03-2016 11:14:36	Transmitter		INFO	running
16-03-2016 11:14:36	Transmitter		INFO	running
16-03-2016 11:14:36	Transmitter		INFO	running
16-03-2016 11:14:36	Transmitter		INFO	running
16-03-2016 11:14:36	Transmitter		INFO	running
16-03-2016 11:14:36	Transmitter		INFO	running
16-03-2016 11:14:36	Transmitter		INFO	running
16-03-2016 11:14:36	Transmitter		INFO	running
16-03-2016 11:14:36	Transmitter		INFO	running
16-03-2016 11:14:36	Transmitter		INFO	running
16-03-2016 11:14:36	Transmitter		INFO	running
16-03-2016 11:14:36	Transmitter		INFO	running
16-03-2016 11:14:36	Transmitter		INFO	running
16-03-2016 11:14:36	Transmitter		INFO	running
16-03-2016 11:14:36	Transmitter		INFO	running
16-03-2016 11:14:36	Transmitter		INFO	running
16-03-2016 11:14:36	Transmitter		INFO	running
16-03-2016 11:14:36	Transmitter		INFO	running
16-03-2016 11:14:36	Transmitter		INFO	running
16-03-2016 11:14:36	Transmitter		INFO	running
16-03-2016 11:14:36	Transmitter		INFO	running
16-03-2016 11:14:36	Transmitter		INFO	running
16-03-2016 11:14:36	Transmitter		INFO	running
16-03-2016 11:14:36	Transmitter		INFO	running
16-03-2016 11:14:36	Transmitter		INFO	running
16-03-2016 11:14:36	Transmitter		INFO	running
16-03-2016 11:14:36	Transmitter		INFO	running
16-03-2016 11:14:36	Transmitter		INFO	running
16-03-2016 11:14:36	Transmitter		INFO	running
16-03-2016 11:14:36	Transmitter		INFO	running
16-03-2016 11:14:36	Transmitter		INFO	running
16-03-2016 11:14:36	Transmitter		INFO	running
16-03-2016 11:14:36	Transmitter		INFO	running
16-03-2016 11:14:36	Transmitter		INFO	running
16-03-2016 11:14:36	Transmitter		INFO	running
16-03-2016 11:14:36	Transmitter		INFO	running
16-03-2016 11:14:36	Transmitter		INFO	running
16-03-2016 11:14:36	Transmitter		INFO	running
16-03-2016 11:14:36	Transmitter		INFO	running
16-03-2016 11:14:37	Transmitter		INFO	running
16-03-2016 11:14:37	Transmitter		INFO	running
16-03-2016 11:14:37	Transmitter		INFO	running
16-03-2016 11:14:37	Transmitter		INFO	running
16-03-2016 11:14:37	Transmitter		INFO	running
16-03-2016 11:14:37	Transmitter		INFO	running
16-03-2016 11:14:37	Transmitter		INFO	running
16-03-2016 11:14:37	Transmitter		INFO	running
16-03-2016 11:14:37	Transmitter		INFO	running
16-03-2016 11:14:37	Transmitter		INFO	running
16-03-2016 11:14:37	Transmitter		INFO	running
16-03-2016 11:14:37	Transmitter		INFO	running
16-03-2016 11:14:37	Transmitter		INFO	running
16-03-2016 11:14:37	Transmitter		INFO	running
16-03-2016 11:14:37	Transmitter		INFO	running
16-03-2016 11:14:37	Transmitter		INFO	running
16-03-2016 11:14:37	Transmitter		INFO	running
16-03-2016 11:14:37	Transmitter		INFO	running
16-03-2016 11:14:37	Transmitter		INFO	running
16-03-2016 11:14:37	Transmitter		INFO	running
16-03-2016 11:14:37	Transmitter		INFO	running
16-03-2016 11:14:37	Transmitter		INFO	running
16-03-2016 11:14:37	Transmitter		INFO	running
16-03-2016 11:14:37	Transmitter		INFO	running
16-03-2016 11:14:37	Transmitter		INFO	running
16-03-2016 11:14:37	Transmitter		INFO	running
16-03-2016 11:14:37	Transmitter		INFO	running
16-03-2016 11:14:37	Transmitter		INFO	running
16-03-2016 11:14:37	Transmitter		INFO	running
16-03-2016 11:14:37	Transmitter		INFO	running
16-03-2016 11:14:37	Transmitter		INFO	running
16-03-2016 11:14:37	Transmitter		INFO	running
16-03-2016 11:14:37	Transmitter		INFO	running
16-03-2016 11:14:37	Transmitter		INFO	running
16-03-2016 11:14:37	Transmitter		INFO	running
16-03-2016 11:14:37	Transmitter		INFO	running
16-03-2016 11:14:37	Transmitter		INFO	running
16-03-2016 11:14:37	Transmitter		INFO	running
16-03-2016 11:14:37	Transmitter		INFO	running
16-03-2016 11:14:37	Transmitter		INFO	running
16-03-2016 11:14:37	Transmitter		INFO	running
16-03-2016 11:14:37	Transmitter		INFO	running
16-03-2016 11:14:37	Transmitter		INFO	running
16-03-2016 11:14:37	Transmitter		INFO	running
16-03-2016 11:14:37	Transmitter		INFO	running
16-03-2016 11:14:37	Transmitter		INFO	running
16-03-2016 11:14:37	Transmitter		INFO	running
16-03-2016 11:14:37	Transmitter		INFO	running
16-03-2016 11:14:37	Transmitter		INFO	running
16-03-2016 11:14:37	Transmitter		INFO	running
16-03-2016 11:14:37	Transmitter		INFO	running
16-03-2016 11:14:37	Transmitter		INFO	running
16-03-2016 11:14:37	Transmitter		INFO	running
16-03-2016 11:14:37	Transmitter		INFO	running
16-03-2016 11:14:37	Transmitter		INFO	running
16-03-2016 11:14:37	Transmitter		INFO	running
16-03-2016 11:14:37	Transmitter		INFO	running
16-03-2016 11:14:37	Transmitter		INFO	running
16-03-2016 11:14:37	Transmitter		INFO	running
16-03-2016 11:14:37	Transmitter		INFO	running
16-03-2016 11:14:37	Transmitter		INFO	running
16-03-2016 11:14:37	Transmitter		INFO	running
16-03-2016 11:14:37	Transmitter		INFO	running
16-03-2016 11:14:37	Transmitter		INFO	running
16-03-2016 11:14:37	Transmitter		INFO	running
16-03-2016 11:14:37	Transmitter		INFO	running
16-03-2016 11:14:37	Transmitter		INFO	running
16-03-2016 11:14:37	Transmitter		INFO	running
16-03-2016 11:14:37	Transmitter		INFO	running
16-03-2016 11:14:37	Transmitter		INFO	running
16-03-2016 11:14:37	Transmitter		INFO	running
16-03-2016 11:14:37	Transmitter		INFO	running
16-03-2016 11:14:37	Transmitter		INFO	running
16-03-2016 11:14:37	Transmitter		INFO	running
16-03-2016 11:14:37	Transmitter		INFO	running
16-03-2016 11:14:37	Transmitter		INFO	running
16-03-2016 11:14:37	Transmitter		INFO	running
16-03-2016 11:14:37	Transmitter		INFO	running
16-03-2016 11:14:37	Transmitter		INFO	running
16-03-2016 11:14:37	Transmitter		INFO	running
16-03-2016 11:14:37	Transmitter		INFO	running
16-03-2016 11:14:37	Transmitter		INFO	running
16-03-2016 11:14:37	Transmitter		INFO	running
16-03-2016 11:14:37	Transmitter		INFO	running
16-03-2016 11:14:37	Transmitter		INFO	running
16-03-2016 11:14:37	Transmitter		INFO	running
16-03-2016 11:14:37	Transmitter		INFO	running
16-03-2016 11:14:37	Transmitter		INFO	running
16-03-2016 11:14:37	Transmitter		INFO	running
16-03-2016 11:14:37	Transmitter		INFO	running
16-03-2016 11:14:37	Transmitter		INFO	running
16-03-2016 11:14:38	Transmitter		INFO	running
16-03-2016 11:14:38	Transmitter		INFO	running
16-03-2016 11:14:38	Transmitter		INFO	running
16-03-2016 11:14:38	Transmitter		INFO	running
16-03-2016 11:14:38	Transmitter		INFO	running
16-03-2016 11:14:38	Transmitter		INFO	running
16-03-2016 11:14:38	Transmitter		INFO	running
16-03-2016 11:14:38	Transmitter		INFO	running
16-03-2016 11:14:38	Transmitter		INFO	running
16-03-2016 11:14:38	Transmitter		INFO	running
16-03-2016 11:14:38	Transmitter		INFO	running
16-03-2016 11:14:38	Transmitter		INFO	running
16-03-2016 11:14:38	Transmitter		INFO	running
16-03-2016 11:14:38	Transmitter		INFO	running
16-03-2016 11:14:38	Transmitter		INFO	running
16-03-2016 11:14:38	Transmitter		INFO	running
16-03-2016 11:14:38	Transmitter		INFO	running
16-03-2016 11:14:38	Transmitter		INFO	running
16-03-2016 11:14:38	Transmitter		INFO	running
16-03-2016 11:14:38	Transmitter		INFO	running
16-03-2016 11:14:38	Transmitter		INFO	running
16-03-2016 11:14:38	Transmitter		INFO	running
16-03-2016 11:14:38	Transmitter		INFO	running
16-03-2016 11:14:38	Transmitter		INFO	running
16-03-2016 11:14:38	Transmitter		INFO	running
16-03-2016 11:14:38	Transmitter		INFO	running
16-03-2016 11:14:38	Transmitter		INFO	running
16-03-2016 11:14:38	Transmitter		INFO	running
16-03-2016 11:14:38	Transmitter		INFO	running
16-03-2016 11:14:38	Transmitter		INFO	running
16-03-2016 11:14:38	Transmitter		INFO	running
16-03-2016 11:14:38	Transmitter		INFO	running
16-03-2016 11:14:38	Transmitter		INFO	running
16-03-2016 11:14:38	Transmitter		INFO	running
16-03-2016 11:14:38	Transmitter		INFO	running
16-03-2016 11:14:38	Transmitter		INFO	running
16-03-2016 11:14:38	Transmitter		INFO	running
16-03-2016 11:14:38	Transmitter		INFO	running
16-03-2016 11:14:38	Transmitter		INFO	running
16-03-2016 11:14:38	Transmitter		INFO	running
16-03-2016 11:14:38	Transmitter		INFO	running
16-03-2016 11:14:38	Transmitter		INFO	running
16-03-2016 11:14:38	Transmitter		INFO	running
16-03-2016 11:14:38	Transmitter		INFO	running
16-03-2016 11:14:38	Transmitter		INFO	running
16-03-2016 11:14:38	Transmitter		INFO	running
16-03-2016 11:14:38	Transmitter		INFO	running
16-03-2016 11:14:38	Transmitter		INFO	running
16-03-2016 11:14:38	Transmitter		INFO	running
16-03-2016 11:14:38	Transmitter		INFO	running
16-03-2016 11:14:38	Transmitter		INFO	running
16-03-2016 11:14:38	Transmitter		INFO	running
16-03-2016 11:14:38	Transmitter		INFO	running
16-03-2016 11:14:38	Transmitter		INFO	running
16-03-2016 11:14:38	Transmitter		INFO	running
16-03-2016 11:14:38	Transmitter		INFO	running
16-03-2016 11:14:38	Transmitter		INFO	running
16-03-2016 11:14:38	Transmitter		INFO	running
16-03-2016 11:14:38	Transmitter		INFO	running
16-03-2016 11:14:38	Transmitter		INFO	running
16-03-2016 11:14:38	Transmitter		INFO	running
16-03-2016 11:14:38	Transmitter		INFO	running
16-03-2016 11:14:38	Transmitter		INFO	running
16-03-2016 11:14:38	Transmitter		INFO	running
16-03-2016 11:14:38	Transmitter		INFO	running
16-03-2016 11:14:38	Transmitter		INFO	running
16-03-2016 11:14:38	Transmitter		INFO	running
16-03-2016 11:14:38	Transmitter		INFO	running
16-03-2016 11:14:38	Transmitter		INFO	running
16-03-2016 11:14:38	Transmitter		INFO	running
16-03-2016 11:14:38	Transmitter		INFO	running
16-03-2016 11:14:38	Transmitter		INFO	running
16-03-2016 11:14:38	Transmitter		INFO	running
16-03-2016 11:14:38	Transmitter		INFO	running
16-03-2016 11:14:38	Transmitter		INFO	running
16-03-2016 11:14:38	Transmitter		INFO	running
16-03-2016 11:14:38	Transmitter		INFO	running
16-03-2016 11:14:38	Transmitter		INFO	running
16-03-2016 11:14:38	Transmitter		INFO	running
16-03-2016 11:14:38	Transmitter		INFO	running
16-03-2016 11:14:38	Transmitter		INFO	running
16-03-2016 11:14:38	Transmitter		INFO	running
16-03-2016 11:14:38	Transmitter		INFO	running
16-03-2016 11:14:38	Transmitter		INFO	running
16-03-2016 11:14:38	Transmitter		INFO	running
16-03-2016 11:14:38	Transmitter		INFO	running
16-03-2016 11:14:38	Transmitter		INFO	running
16-03-2016 11:14:39	Transmitter		INFO	running
16-03-2016 11:14:39	Transmitter		INFO	running
16-03-2016 11:14:39	Transmitter		INFO	running
16-03-2016 11:14:39	Transmitter		INFO	running
16-03-2016 11:14:39	Transmitter		INFO	running
16-03-2016 11:14:39	Transmitter		INFO	running
16-03-2016 11:14:39	Transmitter		INFO	running
16-03-2016 11:14:39	Transmitter		INFO	running
16-03-2016 11:14:39	Transmitter		INFO	running
16-03-2016 11:14:39	Transmitter		INFO	running
16-03-2016 11:14:39	Transmitter		INFO	running
16-03-2016 11:14:39	Transmitter		INFO	running
16-03-2016 11:14:39	Transmitter		INFO	running
16-03-2016 11:14:39	Transmitter		INFO	running
16-03-2016 11:14:39	Transmitter		INFO	running
16-03-2016 11:14:39	Transmitter		INFO	running
16-03-2016 11:14:39	Transmitter		INFO	running
16-03-2016 11:14:39	Transmitter		INFO	running
16-03-2016 11:14:39	Transmitter		INFO	running
16-03-2016 11:14:39	Transmitter		INFO	running
16-03-2016 11:14:39	Transmitter		INFO	running
16-03-2016 11:14:39	Transmitter		INFO	running
16-03-2016 11:14:39	Transmitter		INFO	running
16-03-2016 11:14:39	Transmitter		INFO	running
16-03-2016 11:14:39	Transmitter		INFO	running
16-03-2016 11:14:39	Transmitter		INFO	running
16-03-2016 11:14:39	Transmitter		INFO	running
16-03-2016 11:14:39	Transmitter		INFO	running
16-03-2016 11:14:39	Transmitter		INFO	running
16-03-2016 11:14:39	Transmitter		INFO	running
16-03-2016 11:14:39	Transmitter		INFO	running
16-03-2016 11:14:39	Transmitter		INFO	running
16-03-2016 11:14:39	Transmitter		INFO	running
16-03-2016 11:14:39	Transmitter		INFO	running
16-03-2016 11:14:39	Transmitter		INFO	running
16-03-2016 11:14:39	Transmitter		INFO	running
16-03-2016 11:14:39	Transmitter		INFO	running
16-03-2016 11:14:39	Transmitter		INFO	running
16-03-2016 11:14:39	Transmitter		INFO	running
16-03-2016 11:14:39	Transmitter		INFO	running
16-03-2016 11:14:39	Transmitter		INFO	running
16-03-2016 11:14:39	Transmitter		INFO	running
16-03-2016 11:14:39	Transmitter		INFO	running
16-03-2016 11:14:39	Transmitter		INFO	running
16-03-2016 11:14:39	Transmitter		INFO	running
16-03-2016 11:14:39	Transmitter		INFO	running
16-03-2016 11:14:39	Transmitter		INFO	running
16-03-2016 11:14:39	Transmitter		INFO	running
16-03-2016 11:14:39	Transmitter		INFO	running
