21-02-2016 11:08:00	Main		TRACE	Logger initialized.
21-02-2016 11:08:00	PropertyReader		TRACE	Opening file: settings/settings.txt
21-02-2016 11:08:00	PropertyReader		INFO	File opened: settings/settings.txt
21-02-2016 11:08:00	PropertyReader		INFO	Loading properties file...
21-02-2016 11:08:00	PropertyReader		INFO	Mapped TRACE to LOGGING_LEVEL
21-02-2016 11:08:00	PropertyReader		INFO	Mapped 100 to CAM_BUFFER_SIZE
21-02-2016 11:08:00	PropertyReader		INFO	Mapped 15 to CAM_POLL_FREQUENCY
21-02-2016 11:08:00	PropertyReader		INFO	Mapped 0 to CAM_INDEX
21-02-2016 11:08:00	PropertyReader		DEBUG	Loaded 4 properties successfully
21-02-2016 11:08:00	Controller		INFO	Constructor controller
21-02-2016 11:08:00	Transmitter		INFO	socket retrieve success
21-02-2016 11:08:00	Transmitter		INFO	binding done
21-02-2016 11:08:00	Transmitter		INFO	done listening
21-02-2016 11:08:04	Transmitter		INFO	accepting
21-02-2016 11:08:04	Main		TRACE	intializing controller
21-02-2016 11:08:04	Controller		INFO	Initializing Controller
21-02-2016 11:08:04	Main		TRACE	initializing dataprocessor
21-02-2016 11:08:04	Receiver		INFO	Starting Receiver Thread execution loop
21-02-2016 11:08:04	ControllerThread		INFO	Starting Controller Thread execution loop
21-02-2016 11:08:04	Transmitter		INFO	Starting Receiver Thread execution loop
21-02-2016 11:08:04	Transmitter		INFO	running
21-02-2016 11:08:04	Transmitter		INFO	running
21-02-2016 11:08:04	CameraInterface		INFO	Initializing camera
21-02-2016 11:08:04	Transmitter		INFO	running
21-02-2016 11:08:04	Transmitter		INFO	running
21-02-2016 11:08:04	CameraInterface		INFO	Opening video capture stream at position 0
21-02-2016 11:08:04	Transmitter		INFO	running
21-02-2016 11:08:04	Transmitter		INFO	running
21-02-2016 11:08:04	Transmitter		INFO	running
21-02-2016 11:08:04	Transmitter		INFO	running
21-02-2016 11:08:04	Transmitter		INFO	running
21-02-2016 11:08:04	Transmitter		INFO	running
21-02-2016 11:08:04	Transmitter		INFO	running
21-02-2016 11:08:04	Transmitter		INFO	running
21-02-2016 11:08:04	Transmitter		INFO	running
21-02-2016 11:08:04	Transmitter		INFO	running
21-02-2016 11:08:04	Transmitter		INFO	running
21-02-2016 11:08:04	Transmitter		INFO	running
21-02-2016 11:08:04	Transmitter		INFO	running
21-02-2016 11:08:04	Transmitter		INFO	running
21-02-2016 11:08:04	Transmitter		INFO	running
21-02-2016 11:08:04	Transmitter		INFO	running
21-02-2016 11:08:04	Transmitter		INFO	running
21-02-2016 11:08:04	Transmitter		INFO	running
21-02-2016 11:08:04	Transmitter		INFO	running
21-02-2016 11:08:04	Transmitter		INFO	running
21-02-2016 11:08:04	Transmitter		INFO	running
21-02-2016 11:08:04	Transmitter		INFO	running
21-02-2016 11:08:04	Transmitter		INFO	running
21-02-2016 11:08:04	Transmitter		INFO	running
21-02-2016 11:08:04	Transmitter		INFO	running
21-02-2016 11:08:04	Transmitter		INFO	running
21-02-2016 11:08:04	Transmitter		INFO	running
21-02-2016 11:08:04	Transmitter		INFO	running
21-02-2016 11:08:04	Transmitter		INFO	running
21-02-2016 11:08:04	Transmitter		INFO	running
21-02-2016 11:08:04	Transmitter		INFO	running
21-02-2016 11:08:04	Transmitter		INFO	running
21-02-2016 11:08:04	Main		TRACE	running controller
21-02-2016 11:08:04	Main		TRACE	running controller
21-02-2016 11:08:04	Transmitter		INFO	running
21-02-2016 11:08:04	Transmitter		INFO	running
21-02-2016 11:08:04	Transmitter		INFO	running
21-02-2016 11:08:04	Transmitter		INFO	running
21-02-2016 11:08:04	DataProcessor		INFO	polling
21-02-2016 11:08:04	Transmitter		INFO	running
21-02-2016 11:08:04	Transmitter		INFO	running
21-02-2016 11:08:04	Transmitter		INFO	running
21-02-2016 11:08:04	Transmitter		INFO	running
21-02-2016 11:08:05	Transmitter		INFO	running
21-02-2016 11:08:05	Transmitter		INFO	running
21-02-2016 11:08:05	Transmitter		INFO	running
21-02-2016 11:08:05	Transmitter		INFO	running
21-02-2016 11:08:05	Transmitter		INFO	running
21-02-2016 11:08:05	Transmitter		INFO	running
21-02-2016 11:08:05	Transmitter		INFO	running
21-02-2016 11:08:05	Transmitter		INFO	running
21-02-2016 11:08:05	Transmitter		INFO	running
21-02-2016 11:08:05	Transmitter		INFO	running
21-02-2016 11:08:05	Transmitter		INFO	running
21-02-2016 11:08:05	Transmitter		INFO	running
21-02-2016 11:08:05	Transmitter		INFO	running
21-02-2016 11:08:05	Transmitter		INFO	running
21-02-2016 11:08:05	Transmitter		INFO	running
21-02-2016 11:08:05	Transmitter		INFO	running
21-02-2016 11:08:05	Transmitter		INFO	running
21-02-2016 11:08:05	Transmitter		INFO	running
21-02-2016 11:08:05	Transmitter		INFO	running
21-02-2016 11:08:05	Transmitter		INFO	running
21-02-2016 11:08:05	Transmitter		INFO	running
21-02-2016 11:08:05	Transmitter		INFO	running
21-02-2016 11:08:05	Transmitter		INFO	running
21-02-2016 11:08:05	Transmitter		INFO	running
21-02-2016 11:08:05	Transmitter		INFO	running
21-02-2016 11:08:05	Transmitter		INFO	running
21-02-2016 11:08:05	Transmitter		INFO	running
21-02-2016 11:08:05	Transmitter		INFO	running
21-02-2016 11:08:05	Transmitter		INFO	running
21-02-2016 11:08:05	Transmitter		INFO	running
21-02-2016 11:08:05	Transmitter		INFO	running
21-02-2016 11:08:05	Transmitter		INFO	running
21-02-2016 11:08:05	Transmitter		INFO	running
21-02-2016 11:08:05	Transmitter		INFO	running
21-02-2016 11:08:05	Transmitter		INFO	running
21-02-2016 11:08:05	Transmitter		INFO	running
21-02-2016 11:08:05	Transmitter		INFO	running
21-02-2016 11:08:05	Transmitter		INFO	running
21-02-2016 11:08:05	Transmitter		INFO	running
21-02-2016 11:08:05	Transmitter		INFO	running
21-02-2016 11:08:05	Transmitter		INFO	running
21-02-2016 11:08:05	Transmitter		INFO	running
21-02-2016 11:08:05	Transmitter		INFO	running
21-02-2016 11:08:05	Transmitter		INFO	running
21-02-2016 11:08:05	Transmitter		INFO	running
21-02-2016 11:08:05	Transmitter		INFO	running
21-02-2016 11:08:05	Transmitter		INFO	running
21-02-2016 11:08:05	Transmitter		INFO	running
21-02-2016 11:08:05	Transmitter		INFO	running
21-02-2016 11:08:05	Transmitter		INFO	running
21-02-2016 11:08:05	Transmitter		INFO	running
21-02-2016 11:08:05	Transmitter		INFO	running
21-02-2016 11:08:05	Transmitter		INFO	running
21-02-2016 11:08:05	Transmitter		INFO	running
21-02-2016 11:08:05	Transmitter		INFO	running
21-02-2016 11:08:05	Transmitter		INFO	running
21-02-2016 11:08:05	Transmitter		INFO	running
21-02-2016 11:08:05	Transmitter		INFO	running
21-02-2016 11:08:05	Transmitter		INFO	running
21-02-2016 11:08:05	Transmitter		INFO	running
21-02-2016 11:08:05	Transmitter		INFO	running
21-02-2016 11:08:05	Transmitter		INFO	running
21-02-2016 11:08:05	Transmitter		INFO	running
21-02-2016 11:08:05	Transmitter		INFO	running
21-02-2016 11:08:05	Transmitter		INFO	running
21-02-2016 11:08:05	Transmitter		INFO	running
21-02-2016 11:08:05	Transmitter		INFO	running
21-02-2016 11:08:05	Transmitter		INFO	running
21-02-2016 11:08:05	Transmitter		INFO	running
21-02-2016 11:08:05	Transmitter		INFO	running
21-02-2016 11:08:05	Transmitter		INFO	running
21-02-2016 11:08:05	Transmitter		INFO	running
21-02-2016 11:08:05	Transmitter		INFO	running
21-02-2016 11:08:05	Transmitter		INFO	running
21-02-2016 11:08:05	Transmitter		INFO	running
21-02-2016 11:08:05	Transmitter		INFO	running
21-02-2016 11:08:05	Transmitter		INFO	running
21-02-2016 11:08:05	Transmitter		INFO	running
21-02-2016 11:08:05	Transmitter		INFO	running
21-02-2016 11:08:05	Transmitter		INFO	running
21-02-2016 11:08:05	Transmitter		INFO	running
21-02-2016 11:08:05	Transmitter		INFO	running
21-02-2016 11:08:05	Transmitter		INFO	running
21-02-2016 11:08:05	Transmitter		INFO	running
21-02-2016 11:08:05	CameraInterface		INFO	Read successful
21-02-2016 11:08:05	Controller		INFO	sending to transmitter
21-02-2016 11:08:05	Transmitter		INFO	pushing into buff
21-02-2016 11:08:05	Transmitter		INFO	running
21-02-2016 11:08:05	Transmitter		INFO	pushing into buff
21-02-2016 11:08:05	Transmitter		INFO	running
21-02-2016 11:08:05	DataProcessor		INFO	polling
21-02-2016 11:08:05	Transmitter		INFO	getting from buffer
21-02-2016 11:08:05	CameraInterface		INFO	Read successful
21-02-2016 11:08:05	Controller		INFO	sending to transmitter
21-02-2016 11:08:05	Transmitter		INFO	pushing into buff
21-02-2016 11:08:05	DataProcessor		INFO	polling
21-02-2016 11:08:06	CameraInterface		INFO	Read successful
21-02-2016 11:08:06	Controller		INFO	sending to transmitter
21-02-2016 11:08:06	Transmitter		INFO	pushing into buff
21-02-2016 11:08:06	DataProcessor		INFO	polling
21-02-2016 11:08:06	CameraInterface		INFO	Read successful
21-02-2016 11:08:06	Controller		INFO	sending to transmitter
21-02-2016 11:08:06	Transmitter		INFO	pushing into buff
21-02-2016 11:08:06	DataProcessor		INFO	polling
21-02-2016 11:08:06	CameraInterface		INFO	Read successful
21-02-2016 11:08:06	Controller		INFO	sending to transmitter
21-02-2016 11:08:06	Transmitter		INFO	pushing into buff
21-02-2016 11:08:06	DataProcessor		INFO	polling
21-02-2016 11:08:06	CameraInterface		INFO	Read successful
21-02-2016 11:08:06	Controller		INFO	sending to transmitter
21-02-2016 11:08:06	Transmitter		INFO	pushing into buff
21-02-2016 11:08:06	DataProcessor		INFO	polling
21-02-2016 11:08:07	CameraInterface		INFO	Read successful
21-02-2016 11:08:07	Controller		INFO	sending to transmitter
21-02-2016 11:08:07	Transmitter		INFO	pushing into buff
21-02-2016 11:08:07	DataProcessor		INFO	polling
21-02-2016 11:08:07	CameraInterface		INFO	Read successful
21-02-2016 11:08:07	Controller		INFO	sending to transmitter
21-02-2016 11:08:07	Transmitter		INFO	pushing into buff
21-02-2016 11:08:07	DataProcessor		INFO	polling
21-02-2016 11:08:07	CameraInterface		INFO	Read successful
21-02-2016 11:08:07	Controller		INFO	sending to transmitter
21-02-2016 11:08:07	Transmitter		INFO	pushing into buff
21-02-2016 11:08:07	DataProcessor		INFO	polling
21-02-2016 11:08:07	CameraInterface		INFO	Read successful
21-02-2016 11:08:07	Controller		INFO	sending to transmitter
21-02-2016 11:08:07	Transmitter		INFO	pushing into buff
21-02-2016 11:08:07	DataProcessor		INFO	polling
21-02-2016 11:08:07	CameraInterface		INFO	Read successful
21-02-2016 11:08:07	Controller		INFO	sending to transmitter
21-02-2016 11:08:07	Transmitter		INFO	pushing into buff
21-02-2016 11:08:07	DataProcessor		INFO	polling
21-02-2016 11:08:08	CameraInterface		INFO	Read successful
21-02-2016 11:08:08	Controller		INFO	sending to transmitter
21-02-2016 11:08:08	Transmitter		INFO	pushing into buff
21-02-2016 11:08:08	DataProcessor		INFO	polling
21-02-2016 11:08:08	CameraInterface		INFO	Read successful
21-02-2016 11:08:08	Controller		INFO	sending to transmitter
21-02-2016 11:08:08	Transmitter		INFO	pushing into buff
21-02-2016 11:08:08	DataProcessor		INFO	polling
21-02-2016 11:08:08	CameraInterface		INFO	Read successful
21-02-2016 11:08:08	Controller		INFO	sending to transmitter
21-02-2016 11:08:08	Transmitter		INFO	pushing into buff
21-02-2016 11:08:08	DataProcessor		INFO	polling
21-02-2016 11:08:08	CameraInterface		INFO	Read successful
21-02-2016 11:08:08	Controller		INFO	sending to transmitter
21-02-2016 11:08:08	Transmitter		INFO	pushing into buff
21-02-2016 11:08:08	DataProcessor		INFO	polling
21-02-2016 11:08:08	CameraInterface		INFO	Read successful
21-02-2016 11:08:08	Controller		INFO	sending to transmitter
21-02-2016 11:08:08	Transmitter		INFO	pushing into buff
21-02-2016 11:08:08	DataProcessor		INFO	polling
21-02-2016 11:08:09	CameraInterface		INFO	Read successful
21-02-2016 11:08:09	Controller		INFO	sending to transmitter
21-02-2016 11:08:09	Transmitter		INFO	pushing into buff
21-02-2016 11:08:09	DataProcessor		INFO	polling
21-02-2016 11:08:09	CameraInterface		INFO	Read successful
21-02-2016 11:08:09	Controller		INFO	sending to transmitter
21-02-2016 11:08:09	Transmitter		INFO	pushing into buff
21-02-2016 11:08:09	DataProcessor		INFO	polling
21-02-2016 11:08:09	CameraInterface		INFO	Read successful
21-02-2016 11:08:09	Controller		INFO	sending to transmitter
21-02-2016 11:08:09	Transmitter		INFO	pushing into buff
21-02-2016 11:08:09	DataProcessor		INFO	polling
21-02-2016 11:08:09	CameraInterface		INFO	Read successful
21-02-2016 11:08:09	Controller		INFO	sending to transmitter
21-02-2016 11:08:09	Transmitter		INFO	pushing into buff
21-02-2016 11:08:09	DataProcessor		INFO	polling
21-02-2016 11:08:09	CameraInterface		INFO	Read successful
21-02-2016 11:08:09	Controller		INFO	sending to transmitter
21-02-2016 11:08:09	Transmitter		INFO	pushing into buff
21-02-2016 11:08:10	DataProcessor		INFO	polling
21-02-2016 11:08:10	CameraInterface		INFO	Read successful
21-02-2016 11:08:10	Controller		INFO	sending to transmitter
21-02-2016 11:08:10	Transmitter		INFO	pushing into buff
21-02-2016 11:08:10	DataProcessor		INFO	polling
21-02-2016 11:08:10	Transmitter		INFO	sending string: 51411
21-02-2016 11:08:10	CameraInterface		INFO	Read successful
21-02-2016 11:08:10	Controller		INFO	sending to transmitter
21-02-2016 11:08:10	Transmitter		INFO	pushing into buff
21-02-2016 11:08:10	DataProcessor		INFO	polling
21-02-2016 11:08:10	Transmitter		INFO	running
21-02-2016 11:08:10	Transmitter		INFO	getting from buffer
21-02-2016 11:08:10	CameraInterface		INFO	Read successful
21-02-2016 11:08:10	Controller		INFO	sending to transmitter
21-02-2016 11:08:10	Transmitter		INFO	pushing into buff
21-02-2016 11:08:10	DataProcessor		INFO	polling
21-02-2016 11:08:10	CameraInterface		INFO	Read successful
21-02-2016 11:08:10	Controller		INFO	sending to transmitter
21-02-2016 11:08:10	Transmitter		INFO	pushing into buff
21-02-2016 11:08:10	DataProcessor		INFO	polling
21-02-2016 11:08:11	CameraInterface		INFO	Read successful
21-02-2016 11:08:11	Controller		INFO	sending to transmitter
21-02-2016 11:08:11	Transmitter		INFO	pushing into buff
21-02-2016 11:08:11	DataProcessor		INFO	polling
21-02-2016 11:08:11	CameraInterface		INFO	Read successful
21-02-2016 11:08:11	Controller		INFO	sending to transmitter
21-02-2016 11:08:11	Transmitter		INFO	pushing into buff
21-02-2016 11:08:11	DataProcessor		INFO	polling
21-02-2016 11:08:11	CameraInterface		INFO	Read successful
21-02-2016 11:08:11	Controller		INFO	sending to transmitter
21-02-2016 11:08:11	Transmitter		INFO	pushing into buff
21-02-2016 11:08:11	DataProcessor		INFO	polling
21-02-2016 11:08:11	CameraInterface		INFO	Read successful
21-02-2016 11:08:11	Controller		INFO	sending to transmitter
21-02-2016 11:08:11	Transmitter		INFO	pushing into buff
21-02-2016 11:08:11	DataProcessor		INFO	polling
21-02-2016 11:08:11	CameraInterface		INFO	Read successful
21-02-2016 11:08:11	Controller		INFO	sending to transmitter
21-02-2016 11:08:12	Transmitter		INFO	pushing into buff
21-02-2016 11:08:12	DataProcessor		INFO	polling
21-02-2016 11:08:12	CameraInterface		INFO	Read successful
21-02-2016 11:08:12	Controller		INFO	sending to transmitter
21-02-2016 11:08:12	Transmitter		INFO	pushing into buff
21-02-2016 11:08:12	DataProcessor		INFO	polling
21-02-2016 11:08:12	CameraInterface		INFO	Read successful
21-02-2016 11:08:12	Controller		INFO	sending to transmitter
21-02-2016 11:08:12	Transmitter		INFO	pushing into buff
21-02-2016 11:08:12	DataProcessor		INFO	polling
21-02-2016 11:08:12	CameraInterface		INFO	Read successful
21-02-2016 11:08:12	Controller		INFO	sending to transmitter
21-02-2016 11:08:12	Transmitter		INFO	pushing into buff
21-02-2016 11:08:12	DataProcessor		INFO	polling
21-02-2016 11:08:12	CameraInterface		INFO	Read successful
21-02-2016 11:08:12	Controller		INFO	sending to transmitter
21-02-2016 11:08:12	Transmitter		INFO	pushing into buff
21-02-2016 11:08:12	DataProcessor		INFO	polling
21-02-2016 11:08:13	CameraInterface		INFO	Read successful
21-02-2016 11:08:13	Controller		INFO	sending to transmitter
21-02-2016 11:08:13	Transmitter		INFO	pushing into buff
21-02-2016 11:08:13	DataProcessor		INFO	polling
21-02-2016 11:08:13	CameraInterface		INFO	Read successful
21-02-2016 11:08:13	Controller		INFO	sending to transmitter
21-02-2016 11:08:13	Transmitter		INFO	pushing into buff
21-02-2016 11:08:13	DataProcessor		INFO	polling
21-02-2016 11:08:13	CameraInterface		INFO	Read successful
21-02-2016 11:08:13	Controller		INFO	sending to transmitter
21-02-2016 11:08:13	Transmitter		INFO	pushing into buff
21-02-2016 11:08:13	DataProcessor		INFO	polling
21-02-2016 11:08:13	CameraInterface		INFO	Read successful
21-02-2016 11:08:13	Controller		INFO	sending to transmitter
21-02-2016 11:08:13	Transmitter		INFO	pushing into buff
21-02-2016 11:08:13	DataProcessor		INFO	polling
21-02-2016 11:08:13	CameraInterface		INFO	Read successful
21-02-2016 11:08:13	Controller		INFO	sending to transmitter
21-02-2016 11:08:13	Transmitter		INFO	pushing into buff
21-02-2016 11:08:13	DataProcessor		INFO	polling
