21-02-2016 11:59:39	Main		TRACE	Logger initialized.
21-02-2016 11:59:39	PropertyReader		TRACE	Opening file: settings/settings.txt
21-02-2016 11:59:39	PropertyReader		INFO	File opened: settings/settings.txt
21-02-2016 11:59:39	PropertyReader		INFO	Loading properties file...
21-02-2016 11:59:39	PropertyReader		INFO	Mapped TRACE to LOGGING_LEVEL
21-02-2016 11:59:39	PropertyReader		INFO	Mapped 100 to CAM_BUFFER_SIZE
21-02-2016 11:59:39	PropertyReader		INFO	Mapped 15 to CAM_POLL_FREQUENCY
21-02-2016 11:59:39	PropertyReader		INFO	Mapped 0 to CAM_INDEX
21-02-2016 11:59:39	PropertyReader		DEBUG	Loaded 4 properties successfully
21-02-2016 11:59:39	Controller		INFO	Constructor controller
21-02-2016 11:59:39	Transmitter		INFO	socket retrieve success
21-02-2016 11:59:39	Transmitter		INFO	binding done
21-02-2016 11:59:39	Transmitter		INFO	done listening
22-02-2016 12:00:10	Transmitter		INFO	accepting
22-02-2016 12:00:10	Main		TRACE	intializing controller
22-02-2016 12:00:10	Controller		INFO	Initializing Controller
22-02-2016 12:00:10	Main		TRACE	initializing dataprocessor
22-02-2016 12:00:10	CameraInterface		INFO	Initializing camera
22-02-2016 12:00:10	CameraInterface		INFO	Opening video capture stream at position 0
22-02-2016 12:00:10	Receiver		INFO	Starting Receiver Thread execution loop
22-02-2016 12:00:10	Transmitter		INFO	Starting Receiver Thread execution loop
22-02-2016 12:00:10	ControllerThread		INFO	Starting Controller Thread execution loop
22-02-2016 12:00:10	Transmitter		INFO	running
22-02-2016 12:00:10	Transmitter		INFO	running
22-02-2016 12:00:10	Transmitter		INFO	running
22-02-2016 12:00:10	Transmitter		INFO	running
22-02-2016 12:00:10	Transmitter		INFO	running
22-02-2016 12:00:10	Transmitter		INFO	running
22-02-2016 12:00:10	Transmitter		INFO	running
22-02-2016 12:00:10	Transmitter		INFO	running
22-02-2016 12:00:10	Transmitter		INFO	running
22-02-2016 12:00:10	Transmitter		INFO	running
22-02-2016 12:00:10	Transmitter		INFO	running
22-02-2016 12:00:10	Transmitter		INFO	running
22-02-2016 12:00:10	Transmitter		INFO	running
22-02-2016 12:00:10	Transmitter		INFO	running
22-02-2016 12:00:10	Transmitter		INFO	running
22-02-2016 12:00:10	Transmitter		INFO	running
22-02-2016 12:00:10	Transmitter		INFO	running
22-02-2016 12:00:10	Transmitter		INFO	running
22-02-2016 12:00:10	Transmitter		INFO	running
22-02-2016 12:00:10	Transmitter		INFO	running
22-02-2016 12:00:10	Transmitter		INFO	running
22-02-2016 12:00:10	Transmitter		INFO	running
22-02-2016 12:00:10	Transmitter		INFO	running
22-02-2016 12:00:10	Transmitter		INFO	running
22-02-2016 12:00:10	Transmitter		INFO	running
22-02-2016 12:00:10	Transmitter		INFO	running
22-02-2016 12:00:10	Transmitter		INFO	running
22-02-2016 12:00:10	Transmitter		INFO	running
22-02-2016 12:00:10	Transmitter		INFO	running
22-02-2016 12:00:10	Transmitter		INFO	running
22-02-2016 12:00:10	Transmitter		INFO	running
22-02-2016 12:00:10	Transmitter		INFO	running
22-02-2016 12:00:10	Main		TRACE	running controller
22-02-2016 12:00:10	DataProcessor		INFO	polling
22-02-2016 12:00:10	Transmitter		INFO	running
22-02-2016 12:00:10	Transmitter		INFO	running
22-02-2016 12:00:10	Transmitter		INFO	running
22-02-2016 12:00:10	Transmitter		INFO	running
22-02-2016 12:00:10	Transmitter		INFO	running
22-02-2016 12:00:10	Transmitter		INFO	running
22-02-2016 12:00:10	Transmitter		INFO	running
22-02-2016 12:00:10	Transmitter		INFO	running
22-02-2016 12:00:10	Transmitter		INFO	running
22-02-2016 12:00:10	Transmitter		INFO	running
22-02-2016 12:00:10	Transmitter		INFO	running
22-02-2016 12:00:10	Transmitter		INFO	running
22-02-2016 12:00:10	Transmitter		INFO	running
22-02-2016 12:00:10	Transmitter		INFO	running
22-02-2016 12:00:10	Transmitter		INFO	running
22-02-2016 12:00:10	Transmitter		INFO	running
22-02-2016 12:00:10	Transmitter		INFO	running
22-02-2016 12:00:10	Transmitter		INFO	running
22-02-2016 12:00:10	Transmitter		INFO	running
22-02-2016 12:00:10	Transmitter		INFO	running
22-02-2016 12:00:10	Transmitter		INFO	running
22-02-2016 12:00:10	Transmitter		INFO	running
22-02-2016 12:00:10	Transmitter		INFO	running
22-02-2016 12:00:11	Transmitter		INFO	running
22-02-2016 12:00:11	Transmitter		INFO	running
22-02-2016 12:00:11	Transmitter		INFO	running
22-02-2016 12:00:11	Transmitter		INFO	running
22-02-2016 12:00:11	Transmitter		INFO	running
22-02-2016 12:00:11	Transmitter		INFO	running
22-02-2016 12:00:11	Transmitter		INFO	running
22-02-2016 12:00:11	Transmitter		INFO	running
22-02-2016 12:00:11	Transmitter		INFO	running
22-02-2016 12:00:11	Transmitter		INFO	running
22-02-2016 12:00:11	Transmitter		INFO	running
22-02-2016 12:00:11	Transmitter		INFO	running
22-02-2016 12:00:11	Transmitter		INFO	running
22-02-2016 12:00:11	Transmitter		INFO	running
22-02-2016 12:00:11	Transmitter		INFO	running
22-02-2016 12:00:11	Transmitter		INFO	running
22-02-2016 12:00:11	Transmitter		INFO	running
22-02-2016 12:00:11	Transmitter		INFO	running
22-02-2016 12:00:11	Transmitter		INFO	running
22-02-2016 12:00:11	Transmitter		INFO	running
22-02-2016 12:00:11	Transmitter		INFO	running
22-02-2016 12:00:11	Transmitter		INFO	running
22-02-2016 12:00:11	Transmitter		INFO	running
22-02-2016 12:00:11	Transmitter		INFO	running
22-02-2016 12:00:11	Transmitter		INFO	running
22-02-2016 12:00:11	Transmitter		INFO	running
22-02-2016 12:00:11	Transmitter		INFO	running
22-02-2016 12:00:11	Transmitter		INFO	running
22-02-2016 12:00:11	Transmitter		INFO	running
22-02-2016 12:00:11	Transmitter		INFO	running
22-02-2016 12:00:11	Transmitter		INFO	running
22-02-2016 12:00:11	Transmitter		INFO	running
22-02-2016 12:00:11	Transmitter		INFO	running
22-02-2016 12:00:11	Transmitter		INFO	running
22-02-2016 12:00:11	Transmitter		INFO	running
22-02-2016 12:00:11	Transmitter		INFO	running
22-02-2016 12:00:11	Transmitter		INFO	running
22-02-2016 12:00:11	Transmitter		INFO	running
22-02-2016 12:00:11	Transmitter		INFO	running
22-02-2016 12:00:11	Transmitter		INFO	running
22-02-2016 12:00:11	Transmitter		INFO	running
22-02-2016 12:00:11	Transmitter		INFO	running
22-02-2016 12:00:11	Transmitter		INFO	running
22-02-2016 12:00:11	Transmitter		INFO	running
22-02-2016 12:00:11	Transmitter		INFO	running
22-02-2016 12:00:11	Transmitter		INFO	running
22-02-2016 12:00:11	Transmitter		INFO	running
22-02-2016 12:00:11	Transmitter		INFO	running
22-02-2016 12:00:11	Transmitter		INFO	running
22-02-2016 12:00:11	Transmitter		INFO	running
22-02-2016 12:00:11	Transmitter		INFO	running
22-02-2016 12:00:11	Transmitter		INFO	running
22-02-2016 12:00:11	Transmitter		INFO	running
22-02-2016 12:00:11	Transmitter		INFO	running
22-02-2016 12:00:11	Transmitter		INFO	running
22-02-2016 12:00:11	Transmitter		INFO	running
22-02-2016 12:00:11	Transmitter		INFO	running
22-02-2016 12:00:11	Transmitter		INFO	running
22-02-2016 12:00:11	Transmitter		INFO	running
22-02-2016 12:00:11	Transmitter		INFO	running
22-02-2016 12:00:11	Transmitter		INFO	running
22-02-2016 12:00:11	Transmitter		INFO	running
22-02-2016 12:00:11	CameraInterface		INFO	Read successful
22-02-2016 12:00:11	Controller		INFO	sending to transmitter
22-02-2016 12:00:11	Transmitter		INFO	pushing into buff
22-02-2016 12:00:11	DataProcessor		INFO	polling
22-02-2016 12:00:11	Transmitter		INFO	running
22-02-2016 12:00:11	Transmitter		INFO	getting from buffer
22-02-2016 12:00:11	CameraInterface		INFO	Read successful
22-02-2016 12:00:11	Controller		INFO	sending to transmitter
22-02-2016 12:00:11	Transmitter		INFO	pushing into buff
22-02-2016 12:00:11	DataProcessor		INFO	polling
22-02-2016 12:00:12	CameraInterface		INFO	Read successful
22-02-2016 12:00:12	Controller		INFO	sending to transmitter
22-02-2016 12:00:12	Transmitter		INFO	pushing into buff
22-02-2016 12:00:12	DataProcessor		INFO	polling
22-02-2016 12:00:12	CameraInterface		INFO	Read successful
22-02-2016 12:00:12	Controller		INFO	sending to transmitter
22-02-2016 12:00:12	Transmitter		INFO	pushing into buff
22-02-2016 12:00:12	DataProcessor		INFO	polling
22-02-2016 12:00:12	CameraInterface		INFO	Read successful
22-02-2016 12:00:12	Controller		INFO	sending to transmitter
22-02-2016 12:00:12	Transmitter		INFO	pushing into buff
22-02-2016 12:00:12	DataProcessor		INFO	polling
22-02-2016 12:00:12	CameraInterface		INFO	Read successful
22-02-2016 12:00:12	Controller		INFO	sending to transmitter
22-02-2016 12:00:12	Transmitter		INFO	pushing into buff
22-02-2016 12:00:12	DataProcessor		INFO	polling
22-02-2016 12:00:13	CameraInterface		INFO	Read successful
22-02-2016 12:00:13	Controller		INFO	sending to transmitter
22-02-2016 12:00:13	Transmitter		INFO	pushing into buff
22-02-2016 12:00:13	DataProcessor		INFO	polling
22-02-2016 12:00:13	CameraInterface		INFO	Read successful
22-02-2016 12:00:13	Controller		INFO	sending to transmitter
22-02-2016 12:00:13	Transmitter		INFO	pushing into buff
22-02-2016 12:00:13	DataProcessor		INFO	polling
22-02-2016 12:00:13	CameraInterface		INFO	Read successful
22-02-2016 12:00:13	Controller		INFO	sending to transmitter
22-02-2016 12:00:13	Transmitter		INFO	pushing into buff
22-02-2016 12:00:13	DataProcessor		INFO	polling
22-02-2016 12:00:13	CameraInterface		INFO	Read successful
22-02-2016 12:00:13	Controller		INFO	sending to transmitter
22-02-2016 12:00:13	Transmitter		INFO	pushing into buff
22-02-2016 12:00:13	DataProcessor		INFO	polling
22-02-2016 12:00:13	CameraInterface		INFO	Read successful
22-02-2016 12:00:13	Controller		INFO	sending to transmitter
22-02-2016 12:00:13	Transmitter		INFO	pushing into buff
22-02-2016 12:00:13	DataProcessor		INFO	polling
22-02-2016 12:00:14	CameraInterface		INFO	Read successful
22-02-2016 12:00:14	Controller		INFO	sending to transmitter
22-02-2016 12:00:14	Transmitter		INFO	pushing into buff
22-02-2016 12:00:14	DataProcessor		INFO	polling
22-02-2016 12:00:14	CameraInterface		INFO	Read successful
22-02-2016 12:00:14	Controller		INFO	sending to transmitter
22-02-2016 12:00:14	Transmitter		INFO	pushing into buff
22-02-2016 12:00:14	DataProcessor		INFO	polling
22-02-2016 12:00:14	CameraInterface		INFO	Read successful
22-02-2016 12:00:14	Controller		INFO	sending to transmitter
22-02-2016 12:00:14	Transmitter		INFO	pushing into buff
22-02-2016 12:00:14	DataProcessor		INFO	polling
22-02-2016 12:00:14	CameraInterface		INFO	Read successful
22-02-2016 12:00:14	Controller		INFO	sending to transmitter
22-02-2016 12:00:14	Transmitter		INFO	pushing into buff
22-02-2016 12:00:14	DataProcessor		INFO	polling
22-02-2016 12:00:15	CameraInterface		INFO	Read successful
22-02-2016 12:00:15	Controller		INFO	sending to transmitter
22-02-2016 12:00:15	Transmitter		INFO	pushing into buff
22-02-2016 12:00:15	DataProcessor		INFO	polling
22-02-2016 12:00:15	CameraInterface		INFO	Read successful
22-02-2016 12:00:15	Controller		INFO	sending to transmitter
22-02-2016 12:00:15	Transmitter		INFO	pushing into buff
22-02-2016 12:00:15	DataProcessor		INFO	polling
22-02-2016 12:00:15	CameraInterface		INFO	Read successful
22-02-2016 12:00:15	Controller		INFO	sending to transmitter
22-02-2016 12:00:15	Transmitter		INFO	pushing into buff
22-02-2016 12:00:15	DataProcessor		INFO	polling
22-02-2016 12:00:15	CameraInterface		INFO	Read successful
22-02-2016 12:00:15	Controller		INFO	sending to transmitter
22-02-2016 12:00:15	Transmitter		INFO	pushing into buff
22-02-2016 12:00:15	DataProcessor		INFO	polling
22-02-2016 12:00:15	CameraInterface		INFO	Read successful
22-02-2016 12:00:15	Controller		INFO	sending to transmitter
22-02-2016 12:00:16	Transmitter		INFO	pushing into buff
22-02-2016 12:00:16	DataProcessor		INFO	polling
22-02-2016 12:00:16	CameraInterface		INFO	Read successful
22-02-2016 12:00:16	Controller		INFO	sending to transmitter
22-02-2016 12:00:16	Transmitter		INFO	pushing into buff
22-02-2016 12:00:16	DataProcessor		INFO	polling
22-02-2016 12:00:16	CameraInterface		INFO	Read successful
22-02-2016 12:00:16	Controller		INFO	sending to transmitter
22-02-2016 12:00:16	Transmitter		INFO	pushing into buff
22-02-2016 12:00:16	DataProcessor		INFO	polling
22-02-2016 12:00:16	Transmitter		INFO	sending string: 83010
22-02-2016 12:00:16	CameraInterface		INFO	Read successful
22-02-2016 12:00:16	Controller		INFO	sending to transmitter
22-02-2016 12:00:16	Transmitter		INFO	pushing into buff
22-02-2016 12:00:16	DataProcessor		INFO	polling
22-02-2016 12:00:16	Transmitter		INFO	running
22-02-2016 12:00:16	Transmitter		INFO	getting from buffer
22-02-2016 12:00:16	CameraInterface		INFO	Read successful
22-02-2016 12:00:16	Controller		INFO	sending to transmitter
22-02-2016 12:00:16	Transmitter		INFO	pushing into buff
22-02-2016 12:00:16	DataProcessor		INFO	polling
22-02-2016 12:00:17	CameraInterface		INFO	Read successful
22-02-2016 12:00:17	Controller		INFO	sending to transmitter
22-02-2016 12:00:17	Transmitter		INFO	pushing into buff
22-02-2016 12:00:17	DataProcessor		INFO	polling
22-02-2016 12:00:17	CameraInterface		INFO	Read successful
22-02-2016 12:00:17	Controller		INFO	sending to transmitter
22-02-2016 12:00:17	Transmitter		INFO	pushing into buff
22-02-2016 12:00:17	DataProcessor		INFO	polling
22-02-2016 12:00:17	CameraInterface		INFO	Read successful
22-02-2016 12:00:17	Controller		INFO	sending to transmitter
22-02-2016 12:00:17	Transmitter		INFO	pushing into buff
22-02-2016 12:00:17	DataProcessor		INFO	polling
22-02-2016 12:00:17	CameraInterface		INFO	Read successful
22-02-2016 12:00:17	Controller		INFO	sending to transmitter
22-02-2016 12:00:17	Transmitter		INFO	pushing into buff
22-02-2016 12:00:17	DataProcessor		INFO	polling
22-02-2016 12:00:18	CameraInterface		INFO	Read successful
22-02-2016 12:00:18	Controller		INFO	sending to transmitter
22-02-2016 12:00:18	Transmitter		INFO	pushing into buff
22-02-2016 12:00:18	DataProcessor		INFO	polling
22-02-2016 12:00:18	CameraInterface		INFO	Read successful
22-02-2016 12:00:18	Controller		INFO	sending to transmitter
22-02-2016 12:00:18	Transmitter		INFO	pushing into buff
22-02-2016 12:00:18	DataProcessor		INFO	polling
22-02-2016 12:00:18	CameraInterface		INFO	Read successful
22-02-2016 12:00:18	Controller		INFO	sending to transmitter
22-02-2016 12:00:18	Transmitter		INFO	pushing into buff
22-02-2016 12:00:18	DataProcessor		INFO	polling
22-02-2016 12:00:18	CameraInterface		INFO	Read successful
22-02-2016 12:00:18	Controller		INFO	sending to transmitter
22-02-2016 12:00:18	Transmitter		INFO	pushing into buff
22-02-2016 12:00:18	DataProcessor		INFO	polling
22-02-2016 12:00:18	CameraInterface		INFO	Read successful
22-02-2016 12:00:18	Controller		INFO	sending to transmitter
22-02-2016 12:00:18	Transmitter		INFO	pushing into buff
22-02-2016 12:00:18	DataProcessor		INFO	polling
22-02-2016 12:00:19	CameraInterface		INFO	Read successful
22-02-2016 12:00:19	Controller		INFO	sending to transmitter
22-02-2016 12:00:19	Transmitter		INFO	pushing into buff
22-02-2016 12:00:19	DataProcessor		INFO	polling
22-02-2016 12:00:19	CameraInterface		INFO	Read successful
22-02-2016 12:00:19	Controller		INFO	sending to transmitter
22-02-2016 12:00:19	Transmitter		INFO	pushing into buff
22-02-2016 12:00:19	DataProcessor		INFO	polling
22-02-2016 12:00:19	CameraInterface		INFO	Read successful
22-02-2016 12:00:19	Controller		INFO	sending to transmitter
22-02-2016 12:00:19	Transmitter		INFO	pushing into buff
22-02-2016 12:00:19	DataProcessor		INFO	polling
22-02-2016 12:00:19	CameraInterface		INFO	Read successful
22-02-2016 12:00:19	Controller		INFO	sending to transmitter
22-02-2016 12:00:19	Transmitter		INFO	pushing into buff
22-02-2016 12:00:19	DataProcessor		INFO	polling
22-02-2016 12:00:19	CameraInterface		INFO	Read successful
22-02-2016 12:00:19	Controller		INFO	sending to transmitter
22-02-2016 12:00:19	Transmitter		INFO	pushing into buff
22-02-2016 12:00:19	DataProcessor		INFO	polling
22-02-2016 12:00:20	CameraInterface		INFO	Read successful
22-02-2016 12:00:20	Controller		INFO	sending to transmitter
22-02-2016 12:00:20	Transmitter		INFO	pushing into buff
22-02-2016 12:00:20	DataProcessor		INFO	polling
22-02-2016 12:00:20	CameraInterface		INFO	Read successful
22-02-2016 12:00:20	Controller		INFO	sending to transmitter
22-02-2016 12:00:20	Transmitter		INFO	pushing into buff
22-02-2016 12:00:20	DataProcessor		INFO	polling
22-02-2016 12:00:20	CameraInterface		INFO	Read successful
22-02-2016 12:00:20	Controller		INFO	sending to transmitter
22-02-2016 12:00:20	Transmitter		INFO	pushing into buff
22-02-2016 12:00:20	DataProcessor		INFO	polling
22-02-2016 12:00:20	CameraInterface		INFO	Read successful
22-02-2016 12:00:20	Controller		INFO	sending to transmitter
22-02-2016 12:00:20	Transmitter		INFO	pushing into buff
22-02-2016 12:00:20	DataProcessor		INFO	polling
22-02-2016 12:00:21	CameraInterface		INFO	Read successful
22-02-2016 12:00:21	Controller		INFO	sending to transmitter
22-02-2016 12:00:21	Transmitter		INFO	pushing into buff
22-02-2016 12:00:21	DataProcessor		INFO	polling
22-02-2016 12:00:21	CameraInterface		INFO	Read successful
22-02-2016 12:00:21	Controller		INFO	sending to transmitter
22-02-2016 12:00:21	Transmitter		INFO	pushing into buff
22-02-2016 12:00:21	DataProcessor		INFO	polling
22-02-2016 12:00:21	CameraInterface		INFO	Read successful
22-02-2016 12:00:21	Controller		INFO	sending to transmitter
22-02-2016 12:00:21	Transmitter		INFO	pushing into buff
22-02-2016 12:00:21	DataProcessor		INFO	polling
22-02-2016 12:00:21	CameraInterface		INFO	Read successful
22-02-2016 12:00:21	Controller		INFO	sending to transmitter
22-02-2016 12:00:21	Transmitter		INFO	pushing into buff
22-02-2016 12:00:21	DataProcessor		INFO	polling
22-02-2016 12:00:21	CameraInterface		INFO	Read successful
22-02-2016 12:00:21	Controller		INFO	sending to transmitter
22-02-2016 12:00:21	Transmitter		INFO	pushing into buff
22-02-2016 12:00:22	DataProcessor		INFO	polling
22-02-2016 12:00:22	CameraInterface		INFO	Read successful
22-02-2016 12:00:22	Controller		INFO	sending to transmitter
22-02-2016 12:00:22	Transmitter		INFO	pushing into buff
22-02-2016 12:00:22	DataProcessor		INFO	polling
22-02-2016 12:00:22	CameraInterface		INFO	Read successful
22-02-2016 12:00:22	Controller		INFO	sending to transmitter
22-02-2016 12:00:22	Transmitter		INFO	pushing into buff
22-02-2016 12:00:22	DataProcessor		INFO	polling
22-02-2016 12:00:22	CameraInterface		INFO	Read successful
22-02-2016 12:00:22	Controller		INFO	sending to transmitter
22-02-2016 12:00:22	Transmitter		INFO	pushing into buff
22-02-2016 12:00:22	DataProcessor		INFO	polling
22-02-2016 12:00:22	CameraInterface		INFO	Read successful
22-02-2016 12:00:22	Controller		INFO	sending to transmitter
22-02-2016 12:00:22	Transmitter		INFO	pushing into buff
22-02-2016 12:00:22	DataProcessor		INFO	polling
22-02-2016 12:00:23	CameraInterface		INFO	Read successful
22-02-2016 12:00:23	Controller		INFO	sending to transmitter
22-02-2016 12:00:23	Transmitter		INFO	pushing into buff
22-02-2016 12:00:23	DataProcessor		INFO	polling
22-02-2016 12:00:23	CameraInterface		INFO	Read successful
22-02-2016 12:00:23	Controller		INFO	sending to transmitter
22-02-2016 12:00:23	Transmitter		INFO	pushing into buff
22-02-2016 12:00:23	DataProcessor		INFO	polling
22-02-2016 12:00:23	CameraInterface		INFO	Read successful
22-02-2016 12:00:23	Controller		INFO	sending to transmitter
22-02-2016 12:00:23	Transmitter		INFO	pushing into buff
22-02-2016 12:00:23	DataProcessor		INFO	polling
22-02-2016 12:00:23	CameraInterface		INFO	Read successful
22-02-2016 12:00:23	Controller		INFO	sending to transmitter
22-02-2016 12:00:23	Transmitter		INFO	pushing into buff
22-02-2016 12:00:23	DataProcessor		INFO	polling
22-02-2016 12:00:23	CameraInterface		INFO	Read successful
22-02-2016 12:00:23	Controller		INFO	sending to transmitter
22-02-2016 12:00:23	Transmitter		INFO	pushing into buff
22-02-2016 12:00:23	DataProcessor		INFO	polling
22-02-2016 12:00:24	CameraInterface		INFO	Read successful
22-02-2016 12:00:24	Controller		INFO	sending to transmitter
22-02-2016 12:00:24	Transmitter		INFO	pushing into buff
22-02-2016 12:00:24	DataProcessor		INFO	polling
22-02-2016 12:00:24	CameraInterface		INFO	Read successful
22-02-2016 12:00:24	Controller		INFO	sending to transmitter
22-02-2016 12:00:24	Transmitter		INFO	pushing into buff
22-02-2016 12:00:24	DataProcessor		INFO	polling
22-02-2016 12:00:24	Transmitter		INFO	sending string: 854801
22-02-2016 12:00:24	CameraInterface		INFO	Read successful
22-02-2016 12:00:24	Controller		INFO	sending to transmitter
22-02-2016 12:00:24	Transmitter		INFO	pushing into buff
22-02-2016 12:00:24	DataProcessor		INFO	polling
22-02-2016 12:00:25	CameraInterface		INFO	Read successful
22-02-2016 12:00:25	Transmitter		INFO	running
22-02-2016 12:00:25	Transmitter		INFO	getting from buffer
22-02-2016 12:00:25	Controller		INFO	sending to transmitter
22-02-2016 12:00:25	Transmitter		INFO	pushing into buff
22-02-2016 12:00:25	DataProcessor		INFO	polling
22-02-2016 12:00:25	CameraInterface		INFO	Read successful
22-02-2016 12:00:25	Controller		INFO	sending to transmitter
22-02-2016 12:00:25	Transmitter		INFO	pushing into buff
22-02-2016 12:00:25	DataProcessor		INFO	polling
22-02-2016 12:00:25	CameraInterface		INFO	Read successful
22-02-2016 12:00:25	Controller		INFO	sending to transmitter
22-02-2016 12:00:25	Transmitter		INFO	pushing into buff
22-02-2016 12:00:25	DataProcessor		INFO	polling
22-02-2016 12:00:25	CameraInterface		INFO	Read successful
22-02-2016 12:00:26	Controller		INFO	sending to transmitter
22-02-2016 12:00:26	Transmitter		INFO	pushing into buff
22-02-2016 12:00:26	DataProcessor		INFO	polling
22-02-2016 12:00:26	CameraInterface		INFO	Read successful
22-02-2016 12:00:26	Controller		INFO	sending to transmitter
22-02-2016 12:00:26	Transmitter		INFO	pushing into buff
22-02-2016 12:00:26	DataProcessor		INFO	polling
22-02-2016 12:00:26	CameraInterface		INFO	Read successful
22-02-2016 12:00:26	Controller		INFO	sending to transmitter
22-02-2016 12:00:26	Transmitter		INFO	pushing into buff
22-02-2016 12:00:26	DataProcessor		INFO	polling
22-02-2016 12:00:26	CameraInterface		INFO	Read successful
22-02-2016 12:00:26	Controller		INFO	sending to transmitter
22-02-2016 12:00:26	Transmitter		INFO	pushing into buff
22-02-2016 12:00:26	DataProcessor		INFO	polling
22-02-2016 12:00:26	CameraInterface		INFO	Read successful
22-02-2016 12:00:26	Controller		INFO	sending to transmitter
22-02-2016 12:00:26	Transmitter		INFO	pushing into buff
22-02-2016 12:00:26	DataProcessor		INFO	polling
22-02-2016 12:00:27	CameraInterface		INFO	Read successful
22-02-2016 12:00:27	Controller		INFO	sending to transmitter
22-02-2016 12:00:27	Transmitter		INFO	pushing into buff
22-02-2016 12:00:27	DataProcessor		INFO	polling
22-02-2016 12:00:27	CameraInterface		INFO	Read successful
22-02-2016 12:00:27	Controller		INFO	sending to transmitter
22-02-2016 12:00:27	Transmitter		INFO	pushing into buff
22-02-2016 12:00:27	DataProcessor		INFO	polling
22-02-2016 12:00:27	CameraInterface		INFO	Read successful
22-02-2016 12:00:27	Controller		INFO	sending to transmitter
22-02-2016 12:00:27	Transmitter		INFO	pushing into buff
22-02-2016 12:00:27	DataProcessor		INFO	polling
22-02-2016 12:00:27	CameraInterface		INFO	Read successful
22-02-2016 12:00:27	Controller		INFO	sending to transmitter
22-02-2016 12:00:27	Transmitter		INFO	pushing into buff
22-02-2016 12:00:27	DataProcessor		INFO	polling
22-02-2016 12:00:27	CameraInterface		INFO	Read successful
22-02-2016 12:00:27	Controller		INFO	sending to transmitter
22-02-2016 12:00:27	Transmitter		INFO	pushing into buff
22-02-2016 12:00:27	DataProcessor		INFO	polling
22-02-2016 12:00:28	CameraInterface		INFO	Read successful
22-02-2016 12:00:28	Controller		INFO	sending to transmitter
22-02-2016 12:00:28	Transmitter		INFO	pushing into buff
22-02-2016 12:00:28	DataProcessor		INFO	polling
22-02-2016 12:00:28	CameraInterface		INFO	Read successful
22-02-2016 12:00:28	Controller		INFO	sending to transmitter
22-02-2016 12:00:28	Transmitter		INFO	pushing into buff
22-02-2016 12:00:28	DataProcessor		INFO	polling
22-02-2016 12:00:28	CameraInterface		INFO	Read successful
22-02-2016 12:00:28	Controller		INFO	sending to transmitter
22-02-2016 12:00:28	Transmitter		INFO	pushing into buff
22-02-2016 12:00:28	DataProcessor		INFO	polling
22-02-2016 12:00:28	CameraInterface		INFO	Read successful
22-02-2016 12:00:28	Controller		INFO	sending to transmitter
22-02-2016 12:00:28	Transmitter		INFO	pushing into buff
22-02-2016 12:00:28	DataProcessor		INFO	polling
22-02-2016 12:00:29	CameraInterface		INFO	Read successful
22-02-2016 12:00:29	Controller		INFO	sending to transmitter
22-02-2016 12:00:29	Transmitter		INFO	pushing into buff
22-02-2016 12:00:29	DataProcessor		INFO	polling
22-02-2016 12:00:29	CameraInterface		INFO	Read successful
22-02-2016 12:00:29	Controller		INFO	sending to transmitter
22-02-2016 12:00:29	Transmitter		INFO	pushing into buff
22-02-2016 12:00:29	DataProcessor		INFO	polling
22-02-2016 12:00:29	CameraInterface		INFO	Read successful
22-02-2016 12:00:29	Controller		INFO	sending to transmitter
22-02-2016 12:00:29	Transmitter		INFO	pushing into buff
22-02-2016 12:00:29	DataProcessor		INFO	polling
22-02-2016 12:00:29	CameraInterface		INFO	Read successful
22-02-2016 12:00:29	Controller		INFO	sending to transmitter
22-02-2016 12:00:29	Transmitter		INFO	pushing into buff
22-02-2016 12:00:29	DataProcessor		INFO	polling
22-02-2016 12:00:29	CameraInterface		INFO	Read successful
22-02-2016 12:00:29	Controller		INFO	sending to transmitter
22-02-2016 12:00:29	Transmitter		INFO	pushing into buff
22-02-2016 12:00:29	DataProcessor		INFO	polling
22-02-2016 12:00:30	CameraInterface		INFO	Read successful
22-02-2016 12:00:30	Controller		INFO	sending to transmitter
22-02-2016 12:00:30	Transmitter		INFO	pushing into buff
22-02-2016 12:00:30	DataProcessor		INFO	polling
22-02-2016 12:00:30	CameraInterface		INFO	Read successful
22-02-2016 12:00:30	Controller		INFO	sending to transmitter
22-02-2016 12:00:30	Transmitter		INFO	pushing into buff
22-02-2016 12:00:30	DataProcessor		INFO	polling
22-02-2016 12:00:30	CameraInterface		INFO	Read successful
22-02-2016 12:00:30	Controller		INFO	sending to transmitter
22-02-2016 12:00:30	Transmitter		INFO	pushing into buff
22-02-2016 12:00:30	DataProcessor		INFO	polling
22-02-2016 12:00:30	CameraInterface		INFO	Read successful
22-02-2016 12:00:30	Controller		INFO	sending to transmitter
22-02-2016 12:00:30	Transmitter		INFO	pushing into buff
22-02-2016 12:00:30	DataProcessor		INFO	polling
22-02-2016 12:00:31	CameraInterface		INFO	Read successful
22-02-2016 12:00:31	Controller		INFO	sending to transmitter
22-02-2016 12:00:31	Transmitter		INFO	pushing into buff
22-02-2016 12:00:31	DataProcessor		INFO	polling
