21-02-2016 11:56:53	Main		TRACE	Logger initialized.
21-02-2016 11:56:53	PropertyReader		TRACE	Opening file: settings/settings.txt
21-02-2016 11:56:53	PropertyReader		INFO	File opened: settings/settings.txt
21-02-2016 11:56:53	PropertyReader		INFO	Loading properties file...
21-02-2016 11:56:53	PropertyReader		INFO	Mapped TRACE to LOGGING_LEVEL
21-02-2016 11:56:53	PropertyReader		INFO	Mapped 100 to CAM_BUFFER_SIZE
21-02-2016 11:56:53	PropertyReader		INFO	Mapped 15 to CAM_POLL_FREQUENCY
21-02-2016 11:56:53	PropertyReader		INFO	Mapped 0 to CAM_INDEX
21-02-2016 11:56:53	PropertyReader		DEBUG	Loaded 4 properties successfully
21-02-2016 11:56:53	Controller		INFO	Constructor controller
21-02-2016 11:56:53	Transmitter		INFO	socket retrieve success
21-02-2016 11:56:53	Transmitter		INFO	binding done
21-02-2016 11:56:53	Transmitter		INFO	done listening
21-02-2016 11:57:11	Transmitter		INFO	accepting
21-02-2016 11:57:11	Main		TRACE	intializing controller
21-02-2016 11:57:11	Controller		INFO	Initializing Controller
21-02-2016 11:57:11	Main		TRACE	initializing dataprocessor
21-02-2016 11:57:11	CameraInterface		INFO	Initializing camera
21-02-2016 11:57:11	CameraInterface		INFO	Opening video capture stream at position 0
21-02-2016 11:57:11	Transmitter		INFO	Starting Receiver Thread execution loop
21-02-2016 11:57:11	Receiver		INFO	Starting Receiver Thread execution loop
21-02-2016 11:57:11	ControllerThread		INFO	Starting Controller Thread execution loop
21-02-2016 11:57:11	Transmitter		INFO	running
21-02-2016 11:57:11	Transmitter		INFO	running
21-02-2016 11:57:11	Transmitter		INFO	running
21-02-2016 11:57:11	Transmitter		INFO	running
21-02-2016 11:57:11	Transmitter		INFO	running
21-02-2016 11:57:11	Transmitter		INFO	running
21-02-2016 11:57:11	Transmitter		INFO	running
21-02-2016 11:57:11	Transmitter		INFO	running
21-02-2016 11:57:11	Transmitter		INFO	running
21-02-2016 11:57:11	Transmitter		INFO	running
21-02-2016 11:57:11	Transmitter		INFO	running
21-02-2016 11:57:11	Transmitter		INFO	running
21-02-2016 11:57:11	Transmitter		INFO	running
21-02-2016 11:57:11	Transmitter		INFO	running
21-02-2016 11:57:11	Transmitter		INFO	running
21-02-2016 11:57:11	Transmitter		INFO	running
21-02-2016 11:57:11	Transmitter		INFO	running
21-02-2016 11:57:11	Transmitter		INFO	running
21-02-2016 11:57:11	Transmitter		INFO	running
21-02-2016 11:57:11	Transmitter		INFO	running
21-02-2016 11:57:11	Transmitter		INFO	running
21-02-2016 11:57:11	Transmitter		INFO	running
21-02-2016 11:57:11	Transmitter		INFO	running
21-02-2016 11:57:11	Transmitter		INFO	running
21-02-2016 11:57:11	Transmitter		INFO	running
21-02-2016 11:57:11	Transmitter		INFO	running
21-02-2016 11:57:11	Transmitter		INFO	running
21-02-2016 11:57:11	Transmitter		INFO	running
21-02-2016 11:57:11	Transmitter		INFO	running
21-02-2016 11:57:11	Transmitter		INFO	running
21-02-2016 11:57:11	Transmitter		INFO	running
21-02-2016 11:57:11	Transmitter		INFO	running
21-02-2016 11:57:11	Transmitter		INFO	running
21-02-2016 11:57:11	Transmitter		INFO	running
21-02-2016 11:57:11	Transmitter		INFO	running
21-02-2016 11:57:11	Main		TRACE	running controller
21-02-2016 11:57:11	DataProcessor		INFO	polling
21-02-2016 11:57:11	Transmitter		INFO	running
21-02-2016 11:57:11	Transmitter		INFO	running
21-02-2016 11:57:11	Transmitter		INFO	running
21-02-2016 11:57:11	Transmitter		INFO	running
21-02-2016 11:57:11	Transmitter		INFO	running
21-02-2016 11:57:11	Transmitter		INFO	running
21-02-2016 11:57:11	Transmitter		INFO	running
21-02-2016 11:57:11	Transmitter		INFO	running
21-02-2016 11:57:11	Transmitter		INFO	running
21-02-2016 11:57:11	Transmitter		INFO	running
21-02-2016 11:57:11	Transmitter		INFO	running
21-02-2016 11:57:11	Transmitter		INFO	running
21-02-2016 11:57:11	Transmitter		INFO	running
21-02-2016 11:57:11	Transmitter		INFO	running
21-02-2016 11:57:11	Transmitter		INFO	running
21-02-2016 11:57:11	Transmitter		INFO	running
21-02-2016 11:57:11	Transmitter		INFO	running
21-02-2016 11:57:11	Transmitter		INFO	running
21-02-2016 11:57:11	Transmitter		INFO	running
21-02-2016 11:57:11	Transmitter		INFO	running
21-02-2016 11:57:11	Transmitter		INFO	running
21-02-2016 11:57:11	Transmitter		INFO	running
21-02-2016 11:57:11	Transmitter		INFO	running
21-02-2016 11:57:11	Transmitter		INFO	running
21-02-2016 11:57:11	Transmitter		INFO	running
21-02-2016 11:57:11	Transmitter		INFO	running
21-02-2016 11:57:11	Transmitter		INFO	running
21-02-2016 11:57:11	Transmitter		INFO	running
21-02-2016 11:57:11	Transmitter		INFO	running
21-02-2016 11:57:11	Transmitter		INFO	running
21-02-2016 11:57:11	Transmitter		INFO	running
21-02-2016 11:57:11	Transmitter		INFO	running
21-02-2016 11:57:11	Transmitter		INFO	running
21-02-2016 11:57:11	Transmitter		INFO	running
21-02-2016 11:57:11	Transmitter		INFO	running
21-02-2016 11:57:11	Transmitter		INFO	running
21-02-2016 11:57:12	Transmitter		INFO	running
21-02-2016 11:57:12	Transmitter		INFO	running
21-02-2016 11:57:12	Transmitter		INFO	running
21-02-2016 11:57:12	Transmitter		INFO	running
21-02-2016 11:57:12	Transmitter		INFO	running
21-02-2016 11:57:12	Transmitter		INFO	running
21-02-2016 11:57:12	Transmitter		INFO	running
21-02-2016 11:57:12	Transmitter		INFO	running
21-02-2016 11:57:12	Transmitter		INFO	running
21-02-2016 11:57:12	Transmitter		INFO	running
21-02-2016 11:57:12	Transmitter		INFO	running
21-02-2016 11:57:12	Transmitter		INFO	running
21-02-2016 11:57:12	Transmitter		INFO	running
21-02-2016 11:57:12	Transmitter		INFO	running
21-02-2016 11:57:12	Transmitter		INFO	running
21-02-2016 11:57:12	Transmitter		INFO	running
21-02-2016 11:57:12	Transmitter		INFO	running
21-02-2016 11:57:12	Transmitter		INFO	running
21-02-2016 11:57:12	Transmitter		INFO	running
21-02-2016 11:57:12	Transmitter		INFO	running
21-02-2016 11:57:12	Transmitter		INFO	running
21-02-2016 11:57:12	Transmitter		INFO	running
21-02-2016 11:57:12	Transmitter		INFO	running
21-02-2016 11:57:12	Transmitter		INFO	running
21-02-2016 11:57:12	Transmitter		INFO	running
21-02-2016 11:57:12	Transmitter		INFO	running
21-02-2016 11:57:12	Transmitter		INFO	running
21-02-2016 11:57:12	Transmitter		INFO	running
21-02-2016 11:57:12	Transmitter		INFO	running
21-02-2016 11:57:12	Transmitter		INFO	running
21-02-2016 11:57:12	Transmitter		INFO	running
21-02-2016 11:57:12	Transmitter		INFO	running
21-02-2016 11:57:12	Transmitter		INFO	running
21-02-2016 11:57:12	Transmitter		INFO	running
21-02-2016 11:57:12	Transmitter		INFO	running
21-02-2016 11:57:12	Transmitter		INFO	running
21-02-2016 11:57:12	Transmitter		INFO	running
21-02-2016 11:57:12	Transmitter		INFO	running
21-02-2016 11:57:12	Transmitter		INFO	running
21-02-2016 11:57:12	Transmitter		INFO	running
21-02-2016 11:57:12	Transmitter		INFO	running
21-02-2016 11:57:12	Transmitter		INFO	running
21-02-2016 11:57:12	Transmitter		INFO	running
21-02-2016 11:57:12	Transmitter		INFO	running
21-02-2016 11:57:12	Transmitter		INFO	running
21-02-2016 11:57:12	Transmitter		INFO	running
21-02-2016 11:57:12	Transmitter		INFO	running
21-02-2016 11:57:12	Transmitter		INFO	running
21-02-2016 11:57:12	Transmitter		INFO	running
21-02-2016 11:57:12	Transmitter		INFO	running
21-02-2016 11:57:12	Transmitter		INFO	running
21-02-2016 11:57:12	Transmitter		INFO	running
21-02-2016 11:57:12	Transmitter		INFO	running
21-02-2016 11:57:12	Transmitter		INFO	running
21-02-2016 11:57:12	Transmitter		INFO	running
21-02-2016 11:57:12	Transmitter		INFO	running
21-02-2016 11:57:12	Transmitter		INFO	running
21-02-2016 11:57:12	Transmitter		INFO	running
21-02-2016 11:57:12	Transmitter		INFO	running
21-02-2016 11:57:12	CameraInterface		INFO	Read successful
21-02-2016 11:57:12	Controller		INFO	sending to transmitter
21-02-2016 11:57:12	Transmitter		INFO	pushing into buff
21-02-2016 11:57:12	DataProcessor		INFO	polling
21-02-2016 11:57:12	Transmitter		INFO	running
21-02-2016 11:57:12	Transmitter		INFO	getting from buffer
21-02-2016 11:57:12	CameraInterface		INFO	Read successful
21-02-2016 11:57:12	Controller		INFO	sending to transmitter
21-02-2016 11:57:12	Transmitter		INFO	pushing into buff
21-02-2016 11:57:12	DataProcessor		INFO	polling
21-02-2016 11:57:13	CameraInterface		INFO	Read successful
21-02-2016 11:57:13	Controller		INFO	sending to transmitter
21-02-2016 11:57:13	Transmitter		INFO	pushing into buff
21-02-2016 11:57:13	DataProcessor		INFO	polling
21-02-2016 11:57:13	CameraInterface		INFO	Read successful
21-02-2016 11:57:13	Controller		INFO	sending to transmitter
21-02-2016 11:57:13	Transmitter		INFO	pushing into buff
21-02-2016 11:57:13	DataProcessor		INFO	polling
21-02-2016 11:57:13	CameraInterface		INFO	Read successful
21-02-2016 11:57:13	Controller		INFO	sending to transmitter
21-02-2016 11:57:13	Transmitter		INFO	pushing into buff
21-02-2016 11:57:13	DataProcessor		INFO	polling
21-02-2016 11:57:13	CameraInterface		INFO	Read successful
21-02-2016 11:57:13	Controller		INFO	sending to transmitter
21-02-2016 11:57:13	Transmitter		INFO	pushing into buff
21-02-2016 11:57:13	DataProcessor		INFO	polling
21-02-2016 11:57:14	CameraInterface		INFO	Read successful
21-02-2016 11:57:14	Controller		INFO	sending to transmitter
21-02-2016 11:57:14	Transmitter		INFO	pushing into buff
21-02-2016 11:57:14	DataProcessor		INFO	polling
21-02-2016 11:57:14	CameraInterface		INFO	Read successful
21-02-2016 11:57:14	Controller		INFO	sending to transmitter
21-02-2016 11:57:14	Transmitter		INFO	pushing into buff
21-02-2016 11:57:14	DataProcessor		INFO	polling
21-02-2016 11:57:14	CameraInterface		INFO	Read successful
21-02-2016 11:57:14	Controller		INFO	sending to transmitter
21-02-2016 11:57:14	Transmitter		INFO	pushing into buff
21-02-2016 11:57:14	DataProcessor		INFO	polling
21-02-2016 11:57:14	CameraInterface		INFO	Read successful
21-02-2016 11:57:14	Controller		INFO	sending to transmitter
21-02-2016 11:57:14	Transmitter		INFO	pushing into buff
21-02-2016 11:57:14	DataProcessor		INFO	polling
21-02-2016 11:57:14	CameraInterface		INFO	Read successful
21-02-2016 11:57:14	Controller		INFO	sending to transmitter
21-02-2016 11:57:14	Transmitter		INFO	pushing into buff
21-02-2016 11:57:14	DataProcessor		INFO	polling
21-02-2016 11:57:15	CameraInterface		INFO	Read successful
21-02-2016 11:57:15	Controller		INFO	sending to transmitter
21-02-2016 11:57:15	Transmitter		INFO	pushing into buff
21-02-2016 11:57:15	DataProcessor		INFO	polling
21-02-2016 11:57:15	CameraInterface		INFO	Read successful
21-02-2016 11:57:15	Controller		INFO	sending to transmitter
21-02-2016 11:57:15	Transmitter		INFO	pushing into buff
21-02-2016 11:57:15	DataProcessor		INFO	polling
21-02-2016 11:57:15	CameraInterface		INFO	Read successful
21-02-2016 11:57:15	Controller		INFO	sending to transmitter
21-02-2016 11:57:15	Transmitter		INFO	pushing into buff
21-02-2016 11:57:15	DataProcessor		INFO	polling
21-02-2016 11:57:15	CameraInterface		INFO	Read successful
21-02-2016 11:57:15	Controller		INFO	sending to transmitter
21-02-2016 11:57:15	Transmitter		INFO	pushing into buff
21-02-2016 11:57:15	DataProcessor		INFO	polling
21-02-2016 11:57:16	CameraInterface		INFO	Read successful
21-02-2016 11:57:16	Controller		INFO	sending to transmitter
21-02-2016 11:57:16	Transmitter		INFO	pushing into buff
21-02-2016 11:57:16	DataProcessor		INFO	polling
21-02-2016 11:57:16	CameraInterface		INFO	Read successful
21-02-2016 11:57:16	Controller		INFO	sending to transmitter
21-02-2016 11:57:16	Transmitter		INFO	pushing into buff
21-02-2016 11:57:16	DataProcessor		INFO	polling
21-02-2016 11:57:16	CameraInterface		INFO	Read successful
21-02-2016 11:57:16	Controller		INFO	sending to transmitter
21-02-2016 11:57:16	Transmitter		INFO	pushing into buff
21-02-2016 11:57:16	DataProcessor		INFO	polling
21-02-2016 11:57:16	CameraInterface		INFO	Read successful
21-02-2016 11:57:16	Controller		INFO	sending to transmitter
21-02-2016 11:57:16	Transmitter		INFO	pushing into buff
21-02-2016 11:57:16	DataProcessor		INFO	polling
21-02-2016 11:57:16	CameraInterface		INFO	Read successful
21-02-2016 11:57:16	Controller		INFO	sending to transmitter
21-02-2016 11:57:16	Transmitter		INFO	pushing into buff
21-02-2016 11:57:16	DataProcessor		INFO	polling
21-02-2016 11:57:17	CameraInterface		INFO	Read successful
21-02-2016 11:57:17	Controller		INFO	sending to transmitter
21-02-2016 11:57:17	Transmitter		INFO	pushing into buff
21-02-2016 11:57:17	DataProcessor		INFO	polling
21-02-2016 11:57:17	CameraInterface		INFO	Read successful
21-02-2016 11:57:17	Controller		INFO	sending to transmitter
21-02-2016 11:57:17	Transmitter		INFO	pushing into buff
21-02-2016 11:57:17	DataProcessor		INFO	polling
21-02-2016 11:57:17	Transmitter		INFO	sending string: 66965
21-02-2016 11:57:17	CameraInterface		INFO	Read successful
21-02-2016 11:57:17	Controller		INFO	sending to transmitter
21-02-2016 11:57:17	Transmitter		INFO	pushing into buff
21-02-2016 11:57:17	DataProcessor		INFO	polling
21-02-2016 11:57:17	Transmitter		INFO	running
21-02-2016 11:57:17	Transmitter		INFO	getting from buffer
21-02-2016 11:57:17	CameraInterface		INFO	Read successful
21-02-2016 11:57:17	Controller		INFO	sending to transmitter
21-02-2016 11:57:17	Transmitter		INFO	pushing into buff
21-02-2016 11:57:17	DataProcessor		INFO	polling
21-02-2016 11:57:18	CameraInterface		INFO	Read successful
21-02-2016 11:57:18	Controller		INFO	sending to transmitter
21-02-2016 11:57:18	Transmitter		INFO	pushing into buff
21-02-2016 11:57:18	DataProcessor		INFO	polling
21-02-2016 11:57:18	CameraInterface		INFO	Read successful
21-02-2016 11:57:18	Controller		INFO	sending to transmitter
21-02-2016 11:57:18	Transmitter		INFO	pushing into buff
21-02-2016 11:57:18	DataProcessor		INFO	polling
21-02-2016 11:57:18	CameraInterface		INFO	Read successful
21-02-2016 11:57:18	Controller		INFO	sending to transmitter
21-02-2016 11:57:18	Transmitter		INFO	pushing into buff
21-02-2016 11:57:18	DataProcessor		INFO	polling
21-02-2016 11:57:18	CameraInterface		INFO	Read successful
21-02-2016 11:57:18	Controller		INFO	sending to transmitter
21-02-2016 11:57:18	Transmitter		INFO	pushing into buff
21-02-2016 11:57:18	DataProcessor		INFO	polling
21-02-2016 11:57:19	CameraInterface		INFO	Read successful
21-02-2016 11:57:19	Controller		INFO	sending to transmitter
21-02-2016 11:57:19	Transmitter		INFO	pushing into buff
21-02-2016 11:57:19	DataProcessor		INFO	polling
21-02-2016 11:57:19	CameraInterface		INFO	Read successful
21-02-2016 11:57:19	Controller		INFO	sending to transmitter
21-02-2016 11:57:19	Transmitter		INFO	pushing into buff
21-02-2016 11:57:19	DataProcessor		INFO	polling
21-02-2016 11:57:19	CameraInterface		INFO	Read successful
21-02-2016 11:57:19	Controller		INFO	sending to transmitter
21-02-2016 11:57:19	Transmitter		INFO	pushing into buff
21-02-2016 11:57:19	DataProcessor		INFO	polling
21-02-2016 11:57:19	CameraInterface		INFO	Read successful
21-02-2016 11:57:19	Controller		INFO	sending to transmitter
21-02-2016 11:57:19	Transmitter		INFO	pushing into buff
21-02-2016 11:57:19	DataProcessor		INFO	polling
21-02-2016 11:57:19	CameraInterface		INFO	Read successful
21-02-2016 11:57:20	Controller		INFO	sending to transmitter
21-02-2016 11:57:20	Transmitter		INFO	pushing into buff
21-02-2016 11:57:20	DataProcessor		INFO	polling
21-02-2016 11:57:20	CameraInterface		INFO	Read successful
21-02-2016 11:57:20	Controller		INFO	sending to transmitter
21-02-2016 11:57:20	Transmitter		INFO	pushing into buff
21-02-2016 11:57:20	DataProcessor		INFO	polling
21-02-2016 11:57:20	CameraInterface		INFO	Read successful
21-02-2016 11:57:20	Controller		INFO	sending to transmitter
21-02-2016 11:57:20	Transmitter		INFO	pushing into buff
21-02-2016 11:57:20	DataProcessor		INFO	polling
21-02-2016 11:57:20	CameraInterface		INFO	Read successful
21-02-2016 11:57:20	Controller		INFO	sending to transmitter
21-02-2016 11:57:20	Transmitter		INFO	pushing into buff
21-02-2016 11:57:20	DataProcessor		INFO	polling
21-02-2016 11:57:20	CameraInterface		INFO	Read successful
21-02-2016 11:57:20	Controller		INFO	sending to transmitter
21-02-2016 11:57:20	Transmitter		INFO	pushing into buff
21-02-2016 11:57:20	DataProcessor		INFO	polling
21-02-2016 11:57:20	CameraInterface		INFO	Read successful
21-02-2016 11:57:21	Controller		INFO	sending to transmitter
21-02-2016 11:57:21	Transmitter		INFO	pushing into buff
21-02-2016 11:57:21	DataProcessor		INFO	polling
21-02-2016 11:57:21	CameraInterface		INFO	Read successful
21-02-2016 11:57:21	Controller		INFO	sending to transmitter
21-02-2016 11:57:21	Transmitter		INFO	pushing into buff
21-02-2016 11:57:21	DataProcessor		INFO	polling
21-02-2016 11:57:21	CameraInterface		INFO	Read successful
21-02-2016 11:57:21	Controller		INFO	sending to transmitter
21-02-2016 11:57:21	Transmitter		INFO	pushing into buff
21-02-2016 11:57:21	DataProcessor		INFO	polling
21-02-2016 11:57:21	CameraInterface		INFO	Read successful
21-02-2016 11:57:21	Controller		INFO	sending to transmitter
21-02-2016 11:57:21	Transmitter		INFO	pushing into buff
21-02-2016 11:57:21	DataProcessor		INFO	polling
21-02-2016 11:57:21	CameraInterface		INFO	Read successful
21-02-2016 11:57:21	Controller		INFO	sending to transmitter
21-02-2016 11:57:21	Transmitter		INFO	pushing into buff
21-02-2016 11:57:21	DataProcessor		INFO	polling
21-02-2016 11:57:22	CameraInterface		INFO	Read successful
21-02-2016 11:57:22	Controller		INFO	sending to transmitter
21-02-2016 11:57:22	Transmitter		INFO	pushing into buff
21-02-2016 11:57:22	DataProcessor		INFO	polling
21-02-2016 11:57:22	CameraInterface		INFO	Read successful
21-02-2016 11:57:22	Controller		INFO	sending to transmitter
21-02-2016 11:57:22	Transmitter		INFO	pushing into buff
21-02-2016 11:57:22	DataProcessor		INFO	polling
21-02-2016 11:57:22	CameraInterface		INFO	Read successful
21-02-2016 11:57:22	Controller		INFO	sending to transmitter
21-02-2016 11:57:22	Transmitter		INFO	pushing into buff
21-02-2016 11:57:22	DataProcessor		INFO	polling
21-02-2016 11:57:22	CameraInterface		INFO	Read successful
21-02-2016 11:57:22	Controller		INFO	sending to transmitter
21-02-2016 11:57:22	Transmitter		INFO	pushing into buff
21-02-2016 11:57:22	DataProcessor		INFO	polling
21-02-2016 11:57:23	CameraInterface		INFO	Read successful
21-02-2016 11:57:23	Controller		INFO	sending to transmitter
21-02-2016 11:57:23	Transmitter		INFO	pushing into buff
21-02-2016 11:57:23	DataProcessor		INFO	polling
21-02-2016 11:57:23	CameraInterface		INFO	Read successful
21-02-2016 11:57:23	Controller		INFO	sending to transmitter
21-02-2016 11:57:23	Transmitter		INFO	pushing into buff
21-02-2016 11:57:23	DataProcessor		INFO	polling
21-02-2016 11:57:23	CameraInterface		INFO	Read successful
21-02-2016 11:57:23	Controller		INFO	sending to transmitter
21-02-2016 11:57:23	Transmitter		INFO	pushing into buff
21-02-2016 11:57:23	DataProcessor		INFO	polling
21-02-2016 11:57:23	CameraInterface		INFO	Read successful
21-02-2016 11:57:23	Controller		INFO	sending to transmitter
21-02-2016 11:57:23	Transmitter		INFO	pushing into buff
21-02-2016 11:57:23	DataProcessor		INFO	polling
21-02-2016 11:57:23	CameraInterface		INFO	Read successful
21-02-2016 11:57:23	Controller		INFO	sending to transmitter
21-02-2016 11:57:23	Transmitter		INFO	pushing into buff
21-02-2016 11:57:23	DataProcessor		INFO	polling
21-02-2016 11:57:24	CameraInterface		INFO	Read successful
21-02-2016 11:57:24	Controller		INFO	sending to transmitter
21-02-2016 11:57:24	Transmitter		INFO	pushing into buff
21-02-2016 11:57:24	DataProcessor		INFO	polling
21-02-2016 11:57:24	CameraInterface		INFO	Read successful
21-02-2016 11:57:24	Controller		INFO	sending to transmitter
21-02-2016 11:57:24	Transmitter		INFO	pushing into buff
21-02-2016 11:57:24	DataProcessor		INFO	polling
21-02-2016 11:57:24	CameraInterface		INFO	Read successful
21-02-2016 11:57:24	Controller		INFO	sending to transmitter
21-02-2016 11:57:24	Transmitter		INFO	pushing into buff
21-02-2016 11:57:24	DataProcessor		INFO	polling
21-02-2016 11:57:24	CameraInterface		INFO	Read successful
21-02-2016 11:57:24	Controller		INFO	sending to transmitter
21-02-2016 11:57:24	Transmitter		INFO	pushing into buff
21-02-2016 11:57:24	DataProcessor		INFO	polling
21-02-2016 11:57:25	CameraInterface		INFO	Read successful
21-02-2016 11:57:25	Controller		INFO	sending to transmitter
21-02-2016 11:57:25	Transmitter		INFO	pushing into buff
21-02-2016 11:57:25	DataProcessor		INFO	polling
21-02-2016 11:57:25	CameraInterface		INFO	Read successful
21-02-2016 11:57:25	Controller		INFO	sending to transmitter
21-02-2016 11:57:25	Transmitter		INFO	pushing into buff
21-02-2016 11:57:25	DataProcessor		INFO	polling
21-02-2016 11:57:25	CameraInterface		INFO	Read successful
21-02-2016 11:57:25	Controller		INFO	sending to transmitter
21-02-2016 11:57:25	Transmitter		INFO	pushing into buff
21-02-2016 11:57:25	DataProcessor		INFO	polling
21-02-2016 11:57:25	Transmitter		INFO	sending string: 992912
21-02-2016 11:57:25	CameraInterface		INFO	Read successful
21-02-2016 11:57:25	Controller		INFO	sending to transmitter
21-02-2016 11:57:25	Transmitter		INFO	pushing into buff
21-02-2016 11:57:25	DataProcessor		INFO	polling
21-02-2016 11:57:25	CameraInterface		INFO	Read successful
21-02-2016 11:57:25	Controller		INFO	sending to transmitter
21-02-2016 11:57:26	Transmitter		INFO	pushing into buff
21-02-2016 11:57:26	DataProcessor		INFO	polling
21-02-2016 11:57:26	CameraInterface		INFO	Read successful
21-02-2016 11:57:26	Controller		INFO	sending to transmitter
21-02-2016 11:57:26	Transmitter		INFO	pushing into buff
21-02-2016 11:57:26	DataProcessor		INFO	polling
21-02-2016 11:57:26	CameraInterface		INFO	Read successful
21-02-2016 11:57:26	Controller		INFO	sending to transmitter
21-02-2016 11:57:26	Transmitter		INFO	pushing into buff
21-02-2016 11:57:26	DataProcessor		INFO	polling
21-02-2016 11:57:26	CameraInterface		INFO	Read successful
21-02-2016 11:57:26	Controller		INFO	sending to transmitter
21-02-2016 11:57:26	Transmitter		INFO	pushing into buff
21-02-2016 11:57:26	DataProcessor		INFO	polling
21-02-2016 11:57:26	CameraInterface		INFO	Read successful
21-02-2016 11:57:26	Controller		INFO	sending to transmitter
21-02-2016 11:57:26	Transmitter		INFO	pushing into buff
21-02-2016 11:57:26	DataProcessor		INFO	polling
21-02-2016 11:57:27	CameraInterface		INFO	Read successful
21-02-2016 11:57:27	Controller		INFO	sending to transmitter
21-02-2016 11:57:27	Transmitter		INFO	pushing into buff
21-02-2016 11:57:27	DataProcessor		INFO	polling
21-02-2016 11:57:27	CameraInterface		INFO	Read successful
21-02-2016 11:57:27	Controller		INFO	sending to transmitter
21-02-2016 11:57:27	Transmitter		INFO	pushing into buff
21-02-2016 11:57:27	DataProcessor		INFO	polling
21-02-2016 11:57:27	CameraInterface		INFO	Read successful
21-02-2016 11:57:27	Controller		INFO	sending to transmitter
21-02-2016 11:57:27	Transmitter		INFO	pushing into buff
21-02-2016 11:57:27	DataProcessor		INFO	polling
21-02-2016 11:57:27	CameraInterface		INFO	Read successful
21-02-2016 11:57:27	Controller		INFO	sending to transmitter
21-02-2016 11:57:27	Transmitter		INFO	pushing into buff
21-02-2016 11:57:27	DataProcessor		INFO	polling
21-02-2016 11:57:28	CameraInterface		INFO	Read successful
21-02-2016 11:57:28	Controller		INFO	sending to transmitter
21-02-2016 11:57:28	Transmitter		INFO	pushing into buff
21-02-2016 11:57:28	DataProcessor		INFO	polling
21-02-2016 11:57:28	CameraInterface		INFO	Read successful
21-02-2016 11:57:28	Controller		INFO	sending to transmitter
21-02-2016 11:57:28	Transmitter		INFO	pushing into buff
21-02-2016 11:57:28	DataProcessor		INFO	polling
21-02-2016 11:57:28	CameraInterface		INFO	Read successful
21-02-2016 11:57:28	Controller		INFO	sending to transmitter
21-02-2016 11:57:28	Transmitter		INFO	pushing into buff
21-02-2016 11:57:28	DataProcessor		INFO	polling
21-02-2016 11:57:28	CameraInterface		INFO	Read successful
21-02-2016 11:57:28	Controller		INFO	sending to transmitter
21-02-2016 11:57:28	Transmitter		INFO	pushing into buff
21-02-2016 11:57:28	DataProcessor		INFO	polling
21-02-2016 11:57:28	CameraInterface		INFO	Read successful
21-02-2016 11:57:28	Controller		INFO	sending to transmitter
21-02-2016 11:57:28	Transmitter		INFO	pushing into buff
21-02-2016 11:57:28	DataProcessor		INFO	polling
21-02-2016 11:57:28	CameraInterface		INFO	Read successful
21-02-2016 11:57:28	Controller		INFO	sending to transmitter
21-02-2016 11:57:28	Transmitter		INFO	pushing into buff
21-02-2016 11:57:28	DataProcessor		INFO	polling
21-02-2016 11:57:29	CameraInterface		INFO	Read successful
21-02-2016 11:57:29	Controller		INFO	sending to transmitter
21-02-2016 11:57:29	Transmitter		INFO	pushing into buff
21-02-2016 11:57:29	DataProcessor		INFO	polling
21-02-2016 11:57:29	CameraInterface		INFO	Read successful
21-02-2016 11:57:29	Controller		INFO	sending to transmitter
21-02-2016 11:57:29	Transmitter		INFO	pushing into buff
21-02-2016 11:57:29	DataProcessor		INFO	polling
21-02-2016 11:57:29	CameraInterface		INFO	Read successful
21-02-2016 11:57:29	Controller		INFO	sending to transmitter
21-02-2016 11:57:29	Transmitter		INFO	pushing into buff
21-02-2016 11:57:29	DataProcessor		INFO	polling
21-02-2016 11:57:29	CameraInterface		INFO	Read successful
21-02-2016 11:57:29	Controller		INFO	sending to transmitter
21-02-2016 11:57:29	Transmitter		INFO	pushing into buff
21-02-2016 11:57:29	DataProcessor		INFO	polling
21-02-2016 11:57:29	CameraInterface		INFO	Read successful
21-02-2016 11:57:29	Controller		INFO	sending to transmitter
21-02-2016 11:57:29	Transmitter		INFO	pushing into buff
21-02-2016 11:57:29	DataProcessor		INFO	polling
21-02-2016 11:57:30	CameraInterface		INFO	Read successful
21-02-2016 11:57:30	Controller		INFO	sending to transmitter
21-02-2016 11:57:30	Transmitter		INFO	pushing into buff
21-02-2016 11:57:30	DataProcessor		INFO	polling
21-02-2016 11:57:30	CameraInterface		INFO	Read successful
21-02-2016 11:57:30	Controller		INFO	sending to transmitter
21-02-2016 11:57:30	Transmitter		INFO	pushing into buff
21-02-2016 11:57:30	DataProcessor		INFO	polling
21-02-2016 11:57:30	CameraInterface		INFO	Read successful
21-02-2016 11:57:30	Controller		INFO	sending to transmitter
21-02-2016 11:57:30	Transmitter		INFO	pushing into buff
21-02-2016 11:57:30	DataProcessor		INFO	polling
21-02-2016 11:57:30	CameraInterface		INFO	Read successful
21-02-2016 11:57:30	Controller		INFO	sending to transmitter
21-02-2016 11:57:30	Transmitter		INFO	pushing into buff
21-02-2016 11:57:30	DataProcessor		INFO	polling
21-02-2016 11:57:30	CameraInterface		INFO	Read successful
21-02-2016 11:57:30	Controller		INFO	sending to transmitter
21-02-2016 11:57:30	Transmitter		INFO	pushing into buff
21-02-2016 11:57:30	DataProcessor		INFO	polling
21-02-2016 11:57:31	CameraInterface		INFO	Read successful
21-02-2016 11:57:31	Controller		INFO	sending to transmitter
21-02-2016 11:57:31	Transmitter		INFO	pushing into buff
21-02-2016 11:57:31	DataProcessor		INFO	polling
21-02-2016 11:57:31	CameraInterface		INFO	Read successful
21-02-2016 11:57:31	Controller		INFO	sending to transmitter
21-02-2016 11:57:31	Transmitter		INFO	pushing into buff
21-02-2016 11:57:31	DataProcessor		INFO	polling
21-02-2016 11:57:31	CameraInterface		INFO	Read successful
21-02-2016 11:57:31	Controller		INFO	sending to transmitter
21-02-2016 11:57:31	Transmitter		INFO	pushing into buff
21-02-2016 11:57:31	DataProcessor		INFO	polling
21-02-2016 11:57:31	CameraInterface		INFO	Read successful
21-02-2016 11:57:31	Controller		INFO	sending to transmitter
21-02-2016 11:57:31	Transmitter		INFO	pushing into buff
21-02-2016 11:57:31	DataProcessor		INFO	polling
21-02-2016 11:57:35	CameraInterface		INFO	Read successful
