22-02-2016 12:06:29	Main		TRACE	Logger initialized.
22-02-2016 12:06:29	PropertyReader		TRACE	Opening file: settings/settings.txt
22-02-2016 12:06:29	PropertyReader		INFO	File opened: settings/settings.txt
22-02-2016 12:06:29	PropertyReader		INFO	Loading properties file...
22-02-2016 12:06:29	PropertyReader		INFO	Mapped TRACE to LOGGING_LEVEL
22-02-2016 12:06:29	PropertyReader		INFO	Mapped 100 to CAM_BUFFER_SIZE
22-02-2016 12:06:29	PropertyReader		INFO	Mapped 15 to CAM_POLL_FREQUENCY
22-02-2016 12:06:29	PropertyReader		INFO	Mapped 0 to CAM_INDEX
22-02-2016 12:06:29	PropertyReader		DEBUG	Loaded 4 properties successfully
22-02-2016 12:06:29	Controller		INFO	Constructor controller
22-02-2016 12:06:29	Transmitter		INFO	socket retrieve success
22-02-2016 12:06:29	Transmitter		INFO	binding done
22-02-2016 12:06:29	Transmitter		INFO	done listening
22-02-2016 12:06:33	Transmitter		INFO	accepting
22-02-2016 12:06:33	Main		TRACE	intializing controller
22-02-2016 12:06:33	Controller		INFO	Initializing Controller
22-02-2016 12:06:33	Main		TRACE	initializing dataprocessor
22-02-2016 12:06:33	CameraInterface		INFO	Initializing camera
22-02-2016 12:06:33	Transmitter		INFO	Starting Receiver Thread execution loop
22-02-2016 12:06:33	Transmitter		INFO	running
22-02-2016 12:06:33	Transmitter		INFO	running
22-02-2016 12:06:33	Transmitter		INFO	running
22-02-2016 12:06:33	ControllerThread		INFO	Starting Controller Thread execution loop
22-02-2016 12:06:33	Transmitter		INFO	running
22-02-2016 12:06:33	ControllerThread		INFO	Starting Controller Thread execution loop
22-02-2016 12:06:33	CameraInterface		INFO	Opening video capture stream at position 0
22-02-2016 12:06:33	Transmitter		INFO	running
22-02-2016 12:06:33	ControllerThread		INFO	Starting Controller Thread execution loop
22-02-2016 12:06:33	CameraInterface		INFO	Opening video capture stream at position 0
22-02-2016 12:06:33	Receiver		INFO	Starting Receiver Thread execution loop
22-02-2016 12:06:33	Transmitter		INFO	running
22-02-2016 12:06:33	Transmitter		INFO	running
22-02-2016 12:06:33	Transmitter		INFO	running
22-02-2016 12:06:33	Transmitter		INFO	running
22-02-2016 12:06:33	Transmitter		INFO	running
22-02-2016 12:06:33	Transmitter		INFO	running
22-02-2016 12:06:33	Transmitter		INFO	running
22-02-2016 12:06:33	Transmitter		INFO	running
22-02-2016 12:06:33	Transmitter		INFO	running
22-02-2016 12:06:33	Transmitter		INFO	running
22-02-2016 12:06:33	Transmitter		INFO	running
22-02-2016 12:06:33	Transmitter		INFO	running
22-02-2016 12:06:33	Transmitter		INFO	running
22-02-2016 12:06:33	Transmitter		INFO	running
22-02-2016 12:06:33	Transmitter		INFO	running
22-02-2016 12:06:33	Transmitter		INFO	running
22-02-2016 12:06:33	Transmitter		INFO	running
22-02-2016 12:06:33	Transmitter		INFO	running
22-02-2016 12:06:33	Transmitter		INFO	running
22-02-2016 12:06:33	Transmitter		INFO	running
22-02-2016 12:06:33	Transmitter		INFO	running
22-02-2016 12:06:33	Transmitter		INFO	running
22-02-2016 12:06:33	Transmitter		INFO	running
22-02-2016 12:06:33	Transmitter		INFO	running
22-02-2016 12:06:33	Transmitter		INFO	running
22-02-2016 12:06:33	Transmitter		INFO	running
22-02-2016 12:06:33	Transmitter		INFO	running
22-02-2016 12:06:33	Transmitter		INFO	running
22-02-2016 12:06:33	Transmitter		INFO	running
22-02-2016 12:06:34	Transmitter		INFO	running
22-02-2016 12:06:34	Transmitter		INFO	running
22-02-2016 12:06:34	Transmitter		INFO	running
22-02-2016 12:06:34	Transmitter		INFO	running
22-02-2016 12:06:34	Transmitter		INFO	running
22-02-2016 12:06:34	Transmitter		INFO	running
22-02-2016 12:06:34	Transmitter		INFO	running
22-02-2016 12:06:34	Transmitter		INFO	running
22-02-2016 12:06:34	Transmitter		INFO	running
22-02-2016 12:06:34	Main		TRACE	running controller
22-02-2016 12:06:34	Transmitter		INFO	running
22-02-2016 12:06:34	DataProcessor		INFO	polling
22-02-2016 12:06:34	Transmitter		INFO	running
22-02-2016 12:06:34	Transmitter		INFO	running
22-02-2016 12:06:34	Transmitter		INFO	running
22-02-2016 12:06:34	Transmitter		INFO	running
22-02-2016 12:06:34	Transmitter		INFO	running
22-02-2016 12:06:34	Transmitter		INFO	running
22-02-2016 12:06:34	Transmitter		INFO	running
22-02-2016 12:06:34	Transmitter		INFO	running
22-02-2016 12:06:34	Transmitter		INFO	running
22-02-2016 12:06:34	Transmitter		INFO	running
22-02-2016 12:06:34	Transmitter		INFO	running
22-02-2016 12:06:34	Transmitter		INFO	running
22-02-2016 12:06:34	Transmitter		INFO	running
22-02-2016 12:06:34	Transmitter		INFO	running
22-02-2016 12:06:34	Transmitter		INFO	running
22-02-2016 12:06:34	Transmitter		INFO	running
22-02-2016 12:06:34	Transmitter		INFO	running
22-02-2016 12:06:34	Transmitter		INFO	running
22-02-2016 12:06:34	Transmitter		INFO	running
22-02-2016 12:06:34	Transmitter		INFO	running
22-02-2016 12:06:34	Transmitter		INFO	running
22-02-2016 12:06:34	Transmitter		INFO	running
22-02-2016 12:06:34	Transmitter		INFO	running
22-02-2016 12:06:34	Transmitter		INFO	running
22-02-2016 12:06:34	Transmitter		INFO	running
22-02-2016 12:06:34	Transmitter		INFO	running
22-02-2016 12:06:34	Transmitter		INFO	running
22-02-2016 12:06:34	Transmitter		INFO	running
22-02-2016 12:06:34	Transmitter		INFO	running
22-02-2016 12:06:34	Transmitter		INFO	running
22-02-2016 12:06:34	Transmitter		INFO	running
22-02-2016 12:06:34	Transmitter		INFO	running
22-02-2016 12:06:34	Transmitter		INFO	running
22-02-2016 12:06:34	Transmitter		INFO	running
22-02-2016 12:06:34	Transmitter		INFO	running
22-02-2016 12:06:34	Transmitter		INFO	running
22-02-2016 12:06:34	Transmitter		INFO	running
22-02-2016 12:06:34	Transmitter		INFO	running
22-02-2016 12:06:34	Transmitter		INFO	running
22-02-2016 12:06:34	Transmitter		INFO	running
22-02-2016 12:06:34	Transmitter		INFO	running
22-02-2016 12:06:34	Transmitter		INFO	running
22-02-2016 12:06:34	Transmitter		INFO	running
22-02-2016 12:06:34	Transmitter		INFO	running
22-02-2016 12:06:34	Transmitter		INFO	running
22-02-2016 12:06:34	Transmitter		INFO	running
22-02-2016 12:06:34	Transmitter		INFO	running
22-02-2016 12:06:34	Transmitter		INFO	running
22-02-2016 12:06:34	Transmitter		INFO	running
22-02-2016 12:06:34	Transmitter		INFO	running
22-02-2016 12:06:34	Transmitter		INFO	running
22-02-2016 12:06:34	Transmitter		INFO	running
22-02-2016 12:06:34	Transmitter		INFO	running
22-02-2016 12:06:34	Transmitter		INFO	running
22-02-2016 12:06:34	Transmitter		INFO	running
22-02-2016 12:06:34	Transmitter		INFO	running
22-02-2016 12:06:34	Transmitter		INFO	running
22-02-2016 12:06:34	Transmitter		INFO	running
22-02-2016 12:06:34	Transmitter		INFO	running
22-02-2016 12:06:34	Transmitter		INFO	running
22-02-2016 12:06:34	Transmitter		INFO	running
22-02-2016 12:06:34	Transmitter		INFO	running
22-02-2016 12:06:34	Transmitter		INFO	running
22-02-2016 12:06:34	Transmitter		INFO	running
22-02-2016 12:06:34	Transmitter		INFO	running
22-02-2016 12:06:34	Transmitter		INFO	running
22-02-2016 12:06:34	Transmitter		INFO	running
22-02-2016 12:06:34	Transmitter		INFO	running
22-02-2016 12:06:34	Transmitter		INFO	running
22-02-2016 12:06:34	Transmitter		INFO	running
22-02-2016 12:06:34	Transmitter		INFO	running
22-02-2016 12:06:34	Transmitter		INFO	running
22-02-2016 12:06:34	Transmitter		INFO	running
22-02-2016 12:06:34	Transmitter		INFO	running
22-02-2016 12:06:34	Transmitter		INFO	running
22-02-2016 12:06:34	Transmitter		INFO	running
22-02-2016 12:06:34	Transmitter		INFO	running
22-02-2016 12:06:34	Transmitter		INFO	running
22-02-2016 12:06:34	Transmitter		INFO	running
22-02-2016 12:06:34	Transmitter		INFO	running
22-02-2016 12:06:34	Transmitter		INFO	running
22-02-2016 12:06:34	Transmitter		INFO	running
22-02-2016 12:06:34	Transmitter		INFO	running
22-02-2016 12:06:34	Transmitter		INFO	running
22-02-2016 12:06:34	Transmitter		INFO	running
22-02-2016 12:06:34	Transmitter		INFO	running
22-02-2016 12:06:34	Transmitter		INFO	running
22-02-2016 12:06:34	Transmitter		INFO	running
22-02-2016 12:06:34	Transmitter		INFO	running
22-02-2016 12:06:34	Transmitter		INFO	running
22-02-2016 12:06:34	CameraInterface		INFO	Read successful
22-02-2016 12:06:34	Controller		INFO	sending to transmitter
22-02-2016 12:06:34	Transmitter		INFO	pushing into buff
22-02-2016 12:06:34	DataProcessor		INFO	polling
22-02-2016 12:06:34	Transmitter		INFO	running
22-02-2016 12:06:34	Transmitter		INFO	getting from buffer
22-02-2016 12:06:35	CameraInterface		INFO	Read successful
22-02-2016 12:06:35	Controller		INFO	sending to transmitter
22-02-2016 12:06:35	Transmitter		INFO	pushing into buff
22-02-2016 12:06:35	DataProcessor		INFO	polling
22-02-2016 12:06:35	CameraInterface		INFO	Read successful
22-02-2016 12:06:35	Controller		INFO	sending to transmitter
22-02-2016 12:06:35	Transmitter		INFO	pushing into buff
22-02-2016 12:06:35	DataProcessor		INFO	polling
22-02-2016 12:06:35	CameraInterface		INFO	Read successful
22-02-2016 12:06:35	Controller		INFO	sending to transmitter
22-02-2016 12:06:35	Transmitter		INFO	pushing into buff
22-02-2016 12:06:35	DataProcessor		INFO	polling
22-02-2016 12:06:35	CameraInterface		INFO	Read successful
22-02-2016 12:06:35	Controller		INFO	sending to transmitter
22-02-2016 12:06:35	Transmitter		INFO	pushing into buff
22-02-2016 12:06:35	DataProcessor		INFO	polling
22-02-2016 12:06:35	CameraInterface		INFO	Read successful
22-02-2016 12:06:35	Controller		INFO	sending to transmitter
22-02-2016 12:06:35	Transmitter		INFO	pushing into buff
22-02-2016 12:06:35	DataProcessor		INFO	polling
22-02-2016 12:06:36	CameraInterface		INFO	Read successful
22-02-2016 12:06:36	Controller		INFO	sending to transmitter
22-02-2016 12:06:36	Transmitter		INFO	pushing into buff
22-02-2016 12:06:36	DataProcessor		INFO	polling
22-02-2016 12:06:36	CameraInterface		INFO	Read successful
22-02-2016 12:06:36	Controller		INFO	sending to transmitter
22-02-2016 12:06:36	Transmitter		INFO	pushing into buff
22-02-2016 12:06:36	DataProcessor		INFO	polling
22-02-2016 12:06:36	CameraInterface		INFO	Read successful
22-02-2016 12:06:36	Controller		INFO	sending to transmitter
22-02-2016 12:06:36	Transmitter		INFO	pushing into buff
22-02-2016 12:06:36	DataProcessor		INFO	polling
22-02-2016 12:06:36	CameraInterface		INFO	Read successful
22-02-2016 12:06:36	Controller		INFO	sending to transmitter
22-02-2016 12:06:36	Transmitter		INFO	pushing into buff
22-02-2016 12:06:36	DataProcessor		INFO	polling
22-02-2016 12:06:37	CameraInterface		INFO	Read successful
22-02-2016 12:06:37	Controller		INFO	sending to transmitter
22-02-2016 12:06:37	Transmitter		INFO	pushing into buff
22-02-2016 12:06:37	DataProcessor		INFO	polling
22-02-2016 12:06:37	CameraInterface		INFO	Read successful
22-02-2016 12:06:37	Controller		INFO	sending to transmitter
22-02-2016 12:06:37	Transmitter		INFO	pushing into buff
22-02-2016 12:06:37	DataProcessor		INFO	polling
22-02-2016 12:06:37	CameraInterface		INFO	Read successful
22-02-2016 12:06:37	Controller		INFO	sending to transmitter
22-02-2016 12:06:37	Transmitter		INFO	pushing into buff
22-02-2016 12:06:37	DataProcessor		INFO	polling
22-02-2016 12:06:37	CameraInterface		INFO	Read successful
22-02-2016 12:06:37	Controller		INFO	sending to transmitter
22-02-2016 12:06:37	Transmitter		INFO	pushing into buff
22-02-2016 12:06:37	DataProcessor		INFO	polling
22-02-2016 12:06:37	CameraInterface		INFO	Read successful
22-02-2016 12:06:37	Controller		INFO	sending to transmitter
22-02-2016 12:06:37	Transmitter		INFO	pushing into buff
22-02-2016 12:06:37	DataProcessor		INFO	polling
22-02-2016 12:06:38	CameraInterface		INFO	Read successful
22-02-2016 12:06:38	Controller		INFO	sending to transmitter
22-02-2016 12:06:38	Transmitter		INFO	pushing into buff
22-02-2016 12:06:38	DataProcessor		INFO	polling
22-02-2016 12:06:38	CameraInterface		INFO	Read successful
22-02-2016 12:06:38	Controller		INFO	sending to transmitter
22-02-2016 12:06:38	Transmitter		INFO	pushing into buff
22-02-2016 12:06:38	DataProcessor		INFO	polling
22-02-2016 12:06:38	CameraInterface		INFO	Read successful
22-02-2016 12:06:38	Controller		INFO	sending to transmitter
22-02-2016 12:06:38	Transmitter		INFO	pushing into buff
22-02-2016 12:06:38	DataProcessor		INFO	polling
22-02-2016 12:06:38	CameraInterface		INFO	Read successful
22-02-2016 12:06:38	Controller		INFO	sending to transmitter
22-02-2016 12:06:38	Transmitter		INFO	pushing into buff
22-02-2016 12:06:38	DataProcessor		INFO	polling
22-02-2016 12:06:39	CameraInterface		INFO	Read successful
22-02-2016 12:06:39	Controller		INFO	sending to transmitter
22-02-2016 12:06:39	Transmitter		INFO	pushing into buff
22-02-2016 12:06:39	DataProcessor		INFO	polling
22-02-2016 12:06:39	CameraInterface		INFO	Read successful
22-02-2016 12:06:39	Controller		INFO	sending to transmitter
22-02-2016 12:06:39	Transmitter		INFO	pushing into buff
22-02-2016 12:06:39	DataProcessor		INFO	polling
22-02-2016 12:06:39	CameraInterface		INFO	Read successful
22-02-2016 12:06:39	Controller		INFO	sending to transmitter
22-02-2016 12:06:39	Transmitter		INFO	pushing into buff
22-02-2016 12:06:39	DataProcessor		INFO	polling
22-02-2016 12:06:39	CameraInterface		INFO	Read successful
22-02-2016 12:06:39	Controller		INFO	sending to transmitter
22-02-2016 12:06:39	Transmitter		INFO	pushing into buff
22-02-2016 12:06:39	DataProcessor		INFO	polling
22-02-2016 12:06:39	CameraInterface		INFO	Read successful
22-02-2016 12:06:39	Controller		INFO	sending to transmitter
22-02-2016 12:06:39	Transmitter		INFO	pushing into buff
22-02-2016 12:06:39	DataProcessor		INFO	polling
22-02-2016 12:06:40	Transmitter		INFO	sending string: 106395
22-02-2016 12:06:40	CameraInterface		INFO	Read successful
22-02-2016 12:06:40	Controller		INFO	sending to transmitter
22-02-2016 12:06:40	Transmitter		INFO	pushing into buff
22-02-2016 12:06:40	DataProcessor		INFO	polling
22-02-2016 12:06:40	Transmitter		INFO	running
22-02-2016 12:06:40	Transmitter		INFO	getting from buffer
22-02-2016 12:06:40	CameraInterface		INFO	Read successful
22-02-2016 12:06:40	Controller		INFO	sending to transmitter
22-02-2016 12:06:40	Transmitter		INFO	pushing into buff
22-02-2016 12:06:40	DataProcessor		INFO	polling
22-02-2016 12:06:40	CameraInterface		INFO	Read successful
22-02-2016 12:06:40	Controller		INFO	sending to transmitter
22-02-2016 12:06:40	Transmitter		INFO	pushing into buff
22-02-2016 12:06:40	DataProcessor		INFO	polling
22-02-2016 12:06:40	CameraInterface		INFO	Read successful
22-02-2016 12:06:40	Controller		INFO	sending to transmitter
22-02-2016 12:06:40	Transmitter		INFO	pushing into buff
22-02-2016 12:06:40	DataProcessor		INFO	polling
22-02-2016 12:06:41	CameraInterface		INFO	Read successful
22-02-2016 12:06:41	Controller		INFO	sending to transmitter
22-02-2016 12:06:41	Transmitter		INFO	pushing into buff
22-02-2016 12:06:41	DataProcessor		INFO	polling
22-02-2016 12:06:41	CameraInterface		INFO	Read successful
22-02-2016 12:06:41	Controller		INFO	sending to transmitter
22-02-2016 12:06:41	Transmitter		INFO	pushing into buff
22-02-2016 12:06:41	DataProcessor		INFO	polling
22-02-2016 12:06:41	CameraInterface		INFO	Read successful
22-02-2016 12:06:41	Controller		INFO	sending to transmitter
22-02-2016 12:06:41	Transmitter		INFO	pushing into buff
22-02-2016 12:06:41	DataProcessor		INFO	polling
22-02-2016 12:06:41	CameraInterface		INFO	Read successful
22-02-2016 12:06:41	Controller		INFO	sending to transmitter
22-02-2016 12:06:41	Transmitter		INFO	pushing into buff
22-02-2016 12:06:41	DataProcessor		INFO	polling
22-02-2016 12:06:41	CameraInterface		INFO	Read successful
22-02-2016 12:06:41	Controller		INFO	sending to transmitter
22-02-2016 12:06:41	Transmitter		INFO	pushing into buff
22-02-2016 12:06:41	DataProcessor		INFO	polling
22-02-2016 12:06:42	CameraInterface		INFO	Read successful
22-02-2016 12:06:42	Controller		INFO	sending to transmitter
22-02-2016 12:06:42	Transmitter		INFO	pushing into buff
22-02-2016 12:06:42	DataProcessor		INFO	polling
22-02-2016 12:06:42	CameraInterface		INFO	Read successful
22-02-2016 12:06:42	Controller		INFO	sending to transmitter
22-02-2016 12:06:42	Transmitter		INFO	pushing into buff
22-02-2016 12:06:42	DataProcessor		INFO	polling
22-02-2016 12:06:42	CameraInterface		INFO	Read successful
22-02-2016 12:06:42	Controller		INFO	sending to transmitter
22-02-2016 12:06:42	Transmitter		INFO	pushing into buff
22-02-2016 12:06:42	DataProcessor		INFO	polling
22-02-2016 12:06:42	CameraInterface		INFO	Read successful
22-02-2016 12:06:42	Controller		INFO	sending to transmitter
22-02-2016 12:06:42	Transmitter		INFO	pushing into buff
22-02-2016 12:06:42	DataProcessor		INFO	polling
22-02-2016 12:06:43	CameraInterface		INFO	Read successful
22-02-2016 12:06:43	Controller		INFO	sending to transmitter
22-02-2016 12:06:43	Transmitter		INFO	pushing into buff
22-02-2016 12:06:43	DataProcessor		INFO	polling
22-02-2016 12:06:43	CameraInterface		INFO	Read successful
22-02-2016 12:06:43	Controller		INFO	sending to transmitter
22-02-2016 12:06:43	Transmitter		INFO	pushing into buff
22-02-2016 12:06:43	DataProcessor		INFO	polling
22-02-2016 12:06:43	CameraInterface		INFO	Read successful
22-02-2016 12:06:43	Controller		INFO	sending to transmitter
22-02-2016 12:06:43	Transmitter		INFO	pushing into buff
22-02-2016 12:06:43	DataProcessor		INFO	polling
22-02-2016 12:06:43	CameraInterface		INFO	Read successful
22-02-2016 12:06:43	Controller		INFO	sending to transmitter
22-02-2016 12:06:43	Transmitter		INFO	pushing into buff
22-02-2016 12:06:43	DataProcessor		INFO	polling
22-02-2016 12:06:43	CameraInterface		INFO	Read successful
22-02-2016 12:06:43	Controller		INFO	sending to transmitter
22-02-2016 12:06:43	Transmitter		INFO	pushing into buff
22-02-2016 12:06:43	DataProcessor		INFO	polling
22-02-2016 12:06:44	CameraInterface		INFO	Read successful
22-02-2016 12:06:44	Controller		INFO	sending to transmitter
22-02-2016 12:06:44	Transmitter		INFO	pushing into buff
22-02-2016 12:06:44	DataProcessor		INFO	polling
22-02-2016 12:06:44	CameraInterface		INFO	Read successful
22-02-2016 12:06:44	Controller		INFO	sending to transmitter
22-02-2016 12:06:44	Transmitter		INFO	pushing into buff
22-02-2016 12:06:44	DataProcessor		INFO	polling
22-02-2016 12:06:44	CameraInterface		INFO	Read successful
22-02-2016 12:06:44	Controller		INFO	sending to transmitter
22-02-2016 12:06:44	Transmitter		INFO	pushing into buff
22-02-2016 12:06:44	DataProcessor		INFO	polling
22-02-2016 12:06:44	CameraInterface		INFO	Read successful
22-02-2016 12:06:44	Controller		INFO	sending to transmitter
22-02-2016 12:06:44	Transmitter		INFO	pushing into buff
22-02-2016 12:06:44	DataProcessor		INFO	polling
22-02-2016 12:06:45	CameraInterface		INFO	Read successful
22-02-2016 12:06:45	Controller		INFO	sending to transmitter
22-02-2016 12:06:45	Transmitter		INFO	pushing into buff
22-02-2016 12:06:45	DataProcessor		INFO	polling
22-02-2016 12:06:45	CameraInterface		INFO	Read successful
22-02-2016 12:06:45	Controller		INFO	sending to transmitter
22-02-2016 12:06:45	Transmitter		INFO	pushing into buff
22-02-2016 12:06:45	DataProcessor		INFO	polling
22-02-2016 12:06:45	CameraInterface		INFO	Read successful
22-02-2016 12:06:45	Controller		INFO	sending to transmitter
22-02-2016 12:06:45	Transmitter		INFO	pushing into buff
22-02-2016 12:06:45	DataProcessor		INFO	polling
22-02-2016 12:06:45	CameraInterface		INFO	Read successful
22-02-2016 12:06:45	Controller		INFO	sending to transmitter
22-02-2016 12:06:45	Transmitter		INFO	pushing into buff
22-02-2016 12:06:45	DataProcessor		INFO	polling
22-02-2016 12:06:45	CameraInterface		INFO	Read successful
22-02-2016 12:06:45	Controller		INFO	sending to transmitter
22-02-2016 12:06:45	Transmitter		INFO	pushing into buff
22-02-2016 12:06:45	DataProcessor		INFO	polling
22-02-2016 12:06:46	CameraInterface		INFO	Read successful
22-02-2016 12:06:46	Controller		INFO	sending to transmitter
22-02-2016 12:06:46	Transmitter		INFO	pushing into buff
22-02-2016 12:06:46	DataProcessor		INFO	polling
22-02-2016 12:06:46	CameraInterface		INFO	Read successful
22-02-2016 12:06:46	Controller		INFO	sending to transmitter
22-02-2016 12:06:46	Transmitter		INFO	pushing into buff
22-02-2016 12:06:46	DataProcessor		INFO	polling
22-02-2016 12:06:46	CameraInterface		INFO	Read successful
22-02-2016 12:06:46	Controller		INFO	sending to transmitter
22-02-2016 12:06:46	Transmitter		INFO	pushing into buff
22-02-2016 12:06:46	DataProcessor		INFO	polling
22-02-2016 12:06:46	CameraInterface		INFO	Read successful
22-02-2016 12:06:46	Controller		INFO	sending to transmitter
22-02-2016 12:06:46	Transmitter		INFO	pushing into buff
22-02-2016 12:06:46	DataProcessor		INFO	polling
22-02-2016 12:06:47	CameraInterface		INFO	Read successful
22-02-2016 12:06:47	Controller		INFO	sending to transmitter
22-02-2016 12:06:47	Transmitter		INFO	pushing into buff
22-02-2016 12:06:47	DataProcessor		INFO	polling
22-02-2016 12:06:47	CameraInterface		INFO	Read successful
22-02-2016 12:06:47	Controller		INFO	sending to transmitter
22-02-2016 12:06:47	Transmitter		INFO	pushing into buff
22-02-2016 12:06:47	DataProcessor		INFO	polling
22-02-2016 12:06:47	CameraInterface		INFO	Read successful
22-02-2016 12:06:47	Controller		INFO	sending to transmitter
22-02-2016 12:06:47	Transmitter		INFO	pushing into buff
22-02-2016 12:06:47	DataProcessor		INFO	polling
22-02-2016 12:06:47	CameraInterface		INFO	Read successful
22-02-2016 12:06:47	Controller		INFO	sending to transmitter
22-02-2016 12:06:47	Transmitter		INFO	pushing into buff
22-02-2016 12:06:47	DataProcessor		INFO	polling
22-02-2016 12:06:47	CameraInterface		INFO	Read successful
22-02-2016 12:06:47	Controller		INFO	sending to transmitter
22-02-2016 12:06:47	Transmitter		INFO	pushing into buff
22-02-2016 12:06:47	DataProcessor		INFO	polling
22-02-2016 12:06:48	CameraInterface		INFO	Read successful
22-02-2016 12:06:48	Controller		INFO	sending to transmitter
22-02-2016 12:06:48	Transmitter		INFO	pushing into buff
22-02-2016 12:06:48	DataProcessor		INFO	polling
22-02-2016 12:06:48	CameraInterface		INFO	Read successful
22-02-2016 12:06:48	Controller		INFO	sending to transmitter
22-02-2016 12:06:48	Transmitter		INFO	pushing into buff
22-02-2016 12:06:48	DataProcessor		INFO	polling
22-02-2016 12:06:48	Transmitter		INFO	sending string: 1260081
22-02-2016 12:06:48	CameraInterface		INFO	Read successful
22-02-2016 12:06:48	Controller		INFO	sending to transmitter
22-02-2016 12:06:48	Transmitter		INFO	pushing into buff
22-02-2016 12:06:48	DataProcessor		INFO	polling
22-02-2016 12:06:49	CameraInterface		INFO	Read successful
22-02-2016 12:06:49	Controller		INFO	sending to transmitter
22-02-2016 12:06:49	Transmitter		INFO	pushing into buff
22-02-2016 12:06:49	DataProcessor		INFO	polling
22-02-2016 12:06:49	CameraInterface		INFO	Read successful
22-02-2016 12:06:49	Controller		INFO	sending to transmitter
22-02-2016 12:06:49	Transmitter		INFO	pushing into buff
22-02-2016 12:06:49	DataProcessor		INFO	polling
22-02-2016 12:06:49	CameraInterface		INFO	Read successful
22-02-2016 12:06:49	Controller		INFO	sending to transmitter
22-02-2016 12:06:49	Transmitter		INFO	pushing into buff
22-02-2016 12:06:49	DataProcessor		INFO	polling
22-02-2016 12:06:49	CameraInterface		INFO	Read successful
22-02-2016 12:06:49	Controller		INFO	sending to transmitter
22-02-2016 12:06:49	Transmitter		INFO	pushing into buff
22-02-2016 12:06:49	DataProcessor		INFO	polling
22-02-2016 12:06:50	CameraInterface		INFO	Read successful
22-02-2016 12:06:50	Controller		INFO	sending to transmitter
22-02-2016 12:06:50	Transmitter		INFO	pushing into buff
22-02-2016 12:06:50	DataProcessor		INFO	polling
22-02-2016 12:06:50	CameraInterface		INFO	Read successful
22-02-2016 12:06:50	Controller		INFO	sending to transmitter
22-02-2016 12:06:50	Transmitter		INFO	pushing into buff
22-02-2016 12:06:50	DataProcessor		INFO	polling
22-02-2016 12:06:50	Transmitter		INFO	running
22-02-2016 12:06:50	Transmitter		INFO	getting from buffer
22-02-2016 12:06:50	CameraInterface		INFO	Read successful
22-02-2016 12:06:50	Controller		INFO	sending to transmitter
22-02-2016 12:06:50	Transmitter		INFO	pushing into buff
22-02-2016 12:06:50	DataProcessor		INFO	polling
22-02-2016 12:06:50	CameraInterface		INFO	Read successful
22-02-2016 12:06:50	Controller		INFO	sending to transmitter
22-02-2016 12:06:50	Transmitter		INFO	pushing into buff
22-02-2016 12:06:50	DataProcessor		INFO	polling
22-02-2016 12:06:50	CameraInterface		INFO	Read successful
22-02-2016 12:06:50	Controller		INFO	sending to transmitter
22-02-2016 12:06:50	Transmitter		INFO	pushing into buff
22-02-2016 12:06:50	DataProcessor		INFO	polling
22-02-2016 12:06:51	CameraInterface		INFO	Read successful
22-02-2016 12:06:51	Controller		INFO	sending to transmitter
22-02-2016 12:06:51	Transmitter		INFO	pushing into buff
22-02-2016 12:06:51	DataProcessor		INFO	polling
22-02-2016 12:06:51	CameraInterface		INFO	Read successful
22-02-2016 12:06:51	Controller		INFO	sending to transmitter
22-02-2016 12:06:51	Transmitter		INFO	pushing into buff
22-02-2016 12:06:51	DataProcessor		INFO	polling
22-02-2016 12:06:51	CameraInterface		INFO	Read successful
22-02-2016 12:06:51	Controller		INFO	sending to transmitter
22-02-2016 12:06:51	Transmitter		INFO	pushing into buff
22-02-2016 12:06:51	DataProcessor		INFO	polling
22-02-2016 12:06:51	CameraInterface		INFO	Read successful
22-02-2016 12:06:51	Controller		INFO	sending to transmitter
22-02-2016 12:06:51	Transmitter		INFO	pushing into buff
22-02-2016 12:06:51	DataProcessor		INFO	polling
22-02-2016 12:06:52	CameraInterface		INFO	Read successful
22-02-2016 12:06:52	Controller		INFO	sending to transmitter
22-02-2016 12:06:52	Transmitter		INFO	pushing into buff
22-02-2016 12:06:52	DataProcessor		INFO	polling
22-02-2016 12:06:52	CameraInterface		INFO	Read successful
22-02-2016 12:06:52	Controller		INFO	sending to transmitter
22-02-2016 12:06:52	Transmitter		INFO	pushing into buff
22-02-2016 12:06:52	DataProcessor		INFO	polling
22-02-2016 12:06:52	CameraInterface		INFO	Read successful
22-02-2016 12:06:52	Controller		INFO	sending to transmitter
22-02-2016 12:06:52	Transmitter		INFO	pushing into buff
22-02-2016 12:06:52	DataProcessor		INFO	polling
