22-02-2016 12:46:04	Main		TRACE	Logger initialized.
22-02-2016 12:46:04	PropertyReader		TRACE	Opening file: settings/settings.txt
22-02-2016 12:46:04	PropertyReader		INFO	File opened: settings/settings.txt
22-02-2016 12:46:04	PropertyReader		INFO	Loading properties file...
22-02-2016 12:46:04	PropertyReader		INFO	Mapped TRACE to LOGGING_LEVEL
22-02-2016 12:46:04	PropertyReader		INFO	Mapped 100 to CAM_BUFFER_SIZE
22-02-2016 12:46:04	PropertyReader		INFO	Mapped 15 to CAM_POLL_FREQUENCY
22-02-2016 12:46:04	PropertyReader		INFO	Mapped 0 to CAM_INDEX
22-02-2016 12:46:04	PropertyReader		DEBUG	Loaded 4 properties successfully
22-02-2016 12:46:04	Controller		INFO	Constructor controller
22-02-2016 12:46:04	Transmitter		INFO	socket retrieve success
22-02-2016 12:46:04	Transmitter		INFO	binding done
22-02-2016 12:46:04	Transmitter		INFO	done listening
22-02-2016 12:47:50	Transmitter		INFO	accepting
22-02-2016 12:47:50	Main		TRACE	intializing controller
22-02-2016 12:47:50	Controller		INFO	Initializing Controller
22-02-2016 12:47:50	Main		TRACE	initializing dataprocessor
22-02-2016 12:47:50	Transmitter		INFO	Starting Receiver Thread execution loop
22-02-2016 12:47:50	CameraInterface		INFO	Initializing camera
22-02-2016 12:47:50	CameraInterface		INFO	Opening video capture stream at position 0
22-02-2016 12:47:50	CameraInterface		INFO	Opening video capture stream at position 0
22-02-2016 12:47:50	ControllerThread		INFO	Starting Controller Thread execution loop
22-02-2016 12:47:50	CameraInterface		INFO	Opening video capture stream at position 0
22-02-2016 12:47:50	ControllerThread		INFO	Starting Controller Thread execution loop
22-02-2016 12:47:50	Receiver		INFO	Starting Receiver Thread execution loop
22-02-2016 12:47:50	Transmitter		INFO	running
22-02-2016 12:47:50	Transmitter		INFO	running
22-02-2016 12:47:50	Transmitter		INFO	running
22-02-2016 12:47:50	Transmitter		INFO	running
22-02-2016 12:47:50	Transmitter		INFO	running
22-02-2016 12:47:50	Transmitter		INFO	running
22-02-2016 12:47:50	Transmitter		INFO	running
22-02-2016 12:47:50	Transmitter		INFO	running
22-02-2016 12:47:50	Transmitter		INFO	running
22-02-2016 12:47:50	Transmitter		INFO	running
22-02-2016 12:47:50	Transmitter		INFO	running
22-02-2016 12:47:51	Transmitter		INFO	running
22-02-2016 12:47:51	Transmitter		INFO	running
22-02-2016 12:47:51	Transmitter		INFO	running
22-02-2016 12:47:51	Transmitter		INFO	running
22-02-2016 12:47:51	Transmitter		INFO	running
22-02-2016 12:47:51	Transmitter		INFO	running
22-02-2016 12:47:51	Transmitter		INFO	running
22-02-2016 12:47:51	Transmitter		INFO	running
22-02-2016 12:47:51	Transmitter		INFO	running
22-02-2016 12:47:51	Transmitter		INFO	running
22-02-2016 12:47:51	Transmitter		INFO	running
22-02-2016 12:47:51	Transmitter		INFO	running
22-02-2016 12:47:51	Transmitter		INFO	running
22-02-2016 12:47:51	Transmitter		INFO	running
22-02-2016 12:47:51	Transmitter		INFO	running
22-02-2016 12:47:51	Transmitter		INFO	running
22-02-2016 12:47:51	Transmitter		INFO	running
22-02-2016 12:47:51	Transmitter		INFO	running
22-02-2016 12:47:51	Transmitter		INFO	running
22-02-2016 12:47:51	Transmitter		INFO	running
22-02-2016 12:47:51	Transmitter		INFO	running
22-02-2016 12:47:51	Transmitter		INFO	running
22-02-2016 12:47:51	Transmitter		INFO	running
22-02-2016 12:47:51	Transmitter		INFO	running
22-02-2016 12:47:51	Transmitter		INFO	running
22-02-2016 12:47:51	Transmitter		INFO	running
22-02-2016 12:47:51	Transmitter		INFO	running
22-02-2016 12:47:51	Main		TRACE	running controller
22-02-2016 12:47:51	Transmitter		INFO	running
22-02-2016 12:47:51	Transmitter		INFO	running
22-02-2016 12:47:51	DataProcessor		INFO	polling
22-02-2016 12:47:51	Transmitter		INFO	running
22-02-2016 12:47:51	Transmitter		INFO	running
22-02-2016 12:47:51	Transmitter		INFO	running
22-02-2016 12:47:51	Transmitter		INFO	running
22-02-2016 12:47:51	Transmitter		INFO	running
22-02-2016 12:47:51	Transmitter		INFO	running
22-02-2016 12:47:51	Transmitter		INFO	running
22-02-2016 12:47:51	Transmitter		INFO	running
22-02-2016 12:47:51	Transmitter		INFO	running
22-02-2016 12:47:51	Transmitter		INFO	running
22-02-2016 12:47:51	Transmitter		INFO	running
22-02-2016 12:47:51	Transmitter		INFO	running
22-02-2016 12:47:51	Transmitter		INFO	running
22-02-2016 12:47:51	Transmitter		INFO	running
22-02-2016 12:47:51	Transmitter		INFO	running
22-02-2016 12:47:51	Transmitter		INFO	running
22-02-2016 12:47:51	Transmitter		INFO	running
22-02-2016 12:47:51	Transmitter		INFO	running
22-02-2016 12:47:51	Transmitter		INFO	running
22-02-2016 12:47:51	Transmitter		INFO	running
22-02-2016 12:47:51	Transmitter		INFO	running
22-02-2016 12:47:51	Transmitter		INFO	running
22-02-2016 12:47:51	Transmitter		INFO	running
22-02-2016 12:47:51	Transmitter		INFO	running
22-02-2016 12:47:51	Transmitter		INFO	running
22-02-2016 12:47:51	Transmitter		INFO	running
22-02-2016 12:47:51	Transmitter		INFO	running
22-02-2016 12:47:51	Transmitter		INFO	running
22-02-2016 12:47:51	Transmitter		INFO	running
22-02-2016 12:47:51	Transmitter		INFO	running
22-02-2016 12:47:51	Transmitter		INFO	running
22-02-2016 12:47:51	Transmitter		INFO	running
22-02-2016 12:47:51	Transmitter		INFO	running
22-02-2016 12:47:51	Transmitter		INFO	running
22-02-2016 12:47:51	Transmitter		INFO	running
22-02-2016 12:47:51	Transmitter		INFO	running
22-02-2016 12:47:51	Transmitter		INFO	running
22-02-2016 12:47:51	Transmitter		INFO	running
22-02-2016 12:47:51	Transmitter		INFO	running
22-02-2016 12:47:51	Transmitter		INFO	running
22-02-2016 12:47:51	Transmitter		INFO	running
22-02-2016 12:47:51	Transmitter		INFO	running
22-02-2016 12:47:51	Transmitter		INFO	running
22-02-2016 12:47:51	Transmitter		INFO	running
22-02-2016 12:47:51	Transmitter		INFO	running
22-02-2016 12:47:51	Transmitter		INFO	running
22-02-2016 12:47:51	Transmitter		INFO	running
22-02-2016 12:47:51	Transmitter		INFO	running
22-02-2016 12:47:51	Transmitter		INFO	running
22-02-2016 12:47:51	Transmitter		INFO	running
22-02-2016 12:47:51	Transmitter		INFO	running
22-02-2016 12:47:51	Transmitter		INFO	running
22-02-2016 12:47:51	Transmitter		INFO	running
22-02-2016 12:47:51	Transmitter		INFO	running
22-02-2016 12:47:51	Transmitter		INFO	running
22-02-2016 12:47:51	Transmitter		INFO	running
22-02-2016 12:47:51	Transmitter		INFO	running
22-02-2016 12:47:51	Transmitter		INFO	running
22-02-2016 12:47:51	Transmitter		INFO	running
22-02-2016 12:47:51	Transmitter		INFO	running
22-02-2016 12:47:51	Transmitter		INFO	running
22-02-2016 12:47:51	Transmitter		INFO	running
22-02-2016 12:47:51	Transmitter		INFO	running
22-02-2016 12:47:51	Transmitter		INFO	running
22-02-2016 12:47:51	Transmitter		INFO	running
22-02-2016 12:47:51	Transmitter		INFO	running
22-02-2016 12:47:51	Transmitter		INFO	running
22-02-2016 12:47:51	Transmitter		INFO	running
22-02-2016 12:47:51	Transmitter		INFO	running
22-02-2016 12:47:51	Transmitter		INFO	running
22-02-2016 12:47:51	Transmitter		INFO	running
22-02-2016 12:47:51	Transmitter		INFO	running
22-02-2016 12:47:51	Transmitter		INFO	running
22-02-2016 12:47:51	Transmitter		INFO	running
22-02-2016 12:47:51	Transmitter		INFO	running
22-02-2016 12:47:51	Transmitter		INFO	running
22-02-2016 12:47:51	Transmitter		INFO	running
22-02-2016 12:47:51	Transmitter		INFO	running
22-02-2016 12:47:51	Transmitter		INFO	running
22-02-2016 12:47:51	Transmitter		INFO	running
22-02-2016 12:47:51	Transmitter		INFO	running
22-02-2016 12:47:51	Transmitter		INFO	running
22-02-2016 12:47:51	Transmitter		INFO	running
22-02-2016 12:47:51	Transmitter		INFO	running
22-02-2016 12:47:51	Transmitter		INFO	running
22-02-2016 12:47:51	Transmitter		INFO	running
22-02-2016 12:47:51	Transmitter		INFO	running
22-02-2016 12:47:51	Transmitter		INFO	running
22-02-2016 12:47:52	Transmitter		INFO	running
22-02-2016 12:47:52	CameraInterface		INFO	Read successful
22-02-2016 12:47:52	Controller		INFO	sending to transmitter
22-02-2016 12:47:52	Transmitter		INFO	pushing into buff
22-02-2016 12:47:52	Transmitter		INFO	running
22-02-2016 12:47:52	Transmitter		INFO	getting from buffer
22-02-2016 12:47:52	DataProcessor		INFO	polling
22-02-2016 12:47:52	CameraInterface		INFO	Read successful
22-02-2016 12:47:52	Controller		INFO	sending to transmitter
22-02-2016 12:47:52	Transmitter		INFO	pushing into buff
22-02-2016 12:47:52	DataProcessor		INFO	polling
22-02-2016 12:47:52	CameraInterface		INFO	Read successful
22-02-2016 12:47:52	Controller		INFO	sending to transmitter
22-02-2016 12:47:52	Transmitter		INFO	pushing into buff
22-02-2016 12:47:52	DataProcessor		INFO	polling
22-02-2016 12:47:52	CameraInterface		INFO	Read successful
22-02-2016 12:47:52	Controller		INFO	sending to transmitter
22-02-2016 12:47:52	Transmitter		INFO	pushing into buff
22-02-2016 12:47:52	DataProcessor		INFO	polling
22-02-2016 12:47:52	CameraInterface		INFO	Read successful
22-02-2016 12:47:52	Controller		INFO	sending to transmitter
22-02-2016 12:47:52	Transmitter		INFO	pushing into buff
22-02-2016 12:47:52	DataProcessor		INFO	polling
22-02-2016 12:47:53	CameraInterface		INFO	Read successful
22-02-2016 12:47:53	Controller		INFO	sending to transmitter
22-02-2016 12:47:53	Transmitter		INFO	pushing into buff
22-02-2016 12:47:53	DataProcessor		INFO	polling
22-02-2016 12:47:53	CameraInterface		INFO	Read successful
22-02-2016 12:47:53	Controller		INFO	sending to transmitter
22-02-2016 12:47:53	Transmitter		INFO	pushing into buff
22-02-2016 12:47:53	DataProcessor		INFO	polling
22-02-2016 12:47:53	CameraInterface		INFO	Read successful
22-02-2016 12:47:53	Controller		INFO	sending to transmitter
22-02-2016 12:47:53	Transmitter		INFO	pushing into buff
22-02-2016 12:47:53	DataProcessor		INFO	polling
22-02-2016 12:47:53	CameraInterface		INFO	Read successful
22-02-2016 12:47:53	Controller		INFO	sending to transmitter
22-02-2016 12:47:53	Transmitter		INFO	pushing into buff
22-02-2016 12:47:53	DataProcessor		INFO	polling
22-02-2016 12:47:53	CameraInterface		INFO	Read successful
22-02-2016 12:47:53	Controller		INFO	sending to transmitter
22-02-2016 12:47:53	Transmitter		INFO	pushing into buff
22-02-2016 12:47:53	DataProcessor		INFO	polling
22-02-2016 12:47:54	CameraInterface		INFO	Read successful
22-02-2016 12:47:54	Controller		INFO	sending to transmitter
22-02-2016 12:47:54	Transmitter		INFO	pushing into buff
22-02-2016 12:47:54	DataProcessor		INFO	polling
22-02-2016 12:47:54	CameraInterface		INFO	Read successful
22-02-2016 12:47:54	Controller		INFO	sending to transmitter
22-02-2016 12:47:54	Transmitter		INFO	pushing into buff
22-02-2016 12:47:54	DataProcessor		INFO	polling
22-02-2016 12:47:54	CameraInterface		INFO	Read successful
22-02-2016 12:47:54	Controller		INFO	sending to transmitter
22-02-2016 12:47:54	Transmitter		INFO	pushing into buff
22-02-2016 12:47:54	DataProcessor		INFO	polling
22-02-2016 12:47:54	CameraInterface		INFO	Read successful
22-02-2016 12:47:54	Controller		INFO	sending to transmitter
22-02-2016 12:47:54	Transmitter		INFO	pushing into buff
22-02-2016 12:47:54	DataProcessor		INFO	polling
22-02-2016 12:47:55	CameraInterface		INFO	Read successful
22-02-2016 12:47:55	Controller		INFO	sending to transmitter
22-02-2016 12:47:55	Transmitter		INFO	pushing into buff
22-02-2016 12:47:55	DataProcessor		INFO	polling
22-02-2016 12:47:55	CameraInterface		INFO	Read successful
22-02-2016 12:47:55	Controller		INFO	sending to transmitter
22-02-2016 12:47:55	Transmitter		INFO	pushing into buff
22-02-2016 12:47:55	DataProcessor		INFO	polling
22-02-2016 12:47:55	CameraInterface		INFO	Read successful
22-02-2016 12:47:55	Controller		INFO	sending to transmitter
22-02-2016 12:47:55	Transmitter		INFO	pushing into buff
22-02-2016 12:47:55	DataProcessor		INFO	polling
22-02-2016 12:47:55	CameraInterface		INFO	Read successful
22-02-2016 12:47:55	Controller		INFO	sending to transmitter
22-02-2016 12:47:55	Transmitter		INFO	pushing into buff
22-02-2016 12:47:55	DataProcessor		INFO	polling
22-02-2016 12:47:55	CameraInterface		INFO	Read successful
22-02-2016 12:47:56	Controller		INFO	sending to transmitter
22-02-2016 12:47:56	Transmitter		INFO	pushing into buff
22-02-2016 12:47:56	DataProcessor		INFO	polling
22-02-2016 12:47:56	CameraInterface		INFO	Read successful
22-02-2016 12:47:56	Controller		INFO	sending to transmitter
22-02-2016 12:47:56	Transmitter		INFO	pushing into buff
22-02-2016 12:47:56	DataProcessor		INFO	polling
22-02-2016 12:47:56	CameraInterface		INFO	Read successful
22-02-2016 12:47:56	Controller		INFO	sending to transmitter
22-02-2016 12:47:56	Transmitter		INFO	pushing into buff
22-02-2016 12:47:56	DataProcessor		INFO	polling
22-02-2016 12:47:56	CameraInterface		INFO	Read successful
22-02-2016 12:47:56	Controller		INFO	sending to transmitter
22-02-2016 12:47:56	Transmitter		INFO	pushing into buff
22-02-2016 12:47:56	DataProcessor		INFO	polling
22-02-2016 12:47:56	CameraInterface		INFO	Read successful
22-02-2016 12:47:56	Controller		INFO	sending to transmitter
22-02-2016 12:47:56	Transmitter		INFO	pushing into buff
22-02-2016 12:47:56	DataProcessor		INFO	polling
22-02-2016 12:47:56	CameraInterface		INFO	Read successful
22-02-2016 12:47:57	Controller		INFO	sending to transmitter
22-02-2016 12:47:57	Transmitter		INFO	pushing into buff
22-02-2016 12:47:57	Transmitter		INFO	sending string: 68819
22-02-2016 12:47:57	DataProcessor		INFO	polling
22-02-2016 12:47:57	CameraInterface		INFO	Read successful
22-02-2016 12:47:57	Controller		INFO	sending to transmitter
22-02-2016 12:47:57	Transmitter		INFO	pushing into buff
22-02-2016 12:47:57	DataProcessor		INFO	polling
22-02-2016 12:47:57	Transmitter		INFO	running
22-02-2016 12:47:57	Transmitter		INFO	getting from buffer
22-02-2016 12:47:57	CameraInterface		INFO	Read successful
22-02-2016 12:47:57	Controller		INFO	sending to transmitter
22-02-2016 12:47:57	Transmitter		INFO	pushing into buff
22-02-2016 12:47:57	DataProcessor		INFO	polling
22-02-2016 12:47:57	CameraInterface		INFO	Read successful
22-02-2016 12:47:57	Controller		INFO	sending to transmitter
22-02-2016 12:47:57	Transmitter		INFO	pushing into buff
22-02-2016 12:47:57	DataProcessor		INFO	polling
22-02-2016 12:47:57	CameraInterface		INFO	Read successful
22-02-2016 12:47:57	Controller		INFO	sending to transmitter
22-02-2016 12:47:57	Transmitter		INFO	pushing into buff
22-02-2016 12:47:57	DataProcessor		INFO	polling
22-02-2016 12:47:58	CameraInterface		INFO	Read successful
22-02-2016 12:47:58	Controller		INFO	sending to transmitter
22-02-2016 12:47:58	Transmitter		INFO	pushing into buff
22-02-2016 12:47:58	DataProcessor		INFO	polling
22-02-2016 12:47:58	CameraInterface		INFO	Read successful
22-02-2016 12:47:58	Controller		INFO	sending to transmitter
22-02-2016 12:47:58	Transmitter		INFO	pushing into buff
22-02-2016 12:47:58	DataProcessor		INFO	polling
22-02-2016 12:47:58	CameraInterface		INFO	Read successful
22-02-2016 12:47:58	Controller		INFO	sending to transmitter
22-02-2016 12:47:58	Transmitter		INFO	pushing into buff
22-02-2016 12:47:58	DataProcessor		INFO	polling
22-02-2016 12:47:58	CameraInterface		INFO	Read successful
22-02-2016 12:47:58	Controller		INFO	sending to transmitter
22-02-2016 12:47:58	Transmitter		INFO	pushing into buff
22-02-2016 12:47:58	DataProcessor		INFO	polling
22-02-2016 12:47:59	CameraInterface		INFO	Read successful
22-02-2016 12:47:59	Controller		INFO	sending to transmitter
22-02-2016 12:47:59	Transmitter		INFO	pushing into buff
22-02-2016 12:47:59	DataProcessor		INFO	polling
22-02-2016 12:47:59	CameraInterface		INFO	Read successful
22-02-2016 12:47:59	Controller		INFO	sending to transmitter
22-02-2016 12:47:59	Transmitter		INFO	pushing into buff
22-02-2016 12:47:59	DataProcessor		INFO	polling
22-02-2016 12:47:59	CameraInterface		INFO	Read successful
22-02-2016 12:47:59	Controller		INFO	sending to transmitter
22-02-2016 12:47:59	Transmitter		INFO	pushing into buff
22-02-2016 12:47:59	DataProcessor		INFO	polling
22-02-2016 12:47:59	CameraInterface		INFO	Read successful
22-02-2016 12:47:59	Controller		INFO	sending to transmitter
22-02-2016 12:47:59	Transmitter		INFO	pushing into buff
22-02-2016 12:47:59	DataProcessor		INFO	polling
22-02-2016 12:47:59	CameraInterface		INFO	Read successful
22-02-2016 12:47:59	Controller		INFO	sending to transmitter
22-02-2016 12:47:59	Transmitter		INFO	pushing into buff
22-02-2016 12:47:59	DataProcessor		INFO	polling
22-02-2016 12:48:00	CameraInterface		INFO	Read successful
22-02-2016 12:48:00	Controller		INFO	sending to transmitter
22-02-2016 12:48:00	Transmitter		INFO	pushing into buff
22-02-2016 12:48:00	DataProcessor		INFO	polling
22-02-2016 12:48:00	CameraInterface		INFO	Read successful
22-02-2016 12:48:00	Controller		INFO	sending to transmitter
22-02-2016 12:48:00	Transmitter		INFO	pushing into buff
22-02-2016 12:48:00	DataProcessor		INFO	polling
22-02-2016 12:48:00	CameraInterface		INFO	Read successful
22-02-2016 12:48:00	Controller		INFO	sending to transmitter
22-02-2016 12:48:00	Transmitter		INFO	pushing into buff
22-02-2016 12:48:00	DataProcessor		INFO	polling
22-02-2016 12:48:00	CameraInterface		INFO	Read successful
22-02-2016 12:48:00	Controller		INFO	sending to transmitter
22-02-2016 12:48:00	Transmitter		INFO	pushing into buff
22-02-2016 12:48:00	DataProcessor		INFO	polling
22-02-2016 12:48:01	CameraInterface		INFO	Read successful
22-02-2016 12:48:01	Controller		INFO	sending to transmitter
22-02-2016 12:48:01	Transmitter		INFO	pushing into buff
22-02-2016 12:48:01	DataProcessor		INFO	polling
22-02-2016 12:48:01	CameraInterface		INFO	Read successful
22-02-2016 12:48:01	Controller		INFO	sending to transmitter
22-02-2016 12:48:01	Transmitter		INFO	pushing into buff
22-02-2016 12:48:01	DataProcessor		INFO	polling
22-02-2016 12:48:01	CameraInterface		INFO	Read successful
22-02-2016 12:48:01	Controller		INFO	sending to transmitter
22-02-2016 12:48:01	Transmitter		INFO	pushing into buff
22-02-2016 12:48:01	DataProcessor		INFO	polling
22-02-2016 12:48:01	CameraInterface		INFO	Read successful
22-02-2016 12:48:01	Controller		INFO	sending to transmitter
22-02-2016 12:48:01	Transmitter		INFO	pushing into buff
22-02-2016 12:48:01	DataProcessor		INFO	polling
22-02-2016 12:48:02	CameraInterface		INFO	Read successful
22-02-2016 12:48:02	Controller		INFO	sending to transmitter
22-02-2016 12:48:02	Transmitter		INFO	pushing into buff
22-02-2016 12:48:02	DataProcessor		INFO	polling
22-02-2016 12:48:02	CameraInterface		INFO	Read successful
22-02-2016 12:48:02	Controller		INFO	sending to transmitter
22-02-2016 12:48:02	Transmitter		INFO	pushing into buff
22-02-2016 12:48:02	DataProcessor		INFO	polling
22-02-2016 12:48:02	CameraInterface		INFO	Read successful
22-02-2016 12:48:02	Controller		INFO	sending to transmitter
22-02-2016 12:48:02	Transmitter		INFO	pushing into buff
22-02-2016 12:48:02	DataProcessor		INFO	polling
22-02-2016 12:48:02	CameraInterface		INFO	Read successful
22-02-2016 12:48:02	Controller		INFO	sending to transmitter
22-02-2016 12:48:02	Transmitter		INFO	pushing into buff
22-02-2016 12:48:02	DataProcessor		INFO	polling
22-02-2016 12:48:02	CameraInterface		INFO	Read successful
22-02-2016 12:48:02	Controller		INFO	sending to transmitter
22-02-2016 12:48:02	Transmitter		INFO	pushing into buff
22-02-2016 12:48:02	DataProcessor		INFO	polling
22-02-2016 12:48:03	CameraInterface		INFO	Read successful
22-02-2016 12:48:03	Controller		INFO	sending to transmitter
22-02-2016 12:48:03	Transmitter		INFO	pushing into buff
22-02-2016 12:48:03	DataProcessor		INFO	polling
22-02-2016 12:48:03	CameraInterface		INFO	Read successful
22-02-2016 12:48:03	Controller		INFO	sending to transmitter
22-02-2016 12:48:03	Transmitter		INFO	pushing into buff
22-02-2016 12:48:03	DataProcessor		INFO	polling
22-02-2016 12:48:03	CameraInterface		INFO	Read successful
22-02-2016 12:48:03	Controller		INFO	sending to transmitter
22-02-2016 12:48:03	Transmitter		INFO	pushing into buff
22-02-2016 12:48:03	DataProcessor		INFO	polling
22-02-2016 12:48:03	CameraInterface		INFO	Read successful
22-02-2016 12:48:03	Controller		INFO	sending to transmitter
22-02-2016 12:48:03	Transmitter		INFO	pushing into buff
22-02-2016 12:48:03	DataProcessor		INFO	polling
22-02-2016 12:48:04	CameraInterface		INFO	Read successful
22-02-2016 12:48:04	Controller		INFO	sending to transmitter
22-02-2016 12:48:04	Transmitter		INFO	pushing into buff
22-02-2016 12:48:04	DataProcessor		INFO	polling
22-02-2016 12:48:04	CameraInterface		INFO	Read successful
22-02-2016 12:48:04	Controller		INFO	sending to transmitter
22-02-2016 12:48:04	Transmitter		INFO	pushing into buff
22-02-2016 12:48:04	DataProcessor		INFO	polling
22-02-2016 12:48:04	CameraInterface		INFO	Read successful
22-02-2016 12:48:04	Controller		INFO	sending to transmitter
22-02-2016 12:48:04	Transmitter		INFO	pushing into buff
22-02-2016 12:48:04	DataProcessor		INFO	polling
22-02-2016 12:48:04	CameraInterface		INFO	Read successful
22-02-2016 12:48:04	Controller		INFO	sending to transmitter
22-02-2016 12:48:04	Transmitter		INFO	pushing into buff
22-02-2016 12:48:04	DataProcessor		INFO	polling
22-02-2016 12:48:04	CameraInterface		INFO	Read successful
22-02-2016 12:48:04	Controller		INFO	sending to transmitter
22-02-2016 12:48:04	Transmitter		INFO	pushing into buff
22-02-2016 12:48:04	DataProcessor		INFO	polling
22-02-2016 12:48:05	CameraInterface		INFO	Read successful
22-02-2016 12:48:05	Controller		INFO	sending to transmitter
22-02-2016 12:48:05	Transmitter		INFO	pushing into buff
22-02-2016 12:48:05	DataProcessor		INFO	polling
22-02-2016 12:48:05	Transmitter		INFO	sending string: 1237633
22-02-2016 12:48:05	CameraInterface		INFO	Read successful
22-02-2016 12:48:05	Controller		INFO	sending to transmitter
22-02-2016 12:48:05	Transmitter		INFO	pushing into buff
22-02-2016 12:48:05	DataProcessor		INFO	polling
22-02-2016 12:48:05	CameraInterface		INFO	Read successful
22-02-2016 12:48:05	Controller		INFO	sending to transmitter
22-02-2016 12:48:05	Transmitter		INFO	pushing into buff
22-02-2016 12:48:05	DataProcessor		INFO	polling
22-02-2016 12:48:06	CameraInterface		INFO	Read successful
22-02-2016 12:48:06	Controller		INFO	sending to transmitter
22-02-2016 12:48:06	Transmitter		INFO	pushing into buff
22-02-2016 12:48:06	DataProcessor		INFO	polling
22-02-2016 12:48:06	CameraInterface		INFO	Read successful
22-02-2016 12:48:06	Controller		INFO	sending to transmitter
22-02-2016 12:48:06	Transmitter		INFO	pushing into buff
22-02-2016 12:48:06	DataProcessor		INFO	polling
22-02-2016 12:48:06	CameraInterface		INFO	Read successful
22-02-2016 12:48:06	Controller		INFO	sending to transmitter
22-02-2016 12:48:06	Transmitter		INFO	pushing into buff
22-02-2016 12:48:06	DataProcessor		INFO	polling
22-02-2016 12:48:07	Transmitter		INFO	running
22-02-2016 12:48:07	Transmitter		INFO	getting from buffer
22-02-2016 12:48:07	CameraInterface		INFO	Read successful
22-02-2016 12:48:07	Controller		INFO	sending to transmitter
22-02-2016 12:48:07	Transmitter		INFO	pushing into buff
22-02-2016 12:48:07	DataProcessor		INFO	polling
22-02-2016 12:48:07	CameraInterface		INFO	Read successful
22-02-2016 12:48:07	Controller		INFO	sending to transmitter
22-02-2016 12:48:07	Transmitter		INFO	pushing into buff
22-02-2016 12:48:07	DataProcessor		INFO	polling
22-02-2016 12:48:07	CameraInterface		INFO	Read successful
22-02-2016 12:48:07	Controller		INFO	sending to transmitter
22-02-2016 12:48:07	Transmitter		INFO	pushing into buff
22-02-2016 12:48:07	DataProcessor		INFO	polling
22-02-2016 12:48:07	CameraInterface		INFO	Read successful
22-02-2016 12:48:07	Controller		INFO	sending to transmitter
22-02-2016 12:48:07	Transmitter		INFO	pushing into buff
22-02-2016 12:48:07	DataProcessor		INFO	polling
22-02-2016 12:48:07	CameraInterface		INFO	Read successful
22-02-2016 12:48:07	Controller		INFO	sending to transmitter
22-02-2016 12:48:07	Transmitter		INFO	pushing into buff
22-02-2016 12:48:08	DataProcessor		INFO	polling
22-02-2016 12:48:08	CameraInterface		INFO	Read successful
22-02-2016 12:48:08	Controller		INFO	sending to transmitter
22-02-2016 12:48:08	Transmitter		INFO	pushing into buff
22-02-2016 12:48:08	DataProcessor		INFO	polling
22-02-2016 12:48:08	CameraInterface		INFO	Read successful
22-02-2016 12:48:08	Controller		INFO	sending to transmitter
22-02-2016 12:48:08	Transmitter		INFO	pushing into buff
22-02-2016 12:48:08	DataProcessor		INFO	polling
22-02-2016 12:48:08	CameraInterface		INFO	Read successful
22-02-2016 12:48:08	Controller		INFO	sending to transmitter
22-02-2016 12:48:08	Transmitter		INFO	pushing into buff
22-02-2016 12:48:08	DataProcessor		INFO	polling
22-02-2016 12:48:08	CameraInterface		INFO	Read successful
22-02-2016 12:48:08	Controller		INFO	sending to transmitter
22-02-2016 12:48:08	Transmitter		INFO	pushing into buff
22-02-2016 12:48:08	DataProcessor		INFO	polling
22-02-2016 12:48:09	CameraInterface		INFO	Read successful
22-02-2016 12:48:09	Controller		INFO	sending to transmitter
22-02-2016 12:48:09	Transmitter		INFO	pushing into buff
22-02-2016 12:48:09	DataProcessor		INFO	polling
22-02-2016 12:48:09	CameraInterface		INFO	Read successful
22-02-2016 12:48:09	Controller		INFO	sending to transmitter
22-02-2016 12:48:09	Transmitter		INFO	pushing into buff
22-02-2016 12:48:09	DataProcessor		INFO	polling
22-02-2016 12:48:09	CameraInterface		INFO	Read successful
22-02-2016 12:48:09	Controller		INFO	sending to transmitter
22-02-2016 12:48:09	Transmitter		INFO	pushing into buff
22-02-2016 12:48:09	DataProcessor		INFO	polling
22-02-2016 12:48:10	CameraInterface		INFO	Read successful
22-02-2016 12:48:10	Controller		INFO	sending to transmitter
22-02-2016 12:48:10	Transmitter		INFO	pushing into buff
22-02-2016 12:48:10	DataProcessor		INFO	polling
22-02-2016 12:48:10	CameraInterface		INFO	Read successful
22-02-2016 12:48:10	Controller		INFO	sending to transmitter
22-02-2016 12:48:10	Transmitter		INFO	pushing into buff
22-02-2016 12:48:10	DataProcessor		INFO	polling
22-02-2016 12:48:10	CameraInterface		INFO	Read successful
22-02-2016 12:48:10	Controller		INFO	sending to transmitter
22-02-2016 12:48:10	Transmitter		INFO	pushing into buff
22-02-2016 12:48:10	DataProcessor		INFO	polling
22-02-2016 12:48:10	CameraInterface		INFO	Read successful
22-02-2016 12:48:10	Controller		INFO	sending to transmitter
22-02-2016 12:48:10	Transmitter		INFO	pushing into buff
22-02-2016 12:48:10	DataProcessor		INFO	polling
22-02-2016 12:48:11	CameraInterface		INFO	Read successful
22-02-2016 12:48:11	Controller		INFO	sending to transmitter
22-02-2016 12:48:11	Transmitter		INFO	pushing into buff
22-02-2016 12:48:11	DataProcessor		INFO	polling
22-02-2016 12:48:11	CameraInterface		INFO	Read successful
22-02-2016 12:48:11	Controller		INFO	sending to transmitter
22-02-2016 12:48:11	Transmitter		INFO	pushing into buff
22-02-2016 12:48:11	DataProcessor		INFO	polling
22-02-2016 12:48:11	CameraInterface		INFO	Read successful
22-02-2016 12:48:11	Controller		INFO	sending to transmitter
22-02-2016 12:48:11	Transmitter		INFO	pushing into buff
22-02-2016 12:48:11	DataProcessor		INFO	polling
22-02-2016 12:48:11	CameraInterface		INFO	Read successful
22-02-2016 12:48:11	Controller		INFO	sending to transmitter
22-02-2016 12:48:11	Transmitter		INFO	pushing into buff
22-02-2016 12:48:11	DataProcessor		INFO	polling
22-02-2016 12:48:12	CameraInterface		INFO	Read successful
22-02-2016 12:48:12	Controller		INFO	sending to transmitter
22-02-2016 12:48:12	Transmitter		INFO	pushing into buff
22-02-2016 12:48:12	DataProcessor		INFO	polling
22-02-2016 12:48:12	CameraInterface		INFO	Read successful
22-02-2016 12:48:12	Controller		INFO	sending to transmitter
22-02-2016 12:48:12	Transmitter		INFO	pushing into buff
22-02-2016 12:48:12	DataProcessor		INFO	polling
22-02-2016 12:48:13	CameraInterface		INFO	Read successful
22-02-2016 12:48:13	Controller		INFO	sending to transmitter
22-02-2016 12:48:13	Transmitter		INFO	pushing into buff
22-02-2016 12:48:13	DataProcessor		INFO	polling
22-02-2016 12:48:16	CameraInterface		INFO	Read successful
