22-02-2016 12:05:36	Main		TRACE	Logger initialized.
22-02-2016 12:05:36	PropertyReader		TRACE	Opening file: settings/settings.txt
22-02-2016 12:05:36	PropertyReader		INFO	File opened: settings/settings.txt
22-02-2016 12:05:36	PropertyReader		INFO	Loading properties file...
22-02-2016 12:05:36	PropertyReader		INFO	Mapped TRACE to LOGGING_LEVEL
22-02-2016 12:05:36	PropertyReader		INFO	Mapped 100 to CAM_BUFFER_SIZE
22-02-2016 12:05:36	PropertyReader		INFO	Mapped 15 to CAM_POLL_FREQUENCY
22-02-2016 12:05:36	PropertyReader		INFO	Mapped 0 to CAM_INDEX
22-02-2016 12:05:36	PropertyReader		DEBUG	Loaded 4 properties successfully
22-02-2016 12:05:36	Controller		INFO	Constructor controller
22-02-2016 12:05:36	Transmitter		INFO	socket retrieve success
22-02-2016 12:05:36	Transmitter		INFO	binding done
22-02-2016 12:05:36	Transmitter		INFO	done listening
22-02-2016 12:05:47	Transmitter		INFO	accepting
22-02-2016 12:05:47	Main		TRACE	intializing controller
22-02-2016 12:05:47	Controller		INFO	Initializing Controller
22-02-2016 12:05:47	Main		TRACE	initializing dataprocessor
22-02-2016 12:05:47	CameraInterface		INFO	Initializing camera
22-02-2016 12:05:47	CameraInterface		INFO	Opening video capture stream at position 0
22-02-2016 12:05:47	Transmitter		INFO	Starting Receiver Thread execution loop
22-02-2016 12:05:47	Transmitter		INFO	running
22-02-2016 12:05:47	ControllerThread		INFO	Starting Controller Thread execution loop
22-02-2016 12:05:47	Receiver		INFO	Starting Receiver Thread execution loop
22-02-2016 12:05:47	Transmitter		INFO	running
22-02-2016 12:05:47	Transmitter		INFO	running
22-02-2016 12:05:47	Transmitter		INFO	running
22-02-2016 12:05:47	Transmitter		INFO	running
22-02-2016 12:05:47	Transmitter		INFO	running
22-02-2016 12:05:47	Transmitter		INFO	running
22-02-2016 12:05:47	Transmitter		INFO	running
22-02-2016 12:05:47	Transmitter		INFO	running
22-02-2016 12:05:47	Transmitter		INFO	running
22-02-2016 12:05:47	Transmitter		INFO	running
22-02-2016 12:05:47	Transmitter		INFO	running
22-02-2016 12:05:47	Transmitter		INFO	running
22-02-2016 12:05:47	Transmitter		INFO	running
22-02-2016 12:05:47	Transmitter		INFO	running
22-02-2016 12:05:47	Transmitter		INFO	running
22-02-2016 12:05:47	Transmitter		INFO	running
22-02-2016 12:05:47	Transmitter		INFO	running
22-02-2016 12:05:47	Transmitter		INFO	running
22-02-2016 12:05:47	Transmitter		INFO	running
22-02-2016 12:05:47	Transmitter		INFO	running
22-02-2016 12:05:47	Transmitter		INFO	running
22-02-2016 12:05:47	Transmitter		INFO	running
22-02-2016 12:05:47	Transmitter		INFO	running
22-02-2016 12:05:47	Transmitter		INFO	running
22-02-2016 12:05:47	Transmitter		INFO	running
22-02-2016 12:05:47	Transmitter		INFO	running
22-02-2016 12:05:47	Transmitter		INFO	running
22-02-2016 12:05:47	Transmitter		INFO	running
22-02-2016 12:05:47	Transmitter		INFO	running
22-02-2016 12:05:47	Transmitter		INFO	running
22-02-2016 12:05:47	Transmitter		INFO	running
22-02-2016 12:05:47	Transmitter		INFO	running
22-02-2016 12:05:47	Transmitter		INFO	running
22-02-2016 12:05:47	Transmitter		INFO	running
22-02-2016 12:05:47	Transmitter		INFO	running
22-02-2016 12:05:47	Transmitter		INFO	running
22-02-2016 12:05:47	Transmitter		INFO	running
22-02-2016 12:05:47	Main		TRACE	running controller
22-02-2016 12:05:47	DataProcessor		INFO	polling
22-02-2016 12:05:47	Transmitter		INFO	running
22-02-2016 12:05:47	Transmitter		INFO	running
22-02-2016 12:05:47	Transmitter		INFO	running
22-02-2016 12:05:47	Transmitter		INFO	running
22-02-2016 12:05:47	Transmitter		INFO	running
22-02-2016 12:05:47	Transmitter		INFO	running
22-02-2016 12:05:47	Transmitter		INFO	running
22-02-2016 12:05:47	Transmitter		INFO	running
22-02-2016 12:05:47	Transmitter		INFO	running
22-02-2016 12:05:47	Transmitter		INFO	running
22-02-2016 12:05:47	Transmitter		INFO	running
22-02-2016 12:05:47	Transmitter		INFO	running
22-02-2016 12:05:47	Transmitter		INFO	running
22-02-2016 12:05:47	Transmitter		INFO	running
22-02-2016 12:05:47	Transmitter		INFO	running
22-02-2016 12:05:47	Transmitter		INFO	running
22-02-2016 12:05:47	Transmitter		INFO	running
22-02-2016 12:05:47	Transmitter		INFO	running
22-02-2016 12:05:47	Transmitter		INFO	running
22-02-2016 12:05:47	Transmitter		INFO	running
22-02-2016 12:05:47	Transmitter		INFO	running
22-02-2016 12:05:47	Transmitter		INFO	running
22-02-2016 12:05:47	Transmitter		INFO	running
22-02-2016 12:05:47	Transmitter		INFO	running
22-02-2016 12:05:47	Transmitter		INFO	running
22-02-2016 12:05:47	Transmitter		INFO	running
22-02-2016 12:05:47	Transmitter		INFO	running
22-02-2016 12:05:47	Transmitter		INFO	running
22-02-2016 12:05:47	Transmitter		INFO	running
22-02-2016 12:05:47	Transmitter		INFO	running
22-02-2016 12:05:47	Transmitter		INFO	running
22-02-2016 12:05:47	Transmitter		INFO	running
22-02-2016 12:05:47	Transmitter		INFO	running
22-02-2016 12:05:47	Transmitter		INFO	running
22-02-2016 12:05:47	Transmitter		INFO	running
22-02-2016 12:05:47	Transmitter		INFO	running
22-02-2016 12:05:47	Transmitter		INFO	running
22-02-2016 12:05:47	Transmitter		INFO	running
22-02-2016 12:05:47	Transmitter		INFO	running
22-02-2016 12:05:47	Transmitter		INFO	running
22-02-2016 12:05:47	Transmitter		INFO	running
22-02-2016 12:05:47	Transmitter		INFO	running
22-02-2016 12:05:47	Transmitter		INFO	running
22-02-2016 12:05:47	Transmitter		INFO	running
22-02-2016 12:05:47	Transmitter		INFO	running
22-02-2016 12:05:47	Transmitter		INFO	running
22-02-2016 12:05:47	Transmitter		INFO	running
22-02-2016 12:05:47	Transmitter		INFO	running
22-02-2016 12:05:47	Transmitter		INFO	running
22-02-2016 12:05:47	Transmitter		INFO	running
22-02-2016 12:05:47	Transmitter		INFO	running
22-02-2016 12:05:47	Transmitter		INFO	running
22-02-2016 12:05:47	Transmitter		INFO	running
22-02-2016 12:05:47	Transmitter		INFO	running
22-02-2016 12:05:47	Transmitter		INFO	running
22-02-2016 12:05:47	Transmitter		INFO	running
22-02-2016 12:05:47	Transmitter		INFO	running
22-02-2016 12:05:47	Transmitter		INFO	running
22-02-2016 12:05:47	Transmitter		INFO	running
22-02-2016 12:05:47	Transmitter		INFO	running
22-02-2016 12:05:47	Transmitter		INFO	running
22-02-2016 12:05:47	Transmitter		INFO	running
22-02-2016 12:05:47	Transmitter		INFO	running
22-02-2016 12:05:47	Transmitter		INFO	running
22-02-2016 12:05:47	Transmitter		INFO	running
22-02-2016 12:05:47	Transmitter		INFO	running
22-02-2016 12:05:47	Transmitter		INFO	running
22-02-2016 12:05:47	Transmitter		INFO	running
22-02-2016 12:05:47	Transmitter		INFO	running
22-02-2016 12:05:47	Transmitter		INFO	running
22-02-2016 12:05:48	Transmitter		INFO	running
22-02-2016 12:05:48	Transmitter		INFO	running
22-02-2016 12:05:48	Transmitter		INFO	running
22-02-2016 12:05:48	Transmitter		INFO	running
22-02-2016 12:05:48	Transmitter		INFO	running
22-02-2016 12:05:48	Transmitter		INFO	running
22-02-2016 12:05:48	Transmitter		INFO	running
22-02-2016 12:05:48	Transmitter		INFO	running
22-02-2016 12:05:48	Transmitter		INFO	running
22-02-2016 12:05:48	Transmitter		INFO	running
22-02-2016 12:05:48	Transmitter		INFO	running
22-02-2016 12:05:48	Transmitter		INFO	running
22-02-2016 12:05:48	Transmitter		INFO	running
22-02-2016 12:05:48	Transmitter		INFO	running
22-02-2016 12:05:48	Transmitter		INFO	running
22-02-2016 12:05:48	Transmitter		INFO	running
22-02-2016 12:05:48	Transmitter		INFO	running
22-02-2016 12:05:48	Transmitter		INFO	running
22-02-2016 12:05:48	Transmitter		INFO	running
22-02-2016 12:05:48	Transmitter		INFO	running
22-02-2016 12:05:48	Transmitter		INFO	running
22-02-2016 12:05:48	Transmitter		INFO	running
22-02-2016 12:05:48	Transmitter		INFO	running
22-02-2016 12:05:48	Transmitter		INFO	running
22-02-2016 12:05:48	Transmitter		INFO	running
22-02-2016 12:05:48	Transmitter		INFO	running
22-02-2016 12:05:48	Transmitter		INFO	running
22-02-2016 12:05:48	Transmitter		INFO	running
22-02-2016 12:05:48	Transmitter		INFO	running
22-02-2016 12:05:48	Transmitter		INFO	running
22-02-2016 12:05:48	Transmitter		INFO	running
22-02-2016 12:05:48	CameraInterface		INFO	Read successful
22-02-2016 12:05:48	Controller		INFO	sending to transmitter
22-02-2016 12:05:48	Transmitter		INFO	pushing into buff
22-02-2016 12:05:48	DataProcessor		INFO	polling
22-02-2016 12:05:48	Transmitter		INFO	running
22-02-2016 12:05:48	Transmitter		INFO	getting from buffer
22-02-2016 12:05:48	CameraInterface		INFO	Read successful
22-02-2016 12:05:48	Controller		INFO	sending to transmitter
22-02-2016 12:05:48	Transmitter		INFO	pushing into buff
22-02-2016 12:05:48	DataProcessor		INFO	polling
22-02-2016 12:05:48	CameraInterface		INFO	Read successful
22-02-2016 12:05:48	Controller		INFO	sending to transmitter
22-02-2016 12:05:48	Transmitter		INFO	pushing into buff
22-02-2016 12:05:48	DataProcessor		INFO	polling
22-02-2016 12:05:48	CameraInterface		INFO	Read successful
22-02-2016 12:05:48	Controller		INFO	sending to transmitter
22-02-2016 12:05:48	Transmitter		INFO	pushing into buff
22-02-2016 12:05:48	DataProcessor		INFO	polling
22-02-2016 12:05:48	CameraInterface		INFO	Read successful
22-02-2016 12:05:49	Controller		INFO	sending to transmitter
22-02-2016 12:05:49	Transmitter		INFO	pushing into buff
22-02-2016 12:05:49	DataProcessor		INFO	polling
22-02-2016 12:05:49	CameraInterface		INFO	Read successful
22-02-2016 12:05:49	Controller		INFO	sending to transmitter
22-02-2016 12:05:49	Transmitter		INFO	pushing into buff
22-02-2016 12:05:49	DataProcessor		INFO	polling
22-02-2016 12:05:49	CameraInterface		INFO	Read successful
22-02-2016 12:05:49	Controller		INFO	sending to transmitter
22-02-2016 12:05:49	Transmitter		INFO	pushing into buff
22-02-2016 12:05:49	DataProcessor		INFO	polling
22-02-2016 12:05:49	CameraInterface		INFO	Read successful
22-02-2016 12:05:49	Controller		INFO	sending to transmitter
22-02-2016 12:05:49	Transmitter		INFO	pushing into buff
22-02-2016 12:05:49	DataProcessor		INFO	polling
22-02-2016 12:05:49	CameraInterface		INFO	Read successful
22-02-2016 12:05:49	Controller		INFO	sending to transmitter
22-02-2016 12:05:49	Transmitter		INFO	pushing into buff
22-02-2016 12:05:49	DataProcessor		INFO	polling
22-02-2016 12:05:50	CameraInterface		INFO	Read successful
22-02-2016 12:05:50	Controller		INFO	sending to transmitter
22-02-2016 12:05:50	Transmitter		INFO	pushing into buff
22-02-2016 12:05:50	DataProcessor		INFO	polling
22-02-2016 12:05:50	CameraInterface		INFO	Read successful
22-02-2016 12:05:50	Controller		INFO	sending to transmitter
22-02-2016 12:05:50	Transmitter		INFO	pushing into buff
22-02-2016 12:05:50	DataProcessor		INFO	polling
22-02-2016 12:05:50	CameraInterface		INFO	Read successful
22-02-2016 12:05:50	Controller		INFO	sending to transmitter
22-02-2016 12:05:50	Transmitter		INFO	pushing into buff
22-02-2016 12:05:50	DataProcessor		INFO	polling
22-02-2016 12:05:50	CameraInterface		INFO	Read successful
22-02-2016 12:05:50	Controller		INFO	sending to transmitter
22-02-2016 12:05:50	Transmitter		INFO	pushing into buff
22-02-2016 12:05:50	DataProcessor		INFO	polling
22-02-2016 12:05:50	CameraInterface		INFO	Read successful
22-02-2016 12:05:51	Controller		INFO	sending to transmitter
22-02-2016 12:05:51	Transmitter		INFO	pushing into buff
22-02-2016 12:05:51	DataProcessor		INFO	polling
22-02-2016 12:05:51	CameraInterface		INFO	Read successful
22-02-2016 12:05:51	Controller		INFO	sending to transmitter
22-02-2016 12:05:51	Transmitter		INFO	pushing into buff
22-02-2016 12:05:51	DataProcessor		INFO	polling
22-02-2016 12:05:51	CameraInterface		INFO	Read successful
22-02-2016 12:05:51	Controller		INFO	sending to transmitter
22-02-2016 12:05:51	Transmitter		INFO	pushing into buff
22-02-2016 12:05:51	DataProcessor		INFO	polling
22-02-2016 12:05:51	CameraInterface		INFO	Read successful
22-02-2016 12:05:51	Controller		INFO	sending to transmitter
22-02-2016 12:05:51	Transmitter		INFO	pushing into buff
22-02-2016 12:05:51	DataProcessor		INFO	polling
22-02-2016 12:05:51	CameraInterface		INFO	Read successful
22-02-2016 12:05:51	Controller		INFO	sending to transmitter
22-02-2016 12:05:51	Transmitter		INFO	pushing into buff
22-02-2016 12:05:51	DataProcessor		INFO	polling
22-02-2016 12:05:52	CameraInterface		INFO	Read successful
22-02-2016 12:05:52	Controller		INFO	sending to transmitter
22-02-2016 12:05:52	Transmitter		INFO	pushing into buff
22-02-2016 12:05:52	DataProcessor		INFO	polling
22-02-2016 12:05:52	CameraInterface		INFO	Read successful
22-02-2016 12:05:52	Controller		INFO	sending to transmitter
22-02-2016 12:05:52	Transmitter		INFO	pushing into buff
22-02-2016 12:05:52	DataProcessor		INFO	polling
22-02-2016 12:05:52	CameraInterface		INFO	Read successful
22-02-2016 12:05:52	Controller		INFO	sending to transmitter
22-02-2016 12:05:52	Transmitter		INFO	pushing into buff
22-02-2016 12:05:52	DataProcessor		INFO	polling
22-02-2016 12:05:52	Transmitter		INFO	sending string: 20759
22-02-2016 12:05:52	Transmitter		INFO	running
22-02-2016 12:05:52	Transmitter		INFO	getting from buffer
22-02-2016 12:05:52	CameraInterface		INFO	Read successful
22-02-2016 12:05:52	Controller		INFO	sending to transmitter
22-02-2016 12:05:52	Transmitter		INFO	pushing into buff
22-02-2016 12:05:52	DataProcessor		INFO	polling
22-02-2016 12:05:52	CameraInterface		INFO	Read successful
22-02-2016 12:05:52	Controller		INFO	sending to transmitter
22-02-2016 12:05:52	Transmitter		INFO	pushing into buff
22-02-2016 12:05:52	DataProcessor		INFO	polling
22-02-2016 12:05:53	CameraInterface		INFO	Read successful
22-02-2016 12:05:53	Controller		INFO	sending to transmitter
22-02-2016 12:05:53	Transmitter		INFO	pushing into buff
22-02-2016 12:05:53	DataProcessor		INFO	polling
22-02-2016 12:05:53	CameraInterface		INFO	Read successful
22-02-2016 12:05:53	Controller		INFO	sending to transmitter
22-02-2016 12:05:53	Transmitter		INFO	pushing into buff
22-02-2016 12:05:53	DataProcessor		INFO	polling
22-02-2016 12:05:53	CameraInterface		INFO	Read successful
22-02-2016 12:05:53	Controller		INFO	sending to transmitter
22-02-2016 12:05:53	Transmitter		INFO	pushing into buff
22-02-2016 12:05:53	DataProcessor		INFO	polling
22-02-2016 12:05:53	CameraInterface		INFO	Read successful
22-02-2016 12:05:53	Controller		INFO	sending to transmitter
22-02-2016 12:05:53	Transmitter		INFO	pushing into buff
22-02-2016 12:05:53	DataProcessor		INFO	polling
22-02-2016 12:05:53	CameraInterface		INFO	Read successful
22-02-2016 12:05:53	Controller		INFO	sending to transmitter
22-02-2016 12:05:53	Transmitter		INFO	pushing into buff
22-02-2016 12:05:53	DataProcessor		INFO	polling
22-02-2016 12:05:54	CameraInterface		INFO	Read successful
22-02-2016 12:05:54	Controller		INFO	sending to transmitter
22-02-2016 12:05:54	Transmitter		INFO	pushing into buff
22-02-2016 12:05:54	DataProcessor		INFO	polling
22-02-2016 12:05:54	CameraInterface		INFO	Read successful
22-02-2016 12:05:54	Controller		INFO	sending to transmitter
22-02-2016 12:05:54	Transmitter		INFO	pushing into buff
22-02-2016 12:05:54	DataProcessor		INFO	polling
22-02-2016 12:05:54	CameraInterface		INFO	Read successful
22-02-2016 12:05:54	Controller		INFO	sending to transmitter
22-02-2016 12:05:54	Transmitter		INFO	pushing into buff
22-02-2016 12:05:54	DataProcessor		INFO	polling
22-02-2016 12:05:54	CameraInterface		INFO	Read successful
22-02-2016 12:05:54	Controller		INFO	sending to transmitter
22-02-2016 12:05:54	Transmitter		INFO	pushing into buff
22-02-2016 12:05:54	DataProcessor		INFO	polling
22-02-2016 12:05:54	CameraInterface		INFO	Read successful
22-02-2016 12:05:55	Controller		INFO	sending to transmitter
22-02-2016 12:05:55	Transmitter		INFO	pushing into buff
22-02-2016 12:05:55	DataProcessor		INFO	polling
22-02-2016 12:05:55	CameraInterface		INFO	Read successful
22-02-2016 12:05:55	Controller		INFO	sending to transmitter
22-02-2016 12:05:55	Transmitter		INFO	pushing into buff
22-02-2016 12:05:55	DataProcessor		INFO	polling
22-02-2016 12:05:55	CameraInterface		INFO	Read successful
22-02-2016 12:05:55	Controller		INFO	sending to transmitter
22-02-2016 12:05:55	Transmitter		INFO	pushing into buff
22-02-2016 12:05:55	DataProcessor		INFO	polling
22-02-2016 12:05:55	CameraInterface		INFO	Read successful
22-02-2016 12:05:55	Controller		INFO	sending to transmitter
22-02-2016 12:05:55	Transmitter		INFO	pushing into buff
22-02-2016 12:05:55	DataProcessor		INFO	polling
22-02-2016 12:05:55	CameraInterface		INFO	Read successful
22-02-2016 12:05:55	Controller		INFO	sending to transmitter
22-02-2016 12:05:55	Transmitter		INFO	pushing into buff
22-02-2016 12:05:55	DataProcessor		INFO	polling
22-02-2016 12:05:56	CameraInterface		INFO	Read successful
22-02-2016 12:05:56	Controller		INFO	sending to transmitter
22-02-2016 12:05:56	Transmitter		INFO	pushing into buff
22-02-2016 12:05:56	DataProcessor		INFO	polling
22-02-2016 12:05:56	CameraInterface		INFO	Read successful
22-02-2016 12:05:56	Controller		INFO	sending to transmitter
22-02-2016 12:05:56	Transmitter		INFO	pushing into buff
22-02-2016 12:05:56	DataProcessor		INFO	polling
22-02-2016 12:05:56	CameraInterface		INFO	Read successful
22-02-2016 12:05:56	Controller		INFO	sending to transmitter
22-02-2016 12:05:56	Transmitter		INFO	pushing into buff
22-02-2016 12:05:56	DataProcessor		INFO	polling
22-02-2016 12:05:56	CameraInterface		INFO	Read successful
22-02-2016 12:05:56	Controller		INFO	sending to transmitter
22-02-2016 12:05:56	Transmitter		INFO	pushing into buff
22-02-2016 12:05:56	DataProcessor		INFO	polling
22-02-2016 12:05:56	CameraInterface		INFO	Read successful
22-02-2016 12:05:56	Controller		INFO	sending to transmitter
22-02-2016 12:05:56	Transmitter		INFO	pushing into buff
22-02-2016 12:05:56	DataProcessor		INFO	polling
22-02-2016 12:05:57	CameraInterface		INFO	Read successful
22-02-2016 12:05:57	Controller		INFO	sending to transmitter
22-02-2016 12:05:57	Transmitter		INFO	pushing into buff
22-02-2016 12:05:57	DataProcessor		INFO	polling
22-02-2016 12:05:57	CameraInterface		INFO	Read successful
22-02-2016 12:05:57	Controller		INFO	sending to transmitter
22-02-2016 12:05:57	Transmitter		INFO	pushing into buff
22-02-2016 12:05:57	DataProcessor		INFO	polling
22-02-2016 12:05:57	CameraInterface		INFO	Read successful
22-02-2016 12:05:57	Controller		INFO	sending to transmitter
22-02-2016 12:05:57	Transmitter		INFO	pushing into buff
22-02-2016 12:05:57	DataProcessor		INFO	polling
22-02-2016 12:05:57	CameraInterface		INFO	Read successful
22-02-2016 12:05:57	Controller		INFO	sending to transmitter
22-02-2016 12:05:57	Transmitter		INFO	pushing into buff
22-02-2016 12:05:57	DataProcessor		INFO	polling
22-02-2016 12:05:58	CameraInterface		INFO	Read successful
22-02-2016 12:05:58	Controller		INFO	sending to transmitter
22-02-2016 12:05:58	Transmitter		INFO	pushing into buff
22-02-2016 12:05:58	DataProcessor		INFO	polling
22-02-2016 12:05:58	CameraInterface		INFO	Read successful
22-02-2016 12:05:58	Controller		INFO	sending to transmitter
22-02-2016 12:05:58	Transmitter		INFO	pushing into buff
22-02-2016 12:05:58	DataProcessor		INFO	polling
22-02-2016 12:05:58	CameraInterface		INFO	Read successful
22-02-2016 12:05:58	Controller		INFO	sending to transmitter
22-02-2016 12:05:58	Transmitter		INFO	pushing into buff
22-02-2016 12:05:58	DataProcessor		INFO	polling
22-02-2016 12:05:58	CameraInterface		INFO	Read successful
22-02-2016 12:05:58	Controller		INFO	sending to transmitter
22-02-2016 12:05:58	Transmitter		INFO	pushing into buff
22-02-2016 12:05:58	DataProcessor		INFO	polling
22-02-2016 12:05:58	CameraInterface		INFO	Read successful
22-02-2016 12:05:58	Controller		INFO	sending to transmitter
22-02-2016 12:05:58	Transmitter		INFO	pushing into buff
22-02-2016 12:05:58	DataProcessor		INFO	polling
22-02-2016 12:05:59	CameraInterface		INFO	Read successful
22-02-2016 12:05:59	Controller		INFO	sending to transmitter
22-02-2016 12:05:59	Transmitter		INFO	pushing into buff
22-02-2016 12:05:59	DataProcessor		INFO	polling
22-02-2016 12:05:59	CameraInterface		INFO	Read successful
22-02-2016 12:05:59	Controller		INFO	sending to transmitter
22-02-2016 12:05:59	Transmitter		INFO	pushing into buff
22-02-2016 12:05:59	DataProcessor		INFO	polling
22-02-2016 12:05:59	CameraInterface		INFO	Read successful
22-02-2016 12:05:59	Controller		INFO	sending to transmitter
22-02-2016 12:05:59	Transmitter		INFO	pushing into buff
22-02-2016 12:05:59	DataProcessor		INFO	polling
22-02-2016 12:05:59	CameraInterface		INFO	Read successful
22-02-2016 12:05:59	Controller		INFO	sending to transmitter
22-02-2016 12:05:59	Transmitter		INFO	pushing into buff
22-02-2016 12:05:59	DataProcessor		INFO	polling
22-02-2016 12:06:00	CameraInterface		INFO	Read successful
22-02-2016 12:06:00	Controller		INFO	sending to transmitter
22-02-2016 12:06:00	Transmitter		INFO	pushing into buff
22-02-2016 12:06:00	DataProcessor		INFO	polling
22-02-2016 12:06:00	CameraInterface		INFO	Read successful
22-02-2016 12:06:00	Controller		INFO	sending to transmitter
22-02-2016 12:06:00	Transmitter		INFO	pushing into buff
22-02-2016 12:06:00	DataProcessor		INFO	polling
22-02-2016 12:06:00	CameraInterface		INFO	Read successful
22-02-2016 12:06:00	Controller		INFO	sending to transmitter
22-02-2016 12:06:00	Transmitter		INFO	pushing into buff
22-02-2016 12:06:00	DataProcessor		INFO	polling
22-02-2016 12:06:00	Transmitter		INFO	sending string: 1050592
22-02-2016 12:06:00	CameraInterface		INFO	Read successful
22-02-2016 12:06:00	Controller		INFO	sending to transmitter
22-02-2016 12:06:00	Transmitter		INFO	pushing into buff
22-02-2016 12:06:00	DataProcessor		INFO	polling
22-02-2016 12:06:01	CameraInterface		INFO	Read successful
22-02-2016 12:06:01	Controller		INFO	sending to transmitter
22-02-2016 12:06:01	Transmitter		INFO	pushing into buff
22-02-2016 12:06:01	DataProcessor		INFO	polling
22-02-2016 12:06:01	CameraInterface		INFO	Read successful
22-02-2016 12:06:01	Controller		INFO	sending to transmitter
22-02-2016 12:06:01	Transmitter		INFO	pushing into buff
22-02-2016 12:06:01	DataProcessor		INFO	polling
22-02-2016 12:06:01	CameraInterface		INFO	Read successful
22-02-2016 12:06:01	Controller		INFO	sending to transmitter
22-02-2016 12:06:01	Transmitter		INFO	pushing into buff
22-02-2016 12:06:01	DataProcessor		INFO	polling
22-02-2016 12:06:02	CameraInterface		INFO	Read successful
22-02-2016 12:06:02	Controller		INFO	sending to transmitter
22-02-2016 12:06:02	Transmitter		INFO	pushing into buff
22-02-2016 12:06:02	DataProcessor		INFO	polling
22-02-2016 12:06:02	CameraInterface		INFO	Read successful
22-02-2016 12:06:02	Controller		INFO	sending to transmitter
22-02-2016 12:06:02	Transmitter		INFO	pushing into buff
22-02-2016 12:06:02	DataProcessor		INFO	polling
22-02-2016 12:06:02	CameraInterface		INFO	Read successful
22-02-2016 12:06:02	Controller		INFO	sending to transmitter
22-02-2016 12:06:02	Transmitter		INFO	pushing into buff
22-02-2016 12:06:02	DataProcessor		INFO	polling
22-02-2016 12:06:02	CameraInterface		INFO	Read successful
22-02-2016 12:06:02	Controller		INFO	sending to transmitter
22-02-2016 12:06:02	Transmitter		INFO	pushing into buff
22-02-2016 12:06:02	DataProcessor		INFO	polling
22-02-2016 12:06:02	CameraInterface		INFO	Read successful
22-02-2016 12:06:02	Controller		INFO	sending to transmitter
22-02-2016 12:06:02	Transmitter		INFO	pushing into buff
22-02-2016 12:06:02	DataProcessor		INFO	polling
22-02-2016 12:06:02	CameraInterface		INFO	Read successful
22-02-2016 12:06:03	Controller		INFO	sending to transmitter
22-02-2016 12:06:03	Transmitter		INFO	pushing into buff
22-02-2016 12:06:03	DataProcessor		INFO	polling
22-02-2016 12:06:03	CameraInterface		INFO	Read successful
22-02-2016 12:06:03	Controller		INFO	sending to transmitter
22-02-2016 12:06:03	Transmitter		INFO	pushing into buff
22-02-2016 12:06:03	DataProcessor		INFO	polling
22-02-2016 12:06:03	CameraInterface		INFO	Read successful
22-02-2016 12:06:03	Controller		INFO	sending to transmitter
22-02-2016 12:06:03	Transmitter		INFO	pushing into buff
22-02-2016 12:06:03	DataProcessor		INFO	polling
22-02-2016 12:06:03	CameraInterface		INFO	Read successful
22-02-2016 12:06:03	Controller		INFO	sending to transmitter
22-02-2016 12:06:03	Transmitter		INFO	pushing into buff
22-02-2016 12:06:03	DataProcessor		INFO	polling
22-02-2016 12:06:03	CameraInterface		INFO	Read successful
22-02-2016 12:06:03	Controller		INFO	sending to transmitter
22-02-2016 12:06:03	Transmitter		INFO	pushing into buff
22-02-2016 12:06:03	DataProcessor		INFO	polling
22-02-2016 12:06:03	CameraInterface		INFO	Read successful
22-02-2016 12:06:03	Controller		INFO	sending to transmitter
22-02-2016 12:06:03	Transmitter		INFO	pushing into buff
22-02-2016 12:06:03	DataProcessor		INFO	polling
22-02-2016 12:06:04	CameraInterface		INFO	Read successful
22-02-2016 12:06:04	Controller		INFO	sending to transmitter
22-02-2016 12:06:04	Transmitter		INFO	pushing into buff
22-02-2016 12:06:04	DataProcessor		INFO	polling
22-02-2016 12:06:04	CameraInterface		INFO	Read successful
22-02-2016 12:06:04	Controller		INFO	sending to transmitter
22-02-2016 12:06:04	Transmitter		INFO	pushing into buff
22-02-2016 12:06:04	DataProcessor		INFO	polling
22-02-2016 12:06:04	CameraInterface		INFO	Read successful
22-02-2016 12:06:04	Controller		INFO	sending to transmitter
22-02-2016 12:06:04	Transmitter		INFO	pushing into buff
22-02-2016 12:06:04	DataProcessor		INFO	polling
22-02-2016 12:06:04	CameraInterface		INFO	Read successful
22-02-2016 12:06:04	Controller		INFO	sending to transmitter
22-02-2016 12:06:04	Transmitter		INFO	pushing into buff
22-02-2016 12:06:04	DataProcessor		INFO	polling
22-02-2016 12:06:04	CameraInterface		INFO	Read successful
22-02-2016 12:06:04	Controller		INFO	sending to transmitter
22-02-2016 12:06:04	Transmitter		INFO	pushing into buff
22-02-2016 12:06:04	DataProcessor		INFO	polling
22-02-2016 12:06:05	CameraInterface		INFO	Read successful
22-02-2016 12:06:05	Controller		INFO	sending to transmitter
22-02-2016 12:06:05	Transmitter		INFO	pushing into buff
22-02-2016 12:06:05	DataProcessor		INFO	polling
22-02-2016 12:06:05	CameraInterface		INFO	Read successful
22-02-2016 12:06:05	Controller		INFO	sending to transmitter
22-02-2016 12:06:05	Transmitter		INFO	pushing into buff
22-02-2016 12:06:05	DataProcessor		INFO	polling
22-02-2016 12:06:05	CameraInterface		INFO	Read successful
22-02-2016 12:06:05	Controller		INFO	sending to transmitter
22-02-2016 12:06:05	Transmitter		INFO	pushing into buff
22-02-2016 12:06:05	DataProcessor		INFO	polling
22-02-2016 12:06:05	CameraInterface		INFO	Read successful
22-02-2016 12:06:05	Controller		INFO	sending to transmitter
22-02-2016 12:06:05	Transmitter		INFO	pushing into buff
22-02-2016 12:06:05	DataProcessor		INFO	polling
22-02-2016 12:06:05	CameraInterface		INFO	Read successful
22-02-2016 12:06:05	Controller		INFO	sending to transmitter
22-02-2016 12:06:05	Transmitter		INFO	pushing into buff
22-02-2016 12:06:05	DataProcessor		INFO	polling
22-02-2016 12:06:06	CameraInterface		INFO	Read successful
22-02-2016 12:06:06	Controller		INFO	sending to transmitter
22-02-2016 12:06:06	Transmitter		INFO	pushing into buff
22-02-2016 12:06:06	DataProcessor		INFO	polling
22-02-2016 12:06:06	CameraInterface		INFO	Read successful
22-02-2016 12:06:06	Controller		INFO	sending to transmitter
22-02-2016 12:06:06	Transmitter		INFO	pushing into buff
22-02-2016 12:06:06	DataProcessor		INFO	polling
22-02-2016 12:06:06	CameraInterface		INFO	Read successful
22-02-2016 12:06:06	Controller		INFO	sending to transmitter
22-02-2016 12:06:06	Transmitter		INFO	pushing into buff
22-02-2016 12:06:06	DataProcessor		INFO	polling
22-02-2016 12:06:06	CameraInterface		INFO	Read successful
22-02-2016 12:06:06	Controller		INFO	sending to transmitter
22-02-2016 12:06:06	Transmitter		INFO	pushing into buff
22-02-2016 12:06:06	DataProcessor		INFO	polling
22-02-2016 12:06:06	CameraInterface		INFO	Read successful
22-02-2016 12:06:06	Controller		INFO	sending to transmitter
22-02-2016 12:06:07	Transmitter		INFO	pushing into buff
22-02-2016 12:06:07	DataProcessor		INFO	polling
22-02-2016 12:06:07	CameraInterface		INFO	Read successful
22-02-2016 12:06:07	Controller		INFO	sending to transmitter
22-02-2016 12:06:07	Transmitter		INFO	pushing into buff
22-02-2016 12:06:07	DataProcessor		INFO	polling
22-02-2016 12:06:08	CameraInterface		INFO	Read successful
22-02-2016 12:06:08	CameraInterface		INFO	Read successful
22-02-2016 12:06:08	Transmitter		INFO	running
22-02-2016 12:06:09	Transmitter		INFO	getting from buffer
22-02-2016 12:06:09	Controller		INFO	sending to transmitter
22-02-2016 12:06:09	Transmitter		INFO	pushing into buff
22-02-2016 12:06:10	DataProcessor		INFO	polling
22-02-2016 12:06:13	CameraInterface		INFO	Read successful
