05-01-2016 06:31:25	Main		TRACE	Logger initialized.
05-01-2016 06:31:25	PropertyReader		TRACE	Opening file: settings/settings.txt
05-01-2016 06:31:25	PropertyReader		INFO	File opened: settings/settings.txt
05-01-2016 06:31:25	PropertyReader		INFO	Loading properties file...
05-01-2016 06:31:25	PropertyReader		INFO	Mapped INFO to LOGGING_LEVEL
05-01-2016 06:31:25	PropertyReader		INFO	Mapped 100 to CAM_BUFFER_SIZE
05-01-2016 06:31:25	PropertyReader		INFO	Mapped 15 to CAM_POLL_FREQUENCY
05-01-2016 06:31:25	PropertyReader		INFO	Mapped 0 to CAM_INDEX
05-01-2016 06:31:25	PropertyReader		DEBUG	Loaded 4 properties successfully
05-01-2016 06:31:25	Controller		INFO	Initializing Controller
05-01-2016 06:31:25	CameraInterface		INFO	Initializing camera
05-01-2016 06:31:25	CameraInterface		INFO	Opening video capture stream at position 0
05-01-2016 06:31:25	ControllerThread		INFO	Starting Controller Thread execution loop
05-01-2016 06:31:25	CameraInterface		ERROR	Camera stream failed to read image
05-01-2016 06:31:26	CameraInterface		ERROR	Camera stream failed to read image
05-01-2016 06:31:26	CameraInterface		ERROR	Camera stream failed to read image
05-01-2016 06:31:26	CameraInterface		ERROR	Camera stream failed to read image
05-01-2016 06:31:26	CameraInterface		ERROR	Camera stream failed to read image
05-01-2016 06:31:26	CameraInterface		ERROR	Camera stream failed to read image
05-01-2016 06:31:26	CameraInterface		ERROR	Camera stream failed to read image
05-01-2016 06:31:26	CameraInterface		ERROR	Camera stream failed to read image
05-01-2016 06:31:26	CameraInterface		ERROR	Camera stream failed to read image
05-01-2016 06:31:26	CameraInterface		ERROR	Camera stream failed to read image
05-01-2016 06:31:26	CameraInterface		ERROR	Camera stream failed to read image
05-01-2016 06:31:26	CameraInterface		ERROR	Camera stream failed to read image
05-01-2016 06:31:26	CameraInterface		ERROR	Camera stream failed to read image
05-01-2016 06:31:26	CameraInterface		ERROR	Camera stream failed to read image
05-01-2016 06:31:26	CameraInterface		ERROR	Camera stream failed to read image
05-01-2016 06:31:26	CameraInterface		ERROR	Camera stream failed to read image
05-01-2016 06:31:26	CameraInterface		ERROR	Camera stream failed to read image
05-01-2016 06:31:26	CameraInterface		ERROR	Camera stream failed to read image
05-01-2016 06:31:26	CameraInterface		ERROR	Camera stream failed to read image
05-01-2016 06:31:26	CameraInterface		ERROR	Camera stream failed to read image
05-01-2016 06:31:26	CameraInterface		ERROR	Camera stream failed to read image
05-01-2016 06:31:26	CameraInterface		ERROR	Camera stream failed to read image
05-01-2016 06:31:26	CameraInterface		ERROR	Camera stream failed to read image
05-01-2016 06:31:26	CameraInterface		ERROR	Camera stream failed to read image
05-01-2016 06:31:26	CameraInterface		ERROR	Camera stream failed to read image
05-01-2016 06:31:26	CameraInterface		ERROR	Camera stream failed to read image
05-01-2016 06:31:26	CameraInterface		ERROR	Camera stream failed to read image
05-01-2016 06:31:26	CameraInterface		ERROR	Camera stream failed to read image
05-01-2016 06:31:26	CameraInterface		ERROR	Camera stream failed to read image
05-01-2016 06:31:26	CameraInterface		ERROR	Camera stream failed to read image
05-01-2016 06:31:26	CameraInterface		ERROR	Camera stream failed to read image
05-01-2016 06:31:26	CameraInterface		ERROR	Camera stream failed to read image
05-01-2016 06:31:26	CameraInterface		ERROR	Camera stream failed to read image
05-01-2016 06:31:26	CameraInterface		ERROR	Camera stream failed to read image
05-01-2016 06:31:26	CameraInterface		ERROR	Camera stream failed to read image
05-01-2016 06:31:26	CameraInterface		ERROR	Camera stream failed to read image
05-01-2016 06:31:26	CameraInterface		ERROR	Camera stream failed to read image
05-01-2016 06:31:26	CameraInterface		ERROR	Camera stream failed to read image
05-01-2016 06:31:26	CameraInterface		ERROR	Camera stream failed to read image
05-01-2016 06:31:26	CameraInterface		ERROR	Camera stream failed to read image
05-01-2016 06:31:26	CameraInterface		ERROR	Camera stream failed to read image
05-01-2016 06:31:26	CameraInterface		ERROR	Camera stream failed to read image
05-01-2016 06:31:26	CameraInterface		ERROR	Camera stream failed to read image
05-01-2016 06:31:26	CameraInterface		ERROR	Camera stream failed to read image
05-01-2016 06:31:26	CameraInterface		ERROR	Camera stream failed to read image
05-01-2016 06:31:26	CameraInterface		ERROR	Camera stream failed to read image
05-01-2016 06:31:26	CameraInterface		ERROR	Camera stream failed to read image
05-01-2016 06:31:26	CameraInterface		ERROR	Camera stream failed to read image
05-01-2016 06:31:26	CameraInterface		ERROR	Camera stream failed to read image
05-01-2016 06:31:26	CameraInterface		ERROR	Camera stream failed to read image
05-01-2016 06:31:26	CameraInterface		ERROR	Camera stream failed to read image
05-01-2016 06:31:26	CameraInterface		ERROR	Camera stream failed to read image
05-01-2016 06:31:26	CameraInterface		ERROR	Camera stream failed to read image
05-01-2016 06:31:27	CameraInterface		ERROR	Camera stream failed to read image
05-01-2016 06:31:27	CameraInterface		ERROR	Camera stream failed to read image
05-01-2016 06:31:27	CameraInterface		ERROR	Camera stream failed to read image
05-01-2016 06:31:27	CameraInterface		ERROR	Camera stream failed to read image
05-01-2016 06:31:27	CameraInterface		ERROR	Camera stream failed to read image
05-01-2016 06:31:27	CameraInterface		ERROR	Camera stream failed to read image
05-01-2016 06:31:27	CameraInterface		ERROR	Camera stream failed to read image
05-01-2016 06:31:27	CameraInterface		ERROR	Camera stream failed to read image
05-01-2016 06:31:27	CameraInterface		ERROR	Camera stream failed to read image
05-01-2016 06:31:27	CameraInterface		ERROR	Camera stream failed to read image
05-01-2016 06:31:27	CameraInterface		ERROR	Camera stream failed to read image
05-01-2016 06:31:27	CameraInterface		ERROR	Camera stream failed to read image
05-01-2016 06:31:27	CameraInterface		ERROR	Camera stream failed to read image
05-01-2016 06:31:27	CameraInterface		ERROR	Camera stream failed to read image
05-01-2016 06:31:27	CameraInterface		ERROR	Camera stream failed to read image
05-01-2016 06:31:27	CameraInterface		ERROR	Camera stream failed to read image
05-01-2016 06:31:27	CameraInterface		ERROR	Camera stream failed to read image
05-01-2016 06:31:27	CameraInterface		ERROR	Camera stream failed to read image
05-01-2016 06:31:27	CameraInterface		ERROR	Camera stream failed to read image
05-01-2016 06:31:27	CameraInterface		ERROR	Camera stream failed to read image
05-01-2016 06:31:27	CameraInterface		ERROR	Camera stream failed to read image
05-01-2016 06:31:27	CameraInterface		ERROR	Camera stream failed to read image
05-01-2016 06:31:27	CameraInterface		ERROR	Camera stream failed to read image
05-01-2016 06:31:27	CameraInterface		ERROR	Camera stream failed to read image
05-01-2016 06:31:27	CameraInterface		ERROR	Camera stream failed to read image
05-01-2016 06:31:27	CameraInterface		ERROR	Camera stream failed to read image
05-01-2016 06:31:27	CameraInterface		ERROR	Camera stream failed to read image
05-01-2016 06:31:27	CameraInterface		ERROR	Camera stream failed to read image
05-01-2016 06:31:27	CameraInterface		ERROR	Camera stream failed to read image
05-01-2016 06:31:27	CameraInterface		ERROR	Camera stream failed to read image
05-01-2016 06:31:27	CameraInterface		ERROR	Camera stream failed to read image
05-01-2016 06:31:27	CameraInterface		ERROR	Camera stream failed to read image
05-01-2016 06:31:27	CameraInterface		ERROR	Camera stream failed to read image
05-01-2016 06:31:27	CameraInterface		ERROR	Camera stream failed to read image
05-01-2016 06:31:27	CameraInterface		ERROR	Camera stream failed to read image
05-01-2016 06:31:27	CameraInterface		ERROR	Camera stream failed to read image
05-01-2016 06:31:27	CameraInterface		ERROR	Camera stream failed to read image
05-01-2016 06:31:27	CameraInterface		ERROR	Camera stream failed to read image
05-01-2016 06:31:27	CameraInterface		ERROR	Camera stream failed to read image
05-01-2016 06:31:27	CameraInterface		ERROR	Camera stream failed to read image
05-01-2016 06:31:27	CameraInterface		ERROR	Camera stream failed to read image
05-01-2016 06:31:27	CameraInterface		ERROR	Camera stream failed to read image
05-01-2016 06:31:27	CameraInterface		ERROR	Camera stream failed to read image
05-01-2016 06:31:27	CameraInterface		ERROR	Camera stream failed to read image
05-01-2016 06:31:27	CameraInterface		ERROR	Camera stream failed to read image
05-01-2016 06:31:27	CameraInterface		ERROR	Camera stream failed to read image
05-01-2016 06:31:27	CameraInterface		ERROR	Camera stream failed to read image
05-01-2016 06:31:27	CameraInterface		ERROR	Camera stream failed to read image
05-01-2016 06:31:27	CameraInterface		ERROR	Camera stream failed to read image
05-01-2016 06:31:27	CameraInterface		ERROR	Camera stream failed to read image
05-01-2016 06:31:27	CameraInterface		ERROR	Camera stream failed to read image
05-01-2016 06:31:27	CameraInterface		ERROR	Camera stream failed to read image
05-01-2016 06:31:27	CameraInterface		ERROR	Camera stream failed to read image
05-01-2016 06:31:27	CameraInterface		ERROR	Camera stream failed to read image
05-01-2016 06:31:27	CameraInterface		ERROR	Camera stream failed to read image
05-01-2016 06:31:27	CameraInterface		ERROR	Camera stream failed to read image
05-01-2016 06:31:27	CameraInterface		ERROR	Camera stream failed to read image
05-01-2016 06:31:27	CameraInterface		ERROR	Camera stream failed to read image
05-01-2016 06:31:27	CameraInterface		ERROR	Camera stream failed to read image
05-01-2016 06:31:27	CameraInterface		ERROR	Camera stream failed to read image
05-01-2016 06:31:27	CameraInterface		ERROR	Camera stream failed to read image
05-01-2016 06:31:27	CameraInterface		ERROR	Camera stream failed to read image
05-01-2016 06:31:27	CameraInterface		ERROR	Camera stream failed to read image
05-01-2016 06:31:27	CameraInterface		ERROR	Camera stream failed to read image
05-01-2016 06:31:27	CameraInterface		ERROR	Camera stream failed to read image
05-01-2016 06:31:27	CameraInterface		ERROR	Camera stream failed to read image
05-01-2016 06:31:27	CameraInterface		ERROR	Camera stream failed to read image
05-01-2016 06:31:27	CameraInterface		ERROR	Camera stream failed to read image
05-01-2016 06:31:27	CameraInterface		ERROR	Camera stream failed to read image
05-01-2016 06:31:27	CameraInterface		ERROR	Camera stream failed to read image
05-01-2016 06:31:27	CameraInterface		ERROR	Camera stream failed to read image
05-01-2016 06:31:27	CameraInterface		ERROR	Camera stream failed to read image
05-01-2016 06:31:27	CameraInterface		ERROR	Camera stream failed to read image
05-01-2016 06:31:27	CameraInterface		ERROR	Camera stream failed to read image
05-01-2016 06:31:27	CameraInterface		ERROR	Camera stream failed to read image
05-01-2016 06:31:27	CameraInterface		ERROR	Camera stream failed to read image
05-01-2016 06:31:27	CameraInterface		ERROR	Camera stream failed to read image
05-01-2016 06:31:27	CameraInterface		ERROR	Camera stream failed to read image
05-01-2016 06:31:27	CameraInterface		ERROR	Camera stream failed to read image
05-01-2016 06:31:28	CameraInterface		ERROR	Camera stream failed to read image
05-01-2016 06:31:28	CameraInterface		ERROR	Camera stream failed to read image
05-01-2016 06:31:28	CameraInterface		ERROR	Camera stream failed to read image
05-01-2016 06:31:28	CameraInterface		ERROR	Camera stream failed to read image
05-01-2016 06:31:28	CameraInterface		ERROR	Camera stream failed to read image
05-01-2016 06:31:28	CameraInterface		ERROR	Camera stream failed to read image
05-01-2016 06:31:28	CameraInterface		ERROR	Camera stream failed to read image
05-01-2016 06:31:28	CameraInterface		ERROR	Camera stream failed to read image
05-01-2016 06:31:28	CameraInterface		ERROR	Camera stream failed to read image
05-01-2016 06:31:28	CameraInterface		ERROR	Camera stream failed to read image
05-01-2016 06:31:28	CameraInterface		ERROR	Camera stream failed to read image
05-01-2016 06:31:28	CameraInterface		ERROR	Camera stream failed to read image
05-01-2016 06:31:28	CameraInterface		ERROR	Camera stream failed to read image
05-01-2016 06:31:28	CameraInterface		ERROR	Camera stream failed to read image
05-01-2016 06:31:28	CameraInterface		ERROR	Camera stream failed to read image
05-01-2016 06:31:28	CameraInterface		ERROR	Camera stream failed to read image
05-01-2016 06:31:28	CameraInterface		ERROR	Camera stream failed to read image
05-01-2016 06:31:28	CameraInterface		ERROR	Camera stream failed to read image
05-01-2016 06:31:28	CameraInterface		ERROR	Camera stream failed to read image
05-01-2016 06:31:28	CameraInterface		ERROR	Camera stream failed to read image
05-01-2016 06:31:28	CameraInterface		ERROR	Camera stream failed to read image
05-01-2016 06:31:28	CameraInterface		ERROR	Camera stream failed to read image
05-01-2016 06:31:28	CameraInterface		ERROR	Camera stream failed to read image
05-01-2016 06:31:28	CameraInterface		ERROR	Camera stream failed to read image
05-01-2016 06:31:28	CameraInterface		ERROR	Camera stream failed to read image
05-01-2016 06:31:28	CameraInterface		ERROR	Camera stream failed to read image
05-01-2016 06:31:28	CameraInterface		ERROR	Camera stream failed to read image
05-01-2016 06:31:28	CameraInterface		ERROR	Camera stream failed to read image
05-01-2016 06:31:28	CameraInterface		ERROR	Camera stream failed to read image
05-01-2016 06:31:28	CameraInterface		ERROR	Camera stream failed to read image
05-01-2016 06:31:28	CameraInterface		ERROR	Camera stream failed to read image
05-01-2016 06:31:28	CameraInterface		ERROR	Camera stream failed to read image
05-01-2016 06:31:28	CameraInterface		ERROR	Camera stream failed to read image
05-01-2016 06:31:28	CameraInterface		ERROR	Camera stream failed to read image
05-01-2016 06:31:28	CameraInterface		ERROR	Camera stream failed to read image
05-01-2016 06:31:28	CameraInterface		ERROR	Camera stream failed to read image
05-01-2016 06:31:28	CameraInterface		ERROR	Camera stream failed to read image
05-01-2016 06:31:28	CameraInterface		ERROR	Camera stream failed to read image
05-01-2016 06:31:28	CameraInterface		ERROR	Camera stream failed to read image
05-01-2016 06:31:28	CameraInterface		ERROR	Camera stream failed to read image
05-01-2016 06:31:28	CameraInterface		ERROR	Camera stream failed to read image
05-01-2016 06:31:28	CameraInterface		ERROR	Camera stream failed to read image
05-01-2016 06:31:28	CameraInterface		ERROR	Camera stream failed to read image
05-01-2016 06:31:28	CameraInterface		ERROR	Camera stream failed to read image
05-01-2016 06:31:28	CameraInterface		ERROR	Camera stream failed to read image
05-01-2016 06:31:28	CameraInterface		ERROR	Camera stream failed to read image
05-01-2016 06:31:28	CameraInterface		ERROR	Camera stream failed to read image
05-01-2016 06:31:28	CameraInterface		ERROR	Camera stream failed to read image
05-01-2016 06:31:28	CameraInterface		ERROR	Camera stream failed to read image
05-01-2016 06:31:28	CameraInterface		ERROR	Camera stream failed to read image
05-01-2016 06:31:28	CameraInterface		ERROR	Camera stream failed to read image
05-01-2016 06:31:28	CameraInterface		ERROR	Camera stream failed to read image
05-01-2016 06:31:28	CameraInterface		ERROR	Camera stream failed to read image
05-01-2016 06:31:28	CameraInterface		ERROR	Camera stream failed to read image
05-01-2016 06:31:28	CameraInterface		ERROR	Camera stream failed to read image
05-01-2016 06:31:28	CameraInterface		ERROR	Camera stream failed to read image
05-01-2016 06:31:28	CameraInterface		ERROR	Camera stream failed to read image
05-01-2016 06:31:28	CameraInterface		ERROR	Camera stream failed to read image
05-01-2016 06:31:28	CameraInterface		ERROR	Camera stream failed to read image
05-01-2016 06:31:28	CameraInterface		ERROR	Camera stream failed to read image
05-01-2016 06:31:28	CameraInterface		ERROR	Camera stream failed to read image
05-01-2016 06:31:28	CameraInterface		ERROR	Camera stream failed to read image
05-01-2016 06:31:28	CameraInterface		ERROR	Camera stream failed to read image
05-01-2016 06:31:28	CameraInterface		ERROR	Camera stream failed to read image
05-01-2016 06:31:28	CameraInterface		ERROR	Camera stream failed to read image
05-01-2016 06:31:28	CameraInterface		ERROR	Camera stream failed to read image
05-01-2016 06:31:28	CameraInterface		ERROR	Camera stream failed to read image
05-01-2016 06:31:28	CameraInterface		ERROR	Camera stream failed to read image
05-01-2016 06:31:28	CameraInterface		ERROR	Camera stream failed to read image
05-01-2016 06:31:28	CameraInterface		ERROR	Camera stream failed to read image
05-01-2016 06:31:28	CameraInterface		ERROR	Camera stream failed to read image
05-01-2016 06:31:28	CameraInterface		ERROR	Camera stream failed to read image
05-01-2016 06:31:28	CameraInterface		ERROR	Camera stream failed to read image
05-01-2016 06:31:28	CameraInterface		ERROR	Camera stream failed to read image
05-01-2016 06:31:28	CameraInterface		ERROR	Camera stream failed to read image
05-01-2016 06:31:28	CameraInterface		ERROR	Camera stream failed to read image
05-01-2016 06:31:28	CameraInterface		ERROR	Camera stream failed to read image
05-01-2016 06:31:28	CameraInterface		ERROR	Camera stream failed to read image
05-01-2016 06:31:28	CameraInterface		ERROR	Camera stream failed to read image
05-01-2016 06:31:28	CameraInterface		ERROR	Camera stream failed to read image
05-01-2016 06:31:28	CameraInterface		ERROR	Camera stream failed to read image
05-01-2016 06:31:28	CameraInterface		ERROR	Camera stream failed to read image
05-01-2016 06:31:28	CameraInterface		ERROR	Camera stream failed to read image
05-01-2016 06:31:28	CameraInterface		ERROR	Camera stream failed to read image
05-01-2016 06:31:28	CameraInterface		ERROR	Camera stream failed to read image
05-01-2016 06:31:28	CameraInterface		ERROR	Camera stream failed to read image
05-01-2016 06:31:28	CameraInterface		ERROR	Camera stream failed to read image
05-01-2016 06:31:28	CameraInterface		ERROR	Camera stream failed to read image
05-01-2016 06:31:28	CameraInterface		ERROR	Camera stream failed to read image
05-01-2016 06:31:28	CameraInterface		ERROR	Camera stream failed to read image
05-01-2016 06:31:28	CameraInterface		ERROR	Camera stream failed to read image
05-01-2016 06:31:28	CameraInterface		ERROR	Camera stream failed to read image
05-01-2016 06:31:28	CameraInterface		ERROR	Camera stream failed to read image
05-01-2016 06:31:28	CameraInterface		ERROR	Camera stream failed to read image
05-01-2016 06:31:28	CameraInterface		ERROR	Camera stream failed to read image
05-01-2016 06:31:28	CameraInterface		ERROR	Camera stream failed to read image
05-01-2016 06:31:28	CameraInterface		ERROR	Camera stream failed to read image
05-01-2016 06:31:28	CameraInterface		ERROR	Camera stream failed to read image
05-01-2016 06:31:28	CameraInterface		ERROR	Camera stream failed to read image
05-01-2016 06:31:28	CameraInterface		ERROR	Camera stream failed to read image
05-01-2016 06:31:28	CameraInterface		ERROR	Camera stream failed to read image
05-01-2016 06:31:28	CameraInterface		ERROR	Camera stream failed to read image
05-01-2016 06:31:28	CameraInterface		ERROR	Camera stream failed to read image
05-01-2016 06:31:28	CameraInterface		ERROR	Camera stream failed to read image
05-01-2016 06:31:28	CameraInterface		ERROR	Camera stream failed to read image
05-01-2016 06:31:28	CameraInterface		ERROR	Camera stream failed to read image
05-01-2016 06:31:29	CameraInterface		ERROR	Camera stream failed to read image
05-01-2016 06:31:29	CameraInterface		ERROR	Camera stream failed to read image
05-01-2016 06:31:29	CameraInterface		ERROR	Camera stream failed to read image
05-01-2016 06:31:29	CameraInterface		ERROR	Camera stream failed to read image
05-01-2016 06:31:29	CameraInterface		ERROR	Camera stream failed to read image
05-01-2016 06:31:29	CameraInterface		ERROR	Camera stream failed to read image
05-01-2016 06:31:29	CameraInterface		ERROR	Camera stream failed to read image
05-01-2016 06:31:29	CameraInterface		ERROR	Camera stream failed to read image
05-01-2016 06:31:29	CameraInterface		ERROR	Camera stream failed to read image
05-01-2016 06:31:29	CameraInterface		ERROR	Camera stream failed to read image
05-01-2016 06:31:29	CameraInterface		ERROR	Camera stream failed to read image
05-01-2016 06:31:29	CameraInterface		ERROR	Camera stream failed to read image
05-01-2016 06:31:29	CameraInterface		ERROR	Camera stream failed to read image
05-01-2016 06:31:29	CameraInterface		ERROR	Camera stream failed to read image
05-01-2016 06:31:29	CameraInterface		ERROR	Camera stream failed to read image
05-01-2016 06:31:29	CameraInterface		ERROR	Camera stream failed to read image
05-01-2016 06:31:29	CameraInterface		ERROR	Camera stream failed to read image
05-01-2016 06:31:29	CameraInterface		ERROR	Camera stream failed to read image
05-01-2016 06:31:29	CameraInterface		ERROR	Camera stream failed to read image
05-01-2016 06:31:29	CameraInterface		ERROR	Camera stream failed to read image
05-01-2016 06:31:29	CameraInterface		ERROR	Camera stream failed to read image
05-01-2016 06:31:29	CameraInterface		ERROR	Camera stream failed to read image
05-01-2016 06:31:29	CameraInterface		ERROR	Camera stream failed to read image
05-01-2016 06:31:29	CameraInterface		ERROR	Camera stream failed to read image
05-01-2016 06:31:29	CameraInterface		ERROR	Camera stream failed to read image
05-01-2016 06:31:29	CameraInterface		ERROR	Camera stream failed to read image
05-01-2016 06:31:29	CameraInterface		ERROR	Camera stream failed to read image
05-01-2016 06:31:29	CameraInterface		ERROR	Camera stream failed to read image
05-01-2016 06:31:29	CameraInterface		ERROR	Camera stream failed to read image
05-01-2016 06:31:29	CameraInterface		ERROR	Camera stream failed to read image
05-01-2016 06:31:29	CameraInterface		ERROR	Camera stream failed to read image
05-01-2016 06:31:29	CameraInterface		ERROR	Camera stream failed to read image
05-01-2016 06:31:29	CameraInterface		ERROR	Camera stream failed to read image
05-01-2016 06:31:29	CameraInterface		ERROR	Camera stream failed to read image
05-01-2016 06:31:29	CameraInterface		ERROR	Camera stream failed to read image
05-01-2016 06:31:29	CameraInterface		ERROR	Camera stream failed to read image
05-01-2016 06:31:29	CameraInterface		ERROR	Camera stream failed to read image
05-01-2016 06:31:29	CameraInterface		ERROR	Camera stream failed to read image
05-01-2016 06:31:29	CameraInterface		ERROR	Camera stream failed to read image
05-01-2016 06:31:29	CameraInterface		ERROR	Camera stream failed to read image
05-01-2016 06:31:29	CameraInterface		ERROR	Camera stream failed to read image
05-01-2016 06:31:29	CameraInterface		ERROR	Camera stream failed to read image
05-01-2016 06:31:29	CameraInterface		ERROR	Camera stream failed to read image
05-01-2016 06:31:29	CameraInterface		ERROR	Camera stream failed to read image
05-01-2016 06:31:29	CameraInterface		ERROR	Camera stream failed to read image
05-01-2016 06:31:29	CameraInterface		ERROR	Camera stream failed to read image
05-01-2016 06:31:29	CameraInterface		ERROR	Camera stream failed to read image
05-01-2016 06:31:29	CameraInterface		ERROR	Camera stream failed to read image
05-01-2016 06:31:29	CameraInterface		ERROR	Camera stream failed to read image
05-01-2016 06:31:29	CameraInterface		ERROR	Camera stream failed to read image
05-01-2016 06:31:29	CameraInterface		ERROR	Camera stream failed to read image
05-01-2016 06:31:29	CameraInterface		ERROR	Camera stream failed to read image
05-01-2016 06:31:29	CameraInterface		ERROR	Camera stream failed to read image
05-01-2016 06:31:29	CameraInterface		ERROR	Camera stream failed to read image
05-01-2016 06:31:29	CameraInterface		ERROR	Camera stream failed to read image
05-01-2016 06:31:29	CameraInterface		ERROR	Camera stream failed to read image
05-01-2016 06:31:29	CameraInterface		ERROR	Camera stream failed to read image
05-01-2016 06:31:29	CameraInterface		ERROR	Camera stream failed to read image
05-01-2016 06:31:29	CameraInterface		ERROR	Camera stream failed to read image
05-01-2016 06:31:29	CameraInterface		ERROR	Camera stream failed to read image
05-01-2016 06:31:29	CameraInterface		ERROR	Camera stream failed to read image
05-01-2016 06:31:29	CameraInterface		ERROR	Camera stream failed to read image
05-01-2016 06:31:29	CameraInterface		ERROR	Camera stream failed to read image
05-01-2016 06:31:29	CameraInterface		ERROR	Camera stream failed to read image
05-01-2016 06:31:29	CameraInterface		ERROR	Camera stream failed to read image
05-01-2016 06:31:29	CameraInterface		ERROR	Camera stream failed to read image
05-01-2016 06:31:29	CameraInterface		ERROR	Camera stream failed to read image
05-01-2016 06:31:29	CameraInterface		ERROR	Camera stream failed to read image
05-01-2016 06:31:29	CameraInterface		ERROR	Camera stream failed to read image
05-01-2016 06:31:29	CameraInterface		ERROR	Camera stream failed to read image
05-01-2016 06:31:29	CameraInterface		ERROR	Camera stream failed to read image
05-01-2016 06:31:29	CameraInterface		ERROR	Camera stream failed to read image
05-01-2016 06:31:29	CameraInterface		ERROR	Camera stream failed to read image
05-01-2016 06:31:29	CameraInterface		ERROR	Camera stream failed to read image
05-01-2016 06:31:29	CameraInterface		ERROR	Camera stream failed to read image
05-01-2016 06:31:29	CameraInterface		ERROR	Camera stream failed to read image
05-01-2016 06:31:29	CameraInterface		ERROR	Camera stream failed to read image
05-01-2016 06:31:29	CameraInterface		ERROR	Camera stream failed to read image
05-01-2016 06:31:29	CameraInterface		ERROR	Camera stream failed to read image
05-01-2016 06:31:29	CameraInterface		ERROR	Camera stream failed to read image
05-01-2016 06:31:29	CameraInterface		ERROR	Camera stream failed to read image
05-01-2016 06:31:29	CameraInterface		ERROR	Camera stream failed to read image
05-01-2016 06:31:29	CameraInterface		ERROR	Camera stream failed to read image
05-01-2016 06:31:29	CameraInterface		ERROR	Camera stream failed to read image
05-01-2016 06:31:29	CameraInterface		ERROR	Camera stream failed to read image
05-01-2016 06:31:29	CameraInterface		ERROR	Camera stream failed to read image
05-01-2016 06:31:29	CameraInterface		ERROR	Camera stream failed to read image
05-01-2016 06:31:29	CameraInterface		ERROR	Camera stream failed to read image
05-01-2016 06:31:29	CameraInterface		ERROR	Camera stream failed to read image
05-01-2016 06:31:29	CameraInterface		ERROR	Camera stream failed to read image
05-01-2016 06:31:29	CameraInterface		ERROR	Camera stream failed to read image
05-01-2016 06:31:29	CameraInterface		ERROR	Camera stream failed to read image
05-01-2016 06:31:29	CameraInterface		ERROR	Camera stream failed to read image
05-01-2016 06:31:29	CameraInterface		ERROR	Camera stream failed to read image
05-01-2016 06:31:29	CameraInterface		ERROR	Camera stream failed to read image
05-01-2016 06:31:29	CameraInterface		ERROR	Camera stream failed to read image
05-01-2016 06:31:29	CameraInterface		ERROR	Camera stream failed to read image
05-01-2016 06:31:29	CameraInterface		ERROR	Camera stream failed to read image
05-01-2016 06:31:29	CameraInterface		ERROR	Camera stream failed to read image
05-01-2016 06:31:29	CameraInterface		ERROR	Camera stream failed to read image
05-01-2016 06:31:29	CameraInterface		ERROR	Camera stream failed to read image
05-01-2016 06:31:29	CameraInterface		ERROR	Camera stream failed to read image
05-01-2016 06:31:30	CameraInterface		ERROR	Camera stream failed to read image
05-01-2016 06:31:30	CameraInterface		ERROR	Camera stream failed to read image
05-01-2016 06:31:30	CameraInterface		ERROR	Camera stream failed to read image
05-01-2016 06:31:30	CameraInterface		ERROR	Camera stream failed to read image
05-01-2016 06:31:30	CameraInterface		ERROR	Camera stream failed to read image
05-01-2016 06:31:30	CameraInterface		ERROR	Camera stream failed to read image
05-01-2016 06:31:30	CameraInterface		ERROR	Camera stream failed to read image
05-01-2016 06:31:30	CameraInterface		ERROR	Camera stream failed to read image
05-01-2016 06:31:30	CameraInterface		ERROR	Camera stream failed to read image
05-01-2016 06:31:30	CameraInterface		ERROR	Camera stream failed to read image
05-01-2016 06:31:30	CameraInterface		ERROR	Camera stream failed to read image
05-01-2016 06:31:30	CameraInterface		ERROR	Camera stream failed to read image
05-01-2016 06:31:30	CameraInterface		ERROR	Camera stream failed to read image
05-01-2016 06:31:30	CameraInterface		ERROR	Camera stream failed to read image
05-01-2016 06:31:30	CameraInterface		ERROR	Camera stream failed to read image
05-01-2016 06:31:30	CameraInterface		ERROR	Camera stream failed to read image
05-01-2016 06:31:30	CameraInterface		ERROR	Camera stream failed to read image
05-01-2016 06:31:30	CameraInterface		ERROR	Camera stream failed to read image
05-01-2016 06:31:30	CameraInterface		ERROR	Camera stream failed to read image
05-01-2016 06:31:30	CameraInterface		ERROR	Camera stream failed to read image
05-01-2016 06:31:30	CameraInterface		ERROR	Camera stream failed to read image
05-01-2016 06:31:30	CameraInterface		ERROR	Camera stream failed to read image
05-01-2016 06:31:30	CameraInterface		ERROR	Camera stream failed to read image
05-01-2016 06:31:30	CameraInterface		ERROR	Camera stream failed to read image
05-01-2016 06:31:30	CameraInterface		ERROR	Camera stream failed to read image
05-01-2016 06:31:30	CameraInterface		ERROR	Camera stream failed to read image
05-01-2016 06:31:30	CameraInterface		ERROR	Camera stream failed to read image
05-01-2016 06:31:30	CameraInterface		ERROR	Camera stream failed to read image
05-01-2016 06:31:30	CameraInterface		ERROR	Camera stream failed to read image
05-01-2016 06:31:30	CameraInterface		ERROR	Camera stream failed to read image
05-01-2016 06:31:30	CameraInterface		ERROR	Camera stream failed to read image
05-01-2016 06:31:30	CameraInterface		ERROR	Camera stream failed to read image
05-01-2016 06:31:30	CameraInterface		ERROR	Camera stream failed to read image
05-01-2016 06:31:30	CameraInterface		ERROR	Camera stream failed to read image
05-01-2016 06:31:30	CameraInterface		ERROR	Camera stream failed to read image
05-01-2016 06:31:30	CameraInterface		ERROR	Camera stream failed to read image
05-01-2016 06:31:30	CameraInterface		ERROR	Camera stream failed to read image
05-01-2016 06:31:30	CameraInterface		ERROR	Camera stream failed to read image
05-01-2016 06:31:30	CameraInterface		ERROR	Camera stream failed to read image
05-01-2016 06:31:30	CameraInterface		ERROR	Camera stream failed to read image
05-01-2016 06:31:30	CameraInterface		ERROR	Camera stream failed to read image
05-01-2016 06:31:30	CameraInterface		ERROR	Camera stream failed to read image
05-01-2016 06:31:30	CameraInterface		ERROR	Camera stream failed to read image
05-01-2016 06:31:30	CameraInterface		ERROR	Camera stream failed to read image
05-01-2016 06:31:30	CameraInterface		ERROR	Camera stream failed to read image
05-01-2016 06:31:30	CameraInterface		ERROR	Camera stream failed to read image
05-01-2016 06:31:30	CameraInterface		ERROR	Camera stream failed to read image
05-01-2016 06:31:30	CameraInterface		ERROR	Camera stream failed to read image
05-01-2016 06:31:30	CameraInterface		ERROR	Camera stream failed to read image
05-01-2016 06:31:30	CameraInterface		ERROR	Camera stream failed to read image
05-01-2016 06:31:30	CameraInterface		ERROR	Camera stream failed to read image
05-01-2016 06:31:30	CameraInterface		ERROR	Camera stream failed to read image
05-01-2016 06:31:30	CameraInterface		ERROR	Camera stream failed to read image
05-01-2016 06:31:30	CameraInterface		ERROR	Camera stream failed to read image
05-01-2016 06:31:30	CameraInterface		ERROR	Camera stream failed to read image
05-01-2016 06:31:30	CameraInterface		ERROR	Camera stream failed to read image
05-01-2016 06:31:30	CameraInterface		ERROR	Camera stream failed to read image
05-01-2016 06:31:30	CameraInterface		ERROR	Camera stream failed to read image
05-01-2016 06:31:30	CameraInterface		ERROR	Camera stream failed to read image
05-01-2016 06:31:30	CameraInterface		ERROR	Camera stream failed to read image
05-01-2016 06:31:30	CameraInterface		ERROR	Camera stream failed to read image
05-01-2016 06:31:30	CameraInterface		ERROR	Camera stream failed to read image
05-01-2016 06:31:30	CameraInterface		ERROR	Camera stream failed to read image
05-01-2016 06:31:30	CameraInterface		ERROR	Camera stream failed to read image
05-01-2016 06:31:30	CameraInterface		ERROR	Camera stream failed to read image
05-01-2016 06:31:30	CameraInterface		ERROR	Camera stream failed to read image
05-01-2016 06:31:30	CameraInterface		ERROR	Camera stream failed to read image
05-01-2016 06:31:30	CameraInterface		ERROR	Camera stream failed to read image
05-01-2016 06:31:30	CameraInterface		ERROR	Camera stream failed to read image
05-01-2016 06:31:30	CameraInterface		ERROR	Camera stream failed to read image
05-01-2016 06:31:30	CameraInterface		ERROR	Camera stream failed to read image
05-01-2016 06:31:30	CameraInterface		ERROR	Camera stream failed to read image
05-01-2016 06:31:30	CameraInterface		ERROR	Camera stream failed to read image
05-01-2016 06:31:30	CameraInterface		ERROR	Camera stream failed to read image
05-01-2016 06:31:30	CameraInterface		ERROR	Camera stream failed to read image
05-01-2016 06:31:30	CameraInterface		ERROR	Camera stream failed to read image
05-01-2016 06:31:30	CameraInterface		ERROR	Camera stream failed to read image
05-01-2016 06:31:30	CameraInterface		ERROR	Camera stream failed to read image
05-01-2016 06:31:30	CameraInterface		ERROR	Camera stream failed to read image
05-01-2016 06:31:30	CameraInterface		ERROR	Camera stream failed to read image
05-01-2016 06:31:30	CameraInterface		ERROR	Camera stream failed to read image
05-01-2016 06:31:30	CameraInterface		ERROR	Camera stream failed to read image
05-01-2016 06:31:30	CameraInterface		ERROR	Camera stream failed to read image
05-01-2016 06:31:30	CameraInterface		ERROR	Camera stream failed to read image
05-01-2016 06:31:30	CameraInterface		ERROR	Camera stream failed to read image
05-01-2016 06:31:30	CameraInterface		ERROR	Camera stream failed to read image
05-01-2016 06:31:30	CameraInterface		ERROR	Camera stream failed to read image
05-01-2016 06:31:30	CameraInterface		ERROR	Camera stream failed to read image
05-01-2016 06:31:30	CameraInterface		ERROR	Camera stream failed to read image
05-01-2016 06:31:30	CameraInterface		ERROR	Camera stream failed to read image
05-01-2016 06:31:30	CameraInterface		ERROR	Camera stream failed to read image
05-01-2016 06:31:30	CameraInterface		ERROR	Camera stream failed to read image
05-01-2016 06:31:30	CameraInterface		ERROR	Camera stream failed to read image
05-01-2016 06:31:30	CameraInterface		ERROR	Camera stream failed to read image
05-01-2016 06:31:30	CameraInterface		ERROR	Camera stream failed to read image
05-01-2016 06:31:30	CameraInterface		ERROR	Camera stream failed to read image
05-01-2016 06:31:30	CameraInterface		ERROR	Camera stream failed to read image
05-01-2016 06:31:30	CameraInterface		ERROR	Camera stream failed to read image
05-01-2016 06:31:30	CameraInterface		ERROR	Camera stream failed to read image
05-01-2016 06:31:30	CameraInterface		ERROR	Camera stream failed to read image
05-01-2016 06:31:30	CameraInterface		ERROR	Camera stream failed to read image
05-01-2016 06:31:30	CameraInterface		ERROR	Camera stream failed to read image
05-01-2016 06:31:30	CameraInterface		ERROR	Camera stream failed to read image
05-01-2016 06:31:30	CameraInterface		ERROR	Camera stream failed to read image
05-01-2016 06:31:30	CameraInterface		ERROR	Camera stream failed to read image
05-01-2016 06:31:30	CameraInterface		ERROR	Camera stream failed to read image
05-01-2016 06:31:30	CameraInterface		ERROR	Camera stream failed to read image
05-01-2016 06:31:30	CameraInterface		ERROR	Camera stream failed to read image
05-01-2016 06:31:31	CameraInterface		ERROR	Camera stream failed to read image
05-01-2016 06:31:31	CameraInterface		ERROR	Camera stream failed to read image
05-01-2016 06:31:31	CameraInterface		ERROR	Camera stream failed to read image
05-01-2016 06:31:31	CameraInterface		ERROR	Camera stream failed to read image
05-01-2016 06:31:31	CameraInterface		ERROR	Camera stream failed to read image
05-01-2016 06:31:31	CameraInterface		ERROR	Camera stream failed to read image
05-01-2016 06:31:31	CameraInterface		ERROR	Camera stream failed to read image
05-01-2016 06:31:31	CameraInterface		ERROR	Camera stream failed to read image
05-01-2016 06:31:31	CameraInterface		ERROR	Camera stream failed to read image
05-01-2016 06:31:31	CameraInterface		ERROR	Camera stream failed to read image
05-01-2016 06:31:31	CameraInterface		ERROR	Camera stream failed to read image
05-01-2016 06:31:31	CameraInterface		ERROR	Camera stream failed to read image
05-01-2016 06:31:31	CameraInterface		ERROR	Camera stream failed to read image
05-01-2016 06:31:31	CameraInterface		ERROR	Camera stream failed to read image
05-01-2016 06:31:31	CameraInterface		ERROR	Camera stream failed to read image
05-01-2016 06:31:31	CameraInterface		ERROR	Camera stream failed to read image
05-01-2016 06:31:31	CameraInterface		ERROR	Camera stream failed to read image
05-01-2016 06:31:31	CameraInterface		ERROR	Camera stream failed to read image
05-01-2016 06:31:31	CameraInterface		ERROR	Camera stream failed to read image
05-01-2016 06:31:31	CameraInterface		ERROR	Camera stream failed to read image
05-01-2016 06:31:31	CameraInterface		ERROR	Camera stream failed to read image
05-01-2016 06:31:31	CameraInterface		ERROR	Camera stream failed to read image
05-01-2016 06:31:31	CameraInterface		ERROR	Camera stream failed to read image
05-01-2016 06:31:31	CameraInterface		ERROR	Camera stream failed to read image
05-01-2016 06:31:31	CameraInterface		ERROR	Camera stream failed to read image
05-01-2016 06:31:31	CameraInterface		ERROR	Camera stream failed to read image
05-01-2016 06:31:31	CameraInterface		ERROR	Camera stream failed to read image
05-01-2016 06:31:31	CameraInterface		ERROR	Camera stream failed to read image
05-01-2016 06:31:31	CameraInterface		ERROR	Camera stream failed to read image
05-01-2016 06:31:31	CameraInterface		ERROR	Camera stream failed to read image
05-01-2016 06:31:31	CameraInterface		ERROR	Camera stream failed to read image
05-01-2016 06:31:31	CameraInterface		ERROR	Camera stream failed to read image
05-01-2016 06:31:31	CameraInterface		ERROR	Camera stream failed to read image
05-01-2016 06:31:31	CameraInterface		ERROR	Camera stream failed to read image
05-01-2016 06:31:31	CameraInterface		ERROR	Camera stream failed to read image
05-01-2016 06:31:31	CameraInterface		ERROR	Camera stream failed to read image
05-01-2016 06:31:31	CameraInterface		ERROR	Camera stream failed to read image
05-01-2016 06:31:31	CameraInterface		ERROR	Camera stream failed to read image
05-01-2016 06:31:31	CameraInterface		ERROR	Camera stream failed to read image
05-01-2016 06:31:31	CameraInterface		ERROR	Camera stream failed to read image
05-01-2016 06:31:31	CameraInterface		ERROR	Camera stream failed to read image
05-01-2016 06:31:31	CameraInterface		ERROR	Camera stream failed to read image
05-01-2016 06:31:31	CameraInterface		ERROR	Camera stream failed to read image
05-01-2016 06:31:31	CameraInterface		ERROR	Camera stream failed to read image
05-01-2016 06:31:31	CameraInterface		ERROR	Camera stream failed to read image
05-01-2016 06:31:31	CameraInterface		ERROR	Camera stream failed to read image
05-01-2016 06:31:31	CameraInterface		ERROR	Camera stream failed to read image
05-01-2016 06:31:31	CameraInterface		ERROR	Camera stream failed to read image
05-01-2016 06:31:31	CameraInterface		ERROR	Camera stream failed to read image
05-01-2016 06:31:31	CameraInterface		ERROR	Camera stream failed to read image
05-01-2016 06:31:31	CameraInterface		ERROR	Camera stream failed to read image
05-01-2016 06:31:31	CameraInterface		ERROR	Camera stream failed to read image
05-01-2016 06:31:31	CameraInterface		ERROR	Camera stream failed to read image
05-01-2016 06:31:31	CameraInterface		ERROR	Camera stream failed to read image
05-01-2016 06:31:31	CameraInterface		ERROR	Camera stream failed to read image
05-01-2016 06:31:31	CameraInterface		ERROR	Camera stream failed to read image
05-01-2016 06:31:31	CameraInterface		ERROR	Camera stream failed to read image
05-01-2016 06:31:31	CameraInterface		ERROR	Camera stream failed to read image
05-01-2016 06:31:31	CameraInterface		ERROR	Camera stream failed to read image
05-01-2016 06:31:31	CameraInterface		ERROR	Camera stream failed to read image
05-01-2016 06:31:31	CameraInterface		ERROR	Camera stream failed to read image
05-01-2016 06:31:31	CameraInterface		ERROR	Camera stream failed to read image
05-01-2016 06:31:31	CameraInterface		ERROR	Camera stream failed to read image
05-01-2016 06:31:31	CameraInterface		ERROR	Camera stream failed to read image
05-01-2016 06:31:31	CameraInterface		ERROR	Camera stream failed to read image
05-01-2016 06:31:31	CameraInterface		ERROR	Camera stream failed to read image
05-01-2016 06:31:31	CameraInterface		ERROR	Camera stream failed to read image
05-01-2016 06:31:31	CameraInterface		ERROR	Camera stream failed to read image
05-01-2016 06:31:31	CameraInterface		ERROR	Camera stream failed to read image
05-01-2016 06:31:31	CameraInterface		ERROR	Camera stream failed to read image
05-01-2016 06:31:31	CameraInterface		ERROR	Camera stream failed to read image
05-01-2016 06:31:31	CameraInterface		ERROR	Camera stream failed to read image
05-01-2016 06:31:31	CameraInterface		ERROR	Camera stream failed to read image
05-01-2016 06:31:31	CameraInterface		ERROR	Camera stream failed to read image
05-01-2016 06:31:31	CameraInterface		ERROR	Camera stream failed to read image
05-01-2016 06:31:31	CameraInterface		ERROR	Camera stream failed to read image
05-01-2016 06:31:31	CameraInterface		ERROR	Camera stream failed to read image
05-01-2016 06:31:31	CameraInterface		ERROR	Camera stream failed to read image
05-01-2016 06:31:31	CameraInterface		ERROR	Camera stream failed to read image
05-01-2016 06:31:31	CameraInterface		ERROR	Camera stream failed to read image
05-01-2016 06:31:31	CameraInterface		ERROR	Camera stream failed to read image
05-01-2016 06:31:31	CameraInterface		ERROR	Camera stream failed to read image
05-01-2016 06:31:31	CameraInterface		ERROR	Camera stream failed to read image
05-01-2016 06:31:31	CameraInterface		ERROR	Camera stream failed to read image
05-01-2016 06:31:31	CameraInterface		ERROR	Camera stream failed to read image
05-01-2016 06:31:31	CameraInterface		ERROR	Camera stream failed to read image
05-01-2016 06:31:31	CameraInterface		ERROR	Camera stream failed to read image
05-01-2016 06:31:31	CameraInterface		ERROR	Camera stream failed to read image
05-01-2016 06:31:31	CameraInterface		ERROR	Camera stream failed to read image
05-01-2016 06:31:31	CameraInterface		ERROR	Camera stream failed to read image
05-01-2016 06:31:31	CameraInterface		ERROR	Camera stream failed to read image
05-01-2016 06:31:31	CameraInterface		ERROR	Camera stream failed to read image
05-01-2016 06:31:31	CameraInterface		ERROR	Camera stream failed to read image
05-01-2016 06:31:31	CameraInterface		ERROR	Camera stream failed to read image
05-01-2016 06:31:31	CameraInterface		ERROR	Camera stream failed to read image
05-01-2016 06:31:31	CameraInterface		ERROR	Camera stream failed to read image
05-01-2016 06:31:31	CameraInterface		ERROR	Camera stream failed to read image
05-01-2016 06:31:31	CameraInterface		ERROR	Camera stream failed to read image
05-01-2016 06:31:31	CameraInterface		ERROR	Camera stream failed to read image
05-01-2016 06:31:32	CameraInterface		ERROR	Camera stream failed to read image
05-01-2016 06:31:32	CameraInterface		ERROR	Camera stream failed to read image
05-01-2016 06:31:32	CameraInterface		ERROR	Camera stream failed to read image
05-01-2016 06:31:32	CameraInterface		ERROR	Camera stream failed to read image
05-01-2016 06:31:32	CameraInterface		ERROR	Camera stream failed to read image
05-01-2016 06:31:32	CameraInterface		ERROR	Camera stream failed to read image
05-01-2016 06:31:32	CameraInterface		ERROR	Camera stream failed to read image
05-01-2016 06:31:32	CameraInterface		ERROR	Camera stream failed to read image
05-01-2016 06:31:32	CameraInterface		ERROR	Camera stream failed to read image
05-01-2016 06:31:32	CameraInterface		ERROR	Camera stream failed to read image
05-01-2016 06:31:32	CameraInterface		ERROR	Camera stream failed to read image
05-01-2016 06:31:32	CameraInterface		ERROR	Camera stream failed to read image
05-01-2016 06:31:32	CameraInterface		ERROR	Camera stream failed to read image
05-01-2016 06:31:32	CameraInterface		ERROR	Camera stream failed to read image
05-01-2016 06:31:32	CameraInterface		ERROR	Camera stream failed to read image
05-01-2016 06:31:32	CameraInterface		ERROR	Camera stream failed to read image
05-01-2016 06:31:32	CameraInterface		ERROR	Camera stream failed to read image
05-01-2016 06:31:32	CameraInterface		ERROR	Camera stream failed to read image
05-01-2016 06:31:32	CameraInterface		ERROR	Camera stream failed to read image
05-01-2016 06:31:32	CameraInterface		ERROR	Camera stream failed to read image
05-01-2016 06:31:32	CameraInterface		ERROR	Camera stream failed to read image
05-01-2016 06:31:32	CameraInterface		ERROR	Camera stream failed to read image
05-01-2016 06:31:32	CameraInterface		ERROR	Camera stream failed to read image
05-01-2016 06:31:32	CameraInterface		ERROR	Camera stream failed to read image
05-01-2016 06:31:32	CameraInterface		ERROR	Camera stream failed to read image
05-01-2016 06:31:32	CameraInterface		ERROR	Camera stream failed to read image
05-01-2016 06:31:32	CameraInterface		ERROR	Camera stream failed to read image
05-01-2016 06:31:32	CameraInterface		ERROR	Camera stream failed to read image
05-01-2016 06:31:32	CameraInterface		ERROR	Camera stream failed to read image
05-01-2016 06:31:32	CameraInterface		ERROR	Camera stream failed to read image
05-01-2016 06:31:32	CameraInterface		ERROR	Camera stream failed to read image
05-01-2016 06:31:32	CameraInterface		ERROR	Camera stream failed to read image
05-01-2016 06:31:32	CameraInterface		ERROR	Camera stream failed to read image
05-01-2016 06:31:32	CameraInterface		ERROR	Camera stream failed to read image
05-01-2016 06:31:32	CameraInterface		ERROR	Camera stream failed to read image
05-01-2016 06:31:32	CameraInterface		ERROR	Camera stream failed to read image
05-01-2016 06:31:32	CameraInterface		ERROR	Camera stream failed to read image
05-01-2016 06:31:32	CameraInterface		ERROR	Camera stream failed to read image
05-01-2016 06:31:32	CameraInterface		ERROR	Camera stream failed to read image
05-01-2016 06:31:32	CameraInterface		ERROR	Camera stream failed to read image
05-01-2016 06:31:32	CameraInterface		ERROR	Camera stream failed to read image
05-01-2016 06:31:32	CameraInterface		ERROR	Camera stream failed to read image
05-01-2016 06:31:32	CameraInterface		ERROR	Camera stream failed to read image
05-01-2016 06:31:32	CameraInterface		ERROR	Camera stream failed to read image
05-01-2016 06:31:32	CameraInterface		ERROR	Camera stream failed to read image
05-01-2016 06:31:32	CameraInterface		ERROR	Camera stream failed to read image
05-01-2016 06:31:32	CameraInterface		ERROR	Camera stream failed to read image
05-01-2016 06:31:32	CameraInterface		ERROR	Camera stream failed to read image
05-01-2016 06:31:32	CameraInterface		ERROR	Camera stream failed to read image
05-01-2016 06:31:32	CameraInterface		ERROR	Camera stream failed to read image
05-01-2016 06:31:32	CameraInterface		ERROR	Camera stream failed to read image
05-01-2016 06:31:32	CameraInterface		ERROR	Camera stream failed to read image
05-01-2016 06:31:32	CameraInterface		ERROR	Camera stream failed to read image
05-01-2016 06:31:32	CameraInterface		ERROR	Camera stream failed to read image
05-01-2016 06:31:32	CameraInterface		ERROR	Camera stream failed to read image
05-01-2016 06:31:32	CameraInterface		ERROR	Camera stream failed to read image
05-01-2016 06:31:32	CameraInterface		ERROR	Camera stream failed to read image
05-01-2016 06:31:32	CameraInterface		ERROR	Camera stream failed to read image
05-01-2016 06:31:32	CameraInterface		ERROR	Camera stream failed to read image
05-01-2016 06:31:32	CameraInterface		ERROR	Camera stream failed to read image
05-01-2016 06:31:32	CameraInterface		ERROR	Camera stream failed to read image
05-01-2016 06:31:32	CameraInterface		ERROR	Camera stream failed to read image
05-01-2016 06:31:32	CameraInterface		ERROR	Camera stream failed to read image
05-01-2016 06:31:32	CameraInterface		ERROR	Camera stream failed to read image
05-01-2016 06:31:32	CameraInterface		ERROR	Camera stream failed to read image
05-01-2016 06:31:32	CameraInterface		ERROR	Camera stream failed to read image
05-01-2016 06:31:32	CameraInterface		ERROR	Camera stream failed to read image
05-01-2016 06:31:32	CameraInterface		ERROR	Camera stream failed to read image
05-01-2016 06:31:32	CameraInterface		ERROR	Camera stream failed to read image
05-01-2016 06:31:32	CameraInterface		ERROR	Camera stream failed to read image
05-01-2016 06:31:32	CameraInterface		ERROR	Camera stream failed to read image
05-01-2016 06:31:32	CameraInterface		ERROR	Camera stream failed to read image
05-01-2016 06:31:32	CameraInterface		ERROR	Camera stream failed to read image
05-01-2016 06:31:32	CameraInterface		ERROR	Camera stream failed to read image
05-01-2016 06:31:32	CameraInterface		ERROR	Camera stream failed to read image
05-01-2016 06:31:32	CameraInterface		ERROR	Camera stream failed to read image
05-01-2016 06:31:32	CameraInterface		ERROR	Camera stream failed to read image
05-01-2016 06:31:32	CameraInterface		ERROR	Camera stream failed to read image
05-01-2016 06:31:32	CameraInterface		ERROR	Camera stream failed to read image
05-01-2016 06:31:32	CameraInterface		ERROR	Camera stream failed to read image
05-01-2016 06:31:32	CameraInterface		ERROR	Camera stream failed to read image
05-01-2016 06:31:32	CameraInterface		ERROR	Camera stream failed to read image
05-01-2016 06:31:32	CameraInterface		ERROR	Camera stream failed to read image
05-01-2016 06:31:32	CameraInterface		ERROR	Camera stream failed to read image
05-01-2016 06:31:32	CameraInterface		ERROR	Camera stream failed to read image
05-01-2016 06:31:32	CameraInterface		ERROR	Camera stream failed to read image
05-01-2016 06:31:32	CameraInterface		ERROR	Camera stream failed to read image
05-01-2016 06:31:32	CameraInterface		ERROR	Camera stream failed to read image
05-01-2016 06:31:32	CameraInterface		ERROR	Camera stream failed to read image
05-01-2016 06:31:32	CameraInterface		ERROR	Camera stream failed to read image
05-01-2016 06:31:32	CameraInterface		ERROR	Camera stream failed to read image
05-01-2016 06:31:33	CameraInterface		ERROR	Camera stream failed to read image
05-01-2016 06:31:33	CameraInterface		ERROR	Camera stream failed to read image
05-01-2016 06:31:33	CameraInterface		ERROR	Camera stream failed to read image
05-01-2016 06:31:33	CameraInterface		ERROR	Camera stream failed to read image
05-01-2016 06:31:33	CameraInterface		ERROR	Camera stream failed to read image
05-01-2016 06:31:33	CameraInterface		ERROR	Camera stream failed to read image
05-01-2016 06:31:33	CameraInterface		ERROR	Camera stream failed to read image
05-01-2016 06:31:33	CameraInterface		ERROR	Camera stream failed to read image
05-01-2016 06:31:33	CameraInterface		ERROR	Camera stream failed to read image
05-01-2016 06:31:33	CameraInterface		ERROR	Camera stream failed to read image
05-01-2016 06:31:33	CameraInterface		ERROR	Camera stream failed to read image
05-01-2016 06:31:33	CameraInterface		ERROR	Camera stream failed to read image
05-01-2016 06:31:33	CameraInterface		ERROR	Camera stream failed to read image
05-01-2016 06:31:33	CameraInterface		ERROR	Camera stream failed to read image
05-01-2016 06:31:33	CameraInterface		ERROR	Camera stream failed to read image
05-01-2016 06:31:33	CameraInterface		ERROR	Camera stream failed to read image
05-01-2016 06:31:33	CameraInterface		ERROR	Camera stream failed to read image
05-01-2016 06:31:33	CameraInterface		ERROR	Camera stream failed to read image
05-01-2016 06:31:33	CameraInterface		ERROR	Camera stream failed to read image
05-01-2016 06:31:33	CameraInterface		ERROR	Camera stream failed to read image
05-01-2016 06:31:33	CameraInterface		ERROR	Camera stream failed to read image
05-01-2016 06:31:33	CameraInterface		ERROR	Camera stream failed to read image
05-01-2016 06:31:33	CameraInterface		ERROR	Camera stream failed to read image
05-01-2016 06:31:33	CameraInterface		ERROR	Camera stream failed to read image
05-01-2016 06:31:33	CameraInterface		ERROR	Camera stream failed to read image
05-01-2016 06:31:33	CameraInterface		ERROR	Camera stream failed to read image
05-01-2016 06:31:33	CameraInterface		ERROR	Camera stream failed to read image
05-01-2016 06:31:33	CameraInterface		ERROR	Camera stream failed to read image
05-01-2016 06:31:33	CameraInterface		ERROR	Camera stream failed to read image
05-01-2016 06:31:33	CameraInterface		ERROR	Camera stream failed to read image
05-01-2016 06:31:33	CameraInterface		ERROR	Camera stream failed to read image
05-01-2016 06:31:33	CameraInterface		ERROR	Camera stream failed to read image
05-01-2016 06:31:33	CameraInterface		ERROR	Camera stream failed to read image
05-01-2016 06:31:33	CameraInterface		ERROR	Camera stream failed to read image
05-01-2016 06:31:33	CameraInterface		ERROR	Camera stream failed to read image
05-01-2016 06:31:33	CameraInterface		ERROR	Camera stream failed to read image
05-01-2016 06:31:33	CameraInterface		ERROR	Camera stream failed to read image
05-01-2016 06:31:33	CameraInterface		ERROR	Camera stream failed to read image
05-01-2016 06:31:33	CameraInterface		ERROR	Camera stream failed to read image
05-01-2016 06:31:33	CameraInterface		ERROR	Camera stream failed to read image
05-01-2016 06:31:33	CameraInterface		ERROR	Camera stream failed to read image
05-01-2016 06:31:33	CameraInterface		ERROR	Camera stream failed to read image
05-01-2016 06:31:33	CameraInterface		ERROR	Camera stream failed to read image
05-01-2016 06:31:33	CameraInterface		ERROR	Camera stream failed to read image
05-01-2016 06:31:33	CameraInterface		ERROR	Camera stream failed to read image
05-01-2016 06:31:33	CameraInterface		ERROR	Camera stream failed to read image
05-01-2016 06:31:33	CameraInterface		ERROR	Camera stream failed to read image
05-01-2016 06:31:33	CameraInterface		ERROR	Camera stream failed to read image
05-01-2016 06:31:33	CameraInterface		ERROR	Camera stream failed to read image
05-01-2016 06:31:33	CameraInterface		ERROR	Camera stream failed to read image
05-01-2016 06:31:33	CameraInterface		ERROR	Camera stream failed to read image
05-01-2016 06:31:33	CameraInterface		ERROR	Camera stream failed to read image
05-01-2016 06:31:33	CameraInterface		ERROR	Camera stream failed to read image
05-01-2016 06:31:33	CameraInterface		ERROR	Camera stream failed to read image
05-01-2016 06:31:33	CameraInterface		ERROR	Camera stream failed to read image
05-01-2016 06:31:33	CameraInterface		ERROR	Camera stream failed to read image
05-01-2016 06:31:33	CameraInterface		ERROR	Camera stream failed to read image
05-01-2016 06:31:33	CameraInterface		ERROR	Camera stream failed to read image
05-01-2016 06:31:33	CameraInterface		ERROR	Camera stream failed to read image
05-01-2016 06:31:33	CameraInterface		ERROR	Camera stream failed to read image
05-01-2016 06:31:33	CameraInterface		ERROR	Camera stream failed to read image
05-01-2016 06:31:33	CameraInterface		ERROR	Camera stream failed to read image
05-01-2016 06:31:33	CameraInterface		ERROR	Camera stream failed to read image
05-01-2016 06:31:33	CameraInterface		ERROR	Camera stream failed to read image
05-01-2016 06:31:33	CameraInterface		ERROR	Camera stream failed to read image
05-01-2016 06:31:33	CameraInterface		ERROR	Camera stream failed to read image
05-01-2016 06:31:33	CameraInterface		ERROR	Camera stream failed to read image
05-01-2016 06:31:33	CameraInterface		ERROR	Camera stream failed to read image
05-01-2016 06:31:33	CameraInterface		ERROR	Camera stream failed to read image
05-01-2016 06:31:33	CameraInterface		ERROR	Camera stream failed to read image
05-01-2016 06:31:33	CameraInterface		ERROR	Camera stream failed to read image
05-01-2016 06:31:33	CameraInterface		ERROR	Camera stream failed to read image
05-01-2016 06:31:33	CameraInterface		ERROR	Camera stream failed to read image
05-01-2016 06:31:33	CameraInterface		ERROR	Camera stream failed to read image
05-01-2016 06:31:33	CameraInterface		ERROR	Camera stream failed to read image
05-01-2016 06:31:33	CameraInterface		ERROR	Camera stream failed to read image
05-01-2016 06:31:33	CameraInterface		ERROR	Camera stream failed to read image
05-01-2016 06:31:33	CameraInterface		ERROR	Camera stream failed to read image
05-01-2016 06:31:33	CameraInterface		ERROR	Camera stream failed to read image
05-01-2016 06:31:33	CameraInterface		ERROR	Camera stream failed to read image
05-01-2016 06:31:33	CameraInterface		ERROR	Camera stream failed to read image
05-01-2016 06:31:33	CameraInterface		ERROR	Camera stream failed to read image
05-01-2016 06:31:33	CameraInterface		ERROR	Camera stream failed to read image
05-01-2016 06:31:33	CameraInterface		ERROR	Camera stream failed to read image
05-01-2016 06:31:33	CameraInterface		ERROR	Camera stream failed to read image
05-01-2016 06:31:33	CameraInterface		ERROR	Camera stream failed to read image
05-01-2016 06:31:33	CameraInterface		ERROR	Camera stream failed to read image
05-01-2016 06:31:33	CameraInterface		ERROR	Camera stream failed to read image
05-01-2016 06:31:33	CameraInterface		ERROR	Camera stream failed to read image
05-01-2016 06:31:33	CameraInterface		ERROR	Camera stream failed to read image
05-01-2016 06:31:33	CameraInterface		ERROR	Camera stream failed to read image
05-01-2016 06:31:33	CameraInterface		ERROR	Camera stream failed to read image
05-01-2016 06:31:33	CameraInterface		ERROR	Camera stream failed to read image
05-01-2016 06:31:33	CameraInterface		ERROR	Camera stream failed to read image
05-01-2016 06:31:33	CameraInterface		ERROR	Camera stream failed to read image
05-01-2016 06:31:33	CameraInterface		ERROR	Camera stream failed to read image
05-01-2016 06:31:34	CameraInterface		ERROR	Camera stream failed to read image
05-01-2016 06:31:34	CameraInterface		ERROR	Camera stream failed to read image
05-01-2016 06:31:34	CameraInterface		ERROR	Camera stream failed to read image
05-01-2016 06:31:34	CameraInterface		ERROR	Camera stream failed to read image
05-01-2016 06:31:34	CameraInterface		ERROR	Camera stream failed to read image
05-01-2016 06:31:34	CameraInterface		ERROR	Camera stream failed to read image
05-01-2016 06:31:34	CameraInterface		ERROR	Camera stream failed to read image
05-01-2016 06:31:34	CameraInterface		ERROR	Camera stream failed to read image
05-01-2016 06:31:34	CameraInterface		ERROR	Camera stream failed to read image
05-01-2016 06:31:34	CameraInterface		ERROR	Camera stream failed to read image
05-01-2016 06:31:34	CameraInterface		ERROR	Camera stream failed to read image
05-01-2016 06:31:34	CameraInterface		ERROR	Camera stream failed to read image
05-01-2016 06:31:34	CameraInterface		ERROR	Camera stream failed to read image
05-01-2016 06:31:34	CameraInterface		ERROR	Camera stream failed to read image
05-01-2016 06:31:34	CameraInterface		ERROR	Camera stream failed to read image
05-01-2016 06:31:34	CameraInterface		ERROR	Camera stream failed to read image
05-01-2016 06:31:34	CameraInterface		ERROR	Camera stream failed to read image
05-01-2016 06:31:34	CameraInterface		ERROR	Camera stream failed to read image
05-01-2016 06:31:34	CameraInterface		ERROR	Camera stream failed to read image
05-01-2016 06:31:34	CameraInterface		ERROR	Camera stream failed to read image
05-01-2016 06:31:34	CameraInterface		ERROR	Camera stream failed to read image
05-01-2016 06:31:34	CameraInterface		ERROR	Camera stream failed to read image
05-01-2016 06:31:34	CameraInterface		ERROR	Camera stream failed to read image
05-01-2016 06:31:34	CameraInterface		ERROR	Camera stream failed to read image
05-01-2016 06:31:34	CameraInterface		ERROR	Camera stream failed to read image
05-01-2016 06:31:34	CameraInterface		ERROR	Camera stream failed to read image
05-01-2016 06:31:34	CameraInterface		ERROR	Camera stream failed to read image
05-01-2016 06:31:34	CameraInterface		ERROR	Camera stream failed to read image
05-01-2016 06:31:34	CameraInterface		ERROR	Camera stream failed to read image
05-01-2016 06:31:34	CameraInterface		ERROR	Camera stream failed to read image
05-01-2016 06:31:34	CameraInterface		ERROR	Camera stream failed to read image
05-01-2016 06:31:34	CameraInterface		ERROR	Camera stream failed to read image
05-01-2016 06:31:34	CameraInterface		ERROR	Camera stream failed to read image
05-01-2016 06:31:34	CameraInterface		ERROR	Camera stream failed to read image
05-01-2016 06:31:34	CameraInterface		ERROR	Camera stream failed to read image
05-01-2016 06:31:34	CameraInterface		ERROR	Camera stream failed to read image
05-01-2016 06:31:34	CameraInterface		ERROR	Camera stream failed to read image
05-01-2016 06:31:34	CameraInterface		ERROR	Camera stream failed to read image
05-01-2016 06:31:34	CameraInterface		ERROR	Camera stream failed to read image
05-01-2016 06:31:34	CameraInterface		ERROR	Camera stream failed to read image
05-01-2016 06:31:34	CameraInterface		ERROR	Camera stream failed to read image
05-01-2016 06:31:34	CameraInterface		ERROR	Camera stream failed to read image
05-01-2016 06:31:34	CameraInterface		ERROR	Camera stream failed to read image
05-01-2016 06:31:34	CameraInterface		ERROR	Camera stream failed to read image
05-01-2016 06:31:34	CameraInterface		ERROR	Camera stream failed to read image
05-01-2016 06:31:34	CameraInterface		ERROR	Camera stream failed to read image
05-01-2016 06:31:34	CameraInterface		ERROR	Camera stream failed to read image
05-01-2016 06:31:34	CameraInterface		ERROR	Camera stream failed to read image
05-01-2016 06:31:34	CameraInterface		ERROR	Camera stream failed to read image
05-01-2016 06:31:34	CameraInterface		ERROR	Camera stream failed to read image
05-01-2016 06:31:34	CameraInterface		ERROR	Camera stream failed to read image
05-01-2016 06:31:34	CameraInterface		ERROR	Camera stream failed to read image
05-01-2016 06:31:34	CameraInterface		ERROR	Camera stream failed to read image
05-01-2016 06:31:34	CameraInterface		ERROR	Camera stream failed to read image
05-01-2016 06:31:34	CameraInterface		ERROR	Camera stream failed to read image
05-01-2016 06:31:34	CameraInterface		ERROR	Camera stream failed to read image
05-01-2016 06:31:34	CameraInterface		ERROR	Camera stream failed to read image
05-01-2016 06:31:34	CameraInterface		ERROR	Camera stream failed to read image
05-01-2016 06:31:34	CameraInterface		ERROR	Camera stream failed to read image
05-01-2016 06:31:34	CameraInterface		ERROR	Camera stream failed to read image
05-01-2016 06:31:34	CameraInterface		ERROR	Camera stream failed to read image
05-01-2016 06:31:34	CameraInterface		ERROR	Camera stream failed to read image
05-01-2016 06:31:34	CameraInterface		ERROR	Camera stream failed to read image
05-01-2016 06:31:34	CameraInterface		ERROR	Camera stream failed to read image
05-01-2016 06:31:34	CameraInterface		ERROR	Camera stream failed to read image
05-01-2016 06:31:34	CameraInterface		ERROR	Camera stream failed to read image
05-01-2016 06:31:34	CameraInterface		ERROR	Camera stream failed to read image
05-01-2016 06:31:34	CameraInterface		ERROR	Camera stream failed to read image
05-01-2016 06:31:34	CameraInterface		ERROR	Camera stream failed to read image
05-01-2016 06:31:34	CameraInterface		ERROR	Camera stream failed to read image
05-01-2016 06:31:34	CameraInterface		ERROR	Camera stream failed to read image
05-01-2016 06:31:34	CameraInterface		ERROR	Camera stream failed to read image
05-01-2016 06:31:34	CameraInterface		ERROR	Camera stream failed to read image
05-01-2016 06:31:34	CameraInterface		ERROR	Camera stream failed to read image
05-01-2016 06:31:34	CameraInterface		ERROR	Camera stream failed to read image
05-01-2016 06:31:34	CameraInterface		ERROR	Camera stream failed to read image
05-01-2016 06:31:34	CameraInterface		ERROR	Camera stream failed to read image
05-01-2016 06:31:34	CameraInterface		ERROR	Camera stream failed to read image
05-01-2016 06:31:34	CameraInterface		ERROR	Camera stream failed to read image
05-01-2016 06:31:34	CameraInterface		ERROR	Camera stream failed to read image
05-01-2016 06:31:34	CameraInterface		ERROR	Camera stream failed to read image
05-01-2016 06:31:34	CameraInterface		ERROR	Camera stream failed to read image
05-01-2016 06:31:34	CameraInterface		ERROR	Camera stream failed to read image
05-01-2016 06:31:34	CameraInterface		ERROR	Camera stream failed to read image
05-01-2016 06:31:34	CameraInterface		ERROR	Camera stream failed to read image
05-01-2016 06:31:34	CameraInterface		ERROR	Camera stream failed to read image
05-01-2016 06:31:34	CameraInterface		ERROR	Camera stream failed to read image
05-01-2016 06:31:34	CameraInterface		ERROR	Camera stream failed to read image
05-01-2016 06:31:34	CameraInterface		ERROR	Camera stream failed to read image
05-01-2016 06:31:34	CameraInterface		ERROR	Camera stream failed to read image
05-01-2016 06:31:34	CameraInterface		ERROR	Camera stream failed to read image
05-01-2016 06:31:34	CameraInterface		ERROR	Camera stream failed to read image
05-01-2016 06:31:34	CameraInterface		ERROR	Camera stream failed to read image
05-01-2016 06:31:34	CameraInterface		ERROR	Camera stream failed to read image
05-01-2016 06:31:34	CameraInterface		ERROR	Camera stream failed to read image
05-01-2016 06:31:34	CameraInterface		ERROR	Camera stream failed to read image
05-01-2016 06:31:34	CameraInterface		ERROR	Camera stream failed to read image
05-01-2016 06:31:34	CameraInterface		ERROR	Camera stream failed to read image
05-01-2016 06:31:34	CameraInterface		ERROR	Camera stream failed to read image
05-01-2016 06:31:34	CameraInterface		ERROR	Camera stream failed to read image
05-01-2016 06:31:34	CameraInterface		ERROR	Camera stream failed to read image
05-01-2016 06:31:34	CameraInterface		ERROR	Camera stream failed to read image
05-01-2016 06:31:34	CameraInterface		ERROR	Camera stream failed to read image
05-01-2016 06:31:35	CameraInterface		ERROR	Camera stream failed to read image
05-01-2016 06:31:35	CameraInterface		ERROR	Camera stream failed to read image
05-01-2016 06:31:35	CameraInterface		ERROR	Camera stream failed to read image
05-01-2016 06:31:35	CameraInterface		ERROR	Camera stream failed to read image
05-01-2016 06:31:35	CameraInterface		ERROR	Camera stream failed to read image
05-01-2016 06:31:35	CameraInterface		ERROR	Camera stream failed to read image
05-01-2016 06:31:35	CameraInterface		ERROR	Camera stream failed to read image
05-01-2016 06:31:35	CameraInterface		ERROR	Camera stream failed to read image
05-01-2016 06:31:35	CameraInterface		ERROR	Camera stream failed to read image
05-01-2016 06:31:35	CameraInterface		ERROR	Camera stream failed to read image
05-01-2016 06:31:35	CameraInterface		ERROR	Camera stream failed to read image
05-01-2016 06:31:35	CameraInterface		ERROR	Camera stream failed to read image
05-01-2016 06:31:35	CameraInterface		ERROR	Camera stream failed to read image
05-01-2016 06:31:35	CameraInterface		ERROR	Camera stream failed to read image
05-01-2016 06:31:35	CameraInterface		ERROR	Camera stream failed to read image
05-01-2016 06:31:35	CameraInterface		ERROR	Camera stream failed to read image
05-01-2016 06:31:35	CameraInterface		ERROR	Camera stream failed to read image
05-01-2016 06:31:35	CameraInterface		ERROR	Camera stream failed to read image
05-01-2016 06:31:35	CameraInterface		ERROR	Camera stream failed to read image
05-01-2016 06:31:35	CameraInterface		ERROR	Camera stream failed to read image
05-01-2016 06:31:35	CameraInterface		ERROR	Camera stream failed to read image
05-01-2016 06:31:35	CameraInterface		ERROR	Camera stream failed to read image
05-01-2016 06:31:35	CameraInterface		ERROR	Camera stream failed to read image
05-01-2016 06:31:35	CameraInterface		ERROR	Camera stream failed to read image
05-01-2016 06:31:35	CameraInterface		ERROR	Camera stream failed to read image
05-01-2016 06:31:35	CameraInterface		ERROR	Camera stream failed to read image
05-01-2016 06:31:35	CameraInterface		ERROR	Camera stream failed to read image
05-01-2016 06:31:35	CameraInterface		ERROR	Camera stream failed to read image
05-01-2016 06:31:35	CameraInterface		ERROR	Camera stream failed to read image
05-01-2016 06:31:35	CameraInterface		ERROR	Camera stream failed to read image
05-01-2016 06:31:35	CameraInterface		ERROR	Camera stream failed to read image
05-01-2016 06:31:35	CameraInterface		ERROR	Camera stream failed to read image
05-01-2016 06:31:35	CameraInterface		ERROR	Camera stream failed to read image
05-01-2016 06:31:35	CameraInterface		ERROR	Camera stream failed to read image
05-01-2016 06:31:35	CameraInterface		ERROR	Camera stream failed to read image
05-01-2016 06:31:35	CameraInterface		ERROR	Camera stream failed to read image
05-01-2016 06:31:35	CameraInterface		ERROR	Camera stream failed to read image
05-01-2016 06:31:35	CameraInterface		ERROR	Camera stream failed to read image
05-01-2016 06:31:35	CameraInterface		ERROR	Camera stream failed to read image
05-01-2016 06:31:35	CameraInterface		ERROR	Camera stream failed to read image
05-01-2016 06:31:35	CameraInterface		ERROR	Camera stream failed to read image
05-01-2016 06:31:35	CameraInterface		ERROR	Camera stream failed to read image
05-01-2016 06:31:35	CameraInterface		ERROR	Camera stream failed to read image
05-01-2016 06:31:35	CameraInterface		ERROR	Camera stream failed to read image
05-01-2016 06:31:35	CameraInterface		ERROR	Camera stream failed to read image
05-01-2016 06:31:35	CameraInterface		ERROR	Camera stream failed to read image
05-01-2016 06:31:35	CameraInterface		ERROR	Camera stream failed to read image
05-01-2016 06:31:35	CameraInterface		ERROR	Camera stream failed to read image
05-01-2016 06:31:35	CameraInterface		ERROR	Camera stream failed to read image
05-01-2016 06:31:35	CameraInterface		ERROR	Camera stream failed to read image
05-01-2016 06:31:35	CameraInterface		ERROR	Camera stream failed to read image
05-01-2016 06:31:35	CameraInterface		ERROR	Camera stream failed to read image
05-01-2016 06:31:35	CameraInterface		ERROR	Camera stream failed to read image
05-01-2016 06:31:35	CameraInterface		ERROR	Camera stream failed to read image
05-01-2016 06:31:35	CameraInterface		ERROR	Camera stream failed to read image
05-01-2016 06:31:35	CameraInterface		ERROR	Camera stream failed to read image
05-01-2016 06:31:35	CameraInterface		ERROR	Camera stream failed to read image
05-01-2016 06:31:35	CameraInterface		ERROR	Camera stream failed to read image
05-01-2016 06:31:35	CameraInterface		ERROR	Camera stream failed to read image
05-01-2016 06:31:35	CameraInterface		ERROR	Camera stream failed to read image
05-01-2016 06:31:35	CameraInterface		ERROR	Camera stream failed to read image
05-01-2016 06:31:35	CameraInterface		ERROR	Camera stream failed to read image
05-01-2016 06:31:35	CameraInterface		ERROR	Camera stream failed to read image
05-01-2016 06:31:35	CameraInterface		ERROR	Camera stream failed to read image
05-01-2016 06:31:35	CameraInterface		ERROR	Camera stream failed to read image
05-01-2016 06:31:35	CameraInterface		ERROR	Camera stream failed to read image
05-01-2016 06:31:35	CameraInterface		ERROR	Camera stream failed to read image
05-01-2016 06:31:35	CameraInterface		ERROR	Camera stream failed to read image
05-01-2016 06:31:35	CameraInterface		ERROR	Camera stream failed to read image
05-01-2016 06:31:35	CameraInterface		ERROR	Camera stream failed to read image
05-01-2016 06:31:35	CameraInterface		ERROR	Camera stream failed to read image
05-01-2016 06:31:35	CameraInterface		ERROR	Camera stream failed to read image
05-01-2016 06:31:35	CameraInterface		ERROR	Camera stream failed to read image
05-01-2016 06:31:35	CameraInterface		ERROR	Camera stream failed to read image
05-01-2016 06:31:35	CameraInterface		ERROR	Camera stream failed to read image
05-01-2016 06:31:35	CameraInterface		ERROR	Camera stream failed to read image
05-01-2016 06:31:35	CameraInterface		ERROR	Camera stream failed to read image
05-01-2016 06:31:35	CameraInterface		ERROR	Camera stream failed to read image
05-01-2016 06:31:36	CameraInterface		ERROR	Camera stream failed to read image
05-01-2016 06:31:36	CameraInterface		ERROR	Camera stream failed to read image
05-01-2016 06:31:36	CameraInterface		ERROR	Camera stream failed to read image
05-01-2016 06:31:36	CameraInterface		ERROR	Camera stream failed to read image
05-01-2016 06:31:36	CameraInterface		ERROR	Camera stream failed to read image
05-01-2016 06:31:36	CameraInterface		ERROR	Camera stream failed to read image
05-01-2016 06:31:36	CameraInterface		ERROR	Camera stream failed to read image
05-01-2016 06:31:36	CameraInterface		ERROR	Camera stream failed to read image
05-01-2016 06:31:36	CameraInterface		ERROR	Camera stream failed to read image
05-01-2016 06:31:36	CameraInterface		ERROR	Camera stream failed to read image
05-01-2016 06:31:36	CameraInterface		ERROR	Camera stream failed to read image
05-01-2016 06:31:36	CameraInterface		ERROR	Camera stream failed to read image
05-01-2016 06:31:36	CameraInterface		ERROR	Camera stream failed to read image
05-01-2016 06:31:36	CameraInterface		ERROR	Camera stream failed to read image
05-01-2016 06:31:36	CameraInterface		ERROR	Camera stream failed to read image
05-01-2016 06:31:36	CameraInterface		ERROR	Camera stream failed to read image
05-01-2016 06:31:36	CameraInterface		ERROR	Camera stream failed to read image
05-01-2016 06:31:36	CameraInterface		ERROR	Camera stream failed to read image
05-01-2016 06:31:36	CameraInterface		ERROR	Camera stream failed to read image
05-01-2016 06:31:36	CameraInterface		ERROR	Camera stream failed to read image
05-01-2016 06:31:36	CameraInterface		ERROR	Camera stream failed to read image
05-01-2016 06:31:36	CameraInterface		ERROR	Camera stream failed to read image
05-01-2016 06:31:36	CameraInterface		ERROR	Camera stream failed to read image
05-01-2016 06:31:36	CameraInterface		ERROR	Camera stream failed to read image
05-01-2016 06:31:36	CameraInterface		ERROR	Camera stream failed to read image
05-01-2016 06:31:36	CameraInterface		ERROR	Camera stream failed to read image
05-01-2016 06:31:36	CameraInterface		ERROR	Camera stream failed to read image
05-01-2016 06:31:36	CameraInterface		ERROR	Camera stream failed to read image
05-01-2016 06:31:36	CameraInterface		ERROR	Camera stream failed to read image
05-01-2016 06:31:36	CameraInterface		ERROR	Camera stream failed to read image
05-01-2016 06:31:36	CameraInterface		ERROR	Camera stream failed to read image
05-01-2016 06:31:36	CameraInterface		ERROR	Camera stream failed to read image
05-01-2016 06:31:36	CameraInterface		ERROR	Camera stream failed to read image
05-01-2016 06:31:36	CameraInterface		ERROR	Camera stream failed to read image
05-01-2016 06:31:36	CameraInterface		ERROR	Camera stream failed to read image
05-01-2016 06:31:36	CameraInterface		ERROR	Camera stream failed to read image
05-01-2016 06:31:36	CameraInterface		ERROR	Camera stream failed to read image
05-01-2016 06:31:36	CameraInterface		ERROR	Camera stream failed to read image
05-01-2016 06:31:36	CameraInterface		ERROR	Camera stream failed to read image
05-01-2016 06:31:36	CameraInterface		ERROR	Camera stream failed to read image
05-01-2016 06:31:36	CameraInterface		ERROR	Camera stream failed to read image
05-01-2016 06:31:36	CameraInterface		ERROR	Camera stream failed to read image
05-01-2016 06:31:36	CameraInterface		ERROR	Camera stream failed to read image
05-01-2016 06:31:36	CameraInterface		ERROR	Camera stream failed to read image
05-01-2016 06:31:36	CameraInterface		ERROR	Camera stream failed to read image
05-01-2016 06:31:36	CameraInterface		ERROR	Camera stream failed to read image
05-01-2016 06:31:36	CameraInterface		ERROR	Camera stream failed to read image
05-01-2016 06:31:36	CameraInterface		ERROR	Camera stream failed to read image
05-01-2016 06:31:36	CameraInterface		ERROR	Camera stream failed to read image
05-01-2016 06:31:36	CameraInterface		ERROR	Camera stream failed to read image
05-01-2016 06:31:36	CameraInterface		ERROR	Camera stream failed to read image
05-01-2016 06:31:36	CameraInterface		ERROR	Camera stream failed to read image
05-01-2016 06:31:36	CameraInterface		ERROR	Camera stream failed to read image
05-01-2016 06:31:36	CameraInterface		ERROR	Camera stream failed to read image
05-01-2016 06:31:36	CameraInterface		ERROR	Camera stream failed to read image
05-01-2016 06:31:36	CameraInterface		ERROR	Camera stream failed to read image
05-01-2016 06:31:36	CameraInterface		ERROR	Camera stream failed to read image
05-01-2016 06:31:36	CameraInterface		ERROR	Camera stream failed to read image
05-01-2016 06:31:36	CameraInterface		ERROR	Camera stream failed to read image
05-01-2016 06:31:36	CameraInterface		ERROR	Camera stream failed to read image
05-01-2016 06:31:36	CameraInterface		ERROR	Camera stream failed to read image
05-01-2016 06:31:36	CameraInterface		ERROR	Camera stream failed to read image
05-01-2016 06:31:36	CameraInterface		ERROR	Camera stream failed to read image
05-01-2016 06:31:36	CameraInterface		ERROR	Camera stream failed to read image
05-01-2016 06:31:36	CameraInterface		ERROR	Camera stream failed to read image
05-01-2016 06:31:36	CameraInterface		ERROR	Camera stream failed to read image
05-01-2016 06:31:36	CameraInterface		ERROR	Camera stream failed to read image
05-01-2016 06:31:36	CameraInterface		ERROR	Camera stream failed to read image
05-01-2016 06:31:36	CameraInterface		ERROR	Camera stream failed to read image
05-01-2016 06:31:36	CameraInterface		ERROR	Camera stream failed to read image
05-01-2016 06:31:36	CameraInterface		ERROR	Camera stream failed to read image
05-01-2016 06:31:36	CameraInterface		ERROR	Camera stream failed to read image
05-01-2016 06:31:36	CameraInterface		ERROR	Camera stream failed to read image
05-01-2016 06:31:36	CameraInterface		ERROR	Camera stream failed to read image
05-01-2016 06:31:36	CameraInterface		ERROR	Camera stream failed to read image
05-01-2016 06:31:36	CameraInterface		ERROR	Camera stream failed to read image
05-01-2016 06:31:36	CameraInterface		ERROR	Camera stream failed to read image
05-01-2016 06:31:36	CameraInterface		ERROR	Camera stream failed to read image
05-01-2016 06:31:36	CameraInterface		ERROR	Camera stream failed to read image
05-01-2016 06:31:36	CameraInterface		ERROR	Camera stream failed to read image
05-01-2016 06:31:36	CameraInterface		ERROR	Camera stream failed to read image
05-01-2016 06:31:36	CameraInterface		ERROR	Camera stream failed to read image
05-01-2016 06:31:36	CameraInterface		ERROR	Camera stream failed to read image
05-01-2016 06:31:36	CameraInterface		ERROR	Camera stream failed to read image
05-01-2016 06:31:36	CameraInterface		ERROR	Camera stream failed to read image
05-01-2016 06:31:36	CameraInterface		ERROR	Camera stream failed to read image
05-01-2016 06:31:36	CameraInterface		ERROR	Camera stream failed to read image
05-01-2016 06:31:36	CameraInterface		ERROR	Camera stream failed to read image
05-01-2016 06:31:36	CameraInterface		ERROR	Camera stream failed to read image
05-01-2016 06:31:36	CameraInterface		ERROR	Camera stream failed to read image
05-01-2016 06:31:36	CameraInterface		ERROR	Camera stream failed to read image
05-01-2016 06:31:36	CameraInterface		ERROR	Camera stream failed to read image
05-01-2016 06:31:36	CameraInterface		ERROR	Camera stream failed to read image
05-01-2016 06:31:36	CameraInterface		ERROR	Camera stream failed to read image
05-01-2016 06:31:36	CameraInterface		ERROR	Camera stream failed to read image
05-01-2016 06:31:36	CameraInterface		ERROR	Camera stream failed to read image
05-01-2016 06:31:36	CameraInterface		ERROR	Camera stream failed to read image
05-01-2016 06:31:36	CameraInterface		ERROR	Camera stream failed to read image
05-01-2016 06:31:36	CameraInterface		ERROR	Camera stream failed to read image
05-01-2016 06:31:36	CameraInterface		ERROR	Camera stream failed to read image
05-01-2016 06:31:36	CameraInterface		ERROR	Camera stream failed to read image
05-01-2016 06:31:36	CameraInterface		ERROR	Camera stream failed to read image
05-01-2016 06:31:36	CameraInterface		ERROR	Camera stream failed to read image
05-01-2016 06:31:36	CameraInterface		ERROR	Camera stream failed to read image
05-01-2016 06:31:36	CameraInterface		ERROR	Camera stream failed to read image
05-01-2016 06:31:36	CameraInterface		ERROR	Camera stream failed to read image
05-01-2016 06:31:36	CameraInterface		ERROR	Camera stream failed to read image
05-01-2016 06:31:36	CameraInterface		ERROR	Camera stream failed to read image
05-01-2016 06:31:37	CameraInterface		ERROR	Camera stream failed to read image
05-01-2016 06:31:37	CameraInterface		ERROR	Camera stream failed to read image
05-01-2016 06:31:37	CameraInterface		ERROR	Camera stream failed to read image
05-01-2016 06:31:37	CameraInterface		ERROR	Camera stream failed to read image
05-01-2016 06:31:37	CameraInterface		ERROR	Camera stream failed to read image
05-01-2016 06:31:37	CameraInterface		ERROR	Camera stream failed to read image
05-01-2016 06:31:37	CameraInterface		ERROR	Camera stream failed to read image
05-01-2016 06:31:37	CameraInterface		ERROR	Camera stream failed to read image
05-01-2016 06:31:37	CameraInterface		ERROR	Camera stream failed to read image
05-01-2016 06:31:37	CameraInterface		ERROR	Camera stream failed to read image
05-01-2016 06:31:37	CameraInterface		ERROR	Camera stream failed to read image
05-01-2016 06:31:37	CameraInterface		ERROR	Camera stream failed to read image
05-01-2016 06:31:37	CameraInterface		ERROR	Camera stream failed to read image
05-01-2016 06:31:37	CameraInterface		ERROR	Camera stream failed to read image
05-01-2016 06:31:37	CameraInterface		ERROR	Camera stream failed to read image
05-01-2016 06:31:37	CameraInterface		ERROR	Camera stream failed to read image
05-01-2016 06:31:37	CameraInterface		ERROR	Camera stream failed to read image
05-01-2016 06:31:37	CameraInterface		ERROR	Camera stream failed to read image
05-01-2016 06:31:37	CameraInterface		ERROR	Camera stream failed to read image
05-01-2016 06:31:37	CameraInterface		ERROR	Camera stream failed to read image
05-01-2016 06:31:37	CameraInterface		ERROR	Camera stream failed to read image
05-01-2016 06:31:37	CameraInterface		ERROR	Camera stream failed to read image
05-01-2016 06:31:37	CameraInterface		ERROR	Camera stream failed to read image
05-01-2016 06:31:37	CameraInterface		ERROR	Camera stream failed to read image
05-01-2016 06:31:37	CameraInterface		ERROR	Camera stream failed to read image
05-01-2016 06:31:37	CameraInterface		ERROR	Camera stream failed to read image
05-01-2016 06:31:37	CameraInterface		ERROR	Camera stream failed to read image
05-01-2016 06:31:37	CameraInterface		ERROR	Camera stream failed to read image
05-01-2016 06:31:37	CameraInterface		ERROR	Camera stream failed to read image
05-01-2016 06:31:37	CameraInterface		ERROR	Camera stream failed to read image
05-01-2016 06:31:37	CameraInterface		ERROR	Camera stream failed to read image
05-01-2016 06:31:37	CameraInterface		ERROR	Camera stream failed to read image
05-01-2016 06:31:37	CameraInterface		ERROR	Camera stream failed to read image
05-01-2016 06:31:37	CameraInterface		ERROR	Camera stream failed to read image
05-01-2016 06:31:37	CameraInterface		ERROR	Camera stream failed to read image
05-01-2016 06:31:37	CameraInterface		ERROR	Camera stream failed to read image
05-01-2016 06:31:37	CameraInterface		ERROR	Camera stream failed to read image
05-01-2016 06:31:37	CameraInterface		ERROR	Camera stream failed to read image
05-01-2016 06:31:37	CameraInterface		ERROR	Camera stream failed to read image
05-01-2016 06:31:37	CameraInterface		ERROR	Camera stream failed to read image
05-01-2016 06:31:37	CameraInterface		ERROR	Camera stream failed to read image
05-01-2016 06:31:37	CameraInterface		ERROR	Camera stream failed to read image
05-01-2016 06:31:37	CameraInterface		ERROR	Camera stream failed to read image
05-01-2016 06:31:37	CameraInterface		ERROR	Camera stream failed to read image
05-01-2016 06:31:37	CameraInterface		ERROR	Camera stream failed to read image
05-01-2016 06:31:37	CameraInterface		ERROR	Camera stream failed to read image
05-01-2016 06:31:37	CameraInterface		ERROR	Camera stream failed to read image
05-01-2016 06:31:37	CameraInterface		ERROR	Camera stream failed to read image
05-01-2016 06:31:37	CameraInterface		ERROR	Camera stream failed to read image
05-01-2016 06:31:37	CameraInterface		ERROR	Camera stream failed to read image
05-01-2016 06:31:37	CameraInterface		ERROR	Camera stream failed to read image
05-01-2016 06:31:37	CameraInterface		ERROR	Camera stream failed to read image
05-01-2016 06:31:37	CameraInterface		ERROR	Camera stream failed to read image
05-01-2016 06:31:37	CameraInterface		ERROR	Camera stream failed to read image
05-01-2016 06:31:37	CameraInterface		ERROR	Camera stream failed to read image
05-01-2016 06:31:37	CameraInterface		ERROR	Camera stream failed to read image
05-01-2016 06:31:37	CameraInterface		ERROR	Camera stream failed to read image
05-01-2016 06:31:37	CameraInterface		ERROR	Camera stream failed to read image
05-01-2016 06:31:37	CameraInterface		ERROR	Camera stream failed to read image
05-01-2016 06:31:37	CameraInterface		ERROR	Camera stream failed to read image
05-01-2016 06:31:37	CameraInterface		ERROR	Camera stream failed to read image
05-01-2016 06:31:37	CameraInterface		ERROR	Camera stream failed to read image
05-01-2016 06:31:37	CameraInterface		ERROR	Camera stream failed to read image
05-01-2016 06:31:37	CameraInterface		ERROR	Camera stream failed to read image
05-01-2016 06:31:37	CameraInterface		ERROR	Camera stream failed to read image
05-01-2016 06:31:37	CameraInterface		ERROR	Camera stream failed to read image
05-01-2016 06:31:37	CameraInterface		ERROR	Camera stream failed to read image
05-01-2016 06:31:37	CameraInterface		ERROR	Camera stream failed to read image
05-01-2016 06:31:37	CameraInterface		ERROR	Camera stream failed to read image
05-01-2016 06:31:37	CameraInterface		ERROR	Camera stream failed to read image
05-01-2016 06:31:37	CameraInterface		ERROR	Camera stream failed to read image
05-01-2016 06:31:37	CameraInterface		ERROR	Camera stream failed to read image
05-01-2016 06:31:37	CameraInterface		ERROR	Camera stream failed to read image
05-01-2016 06:31:37	CameraInterface		ERROR	Camera stream failed to read image
05-01-2016 06:31:37	CameraInterface		ERROR	Camera stream failed to read image
05-01-2016 06:31:37	CameraInterface		ERROR	Camera stream failed to read image
05-01-2016 06:31:37	CameraInterface		ERROR	Camera stream failed to read image
05-01-2016 06:31:37	CameraInterface		ERROR	Camera stream failed to read image
05-01-2016 06:31:37	CameraInterface		ERROR	Camera stream failed to read image
05-01-2016 06:31:37	CameraInterface		ERROR	Camera stream failed to read image
05-01-2016 06:31:37	CameraInterface		ERROR	Camera stream failed to read image
05-01-2016 06:31:37	CameraInterface		ERROR	Camera stream failed to read image
05-01-2016 06:31:37	CameraInterface		ERROR	Camera stream failed to read image
05-01-2016 06:31:37	CameraInterface		ERROR	Camera stream failed to read image
05-01-2016 06:31:37	CameraInterface		ERROR	Camera stream failed to read image
05-01-2016 06:31:37	CameraInterface		ERROR	Camera stream failed to read image
05-01-2016 06:31:37	CameraInterface		ERROR	Camera stream failed to read image
05-01-2016 06:31:37	CameraInterface		ERROR	Camera stream failed to read image
05-01-2016 06:31:37	CameraInterface		ERROR	Camera stream failed to read image
05-01-2016 06:31:37	CameraInterface		ERROR	Camera stream failed to read image
05-01-2016 06:31:37	CameraInterface		ERROR	Camera stream failed to read image
05-01-2016 06:31:37	CameraInterface		ERROR	Camera stream failed to read image
05-01-2016 06:31:37	CameraInterface		ERROR	Camera stream failed to read image
05-01-2016 06:31:37	CameraInterface		ERROR	Camera stream failed to read image
05-01-2016 06:31:37	CameraInterface		ERROR	Camera stream failed to read image
05-01-2016 06:31:37	CameraInterface		ERROR	Camera stream failed to read image
05-01-2016 06:31:37	CameraInterface		ERROR	Camera stream failed to read image
05-01-2016 06:31:37	CameraInterface		ERROR	Camera stream failed to read image
05-01-2016 06:31:37	CameraInterface		ERROR	Camera stream failed to read image
05-01-2016 06:31:37	CameraInterface		ERROR	Camera stream failed to read image
05-01-2016 06:31:37	CameraInterface		ERROR	Camera stream failed to read image
05-01-2016 06:31:37	CameraInterface		ERROR	Camera stream failed to read image
05-01-2016 06:31:37	CameraInterface		ERROR	Camera stream failed to read image
05-01-2016 06:31:37	CameraInterface		ERROR	Camera stream failed to read image
05-01-2016 06:31:37	CameraInterface		ERROR	Camera stream failed to read image
05-01-2016 06:31:37	CameraInterface		ERROR	Camera stream failed to read image
05-01-2016 06:31:37	CameraInterface		ERROR	Camera stream failed to read image
05-01-2016 06:31:37	CameraInterface		ERROR	Camera stream failed to read image
05-01-2016 06:31:37	CameraInterface		ERROR	Camera stream failed to read image
05-01-2016 06:31:38	CameraInterface		ERROR	Camera stream failed to read image
05-01-2016 06:31:38	CameraInterface		ERROR	Camera stream failed to read image
05-01-2016 06:31:38	CameraInterface		ERROR	Camera stream failed to read image
05-01-2016 06:31:38	CameraInterface		ERROR	Camera stream failed to read image
05-01-2016 06:31:38	CameraInterface		ERROR	Camera stream failed to read image
05-01-2016 06:31:38	CameraInterface		ERROR	Camera stream failed to read image
05-01-2016 06:31:38	CameraInterface		ERROR	Camera stream failed to read image
05-01-2016 06:31:38	CameraInterface		ERROR	Camera stream failed to read image
05-01-2016 06:31:38	CameraInterface		ERROR	Camera stream failed to read image
05-01-2016 06:31:38	CameraInterface		ERROR	Camera stream failed to read image
05-01-2016 06:31:38	CameraInterface		ERROR	Camera stream failed to read image
05-01-2016 06:31:38	CameraInterface		ERROR	Camera stream failed to read image
05-01-2016 06:31:38	CameraInterface		ERROR	Camera stream failed to read image
05-01-2016 06:31:38	CameraInterface		ERROR	Camera stream failed to read image
05-01-2016 06:31:38	CameraInterface		ERROR	Camera stream failed to read image
05-01-2016 06:31:38	CameraInterface		ERROR	Camera stream failed to read image
05-01-2016 06:31:38	CameraInterface		ERROR	Camera stream failed to read image
05-01-2016 06:31:38	CameraInterface		ERROR	Camera stream failed to read image
05-01-2016 06:31:38	CameraInterface		ERROR	Camera stream failed to read image
05-01-2016 06:31:38	CameraInterface		ERROR	Camera stream failed to read image
05-01-2016 06:31:38	CameraInterface		ERROR	Camera stream failed to read image
05-01-2016 06:31:38	CameraInterface		ERROR	Camera stream failed to read image
05-01-2016 06:31:38	CameraInterface		ERROR	Camera stream failed to read image
05-01-2016 06:31:38	CameraInterface		ERROR	Camera stream failed to read image
05-01-2016 06:31:38	CameraInterface		ERROR	Camera stream failed to read image
05-01-2016 06:31:38	CameraInterface		ERROR	Camera stream failed to read image
05-01-2016 06:31:38	CameraInterface		ERROR	Camera stream failed to read image
05-01-2016 06:31:38	CameraInterface		ERROR	Camera stream failed to read image
05-01-2016 06:31:38	CameraInterface		ERROR	Camera stream failed to read image
05-01-2016 06:31:38	CameraInterface		ERROR	Camera stream failed to read image
05-01-2016 06:31:38	CameraInterface		ERROR	Camera stream failed to read image
05-01-2016 06:31:38	CameraInterface		ERROR	Camera stream failed to read image
05-01-2016 06:31:38	CameraInterface		ERROR	Camera stream failed to read image
05-01-2016 06:31:38	CameraInterface		ERROR	Camera stream failed to read image
05-01-2016 06:31:38	CameraInterface		ERROR	Camera stream failed to read image
05-01-2016 06:31:38	CameraInterface		ERROR	Camera stream failed to read image
05-01-2016 06:31:38	CameraInterface		ERROR	Camera stream failed to read image
05-01-2016 06:31:38	CameraInterface		ERROR	Camera stream failed to read image
05-01-2016 06:31:38	CameraInterface		ERROR	Camera stream failed to read image
05-01-2016 06:31:38	CameraInterface		ERROR	Camera stream failed to read image
05-01-2016 06:31:38	CameraInterface		ERROR	Camera stream failed to read image
05-01-2016 06:31:38	CameraInterface		ERROR	Camera stream failed to read image
05-01-2016 06:31:38	CameraInterface		ERROR	Camera stream failed to read image
05-01-2016 06:31:38	CameraInterface		ERROR	Camera stream failed to read image
05-01-2016 06:31:38	CameraInterface		ERROR	Camera stream failed to read image
05-01-2016 06:31:38	CameraInterface		ERROR	Camera stream failed to read image
05-01-2016 06:31:38	CameraInterface		ERROR	Camera stream failed to read image
05-01-2016 06:31:38	CameraInterface		ERROR	Camera stream failed to read image
05-01-2016 06:31:38	CameraInterface		ERROR	Camera stream failed to read image
05-01-2016 06:31:38	CameraInterface		ERROR	Camera stream failed to read image
05-01-2016 06:31:38	CameraInterface		ERROR	Camera stream failed to read image
05-01-2016 06:31:38	CameraInterface		ERROR	Camera stream failed to read image
05-01-2016 06:31:38	CameraInterface		ERROR	Camera stream failed to read image
05-01-2016 06:31:38	CameraInterface		ERROR	Camera stream failed to read image
05-01-2016 06:31:38	CameraInterface		ERROR	Camera stream failed to read image
05-01-2016 06:31:38	CameraInterface		ERROR	Camera stream failed to read image
05-01-2016 06:31:38	CameraInterface		ERROR	Camera stream failed to read image
05-01-2016 06:31:38	CameraInterface		ERROR	Camera stream failed to read image
05-01-2016 06:31:38	CameraInterface		ERROR	Camera stream failed to read image
05-01-2016 06:31:38	CameraInterface		ERROR	Camera stream failed to read image
05-01-2016 06:31:38	CameraInterface		ERROR	Camera stream failed to read image
05-01-2016 06:31:38	CameraInterface		ERROR	Camera stream failed to read image
05-01-2016 06:31:38	CameraInterface		ERROR	Camera stream failed to read image
05-01-2016 06:31:38	CameraInterface		ERROR	Camera stream failed to read image
05-01-2016 06:31:38	CameraInterface		ERROR	Camera stream failed to read image
05-01-2016 06:31:38	CameraInterface		ERROR	Camera stream failed to read image
05-01-2016 06:31:38	CameraInterface		ERROR	Camera stream failed to read image
05-01-2016 06:31:38	CameraInterface		ERROR	Camera stream failed to read image
05-01-2016 06:31:38	CameraInterface		ERROR	Camera stream failed to read image
05-01-2016 06:31:38	CameraInterface		ERROR	Camera stream failed to read image
05-01-2016 06:31:38	CameraInterface		ERROR	Camera stream failed to read image
05-01-2016 06:31:38	CameraInterface		ERROR	Camera stream failed to read image
05-01-2016 06:31:38	CameraInterface		ERROR	Camera stream failed to read image
05-01-2016 06:31:38	CameraInterface		ERROR	Camera stream failed to read image
05-01-2016 06:31:38	CameraInterface		ERROR	Camera stream failed to read image
05-01-2016 06:31:38	CameraInterface		ERROR	Camera stream failed to read image
05-01-2016 06:31:38	CameraInterface		ERROR	Camera stream failed to read image
05-01-2016 06:31:38	CameraInterface		ERROR	Camera stream failed to read image
05-01-2016 06:31:38	CameraInterface		ERROR	Camera stream failed to read image
05-01-2016 06:31:38	CameraInterface		ERROR	Camera stream failed to read image
05-01-2016 06:31:38	CameraInterface		ERROR	Camera stream failed to read image
05-01-2016 06:31:38	CameraInterface		ERROR	Camera stream failed to read image
05-01-2016 06:31:38	CameraInterface		ERROR	Camera stream failed to read image
05-01-2016 06:31:38	CameraInterface		ERROR	Camera stream failed to read image
05-01-2016 06:31:38	CameraInterface		ERROR	Camera stream failed to read image
05-01-2016 06:31:38	CameraInterface		ERROR	Camera stream failed to read image
05-01-2016 06:31:38	CameraInterface		ERROR	Camera stream failed to read image
05-01-2016 06:31:38	CameraInterface		ERROR	Camera stream failed to read image
05-01-2016 06:31:38	CameraInterface		ERROR	Camera stream failed to read image
05-01-2016 06:31:38	CameraInterface		ERROR	Camera stream failed to read image
05-01-2016 06:31:38	CameraInterface		ERROR	Camera stream failed to read image
05-01-2016 06:31:38	CameraInterface		ERROR	Camera stream failed to read image
05-01-2016 06:31:38	CameraInterface		ERROR	Camera stream failed to read image
05-01-2016 06:31:38	CameraInterface		ERROR	Camera stream failed to read image
05-01-2016 06:31:38	CameraInterface		ERROR	Camera stream failed to read image
05-01-2016 06:31:38	CameraInterface		ERROR	Camera stream failed to read image
05-01-2016 06:31:38	CameraInterface		ERROR	Camera stream failed to read image
05-01-2016 06:31:38	CameraInterface		ERROR	Camera stream failed to read image
05-01-2016 06:31:38	CameraInterface		ERROR	Camera stream failed to read image
05-01-2016 06:31:38	CameraInterface		ERROR	Camera stream failed to read image
05-01-2016 06:31:38	CameraInterface		ERROR	Camera stream failed to read image
05-01-2016 06:31:38	CameraInterface		ERROR	Camera stream failed to read image
05-01-2016 06:31:38	CameraInterface		ERROR	Camera stream failed to read image
05-01-2016 06:31:38	CameraInterface		ERROR	Camera stream failed to read image
05-01-2016 06:31:38	CameraInterface		ERROR	Camera stream failed to read image
05-01-2016 06:31:38	CameraInterface		ERROR	Camera stream failed to read image
05-01-2016 06:31:38	CameraInterface		ERROR	Camera stream failed to read image
05-01-2016 06:31:38	CameraInterface		ERROR	Camera stream failed to read image
05-01-2016 06:31:38	CameraInterface		ERROR	Camera stream failed to read image
05-01-2016 06:31:38	CameraInterface		ERROR	Camera stream failed to read image
05-01-2016 06:31:38	CameraInterface		ERROR	Camera stream failed to read image
05-01-2016 06:31:38	CameraInterface		ERROR	Camera stream failed to read image
05-01-2016 06:31:38	CameraInterface		ERROR	Camera stream failed to read image
05-01-2016 06:31:38	CameraInterface		ERROR	Camera stream failed to read image
